

================================================================
== Synthesis Summary Report of 'conv2x2_top'
================================================================
+ General Information: 
    * Date:           Thu Apr 16 02:04:55 2026
    * Version:        2023.1 (Build 3854077 on May  4 2023)
    * Project:        conv2x2_prj
    * Solution:       xcvu9p-flga2577-2-e (Vivado IP Flow Target)
    * Product family: virtexuplus
    * Target device:  xcvu9p-flga2577-2-e
    

+ Performance & Resource Estimates: 
    
    PS: '+' for module; 'o' for loop; '*' for dataflow
    +------------------------------------------+------+------+---------+---------+----------+---------+------+----------+------+----+-----------+------------+-----+
    |                  Modules                 | Issue|      | Latency | Latency | Iteration|         | Trip |          |      |    |           |            |     |
    |                  & Loops                 | Type | Slack| (cycles)|   (ns)  |  Latency | Interval| Count| Pipelined| BRAM | DSP|     FF    |     LUT    | URAM|
    +------------------------------------------+------+------+---------+---------+----------+---------+------+----------+------+----+-----------+------------+-----+
    |+ conv2x2_top                             |     -|  4.89|       37|  370.000|         -|       38|     -|        no|     -|   -|  301 (~0%)|  1299 (~0%)|    -|
    | + conv2x2_top_Pipeline_VITIS_LOOP_47_1   |     -|  5.99|        6|   60.000|         -|        6|     -|        no|     -|   -|    7 (~0%)|    91 (~0%)|    -|
    |  o VITIS_LOOP_47_1                       |     -|  7.30|        4|   40.000|         2|        1|     4|       yes|     -|   -|          -|           -|    -|
    | + conv2x2_top_Pipeline_VITIS_LOOP_197_2  |     -|  4.89|        8|   80.000|         -|        8|     -|        no|     -|   -|  234 (~0%)|   858 (~0%)|    -|
    |  o VITIS_LOOP_197_2                      |     -|  7.30|        6|   60.000|         2|        1|     6|       yes|     -|   -|          -|           -|    -|
    | + load_weights_once                      |     -|  7.30|        0|    0.000|         -|        0|     -|        no|     -|   -|    2 (~0%)|           -|    -|
    | + conv2x2_top_Pipeline_VITIS_LOOP_74_3   |     -|  5.93|        6|   60.000|         -|        6|     -|        no|     -|   -|    6 (~0%)|    82 (~0%)|    -|
    |  o VITIS_LOOP_74_3                       |     -|  7.30|        4|   40.000|         2|        1|     4|       yes|     -|   -|          -|           -|    -|
    | + conv2x2_top_Pipeline_VITIS_LOOP_79_2   |     -|  5.99|        6|   60.000|         -|        6|     -|        no|     -|   -|    8 (~0%)|    71 (~0%)|    -|
    |  o VITIS_LOOP_79_2                       |     -|  7.30|        4|   40.000|         2|        1|     4|       yes|     -|   -|          -|           -|    -|
    +------------------------------------------+------+------+---------+---------+----------+---------+------+----------+------+----+-----------+------------+-----+


================================================================
== HW Interfaces
================================================================
* Other Ports
+-------+---------+-----------+----------+
| Port  | Mode    | Direction | Bitwidth |
+-------+---------+-----------+----------+
| in_0  | ap_none | in        | 1        |
| in_1  | ap_none | in        | 1        |
| in_2  | ap_none | in        | 1        |
| in_3  | ap_none | in        | 1        |
| out_0 | ap_vld  | out       | 1        |
| out_1 | ap_vld  | out       | 1        |
| out_2 | ap_vld  | out       | 1        |
| out_3 | ap_vld  | out       | 1        |
+-------+---------+-----------+----------+

* TOP LEVEL CONTROL
+-----------+------------+-----------------------------------+
| Interface | Type       | Ports                             |
+-----------+------------+-----------------------------------+
| ap_clk    | clock      | ap_clk                            |
| ap_rst    | reset      | ap_rst                            |
| ap_ctrl   | ap_ctrl_hs | ap_done ap_idle ap_ready ap_start |
+-----------+------------+-----------------------------------+


================================================================
== SW I/O Information
================================================================
* Top Function Arguments
+----------+-----------+--------------------+
| Argument | Direction | Datatype           |
+----------+-----------+--------------------+
| in       | in        | ap_uint<1> const * |
| out      | out       | ap_uint<1>*        |
+----------+-----------+--------------------+

* SW-to-HW Mapping
+----------+--------------+---------+
| Argument | HW Interface | HW Type |
+----------+--------------+---------+
| in       | in_0         | port    |
| in       | in_1         | port    |
| in       | in_2         | port    |
| in       | in_3         | port    |
| out      | out_0        | port    |
| out      | out_0_ap_vld | port    |
| out      | out_1        | port    |
| out      | out_1_ap_vld | port    |
| out      | out_2        | port    |
| out      | out_2_ap_vld | port    |
| out      | out_3        | port    |
| out      | out_3_ap_vld | port    |
+----------+--------------+---------+


================================================================
== Bind Op Report
================================================================
+------------------------------------------+-----+--------+-----------------------+-----+--------+---------+
| Name                                     | DSP | Pragma | Variable              | Op  | Impl   | Latency |
+------------------------------------------+-----+--------+-----------------------+-----+--------+---------+
| + conv2x2_top                            | 0   |        |                       |     |        |         |
|  + conv2x2_top_Pipeline_VITIS_LOOP_47_1  | 0   |        |                       |     |        |         |
|    add_ln47_fu_93_p2                     | -   |        | add_ln47              | add | fabric | 0       |
|  + conv2x2_top_Pipeline_VITIS_LOOP_197_2 | 0   |        |                       |     |        |         |
|    i_5_fu_278_p2                         | -   |        | i_5                   | add | fabric | 0       |
|    grp_fu_171_p2                         | -   |        | current_block_read    | add | fabric | 0       |
|    ofm_x_fu_310_p2                       | -   |        | ofm_x                 | add | fabric | 0       |
|    ofm_y_2_fu_322_p2                     | -   |        | ofm_y_2               | add | fabric | 0       |
|    grp_fu_182_p2                         | -   |        | current_line_2        | add | fabric | 0       |
|    grp_fu_194_p2                         | -   |        | read_block_5          | add | fabric | 0       |
|    grp_fu_182_p2                         | -   |        | current_line_1        | add | fabric | 0       |
|    inp_4_fu_455_p2                       | -   |        | inp_4                 | add | fabric | 0       |
|    grp_fu_171_p2                         | -   |        | current_block_write_2 | add | fabric | 0       |
|    grp_fu_194_p2                         | -   |        | read_block_4          | add | fabric | 0       |
|  + conv2x2_top_Pipeline_VITIS_LOOP_74_3  | 0   |        |                       |     |        |         |
|    i_3_fu_70_p2                          | -   |        | i_3                   | add | fabric | 0       |
|  + conv2x2_top_Pipeline_VITIS_LOOP_79_2  | 0   |        |                       |     |        |         |
|    add_ln79_fu_104_p2                    | -   |        | add_ln79              | add | fabric | 0       |
+------------------------------------------+-----+--------+-----------------------+-----+--------+---------+


================================================================
== Bind Storage Report
================================================================
+---------------------+------+------+--------+------------+---------+------+---------+
| Name                | BRAM | URAM | Pragma | Variable   | Storage | Impl | Latency |
+---------------------+------+------+--------+------------+---------+------+---------+
| + conv2x2_top       | 0    | 0    |        |            |         |      |         |
|   convInp_fifo_U    | -    | -    |        | convInp    | fifo    | srl  | 0       |
|   in_stream_fifo_U  | -    | -    |        | in_stream  | fifo    | srl  | 0       |
|   out_stream_fifo_U | -    | -    |        | out_stream | fifo    | srl  | 0       |
|   inputBuf_U        | -    | -    | yes    | inputBuf   | ram_2p  | auto | 1       |
|   inputBuf_1_U      | -    | -    | yes    | inputBuf_1 | ram_2p  | auto | 1       |
+---------------------+------+------+--------+------------+---------+------+---------+


================================================================
== Pragma Report
================================================================
* Pragmas with Warnings
+------------+------------------------------------------+---------------------------------------------------------------------------------------------+---------------------------------------------------------------------------------+
| Type       | Options                                  | Location                                                                                    | Messages                                                                        |
+------------+------------------------------------------+---------------------------------------------------------------------------------------------+---------------------------------------------------------------------------------+
| resource   | variable=res core=Mul_LUT                | ../../finn-hlslib-lif/mac.hpp:116 in mul, res                                               | 'Resource pragma' is deprecated, use 'bind_op/bind_storage pragma' instead      |
| resource   | variable=res core=DSP48                  | ../../finn-hlslib-lif/mac.hpp:142 in mul, res                                               | 'Resource pragma' is deprecated, use 'bind_op/bind_storage pragma' instead      |
| resource   | variable=accumulators core=RAM_2P_LUTRAM | ../../finn-hlslib-lif/maxpool.h:296 in accpool_batch, accumulators                          | 'Resource pragma' is deprecated, use 'bind_op/bind_storage pragma' instead      |
| resource   | variable=inputBuf core=RAM_2P            | ../../finn-hlslib-lif/slidingwindow.h:75 in memory_resource, inputBuf                       | 'Resource pragma' is deprecated, use 'bind_op/bind_storage pragma' instead      |
| resource   | variable=inputBuf core=RAM_S2P_BRAM      | ../../finn-hlslib-lif/slidingwindow.h:97 in memory_resource, inputBuf                       | 'Resource pragma' is deprecated, use 'bind_op/bind_storage pragma' instead      |
| resource   | variable=inputBuf core=RAM_S2P_URAM      | ../../finn-hlslib-lif/slidingwindow.h:119 in memory_resource, inputBuf                      | 'Resource pragma' is deprecated, use 'bind_op/bind_storage pragma' instead      |
| resource   | variable=inputBuf core=RAM_S2P_LUTRAM    | ../../finn-hlslib-lif/slidingwindow.h:141 in memory_resource, inputBuf                      | 'Resource pragma' is deprecated, use 'bind_op/bind_storage pragma' instead      |
| reset      | variable=inp                             | ../../finn-hlslib-lif/slidingwindow.h:195 in convolutioninputgenerator, inp                 | Invalid variable in '#pragma HLS reset': expect variable to be static or global |
| dependence | variable=current_block_write intra false | ../../finn-hlslib-lif/slidingwindow.h:260 in convolutioninputgenerator, current_block_write | Ignoring dependence pragma on local scalar variable 'current_block_write'.      |
+------------+------------------------------------------+---------------------------------------------------------------------------------------------+---------------------------------------------------------------------------------+

* Valid Pragma Syntax
+-----------------+------------------------------------------+---------------------------------------------------------------------------------------------------------------+
| Type            | Options                                  | Location                                                                                                      |
+-----------------+------------------------------------------+---------------------------------------------------------------------------------------------------------------+
| inline          |                                          | ../../finn-hlslib-lif/convlayer.h:37 in convlayer_batch                                                       |
| stream          | variable=convInp depth=256               | ../../finn-hlslib-lif/convlayer.h:47 in convlayer_batch, convInp                                              |
| pipeline        | II=1                                     | ../../finn-hlslib-lif/dma.h:141 in mem2stream                                                                 |
| pipeline        | II=1                                     | ../../finn-hlslib-lif/dma.h:154 in stream2mem                                                                 |
| pipeline        | II=1                                     | ../../finn-hlslib-lif/dma.h:224 in genparamstream                                                             |
| inline          |                                          | ../../finn-hlslib-lif/fclayer.h:100 in streamingfclayer_batch                                                 |
| inline          |                                          | ../../finn-hlslib-lif/interpret.hpp:61 in xnormul                                                             |
| inline          |                                          | ../../finn-hlslib-lif/interpret.hpp:66 in operator*                                                           |
| inline          |                                          | ../../finn-hlslib-lif/interpret.hpp:71 in operator*                                                           |
| inline          |                                          | ../../finn-hlslib-lif/interpret.hpp:79 in binary                                                              |
| inline          |                                          | ../../finn-hlslib-lif/interpret.hpp:88 in operator*                                                           |
| inline          |                                          | ../../finn-hlslib-lif/interpret.hpp:96 in operator*                                                           |
| inline          |                                          | ../../finn-hlslib-lif/interpret.hpp:101 in operator*                                                          |
| inline          |                                          | ../../finn-hlslib-lif/interpret.hpp:115 in operator()                                                         |
| inline          |                                          | ../../finn-hlslib-lif/interpret.hpp:121 in operator()                                                         |
| inline          |                                          | ../../finn-hlslib-lif/interpret.hpp:137 in container<tv>                                                      |
| inline          |                                          | ../../finn-hlslib-lif/interpret.hpp:142 in operator[]                                                         |
| inline          |                                          | ../../finn-hlslib-lif/interpret.hpp:146 in operator[]                                                         |
| inline          |                                          | ../../finn-hlslib-lif/interpret.hpp:150 in operator()                                                         |
| inline          |                                          | ../../finn-hlslib-lif/interpret.hpp:154 in operator const type-parameter-1-0 &                                |
| inline          |                                          | ../../finn-hlslib-lif/interpret.hpp:162 in operator()                                                         |
| inline          |                                          | ../../finn-hlslib-lif/interpret.hpp:167 in operator()                                                         |
| inline          |                                          | ../../finn-hlslib-lif/interpret.hpp:172 in operator()                                                         |
| inline          |                                          | ../../finn-hlslib-lif/interpret.hpp:203 in container<tv>                                                      |
| inline          |                                          | ../../finn-hlslib-lif/interpret.hpp:206 in container<tv>                                                      |
| inline          |                                          | ../../finn-hlslib-lif/interpret.hpp:210 in operator()                                                         |
| inline          |                                          | ../../finn-hlslib-lif/interpret.hpp:214 in operator()                                                         |
| inline          |                                          | ../../finn-hlslib-lif/interpret.hpp:219 in operator[]                                                         |
| inline          |                                          | ../../finn-hlslib-lif/interpret.hpp:223 in operator const type-parameter-1-0 &                                |
| inline          |                                          | ../../finn-hlslib-lif/interpret.hpp:231 in operator()                                                         |
| inline          |                                          | ../../finn-hlslib-lif/interpret.hpp:236 in operator()                                                         |
| inline          |                                          | ../../finn-hlslib-lif/interpret.hpp:241 in operator()                                                         |
| inline          |                                          | ../../finn-hlslib-lif/interpret.hpp:260 in container<tv>                                                      |
| inline          |                                          | ../../finn-hlslib-lif/interpret.hpp:263 in container<tv>                                                      |
| inline          |                                          | ../../finn-hlslib-lif/interpret.hpp:266 in container<tv>                                                      |
| inline          |                                          | ../../finn-hlslib-lif/interpret.hpp:270 in operator const type-parameter-1-0 &                                |
| inline          |                                          | ../../finn-hlslib-lif/interpret.hpp:274 in operator()                                                         |
| inline          |                                          | ../../finn-hlslib-lif/interpret.hpp:278 in operator()                                                         |
| inline          |                                          | ../../finn-hlslib-lif/interpret.hpp:283 in operator[]                                                         |
| inline          |                                          | ../../finn-hlslib-lif/interpret.hpp:291 in operator()                                                         |
| inline          |                                          | ../../finn-hlslib-lif/interpret.hpp:296 in operator()                                                         |
| inline          |                                          | ../../finn-hlslib-lif/interpret.hpp:301 in operator()                                                         |
| inline          |                                          | ../../finn-hlslib-lif/mac.hpp:89 in mul                                                                       |
| inline          |                                          | ../../finn-hlslib-lif/mac.hpp:114 in mul                                                                      |
| inline          |                                          | ../../finn-hlslib-lif/mac.hpp:140 in mul                                                                      |
| inline          |                                          | ../../finn-hlslib-lif/mac.hpp:165 in mac                                                                      |
| unroll          |                                          | ../../finn-hlslib-lif/mac.hpp:168 in mac                                                                      |
| inline          |                                          | ../../finn-hlslib-lif/mac.hpp:178 in acc                                                                      |
| unroll          |                                          | ../../finn-hlslib-lif/mac.hpp:181 in acc                                                                      |
| inline          |                                          | ../../finn-hlslib-lif/mac.hpp:206 in mac                                                                      |
| unroll          |                                          | ../../finn-hlslib-lif/mac.hpp:209 in mac                                                                      |
| inline          |                                          | ../../finn-hlslib-lif/mac.hpp:216 in mac                                                                      |
| unroll          |                                          | ../../finn-hlslib-lif/maxpool.h:72 in streamingmaxpool                                                        |
| pipeline        | II=1                                     | ../../finn-hlslib-lif/maxpool.h:79 in streamingmaxpool                                                        |
| pipeline        | II=1                                     | ../../finn-hlslib-lif/maxpool.h:89 in streamingmaxpool                                                        |
| array_partition | variable=buf complete dim=2              | ../../finn-hlslib-lif/maxpool.h:144 in streamingmaxpool_precision, buf                                        |
| unroll          |                                          | ../../finn-hlslib-lif/maxpool.h:147 in streamingmaxpool_precision                                             |
| pipeline        | II=1                                     | ../../finn-hlslib-lif/maxpool.h:157 in streamingmaxpool_precision                                             |
| unroll          |                                          | ../../finn-hlslib-lif/maxpool.h:160 in streamingmaxpool_precision                                             |
| unroll          |                                          | ../../finn-hlslib-lif/maxpool.h:174 in streamingmaxpool_precision                                             |
| inline          |                                          | ../../finn-hlslib-lif/maxpool.h:207 in streamingmaxpool_precision_batch                                       |
| pipeline        | II=1                                     | ../../finn-hlslib-lif/maxpool.h:251 in relu_batch                                                             |
| unroll          |                                          | ../../finn-hlslib-lif/maxpool.h:254 in relu_batch                                                             |
| pipeline        | II=1                                     | ../../finn-hlslib-lif/maxpool.h:302 in accpool_batch                                                          |
| unroll          |                                          | ../../finn-hlslib-lif/maxpool.h:306 in accpool_batch                                                          |
| array_partition | variable=toplabels complete dim=1        | ../../finn-hlslib-lif/maxpool.h:363 in labelselect_batch, toplabels                                           |
| array_partition | variable=topval complete dim=1           | ../../finn-hlslib-lif/maxpool.h:366 in labelselect_batch, topval                                              |
| unroll          |                                          | ../../finn-hlslib-lif/maxpool.h:371 in labelselect_batch                                                      |
| pipeline        | II=1                                     | ../../finn-hlslib-lif/maxpool.h:375 in labelselect_batch                                                      |
| unroll          |                                          | ../../finn-hlslib-lif/maxpool.h:378 in labelselect_batch                                                      |
| unroll          |                                          | ../../finn-hlslib-lif/maxpool.h:383 in labelselect_batch                                                      |
| array_partition | variable=accu complete dim=0             | ../../finn-hlslib-lif/maxpool.h:443 in pool_batch, accu                                                       |
| pipeline        | II=1                                     | ../../finn-hlslib-lif/maxpool.h:450 in pool_batch                                                             |
| unroll          |                                          | ../../finn-hlslib-lif/maxpool.h:457 in pool_batch                                                             |
| unroll          |                                          | ../../finn-hlslib-lif/maxpool.h:464 in pool_batch                                                             |
| unroll          |                                          | ../../finn-hlslib-lif/maxpool.h:473 in pool_batch                                                             |
| inline          |                                          | ../../finn-hlslib-lif/mmv.hpp:53 in operator[]                                                                |
| inline          |                                          | ../../finn-hlslib-lif/mvau.hpp:15 in operator()                                                               |
| array_partition | variable=inputBuf complete dim=0         | ../../finn-hlslib-lif/mvau.hpp:39 in matrix_vector_activate_batch, inputBuf                                   |
| array_partition | variable=neust complete dim=2            | ../../finn-hlslib-lif/mvau.hpp:46 in matrix_vector_activate_batch, neust                                      |
| bind_storage    | variable=neust type=ram_2p impl=bram     | ../../finn-hlslib-lif/mvau.hpp:49 in matrix_vector_activate_batch, neust                                      |
| array_partition | variable=accu complete dim=0             | ../../finn-hlslib-lif/mvau.hpp:52 in matrix_vector_activate_batch, accu                                       |
| reset           | variable=st_init                         | ../../finn-hlslib-lif/mvau.hpp:56 in matrix_vector_activate_batch, st_init                                    |
| pipeline        | II=1                                     | ../../finn-hlslib-lif/mvau.hpp:60 in matrix_vector_activate_batch                                             |
| pipeline        | II=1                                     | ../../finn-hlslib-lif/mvau.hpp:75 in matrix_vector_activate_batch                                             |
| unroll          |                                          | ../../finn-hlslib-lif/mvau.hpp:91 in matrix_vector_activate_batch                                             |
| unroll          |                                          | ../../finn-hlslib-lif/mvau.hpp:103 in matrix_vector_activate_batch                                            |
| unroll          |                                          | ../../finn-hlslib-lif/mvau.hpp:114 in matrix_vector_activate_batch                                            |
| inline          |                                          | ../../finn-hlslib-lif/slidingwindow.h:74 in memory_resource                                                   |
| inline          |                                          | ../../finn-hlslib-lif/slidingwindow.h:96 in memory_resource                                                   |
| inline          |                                          | ../../finn-hlslib-lif/slidingwindow.h:118 in memory_resource                                                  |
| inline          |                                          | ../../finn-hlslib-lif/slidingwindow.h:140 in memory_resource                                                  |
| array_partition | variable=inputBuf complete dim=1         | ../../finn-hlslib-lif/slidingwindow.h:182 in convolutioninputgenerator, inputBuf                              |
| pipeline        | II=1                                     | ../../finn-hlslib-lif/slidingwindow.h:198 in convolutioninputgenerator                                        |
| dependence      | variable=inputBuf intra false            | ../../finn-hlslib-lif/slidingwindow.h:249 in convolutioninputgenerator, inputBuf                              |
| dependence      | variable=inputBuf inter false            | ../../finn-hlslib-lif/slidingwindow.h:250 in convolutioninputgenerator, inputBuf                              |
| dependence      | variable=inputBuf inter false            | ../../finn-hlslib-lif/slidingwindow.h:314 in convolutioninputgenerator_mmv, inputBuf                          |
| dependence      | variable=inputBuf intra false            | ../../finn-hlslib-lif/slidingwindow.h:315 in convolutioninputgenerator_mmv, inputBuf                          |
| array_partition | variable=inputBuf complete dim=1         | ../../finn-hlslib-lif/slidingwindow.h:316 in convolutioninputgenerator_mmv, inputBuf                          |
| array_partition | variable=inputBuf complete dim=2         | ../../finn-hlslib-lif/slidingwindow.h:317 in convolutioninputgenerator_mmv, inputBuf                          |
| reset           | variable=inp                             | ../../finn-hlslib-lif/slidingwindow.h:330 in convolutioninputgenerator_mmv, inp                               |
| pipeline        | II=1                                     | ../../finn-hlslib-lif/slidingwindow.h:333 in convolutioninputgenerator_mmv                                    |
| unroll          |                                          | ../../finn-hlslib-lif/slidingwindow.h:340 in convolutioninputgenerator_mmv                                    |
| unroll          |                                          | ../../finn-hlslib-lif/slidingwindow.h:366 in convolutioninputgenerator_mmv                                    |
| unroll          |                                          | ../../finn-hlslib-lif/slidingwindow.h:399 in convolutioninputgenerator_mmv                                    |
| dependence      | variable=inputBuf intra false            | ../../finn-hlslib-lif/slidingwindow.h:401 in convolutioninputgenerator_mmv, inputBuf                          |
| dependence      | variable=inputBuf inter false            | ../../finn-hlslib-lif/slidingwindow.h:402 in convolutioninputgenerator_mmv, inputBuf                          |
| dependence      | variable=current_block_write intra false | ../../finn-hlslib-lif/slidingwindow.h:413 in convolutioninputgenerator_mmv, current_block_write               |
| array_partition | variable=inputBuf complete dim=1         | ../../finn-hlslib-lif/slidingwindow.h:466 in convolutioninputgenerator_kernel_stride, inputBuf                |
| reset           | variable=inp                             | ../../finn-hlslib-lif/slidingwindow.h:478 in convolutioninputgenerator_kernel_stride, inp                     |
| dependence      | variable=inputBuf inter false            | ../../finn-hlslib-lif/slidingwindow.h:480 in convolutioninputgenerator_kernel_stride, inputBuf                |
| dependence      | variable=inputBuf intra false            | ../../finn-hlslib-lif/slidingwindow.h:481 in convolutioninputgenerator_kernel_stride, inputBuf                |
| dependence      | variable=current_block_write intra false | ../../finn-hlslib-lif/slidingwindow.h:487 in convolutioninputgenerator_kernel_stride, current_block_write     |
| pipeline        | II=1                                     | ../../finn-hlslib-lif/slidingwindow.h:490 in convolutioninputgenerator_kernel_stride                          |
| dependence      | variable=inputBuf inter false            | ../../finn-hlslib-lif/slidingwindow.h:555 in convolutioninputgenerator_kernel_stride, inputBuf                |
| dependence      | variable=inputBuf intra false            | ../../finn-hlslib-lif/slidingwindow.h:556 in convolutioninputgenerator_kernel_stride, inputBuf                |
| dependence      | variable=current_block_write intra false | ../../finn-hlslib-lif/slidingwindow.h:565 in convolutioninputgenerator_kernel_stride, current_block_write     |
| array_partition | variable=inputBuf complete dim=1         | ../../finn-hlslib-lif/slidingwindow.h:616 in convolutioninputgenerator_dws, inputBuf                          |
| reset           | variable=inp                             | ../../finn-hlslib-lif/slidingwindow.h:629 in convolutioninputgenerator_dws, inp                               |
| pipeline        | II=1                                     | ../../finn-hlslib-lif/slidingwindow.h:632 in convolutioninputgenerator_dws                                    |
| dependence      | variable=inputBuf intra false            | ../../finn-hlslib-lif/slidingwindow.h:683 in convolutioninputgenerator_dws, inputBuf                          |
| dependence      | variable=inputBuf inter false            | ../../finn-hlslib-lif/slidingwindow.h:684 in convolutioninputgenerator_dws, inputBuf                          |
| dependence      | variable=current_block_write intra false | ../../finn-hlslib-lif/slidingwindow.h:694 in convolutioninputgenerator_dws, current_block_write               |
| array_partition | variable=inputBuf complete dim=1         | ../../finn-hlslib-lif/slidingwindow.h:746 in convolutioninputgenerator_kernel_stride_dws, inputBuf            |
| reset           | variable=inp                             | ../../finn-hlslib-lif/slidingwindow.h:757 in convolutioninputgenerator_kernel_stride_dws, inp                 |
| dependence      | variable=inputBuf inter false            | ../../finn-hlslib-lif/slidingwindow.h:759 in convolutioninputgenerator_kernel_stride_dws, inputBuf            |
| dependence      | variable=inputBuf intra false            | ../../finn-hlslib-lif/slidingwindow.h:760 in convolutioninputgenerator_kernel_stride_dws, inputBuf            |
| pipeline        | II=1                                     | ../../finn-hlslib-lif/slidingwindow.h:768 in convolutioninputgenerator_kernel_stride_dws                      |
| dependence      | variable=current_block_write intra false | ../../finn-hlslib-lif/slidingwindow.h:770 in convolutioninputgenerator_kernel_stride_dws, current_block_write |
| dependence      | variable=inputBuf inter false            | ../../finn-hlslib-lif/slidingwindow.h:836 in convolutioninputgenerator_kernel_stride_dws, inputBuf            |
| dependence      | variable=inputBuf intra false            | ../../finn-hlslib-lif/slidingwindow.h:837 in convolutioninputgenerator_kernel_stride_dws, inputBuf            |
| dependence      | variable=current_block_write intra false | ../../finn-hlslib-lif/slidingwindow.h:846 in convolutioninputgenerator_kernel_stride_dws, current_block_write |
| pipeline        | II=1                                     | ../../finn-hlslib-lif/slidingwindow.h:888 in convolutioninputgenerator_kernel1                                |
| pipeline        | II=1                                     | ../../finn-hlslib-lif/streamtools.h:77 in streamlimiter                                                       |
| pipeline        | II=1                                     | ../../finn-hlslib-lif/streamtools.h:160 in sameresize                                                         |
| pipeline        | II=1                                     | ../../finn-hlslib-lif/streamtools.h:234 in streamingcast                                                      |
| pipeline        | II=1                                     | ../../finn-hlslib-lif/streamtools.h:282 in fmpadding                                                          |
| pipeline        | II=1                                     | ../../finn-hlslib-lif/streamtools.h:371 in streamingdatawidthconverter_batch                                  |
| pipeline        | II=1                                     | ../../finn-hlslib-lif/streamtools.h:391 in streamingdatawidthconverter_batch                                  |
| pipeline        | II=1                                     | ../../finn-hlslib-lif/streamtools.h:403 in streamingdatawidthconverter_batch                                  |
| pipeline        | II=1                                     | ../../finn-hlslib-lif/streamtools.h:512 in duplicatestreams                                                   |
| pipeline        | II = 1                                   | ../../finn-hlslib-lif/streamtools.h:570 in addstreams                                                         |
| unroll          |                                          | ../../finn-hlslib-lif/streamtools.h:575 in addstreams                                                         |
| inline          |                                          | ../../finn-hlslib-lif/streamtools.h:644 in addstreamslayer_batch                                              |
| pipeline        | II=1                                     | ../../finn-hlslib-lif/streamtools.h:691 in multichandatawidthconverter_batch                                  |
| unroll          |                                          | ../../finn-hlslib-lif/streamtools.h:698 in multichandatawidthconverter_batch                                  |
| pipeline        | II=1                                     | ../../finn-hlslib-lif/streamtools.h:714 in multichandatawidthconverter_batch                                  |
| unroll          |                                          | ../../finn-hlslib-lif/streamtools.h:720 in multichandatawidthconverter_batch                                  |
| pipeline        | II=1                                     | ../../finn-hlslib-lif/streamtools.h:733 in multichandatawidthconverter_batch                                  |
| unroll          |                                          | ../../finn-hlslib-lif/streamtools.h:737 in multichandatawidthconverter_batch                                  |
| pipeline        | II=1                                     | ../../finn-hlslib-lif/streamtools.h:773 in flattenmultichandata                                               |
| unroll          |                                          | ../../finn-hlslib-lif/streamtools.h:777 in flattenmultichandata                                               |
| pipeline        | II=1                                     | ../../finn-hlslib-lif/streamtools.h:804 in packmultichandata                                                  |
| unroll          |                                          | ../../finn-hlslib-lif/streamtools.h:808 in packmultichandata                                                  |
| pipeline        | II=1                                     | ../../finn-hlslib-lif/streamtools.h:897 in qdma2stream_batch                                                  |
| pipeline        | II=1                                     | ../../finn-hlslib-lif/streamtools.h:920 in stream2qdma_batch                                                  |
| array_partition | variable=accu complete dim=0             | ../../finn-hlslib-lif/vvau.hpp:100 in vector_vector_activate_batch, accu                                      |
| pipeline        | II=1                                     | ../../finn-hlslib-lif/vvau.hpp:109 in vector_vector_activate_batch                                            |
| unroll          |                                          | ../../finn-hlslib-lif/vvau.hpp:116 in vector_vector_activate_batch                                            |
| unroll          |                                          | ../../finn-hlslib-lif/vvau.hpp:125 in vector_vector_activate_batch                                            |
| unroll          |                                          | ../../finn-hlslib-lif/vvau.hpp:139 in vector_vector_activate_batch                                            |
| unroll          |                                          | ../../finn-hlslib-lif/vvau.hpp:141 in vector_vector_activate_batch                                            |
| inline          |                                          | ../../finn-hlslib-lif/weights.hpp:83 in tileindex                                                             |
| inline          |                                          | ../../finn-hlslib-lif/weights.hpp:88 in operator[]                                                            |
| inline          |                                          | ../../finn-hlslib-lif/weights.hpp:95 in weights                                                               |
| inline          |                                          | ../../finn-hlslib-lif/weights.hpp:127 in tileindex                                                            |
| inline          |                                          | ../../finn-hlslib-lif/weights.hpp:132 in operator[]                                                           |
| unroll          |                                          | ../../finn-hlslib-lif/weights.hpp:135 in operator[]                                                           |
| inline          |                                          | ../../finn-hlslib-lif/weights.hpp:147 in weights                                                              |
| inline          |                                          | ../../finn-hlslib-lif/weights.hpp:159 in operator[]                                                           |
| unroll          |                                          | ../../finn-hlslib-lif/weights.hpp:162 in operator[]                                                           |
| inline          |                                          | ../../finn-hlslib-lif/weights.hpp:192 in tileindex                                                            |
| inline          |                                          | ../../finn-hlslib-lif/weights.hpp:197 in operator[]                                                           |
| unroll          |                                          | ../../finn-hlslib-lif/weights.hpp:201 in operator[]                                                           |
| inline          |                                          | ../../finn-hlslib-lif/weights.hpp:215 in weights                                                              |
| inline          |                                          | ../../finn-hlslib-lif/weights.hpp:240 in tileindex                                                            |
| inline          |                                          | ../../finn-hlslib-lif/weights.hpp:245 in operator[]                                                           |
| unroll          |                                          | ../../finn-hlslib-lif/weights.hpp:248 in operator[]                                                           |
| inline          |                                          | ../../finn-hlslib-lif/weights.hpp:265 in weights                                                              |
| inline          |                                          | ../../finn-hlslib-lif/weights.hpp:271 in setmask                                                              |
| unroll          |                                          | ../../finn-hlslib-lif/weights.hpp:274 in setmask                                                              |
| inline          |                                          | ../conv2x2_top.cpp:22 in operator()                                                                           |
| inline          | off                                      | ../conv2x2_top.cpp:28 in load_weights_once                                                                    |
| array_partition | variable=in complete dim=1               | ../conv2x2_top.cpp:37 in conv2x2_top, in                                                                      |
| array_partition | variable=out complete dim=1              | ../conv2x2_top.cpp:38 in conv2x2_top, out                                                                     |
| stream          | variable=in_stream depth=8               | ../conv2x2_top.cpp:44 in conv2x2_top, in_stream                                                               |
| stream          | variable=out_stream depth=8              | ../conv2x2_top.cpp:45 in conv2x2_top, out_stream                                                              |
| pipeline        | II=1                                     | ../conv2x2_top.cpp:48 in conv2x2_top                                                                          |
| pipeline        | II=1                                     | ../conv2x2_top.cpp:80 in conv2x2_top                                                                          |
+-----------------+------------------------------------------+---------------------------------------------------------------------------------------------------------------+


