Expected spikes: 1 1 0 1 
Got spikes     : 1 1 0 1 
TB PASSED
INFO [HLS SIM]: The maximum depth reached by any hls::stream() instance in the design is 8
Vivado Simulator v2023.1
Copyright 1986-2022 Xilinx, Inc. All Rights Reserved.
Copyright 2022-2023 Advanced Micro Devices, Inc. All Rights Reserved.
Running: /tools/Xilinx/Vivado/2023.1/bin/unwrapped/lnx64.o/xelab xil_defaultlib.apatb_fc_finn_top_top glbl -Oenable_linking_all_libraries -prj fc_finn_top.prj -L smartconnect_v1_0 -L axi_protocol_checker_v1_1_12 -L axi_protocol_checker_v1_1_13 -L axis_protocol_checker_v1_1_11 -L axis_protocol_checker_v1_1_12 -L xil_defaultlib -L unisims_ver -L xpm -L floating_point_v7_1_15 -L floating_point_v7_0_20 --lib ieee_proposed=./ieee_proposed -s fc_finn_top 
Multi-threading is on. Using 286 slave threads.
WARNING: [XSIM 43-3431] One or more environment variables have been detected which affect the operation of the C compiler. These are typically not set in standard installations and are not tested by Xilinx, however they may be appropriate for your system, so the flow will attempt to continue.  If errors occur, try running xelab with the "-mt off -v 1" switches to see more information from the C compiler. The following environment variables have been detected:
    LIBRARY_PATH
INFO: [VRFC 10-2263] Analyzing SystemVerilog file "/home/coder/Desktop/s2n2/convSNN/convSNN_hls/fc_finn_prj/xcvu9p-flga2577-2-e/sim/verilog/glbl.v" into library work
INFO: [VRFC 10-311] analyzing module glbl
INFO: [VRFC 10-2263] Analyzing SystemVerilog file "/home/coder/Desktop/s2n2/convSNN/convSNN_hls/fc_finn_prj/xcvu9p-flga2577-2-e/sim/verilog/fc_finn_top.autotb.v" into library xil_defaultlib
INFO: [VRFC 10-311] analyzing module apatb_fc_finn_top_top
INFO: [VRFC 10-2263] Analyzing SystemVerilog file "/home/coder/Desktop/s2n2/convSNN/convSNN_hls/fc_finn_prj/xcvu9p-flga2577-2-e/sim/verilog/fc_finn_top_load_weights_once_Pipeline_VITIS_LOOP_21_1_VITIS_LOOP_22_2.v" into library xil_defaultlib
INFO: [VRFC 10-311] analyzing module fc_finn_top_load_weights_once_Pipeline_VITIS_LOOP_21_1_VITIS_LOOP_22_2
INFO: [VRFC 10-2263] Analyzing SystemVerilog file "/home/coder/Desktop/s2n2/convSNN/convSNN_hls/fc_finn_prj/xcvu9p-flga2577-2-e/sim/verilog/fc_finn_top_load_weights_once.v" into library xil_defaultlib
INFO: [VRFC 10-311] analyzing module fc_finn_top_load_weights_once
INFO: [VRFC 10-2263] Analyzing SystemVerilog file "/home/coder/Desktop/s2n2/convSNN/convSNN_hls/fc_finn_prj/xcvu9p-flga2577-2-e/sim/verilog/fc_finn_top_fc_finn_top_Pipeline_VITIS_LOOP_44_1.v" into library xil_defaultlib
INFO: [VRFC 10-311] analyzing module fc_finn_top_fc_finn_top_Pipeline_VITIS_LOOP_44_1
INFO: [VRFC 10-2263] Analyzing SystemVerilog file "/home/coder/Desktop/s2n2/convSNN/convSNN_hls/fc_finn_prj/xcvu9p-flga2577-2-e/sim/verilog/fc_finn_top_fc_finn_top_Pipeline_VITIS_LOOP_131_1.v" into library xil_defaultlib
INFO: [VRFC 10-311] analyzing module fc_finn_top_fc_finn_top_Pipeline_VITIS_LOOP_131_1
INFO: [VRFC 10-2263] Analyzing SystemVerilog file "/home/coder/Desktop/s2n2/convSNN/convSNN_hls/fc_finn_prj/xcvu9p-flga2577-2-e/sim/verilog/fc_finn_top_fc_finn_top_Pipeline_VITIS_LOOP_79_2.v" into library xil_defaultlib
INFO: [VRFC 10-311] analyzing module fc_finn_top_fc_finn_top_Pipeline_VITIS_LOOP_79_2
INFO: [VRFC 10-2263] Analyzing SystemVerilog file "/home/coder/Desktop/s2n2/convSNN/convSNN_hls/fc_finn_prj/xcvu9p-flga2577-2-e/sim/verilog/fc_finn_top.v" into library xil_defaultlib
INFO: [VRFC 10-311] analyzing module fc_finn_top
INFO: [VRFC 10-2263] Analyzing SystemVerilog file "/home/coder/Desktop/s2n2/convSNN/convSNN_hls/fc_finn_prj/xcvu9p-flga2577-2-e/sim/verilog/fc_finn_top_flow_control_loop_pipe_sequential_init.v" into library xil_defaultlib
INFO: [VRFC 10-311] analyzing module fc_finn_top_flow_control_loop_pipe_sequential_init
INFO: [VRFC 10-2263] Analyzing SystemVerilog file "/home/coder/Desktop/s2n2/convSNN/convSNN_hls/fc_finn_prj/xcvu9p-flga2577-2-e/sim/verilog/fc_finn_top_load_weights_once_Pipeline_VITIS_LOOP_21_1_VITIS_LOOP_22_2_FC_W_ROM_AUTO_1R.v" into library xil_defaultlib
INFO: [VRFC 10-311] analyzing module fc_finn_top_load_weights_once_Pipeline_VITIS_LOOP_21_1_VITIS_LOOP_22_2_FC_W_ROM_AUTO_1R
INFO: [VRFC 10-2263] Analyzing SystemVerilog file "/home/coder/Desktop/s2n2/convSNN/convSNN_hls/fc_finn_prj/xcvu9p-flga2577-2-e/sim/verilog/fc_finn_top_fc_weights_0_RAM_AUTO_1R1W.v" into library xil_defaultlib
INFO: [VRFC 10-311] analyzing module fc_finn_top_fc_weights_0_RAM_AUTO_1R1W
INFO: [VRFC 10-2263] Analyzing SystemVerilog file "/home/coder/Desktop/s2n2/convSNN/convSNN_hls/fc_finn_prj/xcvu9p-flga2577-2-e/sim/verilog/fc_finn_top_fifo_w1_d8_S.v" into library xil_defaultlib
INFO: [VRFC 10-311] analyzing module fc_finn_top_fifo_w1_d8_S
INFO: [VRFC 10-311] analyzing module fc_finn_top_fifo_w1_d8_S_ShiftReg
INFO: [VRFC 10-2263] Analyzing SystemVerilog file "/home/coder/Desktop/s2n2/convSNN/convSNN_hls/fc_finn_prj/xcvu9p-flga2577-2-e/sim/verilog/fc_finn_top_mux_8_3_1_1_1.v" into library xil_defaultlib
INFO: [VRFC 10-311] analyzing module fc_finn_top_mux_8_3_1_1_1
INFO: [VRFC 10-2263] Analyzing SystemVerilog file "/home/coder/Desktop/s2n2/convSNN/convSNN_hls/fc_finn_prj/xcvu9p-flga2577-2-e/sim/verilog/fc_finn_top_mux_4_2_16_1_1.v" into library xil_defaultlib
INFO: [VRFC 10-311] analyzing module fc_finn_top_mux_4_2_16_1_1
INFO: [VRFC 10-2263] Analyzing SystemVerilog file "/home/coder/Desktop/s2n2/convSNN/convSNN_hls/fc_finn_prj/xcvu9p-flga2577-2-e/sim/verilog/dataflow_monitor.sv" into library xil_defaultlib
INFO: [VRFC 10-311] analyzing module dataflow_monitor
Starting static elaboration
Pass Through NonSizing Optimizer
Completed static elaboration
Starting simulation data flow analysis
Completed simulation data flow analysis
Time Resolution for simulation is 1ps
Compiling package xil_defaultlib.$unit_dataflow_monitor_sv
Compiling module xil_defaultlib.fc_finn_top_fc_weights_0_RAM_AUT...
Compiling module xil_defaultlib.fc_finn_top_load_weights_once_Pi...
Compiling module xil_defaultlib.fc_finn_top_flow_control_loop_pi...
Compiling module xil_defaultlib.fc_finn_top_load_weights_once_Pi...
Compiling module xil_defaultlib.fc_finn_top_load_weights_once
Compiling module xil_defaultlib.fc_finn_top_mux_8_3_1_1_1(ID=1,d...
Compiling module xil_defaultlib.fc_finn_top_fc_finn_top_Pipeline...
Compiling module xil_defaultlib.fc_finn_top_mux_4_2_16_1_1(ID=1,...
Compiling module xil_defaultlib.fc_finn_top_fc_finn_top_Pipeline...
Compiling module xil_defaultlib.fc_finn_top_fc_finn_top_Pipeline...
Compiling module xil_defaultlib.fc_finn_top_fifo_w1_d8_S_ShiftRe...
Compiling module xil_defaultlib.fc_finn_top_fifo_w1_d8_S
Compiling module xil_defaultlib.fc_finn_top
Compiling module xil_defaultlib.nodf_module_intf
Compiling module xil_defaultlib.upc_loop_intf(FSM_WIDTH=1)
Compiling module xil_defaultlib.dataflow_monitor_1
Compiling module xil_defaultlib.apatb_fc_finn_top_top
Compiling module work.glbl
Built simulation snapshot fc_finn_top

****** xsim v2023.1 (64-bit)
  **** SW Build 3865809 on Sun May  7 15:04:56 MDT 2023
  **** IP Build 3864474 on Sun May  7 20:36:21 MDT 2023
  **** SharedData Build 3865790 on Sun May 07 13:33:03 MDT 2023
    ** Copyright 1986-2022 Xilinx, Inc. All Rights Reserved.
    ** Copyright 2022-2023 Advanced Micro Devices, Inc. All Rights Reserved.

source xsim.dir/fc_finn_top/xsim_script.tcl
# xsim {fc_finn_top} -autoloadwcfg -tclbatch {fc_finn_top.tcl}
Time resolution is 1 ps
source fc_finn_top.tcl
## run all
////////////////////////////////////////////////////////////////////////////////////
// Inter-Transaction Progress: Completed Transaction / Total Transaction
// Intra-Transaction Progress: Measured Latency / Latency Estimation * 100%
//
// RTL Simulation : "Inter-Transaction Progress" ["Intra-Transaction Progress"] @ "Simulation Time"
////////////////////////////////////////////////////////////////////////////////////
// RTL Simulation : 0 / 1 [0.00%] @ "125000"
// RTL Simulation : 1 / 1 [100.00%] @ "1005000"
////////////////////////////////////////////////////////////////////////////////////
$finish called at time : 1065 ns : File "/home/coder/Desktop/s2n2/convSNN/convSNN_hls/fc_finn_prj/xcvu9p-flga2577-2-e/sim/verilog/fc_finn_top.autotb.v" Line 886
## quit
INFO: [Common 17-206] Exiting xsim at Sat Apr 25 21:41:32 2026...
Expected spikes: 1 1 0 1 
Got spikes     : 1 1 0 1 
TB PASSED
