================================================================
== Design Size Report
================================================================

* Total Instructions per Compilation Phase
+---------------+-----------------------------+--------------+----------------------------------------------------------------------------------------+
| Phase         | Step                        | Instructions | Description                                                                            |
+---------------+-----------------------------+--------------+----------------------------------------------------------------------------------------+
| Compile/Link  |                             | 3,520        | After all functions are compiled and linked into a single design                       |
|               |                             |              |                                                                                        |
| Unroll/Inline |                             |              | After user unroll and inline pragmas are applied                                       |
|               | (1) unroll                  | 2,309        | user unroll pragmas are applied                                                        |
|               | (2) simplification          |   547        | simplification of applied user unroll pragmas                                          |
|               | (3) inline                  |   540        | user inline pragmas are applied                                                        |
|               | (4) simplification          |   438        | simplification of applied user inline pragmas                                          |
|               |                             |              |                                                                                        |
| Array/Struct  |                             |              | After user array partition and struct aggregate/disaggregate pragmas are applied       |
|               | (1) array partition         |    21        | user array partition pragmas are applied                                               |
|               | (2) simplification          |    21        | simplification of applied user array partition & struct aggregate/disaggregate pragmas |
|               | (3) aggregate/disaggregate  |    23        | user struct aggregate/disaggregate pragmas are applied                                 |
|               | (4) array reshape           |    24        | apply array reshape pragmas                                                            |
|               | (5) access patterns         |    22        | array access pattern optmizations                                                      |
|               |                             |              |                                                                                        |
| Performance   |                             |              | After transformations are applied to meet performance pragma targets                   |
|               | (1) loop simplification     |    20        | loop and instruction simplification                                                    |
|               | (2) parallelization         |    19        | loops are unrolled or pipelined to meet performance targets                            |
|               | (3) array partition         |    19        | arrays are partitioned to meet performance targets                                     |
|               | (4) simplification          |    19        | simplification of design after performance transformations                             |
|               |                             |              |                                                                                        |
| HW Transforms |                             |              | After hardware transfomations                                                          |
|               | (1) lowering                |    27        | initial conversion to HW specific instructions                                         |
|               | (2) optimizations           |    34        | high level synthesis optimizations                                                     |
+---------------+-----------------------------+--------------+----------------------------------------------------------------------------------------+

* Instructions per Function for each Compilation Phase
+------------------------------------+-------------------+----------------+---------------+--------------+-------------+---------------+
| Function                           | Location          | Compile/Link   | Unroll/Inline | Array/Struct | Performance | HW Transforms |
+------------------------------------+-------------------+----------------+---------------+--------------+-------------+---------------+
| + fc2_top                          | fc2_top.cpp:21    | 3,520          | 438           | 22           | 19          | 34            |
|    WidthAdjustedInputStream        | streamtools.h:837 |    3           |               |              |             |               |
|    WidthAdjustedOutputStream       | streamtools.h:869 |    3           |               |              |             |               |
|    operator hls::stream<ap_uint... | streamtools.h:841 |    3           |               |              |             |               |
|    operator hls::stream<ap_uint... | streamtools.h:874 |    3           |               |              |             |               |
|    DebugThresholdActivation        | mvau.hpp:65       |    4           |               |              |             |               |
|  + Matrix_Vector_Activate_Batch... | mvau.hpp:111      | 3,026          | 430           | 20           | 17          | 21            |
|   + weights                        | weights.hpp:214   |   13           |               |              |             |               |
|      TileIndex                     | weights.hpp:190   |    8           |               |              |             |               |
|     operator[]                     | weights.hpp:196   |  292 (2 calls) |               |              |             |               |
|   + operator()<ap_uint<5> >        | interpret.hpp:235 |    4           |               |              |             |               |
|      Container                     | interpret.hpp:202 |    2           |               |              |             |               |
|     operator()                     | mvau.hpp:67       |  742           |               |              |             |               |
|     operator[]                     | interpret.hpp:218 |    4           |               |              |             |               |
|     operator const ap_uint<5> &    | interpret.hpp:222 |    2           |               |              |             |               |
|    ~WidthAdjustedOutputStream      | streamtools.h:871 |    1           |               |              |             |               |
|    ~WidthAdjustedInputStream       | streamtools.h:838 |    1           |               |              |             |               |
+------------------------------------+-------------------+----------------+---------------+--------------+-------------+---------------+

* Design Size Message Settings
+---------------------------------------------+--------+------------------------------------------------------------------+
| Message Setting                             | Value  | Description                                                      |
+---------------------------------------------+--------+------------------------------------------------------------------+
| config_compile -design_size_maximum_warning | 100000 | Show a warning when total design instructions exceeds this value |
+---------------------------------------------+--------+------------------------------------------------------------------+


