#-----------------------------------------------------------
# Vivado v2023.1 (64-bit)
# SW Build 3865809 on Sun May  7 15:04:56 MDT 2023
# IP Build 3864474 on Sun May  7 20:36:21 MDT 2023
# SharedData Build 3865790 on Sun May 07 13:33:03 MDT 2023
# Start of session at: Wed Mar 18 18:52:54 2026
# Process ID: 3851
# Current directory: /home/coder/Desktop/s2n2/convSNN/convSNN_hls/convSNN_conv1/solution1/.autopilot/db/ip_tmp
# Command line: vivado  -notrace -log vivado.log -mode batch -source run_vivado_gen_ip.tcl
# Log file: /home/coder/Desktop/s2n2/convSNN/convSNN_hls/convSNN_conv1/solution1/.autopilot/db/ip_tmp/vivado.log
# Journal file: /home/coder/Desktop/s2n2/convSNN/convSNN_hls/convSNN_conv1/solution1/.autopilot/db/ip_tmp/vivado.jou
# Running On: coder-kwlaial-kellylaijetnet, OS: Linux, CPU Frequency: 2000.000 MHz, CPU Physical cores: 32, Host memory: 540711 MB
#-----------------------------------------------------------
source run_vivado_gen_ip.tcl -notrace
create_project: Time (s): cpu = 00:00:09 ; elapsed = 00:01:19 . Memory (MB): peak = 2456.379 ; gain = 114.023 ; free physical = 342129 ; free virtual = 452616
INFO: [IP_Flow 19-234] Refreshing IP repositories
INFO: [IP_Flow 19-1704] No user IP repositories specified
INFO: [IP_Flow 19-2313] Loaded Vivado IP repository '/tools/Xilinx/Vivado/2023.1/data/ip'.
create_ip: Time (s): cpu = 00:00:01 ; elapsed = 00:01:50 . Memory (MB): peak = 2562.094 ; gain = 105.715 ; free physical = 344760 ; free virtual = 455287
INFO: [IP_Flow 19-1686] Generating 'Synthesis' target for IP 'conv1_lif_top_fadd_32ns_32ns_32_3_full_dsp_1_ip'...
INFO: [IP_Flow 19-1686] Generating 'Simulation' target for IP 'conv1_lif_top_fadd_32ns_32ns_32_3_full_dsp_1_ip'...
generate_target: Time (s): cpu = 00:00:00.04 ; elapsed = 00:00:07 . Memory (MB): peak = 2562.094 ; gain = 0.000 ; free physical = 344742 ; free virtual = 455285
INFO: [IP_Flow 19-1686] Generating 'Synthesis' target for IP 'conv1_lif_top_fsub_32ns_32ns_32_3_full_dsp_1_ip'...
INFO: [IP_Flow 19-1686] Generating 'Simulation' target for IP 'conv1_lif_top_fsub_32ns_32ns_32_3_full_dsp_1_ip'...
INFO: [IP_Flow 19-1686] Generating 'Synthesis' target for IP 'conv1_lif_top_fmul_32ns_32ns_32_2_max_dsp_1_ip'...
INFO: [IP_Flow 19-1686] Generating 'Simulation' target for IP 'conv1_lif_top_fmul_32ns_32ns_32_2_max_dsp_1_ip'...
INFO: [IP_Flow 19-1686] Generating 'Synthesis' target for IP 'conv1_lif_top_fcmp_32ns_32ns_1_1_no_dsp_1_ip'...
INFO: [IP_Flow 19-1686] Generating 'Simulation' target for IP 'conv1_lif_top_fcmp_32ns_32ns_1_1_no_dsp_1_ip'...
INFO: [Common 17-206] Exiting Vivado at Wed Mar 18 18:59:55 2026...
