INFO: [SIM 2] *************** CSIM start ***************
INFO: [SIM 4] CSIM will launch GCC as the compiler.
   Compiling ../../../../../fc2_tb.cpp in release mode
   Compiling ../../../../../fc2_top.cpp in release mode
   Generating csim.exe

Initializing FC2 weights...
[DEBUG] Tile = 0, Mask = 0b11111111
  [PE 0] Weight = 5 Accumulator before = -0.65625
  [PE 0] Accumulator after  = 4.34375
  [PE 1] Weight = 18 Accumulator before = 13.1807
  [PE 1] Accumulator after  = 31.1807
  [PE 2] Weight = -11 Accumulator before = 31.9971
  [PE 2] Accumulator after  = 20.9971
  [PE 3] Weight = -26 Accumulator before = 0
  [PE 3] Accumulator after  = -26
  [PE 4] Weight = 2 Accumulator before = -0.574219
  [PE 4] Accumulator after  = 1.42578
[DEBUG] Tile = 1, Mask = 0b11111111
  [PE 0] Weight = -15 Accumulator before = 4.34375
  [PE 0] Accumulator after  = -10.6562
  [PE 1] Weight = -12 Accumulator before = 31.1807
  [PE 1] Accumulator after  = 19.1807
  [PE 2] Weight = 0 Accumulator before = 20.9971
  [PE 2] Accumulator after  = 20.9971
  [PE 3] Weight = -21 Accumulator before = -26
  [PE 3] Accumulator after  = 17
  [PE 4] Weight = -81 Accumulator before = 1.42578
  [PE 4] Accumulator after  = -15.5742
[DEBUG] Tile = 2, Mask = 0b11111111
  [PE 0] Weight = 0 Accumulator before = -10.6562
  [PE 0] Accumulator after  = -10.6562
  [PE 1] Weight = -8 Accumulator before = 19.1807
  [PE 1] Accumulator after  = 11.1807
  [PE 2] Weight = -109 Accumulator before = 20.9971
  [PE 2] Accumulator after  = -24.0029
  [PE 3] Weight = -67 Accumulator before = 17
  [PE 3] Accumulator after  = 14
  [PE 4] Weight = -8 Accumulator before = -15.5742
  [PE 4] Accumulator after  = -23.5742
[DEBUG] Tile = 3, Mask = 0b11111111
  [PE 0] Weight = -38 Accumulator before = -10.6562
  [PE 0] Accumulator after  = 15.3438
  [PE 1] Weight = 2 Accumulator before = 11.1807
  [PE 1] Accumulator after  = 13.1807
  [PE 2] Weight = 1 Accumulator before = -24.0029
  [PE 2] Accumulator after  = -23.0029
  [PE 3] Weight = 8 Accumulator before = 14
  [PE 3] Accumulator after  = 22
  [PE 4] Weight = 1 Accumulator before = -23.5742
  [PE 4] Accumulator after  = -22.5742
[DEBUG] Tile = 4, Mask = 0b11111111
  [PE 0] Weight = 14 Accumulator before = 15.3438
  [PE 0] Accumulator after  = 29.3438
  [PE 1] Weight = 3 Accumulator before = 13.1807
  [PE 1] Accumulator after  = 16.1807
  [PE 2] Weight = 10 Accumulator before = -23.0029
  [PE 2] Accumulator after  = -13.0029
  [PE 3] Weight = -8 Accumulator before = 22
  [PE 3] Accumulator after  = 14
  [PE 4] Weight = -15 Accumulator before = -22.5742
  [PE 4] Accumulator after  = 26.4258
[DEBUG] Tile = 5, Mask = 0b11111111
  [PE 0] Weight = 29 Accumulator before = 29.3438
  [PE 0] Accumulator after  = -5.65625
  [PE 1] Weight = 32 Accumulator before = 16.1807
  [PE 1] Accumulator after  = -15.8193
  [PE 2] Weight = -82 Accumulator before = -13.0029
  [PE 2] Accumulator after  = -31.0029
  [PE 3] Weight = -25 Accumulator before = 14
  [PE 3] Accumulator after  = -11
  [PE 4] Weight = 5 Accumulator before = 26.4258
  [PE 4] Accumulator after  = 31.4258
[DEBUG] Tile = 6, Mask = 0b11111111
  [PE 0] Weight = -36 Accumulator before = -5.65625
  [PE 0] Accumulator after  = 22.3438
  [PE 1] Weight = -51 Accumulator before = -15.8193
  [PE 1] Accumulator after  = -2.81934
  [PE 2] Weight = 9 Accumulator before = -31.0029
  [PE 2] Accumulator after  = -22.0029
  [PE 3] Weight = 3 Accumulator before = -11
  [PE 3] Accumulator after  = -8
  [PE 4] Weight = 4 Accumulator before = 31.4258
  [PE 4] Accumulator after  = -28.5742
[DEBUG] Tile = 7, Mask = 0b11111111
  [PE 0] Weight = 26 Accumulator before = 22.3438
  [PE 0] Accumulator after  = -15.6562
  [PE 1] Weight = -8 Accumulator before = -2.81934
  [PE 1] Accumulator after  = -10.8193
  [PE 2] Weight = 10 Accumulator before = -22.0029
  [PE 2] Accumulator after  = -12.0029
  [PE 3] Weight = 6 Accumulator before = -8
  [PE 3] Accumulator after  = -2
  [PE 4] Weight = 2 Accumulator before = -28.5742
  [PE 4] Accumulator after  = -26.5742
[THRESHOLD DEBUG] acc=-15.6562 > threshold=1 => NO: no spike
[THRESHOLD DEBUG] acc=-10.8193 > threshold=1 => NO: no spike
[THRESHOLD DEBUG] acc=-12.0029 > threshold=1 => NO: no spike
[THRESHOLD DEBUG] acc=-2 > threshold=1 => NO: no spike
[THRESHOLD DEBUG] acc=-26.5742 > threshold=1 => NO: no spike
[DEBUG] Tile = 0, Mask = 0b11111111
  [PE 0] Weight = 5 Accumulator before = -13.6992
  [PE 0] Accumulator after  = -8.69922
  [PE 1] Weight = 18 Accumulator before = -9.4668
  [PE 1] Accumulator after  = 8.5332
  [PE 2] Weight = -11 Accumulator before = -10.502
  [PE 2] Accumulator after  = -21.502
  [PE 3] Weight = -26 Accumulator before = -1.75
  [PE 3] Accumulator after  = -27.75
  [PE 4] Weight = 2 Accumulator before = -27.252
  [PE 4] Accumulator after  = -25.252
[DEBUG] Tile = 1, Mask = 0b11111111
  [PE 0] Weight = -15 Accumulator before = -8.69922
  [PE 0] Accumulator after  = -23.6992
  [PE 1] Weight = -12 Accumulator before = 8.5332
  [PE 1] Accumulator after  = -3.4668
  [PE 2] Weight = 0 Accumulator before = -21.502
  [PE 2] Accumulator after  = -21.502
  [PE 3] Weight = -21 Accumulator before = -27.75
  [PE 3] Accumulator after  = 15.25
  [PE 4] Weight = -81 Accumulator before = -25.252
  [PE 4] Accumulator after  = 21.748
[DEBUG] Tile = 2, Mask = 0b11111111
  [PE 0] Weight = 0 Accumulator before = -23.6992
  [PE 0] Accumulator after  = -23.6992
  [PE 1] Weight = -8 Accumulator before = -3.4668
  [PE 1] Accumulator after  = -11.4668
  [PE 2] Weight = -109 Accumulator before = -21.502
  [PE 2] Accumulator after  = -2.50195
  [PE 3] Weight = -67 Accumulator before = 15.25
  [PE 3] Accumulator after  = 12.25
  [PE 4] Weight = -8 Accumulator before = 21.748
  [PE 4] Accumulator after  = 13.748
[DEBUG] Tile = 3, Mask = 0b11111111
  [PE 0] Weight = -38 Accumulator before = -23.6992
  [PE 0] Accumulator after  = 2.30078
  [PE 1] Weight = 2 Accumulator before = -11.4668
  [PE 1] Accumulator after  = -9.4668
  [PE 2] Weight = 1 Accumulator before = -2.50195
  [PE 2] Accumulator after  = -1.50195
  [PE 3] Weight = 8 Accumulator before = 12.25
  [PE 3] Accumulator after  = 20.25
  [PE 4] Weight = 1 Accumulator before = 13.748
  [PE 4] Accumulator after  = 14.748
[DEBUG] Tile = 4, Mask = 0b11111111
  [PE 0] Weight = 14 Accumulator before = 2.30078
  [PE 0] Accumulator after  = 16.3008
  [PE 1] Weight = 3 Accumulator before = -9.4668
  [PE 1] Accumulator after  = -6.4668
  [PE 2] Weight = 10 Accumulator before = -1.50195
  [PE 2] Accumulator after  = 8.49805
  [PE 3] Weight = -8 Accumulator before = 20.25
  [PE 3] Accumulator after  = 12.25
  [PE 4] Weight = -15 Accumulator before = 14.748
  [PE 4] Accumulator after  = -0.251953
[DEBUG] Tile = 5, Mask = 0b11111111
  [PE 0] Weight = 29 Accumulator before = 16.3008
  [PE 0] Accumulator after  = -18.6992
  [PE 1] Weight = 32 Accumulator before = -6.4668
  [PE 1] Accumulator after  = 25.5332
  [PE 2] Weight = -82 Accumulator before = 8.49805
  [PE 2] Accumulator after  = -9.50195
  [PE 3] Weight = -25 Accumulator before = 12.25
  [PE 3] Accumulator after  = -12.75
  [PE 4] Weight = 5 Accumulator before = -0.251953
  [PE 4] Accumulator after  = 4.74805
[DEBUG] Tile = 6, Mask = 0b11111111
  [PE 0] Weight = -36 Accumulator before = -18.6992
  [PE 0] Accumulator after  = 9.30078
  [PE 1] Weight = -51 Accumulator before = 25.5332
  [PE 1] Accumulator after  = -25.4668
  [PE 2] Weight = 9 Accumulator before = -9.50195
  [PE 2] Accumulator after  = -0.501953
  [PE 3] Weight = 3 Accumulator before = -12.75
  [PE 3] Accumulator after  = -9.75
  [PE 4] Weight = 4 Accumulator before = 4.74805
  [PE 4] Accumulator after  = 8.74805
[DEBUG] Tile = 7, Mask = 0b11111111
  [PE 0] Weight = 26 Accumulator before = 9.30078
  [PE 0] Accumulator after  = -28.6992
  [PE 1] Weight = -8 Accumulator before = -25.4668
  [PE 1] Accumulator after  = 30.5332
  [PE 2] Weight = 10 Accumulator before = -0.501953
  [PE 2] Accumulator after  = 9.49805
  [PE 3] Weight = 6 Accumulator before = -9.75
  [PE 3] Accumulator after  = -3.75
  [PE 4] Weight = 2 Accumulator before = 8.74805
  [PE 4] Accumulator after  = 10.748
[THRESHOLD DEBUG] acc=-28.6992 > threshold=1 => NO: no spike
[THRESHOLD DEBUG] acc=30.5332 > threshold=1 => YES: SPIKE
[THRESHOLD DEBUG] acc=9.49805 > threshold=1 => YES: SPIKE
[THRESHOLD DEBUG] acc=-3.75 > threshold=1 => NO: no spike
[THRESHOLD DEBUG] acc=10.748 > threshold=1 => YES: SPIKE
[DEBUG] Tile = 0, Mask = 0b11111111
  [PE 0] Weight = 5 Accumulator before = -29.1113
  [PE 0] Accumulator after  = -24.1113
  [PE 1] Weight = 18 Accumulator before = 0
  [PE 1] Accumulator after  = 18
  [PE 2] Weight = -11 Accumulator before = 0
  [PE 2] Accumulator after  = -11
  [PE 3] Weight = -26 Accumulator before = -3.28125
  [PE 3] Accumulator after  = -29.2812
  [PE 4] Weight = 2 Accumulator before = 0
  [PE 4] Accumulator after  = 2
[DEBUG] Tile = 1, Mask = 0b11111111
  [PE 0] Weight = -15 Accumulator before = -24.1113
  [PE 0] Accumulator after  = 24.8887
  [PE 1] Weight = -12 Accumulator before = 18
  [PE 1] Accumulator after  = 6
  [PE 2] Weight = 0 Accumulator before = -11
  [PE 2] Accumulator after  = -11
  [PE 3] Weight = -21 Accumulator before = -29.2812
  [PE 3] Accumulator after  = 13.7188
  [PE 4] Weight = -81 Accumulator before = 2
  [PE 4] Accumulator after  = -15
[DEBUG] Tile = 2, Mask = 0b11111111
  [PE 0] Weight = 0 Accumulator before = 24.8887
  [PE 0] Accumulator after  = 24.8887
  [PE 1] Weight = -8 Accumulator before = 6
  [PE 1] Accumulator after  = -2
  [PE 2] Weight = -109 Accumulator before = -11
  [PE 2] Accumulator after  = 8
  [PE 3] Weight = -67 Accumulator before = 13.7188
  [PE 3] Accumulator after  = 10.7188
  [PE 4] Weight = -8 Accumulator before = -15
  [PE 4] Accumulator after  = -23
[DEBUG] Tile = 3, Mask = 0b11111111
  [PE 0] Weight = -38 Accumulator before = 24.8887
  [PE 0] Accumulator after  = -13.1113
  [PE 1] Weight = 2 Accumulator before = -2
  [PE 1] Accumulator after  = 0
  [PE 2] Weight = 1 Accumulator before = 8
  [PE 2] Accumulator after  = 9
  [PE 3] Weight = 8 Accumulator before = 10.7188
  [PE 3] Accumulator after  = 18.7188
  [PE 4] Weight = 1 Accumulator before = -23
  [PE 4] Accumulator after  = -22
WARNING: Hls::stream 'input' is read while empty, which may result in RTL simulation hanging.
[DEBUG] Tile = 4, Mask = 0b01000000
  [PE 0] Weight = 0 Accumulator before = -13.1113
  [PE 0] Accumulator after  = -13.1113
  [PE 1] Weight = 0 Accumulator before = 0
  [PE 1] Accumulator after  = 0
  [PE 2] Weight = 0 Accumulator before = 9
  [PE 2] Accumulator after  = 9
  [PE 3] Weight = -1 Accumulator before = 18.7188
  [PE 3] Accumulator after  = 17.7188
  [PE 4] Weight = -1 Accumulator before = -22
  [PE 4] Accumulator after  = -23
WARNING: Hls::stream 'input' is read while empty, which may result in RTL simulation hanging.
[DEBUG] Tile = 5, Mask = 0b01000000
  [PE 0] Weight = 0 Accumulator before = -13.1113
  [PE 0] Accumulator after  = -13.1113
  [PE 1] Weight = 0 Accumulator before = 0
  [PE 1] Accumulator after  = 0
  [PE 2] Weight = -1 Accumulator before = 9
  [PE 2] Accumulator after  = 8
  [PE 3] Weight = -1 Accumulator before = 17.7188
  [PE 3] Accumulator after  = 16.7188
  [PE 4] Weight = 0 Accumulator before = -23
  [PE 4] Accumulator after  = -23
WARNING: Hls::stream 'input' is read while empty, which may result in RTL simulation hanging.
[DEBUG] Tile = 6, Mask = 0b01000000
  [PE 0] Weight = -1 Accumulator before = -13.1113
  [PE 0] Accumulator after  = -14.1113
  [PE 1] Weight = -1 Accumulator before = 0
  [PE 1] Accumulator after  = -1
  [PE 2] Weight = 0 Accumulator before = 8
  [PE 2] Accumulator after  = 8
  [PE 3] Weight = 0 Accumulator before = 16.7188
  [PE 3] Accumulator after  = 16.7188
  [PE 4] Weight = 0 Accumulator before = -23
  [PE 4] Accumulator after  = -23
WARNING: Hls::stream 'input' is read while empty, which may result in RTL simulation hanging.
[DEBUG] Tile = 7, Mask = 0b01000000
  [PE 0] Weight = 0 Accumulator before = -14.1113
  [PE 0] Accumulator after  = -14.1113
  [PE 1] Weight = -1 Accumulator before = -1
  [PE 1] Accumulator after  = -2
  [PE 2] Weight = 0 Accumulator before = 8
  [PE 2] Accumulator after  = 8
  [PE 3] Weight = 0 Accumulator before = 16.7188
  [PE 3] Accumulator after  = 16.7188
  [PE 4] Weight = 0 Accumulator before = -23
  [PE 4] Accumulator after  = -23
[THRESHOLD DEBUG] acc=-14.1113 > threshold=1 => NO: no spike
[THRESHOLD DEBUG] acc=-2 > threshold=1 => NO: no spike
[THRESHOLD DEBUG] acc=8 > threshold=1 => YES: SPIKE
[THRESHOLD DEBUG] acc=16.7188 > threshold=1 => YES: SPIKE
[THRESHOLD DEBUG] acc=-23 > threshold=1 => NO: no spike
WARNING: Hls::stream 'input' is read while empty, which may result in RTL simulation hanging.
[DEBUG] Tile = 0, Mask = 0b01000000
  [PE 0] Weight = 0 Accumulator before = -12.3467
  [PE 0] Accumulator after  = -12.3467
  [PE 1] Weight = 0 Accumulator before = -1.75
  [PE 1] Accumulator after  = -1.75
  [PE 2] Weight = -1 Accumulator before = 0
  [PE 2] Accumulator after  = -1
  [PE 3] Weight = -1 Accumulator before = 0
  [PE 3] Accumulator after  = -1
  [PE 4] Weight = 0 Accumulator before = -24.125
  [PE 4] Accumulator after  = -24.125
WARNING: Hls::stream 'input' is read while empty, which may result in RTL simulation hanging.
[DEBUG] Tile = 1, Mask = 0b01000000
  [PE 0] Weight = -1 Accumulator before = -12.3467
  [PE 0] Accumulator after  = -13.3467
  [PE 1] Weight = -1 Accumulator before = -1.75
  [PE 1] Accumulator after  = -2.75
  [PE 2] Weight = 0 Accumulator before = -1
  [PE 2] Accumulator after  = -1
  [PE 3] Weight = -1 Accumulator before = -1
  [PE 3] Accumulator after  = -2
  [PE 4] Weight = -1 Accumulator before = -24.125
  [PE 4] Accumulator after  = -25.125
WARNING: Hls::stream 'input' is read while empty, which may result in RTL simulation hanging.
[DEBUG] Tile = 2, Mask = 0b01000000
  [PE 0] Weight = 0 Accumulator before = -13.3467
  [PE 0] Accumulator after  = -13.3467
  [PE 1] Weight = -1 Accumulator before = -2.75
  [PE 1] Accumulator after  = -3.75
  [PE 2] Weight = -1 Accumulator before = -1
  [PE 2] Accumulator after  = -2
  [PE 3] Weight = -1 Accumulator before = -2
  [PE 3] Accumulator after  = -3
  [PE 4] Weight = -1 Accumulator before = -25.125
  [PE 4] Accumulator after  = -26.125
WARNING: Hls::stream 'input' is read while empty, which may result in RTL simulation hanging.
[DEBUG] Tile = 3, Mask = 0b01000000
  [PE 0] Weight = -1 Accumulator before = -13.3467
  [PE 0] Accumulator after  = -14.3467
  [PE 1] Weight = 0 Accumulator before = -3.75
  [PE 1] Accumulator after  = -3.75
  [PE 2] Weight = 0 Accumulator before = -2
  [PE 2] Accumulator after  = -2
  [PE 3] Weight = 0 Accumulator before = -3
  [PE 3] Accumulator after  = -3
  [PE 4] Weight = 0 Accumulator before = -26.125
  [PE 4] Accumulator after  = -26.125
WARNING: Hls::stream 'input' is read while empty, which may result in RTL simulation hanging.
[DEBUG] Tile = 4, Mask = 0b01000000
  [PE 0] Weight = 0 Accumulator before = -14.3467
  [PE 0] Accumulator after  = -14.3467
  [PE 1] Weight = 0 Accumulator before = -3.75
  [PE 1] Accumulator after  = -3.75
  [PE 2] Weight = 0 Accumulator before = -2
  [PE 2] Accumulator after  = -2
  [PE 3] Weight = -1 Accumulator before = -3
  [PE 3] Accumulator after  = -4
  [PE 4] Weight = -1 Accumulator before = -26.125
  [PE 4] Accumulator after  = -27.125
WARNING: Hls::stream 'input' is read while empty, which may result in RTL simulation hanging.
[DEBUG] Tile = 5, Mask = 0b01000000
  [PE 0] Weight = 0 Accumulator before = -14.3467
  [PE 0] Accumulator after  = -14.3467
  [PE 1] Weight = 0 Accumulator before = -3.75
  [PE 1] Accumulator after  = -3.75
  [PE 2] Weight = -1 Accumulator before = -2
  [PE 2] Accumulator after  = -3
  [PE 3] Weight = -1 Accumulator before = -4
  [PE 3] Accumulator after  = -5
  [PE 4] Weight = 0 Accumulator before = -27.125
  [PE 4] Accumulator after  = -27.125
WARNING: Hls::stream 'input' is read while empty, which may result in RTL simulation hanging.
[DEBUG] Tile = 6, Mask = 0b01000000
  [PE 0] Weight = -1 Accumulator before = -14.3467
  [PE 0] Accumulator after  = -15.3467
  [PE 1] Weight = -1 Accumulator before = -3.75
  [PE 1] Accumulator after  = -4.75
  [PE 2] Weight = 0 Accumulator before = -3
  [PE 2] Accumulator after  = -3
  [PE 3] Weight = 0 Accumulator before = -5
  [PE 3] Accumulator after  = -5
  [PE 4] Weight = 0 Accumulator before = -27.125
  [PE 4] Accumulator after  = -27.125
WARNING: Hls::stream 'input' is read while empty, which may result in RTL simulation hanging.
[DEBUG] Tile = 7, Mask = 0b01000000
  [PE 0] Weight = 0 Accumulator before = -15.3467
  [PE 0] Accumulator after  = -15.3467
  [PE 1] Weight = -1 Accumulator before = -4.75
  [PE 1] Accumulator after  = -5.75
  [PE 2] Weight = 0 Accumulator before = -3
  [PE 2] Accumulator after  = -3
  [PE 3] Weight = 0 Accumulator before = -5
  [PE 3] Accumulator after  = -5
  [PE 4] Weight = 0 Accumulator before = -27.125
  [PE 4] Accumulator after  = -27.125
[THRESHOLD DEBUG] acc=-15.3467 > threshold=1 => NO: no spike
[THRESHOLD DEBUG] acc=-5.75 > threshold=1 => NO: no spike
[THRESHOLD DEBUG] acc=-3 > threshold=1 => NO: no spike
[THRESHOLD DEBUG] acc=-5 > threshold=1 => NO: no spike
[THRESHOLD DEBUG] acc=-27.125 > threshold=1 => NO: no spike
WARNING: Hls::stream 'input' is read while empty, which may result in RTL simulation hanging.
[DEBUG] Tile = 0, Mask = 0b01000000
  [PE 0] Weight = 0 Accumulator before = -13.4277
  [PE 0] Accumulator after  = -13.4277
  [PE 1] Weight = 0 Accumulator before = -5.03125
  [PE 1] Accumulator after  = -5.03125
  [PE 2] Weight = -1 Accumulator before = -2.625
  [PE 2] Accumulator after  = -3.625
  [PE 3] Weight = -1 Accumulator before = -4.375
  [PE 3] Accumulator after  = -5.375
  [PE 4] Weight = 0 Accumulator before = -27.7344
  [PE 4] Accumulator after  = -27.7344
WARNING: Hls::stream 'input' is read while empty, which may result in RTL simulation hanging.
[DEBUG] Tile = 1, Mask = 0b01000000
  [PE 0] Weight = -1 Accumulator before = -13.4277
  [PE 0] Accumulator after  = -14.4277
  [PE 1] Weight = -1 Accumulator before = -5.03125
  [PE 1] Accumulator after  = -6.03125
  [PE 2] Weight = 0 Accumulator before = -3.625
  [PE 2] Accumulator after  = -3.625
  [PE 3] Weight = -1 Accumulator before = -5.375
  [PE 3] Accumulator after  = -6.375
  [PE 4] Weight = -1 Accumulator before = -27.7344
  [PE 4] Accumulator after  = -28.7344
WARNING: Hls::stream 'input' is read while empty, which may result in RTL simulation hanging.
[DEBUG] Tile = 2, Mask = 0b01000000
  [PE 0] Weight = 0 Accumulator before = -14.4277
  [PE 0] Accumulator after  = -14.4277
  [PE 1] Weight = -1 Accumulator before = -6.03125
  [PE 1] Accumulator after  = -7.03125
  [PE 2] Weight = -1 Accumulator before = -3.625
  [PE 2] Accumulator after  = -4.625
  [PE 3] Weight = -1 Accumulator before = -6.375
  [PE 3] Accumulator after  = -7.375
  [PE 4] Weight = -1 Accumulator before = -28.7344
  [PE 4] Accumulator after  = -29.7344
WARNING: Hls::stream 'input' is read while empty, which may result in RTL simulation hanging.
[DEBUG] Tile = 3, Mask = 0b01000000
  [PE 0] Weight = -1 Accumulator before = -14.4277
  [PE 0] Accumulator after  = -15.4277
  [PE 1] Weight = 0 Accumulator before = -7.03125
  [PE 1] Accumulator after  = -7.03125
  [PE 2] Weight = 0 Accumulator before = -4.625
  [PE 2] Accumulator after  = -4.625
  [PE 3] Weight = 0 Accumulator before = -7.375
  [PE 3] Accumulator after  = -7.375
  [PE 4] Weight = 0 Accumulator before = -29.7344
  [PE 4] Accumulator after  = -29.7344
WARNING: Hls::stream 'input' is read while empty, which may result in RTL simulation hanging.
[DEBUG] Tile = 4, Mask = 0b01000000
  [PE 0] Weight = 0 Accumulator before = -15.4277
  [PE 0] Accumulator after  = -15.4277
  [PE 1] Weight = 0 Accumulator before = -7.03125
  [PE 1] Accumulator after  = -7.03125
  [PE 2] Weight = 0 Accumulator before = -4.625
  [PE 2] Accumulator after  = -4.625
  [PE 3] Weight = -1 Accumulator before = -7.375
  [PE 3] Accumulator after  = -8.375
  [PE 4] Weight = -1 Accumulator before = -29.7344
  [PE 4] Accumulator after  = -30.7344
WARNING: Hls::stream 'input' is read while empty, which may result in RTL simulation hanging.
[DEBUG] Tile = 5, Mask = 0b01000000
  [PE 0] Weight = 0 Accumulator before = -15.4277
  [PE 0] Accumulator after  = -15.4277
  [PE 1] Weight = 0 Accumulator before = -7.03125
  [PE 1] Accumulator after  = -7.03125
  [PE 2] Weight = -1 Accumulator before = -4.625
  [PE 2] Accumulator after  = -5.625
  [PE 3] Weight = -1 Accumulator before = -8.375
  [PE 3] Accumulator after  = -9.375
  [PE 4] Weight = 0 Accumulator before = -30.7344
  [PE 4] Accumulator after  = -30.7344
WARNING: Hls::stream 'input' is read while empty, which may result in RTL simulation hanging.
[DEBUG] Tile = 6, Mask = 0b01000000
  [PE 0] Weight = -1 Accumulator before = -15.4277
  [PE 0] Accumulator after  = -16.4277
  [PE 1] Weight = -1 Accumulator before = -7.03125
  [PE 1] Accumulator after  = -8.03125
  [PE 2] Weight = 0 Accumulator before = -5.625
  [PE 2] Accumulator after  = -5.625
  [PE 3] Weight = 0 Accumulator before = -9.375
  [PE 3] Accumulator after  = -9.375
  [PE 4] Weight = 0 Accumulator before = -30.7344
  [PE 4] Accumulator after  = -30.7344
WARNING: Hls::stream 'input' is read while empty, which may result in RTL simulation hanging.
[DEBUG] Tile = 7, Mask = 0b01000000
  [PE 0] Weight = 0 Accumulator before = -16.4277
  [PE 0] Accumulator after  = -16.4277
  [PE 1] Weight = -1 Accumulator before = -8.03125
  [PE 1] Accumulator after  = -9.03125
  [PE 2] Weight = 0 Accumulator before = -5.625
  [PE 2] Accumulator after  = -5.625
  [PE 3] Weight = 0 Accumulator before = -9.375
  [PE 3] Accumulator after  = -9.375
  [PE 4] Weight = 0 Accumulator before = -30.7344
  [PE 4] Accumulator after  = -30.7344
[THRESHOLD DEBUG] acc=-16.4277 > threshold=1 => NO: no spike
[THRESHOLD DEBUG] acc=-9.03125 > threshold=1 => NO: no spike
[THRESHOLD DEBUG] acc=-5.625 > threshold=1 => NO: no spike
[THRESHOLD DEBUG] acc=-9.375 > threshold=1 => NO: no spike
[THRESHOLD DEBUG] acc=-30.7344 > threshold=1 => NO: no spike
WARNING: Hls::stream 'input' is read while empty, which may result in RTL simulation hanging.
[DEBUG] Tile = 0, Mask = 0b01000000
  [PE 0] Weight = 0 Accumulator before = -18.374
  [PE 0] Accumulator after  = -18.374
  [PE 1] Weight = 0 Accumulator before = -7.90234
  [PE 1] Accumulator after  = -7.90234
  [PE 2] Weight = -1 Accumulator before = -4.92188
  [PE 2] Accumulator after  = -5.92188
  [PE 3] Weight = -1 Accumulator before = -8.20312
  [PE 3] Accumulator after  = -9.20312
  [PE 4] Weight = 0 Accumulator before = -30.8926
  [PE 4] Accumulator after  = -30.8926
WARNING: Hls::stream 'input' is read while empty, which may result in RTL simulation hanging.
[DEBUG] Tile = 1, Mask = 0b01000000
  [PE 0] Weight = -1 Accumulator before = -18.374
  [PE 0] Accumulator after  = -19.374
  [PE 1] Weight = -1 Accumulator before = -7.90234
  [PE 1] Accumulator after  = -8.90234
  [PE 2] Weight = 0 Accumulator before = -5.92188
  [PE 2] Accumulator after  = -5.92188
  [PE 3] Weight = -1 Accumulator before = -9.20312
  [PE 3] Accumulator after  = -10.2031
  [PE 4] Weight = -1 Accumulator before = -30.8926
  [PE 4] Accumulator after  = -31.8926
WARNING: Hls::stream 'input' is read while empty, which may result in RTL simulation hanging.
[DEBUG] Tile = 2, Mask = 0b01000000
  [PE 0] Weight = 0 Accumulator before = -19.374
  [PE 0] Accumulator after  = -19.374
  [PE 1] Weight = -1 Accumulator before = -8.90234
  [PE 1] Accumulator after  = -9.90234
  [PE 2] Weight = -1 Accumulator before = -5.92188
  [PE 2] Accumulator after  = -6.92188
  [PE 3] Weight = -1 Accumulator before = -10.2031
  [PE 3] Accumulator after  = -11.2031
  [PE 4] Weight = -1 Accumulator before = -31.8926
  [PE 4] Accumulator after  = 31.1074
WARNING: Hls::stream 'input' is read while empty, which may result in RTL simulation hanging.
[DEBUG] Tile = 3, Mask = 0b01000000
  [PE 0] Weight = -1 Accumulator before = -19.374
  [PE 0] Accumulator after  = -20.374
  [PE 1] Weight = 0 Accumulator before = -9.90234
  [PE 1] Accumulator after  = -9.90234
  [PE 2] Weight = 0 Accumulator before = -6.92188
  [PE 2] Accumulator after  = -6.92188
  [PE 3] Weight = 0 Accumulator before = -11.2031
  [PE 3] Accumulator after  = -11.2031
  [PE 4] Weight = 0 Accumulator before = 31.1074
  [PE 4] Accumulator after  = 31.1074
WARNING: Hls::stream 'input' is read while empty, which may result in RTL simulation hanging.
[DEBUG] Tile = 4, Mask = 0b01000000
  [PE 0] Weight = 0 Accumulator before = -20.374
  [PE 0] Accumulator after  = -20.374
  [PE 1] Weight = 0 Accumulator before = -9.90234
  [PE 1] Accumulator after  = -9.90234
  [PE 2] Weight = 0 Accumulator before = -6.92188
  [PE 2] Accumulator after  = -6.92188
  [PE 3] Weight = -1 Accumulator before = -11.2031
  [PE 3] Accumulator after  = -12.2031
  [PE 4] Weight = -1 Accumulator before = 31.1074
  [PE 4] Accumulator after  = 30.1074
WARNING: Hls::stream 'input' is read while empty, which may result in RTL simulation hanging.
[DEBUG] Tile = 5, Mask = 0b01000000
  [PE 0] Weight = 0 Accumulator before = -20.374
  [PE 0] Accumulator after  = -20.374
  [PE 1] Weight = 0 Accumulator before = -9.90234
  [PE 1] Accumulator after  = -9.90234
  [PE 2] Weight = -1 Accumulator before = -6.92188
  [PE 2] Accumulator after  = -7.92188
  [PE 3] Weight = -1 Accumulator before = -12.2031
  [PE 3] Accumulator after  = -13.2031
  [PE 4] Weight = 0 Accumulator before = 30.1074
  [PE 4] Accumulator after  = 30.1074
WARNING: Hls::stream 'input' is read while empty, which may result in RTL simulation hanging.
[DEBUG] Tile = 6, Mask = 0b01000000
  [PE 0] Weight = -1 Accumulator before = -20.374
  [PE 0] Accumulator after  = -21.374
  [PE 1] Weight = -1 Accumulator before = -9.90234
  [PE 1] Accumulator after  = -10.9023
  [PE 2] Weight = 0 Accumulator before = -7.92188
  [PE 2] Accumulator after  = -7.92188
  [PE 3] Weight = 0 Accumulator before = -13.2031
  [PE 3] Accumulator after  = -13.2031
  [PE 4] Weight = 0 Accumulator before = 30.1074
  [PE 4] Accumulator after  = 30.1074
WARNING: Hls::stream 'input' is read while empty, which may result in RTL simulation hanging.
[DEBUG] Tile = 7, Mask = 0b01000000
  [PE 0] Weight = 0 Accumulator before = -21.374
  [PE 0] Accumulator after  = -21.374
  [PE 1] Weight = -1 Accumulator before = -10.9023
  [PE 1] Accumulator after  = -11.9023
  [PE 2] Weight = 0 Accumulator before = -7.92188
  [PE 2] Accumulator after  = -7.92188
  [PE 3] Weight = 0 Accumulator before = -13.2031
  [PE 3] Accumulator after  = -13.2031
  [PE 4] Weight = 0 Accumulator before = 30.1074
  [PE 4] Accumulator after  = 30.1074
[THRESHOLD DEBUG] acc=-21.374 > threshold=1 => NO: no spike
[THRESHOLD DEBUG] acc=-11.9023 > threshold=1 => NO: no spike
[THRESHOLD DEBUG] acc=-7.92188 > threshold=1 => NO: no spike
[THRESHOLD DEBUG] acc=-13.2031 > threshold=1 => NO: no spike
[THRESHOLD DEBUG] acc=30.1074 > threshold=1 => YES: SPIKE
WARNING: Hls::stream 'input' is read while empty, which may result in RTL simulation hanging.
[DEBUG] Tile = 0, Mask = 0b01000000
  [PE 0] Weight = 0 Accumulator before = -22.7021
  [PE 0] Accumulator after  = -22.7021
  [PE 1] Weight = 0 Accumulator before = -10.4141
  [PE 1] Accumulator after  = -10.4141
  [PE 2] Weight = -1 Accumulator before = -6.93164
  [PE 2] Accumulator after  = -7.93164
  [PE 3] Weight = -1 Accumulator before = -11.5527
  [PE 3] Accumulator after  = -12.5527
  [PE 4] Weight = 0 Accumulator before = 0
  [PE 4] Accumulator after  = 0
WARNING: Hls::stream 'input' is read while empty, which may result in RTL simulation hanging.
[DEBUG] Tile = 1, Mask = 0b01000000
  [PE 0] Weight = -1 Accumulator before = -22.7021
  [PE 0] Accumulator after  = -23.7021
  [PE 1] Weight = -1 Accumulator before = -10.4141
  [PE 1] Accumulator after  = -11.4141
  [PE 2] Weight = 0 Accumulator before = -7.93164
  [PE 2] Accumulator after  = -7.93164
  [PE 3] Weight = -1 Accumulator before = -12.5527
  [PE 3] Accumulator after  = -13.5527
  [PE 4] Weight = -1 Accumulator before = 0
  [PE 4] Accumulator after  = -1
WARNING: Hls::stream 'input' is read while empty, which may result in RTL simulation hanging.
[DEBUG] Tile = 2, Mask = 0b01000000
  [PE 0] Weight = 0 Accumulator before = -23.7021
  [PE 0] Accumulator after  = -23.7021
  [PE 1] Weight = -1 Accumulator before = -11.4141
  [PE 1] Accumulator after  = -12.4141
  [PE 2] Weight = -1 Accumulator before = -7.93164
  [PE 2] Accumulator after  = -8.93164
  [PE 3] Weight = -1 Accumulator before = -13.5527
  [PE 3] Accumulator after  = -14.5527
  [PE 4] Weight = -1 Accumulator before = -1
  [PE 4] Accumulator after  = -2
WARNING: Hls::stream 'input' is read while empty, which may result in RTL simulation hanging.
[DEBUG] Tile = 3, Mask = 0b01000000
  [PE 0] Weight = -1 Accumulator before = -23.7021
  [PE 0] Accumulator after  = -24.7021
  [PE 1] Weight = 0 Accumulator before = -12.4141
  [PE 1] Accumulator after  = -12.4141
  [PE 2] Weight = 0 Accumulator before = -8.93164
  [PE 2] Accumulator after  = -8.93164
  [PE 3] Weight = 0 Accumulator before = -14.5527
  [PE 3] Accumulator after  = -14.5527
  [PE 4] Weight = 0 Accumulator before = -2
  [PE 4] Accumulator after  = -2
WARNING: Hls::stream 'input' is read while empty, which may result in RTL simulation hanging.
[DEBUG] Tile = 4, Mask = 0b01000000
  [PE 0] Weight = 0 Accumulator before = -24.7021
  [PE 0] Accumulator after  = -24.7021
  [PE 1] Weight = 0 Accumulator before = -12.4141
  [PE 1] Accumulator after  = -12.4141
  [PE 2] Weight = 0 Accumulator before = -8.93164
  [PE 2] Accumulator after  = -8.93164
  [PE 3] Weight = -1 Accumulator before = -14.5527
  [PE 3] Accumulator after  = -15.5527
  [PE 4] Weight = -1 Accumulator before = -2
  [PE 4] Accumulator after  = -3
WARNING: Hls::stream 'input' is read while empty, which may result in RTL simulation hanging.
[DEBUG] Tile = 5, Mask = 0b01000000
  [PE 0] Weight = 0 Accumulator before = -24.7021
  [PE 0] Accumulator after  = -24.7021
  [PE 1] Weight = 0 Accumulator before = -12.4141
  [PE 1] Accumulator after  = -12.4141
  [PE 2] Weight = -1 Accumulator before = -8.93164
  [PE 2] Accumulator after  = -9.93164
  [PE 3] Weight = -1 Accumulator before = -15.5527
  [PE 3] Accumulator after  = -16.5527
  [PE 4] Weight = 0 Accumulator before = -3
  [PE 4] Accumulator after  = -3
WARNING: Hls::stream 'input' is read while empty, which may result in RTL simulation hanging.
[DEBUG] Tile = 6, Mask = 0b01000000
  [PE 0] Weight = -1 Accumulator before = -24.7021
  [PE 0] Accumulator after  = -25.7021
  [PE 1] Weight = -1 Accumulator before = -12.4141
  [PE 1] Accumulator after  = -13.4141
  [PE 2] Weight = 0 Accumulator before = -9.93164
  [PE 2] Accumulator after  = -9.93164
  [PE 3] Weight = 0 Accumulator before = -16.5527
  [PE 3] Accumulator after  = -16.5527
  [PE 4] Weight = 0 Accumulator before = -3
  [PE 4] Accumulator after  = -3
WARNING: Hls::stream 'input' is read while empty, which may result in RTL simulation hanging.
[DEBUG] Tile = 7, Mask = 0b01000000
  [PE 0] Weight = 0 Accumulator before = -25.7021
  [PE 0] Accumulator after  = -25.7021
  [PE 1] Weight = -1 Accumulator before = -13.4141
  [PE 1] Accumulator after  = -14.4141
  [PE 2] Weight = 0 Accumulator before = -9.93164
  [PE 2] Accumulator after  = -9.93164
  [PE 3] Weight = 0 Accumulator before = -16.5527
  [PE 3] Accumulator after  = -16.5527
  [PE 4] Weight = 0 Accumulator before = -3
  [PE 4] Accumulator after  = -3
[THRESHOLD DEBUG] acc=-25.7021 > threshold=1 => NO: no spike
[THRESHOLD DEBUG] acc=-14.4141 > threshold=1 => NO: no spike
[THRESHOLD DEBUG] acc=-9.93164 > threshold=1 => NO: no spike
[THRESHOLD DEBUG] acc=-16.5527 > threshold=1 => NO: no spike
[THRESHOLD DEBUG] acc=-3 > threshold=1 => NO: no spike
WARNING: Hls::stream 'input' is read while empty, which may result in RTL simulation hanging.
[DEBUG] Tile = 0, Mask = 0b01000000
  [PE 0] Weight = 0 Accumulator before = -26.4893
  [PE 0] Accumulator after  = -26.4893
  [PE 1] Weight = 0 Accumulator before = -12.6123
  [PE 1] Accumulator after  = -12.6123
  [PE 2] Weight = -1 Accumulator before = -8.68945
  [PE 2] Accumulator after  = -9.68945
  [PE 3] Weight = -1 Accumulator before = -18.4834
  [PE 3] Accumulator after  = -19.4834
  [PE 4] Weight = 0 Accumulator before = -2.625
  [PE 4] Accumulator after  = -2.625
WARNING: Hls::stream 'input' is read while empty, which may result in RTL simulation hanging.
[DEBUG] Tile = 1, Mask = 0b01000000
  [PE 0] Weight = -1 Accumulator before = -26.4893
  [PE 0] Accumulator after  = -27.4893
  [PE 1] Weight = -1 Accumulator before = -12.6123
  [PE 1] Accumulator after  = -13.6123
  [PE 2] Weight = 0 Accumulator before = -9.68945
  [PE 2] Accumulator after  = -9.68945
  [PE 3] Weight = -1 Accumulator before = -19.4834
  [PE 3] Accumulator after  = -20.4834
  [PE 4] Weight = -1 Accumulator before = -2.625
  [PE 4] Accumulator after  = -3.625
WARNING: Hls::stream 'input' is read while empty, which may result in RTL simulation hanging.
[DEBUG] Tile = 2, Mask = 0b01000000
  [PE 0] Weight = 0 Accumulator before = -27.4893
  [PE 0] Accumulator after  = -27.4893
  [PE 1] Weight = -1 Accumulator before = -13.6123
  [PE 1] Accumulator after  = -14.6123
  [PE 2] Weight = -1 Accumulator before = -9.68945
  [PE 2] Accumulator after  = -10.6895
  [PE 3] Weight = -1 Accumulator before = -20.4834
  [PE 3] Accumulator after  = -21.4834
  [PE 4] Weight = -1 Accumulator before = -3.625
  [PE 4] Accumulator after  = -4.625
WARNING: Hls::stream 'input' is read while empty, which may result in RTL simulation hanging.
[DEBUG] Tile = 3, Mask = 0b01000000
  [PE 0] Weight = -1 Accumulator before = -27.4893
  [PE 0] Accumulator after  = -28.4893
  [PE 1] Weight = 0 Accumulator before = -14.6123
  [PE 1] Accumulator after  = -14.6123
  [PE 2] Weight = 0 Accumulator before = -10.6895
  [PE 2] Accumulator after  = -10.6895
  [PE 3] Weight = 0 Accumulator before = -21.4834
  [PE 3] Accumulator after  = -21.4834
  [PE 4] Weight = 0 Accumulator before = -4.625
  [PE 4] Accumulator after  = -4.625
WARNING: Hls::stream 'input' is read while empty, which may result in RTL simulation hanging.
[DEBUG] Tile = 4, Mask = 0b01000000
  [PE 0] Weight = 0 Accumulator before = -28.4893
  [PE 0] Accumulator after  = -28.4893
  [PE 1] Weight = 0 Accumulator before = -14.6123
  [PE 1] Accumulator after  = -14.6123
  [PE 2] Weight = 0 Accumulator before = -10.6895
  [PE 2] Accumulator after  = -10.6895
  [PE 3] Weight = -1 Accumulator before = -21.4834
  [PE 3] Accumulator after  = -22.4834
  [PE 4] Weight = -1 Accumulator before = -4.625
  [PE 4] Accumulator after  = -5.625
WARNING: Hls::stream 'input' is read while empty, which may result in RTL simulation hanging.
[DEBUG] Tile = 5, Mask = 0b01000000
  [PE 0] Weight = 0 Accumulator before = -28.4893
  [PE 0] Accumulator after  = -28.4893
  [PE 1] Weight = 0 Accumulator before = -14.6123
  [PE 1] Accumulator after  = -14.6123
  [PE 2] Weight = -1 Accumulator before = -10.6895
  [PE 2] Accumulator after  = -11.6895
  [PE 3] Weight = -1 Accumulator before = -22.4834
  [PE 3] Accumulator after  = -23.4834
  [PE 4] Weight = 0 Accumulator before = -5.625
  [PE 4] Accumulator after  = -5.625
WARNING: Hls::stream 'input' is read while empty, which may result in RTL simulation hanging.
[DEBUG] Tile = 6, Mask = 0b01000000
  [PE 0] Weight = -1 Accumulator before = -28.4893
  [PE 0] Accumulator after  = -29.4893
  [PE 1] Weight = -1 Accumulator before = -14.6123
  [PE 1] Accumulator after  = -15.6123
  [PE 2] Weight = 0 Accumulator before = -11.6895
  [PE 2] Accumulator after  = -11.6895
  [PE 3] Weight = 0 Accumulator before = -23.4834
  [PE 3] Accumulator after  = -23.4834
  [PE 4] Weight = 0 Accumulator before = -5.625
  [PE 4] Accumulator after  = -5.625
WARNING: Hls::stream 'input' is read while empty, which may result in RTL simulation hanging.
[DEBUG] Tile = 7, Mask = 0b01000000
  [PE 0] Weight = 0 Accumulator before = -29.4893
  [PE 0] Accumulator after  = -29.4893
  [PE 1] Weight = -1 Accumulator before = -15.6123
  [PE 1] Accumulator after  = -16.6123
  [PE 2] Weight = 0 Accumulator before = -11.6895
  [PE 2] Accumulator after  = -11.6895
  [PE 3] Weight = 0 Accumulator before = -23.4834
  [PE 3] Accumulator after  = -23.4834
  [PE 4] Weight = 0 Accumulator before = -5.625
  [PE 4] Accumulator after  = -5.625
[THRESHOLD DEBUG] acc=-29.4893 > threshold=1 => NO: no spike
[THRESHOLD DEBUG] acc=-16.6123 > threshold=1 => NO: no spike
[THRESHOLD DEBUG] acc=-11.6895 > threshold=1 => NO: no spike
[THRESHOLD DEBUG] acc=-23.4834 > threshold=1 => NO: no spike
[THRESHOLD DEBUG] acc=-5.625 > threshold=1 => NO: no spike
WARNING: Hls::stream 'input' is read while empty, which may result in RTL simulation hanging.
[DEBUG] Tile = 0, Mask = 0b01000000
  [PE 0] Weight = 0 Accumulator before = -29.8027
  [PE 0] Accumulator after  = -29.8027
  [PE 1] Weight = 0 Accumulator before = -18.5352
  [PE 1] Accumulator after  = -18.5352
  [PE 2] Weight = -1 Accumulator before = -10.2275
  [PE 2] Accumulator after  = -11.2275
  [PE 3] Weight = -1 Accumulator before = -24.5479
  [PE 3] Accumulator after  = -25.5479
  [PE 4] Weight = 0 Accumulator before = -4.92188
  [PE 4] Accumulator after  = -4.92188
WARNING: Hls::stream 'input' is read while empty, which may result in RTL simulation hanging.
[DEBUG] Tile = 1, Mask = 0b01000000
  [PE 0] Weight = -1 Accumulator before = -29.8027
  [PE 0] Accumulator after  = -30.8027
  [PE 1] Weight = -1 Accumulator before = -18.5352
  [PE 1] Accumulator after  = -19.5352
  [PE 2] Weight = 0 Accumulator before = -11.2275
  [PE 2] Accumulator after  = -11.2275
  [PE 3] Weight = -1 Accumulator before = -25.5479
  [PE 3] Accumulator after  = -26.5479
  [PE 4] Weight = -1 Accumulator before = -4.92188
  [PE 4] Accumulator after  = -5.92188
WARNING: Hls::stream 'input' is read while empty, which may result in RTL simulation hanging.
[DEBUG] Tile = 2, Mask = 0b01000000
  [PE 0] Weight = 0 Accumulator before = -30.8027
  [PE 0] Accumulator after  = -30.8027
  [PE 1] Weight = -1 Accumulator before = -19.5352
  [PE 1] Accumulator after  = -20.5352
  [PE 2] Weight = -1 Accumulator before = -11.2275
  [PE 2] Accumulator after  = -12.2275
  [PE 3] Weight = -1 Accumulator before = -26.5479
  [PE 3] Accumulator after  = -27.5479
  [PE 4] Weight = -1 Accumulator before = -5.92188
  [PE 4] Accumulator after  = -6.92188
WARNING: Hls::stream 'input' is read while empty, which may result in RTL simulation hanging.
[DEBUG] Tile = 3, Mask = 0b01000000
  [PE 0] Weight = -1 Accumulator before = -30.8027
  [PE 0] Accumulator after  = -31.8027
  [PE 1] Weight = 0 Accumulator before = -20.5352
  [PE 1] Accumulator after  = -20.5352
  [PE 2] Weight = 0 Accumulator before = -12.2275
  [PE 2] Accumulator after  = -12.2275
  [PE 3] Weight = 0 Accumulator before = -27.5479
  [PE 3] Accumulator after  = -27.5479
  [PE 4] Weight = 0 Accumulator before = -6.92188
  [PE 4] Accumulator after  = -6.92188
WARNING: Hls::stream 'input' is read while empty, which may result in RTL simulation hanging.
[DEBUG] Tile = 4, Mask = 0b01000000
  [PE 0] Weight = 0 Accumulator before = -31.8027
  [PE 0] Accumulator after  = -31.8027
  [PE 1] Weight = 0 Accumulator before = -20.5352
  [PE 1] Accumulator after  = -20.5352
  [PE 2] Weight = 0 Accumulator before = -12.2275
  [PE 2] Accumulator after  = -12.2275
  [PE 3] Weight = -1 Accumulator before = -27.5479
  [PE 3] Accumulator after  = -28.5479
  [PE 4] Weight = -1 Accumulator before = -6.92188
  [PE 4] Accumulator after  = -7.92188
WARNING: Hls::stream 'input' is read while empty, which may result in RTL simulation hanging.
[DEBUG] Tile = 5, Mask = 0b01000000
  [PE 0] Weight = 0 Accumulator before = -31.8027
  [PE 0] Accumulator after  = -31.8027
  [PE 1] Weight = 0 Accumulator before = -20.5352
  [PE 1] Accumulator after  = -20.5352
  [PE 2] Weight = -1 Accumulator before = -12.2275
  [PE 2] Accumulator after  = -13.2275
  [PE 3] Weight = -1 Accumulator before = -28.5479
  [PE 3] Accumulator after  = -29.5479
  [PE 4] Weight = 0 Accumulator before = -7.92188
  [PE 4] Accumulator after  = -7.92188
WARNING: Hls::stream 'input' is read while empty, which may result in RTL simulation hanging.
[DEBUG] Tile = 6, Mask = 0b01000000
  [PE 0] Weight = -1 Accumulator before = -31.8027
  [PE 0] Accumulator after  = 31.1973
  [PE 1] Weight = -1 Accumulator before = -20.5352
  [PE 1] Accumulator after  = -21.5352
  [PE 2] Weight = 0 Accumulator before = -13.2275
  [PE 2] Accumulator after  = -13.2275
  [PE 3] Weight = 0 Accumulator before = -29.5479
  [PE 3] Accumulator after  = -29.5479
  [PE 4] Weight = 0 Accumulator before = -7.92188
  [PE 4] Accumulator after  = -7.92188
WARNING: Hls::stream 'input' is read while empty, which may result in RTL simulation hanging.
[DEBUG] Tile = 7, Mask = 0b01000000
  [PE 0] Weight = 0 Accumulator before = 31.1973
  [PE 0] Accumulator after  = 31.1973
  [PE 1] Weight = -1 Accumulator before = -21.5352
  [PE 1] Accumulator after  = -22.5352
  [PE 2] Weight = 0 Accumulator before = -13.2275
  [PE 2] Accumulator after  = -13.2275
  [PE 3] Weight = 0 Accumulator before = -29.5479
  [PE 3] Accumulator after  = -29.5479
  [PE 4] Weight = 0 Accumulator before = -7.92188
  [PE 4] Accumulator after  = -7.92188
[THRESHOLD DEBUG] acc=31.1973 > threshold=1 => YES: SPIKE
[THRESHOLD DEBUG] acc=-22.5352 > threshold=1 => NO: no spike
[THRESHOLD DEBUG] acc=-13.2275 > threshold=1 => NO: no spike
[THRESHOLD DEBUG] acc=-29.5479 > threshold=1 => NO: no spike
[THRESHOLD DEBUG] acc=-7.92188 > threshold=1 => NO: no spike
WARNING: Hls::stream 'input' is read while empty, which may result in RTL simulation hanging.
[DEBUG] Tile = 0, Mask = 0b01000000
  [PE 0] Weight = 0 Accumulator before = 0
  [PE 0] Accumulator after  = 0
  [PE 1] Weight = 0 Accumulator before = -23.7178
  [PE 1] Accumulator after  = -23.7178
  [PE 2] Weight = -1 Accumulator before = -11.5732
  [PE 2] Accumulator after  = -12.5732
  [PE 3] Weight = -1 Accumulator before = -29.8535
  [PE 3] Accumulator after  = -30.8535
  [PE 4] Weight = 0 Accumulator before = -6.93164
  [PE 4] Accumulator after  = -6.93164
WARNING: Hls::stream 'input' is read while empty, which may result in RTL simulation hanging.
[DEBUG] Tile = 1, Mask = 0b01000000
  [PE 0] Weight = -1 Accumulator before = 0
  [PE 0] Accumulator after  = -1
  [PE 1] Weight = -1 Accumulator before = -23.7178
  [PE 1] Accumulator after  = -24.7178
  [PE 2] Weight = 0 Accumulator before = -12.5732
  [PE 2] Accumulator after  = -12.5732
  [PE 3] Weight = -1 Accumulator before = -30.8535
  [PE 3] Accumulator after  = -31.8535
  [PE 4] Weight = -1 Accumulator before = -6.93164
  [PE 4] Accumulator after  = -7.93164
WARNING: Hls::stream 'input' is read while empty, which may result in RTL simulation hanging.
[DEBUG] Tile = 2, Mask = 0b01000000
  [PE 0] Weight = 0 Accumulator before = -1
  [PE 0] Accumulator after  = -1
  [PE 1] Weight = -1 Accumulator before = -24.7178
  [PE 1] Accumulator after  = -25.7178
  [PE 2] Weight = -1 Accumulator before = -12.5732
  [PE 2] Accumulator after  = -13.5732
  [PE 3] Weight = -1 Accumulator before = -31.8535
  [PE 3] Accumulator after  = 31.1465
  [PE 4] Weight = -1 Accumulator before = -7.93164
  [PE 4] Accumulator after  = -8.93164
WARNING: Hls::stream 'input' is read while empty, which may result in RTL simulation hanging.
[DEBUG] Tile = 3, Mask = 0b01000000
  [PE 0] Weight = -1 Accumulator before = -1
  [PE 0] Accumulator after  = -2
  [PE 1] Weight = 0 Accumulator before = -25.7178
  [PE 1] Accumulator after  = -25.7178
  [PE 2] Weight = 0 Accumulator before = -13.5732
  [PE 2] Accumulator after  = -13.5732
  [PE 3] Weight = 0 Accumulator before = 31.1465
  [PE 3] Accumulator after  = 31.1465
  [PE 4] Weight = 0 Accumulator before = -8.93164
  [PE 4] Accumulator after  = -8.93164
WARNING: Hls::stream 'input' is read while empty, which may result in RTL simulation hanging.
[DEBUG] Tile = 4, Mask = 0b01000000
  [PE 0] Weight = 0 Accumulator before = -2
  [PE 0] Accumulator after  = -2
  [PE 1] Weight = 0 Accumulator before = -25.7178
  [PE 1] Accumulator after  = -25.7178
  [PE 2] Weight = 0 Accumulator before = -13.5732
  [PE 2] Accumulator after  = -13.5732
  [PE 3] Weight = -1 Accumulator before = 31.1465
  [PE 3] Accumulator after  = 30.1465
  [PE 4] Weight = -1 Accumulator before = -8.93164
  [PE 4] Accumulator after  = -9.93164
WARNING: Hls::stream 'input' is read while empty, which may result in RTL simulation hanging.
[DEBUG] Tile = 5, Mask = 0b01000000
  [PE 0] Weight = 0 Accumulator before = -2
  [PE 0] Accumulator after  = -2
  [PE 1] Weight = 0 Accumulator before = -25.7178
  [PE 1] Accumulator after  = -25.7178
  [PE 2] Weight = -1 Accumulator before = -13.5732
  [PE 2] Accumulator after  = -14.5732
  [PE 3] Weight = -1 Accumulator before = 30.1465
  [PE 3] Accumulator after  = 29.1465
  [PE 4] Weight = 0 Accumulator before = -9.93164
  [PE 4] Accumulator after  = -9.93164
WARNING: Hls::stream 'input' is read while empty, which may result in RTL simulation hanging.
[DEBUG] Tile = 6, Mask = 0b01000000
  [PE 0] Weight = -1 Accumulator before = -2
  [PE 0] Accumulator after  = -3
  [PE 1] Weight = -1 Accumulator before = -25.7178
  [PE 1] Accumulator after  = -26.7178
  [PE 2] Weight = 0 Accumulator before = -14.5732
  [PE 2] Accumulator after  = -14.5732
  [PE 3] Weight = 0 Accumulator before = 29.1465
  [PE 3] Accumulator after  = 29.1465
  [PE 4] Weight = 0 Accumulator before = -9.93164
  [PE 4] Accumulator after  = -9.93164
WARNING: Hls::stream 'input' is read while empty, which may result in RTL simulation hanging.
[DEBUG] Tile = 7, Mask = 0b01000000
  [PE 0] Weight = 0 Accumulator before = -3
  [PE 0] Accumulator after  = -3
  [PE 1] Weight = -1 Accumulator before = -26.7178
  [PE 1] Accumulator after  = -27.7178
  [PE 2] Weight = 0 Accumulator before = -14.5732
  [PE 2] Accumulator after  = -14.5732
  [PE 3] Weight = 0 Accumulator before = 29.1465
  [PE 3] Accumulator after  = 29.1465
  [PE 4] Weight = 0 Accumulator before = -9.93164
  [PE 4] Accumulator after  = -9.93164
[THRESHOLD DEBUG] acc=-3 > threshold=1 => NO: no spike
[THRESHOLD DEBUG] acc=-27.7178 > threshold=1 => NO: no spike
[THRESHOLD DEBUG] acc=-14.5732 > threshold=1 => NO: no spike
[THRESHOLD DEBUG] acc=29.1465 > threshold=1 => YES: SPIKE
[THRESHOLD DEBUG] acc=-9.93164 > threshold=1 => NO: no spike
WARNING: Hls::stream 'input' is read while empty, which may result in RTL simulation hanging.
[DEBUG] Tile = 0, Mask = 0b01000000
  [PE 0] Weight = 0 Accumulator before = -2.625
  [PE 0] Accumulator after  = -2.625
  [PE 1] Weight = 0 Accumulator before = -28.2529
  [PE 1] Accumulator after  = -28.2529
  [PE 2] Weight = -1 Accumulator before = -12.751
  [PE 2] Accumulator after  = -13.751
  [PE 3] Weight = -1 Accumulator before = 0
  [PE 3] Accumulator after  = -1
  [PE 4] Weight = 0 Accumulator before = -8.68945
  [PE 4] Accumulator after  = -8.68945
WARNING: Hls::stream 'input' is read while empty, which may result in RTL simulation hanging.
[DEBUG] Tile = 1, Mask = 0b01000000
  [PE 0] Weight = -1 Accumulator before = -2.625
  [PE 0] Accumulator after  = -3.625
  [PE 1] Weight = -1 Accumulator before = -28.2529
  [PE 1] Accumulator after  = -29.2529
  [PE 2] Weight = 0 Accumulator before = -13.751
  [PE 2] Accumulator after  = -13.751
  [PE 3] Weight = -1 Accumulator before = -1
  [PE 3] Accumulator after  = -2
  [PE 4] Weight = -1 Accumulator before = -8.68945
  [PE 4] Accumulator after  = -9.68945
WARNING: Hls::stream 'input' is read while empty, which may result in RTL simulation hanging.
[DEBUG] Tile = 2, Mask = 0b01000000
  [PE 0] Weight = 0 Accumulator before = -3.625
  [PE 0] Accumulator after  = -3.625
  [PE 1] Weight = -1 Accumulator before = -29.2529
  [PE 1] Accumulator after  = -30.2529
  [PE 2] Weight = -1 Accumulator before = -13.751
  [PE 2] Accumulator after  = -14.751
  [PE 3] Weight = -1 Accumulator before = -2
  [PE 3] Accumulator after  = -3
  [PE 4] Weight = -1 Accumulator before = -9.68945
  [PE 4] Accumulator after  = -10.6895
WARNING: Hls::stream 'input' is read while empty, which may result in RTL simulation hanging.
[DEBUG] Tile = 3, Mask = 0b01000000
  [PE 0] Weight = -1 Accumulator before = -3.625
  [PE 0] Accumulator after  = -4.625
  [PE 1] Weight = 0 Accumulator before = -30.2529
  [PE 1] Accumulator after  = -30.2529
  [PE 2] Weight = 0 Accumulator before = -14.751
  [PE 2] Accumulator after  = -14.751
  [PE 3] Weight = 0 Accumulator before = -3
  [PE 3] Accumulator after  = -3
  [PE 4] Weight = 0 Accumulator before = -10.6895
  [PE 4] Accumulator after  = -10.6895
WARNING: Hls::stream 'input' is read while empty, which may result in RTL simulation hanging.
[DEBUG] Tile = 4, Mask = 0b01000000
  [PE 0] Weight = 0 Accumulator before = -4.625
  [PE 0] Accumulator after  = -4.625
  [PE 1] Weight = 0 Accumulator before = -30.2529
  [PE 1] Accumulator after  = -30.2529
  [PE 2] Weight = 0 Accumulator before = -14.751
  [PE 2] Accumulator after  = -14.751
  [PE 3] Weight = -1 Accumulator before = -3
  [PE 3] Accumulator after  = -4
  [PE 4] Weight = -1 Accumulator before = -10.6895
  [PE 4] Accumulator after  = -11.6895
WARNING: Hls::stream 'input' is read while empty, which may result in RTL simulation hanging.
[DEBUG] Tile = 5, Mask = 0b01000000
  [PE 0] Weight = 0 Accumulator before = -4.625
  [PE 0] Accumulator after  = -4.625
  [PE 1] Weight = 0 Accumulator before = -30.2529
  [PE 1] Accumulator after  = -30.2529
  [PE 2] Weight = -1 Accumulator before = -14.751
  [PE 2] Accumulator after  = -15.751
  [PE 3] Weight = -1 Accumulator before = -4
  [PE 3] Accumulator after  = -5
  [PE 4] Weight = 0 Accumulator before = -11.6895
  [PE 4] Accumulator after  = -11.6895
WARNING: Hls::stream 'input' is read while empty, which may result in RTL simulation hanging.
[DEBUG] Tile = 6, Mask = 0b01000000
  [PE 0] Weight = -1 Accumulator before = -4.625
  [PE 0] Accumulator after  = -5.625
  [PE 1] Weight = -1 Accumulator before = -30.2529
  [PE 1] Accumulator after  = -31.2529
  [PE 2] Weight = 0 Accumulator before = -15.751
  [PE 2] Accumulator after  = -15.751
  [PE 3] Weight = 0 Accumulator before = -5
  [PE 3] Accumulator after  = -5
  [PE 4] Weight = 0 Accumulator before = -11.6895
  [PE 4] Accumulator after  = -11.6895
WARNING: Hls::stream 'input' is read while empty, which may result in RTL simulation hanging.
[DEBUG] Tile = 7, Mask = 0b01000000
  [PE 0] Weight = 0 Accumulator before = -5.625
  [PE 0] Accumulator after  = -5.625
  [PE 1] Weight = -1 Accumulator before = -31.2529
  [PE 1] Accumulator after  = 31.7471
  [PE 2] Weight = 0 Accumulator before = -15.751
  [PE 2] Accumulator after  = -15.751
  [PE 3] Weight = 0 Accumulator before = -5
  [PE 3] Accumulator after  = -5
  [PE 4] Weight = 0 Accumulator before = -11.6895
  [PE 4] Accumulator after  = -11.6895
[THRESHOLD DEBUG] acc=-5.625 > threshold=1 => NO: no spike
[THRESHOLD DEBUG] acc=31.7471 > threshold=1 => YES: SPIKE
[THRESHOLD DEBUG] acc=-15.751 > threshold=1 => NO: no spike
[THRESHOLD DEBUG] acc=-5 > threshold=1 => NO: no spike
[THRESHOLD DEBUG] acc=-11.6895 > threshold=1 => NO: no spike
WARNING: Hls::stream 'input' is read while empty, which may result in RTL simulation hanging.
[DEBUG] Tile = 0, Mask = 0b01000000
  [PE 0] Weight = 0 Accumulator before = -4.92188
  [PE 0] Accumulator after  = -4.92188
  [PE 1] Weight = 0 Accumulator before = 0
  [PE 1] Accumulator after  = 0
  [PE 2] Weight = -1 Accumulator before = -13.7812
  [PE 2] Accumulator after  = -14.7812
  [PE 3] Weight = -1 Accumulator before = -4.375
  [PE 3] Accumulator after  = -5.375
  [PE 4] Weight = 0 Accumulator before = -10.2275
  [PE 4] Accumulator after  = -10.2275
WARNING: Hls::stream 'input' is read while empty, which may result in RTL simulation hanging.
[DEBUG] Tile = 1, Mask = 0b01000000
  [PE 0] Weight = -1 Accumulator before = -4.92188
  [PE 0] Accumulator after  = -5.92188
  [PE 1] Weight = -1 Accumulator before = 0
  [PE 1] Accumulator after  = -1
  [PE 2] Weight = 0 Accumulator before = -14.7812
  [PE 2] Accumulator after  = -14.7812
  [PE 3] Weight = -1 Accumulator before = -5.375
  [PE 3] Accumulator after  = -6.375
  [PE 4] Weight = -1 Accumulator before = -10.2275
  [PE 4] Accumulator after  = -11.2275
WARNING: Hls::stream 'input' is read while empty, which may result in RTL simulation hanging.
[DEBUG] Tile = 2, Mask = 0b01000000
  [PE 0] Weight = 0 Accumulator before = -5.92188
  [PE 0] Accumulator after  = -5.92188
  [PE 1] Weight = -1 Accumulator before = -1
  [PE 1] Accumulator after  = -2
  [PE 2] Weight = -1 Accumulator before = -14.7812
  [PE 2] Accumulator after  = -15.7812
  [PE 3] Weight = -1 Accumulator before = -6.375
  [PE 3] Accumulator after  = -7.375
  [PE 4] Weight = -1 Accumulator before = -11.2275
  [PE 4] Accumulator after  = -12.2275
WARNING: Hls::stream 'input' is read while empty, which may result in RTL simulation hanging.
[DEBUG] Tile = 3, Mask = 0b01000000
  [PE 0] Weight = -1 Accumulator before = -5.92188
  [PE 0] Accumulator after  = -6.92188
  [PE 1] Weight = 0 Accumulator before = -2
  [PE 1] Accumulator after  = -2
  [PE 2] Weight = 0 Accumulator before = -15.7812
  [PE 2] Accumulator after  = -15.7812
  [PE 3] Weight = 0 Accumulator before = -7.375
  [PE 3] Accumulator after  = -7.375
  [PE 4] Weight = 0 Accumulator before = -12.2275
  [PE 4] Accumulator after  = -12.2275
WARNING: Hls::stream 'input' is read while empty, which may result in RTL simulation hanging.
[DEBUG] Tile = 4, Mask = 0b01000000
  [PE 0] Weight = 0 Accumulator before = -6.92188
  [PE 0] Accumulator after  = -6.92188
  [PE 1] Weight = 0 Accumulator before = -2
  [PE 1] Accumulator after  = -2
  [PE 2] Weight = 0 Accumulator before = -15.7812
  [PE 2] Accumulator after  = -15.7812
  [PE 3] Weight = -1 Accumulator before = -7.375
  [PE 3] Accumulator after  = -8.375
  [PE 4] Weight = -1 Accumulator before = -12.2275
  [PE 4] Accumulator after  = -13.2275
WARNING: Hls::stream 'input' is read while empty, which may result in RTL simulation hanging.
[DEBUG] Tile = 5, Mask = 0b01000000
  [PE 0] Weight = 0 Accumulator before = -6.92188
  [PE 0] Accumulator after  = -6.92188
  [PE 1] Weight = 0 Accumulator before = -2
  [PE 1] Accumulator after  = -2
  [PE 2] Weight = -1 Accumulator before = -15.7812
  [PE 2] Accumulator after  = -16.7812
  [PE 3] Weight = -1 Accumulator before = -8.375
  [PE 3] Accumulator after  = -9.375
  [PE 4] Weight = 0 Accumulator before = -13.2275
  [PE 4] Accumulator after  = -13.2275
WARNING: Hls::stream 'input' is read while empty, which may result in RTL simulation hanging.
[DEBUG] Tile = 6, Mask = 0b01000000
  [PE 0] Weight = -1 Accumulator before = -6.92188
  [PE 0] Accumulator after  = -7.92188
  [PE 1] Weight = -1 Accumulator before = -2
  [PE 1] Accumulator after  = -3
  [PE 2] Weight = 0 Accumulator before = -16.7812
  [PE 2] Accumulator after  = -16.7812
  [PE 3] Weight = 0 Accumulator before = -9.375
  [PE 3] Accumulator after  = -9.375
  [PE 4] Weight = 0 Accumulator before = -13.2275
  [PE 4] Accumulator after  = -13.2275
WARNING: Hls::stream 'input' is read while empty, which may result in RTL simulation hanging.
[DEBUG] Tile = 7, Mask = 0b01000000
  [PE 0] Weight = 0 Accumulator before = -7.92188
  [PE 0] Accumulator after  = -7.92188
  [PE 1] Weight = -1 Accumulator before = -3
  [PE 1] Accumulator after  = -4
  [PE 2] Weight = 0 Accumulator before = -16.7812
  [PE 2] Accumulator after  = -16.7812
  [PE 3] Weight = 0 Accumulator before = -9.375
  [PE 3] Accumulator after  = -9.375
  [PE 4] Weight = 0 Accumulator before = -13.2275
  [PE 4] Accumulator after  = -13.2275
[THRESHOLD DEBUG] acc=-7.92188 > threshold=1 => NO: no spike
[THRESHOLD DEBUG] acc=-4 > threshold=1 => NO: no spike
[THRESHOLD DEBUG] acc=-16.7812 > threshold=1 => NO: no spike
[THRESHOLD DEBUG] acc=-9.375 > threshold=1 => NO: no spike
[THRESHOLD DEBUG] acc=-13.2275 > threshold=1 => NO: no spike
WARNING: Hls::stream 'input' is read while empty, which may result in RTL simulation hanging.
[DEBUG] Tile = 0, Mask = 0b01000000
  [PE 0] Weight = 0 Accumulator before = -6.93164
  [PE 0] Accumulator after  = -6.93164
  [PE 1] Weight = 0 Accumulator before = -3.5
  [PE 1] Accumulator after  = -3.5
  [PE 2] Weight = -1 Accumulator before = -18.6836
  [PE 2] Accumulator after  = -19.6836
  [PE 3] Weight = -1 Accumulator before = -8.20312
  [PE 3] Accumulator after  = -9.20312
  [PE 4] Weight = 0 Accumulator before = -11.5732
  [PE 4] Accumulator after  = -11.5732
WARNING: Hls::stream 'input' is read while empty, which may result in RTL simulation hanging.
[DEBUG] Tile = 1, Mask = 0b01000000
  [PE 0] Weight = -1 Accumulator before = -6.93164
  [PE 0] Accumulator after  = -7.93164
  [PE 1] Weight = -1 Accumulator before = -3.5
  [PE 1] Accumulator after  = -4.5
  [PE 2] Weight = 0 Accumulator before = -19.6836
  [PE 2] Accumulator after  = -19.6836
  [PE 3] Weight = -1 Accumulator before = -9.20312
  [PE 3] Accumulator after  = -10.2031
  [PE 4] Weight = -1 Accumulator before = -11.5732
  [PE 4] Accumulator after  = -12.5732
WARNING: Hls::stream 'input' is read while empty, which may result in RTL simulation hanging.
[DEBUG] Tile = 2, Mask = 0b01000000
  [PE 0] Weight = 0 Accumulator before = -7.93164
  [PE 0] Accumulator after  = -7.93164
  [PE 1] Weight = -1 Accumulator before = -4.5
  [PE 1] Accumulator after  = -5.5
  [PE 2] Weight = -1 Accumulator before = -19.6836
  [PE 2] Accumulator after  = -20.6836
  [PE 3] Weight = -1 Accumulator before = -10.2031
  [PE 3] Accumulator after  = -11.2031
  [PE 4] Weight = -1 Accumulator before = -12.5732
  [PE 4] Accumulator after  = -13.5732
WARNING: Hls::stream 'input' is read while empty, which may result in RTL simulation hanging.
[DEBUG] Tile = 3, Mask = 0b01000000
  [PE 0] Weight = -1 Accumulator before = -7.93164
  [PE 0] Accumulator after  = -8.93164
  [PE 1] Weight = 0 Accumulator before = -5.5
  [PE 1] Accumulator after  = -5.5
  [PE 2] Weight = 0 Accumulator before = -20.6836
  [PE 2] Accumulator after  = -20.6836
  [PE 3] Weight = 0 Accumulator before = -11.2031
  [PE 3] Accumulator after  = -11.2031
  [PE 4] Weight = 0 Accumulator before = -13.5732
  [PE 4] Accumulator after  = -13.5732
WARNING: Hls::stream 'input' is read while empty, which may result in RTL simulation hanging.
[DEBUG] Tile = 4, Mask = 0b01000000
  [PE 0] Weight = 0 Accumulator before = -8.93164
  [PE 0] Accumulator after  = -8.93164
  [PE 1] Weight = 0 Accumulator before = -5.5
  [PE 1] Accumulator after  = -5.5
  [PE 2] Weight = 0 Accumulator before = -20.6836
  [PE 2] Accumulator after  = -20.6836
  [PE 3] Weight = -1 Accumulator before = -11.2031
  [PE 3] Accumulator after  = -12.2031
  [PE 4] Weight = -1 Accumulator before = -13.5732
  [PE 4] Accumulator after  = -14.5732
WARNING: Hls::stream 'input' is read while empty, which may result in RTL simulation hanging.
[DEBUG] Tile = 5, Mask = 0b01000000
  [PE 0] Weight = 0 Accumulator before = -8.93164
  [PE 0] Accumulator after  = -8.93164
  [PE 1] Weight = 0 Accumulator before = -5.5
  [PE 1] Accumulator after  = -5.5
  [PE 2] Weight = -1 Accumulator before = -20.6836
  [PE 2] Accumulator after  = -21.6836
  [PE 3] Weight = -1 Accumulator before = -12.2031
  [PE 3] Accumulator after  = -13.2031
  [PE 4] Weight = 0 Accumulator before = -14.5732
  [PE 4] Accumulator after  = -14.5732
WARNING: Hls::stream 'input' is read while empty, which may result in RTL simulation hanging.
[DEBUG] Tile = 6, Mask = 0b01000000
  [PE 0] Weight = -1 Accumulator before = -8.93164
  [PE 0] Accumulator after  = -9.93164
  [PE 1] Weight = -1 Accumulator before = -5.5
  [PE 1] Accumulator after  = -6.5
  [PE 2] Weight = 0 Accumulator before = -21.6836
  [PE 2] Accumulator after  = -21.6836
  [PE 3] Weight = 0 Accumulator before = -13.2031
  [PE 3] Accumulator after  = -13.2031
  [PE 4] Weight = 0 Accumulator before = -14.5732
  [PE 4] Accumulator after  = -14.5732
WARNING: Hls::stream 'input' is read while empty, which may result in RTL simulation hanging.
[DEBUG] Tile = 7, Mask = 0b01000000
  [PE 0] Weight = 0 Accumulator before = -9.93164
  [PE 0] Accumulator after  = -9.93164
  [PE 1] Weight = -1 Accumulator before = -6.5
  [PE 1] Accumulator after  = -7.5
  [PE 2] Weight = 0 Accumulator before = -21.6836
  [PE 2] Accumulator after  = -21.6836
  [PE 3] Weight = 0 Accumulator before = -13.2031
  [PE 3] Accumulator after  = -13.2031
  [PE 4] Weight = 0 Accumulator before = -14.5732
  [PE 4] Accumulator after  = -14.5732
[THRESHOLD DEBUG] acc=-9.93164 > threshold=1 => NO: no spike
[THRESHOLD DEBUG] acc=-7.5 > threshold=1 => NO: no spike
[THRESHOLD DEBUG] acc=-21.6836 > threshold=1 => NO: no spike
[THRESHOLD DEBUG] acc=-13.2031 > threshold=1 => NO: no spike
[THRESHOLD DEBUG] acc=-14.5732 > threshold=1 => NO: no spike
WARNING: Hls::stream 'input' is read while empty, which may result in RTL simulation hanging.
[DEBUG] Tile = 0, Mask = 0b01000000
  [PE 0] Weight = 0 Accumulator before = -8.68945
  [PE 0] Accumulator after  = -8.68945
  [PE 1] Weight = 0 Accumulator before = -6.5625
  [PE 1] Accumulator after  = -6.5625
  [PE 2] Weight = -1 Accumulator before = -22.9727
  [PE 2] Accumulator after  = -23.9727
  [PE 3] Weight = -1 Accumulator before = -11.5527
  [PE 3] Accumulator after  = -12.5527
  [PE 4] Weight = 0 Accumulator before = -12.751
  [PE 4] Accumulator after  = -12.751
WARNING: Hls::stream 'input' is read while empty, which may result in RTL simulation hanging.
[DEBUG] Tile = 1, Mask = 0b01000000
  [PE 0] Weight = -1 Accumulator before = -8.68945
  [PE 0] Accumulator after  = -9.68945
  [PE 1] Weight = -1 Accumulator before = -6.5625
  [PE 1] Accumulator after  = -7.5625
  [PE 2] Weight = 0 Accumulator before = -23.9727
  [PE 2] Accumulator after  = -23.9727
  [PE 3] Weight = -1 Accumulator before = -12.5527
  [PE 3] Accumulator after  = -13.5527
  [PE 4] Weight = -1 Accumulator before = -12.751
  [PE 4] Accumulator after  = -13.751
WARNING: Hls::stream 'input' is read while empty, which may result in RTL simulation hanging.
[DEBUG] Tile = 2, Mask = 0b01000000
  [PE 0] Weight = 0 Accumulator before = -9.68945
  [PE 0] Accumulator after  = -9.68945
  [PE 1] Weight = -1 Accumulator before = -7.5625
  [PE 1] Accumulator after  = -8.5625
  [PE 2] Weight = -1 Accumulator before = -23.9727
  [PE 2] Accumulator after  = -24.9727
  [PE 3] Weight = -1 Accumulator before = -13.5527
  [PE 3] Accumulator after  = -14.5527
  [PE 4] Weight = -1 Accumulator before = -13.751
  [PE 4] Accumulator after  = -14.751
WARNING: Hls::stream 'input' is read while empty, which may result in RTL simulation hanging.
[DEBUG] Tile = 3, Mask = 0b01000000
  [PE 0] Weight = -1 Accumulator before = -9.68945
  [PE 0] Accumulator after  = -10.6895
  [PE 1] Weight = 0 Accumulator before = -8.5625
  [PE 1] Accumulator after  = -8.5625
  [PE 2] Weight = 0 Accumulator before = -24.9727
  [PE 2] Accumulator after  = -24.9727
  [PE 3] Weight = 0 Accumulator before = -14.5527
  [PE 3] Accumulator after  = -14.5527
  [PE 4] Weight = 0 Accumulator before = -14.751
  [PE 4] Accumulator after  = -14.751
WARNING: Hls::stream 'input' is read while empty, which may result in RTL simulation hanging.
[DEBUG] Tile = 4, Mask = 0b01000000
  [PE 0] Weight = 0 Accumulator before = -10.6895
  [PE 0] Accumulator after  = -10.6895
  [PE 1] Weight = 0 Accumulator before = -8.5625
  [PE 1] Accumulator after  = -8.5625
  [PE 2] Weight = 0 Accumulator before = -24.9727
  [PE 2] Accumulator after  = -24.9727
  [PE 3] Weight = -1 Accumulator before = -14.5527
  [PE 3] Accumulator after  = -15.5527
  [PE 4] Weight = -1 Accumulator before = -14.751
  [PE 4] Accumulator after  = -15.751
WARNING: Hls::stream 'input' is read while empty, which may result in RTL simulation hanging.
[DEBUG] Tile = 5, Mask = 0b01000000
  [PE 0] Weight = 0 Accumulator before = -10.6895
  [PE 0] Accumulator after  = -10.6895
  [PE 1] Weight = 0 Accumulator before = -8.5625
  [PE 1] Accumulator after  = -8.5625
  [PE 2] Weight = -1 Accumulator before = -24.9727
  [PE 2] Accumulator after  = -25.9727
  [PE 3] Weight = -1 Accumulator before = -15.5527
  [PE 3] Accumulator after  = -16.5527
  [PE 4] Weight = 0 Accumulator before = -15.751
  [PE 4] Accumulator after  = -15.751
WARNING: Hls::stream 'input' is read while empty, which may result in RTL simulation hanging.
[DEBUG] Tile = 6, Mask = 0b01000000
  [PE 0] Weight = -1 Accumulator before = -10.6895
  [PE 0] Accumulator after  = -11.6895
  [PE 1] Weight = -1 Accumulator before = -8.5625
  [PE 1] Accumulator after  = -9.5625
  [PE 2] Weight = 0 Accumulator before = -25.9727
  [PE 2] Accumulator after  = -25.9727
  [PE 3] Weight = 0 Accumulator before = -16.5527
  [PE 3] Accumulator after  = -16.5527
  [PE 4] Weight = 0 Accumulator before = -15.751
  [PE 4] Accumulator after  = -15.751
WARNING: Hls::stream 'input' is read while empty, which may result in RTL simulation hanging.
[DEBUG] Tile = 7, Mask = 0b01000000
  [PE 0] Weight = 0 Accumulator before = -11.6895
  [PE 0] Accumulator after  = -11.6895
  [PE 1] Weight = -1 Accumulator before = -9.5625
  [PE 1] Accumulator after  = -10.5625
  [PE 2] Weight = 0 Accumulator before = -25.9727
  [PE 2] Accumulator after  = -25.9727
  [PE 3] Weight = 0 Accumulator before = -16.5527
  [PE 3] Accumulator after  = -16.5527
  [PE 4] Weight = 0 Accumulator before = -15.751
  [PE 4] Accumulator after  = -15.751
[THRESHOLD DEBUG] acc=-11.6895 > threshold=1 => NO: no spike
[THRESHOLD DEBUG] acc=-10.5625 > threshold=1 => NO: no spike
[THRESHOLD DEBUG] acc=-25.9727 > threshold=1 => NO: no spike
[THRESHOLD DEBUG] acc=-16.5527 > threshold=1 => NO: no spike
[THRESHOLD DEBUG] acc=-15.751 > threshold=1 => NO: no spike
WARNING: Hls::stream 'input' is read while empty, which may result in RTL simulation hanging.
[DEBUG] Tile = 0, Mask = 0b01000000
  [PE 0] Weight = 0 Accumulator before = -10.2275
  [PE 0] Accumulator after  = -10.2275
  [PE 1] Weight = 0 Accumulator before = -9.24219
  [PE 1] Accumulator after  = -9.24219
  [PE 2] Weight = -1 Accumulator before = -26.7256
  [PE 2] Accumulator after  = -27.7256
  [PE 3] Weight = -1 Accumulator before = -18.4834
  [PE 3] Accumulator after  = -19.4834
  [PE 4] Weight = 0 Accumulator before = -13.7812
  [PE 4] Accumulator after  = -13.7812
WARNING: Hls::stream 'input' is read while empty, which may result in RTL simulation hanging.
[DEBUG] Tile = 1, Mask = 0b01000000
  [PE 0] Weight = -1 Accumulator before = -10.2275
  [PE 0] Accumulator after  = -11.2275
  [PE 1] Weight = -1 Accumulator before = -9.24219
  [PE 1] Accumulator after  = -10.2422
  [PE 2] Weight = 0 Accumulator before = -27.7256
  [PE 2] Accumulator after  = -27.7256
  [PE 3] Weight = -1 Accumulator before = -19.4834
  [PE 3] Accumulator after  = -20.4834
  [PE 4] Weight = -1 Accumulator before = -13.7812
  [PE 4] Accumulator after  = -14.7812
WARNING: Hls::stream 'input' is read while empty, which may result in RTL simulation hanging.
[DEBUG] Tile = 2, Mask = 0b01000000
  [PE 0] Weight = 0 Accumulator before = -11.2275
  [PE 0] Accumulator after  = -11.2275
  [PE 1] Weight = -1 Accumulator before = -10.2422
  [PE 1] Accumulator after  = -11.2422
  [PE 2] Weight = -1 Accumulator before = -27.7256
  [PE 2] Accumulator after  = -28.7256
  [PE 3] Weight = -1 Accumulator before = -20.4834
  [PE 3] Accumulator after  = -21.4834
  [PE 4] Weight = -1 Accumulator before = -14.7812
  [PE 4] Accumulator after  = -15.7812
WARNING: Hls::stream 'input' is read while empty, which may result in RTL simulation hanging.
[DEBUG] Tile = 3, Mask = 0b01000000
  [PE 0] Weight = -1 Accumulator before = -11.2275
  [PE 0] Accumulator after  = -12.2275
  [PE 1] Weight = 0 Accumulator before = -11.2422
  [PE 1] Accumulator after  = -11.2422
  [PE 2] Weight = 0 Accumulator before = -28.7256
  [PE 2] Accumulator after  = -28.7256
  [PE 3] Weight = 0 Accumulator before = -21.4834
  [PE 3] Accumulator after  = -21.4834
  [PE 4] Weight = 0 Accumulator before = -15.7812
  [PE 4] Accumulator after  = -15.7812
WARNING: Hls::stream 'input' is read while empty, which may result in RTL simulation hanging.
[DEBUG] Tile = 4, Mask = 0b01000000
  [PE 0] Weight = 0 Accumulator before = -12.2275
  [PE 0] Accumulator after  = -12.2275
  [PE 1] Weight = 0 Accumulator before = -11.2422
  [PE 1] Accumulator after  = -11.2422
  [PE 2] Weight = 0 Accumulator before = -28.7256
  [PE 2] Accumulator after  = -28.7256
  [PE 3] Weight = -1 Accumulator before = -21.4834
  [PE 3] Accumulator after  = -22.4834
  [PE 4] Weight = -1 Accumulator before = -15.7812
  [PE 4] Accumulator after  = -16.7812
WARNING: Hls::stream 'input' is read while empty, which may result in RTL simulation hanging.
[DEBUG] Tile = 5, Mask = 0b01000000
  [PE 0] Weight = 0 Accumulator before = -12.2275
  [PE 0] Accumulator after  = -12.2275
  [PE 1] Weight = 0 Accumulator before = -11.2422
  [PE 1] Accumulator after  = -11.2422
  [PE 2] Weight = -1 Accumulator before = -28.7256
  [PE 2] Accumulator after  = -29.7256
  [PE 3] Weight = -1 Accumulator before = -22.4834
  [PE 3] Accumulator after  = -23.4834
  [PE 4] Weight = 0 Accumulator before = -16.7812
  [PE 4] Accumulator after  = -16.7812
WARNING: Hls::stream 'input' is read while empty, which may result in RTL simulation hanging.
[DEBUG] Tile = 6, Mask = 0b01000000
  [PE 0] Weight = -1 Accumulator before = -12.2275
  [PE 0] Accumulator after  = -13.2275
  [PE 1] Weight = -1 Accumulator before = -11.2422
  [PE 1] Accumulator after  = -12.2422
  [PE 2] Weight = 0 Accumulator before = -29.7256
  [PE 2] Accumulator after  = -29.7256
  [PE 3] Weight = 0 Accumulator before = -23.4834
  [PE 3] Accumulator after  = -23.4834
  [PE 4] Weight = 0 Accumulator before = -16.7812
  [PE 4] Accumulator after  = -16.7812
WARNING: Hls::stream 'input' is read while empty, which may result in RTL simulation hanging.
[DEBUG] Tile = 7, Mask = 0b01000000
  [PE 0] Weight = 0 Accumulator before = -13.2275
  [PE 0] Accumulator after  = -13.2275
  [PE 1] Weight = -1 Accumulator before = -12.2422
  [PE 1] Accumulator after  = -13.2422
  [PE 2] Weight = 0 Accumulator before = -29.7256
  [PE 2] Accumulator after  = -29.7256
  [PE 3] Weight = 0 Accumulator before = -23.4834
  [PE 3] Accumulator after  = -23.4834
  [PE 4] Weight = 0 Accumulator before = -16.7812
  [PE 4] Accumulator after  = -16.7812
[THRESHOLD DEBUG] acc=-13.2275 > threshold=1 => NO: no spike
[THRESHOLD DEBUG] acc=-13.2422 > threshold=1 => NO: no spike
[THRESHOLD DEBUG] acc=-29.7256 > threshold=1 => NO: no spike
[THRESHOLD DEBUG] acc=-23.4834 > threshold=1 => NO: no spike
[THRESHOLD DEBUG] acc=-16.7812 > threshold=1 => NO: no spike
WARNING: Hls::stream 'input' is read while empty, which may result in RTL simulation hanging.
[DEBUG] Tile = 0, Mask = 0b01000000
  [PE 0] Weight = 0 Accumulator before = -11.5732
  [PE 0] Accumulator after  = -11.5732
  [PE 1] Weight = 0 Accumulator before = -11.5869
  [PE 1] Accumulator after  = -11.5869
  [PE 2] Weight = -1 Accumulator before = -30.0098
  [PE 2] Accumulator after  = -31.0098
  [PE 3] Weight = -1 Accumulator before = -24.5479
  [PE 3] Accumulator after  = -25.5479
  [PE 4] Weight = 0 Accumulator before = -18.6836
  [PE 4] Accumulator after  = -18.6836
WARNING: Hls::stream 'input' is read while empty, which may result in RTL simulation hanging.
[DEBUG] Tile = 1, Mask = 0b01000000
  [PE 0] Weight = -1 Accumulator before = -11.5732
  [PE 0] Accumulator after  = -12.5732
  [PE 1] Weight = -1 Accumulator before = -11.5869
  [PE 1] Accumulator after  = -12.5869
  [PE 2] Weight = 0 Accumulator before = -31.0098
  [PE 2] Accumulator after  = -31.0098
  [PE 3] Weight = -1 Accumulator before = -25.5479
  [PE 3] Accumulator after  = -26.5479
  [PE 4] Weight = -1 Accumulator before = -18.6836
  [PE 4] Accumulator after  = -19.6836
WARNING: Hls::stream 'input' is read while empty, which may result in RTL simulation hanging.
[DEBUG] Tile = 2, Mask = 0b01000000
  [PE 0] Weight = 0 Accumulator before = -12.5732
  [PE 0] Accumulator after  = -12.5732
  [PE 1] Weight = -1 Accumulator before = -12.5869
  [PE 1] Accumulator after  = -13.5869
  [PE 2] Weight = -1 Accumulator before = -31.0098
  [PE 2] Accumulator after  = 31.9902
  [PE 3] Weight = -1 Accumulator before = -26.5479
  [PE 3] Accumulator after  = -27.5479
  [PE 4] Weight = -1 Accumulator before = -19.6836
  [PE 4] Accumulator after  = -20.6836
WARNING: Hls::stream 'input' is read while empty, which may result in RTL simulation hanging.
[DEBUG] Tile = 3, Mask = 0b01000000
  [PE 0] Weight = -1 Accumulator before = -12.5732
  [PE 0] Accumulator after  = -13.5732
  [PE 1] Weight = 0 Accumulator before = -13.5869
  [PE 1] Accumulator after  = -13.5869
  [PE 2] Weight = 0 Accumulator before = 31.9902
  [PE 2] Accumulator after  = 31.9902
  [PE 3] Weight = 0 Accumulator before = -27.5479
  [PE 3] Accumulator after  = -27.5479
  [PE 4] Weight = 0 Accumulator before = -20.6836
  [PE 4] Accumulator after  = -20.6836
WARNING: Hls::stream 'input' is read while empty, which may result in RTL simulation hanging.
[DEBUG] Tile = 4, Mask = 0b01000000
  [PE 0] Weight = 0 Accumulator before = -13.5732
  [PE 0] Accumulator after  = -13.5732
  [PE 1] Weight = 0 Accumulator before = -13.5869
  [PE 1] Accumulator after  = -13.5869
  [PE 2] Weight = 0 Accumulator before = 31.9902
  [PE 2] Accumulator after  = 31.9902
  [PE 3] Weight = -1 Accumulator before = -27.5479
  [PE 3] Accumulator after  = -28.5479
  [PE 4] Weight = -1 Accumulator before = -20.6836
  [PE 4] Accumulator after  = -21.6836
WARNING: Hls::stream 'input' is read while empty, which may result in RTL simulation hanging.
[DEBUG] Tile = 5, Mask = 0b01000000
  [PE 0] Weight = 0 Accumulator before = -13.5732
  [PE 0] Accumulator after  = -13.5732
  [PE 1] Weight = 0 Accumulator before = -13.5869
  [PE 1] Accumulator after  = -13.5869
  [PE 2] Weight = -1 Accumulator before = 31.9902
  [PE 2] Accumulator after  = 30.9902
  [PE 3] Weight = -1 Accumulator before = -28.5479
  [PE 3] Accumulator after  = -29.5479
  [PE 4] Weight = 0 Accumulator before = -21.6836
  [PE 4] Accumulator after  = -21.6836
WARNING: Hls::stream 'input' is read while empty, which may result in RTL simulation hanging.
[DEBUG] Tile = 6, Mask = 0b01000000
  [PE 0] Weight = -1 Accumulator before = -13.5732
  [PE 0] Accumulator after  = -14.5732
  [PE 1] Weight = -1 Accumulator before = -13.5869
  [PE 1] Accumulator after  = -14.5869
  [PE 2] Weight = 0 Accumulator before = 30.9902
  [PE 2] Accumulator after  = 30.9902
  [PE 3] Weight = 0 Accumulator before = -29.5479
  [PE 3] Accumulator after  = -29.5479
  [PE 4] Weight = 0 Accumulator before = -21.6836
  [PE 4] Accumulator after  = -21.6836
WARNING: Hls::stream 'input' is read while empty, which may result in RTL simulation hanging.
[DEBUG] Tile = 7, Mask = 0b01000000
  [PE 0] Weight = 0 Accumulator before = -14.5732
  [PE 0] Accumulator after  = -14.5732
  [PE 1] Weight = -1 Accumulator before = -14.5869
  [PE 1] Accumulator after  = -15.5869
  [PE 2] Weight = 0 Accumulator before = 30.9902
  [PE 2] Accumulator after  = 30.9902
  [PE 3] Weight = 0 Accumulator before = -29.5479
  [PE 3] Accumulator after  = -29.5479
  [PE 4] Weight = 0 Accumulator before = -21.6836
  [PE 4] Accumulator after  = -21.6836
[THRESHOLD DEBUG] acc=-14.5732 > threshold=1 => NO: no spike
[THRESHOLD DEBUG] acc=-15.5869 > threshold=1 => NO: no spike
[THRESHOLD DEBUG] acc=30.9902 > threshold=1 => YES: SPIKE
[THRESHOLD DEBUG] acc=-29.5479 > threshold=1 => NO: no spike
[THRESHOLD DEBUG] acc=-21.6836 > threshold=1 => NO: no spike
WARNING: Hls::stream 'input' is read while empty, which may result in RTL simulation hanging.
[DEBUG] Tile = 0, Mask = 0b01000000
  [PE 0] Weight = 0 Accumulator before = -12.751
  [PE 0] Accumulator after  = -12.751
  [PE 1] Weight = 0 Accumulator before = -13.6377
  [PE 1] Accumulator after  = -13.6377
  [PE 2] Weight = -1 Accumulator before = 0
  [PE 2] Accumulator after  = -1
  [PE 3] Weight = -1 Accumulator before = -29.8535
  [PE 3] Accumulator after  = -30.8535
  [PE 4] Weight = 0 Accumulator before = -22.9727
  [PE 4] Accumulator after  = -22.9727
WARNING: Hls::stream 'input' is read while empty, which may result in RTL simulation hanging.
[DEBUG] Tile = 1, Mask = 0b01000000
  [PE 0] Weight = -1 Accumulator before = -12.751
  [PE 0] Accumulator after  = -13.751
  [PE 1] Weight = -1 Accumulator before = -13.6377
  [PE 1] Accumulator after  = -14.6377
  [PE 2] Weight = 0 Accumulator before = -1
  [PE 2] Accumulator after  = -1
  [PE 3] Weight = -1 Accumulator before = -30.8535
  [PE 3] Accumulator after  = -31.8535
  [PE 4] Weight = -1 Accumulator before = -22.9727
  [PE 4] Accumulator after  = -23.9727
WARNING: Hls::stream 'input' is read while empty, which may result in RTL simulation hanging.
[DEBUG] Tile = 2, Mask = 0b01000000
  [PE 0] Weight = 0 Accumulator before = -13.751
  [PE 0] Accumulator after  = -13.751
  [PE 1] Weight = -1 Accumulator before = -14.6377
  [PE 1] Accumulator after  = -15.6377
  [PE 2] Weight = -1 Accumulator before = -1
  [PE 2] Accumulator after  = -2
  [PE 3] Weight = -1 Accumulator before = -31.8535
  [PE 3] Accumulator after  = 31.1465
  [PE 4] Weight = -1 Accumulator before = -23.9727
  [PE 4] Accumulator after  = -24.9727
WARNING: Hls::stream 'input' is read while empty, which may result in RTL simulation hanging.
[DEBUG] Tile = 3, Mask = 0b01000000
  [PE 0] Weight = -1 Accumulator before = -13.751
  [PE 0] Accumulator after  = -14.751
  [PE 1] Weight = 0 Accumulator before = -15.6377
  [PE 1] Accumulator after  = -15.6377
  [PE 2] Weight = 0 Accumulator before = -2
  [PE 2] Accumulator after  = -2
  [PE 3] Weight = 0 Accumulator before = 31.1465
  [PE 3] Accumulator after  = 31.1465
  [PE 4] Weight = 0 Accumulator before = -24.9727
  [PE 4] Accumulator after  = -24.9727
WARNING: Hls::stream 'input' is read while empty, which may result in RTL simulation hanging.
[DEBUG] Tile = 4, Mask = 0b01000000
  [PE 0] Weight = 0 Accumulator before = -14.751
  [PE 0] Accumulator after  = -14.751
  [PE 1] Weight = 0 Accumulator before = -15.6377
  [PE 1] Accumulator after  = -15.6377
  [PE 2] Weight = 0 Accumulator before = -2
  [PE 2] Accumulator after  = -2
  [PE 3] Weight = -1 Accumulator before = 31.1465
  [PE 3] Accumulator after  = 30.1465
  [PE 4] Weight = -1 Accumulator before = -24.9727
  [PE 4] Accumulator after  = -25.9727
WARNING: Hls::stream 'input' is read while empty, which may result in RTL simulation hanging.
[DEBUG] Tile = 5, Mask = 0b01000000
  [PE 0] Weight = 0 Accumulator before = -14.751
  [PE 0] Accumulator after  = -14.751
  [PE 1] Weight = 0 Accumulator before = -15.6377
  [PE 1] Accumulator after  = -15.6377
  [PE 2] Weight = -1 Accumulator before = -2
  [PE 2] Accumulator after  = -3
  [PE 3] Weight = -1 Accumulator before = 30.1465
  [PE 3] Accumulator after  = 29.1465
  [PE 4] Weight = 0 Accumulator before = -25.9727
  [PE 4] Accumulator after  = -25.9727
WARNING: Hls::stream 'input' is read while empty, which may result in RTL simulation hanging.
[DEBUG] Tile = 6, Mask = 0b01000000
  [PE 0] Weight = -1 Accumulator before = -14.751
  [PE 0] Accumulator after  = -15.751
  [PE 1] Weight = -1 Accumulator before = -15.6377
  [PE 1] Accumulator after  = -16.6377
  [PE 2] Weight = 0 Accumulator before = -3
  [PE 2] Accumulator after  = -3
  [PE 3] Weight = 0 Accumulator before = 29.1465
  [PE 3] Accumulator after  = 29.1465
  [PE 4] Weight = 0 Accumulator before = -25.9727
  [PE 4] Accumulator after  = -25.9727
WARNING: Hls::stream 'input' is read while empty, which may result in RTL simulation hanging.
[DEBUG] Tile = 7, Mask = 0b01000000
  [PE 0] Weight = 0 Accumulator before = -15.751
  [PE 0] Accumulator after  = -15.751
  [PE 1] Weight = -1 Accumulator before = -16.6377
  [PE 1] Accumulator after  = -17.6377
  [PE 2] Weight = 0 Accumulator before = -3
  [PE 2] Accumulator after  = -3
  [PE 3] Weight = 0 Accumulator before = 29.1465
  [PE 3] Accumulator after  = 29.1465
  [PE 4] Weight = 0 Accumulator before = -25.9727
  [PE 4] Accumulator after  = -25.9727
[THRESHOLD DEBUG] acc=-15.751 > threshold=1 => NO: no spike
[THRESHOLD DEBUG] acc=-17.6377 > threshold=1 => NO: no spike
[THRESHOLD DEBUG] acc=-3 > threshold=1 => NO: no spike
[THRESHOLD DEBUG] acc=29.1465 > threshold=1 => YES: SPIKE
[THRESHOLD DEBUG] acc=-25.9727 > threshold=1 => NO: no spike
WARNING: Hls::stream 'input' is read while empty, which may result in RTL simulation hanging.
[DEBUG] Tile = 0, Mask = 0b01000000
  [PE 0] Weight = 0 Accumulator before = -13.7812
  [PE 0] Accumulator after  = -13.7812
  [PE 1] Weight = 0 Accumulator before = -19.4326
  [PE 1] Accumulator after  = -19.4326
  [PE 2] Weight = -1 Accumulator before = -2.625
  [PE 2] Accumulator after  = -3.625
  [PE 3] Weight = -1 Accumulator before = 0
  [PE 3] Accumulator after  = -1
  [PE 4] Weight = 0 Accumulator before = -26.7256
  [PE 4] Accumulator after  = -26.7256
WARNING: Hls::stream 'input' is read while empty, which may result in RTL simulation hanging.
[DEBUG] Tile = 1, Mask = 0b01000000
  [PE 0] Weight = -1 Accumulator before = -13.7812
  [PE 0] Accumulator after  = -14.7812
  [PE 1] Weight = -1 Accumulator before = -19.4326
  [PE 1] Accumulator after  = -20.4326
  [PE 2] Weight = 0 Accumulator before = -3.625
  [PE 2] Accumulator after  = -3.625
  [PE 3] Weight = -1 Accumulator before = -1
  [PE 3] Accumulator after  = -2
  [PE 4] Weight = -1 Accumulator before = -26.7256
  [PE 4] Accumulator after  = -27.7256
WARNING: Hls::stream 'input' is read while empty, which may result in RTL simulation hanging.
[DEBUG] Tile = 2, Mask = 0b01000000
  [PE 0] Weight = 0 Accumulator before = -14.7812
  [PE 0] Accumulator after  = -14.7812
  [PE 1] Weight = -1 Accumulator before = -20.4326
  [PE 1] Accumulator after  = -21.4326
  [PE 2] Weight = -1 Accumulator before = -3.625
  [PE 2] Accumulator after  = -4.625
  [PE 3] Weight = -1 Accumulator before = -2
  [PE 3] Accumulator after  = -3
  [PE 4] Weight = -1 Accumulator before = -27.7256
  [PE 4] Accumulator after  = -28.7256
WARNING: Hls::stream 'input' is read while empty, which may result in RTL simulation hanging.
[DEBUG] Tile = 3, Mask = 0b01000000
  [PE 0] Weight = -1 Accumulator before = -14.7812
  [PE 0] Accumulator after  = -15.7812
  [PE 1] Weight = 0 Accumulator before = -21.4326
  [PE 1] Accumulator after  = -21.4326
  [PE 2] Weight = 0 Accumulator before = -4.625
  [PE 2] Accumulator after  = -4.625
  [PE 3] Weight = 0 Accumulator before = -3
  [PE 3] Accumulator after  = -3
  [PE 4] Weight = 0 Accumulator before = -28.7256
  [PE 4] Accumulator after  = -28.7256
WARNING: Hls::stream 'input' is read while empty, which may result in RTL simulation hanging.
[DEBUG] Tile = 4, Mask = 0b01000000
  [PE 0] Weight = 0 Accumulator before = -15.7812
  [PE 0] Accumulator after  = -15.7812
  [PE 1] Weight = 0 Accumulator before = -21.4326
  [PE 1] Accumulator after  = -21.4326
  [PE 2] Weight = 0 Accumulator before = -4.625
  [PE 2] Accumulator after  = -4.625
  [PE 3] Weight = -1 Accumulator before = -3
  [PE 3] Accumulator after  = -4
  [PE 4] Weight = -1 Accumulator before = -28.7256
  [PE 4] Accumulator after  = -29.7256
WARNING: Hls::stream 'input' is read while empty, which may result in RTL simulation hanging.
[DEBUG] Tile = 5, Mask = 0b01000000
  [PE 0] Weight = 0 Accumulator before = -15.7812
  [PE 0] Accumulator after  = -15.7812
  [PE 1] Weight = 0 Accumulator before = -21.4326
  [PE 1] Accumulator after  = -21.4326
  [PE 2] Weight = -1 Accumulator before = -4.625
  [PE 2] Accumulator after  = -5.625
  [PE 3] Weight = -1 Accumulator before = -4
  [PE 3] Accumulator after  = -5
  [PE 4] Weight = 0 Accumulator before = -29.7256
  [PE 4] Accumulator after  = -29.7256
WARNING: Hls::stream 'input' is read while empty, which may result in RTL simulation hanging.
[DEBUG] Tile = 6, Mask = 0b01000000
  [PE 0] Weight = -1 Accumulator before = -15.7812
  [PE 0] Accumulator after  = -16.7812
  [PE 1] Weight = -1 Accumulator before = -21.4326
  [PE 1] Accumulator after  = -22.4326
  [PE 2] Weight = 0 Accumulator before = -5.625
  [PE 2] Accumulator after  = -5.625
  [PE 3] Weight = 0 Accumulator before = -5
  [PE 3] Accumulator after  = -5
  [PE 4] Weight = 0 Accumulator before = -29.7256
  [PE 4] Accumulator after  = -29.7256
WARNING: Hls::stream 'input' is read while empty, which may result in RTL simulation hanging.
[DEBUG] Tile = 7, Mask = 0b01000000
  [PE 0] Weight = 0 Accumulator before = -16.7812
  [PE 0] Accumulator after  = -16.7812
  [PE 1] Weight = -1 Accumulator before = -22.4326
  [PE 1] Accumulator after  = -23.4326
  [PE 2] Weight = 0 Accumulator before = -5.625
  [PE 2] Accumulator after  = -5.625
  [PE 3] Weight = 0 Accumulator before = -5
  [PE 3] Accumulator after  = -5
  [PE 4] Weight = 0 Accumulator before = -29.7256
  [PE 4] Accumulator after  = -29.7256
[THRESHOLD DEBUG] acc=-16.7812 > threshold=1 => NO: no spike
[THRESHOLD DEBUG] acc=-23.4326 > threshold=1 => NO: no spike
[THRESHOLD DEBUG] acc=-5.625 > threshold=1 => NO: no spike
[THRESHOLD DEBUG] acc=-5 > threshold=1 => NO: no spike
[THRESHOLD DEBUG] acc=-29.7256 > threshold=1 => NO: no spike
WARNING: Hls::stream 'input' is read while empty, which may result in RTL simulation hanging.
[DEBUG] Tile = 0, Mask = 0b01000000
  [PE 0] Weight = 0 Accumulator before = -18.6836
  [PE 0] Accumulator after  = -18.6836
  [PE 1] Weight = 0 Accumulator before = -24.5029
  [PE 1] Accumulator after  = -24.5029
  [PE 2] Weight = -1 Accumulator before = -4.92188
  [PE 2] Accumulator after  = -5.92188
  [PE 3] Weight = -1 Accumulator before = -4.375
  [PE 3] Accumulator after  = -5.375
  [PE 4] Weight = 0 Accumulator before = -30.0098
  [PE 4] Accumulator after  = -30.0098
WARNING: Hls::stream 'input' is read while empty, which may result in RTL simulation hanging.
[DEBUG] Tile = 1, Mask = 0b01000000
  [PE 0] Weight = -1 Accumulator before = -18.6836
  [PE 0] Accumulator after  = -19.6836
  [PE 1] Weight = -1 Accumulator before = -24.5029
  [PE 1] Accumulator after  = -25.5029
  [PE 2] Weight = 0 Accumulator before = -5.92188
  [PE 2] Accumulator after  = -5.92188
  [PE 3] Weight = -1 Accumulator before = -5.375
  [PE 3] Accumulator after  = -6.375
  [PE 4] Weight = -1 Accumulator before = -30.0098
  [PE 4] Accumulator after  = -31.0098
WARNING: Hls::stream 'input' is read while empty, which may result in RTL simulation hanging.
[DEBUG] Tile = 2, Mask = 0b01000000
  [PE 0] Weight = 0 Accumulator before = -19.6836
  [PE 0] Accumulator after  = -19.6836
  [PE 1] Weight = -1 Accumulator before = -25.5029
  [PE 1] Accumulator after  = -26.5029
  [PE 2] Weight = -1 Accumulator before = -5.92188
  [PE 2] Accumulator after  = -6.92188
  [PE 3] Weight = -1 Accumulator before = -6.375
  [PE 3] Accumulator after  = -7.375
  [PE 4] Weight = -1 Accumulator before = -31.0098
  [PE 4] Accumulator after  = 31.9902
WARNING: Hls::stream 'input' is read while empty, which may result in RTL simulation hanging.
[DEBUG] Tile = 3, Mask = 0b01000000
  [PE 0] Weight = -1 Accumulator before = -19.6836
  [PE 0] Accumulator after  = -20.6836
  [PE 1] Weight = 0 Accumulator before = -26.5029
  [PE 1] Accumulator after  = -26.5029
  [PE 2] Weight = 0 Accumulator before = -6.92188
  [PE 2] Accumulator after  = -6.92188
  [PE 3] Weight = 0 Accumulator before = -7.375
  [PE 3] Accumulator after  = -7.375
  [PE 4] Weight = 0 Accumulator before = 31.9902
  [PE 4] Accumulator after  = 31.9902
WARNING: Hls::stream 'input' is read while empty, which may result in RTL simulation hanging.
[DEBUG] Tile = 4, Mask = 0b01000000
  [PE 0] Weight = 0 Accumulator before = -20.6836
  [PE 0] Accumulator after  = -20.6836
  [PE 1] Weight = 0 Accumulator before = -26.5029
  [PE 1] Accumulator after  = -26.5029
  [PE 2] Weight = 0 Accumulator before = -6.92188
  [PE 2] Accumulator after  = -6.92188
  [PE 3] Weight = -1 Accumulator before = -7.375
  [PE 3] Accumulator after  = -8.375
  [PE 4] Weight = -1 Accumulator before = 31.9902
  [PE 4] Accumulator after  = 30.9902
WARNING: Hls::stream 'input' is read while empty, which may result in RTL simulation hanging.
[DEBUG] Tile = 5, Mask = 0b01000000
  [PE 0] Weight = 0 Accumulator before = -20.6836
  [PE 0] Accumulator after  = -20.6836
  [PE 1] Weight = 0 Accumulator before = -26.5029
  [PE 1] Accumulator after  = -26.5029
  [PE 2] Weight = -1 Accumulator before = -6.92188
  [PE 2] Accumulator after  = -7.92188
  [PE 3] Weight = -1 Accumulator before = -8.375
  [PE 3] Accumulator after  = -9.375
  [PE 4] Weight = 0 Accumulator before = 30.9902
  [PE 4] Accumulator after  = 30.9902
WARNING: Hls::stream 'input' is read while empty, which may result in RTL simulation hanging.
[DEBUG] Tile = 6, Mask = 0b01000000
  [PE 0] Weight = -1 Accumulator before = -20.6836
  [PE 0] Accumulator after  = -21.6836
  [PE 1] Weight = -1 Accumulator before = -26.5029
  [PE 1] Accumulator after  = -27.5029
  [PE 2] Weight = 0 Accumulator before = -7.92188
  [PE 2] Accumulator after  = -7.92188
  [PE 3] Weight = 0 Accumulator before = -9.375
  [PE 3] Accumulator after  = -9.375
  [PE 4] Weight = 0 Accumulator before = 30.9902
  [PE 4] Accumulator after  = 30.9902
WARNING: Hls::stream 'input' is read while empty, which may result in RTL simulation hanging.
[DEBUG] Tile = 7, Mask = 0b01000000
  [PE 0] Weight = 0 Accumulator before = -21.6836
  [PE 0] Accumulator after  = -21.6836
  [PE 1] Weight = -1 Accumulator before = -27.5029
  [PE 1] Accumulator after  = -28.5029
  [PE 2] Weight = 0 Accumulator before = -7.92188
  [PE 2] Accumulator after  = -7.92188
  [PE 3] Weight = 0 Accumulator before = -9.375
  [PE 3] Accumulator after  = -9.375
  [PE 4] Weight = 0 Accumulator before = 30.9902
  [PE 4] Accumulator after  = 30.9902
[THRESHOLD DEBUG] acc=-21.6836 > threshold=1 => NO: no spike
[THRESHOLD DEBUG] acc=-28.5029 > threshold=1 => NO: no spike
[THRESHOLD DEBUG] acc=-7.92188 > threshold=1 => NO: no spike
[THRESHOLD DEBUG] acc=-9.375 > threshold=1 => NO: no spike
[THRESHOLD DEBUG] acc=30.9902 > threshold=1 => YES: SPIKE
WARNING: Hls::stream 'input' is read while empty, which may result in RTL simulation hanging.
[DEBUG] Tile = 0, Mask = 0b01000000
  [PE 0] Weight = 0 Accumulator before = -22.9727
  [PE 0] Accumulator after  = -22.9727
  [PE 1] Weight = 0 Accumulator before = -28.9395
  [PE 1] Accumulator after  = -28.9395
  [PE 2] Weight = -1 Accumulator before = -6.93164
  [PE 2] Accumulator after  = -7.93164
  [PE 3] Weight = -1 Accumulator before = -8.20312
  [PE 3] Accumulator after  = -9.20312
  [PE 4] Weight = 0 Accumulator before = 0
  [PE 4] Accumulator after  = 0
WARNING: Hls::stream 'input' is read while empty, which may result in RTL simulation hanging.
[DEBUG] Tile = 1, Mask = 0b01000000
  [PE 0] Weight = -1 Accumulator before = -22.9727
  [PE 0] Accumulator after  = -23.9727
  [PE 1] Weight = -1 Accumulator before = -28.9395
  [PE 1] Accumulator after  = -29.9395
  [PE 2] Weight = 0 Accumulator before = -7.93164
  [PE 2] Accumulator after  = -7.93164
  [PE 3] Weight = -1 Accumulator before = -9.20312
  [PE 3] Accumulator after  = -10.2031
  [PE 4] Weight = -1 Accumulator before = 0
  [PE 4] Accumulator after  = -1
WARNING: Hls::stream 'input' is read while empty, which may result in RTL simulation hanging.
[DEBUG] Tile = 2, Mask = 0b01000000
  [PE 0] Weight = 0 Accumulator before = -23.9727
  [PE 0] Accumulator after  = -23.9727
  [PE 1] Weight = -1 Accumulator before = -29.9395
  [PE 1] Accumulator after  = -30.9395
  [PE 2] Weight = -1 Accumulator before = -7.93164
  [PE 2] Accumulator after  = -8.93164
  [PE 3] Weight = -1 Accumulator before = -10.2031
  [PE 3] Accumulator after  = -11.2031
  [PE 4] Weight = -1 Accumulator before = -1
  [PE 4] Accumulator after  = -2
WARNING: Hls::stream 'input' is read while empty, which may result in RTL simulation hanging.
[DEBUG] Tile = 3, Mask = 0b01000000
  [PE 0] Weight = -1 Accumulator before = -23.9727
  [PE 0] Accumulator after  = -24.9727
  [PE 1] Weight = 0 Accumulator before = -30.9395
  [PE 1] Accumulator after  = -30.9395
  [PE 2] Weight = 0 Accumulator before = -8.93164
  [PE 2] Accumulator after  = -8.93164
  [PE 3] Weight = 0 Accumulator before = -11.2031
  [PE 3] Accumulator after  = -11.2031
  [PE 4] Weight = 0 Accumulator before = -2
  [PE 4] Accumulator after  = -2
WARNING: Hls::stream 'input' is read while empty, which may result in RTL simulation hanging.
[DEBUG] Tile = 4, Mask = 0b01000000
  [PE 0] Weight = 0 Accumulator before = -24.9727
  [PE 0] Accumulator after  = -24.9727
  [PE 1] Weight = 0 Accumulator before = -30.9395
  [PE 1] Accumulator after  = -30.9395
  [PE 2] Weight = 0 Accumulator before = -8.93164
  [PE 2] Accumulator after  = -8.93164
  [PE 3] Weight = -1 Accumulator before = -11.2031
  [PE 3] Accumulator after  = -12.2031
  [PE 4] Weight = -1 Accumulator before = -2
  [PE 4] Accumulator after  = -3
WARNING: Hls::stream 'input' is read while empty, which may result in RTL simulation hanging.
[DEBUG] Tile = 5, Mask = 0b01000000
  [PE 0] Weight = 0 Accumulator before = -24.9727
  [PE 0] Accumulator after  = -24.9727
  [PE 1] Weight = 0 Accumulator before = -30.9395
  [PE 1] Accumulator after  = -30.9395
  [PE 2] Weight = -1 Accumulator before = -8.93164
  [PE 2] Accumulator after  = -9.93164
  [PE 3] Weight = -1 Accumulator before = -12.2031
  [PE 3] Accumulator after  = -13.2031
  [PE 4] Weight = 0 Accumulator before = -3
  [PE 4] Accumulator after  = -3
WARNING: Hls::stream 'input' is read while empty, which may result in RTL simulation hanging.
[DEBUG] Tile = 6, Mask = 0b01000000
  [PE 0] Weight = -1 Accumulator before = -24.9727
  [PE 0] Accumulator after  = -25.9727
  [PE 1] Weight = -1 Accumulator before = -30.9395
  [PE 1] Accumulator after  = -31.9395
  [PE 2] Weight = 0 Accumulator before = -9.93164
  [PE 2] Accumulator after  = -9.93164
  [PE 3] Weight = 0 Accumulator before = -13.2031
  [PE 3] Accumulator after  = -13.2031
  [PE 4] Weight = 0 Accumulator before = -3
  [PE 4] Accumulator after  = -3
WARNING: Hls::stream 'input' is read while empty, which may result in RTL simulation hanging.
[DEBUG] Tile = 7, Mask = 0b01000000
  [PE 0] Weight = 0 Accumulator before = -25.9727
  [PE 0] Accumulator after  = -25.9727
  [PE 1] Weight = -1 Accumulator before = -31.9395
  [PE 1] Accumulator after  = 31.0605
  [PE 2] Weight = 0 Accumulator before = -9.93164
  [PE 2] Accumulator after  = -9.93164
  [PE 3] Weight = 0 Accumulator before = -13.2031
  [PE 3] Accumulator after  = -13.2031
  [PE 4] Weight = 0 Accumulator before = -3
  [PE 4] Accumulator after  = -3
[THRESHOLD DEBUG] acc=-25.9727 > threshold=1 => NO: no spike
[THRESHOLD DEBUG] acc=31.0605 > threshold=1 => YES: SPIKE
[THRESHOLD DEBUG] acc=-9.93164 > threshold=1 => NO: no spike
[THRESHOLD DEBUG] acc=-13.2031 > threshold=1 => NO: no spike
[THRESHOLD DEBUG] acc=-3 > threshold=1 => NO: no spike

Run complete. Output stream size: 20
WARNING: Hls::stream 'output' contains leftover data, which may result in RTL simulation hanging.
INFO: [SIM 1] CSim done with 0 errors.
INFO: [SIM 3] *************** CSIM finish ***************
