#
# An unexpected error has occurred (11)
#
Stack:
/lib/x86_64-linux-gnu/libc.so.6(+0x43090) [0x7f8f5ef74090]
/lib/x86_64-linux-gnu/libc.so.6(malloc_usable_size+0x48) [0x7f8f5efcd1f8]
/lib/x86_64-linux-gnu/libudev.so.1(+0x10319) [0x7f8f1085a319]
/lib/x86_64-linux-gnu/libudev.so.1(+0x167c4) [0x7f8f108607c4]
/lib/x86_64-linux-gnu/libudev.so.1(+0x1b255) [0x7f8f10865255]
/lib/x86_64-linux-gnu/libudev.so.1(+0x1b4bb) [0x7f8f108654bb]
/lib/x86_64-linux-gnu/libudev.so.1(udev_enumerate_scan_devices+0x277) [0x7f8f10867d67]
/tools/Xilinx2/Vivado/2020.1/lib/lnx64.o/libXil_lmgr11.so(+0x10f927) [0x7f8f5842a927]
/tools/Xilinx2/Vivado/2020.1/lib/lnx64.o/libXil_lmgr11.so(xilinxd_52bd858d5acf2fc4+0x9) [0x7f8f5842ad89]
/tools/Xilinx2/Vivado/2020.1/lib/lnx64.o/libXil_lmgr11.so(+0xc6566) [0x7f8f583e1566]
/tools/Xilinx2/Vivado/2020.1/lib/lnx64.o/libXil_lmgr11.so(xilinxd_52bd853912de43c2+0xc8) [0x7f8f583e1098]
/tools/Xilinx2/Vivado/2020.1/lib/lnx64.o/libXil_lmgr11.so(+0xb33a2) [0x7f8f583ce3a2]
/tools/Xilinx2/Vivado/2020.1/lib/lnx64.o/libXil_lmgr11.so(+0xab970) [0x7f8f583c6970]
/tools/Xilinx2/Vivado/2020.1/lib/lnx64.o/libXil_lmgr11.so(+0xad40d) [0x7f8f583c840d]
/tools/Xilinx2/Vivado/2020.1/lib/lnx64.o/libXil_lmgr11.so(xilinxd_52bd90013417a1dc+0x34c) [0x7f8f583bfebc]
/tools/Xilinx2/Vivado/2020.1/lib/lnx64.o/libXil_lmgr11.so(xilinxd_52bd6fcc5faf4a0e+0x99) [0x7f8f583c0079]
/tools/Xilinx2/Vivado/2020.1/lib/lnx64.o/libXil_lmgr11.so(XilFNP::XilFlex::XF_lc_checkout(lm_handle*, char*, char*, int, int, vendorcode7*, int, unsigned char*)+0x146) [0x7f8f5837a606]
/tools/Xilinx2/Vivado/2020.1/lib/lnx64.o/librdi_commonxillic.so(+0x7ad3c) [0x7f8f5ae8cd3c]
/tools/Xilinx2/Vivado/2020.1/lib/lnx64.o/librdi_commonxillic.so(+0x7b657) [0x7f8f5ae8d657]
/tools/Xilinx2/Vivado/2020.1/lib/lnx64.o/librdi_commonxillic.so(XilReg::Utils::GetRegKey(std::__cxx11::basic_string<char, std::char_traits<char>, std::allocator<char> > const&, std::__cxx11::basic_string<char, std::char_traits<char>, std::allocator<char> > const&, std::__cxx11::basic_string<char, std::char_traits<char>, std::allocator<char> > const&, unsigned long, int*, bool*, int*, std::__cxx11::basic_string<char, std::char_traits<char>, std::allocator<char> >&, bool*, std::vector<std::pair<std::__cxx11::basic_string<char, std::char_traits<char>, std::allocator<char> >, lm_handle*>, std::allocator<std::pair<std::__cxx11::basic_string<char, std::char_traits<char>, std::allocator<char> >, lm_handle*> > >&)+0x94) [0x7f8f5ae8e7a4]
/tools/Xilinx2/Vivado/2020.1/lib/lnx64.o/librdi_commonxillic.so(XilReg::Utils::GetRegKey(lm_handle**, std::__cxx11::basic_string<char, std::char_traits<char>, std::allocator<char> > const&, std::__cxx11::basic_string<char, std::char_traits<char>, std::allocator<char> > const&, int*, bool*, int*, std::__cxx11::basic_string<char, std::char_traits<char>, std::allocator<char> >&, bool*, unsigned char*)+0x8d) [0x7f8f5ae8e85d]
/tools/Xilinx2/Vivado/2020.1/lib/lnx64.o/librdi_common.so(HLRegMgr::checkoutFeature(HLFeature*, std::__cxx11::basic_string<char, std::char_traits<char>, std::allocator<char> > const&, bool, bool) const+0x299) [0x7f8f5fec8e89]
/tools/Xilinx2/Vivado/2020.1/lib/lnx64.o/librdi_common.so(HLRegMgr::getFeature(std::__cxx11::basic_string<char, std::char_traits<char>, std::allocator<char> > const&, bool, std::__cxx11::basic_string<char, std::char_traits<char>, std::allocator<char> > const&, bool) const+0x109) [0x7f8f5feca489]
/tools/Xilinx2/Vivado/2020.1/lib/lnx64.o/librdi_common.so(HLRegUtils::HLLRegCheckHandler::getRegKey(std::__cxx11::basic_string<char, std::char_traits<char>, std::allocator<char> > const&)+0x56) [0x7f8f5fecb0f6]
/tools/Xilinx2/Vivado/2020.1/lib/lnx64.o/librdi_vivadotasks.so(+0x5a8851) [0x7f8f1234d851]
/tools/Xilinx2/Vivado/2020.1/lib/lnx64.o/librdi_vivadotasks.so(+0x5b63a5) [0x7f8f1235b3a5]
/tools/Xilinx2/Vivado/2020.1/lib/lnx64.o/librdi_common.so(+0x9627f2) [0x7f8f602427f2]
/tools/Xilinx2/Vivado/2020.1/lib/lnx64.o/libtcl8.5.so(+0x334af) [0x7f8f5a6e64af]
/tools/Xilinx2/Vivado/2020.1/lib/lnx64.o/libtcl8.5.so(+0x76875) [0x7f8f5a729875]
/tools/Xilinx2/Vivado/2020.1/lib/lnx64.o/libtcl8.5.so(+0x7e029) [0x7f8f5a731029]
/tools/Xilinx2/Vivado/2020.1/lib/lnx64.o/libtcl8.5.so(TclEvalObjEx+0x76) [0x7f8f5a6e8156]
/tools/Xilinx2/Vivado/2020.1/lib/lnx64.o/libtcl8.5.so(+0x3e754) [0x7f8f5a6f1754]
/tools/Xilinx2/Vivado/2020.1/lib/lnx64.o/libtcl8.5.so(+0x334af) [0x7f8f5a6e64af]
/tools/Xilinx2/Vivado/2020.1/lib/lnx64.o/libtcl8.5.so(+0x34b38) [0x7f8f5a6e7b38]
/tools/Xilinx2/Vivado/2020.1/lib/lnx64.o/libtcl8.5.so(Tcl_EvalEx+0x13) [0x7f8f5a6e80a3]
/tools/Xilinx2/Vivado/2020.1/lib/lnx64.o/libtcl8.5.so(Tcl_FSEvalFileEx+0x1da) [0x7f8f5a74cc5a]
/tools/Xilinx2/Vivado/2020.1/lib/lnx64.o/librdi_commontasks.so(+0x1f895d) [0x7f8f555b995d]
/tools/Xilinx2/Vivado/2020.1/lib/lnx64.o/librdi_common.so(+0x9627f2) [0x7f8f602427f2]
/tools/Xilinx2/Vivado/2020.1/lib/lnx64.o/libtcl8.5.so(+0x334af) [0x7f8f5a6e64af]
/tools/Xilinx2/Vivado/2020.1/lib/lnx64.o/libtcl8.5.so(Tcl_EvalObjv+0x32) [0x7f8f5a6e65e2]
/tools/Xilinx2/Vivado/2020.1/lib/lnx64.o/libtcl8.5.so(TclEvalObjEx+0x322) [0x7f8f5a6e8402]
/tools/Xilinx2/Vivado/2020.1/lib/lnx64.o/librdi_commontasks.so(+0x23f068) [0x7f8f55600068]
/tools/Xilinx2/Vivado/2020.1/lib/lnx64.o/librdi_commontasks.so(+0x24093e) [0x7f8f5560193e]
/tools/Xilinx2/Vivado/2020.1/lib/lnx64.o/librdi_common.so(+0x9627f2) [0x7f8f602427f2]
/tools/Xilinx2/Vivado/2020.1/lib/lnx64.o/libtcl8.5.so(+0x334af) [0x7f8f5a6e64af]
/tools/Xilinx2/Vivado/2020.1/lib/lnx64.o/libtcl8.5.so(Tcl_EvalObjv+0x32) [0x7f8f5a6e65e2]
/tools/Xilinx2/Vivado/2020.1/lib/lnx64.o/libtcl8.5.so(TclEvalObjEx+0x322) [0x7f8f5a6e8402]
/tools/Xilinx2/Vivado/2020.1/lib/lnx64.o/librdi_commonmain.so(+0xad53) [0x7f8f5f6d8d53]
/tools/Xilinx2/Vivado/2020.1/lib/lnx64.o/libtcl8.5.so(Tcl_Main+0x1d0) [0x7f8f5a753210]
/tools/Xilinx2/Vivado/2020.1/lib/lnx64.o/librdi_common.so(+0x9a6e6b) [0x7f8f60286e6b]
/lib/x86_64-linux-gnu/libpthread.so.0(+0x8609) [0x7f8f5ef16609]
/lib/x86_64-linux-gnu/libc.so.6(clone+0x43) [0x7f8f5f050353]
