

================================================================
== Vivado HLS Report for 'AddStreams'
================================================================
* Date:           Fri Jul 11 20:09:47 2025

* Version:        2020.1 (Build 2897737 on Wed May 27 20:21:37 MDT 2020)
* Project:        hls-syn-add
* Solution:       sol1
* Product family: zynquplus
* Target device:  xczu3eg-sbva484-1-i


================================================================
== Performance Estimates
================================================================
+ Timing: 
    * Summary: 
    +--------+---------+----------+------------+
    |  Clock |  Target | Estimated| Uncertainty|
    +--------+---------+----------+------------+
    |ap_clk  | 5.00 ns | 3.913 ns |   0.62 ns  |
    +--------+---------+----------+------------+

+ Latency: 
    * Summary: 
    +---------+---------+-----------+-----------+-----+-----+---------+
    |  Latency (cycles) |   Latency (absolute)  |  Interval | Pipeline|
    |   min   |   max   |    min    |    max    | min | max |   Type  |
    +---------+---------+-----------+-----------+-----+-----+---------+
    |        7|        7| 35.000 ns | 35.000 ns |    7|    7|   none  |
    +---------+---------+-----------+-----------+-----+-----+---------+

    + Detail: 
        * Instance: 
        N/A

        * Loop: 
        +----------+---------+---------+----------+-----------+-----------+------+----------+
        |          |  Latency (cycles) | Iteration|  Initiation Interval  | Trip |          |
        | Loop Name|   min   |   max   |  Latency |  achieved |   target  | Count| Pipelined|
        +----------+---------+---------+----------+-----------+-----------+------+----------+
        |- Loop 1  |        5|        5|         3|          1|          1|     4|    yes   |
        +----------+---------+---------+----------+-----------+-----------+------+----------+



================================================================
== Utilization Estimates
================================================================
* Summary: 
+-----------------+---------+-------+--------+-------+-----+
|       Name      | BRAM_18K| DSP48E|   FF   |  LUT  | URAM|
+-----------------+---------+-------+--------+-------+-----+
|DSP              |        -|      -|       -|      -|    -|
|Expression       |        -|      -|       0|   1822|    -|
|FIFO             |        -|      -|       -|      -|    -|
|Instance         |        -|      -|       -|      -|    -|
|Memory           |        -|      -|       -|      -|    -|
|Multiplexer      |        -|      -|       -|     75|    -|
|Register         |        -|      -|     203|      -|    -|
+-----------------+---------+-------+--------+-------+-----+
|Total            |        0|      0|     203|   1897|    0|
+-----------------+---------+-------+--------+-------+-----+
|Available        |      432|    360|  141120|  70560|    0|
+-----------------+---------+-------+--------+-------+-----+
|Utilization (%)  |        0|      0|   ~0   |      2|    0|
+-----------------+---------+-------+--------+-------+-----+

+ Detail: 
    * Instance: 
    N/A

    * DSP48E: 
    N/A

    * Memory: 
    N/A

    * FIFO: 
    N/A

    * Expression: 
    +----------------------------------+----------+-------+---+----+------------+------------+
    |           Variable Name          | Operation| DSP48E| FF| LUT| Bitwidth P0| Bitwidth P1|
    +----------------------------------+----------+-------+---+----+------------+------------+
    |add_ln1353_10_fu_604_p2           |     +    |      0|  0|  15|           5|           5|
    |add_ln1353_11_fu_614_p2           |     +    |      0|  0|  15|           2|           6|
    |add_ln1353_12_fu_670_p2           |     +    |      0|  0|  15|           5|           5|
    |add_ln1353_13_fu_680_p2           |     +    |      0|  0|  15|           2|           6|
    |add_ln1353_14_fu_736_p2           |     +    |      0|  0|  15|           5|           5|
    |add_ln1353_15_fu_746_p2           |     +    |      0|  0|  15|           2|           6|
    |add_ln1353_16_fu_802_p2           |     +    |      0|  0|  15|           5|           5|
    |add_ln1353_17_fu_812_p2           |     +    |      0|  0|  15|           2|           6|
    |add_ln1353_18_fu_868_p2           |     +    |      0|  0|  15|           5|           5|
    |add_ln1353_19_fu_878_p2           |     +    |      0|  0|  15|           2|           6|
    |add_ln1353_1_fu_284_p2            |     +    |      0|  0|  15|           2|           6|
    |add_ln1353_20_fu_934_p2           |     +    |      0|  0|  15|           5|           5|
    |add_ln1353_21_fu_944_p2           |     +    |      0|  0|  15|           2|           6|
    |add_ln1353_22_fu_1000_p2          |     +    |      0|  0|  15|           5|           5|
    |add_ln1353_23_fu_1010_p2          |     +    |      0|  0|  15|           2|           6|
    |add_ln1353_24_fu_1066_p2          |     +    |      0|  0|  15|           5|           5|
    |add_ln1353_25_fu_1076_p2          |     +    |      0|  0|  15|           2|           6|
    |add_ln1353_26_fu_1132_p2          |     +    |      0|  0|  15|           5|           5|
    |add_ln1353_27_fu_1142_p2          |     +    |      0|  0|  15|           2|           6|
    |add_ln1353_28_fu_1198_p2          |     +    |      0|  0|  15|           5|           5|
    |add_ln1353_29_fu_1208_p2          |     +    |      0|  0|  15|           2|           6|
    |add_ln1353_2_fu_340_p2            |     +    |      0|  0|  15|           5|           5|
    |add_ln1353_30_fu_1264_p2          |     +    |      0|  0|  15|           5|           5|
    |add_ln1353_31_fu_1274_p2          |     +    |      0|  0|  15|           2|           6|
    |add_ln1353_32_fu_1330_p2          |     +    |      0|  0|  15|           5|           5|
    |add_ln1353_33_fu_1340_p2          |     +    |      0|  0|  15|           2|           6|
    |add_ln1353_34_fu_1396_p2          |     +    |      0|  0|  15|           5|           5|
    |add_ln1353_35_fu_1406_p2          |     +    |      0|  0|  15|           2|           6|
    |add_ln1353_36_fu_1462_p2          |     +    |      0|  0|  15|           5|           5|
    |add_ln1353_37_fu_1472_p2          |     +    |      0|  0|  15|           2|           6|
    |add_ln1353_38_fu_1528_p2          |     +    |      0|  0|  15|           5|           5|
    |add_ln1353_39_fu_1538_p2          |     +    |      0|  0|  15|           2|           6|
    |add_ln1353_3_fu_350_p2            |     +    |      0|  0|  15|           2|           6|
    |add_ln1353_40_fu_1594_p2          |     +    |      0|  0|  15|           5|           5|
    |add_ln1353_41_fu_1604_p2          |     +    |      0|  0|  15|           2|           6|
    |add_ln1353_42_fu_1660_p2          |     +    |      0|  0|  15|           5|           5|
    |add_ln1353_43_fu_1670_p2          |     +    |      0|  0|  15|           2|           6|
    |add_ln1353_44_fu_1726_p2          |     +    |      0|  0|  15|           5|           5|
    |add_ln1353_45_fu_1736_p2          |     +    |      0|  0|  15|           2|           6|
    |add_ln1353_46_fu_1792_p2          |     +    |      0|  0|  15|           5|           5|
    |add_ln1353_47_fu_1802_p2          |     +    |      0|  0|  15|           2|           6|
    |add_ln1353_48_fu_1858_p2          |     +    |      0|  0|  15|           5|           5|
    |add_ln1353_49_fu_1868_p2          |     +    |      0|  0|  15|           2|           6|
    |add_ln1353_4_fu_406_p2            |     +    |      0|  0|  15|           5|           5|
    |add_ln1353_50_fu_1924_p2          |     +    |      0|  0|  15|           5|           5|
    |add_ln1353_51_fu_1934_p2          |     +    |      0|  0|  15|           2|           6|
    |add_ln1353_52_fu_1990_p2          |     +    |      0|  0|  15|           5|           5|
    |add_ln1353_53_fu_2000_p2          |     +    |      0|  0|  15|           2|           6|
    |add_ln1353_54_fu_2056_p2          |     +    |      0|  0|  15|           5|           5|
    |add_ln1353_55_fu_2066_p2          |     +    |      0|  0|  15|           2|           6|
    |add_ln1353_56_fu_2122_p2          |     +    |      0|  0|  15|           5|           5|
    |add_ln1353_57_fu_2132_p2          |     +    |      0|  0|  15|           2|           6|
    |add_ln1353_58_fu_2188_p2          |     +    |      0|  0|  15|           5|           5|
    |add_ln1353_59_fu_2198_p2          |     +    |      0|  0|  15|           2|           6|
    |add_ln1353_5_fu_416_p2            |     +    |      0|  0|  15|           2|           6|
    |add_ln1353_60_fu_2254_p2          |     +    |      0|  0|  15|           5|           5|
    |add_ln1353_61_fu_2264_p2          |     +    |      0|  0|  15|           2|           6|
    |add_ln1353_62_fu_2320_p2          |     +    |      0|  0|  15|           5|           5|
    |add_ln1353_63_fu_2330_p2          |     +    |      0|  0|  15|           2|           6|
    |add_ln1353_6_fu_472_p2            |     +    |      0|  0|  15|           5|           5|
    |add_ln1353_7_fu_482_p2            |     +    |      0|  0|  15|           2|           6|
    |add_ln1353_8_fu_538_p2            |     +    |      0|  0|  15|           5|           5|
    |add_ln1353_9_fu_548_p2            |     +    |      0|  0|  15|           2|           6|
    |add_ln1353_fu_274_p2              |     +    |      0|  0|  15|           5|           5|
    |add_ln703_10_fu_956_p2            |     +    |      0|  0|   7|           4|           4|
    |add_ln703_11_fu_1022_p2           |     +    |      0|  0|   7|           4|           4|
    |add_ln703_12_fu_1088_p2           |     +    |      0|  0|   7|           4|           4|
    |add_ln703_13_fu_1154_p2           |     +    |      0|  0|   7|           4|           4|
    |add_ln703_14_fu_1220_p2           |     +    |      0|  0|   7|           4|           4|
    |add_ln703_15_fu_1286_p2           |     +    |      0|  0|   7|           4|           4|
    |add_ln703_16_fu_1352_p2           |     +    |      0|  0|   7|           4|           4|
    |add_ln703_17_fu_1418_p2           |     +    |      0|  0|   7|           4|           4|
    |add_ln703_18_fu_1484_p2           |     +    |      0|  0|   7|           4|           4|
    |add_ln703_19_fu_1550_p2           |     +    |      0|  0|   7|           4|           4|
    |add_ln703_1_fu_362_p2             |     +    |      0|  0|   7|           4|           4|
    |add_ln703_20_fu_1616_p2           |     +    |      0|  0|   7|           4|           4|
    |add_ln703_21_fu_1682_p2           |     +    |      0|  0|   7|           4|           4|
    |add_ln703_22_fu_1748_p2           |     +    |      0|  0|   7|           4|           4|
    |add_ln703_23_fu_1814_p2           |     +    |      0|  0|   7|           4|           4|
    |add_ln703_24_fu_1880_p2           |     +    |      0|  0|   7|           4|           4|
    |add_ln703_25_fu_1946_p2           |     +    |      0|  0|   7|           4|           4|
    |add_ln703_26_fu_2012_p2           |     +    |      0|  0|   7|           4|           4|
    |add_ln703_27_fu_2078_p2           |     +    |      0|  0|   7|           4|           4|
    |add_ln703_28_fu_2144_p2           |     +    |      0|  0|   7|           4|           4|
    |add_ln703_29_fu_2210_p2           |     +    |      0|  0|   7|           4|           4|
    |add_ln703_2_fu_428_p2             |     +    |      0|  0|   7|           4|           4|
    |add_ln703_30_fu_2276_p2           |     +    |      0|  0|   7|           4|           4|
    |add_ln703_31_fu_2342_p2           |     +    |      0|  0|   7|           4|           4|
    |add_ln703_32_fu_290_p2            |     +    |      0|  0|   7|           2|           4|
    |add_ln703_33_fu_356_p2            |     +    |      0|  0|   7|           2|           4|
    |add_ln703_34_fu_422_p2            |     +    |      0|  0|   7|           2|           4|
    |add_ln703_35_fu_488_p2            |     +    |      0|  0|   7|           2|           4|
    |add_ln703_36_fu_554_p2            |     +    |      0|  0|   7|           2|           4|
    |add_ln703_37_fu_620_p2            |     +    |      0|  0|   7|           2|           4|
    |add_ln703_38_fu_686_p2            |     +    |      0|  0|   7|           2|           4|
    |add_ln703_39_fu_752_p2            |     +    |      0|  0|   7|           2|           4|
    |add_ln703_3_fu_494_p2             |     +    |      0|  0|   7|           4|           4|
    |add_ln703_40_fu_818_p2            |     +    |      0|  0|   7|           2|           4|
    |add_ln703_41_fu_884_p2            |     +    |      0|  0|   7|           2|           4|
    |add_ln703_42_fu_950_p2            |     +    |      0|  0|   7|           2|           4|
    |add_ln703_43_fu_1016_p2           |     +    |      0|  0|   7|           2|           4|
    |add_ln703_44_fu_1082_p2           |     +    |      0|  0|   7|           2|           4|
    |add_ln703_45_fu_1148_p2           |     +    |      0|  0|   7|           2|           4|
    |add_ln703_46_fu_1214_p2           |     +    |      0|  0|   7|           2|           4|
    |add_ln703_47_fu_1280_p2           |     +    |      0|  0|   7|           2|           4|
    |add_ln703_48_fu_1346_p2           |     +    |      0|  0|   7|           2|           4|
    |add_ln703_49_fu_1412_p2           |     +    |      0|  0|   7|           2|           4|
    |add_ln703_4_fu_560_p2             |     +    |      0|  0|   7|           4|           4|
    |add_ln703_50_fu_1478_p2           |     +    |      0|  0|   7|           2|           4|
    |add_ln703_51_fu_1544_p2           |     +    |      0|  0|   7|           2|           4|
    |add_ln703_52_fu_1610_p2           |     +    |      0|  0|   7|           2|           4|
    |add_ln703_53_fu_1676_p2           |     +    |      0|  0|   7|           2|           4|
    |add_ln703_54_fu_1742_p2           |     +    |      0|  0|   7|           2|           4|
    |add_ln703_55_fu_1808_p2           |     +    |      0|  0|   7|           2|           4|
    |add_ln703_56_fu_1874_p2           |     +    |      0|  0|   7|           2|           4|
    |add_ln703_57_fu_1940_p2           |     +    |      0|  0|   7|           2|           4|
    |add_ln703_58_fu_2006_p2           |     +    |      0|  0|   7|           2|           4|
    |add_ln703_59_fu_2072_p2           |     +    |      0|  0|   7|           2|           4|
    |add_ln703_5_fu_626_p2             |     +    |      0|  0|   7|           4|           4|
    |add_ln703_60_fu_2138_p2           |     +    |      0|  0|   7|           2|           4|
    |add_ln703_61_fu_2204_p2           |     +    |      0|  0|   7|           2|           4|
    |add_ln703_62_fu_2270_p2           |     +    |      0|  0|   7|           2|           4|
    |add_ln703_63_fu_2336_p2           |     +    |      0|  0|   7|           2|           4|
    |add_ln703_6_fu_692_p2             |     +    |      0|  0|   7|           4|           4|
    |add_ln703_7_fu_758_p2             |     +    |      0|  0|   7|           4|           4|
    |add_ln703_8_fu_824_p2             |     +    |      0|  0|   7|           4|           4|
    |add_ln703_9_fu_890_p2             |     +    |      0|  0|   7|           4|           4|
    |add_ln703_fu_296_p2               |     +    |      0|  0|   7|           4|           4|
    |i_fu_252_p2                       |     +    |      0|  0|  11|           3|           1|
    |ap_block_state4_pp0_stage0_iter2  |    and   |      0|  0|   2|           1|           1|
    |icmp_ln569_fu_246_p2              |   icmp   |      0|  0|   9|           3|           4|
    |icmp_ln785_10_fu_2478_p2          |   icmp   |      0|  0|   8|           2|           1|
    |icmp_ln785_11_fu_2490_p2          |   icmp   |      0|  0|   8|           2|           1|
    |icmp_ln785_12_fu_2502_p2          |   icmp   |      0|  0|   8|           2|           1|
    |icmp_ln785_13_fu_2514_p2          |   icmp   |      0|  0|   8|           2|           1|
    |icmp_ln785_14_fu_2526_p2          |   icmp   |      0|  0|   8|           2|           1|
    |icmp_ln785_15_fu_2538_p2          |   icmp   |      0|  0|   8|           2|           1|
    |icmp_ln785_16_fu_2550_p2          |   icmp   |      0|  0|   8|           2|           1|
    |icmp_ln785_17_fu_2562_p2          |   icmp   |      0|  0|   8|           2|           1|
    |icmp_ln785_18_fu_2574_p2          |   icmp   |      0|  0|   8|           2|           1|
    |icmp_ln785_19_fu_2586_p2          |   icmp   |      0|  0|   8|           2|           1|
    |icmp_ln785_1_fu_2370_p2           |   icmp   |      0|  0|   8|           2|           1|
    |icmp_ln785_20_fu_2598_p2          |   icmp   |      0|  0|   8|           2|           1|
    |icmp_ln785_21_fu_2610_p2          |   icmp   |      0|  0|   8|           2|           1|
    |icmp_ln785_22_fu_2622_p2          |   icmp   |      0|  0|   8|           2|           1|
    |icmp_ln785_23_fu_2634_p2          |   icmp   |      0|  0|   8|           2|           1|
    |icmp_ln785_24_fu_2646_p2          |   icmp   |      0|  0|   8|           2|           1|
    |icmp_ln785_25_fu_2658_p2          |   icmp   |      0|  0|   8|           2|           1|
    |icmp_ln785_26_fu_2670_p2          |   icmp   |      0|  0|   8|           2|           1|
    |icmp_ln785_27_fu_2682_p2          |   icmp   |      0|  0|   8|           2|           1|
    |icmp_ln785_28_fu_2694_p2          |   icmp   |      0|  0|   8|           2|           1|
    |icmp_ln785_29_fu_2706_p2          |   icmp   |      0|  0|   8|           2|           1|
    |icmp_ln785_2_fu_2382_p2           |   icmp   |      0|  0|   8|           2|           1|
    |icmp_ln785_30_fu_2718_p2          |   icmp   |      0|  0|   8|           2|           1|
    |icmp_ln785_31_fu_2730_p2          |   icmp   |      0|  0|   8|           2|           1|
    |icmp_ln785_3_fu_2394_p2           |   icmp   |      0|  0|   8|           2|           1|
    |icmp_ln785_4_fu_2406_p2           |   icmp   |      0|  0|   8|           2|           1|
    |icmp_ln785_5_fu_2418_p2           |   icmp   |      0|  0|   8|           2|           1|
    |icmp_ln785_6_fu_2430_p2           |   icmp   |      0|  0|   8|           2|           1|
    |icmp_ln785_7_fu_2442_p2           |   icmp   |      0|  0|   8|           2|           1|
    |icmp_ln785_8_fu_2454_p2           |   icmp   |      0|  0|   8|           2|           1|
    |icmp_ln785_9_fu_2466_p2           |   icmp   |      0|  0|   8|           2|           1|
    |icmp_ln785_fu_2358_p2             |   icmp   |      0|  0|   8|           2|           1|
    |ap_block_pp0_stage0_01001         |    or    |      0|  0|   2|           1|           1|
    |ap_block_state3_pp0_stage0_iter1  |    or    |      0|  0|   2|           1|           1|
    |select_ln340_10_fu_2483_p3        |  select  |      0|  0|   4|           1|           2|
    |select_ln340_11_fu_2495_p3        |  select  |      0|  0|   4|           1|           2|
    |select_ln340_12_fu_2507_p3        |  select  |      0|  0|   4|           1|           2|
    |select_ln340_13_fu_2519_p3        |  select  |      0|  0|   4|           1|           2|
    |select_ln340_14_fu_2531_p3        |  select  |      0|  0|   4|           1|           2|
    |select_ln340_15_fu_2543_p3        |  select  |      0|  0|   4|           1|           2|
    |select_ln340_16_fu_2555_p3        |  select  |      0|  0|   4|           1|           2|
    |select_ln340_17_fu_2567_p3        |  select  |      0|  0|   4|           1|           2|
    |select_ln340_18_fu_2579_p3        |  select  |      0|  0|   4|           1|           2|
    |select_ln340_19_fu_2591_p3        |  select  |      0|  0|   4|           1|           2|
    |select_ln340_1_fu_2375_p3         |  select  |      0|  0|   4|           1|           2|
    |select_ln340_20_fu_2603_p3        |  select  |      0|  0|   4|           1|           2|
    |select_ln340_21_fu_2615_p3        |  select  |      0|  0|   4|           1|           2|
    |select_ln340_22_fu_2627_p3        |  select  |      0|  0|   4|           1|           2|
    |select_ln340_23_fu_2639_p3        |  select  |      0|  0|   4|           1|           2|
    |select_ln340_24_fu_2651_p3        |  select  |      0|  0|   4|           1|           2|
    |select_ln340_25_fu_2663_p3        |  select  |      0|  0|   4|           1|           2|
    |select_ln340_26_fu_2675_p3        |  select  |      0|  0|   4|           1|           2|
    |select_ln340_27_fu_2687_p3        |  select  |      0|  0|   4|           1|           2|
    |select_ln340_28_fu_2699_p3        |  select  |      0|  0|   4|           1|           2|
    |select_ln340_29_fu_2711_p3        |  select  |      0|  0|   4|           1|           2|
    |select_ln340_2_fu_2387_p3         |  select  |      0|  0|   4|           1|           2|
    |select_ln340_30_fu_2723_p3        |  select  |      0|  0|   4|           1|           2|
    |select_ln340_31_fu_2735_p3        |  select  |      0|  0|   4|           1|           2|
    |select_ln340_3_fu_2399_p3         |  select  |      0|  0|   4|           1|           2|
    |select_ln340_4_fu_2411_p3         |  select  |      0|  0|   4|           1|           2|
    |select_ln340_5_fu_2423_p3         |  select  |      0|  0|   4|           1|           2|
    |select_ln340_6_fu_2435_p3         |  select  |      0|  0|   4|           1|           2|
    |select_ln340_7_fu_2447_p3         |  select  |      0|  0|   4|           1|           2|
    |select_ln340_8_fu_2459_p3         |  select  |      0|  0|   4|           1|           2|
    |select_ln340_9_fu_2471_p3         |  select  |      0|  0|   4|           1|           2|
    |select_ln340_fu_2363_p3           |  select  |      0|  0|   4|           1|           2|
    |ap_enable_pp0                     |    xor   |      0|  0|   2|           1|           2|
    |ap_enable_reg_pp0_iter1           |    xor   |      0|  0|   2|           2|           1|
    +----------------------------------+----------+-------+---+----+------------+------------+
    |Total                             |          |      0|  0|1822|         524|         715|
    +----------------------------------+----------+-------+---+----+------------+------------+

    * Multiplexer: 
    +-------------------------+----+-----------+-----+-----------+
    |           Name          | LUT| Input Size| Bits| Total Bits|
    +-------------------------+----+-----------+-----+-----------+
    |ap_NS_fsm                |  21|          4|    1|          4|
    |ap_enable_reg_pp0_iter1  |   9|          2|    1|          2|
    |ap_enable_reg_pp0_iter2  |   9|          2|    1|          2|
    |i_0_reg_235              |   9|          2|    3|          6|
    |in1_V_V_blk_n            |   9|          2|    1|          2|
    |in2_V_V_blk_n            |   9|          2|    1|          2|
    |out_V_V_blk_n            |   9|          2|    1|          2|
    +-------------------------+----+-----------+-----+-----------+
    |Total                    |  75|         16|    9|         20|
    +-------------------------+----+-----------+-----+-----------+

    * Register: 
    +-----------------------------------+---+----+-----+-----------+
    |                Name               | FF| LUT| Bits| Const Bits|
    +-----------------------------------+---+----+-----+-----------+
    |add_ln703_10_reg_2920              |  4|   0|    4|          0|
    |add_ln703_11_reg_2930              |  4|   0|    4|          0|
    |add_ln703_12_reg_2940              |  4|   0|    4|          0|
    |add_ln703_13_reg_2950              |  4|   0|    4|          0|
    |add_ln703_14_reg_2960              |  4|   0|    4|          0|
    |add_ln703_15_reg_2970              |  4|   0|    4|          0|
    |add_ln703_16_reg_2980              |  4|   0|    4|          0|
    |add_ln703_17_reg_2990              |  4|   0|    4|          0|
    |add_ln703_18_reg_3000              |  4|   0|    4|          0|
    |add_ln703_19_reg_3010              |  4|   0|    4|          0|
    |add_ln703_1_reg_2830               |  4|   0|    4|          0|
    |add_ln703_20_reg_3020              |  4|   0|    4|          0|
    |add_ln703_21_reg_3030              |  4|   0|    4|          0|
    |add_ln703_22_reg_3040              |  4|   0|    4|          0|
    |add_ln703_23_reg_3050              |  4|   0|    4|          0|
    |add_ln703_24_reg_3060              |  4|   0|    4|          0|
    |add_ln703_25_reg_3070              |  4|   0|    4|          0|
    |add_ln703_26_reg_3080              |  4|   0|    4|          0|
    |add_ln703_27_reg_3090              |  4|   0|    4|          0|
    |add_ln703_28_reg_3100              |  4|   0|    4|          0|
    |add_ln703_29_reg_3110              |  4|   0|    4|          0|
    |add_ln703_2_reg_2840               |  4|   0|    4|          0|
    |add_ln703_30_reg_3120              |  4|   0|    4|          0|
    |add_ln703_31_reg_3130              |  4|   0|    4|          0|
    |add_ln703_3_reg_2850               |  4|   0|    4|          0|
    |add_ln703_4_reg_2860               |  4|   0|    4|          0|
    |add_ln703_5_reg_2870               |  4|   0|    4|          0|
    |add_ln703_6_reg_2880               |  4|   0|    4|          0|
    |add_ln703_7_reg_2890               |  4|   0|    4|          0|
    |add_ln703_8_reg_2900               |  4|   0|    4|          0|
    |add_ln703_9_reg_2910               |  4|   0|    4|          0|
    |add_ln703_reg_2820                 |  4|   0|    4|          0|
    |ap_CS_fsm                          |  3|   0|    3|          0|
    |ap_enable_reg_pp0_iter0            |  1|   0|    1|          0|
    |ap_enable_reg_pp0_iter1            |  1|   0|    1|          0|
    |ap_enable_reg_pp0_iter2            |  1|   0|    1|          0|
    |i_0_reg_235                        |  3|   0|    3|          0|
    |icmp_ln569_reg_2811                |  1|   0|    1|          0|
    |icmp_ln569_reg_2811_pp0_iter1_reg  |  1|   0|    1|          0|
    |tmp_10_reg_2925                    |  2|   0|    2|          0|
    |tmp_11_reg_2935                    |  2|   0|    2|          0|
    |tmp_12_reg_2945                    |  2|   0|    2|          0|
    |tmp_13_reg_2955                    |  2|   0|    2|          0|
    |tmp_14_reg_2965                    |  2|   0|    2|          0|
    |tmp_15_reg_2975                    |  2|   0|    2|          0|
    |tmp_16_reg_2985                    |  2|   0|    2|          0|
    |tmp_17_reg_2995                    |  2|   0|    2|          0|
    |tmp_18_reg_3005                    |  2|   0|    2|          0|
    |tmp_19_reg_3015                    |  2|   0|    2|          0|
    |tmp_1_reg_2825                     |  2|   0|    2|          0|
    |tmp_20_reg_3025                    |  2|   0|    2|          0|
    |tmp_21_reg_3035                    |  2|   0|    2|          0|
    |tmp_22_reg_3045                    |  2|   0|    2|          0|
    |tmp_23_reg_3055                    |  2|   0|    2|          0|
    |tmp_24_reg_3065                    |  2|   0|    2|          0|
    |tmp_25_reg_3075                    |  2|   0|    2|          0|
    |tmp_26_reg_3085                    |  2|   0|    2|          0|
    |tmp_27_reg_3095                    |  2|   0|    2|          0|
    |tmp_28_reg_3105                    |  2|   0|    2|          0|
    |tmp_29_reg_3115                    |  2|   0|    2|          0|
    |tmp_2_reg_2835                     |  2|   0|    2|          0|
    |tmp_30_reg_3125                    |  2|   0|    2|          0|
    |tmp_31_reg_3135                    |  2|   0|    2|          0|
    |tmp_3_reg_2845                     |  2|   0|    2|          0|
    |tmp_4_reg_2855                     |  2|   0|    2|          0|
    |tmp_5_reg_2865                     |  2|   0|    2|          0|
    |tmp_6_reg_2875                     |  2|   0|    2|          0|
    |tmp_7_reg_2885                     |  2|   0|    2|          0|
    |tmp_8_reg_2895                     |  2|   0|    2|          0|
    |tmp_9_reg_2905                     |  2|   0|    2|          0|
    |tmp_s_reg_2915                     |  2|   0|    2|          0|
    +-----------------------------------+---+----+-----+-----------+
    |Total                              |203|   0|  203|          0|
    +-----------------------------------+---+----+-----+-----------+



================================================================
== Interface
================================================================
* Summary: 
+-----------------+-----+-----+------------+--------------+--------------+
|    RTL Ports    | Dir | Bits|  Protocol  | Source Object|    C Type    |
+-----------------+-----+-----+------------+--------------+--------------+
|ap_clk           |  in |    1| ap_ctrl_hs |  AddStreams  | return value |
|ap_rst           |  in |    1| ap_ctrl_hs |  AddStreams  | return value |
|ap_start         |  in |    1| ap_ctrl_hs |  AddStreams  | return value |
|ap_done          | out |    1| ap_ctrl_hs |  AddStreams  | return value |
|ap_idle          | out |    1| ap_ctrl_hs |  AddStreams  | return value |
|ap_ready         | out |    1| ap_ctrl_hs |  AddStreams  | return value |
|in1_V_V_dout     |  in |  128|   ap_fifo  |    in1_V_V   |    pointer   |
|in1_V_V_empty_n  |  in |    1|   ap_fifo  |    in1_V_V   |    pointer   |
|in1_V_V_read     | out |    1|   ap_fifo  |    in1_V_V   |    pointer   |
|in2_V_V_dout     |  in |  128|   ap_fifo  |    in2_V_V   |    pointer   |
|in2_V_V_empty_n  |  in |    1|   ap_fifo  |    in2_V_V   |    pointer   |
|in2_V_V_read     | out |    1|   ap_fifo  |    in2_V_V   |    pointer   |
|out_V_V_din      | out |  128|   ap_fifo  |    out_V_V   |    pointer   |
|out_V_V_full_n   |  in |    1|   ap_fifo  |    out_V_V   |    pointer   |
|out_V_V_write    | out |    1|   ap_fifo  |    out_V_V   |    pointer   |
+-----------------+-----+-----+------------+--------------+--------------+

