==============================================================
Vivado(TM) HLS - High-Level Synthesis from C, C++ and SystemC v2020.1 (64-bit)
Copyright 1986-2020 Xilinx, Inc. All Rights Reserved.
==============================================================
INFO: [HLS 200-10] Setting target device to 'xcvu9p-flga2577-2-e'
INFO: [SYN 201-201] Setting up clock 'default' with a period of 10ns.
INFO: [SIM 211-2] *************** CSIM start ***************
INFO: [SIM 211-4] CSIM will launch GCC as the compiler.
INFO: [SIM 211-1] CSim done with 0 errors.
INFO: [SIM 211-3] *************** CSIM finish ***************
INFO: [SCHED 204-61] Option 'relax_ii_for_timing' is enabled, will increase II to preserve clock frequency constraints.
INFO: [HLS 200-10] Analyzing design file '/home/coder/Desktop/s2n2/convSNN/fc2_top.cpp' ... 
WARNING: [HLS 214-113] Either use an argument of the function or declare the variable inside the dataflow loop body: /home/coder/Desktop/s2n2/convSNN/fc2_top.cpp:40:9
WARNING: [HLS 214-113] Either use an argument of the function or declare the variable inside the dataflow loop body: /home/coder/Desktop/s2n2/convSNN/fc2_top.cpp:41:9
WARNING: [HLS 214-113] Either use an argument of the function or declare the variable inside the dataflow loop body: /home/coder/Desktop/s2n2/convSNN/fc2_top.cpp:44:9
WARNING: [HLS 200-471] Dataflow form checks found 3 issue(s) in file /home/coder/Desktop/s2n2/convSNN/fc2_top.cpp
INFO: [HLS 200-111] Finished Linking Time (s): cpu = 00:00:44 ; elapsed = 00:00:53 . Memory (MB): peak = 1629.578 ; gain = 1227.754 ; free physical = 23980 ; free virtual = 341105
INFO: [HLS 200-111] Finished Checking Pragmas Time (s): cpu = 00:00:44 ; elapsed = 00:00:53 . Memory (MB): peak = 1629.578 ; gain = 1227.754 ; free physical = 23980 ; free virtual = 341104
INFO: [HLS 200-10] Starting code transformations ...
INFO: [XFORM 203-603] Inlining function 'FixedPointWeightsSp<8u, ap_int<32>, 5u, 8u>::weights' into 'Matrix_Vector_Activate_Batch<64u, 5u, 8u, 8u, 5u, 1u, Slice<ap_uint<1>, 1u>, Slice<ap_uint<1>, 1u>, Identity, ap_fixed<16, 6, (ap_q_mode)5, (ap_o_mode)3, 0>, 16u, 6u, 1u, ap_uint<64>, ap_uint<5>, FixedPointWeightsSp<8u, ap_int<32>, 5u, 8u>, DebugThresholdActivation<ap_fixed<16, 6, (ap_q_mode)5, (ap_o_mode)3, 0> >, ap_resource_dsp>' (/home/coder/Desktop/s2n2/finn-hlslib-lif/mvau.hpp:178).
INFO: [XFORM 203-603] Inlining function 'FixedPointWeightsSp<8u, ap_int<32>, 5u, 8u>::TileIndex::operator[]' into 'Matrix_Vector_Activate_Batch<64u, 5u, 8u, 8u, 5u, 1u, Slice<ap_uint<1>, 1u>, Slice<ap_uint<1>, 1u>, Identity, ap_fixed<16, 6, (ap_q_mode)5, (ap_o_mode)3, 0>, 16u, 6u, 1u, ap_uint<64>, ap_uint<5>, FixedPointWeightsSp<8u, ap_int<32>, 5u, 8u>, DebugThresholdActivation<ap_fixed<16, 6, (ap_q_mode)5, (ap_o_mode)3, 0> >, ap_resource_dsp>' (/home/coder/Desktop/s2n2/finn-hlslib-lif/mvau.hpp:189).
INFO: [XFORM 203-603] Inlining function 'FixedPointWeightsSp<8u, ap_int<32>, 5u, 8u>::TileIndex::operator[]' into 'Matrix_Vector_Activate_Batch<64u, 5u, 8u, 8u, 5u, 1u, Slice<ap_uint<1>, 1u>, Slice<ap_uint<1>, 1u>, Identity, ap_fixed<16, 6, (ap_q_mode)5, (ap_o_mode)3, 0>, 16u, 6u, 1u, ap_uint<64>, ap_uint<5>, FixedPointWeightsSp<8u, ap_int<32>, 5u, 8u>, DebugThresholdActivation<ap_fixed<16, 6, (ap_q_mode)5, (ap_o_mode)3, 0> >, ap_resource_dsp>' (/home/coder/Desktop/s2n2/finn-hlslib-lif/mvau.hpp:186).
INFO: [XFORM 203-603] Inlining function 'Slice<ap_uint<1>, 1u>::operator()<ap_uint<5> >' into 'Matrix_Vector_Activate_Batch<64u, 5u, 8u, 8u, 5u, 1u, Slice<ap_uint<1>, 1u>, Slice<ap_uint<1>, 1u>, Identity, ap_fixed<16, 6, (ap_q_mode)5, (ap_o_mode)3, 0>, 16u, 6u, 1u, ap_uint<64>, ap_uint<5>, FixedPointWeightsSp<8u, ap_int<32>, 5u, 8u>, DebugThresholdActivation<ap_fixed<16, 6, (ap_q_mode)5, (ap_o_mode)3, 0> >, ap_resource_dsp>' (/home/coder/Desktop/s2n2/finn-hlslib-lif/mvau.hpp:199).
INFO: [XFORM 203-603] Inlining function 'Slice<ap_uint<1>, 1u>::Container<ap_uint<5> >::operator[]' into 'Matrix_Vector_Activate_Batch<64u, 5u, 8u, 8u, 5u, 1u, Slice<ap_uint<1>, 1u>, Slice<ap_uint<1>, 1u>, Identity, ap_fixed<16, 6, (ap_q_mode)5, (ap_o_mode)3, 0>, 16u, 6u, 1u, ap_uint<64>, ap_uint<5>, FixedPointWeightsSp<8u, ap_int<32>, 5u, 8u>, DebugThresholdActivation<ap_fixed<16, 6, (ap_q_mode)5, (ap_o_mode)3, 0> >, ap_resource_dsp>' (/home/coder/Desktop/s2n2/finn-hlslib-lif/mvau.hpp:203).
INFO: [XFORM 203-603] Inlining function 'Slice<ap_uint<1>, 1u>::Container<ap_uint<5> >::operator ap_uint<5> const&' into 'Matrix_Vector_Activate_Batch<64u, 5u, 8u, 8u, 5u, 1u, Slice<ap_uint<1>, 1u>, Slice<ap_uint<1>, 1u>, Identity, ap_fixed<16, 6, (ap_q_mode)5, (ap_o_mode)3, 0>, 16u, 6u, 1u, ap_uint<64>, ap_uint<5>, FixedPointWeightsSp<8u, ap_int<32>, 5u, 8u>, DebugThresholdActivation<ap_fixed<16, 6, (ap_q_mode)5, (ap_o_mode)3, 0> >, ap_resource_dsp>' (/home/coder/Desktop/s2n2/finn-hlslib-lif/mvau.hpp:207).
INFO: [HLS 200-111] Finished Standard Transforms Time (s): cpu = 00:00:46 ; elapsed = 00:00:55 . Memory (MB): peak = 1629.578 ; gain = 1227.754 ; free physical = 25652 ; free virtual = 342794
INFO: [HLS 200-10] Checking synthesizability ...
INFO: [XFORM 203-602] Inlining function 'DebugThresholdActivation<ap_fixed<16, 6, (ap_q_mode)5, (ap_o_mode)3, 0> >::operator()' into 'Matrix_Vector_Activate_Batch<64u, 5u, 8u, 8u, 5u, 1u, Slice<ap_uint<1>, 1u>, Slice<ap_uint<1>, 1u>, Identity, ap_fixed<16, 6, (ap_q_mode)5, (ap_o_mode)3, 0>, 16u, 6u, 1u, ap_uint<64>, ap_uint<5>, FixedPointWeightsSp<8u, ap_int<32>, 5u, 8u>, DebugThresholdActivation<ap_fixed<16, 6, (ap_q_mode)5, (ap_o_mode)3, 0> >, ap_resource_dsp>' (/home/coder/Desktop/s2n2/finn-hlslib-lif/mvau.hpp:202) automatically.
WARNING: [SYNCHK 200-23] /home/coder/Desktop/s2n2/finn-hlslib-lif/weights.hpp:204: variable-indexed range selection may cause suboptimal QoR.
INFO: [SYNCHK 200-10] 0 error(s), 1 warning(s).
INFO: [HLS 200-111] Finished Checking Synthesizability Time (s): cpu = 00:00:46 ; elapsed = 00:00:56 . Memory (MB): peak = 1629.578 ; gain = 1227.754 ; free physical = 26096 ; free virtual = 343317
INFO: [XFORM 203-502] Unrolling all sub-loops inside loop 'Loop-1' (/home/coder/Desktop/s2n2/finn-hlslib-lif/mvau.hpp:147) in function 'Matrix_Vector_Activate_Batch<64u, 5u, 8u, 8u, 5u, 1u, Slice<ap_uint<1>, 1u>, Slice<ap_uint<1>, 1u>, Identity, ap_fixed<16, 6, (ap_q_mode)5, (ap_o_mode)3, 0>, 16u, 6u, 1u, ap_uint<64>, ap_uint<5>, FixedPointWeightsSp<8u, ap_int<32>, 5u, 8u>, DebugThresholdActivation<ap_fixed<16, 6, (ap_q_mode)5, (ap_o_mode)3, 0> >, ap_resource_dsp>' for pipelining.
INFO: [HLS 200-489] Unrolling loop 'Loop-1.1' (/home/coder/Desktop/s2n2/finn-hlslib-lif/mvau.hpp:166) in function 'Matrix_Vector_Activate_Batch<64u, 5u, 8u, 8u, 5u, 1u, Slice<ap_uint<1>, 1u>, Slice<ap_uint<1>, 1u>, Identity, ap_fixed<16, 6, (ap_q_mode)5, (ap_o_mode)3, 0>, 16u, 6u, 1u, ap_uint<64>, ap_uint<5>, FixedPointWeightsSp<8u, ap_int<32>, 5u, 8u>, DebugThresholdActivation<ap_fixed<16, 6, (ap_q_mode)5, (ap_o_mode)3, 0> >, ap_resource_dsp>' completely with a factor of 5.
INFO: [HLS 200-489] Unrolling loop 'Loop-1.2' (/home/coder/Desktop/s2n2/finn-hlslib-lif/mvau.hpp:184) in function 'Matrix_Vector_Activate_Batch<64u, 5u, 8u, 8u, 5u, 1u, Slice<ap_uint<1>, 1u>, Slice<ap_uint<1>, 1u>, Identity, ap_fixed<16, 6, (ap_q_mode)5, (ap_o_mode)3, 0>, 16u, 6u, 1u, ap_uint<64>, ap_uint<5>, FixedPointWeightsSp<8u, ap_int<32>, 5u, 8u>, DebugThresholdActivation<ap_fixed<16, 6, (ap_q_mode)5, (ap_o_mode)3, 0> >, ap_resource_dsp>' completely with a factor of 5.
INFO: [HLS 200-489] Unrolling loop 'Loop-1.2.1' (/home/coder/Desktop/s2n2/finn-hlslib-lif/weights.hpp:200) in function 'Matrix_Vector_Activate_Batch<64u, 5u, 8u, 8u, 5u, 1u, Slice<ap_uint<1>, 1u>, Slice<ap_uint<1>, 1u>, Identity, ap_fixed<16, 6, (ap_q_mode)5, (ap_o_mode)3, 0>, 16u, 6u, 1u, ap_uint<64>, ap_uint<5>, FixedPointWeightsSp<8u, ap_int<32>, 5u, 8u>, DebugThresholdActivation<ap_fixed<16, 6, (ap_q_mode)5, (ap_o_mode)3, 0> >, ap_resource_dsp>' completely with a factor of 8.
INFO: [HLS 200-489] Unrolling loop 'Loop-1.2.2' (/home/coder/Desktop/s2n2/finn-hlslib-lif/weights.hpp:200) in function 'Matrix_Vector_Activate_Batch<64u, 5u, 8u, 8u, 5u, 1u, Slice<ap_uint<1>, 1u>, Slice<ap_uint<1>, 1u>, Identity, ap_fixed<16, 6, (ap_q_mode)5, (ap_o_mode)3, 0>, 16u, 6u, 1u, ap_uint<64>, ap_uint<5>, FixedPointWeightsSp<8u, ap_int<32>, 5u, 8u>, DebugThresholdActivation<ap_fixed<16, 6, (ap_q_mode)5, (ap_o_mode)3, 0> >, ap_resource_dsp>' completely with a factor of 8.
INFO: [HLS 200-489] Unrolling loop 'Loop-1.3' (/home/coder/Desktop/s2n2/finn-hlslib-lif/mvau.hpp:200) in function 'Matrix_Vector_Activate_Batch<64u, 5u, 8u, 8u, 5u, 1u, Slice<ap_uint<1>, 1u>, Slice<ap_uint<1>, 1u>, Identity, ap_fixed<16, 6, (ap_q_mode)5, (ap_o_mode)3, 0>, 16u, 6u, 1u, ap_uint<64>, ap_uint<5>, FixedPointWeightsSp<8u, ap_int<32>, 5u, 8u>, DebugThresholdActivation<ap_fixed<16, 6, (ap_q_mode)5, (ap_o_mode)3, 0> >, ap_resource_dsp>' completely with a factor of 5.
INFO: [XFORM 203-101] Partitioning array 'inputBuf.V' (/home/coder/Desktop/s2n2/finn-hlslib-lif/mvau.hpp:127) in dimension 1 completely.
INFO: [XFORM 203-101] Partitioning array 'neust.V' (/home/coder/Desktop/s2n2/finn-hlslib-lif/mvau.hpp:132) in dimension 2 completely.
INFO: [XFORM 203-101] Partitioning array 'accu.V' (/home/coder/Desktop/s2n2/finn-hlslib-lif/mvau.hpp:136) in dimension 1 completely.
INFO: [XFORM 203-102] Partitioning array 'neust.V.0' (/home/coder/Desktop/s2n2/finn-hlslib-lif/mvau.hpp:132) automatically.
INFO: [XFORM 203-102] Partitioning array 'neust.V.1' (/home/coder/Desktop/s2n2/finn-hlslib-lif/mvau.hpp:132) automatically.
INFO: [XFORM 203-102] Partitioning array 'neust.V.2' (/home/coder/Desktop/s2n2/finn-hlslib-lif/mvau.hpp:132) automatically.
INFO: [XFORM 203-102] Partitioning array 'neust.V.3' (/home/coder/Desktop/s2n2/finn-hlslib-lif/mvau.hpp:132) automatically.
INFO: [XFORM 203-102] Partitioning array 'neust.V.4' (/home/coder/Desktop/s2n2/finn-hlslib-lif/mvau.hpp:132) automatically.
INFO: [XFORM 203-602] Inlining function 'DebugThresholdActivation<ap_fixed<16, 6, (ap_q_mode)5, (ap_o_mode)3, 0> >::operator()' into 'Matrix_Vector_Activate_Batch<64u, 5u, 8u, 8u, 5u, 1u, Slice<ap_uint<1>, 1u>, Slice<ap_uint<1>, 1u>, Identity, ap_fixed<16, 6, (ap_q_mode)5, (ap_o_mode)3, 0>, 16u, 6u, 1u, ap_uint<64>, ap_uint<5>, FixedPointWeightsSp<8u, ap_int<32>, 5u, 8u>, DebugThresholdActivation<ap_fixed<16, 6, (ap_q_mode)5, (ap_o_mode)3, 0> >, ap_resource_dsp>' (/home/coder/Desktop/s2n2/finn-hlslib-lif/mvau.hpp:202) automatically.
INFO: [XFORM 203-712] Applying dataflow to function 'fc2_top', detected/extracted 1 process function(s): 
	 'Matrix_Vector_Activate_Batch<64u, 5u, 8u, 8u, 5u, 1u, Slice<ap_uint<1>, 1u>, Slice<ap_uint<1>, 1u>, Identity, ap_fixed<16, 6, (ap_q_mode)5, (ap_o_mode)3, 0>, 16u, 6u, 1u, ap_uint<64>, ap_uint<5>, FixedPointWeightsSp<8u, ap_int<32>, 5u, 8u>, DebugThresholdActivation<ap_fixed<16, 6, (ap_q_mode)5, (ap_o_mode)3, 0> >, ap_resource_dsp>'.
INFO: [XFORM 203-401] Performing if-conversion on hyperblock from (/home/coder/Desktop/s2n2/finn-hlslib-lif/mvau.hpp:152:16) to (/home/coder/Desktop/s2n2/finn-hlslib-lif/mvau.hpp:155:5) in function 'Matrix_Vector_Activate_Batch<64u, 5u, 8u, 8u, 5u, 1u, Slice<ap_uint<1>, 1u>, Slice<ap_uint<1>, 1u>, Identity, ap_fixed<16, 6, (ap_q_mode)5, (ap_o_mode)3, 0>, 16u, 6u, 1u, ap_uint<64>, ap_uint<5>, FixedPointWeightsSp<8u, ap_int<32>, 5u, 8u>, DebugThresholdActivation<ap_fixed<16, 6, (ap_q_mode)5, (ap_o_mode)3, 0> >, ap_resource_dsp>'... converting 10 basic blocks.
INFO: [XFORM 203-401] Performing if-conversion on hyperblock from (/home/coder/Desktop/s2n2/finn-hlslib-lif/mvau.hpp:165:5) to (/home/coder/Desktop/s2n2/finn-hlslib-lif/mvau.hpp:197:5) in function 'Matrix_Vector_Activate_Batch<64u, 5u, 8u, 8u, 5u, 1u, Slice<ap_uint<1>, 1u>, Slice<ap_uint<1>, 1u>, Identity, ap_fixed<16, 6, (ap_q_mode)5, (ap_o_mode)3, 0>, 16u, 6u, 1u, ap_uint<64>, ap_uint<5>, FixedPointWeightsSp<8u, ap_int<32>, 5u, 8u>, DebugThresholdActivation<ap_fixed<16, 6, (ap_q_mode)5, (ap_o_mode)3, 0> >, ap_resource_dsp>'... converting 3 basic blocks.
INFO: [HLS 200-111] Finished Pre-synthesis Time (s): cpu = 00:00:46 ; elapsed = 00:00:57 . Memory (MB): peak = 1629.578 ; gain = 1227.754 ; free physical = 25940 ; free virtual = 343177
WARNING: [XFORM 203-631] Renaming function 'Matrix_Vector_Activate_Batch<64u, 5u, 8u, 8u, 5u, 1u, Slice<ap_uint<1>, 1u>, Slice<ap_uint<1>, 1u>, Identity, ap_fixed<16, 6, (ap_q_mode)5, (ap_o_mode)3, 0>, 16u, 6u, 1u, ap_uint<64>, ap_uint<5>, FixedPointWeightsSp<8u, ap_int<32>, 5u, 8u>, DebugThresholdActivation<ap_fixed<16, 6, (ap_q_mode)5, (ap_o_mode)3, 0> >, ap_resource_dsp>' to 'Matrix_Vector_Activa' (/home/coder/Desktop/s2n2/finn-hlslib-lif/mvau.hpp:147:46)
INFO: [HLS 200-111] Finished Architecture Synthesis Time (s): cpu = 00:00:47 ; elapsed = 00:00:57 . Memory (MB): peak = 1629.578 ; gain = 1227.754 ; free physical = 25909 ; free virtual = 343148
INFO: [HLS 200-10] Starting hardware synthesis ...
INFO: [HLS 200-10] Synthesizing 'fc2_top' ...
INFO: [HLS 200-10] ----------------------------------------------------------------
INFO: [HLS 200-42] -- Implementing module 'Matrix_Vector_Activa' 
INFO: [HLS 200-10] ----------------------------------------------------------------
INFO: [SCHED 204-11] Starting scheduling ...
INFO: [SCHED 204-61] Pipelining loop 'Loop 1'.
INFO: [SCHED 204-61] Pipelining result : Target II = 1, Final II = 1, Depth = 2.
INFO: [SCHED 204-11] Finished scheduling.
INFO: [HLS 200-111]  Elapsed time: 57.67 seconds; current allocated memory: 220.108 MB.
INFO: [BIND 205-100] Starting micro-architecture generation ...
INFO: [BIND 205-101] Performing variable lifetime analysis.
INFO: [BIND 205-101] Exploring resource sharing.
INFO: [BIND 205-101] Binding ...
INFO: [BIND 205-100] Finished micro-architecture generation.
INFO: [HLS 200-111]  Elapsed time: 0.26 seconds; current allocated memory: 220.268 MB.
INFO: [HLS 200-10] ----------------------------------------------------------------
INFO: [HLS 200-42] -- Implementing module 'fc2_top' 
INFO: [HLS 200-10] ----------------------------------------------------------------
INFO: [SCHED 204-11] Starting scheduling ...
INFO: [SCHED 204-11] Finished scheduling.
INFO: [HLS 200-111]  Elapsed time: 0.29 seconds; current allocated memory: 220.338 MB.
INFO: [BIND 205-100] Starting micro-architecture generation ...
INFO: [BIND 205-101] Performing variable lifetime analysis.
INFO: [BIND 205-101] Exploring resource sharing.
INFO: [BIND 205-101] Binding ...
INFO: [BIND 205-100] Finished micro-architecture generation.
INFO: [HLS 200-111]  Elapsed time: 0.16 seconds; current allocated memory: 220.402 MB.
INFO: [HLS 200-10] ----------------------------------------------------------------
INFO: [HLS 200-10] -- Generating RTL for module 'Matrix_Vector_Activa' 
INFO: [HLS 200-10] ----------------------------------------------------------------
INFO: [RTGEN 206-100] Finished creating RTL model for 'Matrix_Vector_Activa'.
INFO: [HLS 200-111]  Elapsed time: 0.11 seconds; current allocated memory: 220.725 MB.
INFO: [HLS 200-10] ----------------------------------------------------------------
INFO: [HLS 200-10] -- Generating RTL for module 'fc2_top' 
INFO: [HLS 200-10] ----------------------------------------------------------------
INFO: [RTGEN 206-500] Setting interface mode on port 'fc2_top/in_V_V' to 'ap_fifo'.
INFO: [RTGEN 206-500] Setting interface mode on port 'fc2_top/out_V_V' to 'ap_fifo'.
INFO: [RTGEN 206-500] Setting interface mode on port 'fc2_top/numReps' to 'ap_none'.
INFO: [RTGEN 206-500] Setting interface mode on function 'fc2_top' to 'ap_ctrl_hs'.
INFO: [RTGEN 206-100] Finished creating RTL model for 'fc2_top'.
INFO: [HLS 200-111]  Elapsed time: 0.45 seconds; current allocated memory: 221.526 MB.
INFO: [HLS 200-790] **** Loop Constraint Status: All loop constraints were satisfied.
INFO: [HLS 200-789] **** Estimated Fmax: 575.04 MHz
INFO: [HLS 200-111] Finished generating all RTL models Time (s): cpu = 00:00:48 ; elapsed = 00:01:00 . Memory (MB): peak = 1629.578 ; gain = 1227.754 ; free physical = 26473 ; free virtual = 343634
INFO: [VHDL 208-304] Generating VHDL RTL for fc2_top.
INFO: [VLOG 209-307] Generating Verilog RTL for fc2_top.
INFO: [COSIM 212-47] Using XSIM for RTL simulation.
INFO: [COSIM 212-14] Instrumenting C test bench ...
INFO: [COSIM 212-302] Starting C TB testing ... 
INFO: [COSIM 212-333] Generating C post check test bench ...
INFO: [COSIM 212-12] Generating RTL test bench ...
INFO: [COSIM 212-1] *** C/RTL co-simulation file generation completed. ***
INFO: [COSIM 212-323] Starting verilog simulation. 
INFO: [COSIM 212-15] Starting XSIM ...
==============================================================
Vivado(TM) HLS - High-Level Synthesis from C, C++ and SystemC v2020.1 (64-bit)
Copyright 1986-2020 Xilinx, Inc. All Rights Reserved.
==============================================================
INFO: [SYN 201-201] Setting up clock 'default' with a period of 10ns.
INFO: [HLS 200-10] Setting target device to 'xcvu9p-flga2577-2-e'
WARNING: [HLS 200-40] Resetting target device to 'xc7z020-clg400-1'
INFO: [SIM 211-2] *************** CSIM start ***************
INFO: [SIM 211-4] CSIM will launch GCC as the compiler.
INFO: [SIM 211-1] CSim done with 0 errors.
INFO: [SIM 211-3] *************** CSIM finish ***************
INFO: [SCHED 204-61] Option 'relax_ii_for_timing' is enabled, will increase II to preserve clock frequency constraints.
INFO: [HLS 200-10] Analyzing design file '/home/coder/Desktop/s2n2/convSNN/fc2_top.cpp' ... 
WARNING: [HLS 214-113] Either use an argument of the function or declare the variable inside the dataflow loop body: /home/coder/Desktop/s2n2/convSNN/fc2_top.cpp:40:9
WARNING: [HLS 214-113] Either use an argument of the function or declare the variable inside the dataflow loop body: /home/coder/Desktop/s2n2/convSNN/fc2_top.cpp:41:9
WARNING: [HLS 214-113] Either use an argument of the function or declare the variable inside the dataflow loop body: /home/coder/Desktop/s2n2/convSNN/fc2_top.cpp:44:9
WARNING: [HLS 200-471] Dataflow form checks found 3 issue(s) in file /home/coder/Desktop/s2n2/convSNN/fc2_top.cpp
INFO: [HLS 200-111] Finished Linking Time (s): cpu = 00:00:26 ; elapsed = 00:00:30 . Memory (MB): peak = 1696.547 ; gain = 1294.723 ; free physical = 148292 ; free virtual = 471826
INFO: [HLS 200-111] Finished Checking Pragmas Time (s): cpu = 00:00:26 ; elapsed = 00:00:30 . Memory (MB): peak = 1696.547 ; gain = 1294.723 ; free physical = 148292 ; free virtual = 471826
INFO: [HLS 200-10] Starting code transformations ...
INFO: [XFORM 203-603] Inlining function 'FixedPointWeightsSp<8u, ap_int<32>, 5u, 8u>::weights' into 'Matrix_Vector_Activate_Batch<64u, 5u, 8u, 8u, 5u, 1u, Slice<ap_uint<1>, 1u>, Slice<ap_uint<1>, 1u>, Identity, ap_fixed<16, 6, (ap_q_mode)5, (ap_o_mode)3, 0>, 16u, 6u, 1u, ap_uint<64>, ap_uint<5>, FixedPointWeightsSp<8u, ap_int<32>, 5u, 8u>, DebugThresholdActivation<ap_fixed<16, 6, (ap_q_mode)5, (ap_o_mode)3, 0> >, ap_resource_dsp>' (/home/coder/Desktop/s2n2/finn-hlslib-lif/mvau.hpp:178).
INFO: [XFORM 203-603] Inlining function 'FixedPointWeightsSp<8u, ap_int<32>, 5u, 8u>::TileIndex::operator[]' into 'Matrix_Vector_Activate_Batch<64u, 5u, 8u, 8u, 5u, 1u, Slice<ap_uint<1>, 1u>, Slice<ap_uint<1>, 1u>, Identity, ap_fixed<16, 6, (ap_q_mode)5, (ap_o_mode)3, 0>, 16u, 6u, 1u, ap_uint<64>, ap_uint<5>, FixedPointWeightsSp<8u, ap_int<32>, 5u, 8u>, DebugThresholdActivation<ap_fixed<16, 6, (ap_q_mode)5, (ap_o_mode)3, 0> >, ap_resource_dsp>' (/home/coder/Desktop/s2n2/finn-hlslib-lif/mvau.hpp:189).
INFO: [XFORM 203-603] Inlining function 'FixedPointWeightsSp<8u, ap_int<32>, 5u, 8u>::TileIndex::operator[]' into 'Matrix_Vector_Activate_Batch<64u, 5u, 8u, 8u, 5u, 1u, Slice<ap_uint<1>, 1u>, Slice<ap_uint<1>, 1u>, Identity, ap_fixed<16, 6, (ap_q_mode)5, (ap_o_mode)3, 0>, 16u, 6u, 1u, ap_uint<64>, ap_uint<5>, FixedPointWeightsSp<8u, ap_int<32>, 5u, 8u>, DebugThresholdActivation<ap_fixed<16, 6, (ap_q_mode)5, (ap_o_mode)3, 0> >, ap_resource_dsp>' (/home/coder/Desktop/s2n2/finn-hlslib-lif/mvau.hpp:186).
INFO: [XFORM 203-603] Inlining function 'Slice<ap_uint<1>, 1u>::operator()<ap_uint<5> >' into 'Matrix_Vector_Activate_Batch<64u, 5u, 8u, 8u, 5u, 1u, Slice<ap_uint<1>, 1u>, Slice<ap_uint<1>, 1u>, Identity, ap_fixed<16, 6, (ap_q_mode)5, (ap_o_mode)3, 0>, 16u, 6u, 1u, ap_uint<64>, ap_uint<5>, FixedPointWeightsSp<8u, ap_int<32>, 5u, 8u>, DebugThresholdActivation<ap_fixed<16, 6, (ap_q_mode)5, (ap_o_mode)3, 0> >, ap_resource_dsp>' (/home/coder/Desktop/s2n2/finn-hlslib-lif/mvau.hpp:199).
INFO: [XFORM 203-603] Inlining function 'Slice<ap_uint<1>, 1u>::Container<ap_uint<5> >::operator[]' into 'Matrix_Vector_Activate_Batch<64u, 5u, 8u, 8u, 5u, 1u, Slice<ap_uint<1>, 1u>, Slice<ap_uint<1>, 1u>, Identity, ap_fixed<16, 6, (ap_q_mode)5, (ap_o_mode)3, 0>, 16u, 6u, 1u, ap_uint<64>, ap_uint<5>, FixedPointWeightsSp<8u, ap_int<32>, 5u, 8u>, DebugThresholdActivation<ap_fixed<16, 6, (ap_q_mode)5, (ap_o_mode)3, 0> >, ap_resource_dsp>' (/home/coder/Desktop/s2n2/finn-hlslib-lif/mvau.hpp:203).
INFO: [XFORM 203-603] Inlining function 'Slice<ap_uint<1>, 1u>::Container<ap_uint<5> >::operator ap_uint<5> const&' into 'Matrix_Vector_Activate_Batch<64u, 5u, 8u, 8u, 5u, 1u, Slice<ap_uint<1>, 1u>, Slice<ap_uint<1>, 1u>, Identity, ap_fixed<16, 6, (ap_q_mode)5, (ap_o_mode)3, 0>, 16u, 6u, 1u, ap_uint<64>, ap_uint<5>, FixedPointWeightsSp<8u, ap_int<32>, 5u, 8u>, DebugThresholdActivation<ap_fixed<16, 6, (ap_q_mode)5, (ap_o_mode)3, 0> >, ap_resource_dsp>' (/home/coder/Desktop/s2n2/finn-hlslib-lif/mvau.hpp:207).
INFO: [HLS 200-111] Finished Standard Transforms Time (s): cpu = 00:00:27 ; elapsed = 00:00:32 . Memory (MB): peak = 1696.547 ; gain = 1294.723 ; free physical = 148333 ; free virtual = 471866
INFO: [HLS 200-10] Checking synthesizability ...
INFO: [XFORM 203-602] Inlining function 'DebugThresholdActivation<ap_fixed<16, 6, (ap_q_mode)5, (ap_o_mode)3, 0> >::operator()' into 'Matrix_Vector_Activate_Batch<64u, 5u, 8u, 8u, 5u, 1u, Slice<ap_uint<1>, 1u>, Slice<ap_uint<1>, 1u>, Identity, ap_fixed<16, 6, (ap_q_mode)5, (ap_o_mode)3, 0>, 16u, 6u, 1u, ap_uint<64>, ap_uint<5>, FixedPointWeightsSp<8u, ap_int<32>, 5u, 8u>, DebugThresholdActivation<ap_fixed<16, 6, (ap_q_mode)5, (ap_o_mode)3, 0> >, ap_resource_dsp>' (/home/coder/Desktop/s2n2/finn-hlslib-lif/mvau.hpp:202) automatically.
WARNING: [SYNCHK 200-23] /home/coder/Desktop/s2n2/finn-hlslib-lif/weights.hpp:204: variable-indexed range selection may cause suboptimal QoR.
INFO: [SYNCHK 200-10] 0 error(s), 1 warning(s).
INFO: [HLS 200-111] Finished Checking Synthesizability Time (s): cpu = 00:00:27 ; elapsed = 00:00:32 . Memory (MB): peak = 1696.547 ; gain = 1294.723 ; free physical = 148331 ; free virtual = 471864
INFO: [XFORM 203-502] Unrolling all sub-loops inside loop 'Loop-1' (/home/coder/Desktop/s2n2/finn-hlslib-lif/mvau.hpp:147) in function 'Matrix_Vector_Activate_Batch<64u, 5u, 8u, 8u, 5u, 1u, Slice<ap_uint<1>, 1u>, Slice<ap_uint<1>, 1u>, Identity, ap_fixed<16, 6, (ap_q_mode)5, (ap_o_mode)3, 0>, 16u, 6u, 1u, ap_uint<64>, ap_uint<5>, FixedPointWeightsSp<8u, ap_int<32>, 5u, 8u>, DebugThresholdActivation<ap_fixed<16, 6, (ap_q_mode)5, (ap_o_mode)3, 0> >, ap_resource_dsp>' for pipelining.
INFO: [HLS 200-489] Unrolling loop 'Loop-1.1' (/home/coder/Desktop/s2n2/finn-hlslib-lif/mvau.hpp:166) in function 'Matrix_Vector_Activate_Batch<64u, 5u, 8u, 8u, 5u, 1u, Slice<ap_uint<1>, 1u>, Slice<ap_uint<1>, 1u>, Identity, ap_fixed<16, 6, (ap_q_mode)5, (ap_o_mode)3, 0>, 16u, 6u, 1u, ap_uint<64>, ap_uint<5>, FixedPointWeightsSp<8u, ap_int<32>, 5u, 8u>, DebugThresholdActivation<ap_fixed<16, 6, (ap_q_mode)5, (ap_o_mode)3, 0> >, ap_resource_dsp>' completely with a factor of 5.
INFO: [HLS 200-489] Unrolling loop 'Loop-1.2' (/home/coder/Desktop/s2n2/finn-hlslib-lif/mvau.hpp:184) in function 'Matrix_Vector_Activate_Batch<64u, 5u, 8u, 8u, 5u, 1u, Slice<ap_uint<1>, 1u>, Slice<ap_uint<1>, 1u>, Identity, ap_fixed<16, 6, (ap_q_mode)5, (ap_o_mode)3, 0>, 16u, 6u, 1u, ap_uint<64>, ap_uint<5>, FixedPointWeightsSp<8u, ap_int<32>, 5u, 8u>, DebugThresholdActivation<ap_fixed<16, 6, (ap_q_mode)5, (ap_o_mode)3, 0> >, ap_resource_dsp>' completely with a factor of 5.
INFO: [HLS 200-489] Unrolling loop 'Loop-1.2.1' (/home/coder/Desktop/s2n2/finn-hlslib-lif/weights.hpp:200) in function 'Matrix_Vector_Activate_Batch<64u, 5u, 8u, 8u, 5u, 1u, Slice<ap_uint<1>, 1u>, Slice<ap_uint<1>, 1u>, Identity, ap_fixed<16, 6, (ap_q_mode)5, (ap_o_mode)3, 0>, 16u, 6u, 1u, ap_uint<64>, ap_uint<5>, FixedPointWeightsSp<8u, ap_int<32>, 5u, 8u>, DebugThresholdActivation<ap_fixed<16, 6, (ap_q_mode)5, (ap_o_mode)3, 0> >, ap_resource_dsp>' completely with a factor of 8.
INFO: [HLS 200-489] Unrolling loop 'Loop-1.2.2' (/home/coder/Desktop/s2n2/finn-hlslib-lif/weights.hpp:200) in function 'Matrix_Vector_Activate_Batch<64u, 5u, 8u, 8u, 5u, 1u, Slice<ap_uint<1>, 1u>, Slice<ap_uint<1>, 1u>, Identity, ap_fixed<16, 6, (ap_q_mode)5, (ap_o_mode)3, 0>, 16u, 6u, 1u, ap_uint<64>, ap_uint<5>, FixedPointWeightsSp<8u, ap_int<32>, 5u, 8u>, DebugThresholdActivation<ap_fixed<16, 6, (ap_q_mode)5, (ap_o_mode)3, 0> >, ap_resource_dsp>' completely with a factor of 8.
INFO: [HLS 200-489] Unrolling loop 'Loop-1.3' (/home/coder/Desktop/s2n2/finn-hlslib-lif/mvau.hpp:200) in function 'Matrix_Vector_Activate_Batch<64u, 5u, 8u, 8u, 5u, 1u, Slice<ap_uint<1>, 1u>, Slice<ap_uint<1>, 1u>, Identity, ap_fixed<16, 6, (ap_q_mode)5, (ap_o_mode)3, 0>, 16u, 6u, 1u, ap_uint<64>, ap_uint<5>, FixedPointWeightsSp<8u, ap_int<32>, 5u, 8u>, DebugThresholdActivation<ap_fixed<16, 6, (ap_q_mode)5, (ap_o_mode)3, 0> >, ap_resource_dsp>' completely with a factor of 5.
INFO: [XFORM 203-101] Partitioning array 'inputBuf.V' (/home/coder/Desktop/s2n2/finn-hlslib-lif/mvau.hpp:127) in dimension 1 completely.
INFO: [XFORM 203-101] Partitioning array 'neust.V' (/home/coder/Desktop/s2n2/finn-hlslib-lif/mvau.hpp:132) in dimension 2 completely.
INFO: [XFORM 203-101] Partitioning array 'accu.V' (/home/coder/Desktop/s2n2/finn-hlslib-lif/mvau.hpp:136) in dimension 1 completely.
INFO: [XFORM 203-102] Partitioning array 'neust.V.0' (/home/coder/Desktop/s2n2/finn-hlslib-lif/mvau.hpp:132) automatically.
INFO: [XFORM 203-102] Partitioning array 'neust.V.1' (/home/coder/Desktop/s2n2/finn-hlslib-lif/mvau.hpp:132) automatically.
INFO: [XFORM 203-102] Partitioning array 'neust.V.2' (/home/coder/Desktop/s2n2/finn-hlslib-lif/mvau.hpp:132) automatically.
INFO: [XFORM 203-102] Partitioning array 'neust.V.3' (/home/coder/Desktop/s2n2/finn-hlslib-lif/mvau.hpp:132) automatically.
INFO: [XFORM 203-102] Partitioning array 'neust.V.4' (/home/coder/Desktop/s2n2/finn-hlslib-lif/mvau.hpp:132) automatically.
INFO: [XFORM 203-602] Inlining function 'DebugThresholdActivation<ap_fixed<16, 6, (ap_q_mode)5, (ap_o_mode)3, 0> >::operator()' into 'Matrix_Vector_Activate_Batch<64u, 5u, 8u, 8u, 5u, 1u, Slice<ap_uint<1>, 1u>, Slice<ap_uint<1>, 1u>, Identity, ap_fixed<16, 6, (ap_q_mode)5, (ap_o_mode)3, 0>, 16u, 6u, 1u, ap_uint<64>, ap_uint<5>, FixedPointWeightsSp<8u, ap_int<32>, 5u, 8u>, DebugThresholdActivation<ap_fixed<16, 6, (ap_q_mode)5, (ap_o_mode)3, 0> >, ap_resource_dsp>' (/home/coder/Desktop/s2n2/finn-hlslib-lif/mvau.hpp:202) automatically.
INFO: [XFORM 203-712] Applying dataflow to function 'fc2_top', detected/extracted 1 process function(s): 
	 'Matrix_Vector_Activate_Batch<64u, 5u, 8u, 8u, 5u, 1u, Slice<ap_uint<1>, 1u>, Slice<ap_uint<1>, 1u>, Identity, ap_fixed<16, 6, (ap_q_mode)5, (ap_o_mode)3, 0>, 16u, 6u, 1u, ap_uint<64>, ap_uint<5>, FixedPointWeightsSp<8u, ap_int<32>, 5u, 8u>, DebugThresholdActivation<ap_fixed<16, 6, (ap_q_mode)5, (ap_o_mode)3, 0> >, ap_resource_dsp>'.
INFO: [XFORM 203-401] Performing if-conversion on hyperblock from (/home/coder/Desktop/s2n2/finn-hlslib-lif/mvau.hpp:152:16) to (/home/coder/Desktop/s2n2/finn-hlslib-lif/mvau.hpp:155:5) in function 'Matrix_Vector_Activate_Batch<64u, 5u, 8u, 8u, 5u, 1u, Slice<ap_uint<1>, 1u>, Slice<ap_uint<1>, 1u>, Identity, ap_fixed<16, 6, (ap_q_mode)5, (ap_o_mode)3, 0>, 16u, 6u, 1u, ap_uint<64>, ap_uint<5>, FixedPointWeightsSp<8u, ap_int<32>, 5u, 8u>, DebugThresholdActivation<ap_fixed<16, 6, (ap_q_mode)5, (ap_o_mode)3, 0> >, ap_resource_dsp>'... converting 10 basic blocks.
INFO: [XFORM 203-401] Performing if-conversion on hyperblock from (/home/coder/Desktop/s2n2/finn-hlslib-lif/mvau.hpp:165:5) to (/home/coder/Desktop/s2n2/finn-hlslib-lif/mvau.hpp:197:5) in function 'Matrix_Vector_Activate_Batch<64u, 5u, 8u, 8u, 5u, 1u, Slice<ap_uint<1>, 1u>, Slice<ap_uint<1>, 1u>, Identity, ap_fixed<16, 6, (ap_q_mode)5, (ap_o_mode)3, 0>, 16u, 6u, 1u, ap_uint<64>, ap_uint<5>, FixedPointWeightsSp<8u, ap_int<32>, 5u, 8u>, DebugThresholdActivation<ap_fixed<16, 6, (ap_q_mode)5, (ap_o_mode)3, 0> >, ap_resource_dsp>'... converting 3 basic blocks.
INFO: [HLS 200-111] Finished Pre-synthesis Time (s): cpu = 00:00:28 ; elapsed = 00:00:33 . Memory (MB): peak = 1696.547 ; gain = 1294.723 ; free physical = 148300 ; free virtual = 471834
WARNING: [XFORM 203-631] Renaming function 'Matrix_Vector_Activate_Batch<64u, 5u, 8u, 8u, 5u, 1u, Slice<ap_uint<1>, 1u>, Slice<ap_uint<1>, 1u>, Identity, ap_fixed<16, 6, (ap_q_mode)5, (ap_o_mode)3, 0>, 16u, 6u, 1u, ap_uint<64>, ap_uint<5>, FixedPointWeightsSp<8u, ap_int<32>, 5u, 8u>, DebugThresholdActivation<ap_fixed<16, 6, (ap_q_mode)5, (ap_o_mode)3, 0> >, ap_resource_dsp>' to 'Matrix_Vector_Activa' (/home/coder/Desktop/s2n2/finn-hlslib-lif/mvau.hpp:147:46)
INFO: [HLS 200-111] Finished Architecture Synthesis Time (s): cpu = 00:00:28 ; elapsed = 00:00:34 . Memory (MB): peak = 1696.547 ; gain = 1294.723 ; free physical = 148304 ; free virtual = 471838
INFO: [HLS 200-10] Starting hardware synthesis ...
INFO: [HLS 200-10] Synthesizing 'fc2_top' ...
INFO: [HLS 200-10] ----------------------------------------------------------------
INFO: [HLS 200-42] -- Implementing module 'Matrix_Vector_Activa' 
INFO: [HLS 200-10] ----------------------------------------------------------------
INFO: [SCHED 204-11] Starting scheduling ...
INFO: [SCHED 204-61] Pipelining loop 'Loop 1'.
INFO: [SCHED 204-61] Pipelining result : Target II = 1, Final II = 1, Depth = 2.
INFO: [SCHED 204-11] Finished scheduling.
INFO: [HLS 200-111]  Elapsed time: 34.4 seconds; current allocated memory: 224.168 MB.
INFO: [BIND 205-100] Starting micro-architecture generation ...
INFO: [BIND 205-101] Performing variable lifetime analysis.
INFO: [BIND 205-101] Exploring resource sharing.
INFO: [BIND 205-101] Binding ...
INFO: [BIND 205-100] Finished micro-architecture generation.
INFO: [HLS 200-111]  Elapsed time: 0.45 seconds; current allocated memory: 224.327 MB.
INFO: [HLS 200-10] ----------------------------------------------------------------
INFO: [HLS 200-42] -- Implementing module 'fc2_top' 
INFO: [HLS 200-10] ----------------------------------------------------------------
INFO: [SCHED 204-11] Starting scheduling ...
INFO: [SCHED 204-11] Finished scheduling.
INFO: [HLS 200-111]  Elapsed time: 0.41 seconds; current allocated memory: 224.394 MB.
INFO: [BIND 205-100] Starting micro-architecture generation ...
INFO: [BIND 205-101] Performing variable lifetime analysis.
INFO: [BIND 205-101] Exploring resource sharing.
INFO: [BIND 205-101] Binding ...
INFO: [BIND 205-100] Finished micro-architecture generation.
INFO: [HLS 200-111]  Elapsed time: 0.41 seconds; current allocated memory: 224.458 MB.
INFO: [HLS 200-10] ----------------------------------------------------------------
INFO: [HLS 200-10] -- Generating RTL for module 'Matrix_Vector_Activa' 
INFO: [HLS 200-10] ----------------------------------------------------------------
INFO: [RTGEN 206-100] Finished creating RTL model for 'Matrix_Vector_Activa'.
INFO: [HLS 200-111]  Elapsed time: 0.35 seconds; current allocated memory: 224.779 MB.
INFO: [HLS 200-10] ----------------------------------------------------------------
INFO: [HLS 200-10] -- Generating RTL for module 'fc2_top' 
INFO: [HLS 200-10] ----------------------------------------------------------------
INFO: [RTGEN 206-500] Setting interface mode on port 'fc2_top/in_V_V' to 'ap_fifo'.
INFO: [RTGEN 206-500] Setting interface mode on port 'fc2_top/out_V_V' to 'ap_fifo'.
INFO: [RTGEN 206-500] Setting interface mode on port 'fc2_top/numReps' to 'ap_none'.
INFO: [RTGEN 206-500] Setting interface mode on function 'fc2_top' to 'ap_ctrl_hs'.
INFO: [RTGEN 206-100] Finished creating RTL model for 'fc2_top'.
INFO: [HLS 200-111]  Elapsed time: 1.08 seconds; current allocated memory: 225.584 MB.
INFO: [HLS 200-790] **** Loop Constraint Status: All loop constraints were satisfied.
INFO: [HLS 200-789] **** Estimated Fmax: 199.00 MHz
INFO: [HLS 200-111] Finished generating all RTL models Time (s): cpu = 00:00:29 ; elapsed = 00:00:39 . Memory (MB): peak = 1696.547 ; gain = 1294.723 ; free physical = 148424 ; free virtual = 471961
INFO: [VHDL 208-304] Generating VHDL RTL for fc2_top.
INFO: [VLOG 209-307] Generating Verilog RTL for fc2_top.
INFO: [COSIM 212-47] Using XSIM for RTL simulation.
INFO: [COSIM 212-14] Instrumenting C test bench ...
INFO: [COSIM 212-302] Starting C TB testing ... 
INFO: [COSIM 212-333] Generating C post check test bench ...
INFO: [COSIM 212-12] Generating RTL test bench ...
INFO: [COSIM 212-1] *** C/RTL co-simulation file generation completed. ***
INFO: [COSIM 212-323] Starting verilog simulation. 
INFO: [COSIM 212-15] Starting XSIM ...
==============================================================
Vivado(TM) HLS - High-Level Synthesis from C, C++ and SystemC v2020.1 (64-bit)
Copyright 1986-2020 Xilinx, Inc. All Rights Reserved.
==============================================================
INFO: [SYN 201-201] Setting up clock 'default' with a period of 10ns.
INFO: [HLS 200-10] Setting target device to 'xc7z020-clg400-1'
WARNING: [HLS 200-40] Resetting target device to 'xczu9eg-ffvb1156-2-e'
INFO: [SIM 211-2] *************** CSIM start ***************
INFO: [SIM 211-4] CSIM will launch GCC as the compiler.
INFO: [SIM 211-1] CSim done with 0 errors.
INFO: [SIM 211-3] *************** CSIM finish ***************
INFO: [SCHED 204-61] Option 'relax_ii_for_timing' is enabled, will increase II to preserve clock frequency constraints.
INFO: [HLS 200-10] Analyzing design file '/home/coder/Desktop/s2n2/convSNN/fc2_top.cpp' ... 
WARNING: [HLS 214-113] Either use an argument of the function or declare the variable inside the dataflow loop body: /home/coder/Desktop/s2n2/convSNN/fc2_top.cpp:40:9
WARNING: [HLS 214-113] Either use an argument of the function or declare the variable inside the dataflow loop body: /home/coder/Desktop/s2n2/convSNN/fc2_top.cpp:41:9
WARNING: [HLS 214-113] Either use an argument of the function or declare the variable inside the dataflow loop body: /home/coder/Desktop/s2n2/convSNN/fc2_top.cpp:44:9
WARNING: [HLS 200-471] Dataflow form checks found 3 issue(s) in file /home/coder/Desktop/s2n2/convSNN/fc2_top.cpp
INFO: [HLS 200-111] Finished Linking Time (s): cpu = 00:00:27 ; elapsed = 00:00:31 . Memory (MB): peak = 1696.547 ; gain = 1294.723 ; free physical = 120196 ; free virtual = 446978
INFO: [HLS 200-111] Finished Checking Pragmas Time (s): cpu = 00:00:27 ; elapsed = 00:00:31 . Memory (MB): peak = 1696.547 ; gain = 1294.723 ; free physical = 120196 ; free virtual = 446978
INFO: [HLS 200-10] Starting code transformations ...
INFO: [XFORM 203-603] Inlining function 'FixedPointWeightsSp<8u, ap_int<32>, 5u, 8u>::weights' into 'Matrix_Vector_Activate_Batch<64u, 5u, 8u, 8u, 5u, 1u, Slice<ap_uint<1>, 1u>, Slice<ap_uint<1>, 1u>, Identity, ap_fixed<16, 6, (ap_q_mode)5, (ap_o_mode)3, 0>, 16u, 6u, 1u, ap_uint<64>, ap_uint<5>, FixedPointWeightsSp<8u, ap_int<32>, 5u, 8u>, DebugThresholdActivation<ap_fixed<16, 6, (ap_q_mode)5, (ap_o_mode)3, 0> >, ap_resource_dsp>' (/home/coder/Desktop/s2n2/finn-hlslib-lif/mvau.hpp:178).
INFO: [XFORM 203-603] Inlining function 'FixedPointWeightsSp<8u, ap_int<32>, 5u, 8u>::TileIndex::operator[]' into 'Matrix_Vector_Activate_Batch<64u, 5u, 8u, 8u, 5u, 1u, Slice<ap_uint<1>, 1u>, Slice<ap_uint<1>, 1u>, Identity, ap_fixed<16, 6, (ap_q_mode)5, (ap_o_mode)3, 0>, 16u, 6u, 1u, ap_uint<64>, ap_uint<5>, FixedPointWeightsSp<8u, ap_int<32>, 5u, 8u>, DebugThresholdActivation<ap_fixed<16, 6, (ap_q_mode)5, (ap_o_mode)3, 0> >, ap_resource_dsp>' (/home/coder/Desktop/s2n2/finn-hlslib-lif/mvau.hpp:189).
INFO: [XFORM 203-603] Inlining function 'FixedPointWeightsSp<8u, ap_int<32>, 5u, 8u>::TileIndex::operator[]' into 'Matrix_Vector_Activate_Batch<64u, 5u, 8u, 8u, 5u, 1u, Slice<ap_uint<1>, 1u>, Slice<ap_uint<1>, 1u>, Identity, ap_fixed<16, 6, (ap_q_mode)5, (ap_o_mode)3, 0>, 16u, 6u, 1u, ap_uint<64>, ap_uint<5>, FixedPointWeightsSp<8u, ap_int<32>, 5u, 8u>, DebugThresholdActivation<ap_fixed<16, 6, (ap_q_mode)5, (ap_o_mode)3, 0> >, ap_resource_dsp>' (/home/coder/Desktop/s2n2/finn-hlslib-lif/mvau.hpp:186).
INFO: [XFORM 203-603] Inlining function 'Slice<ap_uint<1>, 1u>::operator()<ap_uint<5> >' into 'Matrix_Vector_Activate_Batch<64u, 5u, 8u, 8u, 5u, 1u, Slice<ap_uint<1>, 1u>, Slice<ap_uint<1>, 1u>, Identity, ap_fixed<16, 6, (ap_q_mode)5, (ap_o_mode)3, 0>, 16u, 6u, 1u, ap_uint<64>, ap_uint<5>, FixedPointWeightsSp<8u, ap_int<32>, 5u, 8u>, DebugThresholdActivation<ap_fixed<16, 6, (ap_q_mode)5, (ap_o_mode)3, 0> >, ap_resource_dsp>' (/home/coder/Desktop/s2n2/finn-hlslib-lif/mvau.hpp:199).
INFO: [XFORM 203-603] Inlining function 'Slice<ap_uint<1>, 1u>::Container<ap_uint<5> >::operator[]' into 'Matrix_Vector_Activate_Batch<64u, 5u, 8u, 8u, 5u, 1u, Slice<ap_uint<1>, 1u>, Slice<ap_uint<1>, 1u>, Identity, ap_fixed<16, 6, (ap_q_mode)5, (ap_o_mode)3, 0>, 16u, 6u, 1u, ap_uint<64>, ap_uint<5>, FixedPointWeightsSp<8u, ap_int<32>, 5u, 8u>, DebugThresholdActivation<ap_fixed<16, 6, (ap_q_mode)5, (ap_o_mode)3, 0> >, ap_resource_dsp>' (/home/coder/Desktop/s2n2/finn-hlslib-lif/mvau.hpp:203).
INFO: [XFORM 203-603] Inlining function 'Slice<ap_uint<1>, 1u>::Container<ap_uint<5> >::operator ap_uint<5> const&' into 'Matrix_Vector_Activate_Batch<64u, 5u, 8u, 8u, 5u, 1u, Slice<ap_uint<1>, 1u>, Slice<ap_uint<1>, 1u>, Identity, ap_fixed<16, 6, (ap_q_mode)5, (ap_o_mode)3, 0>, 16u, 6u, 1u, ap_uint<64>, ap_uint<5>, FixedPointWeightsSp<8u, ap_int<32>, 5u, 8u>, DebugThresholdActivation<ap_fixed<16, 6, (ap_q_mode)5, (ap_o_mode)3, 0> >, ap_resource_dsp>' (/home/coder/Desktop/s2n2/finn-hlslib-lif/mvau.hpp:207).
INFO: [HLS 200-111] Finished Standard Transforms Time (s): cpu = 00:00:28 ; elapsed = 00:00:33 . Memory (MB): peak = 1696.547 ; gain = 1294.723 ; free physical = 120252 ; free virtual = 447033
INFO: [HLS 200-10] Checking synthesizability ...
INFO: [XFORM 203-602] Inlining function 'DebugThresholdActivation<ap_fixed<16, 6, (ap_q_mode)5, (ap_o_mode)3, 0> >::operator()' into 'Matrix_Vector_Activate_Batch<64u, 5u, 8u, 8u, 5u, 1u, Slice<ap_uint<1>, 1u>, Slice<ap_uint<1>, 1u>, Identity, ap_fixed<16, 6, (ap_q_mode)5, (ap_o_mode)3, 0>, 16u, 6u, 1u, ap_uint<64>, ap_uint<5>, FixedPointWeightsSp<8u, ap_int<32>, 5u, 8u>, DebugThresholdActivation<ap_fixed<16, 6, (ap_q_mode)5, (ap_o_mode)3, 0> >, ap_resource_dsp>' (/home/coder/Desktop/s2n2/finn-hlslib-lif/mvau.hpp:202) automatically.
WARNING: [SYNCHK 200-23] /home/coder/Desktop/s2n2/finn-hlslib-lif/weights.hpp:204: variable-indexed range selection may cause suboptimal QoR.
INFO: [SYNCHK 200-10] 0 error(s), 1 warning(s).
INFO: [HLS 200-111] Finished Checking Synthesizability Time (s): cpu = 00:00:28 ; elapsed = 00:00:33 . Memory (MB): peak = 1696.547 ; gain = 1294.723 ; free physical = 120247 ; free virtual = 447029
INFO: [XFORM 203-502] Unrolling all sub-loops inside loop 'Loop-1' (/home/coder/Desktop/s2n2/finn-hlslib-lif/mvau.hpp:147) in function 'Matrix_Vector_Activate_Batch<64u, 5u, 8u, 8u, 5u, 1u, Slice<ap_uint<1>, 1u>, Slice<ap_uint<1>, 1u>, Identity, ap_fixed<16, 6, (ap_q_mode)5, (ap_o_mode)3, 0>, 16u, 6u, 1u, ap_uint<64>, ap_uint<5>, FixedPointWeightsSp<8u, ap_int<32>, 5u, 8u>, DebugThresholdActivation<ap_fixed<16, 6, (ap_q_mode)5, (ap_o_mode)3, 0> >, ap_resource_dsp>' for pipelining.
INFO: [HLS 200-489] Unrolling loop 'Loop-1.1' (/home/coder/Desktop/s2n2/finn-hlslib-lif/mvau.hpp:166) in function 'Matrix_Vector_Activate_Batch<64u, 5u, 8u, 8u, 5u, 1u, Slice<ap_uint<1>, 1u>, Slice<ap_uint<1>, 1u>, Identity, ap_fixed<16, 6, (ap_q_mode)5, (ap_o_mode)3, 0>, 16u, 6u, 1u, ap_uint<64>, ap_uint<5>, FixedPointWeightsSp<8u, ap_int<32>, 5u, 8u>, DebugThresholdActivation<ap_fixed<16, 6, (ap_q_mode)5, (ap_o_mode)3, 0> >, ap_resource_dsp>' completely with a factor of 5.
INFO: [HLS 200-489] Unrolling loop 'Loop-1.2' (/home/coder/Desktop/s2n2/finn-hlslib-lif/mvau.hpp:184) in function 'Matrix_Vector_Activate_Batch<64u, 5u, 8u, 8u, 5u, 1u, Slice<ap_uint<1>, 1u>, Slice<ap_uint<1>, 1u>, Identity, ap_fixed<16, 6, (ap_q_mode)5, (ap_o_mode)3, 0>, 16u, 6u, 1u, ap_uint<64>, ap_uint<5>, FixedPointWeightsSp<8u, ap_int<32>, 5u, 8u>, DebugThresholdActivation<ap_fixed<16, 6, (ap_q_mode)5, (ap_o_mode)3, 0> >, ap_resource_dsp>' completely with a factor of 5.
INFO: [HLS 200-489] Unrolling loop 'Loop-1.2.1' (/home/coder/Desktop/s2n2/finn-hlslib-lif/weights.hpp:200) in function 'Matrix_Vector_Activate_Batch<64u, 5u, 8u, 8u, 5u, 1u, Slice<ap_uint<1>, 1u>, Slice<ap_uint<1>, 1u>, Identity, ap_fixed<16, 6, (ap_q_mode)5, (ap_o_mode)3, 0>, 16u, 6u, 1u, ap_uint<64>, ap_uint<5>, FixedPointWeightsSp<8u, ap_int<32>, 5u, 8u>, DebugThresholdActivation<ap_fixed<16, 6, (ap_q_mode)5, (ap_o_mode)3, 0> >, ap_resource_dsp>' completely with a factor of 8.
INFO: [HLS 200-489] Unrolling loop 'Loop-1.2.2' (/home/coder/Desktop/s2n2/finn-hlslib-lif/weights.hpp:200) in function 'Matrix_Vector_Activate_Batch<64u, 5u, 8u, 8u, 5u, 1u, Slice<ap_uint<1>, 1u>, Slice<ap_uint<1>, 1u>, Identity, ap_fixed<16, 6, (ap_q_mode)5, (ap_o_mode)3, 0>, 16u, 6u, 1u, ap_uint<64>, ap_uint<5>, FixedPointWeightsSp<8u, ap_int<32>, 5u, 8u>, DebugThresholdActivation<ap_fixed<16, 6, (ap_q_mode)5, (ap_o_mode)3, 0> >, ap_resource_dsp>' completely with a factor of 8.
INFO: [HLS 200-489] Unrolling loop 'Loop-1.3' (/home/coder/Desktop/s2n2/finn-hlslib-lif/mvau.hpp:200) in function 'Matrix_Vector_Activate_Batch<64u, 5u, 8u, 8u, 5u, 1u, Slice<ap_uint<1>, 1u>, Slice<ap_uint<1>, 1u>, Identity, ap_fixed<16, 6, (ap_q_mode)5, (ap_o_mode)3, 0>, 16u, 6u, 1u, ap_uint<64>, ap_uint<5>, FixedPointWeightsSp<8u, ap_int<32>, 5u, 8u>, DebugThresholdActivation<ap_fixed<16, 6, (ap_q_mode)5, (ap_o_mode)3, 0> >, ap_resource_dsp>' completely with a factor of 5.
INFO: [XFORM 203-101] Partitioning array 'inputBuf.V' (/home/coder/Desktop/s2n2/finn-hlslib-lif/mvau.hpp:127) in dimension 1 completely.
INFO: [XFORM 203-101] Partitioning array 'neust.V' (/home/coder/Desktop/s2n2/finn-hlslib-lif/mvau.hpp:132) in dimension 2 completely.
INFO: [XFORM 203-101] Partitioning array 'accu.V' (/home/coder/Desktop/s2n2/finn-hlslib-lif/mvau.hpp:136) in dimension 1 completely.
INFO: [XFORM 203-102] Partitioning array 'neust.V.0' (/home/coder/Desktop/s2n2/finn-hlslib-lif/mvau.hpp:132) automatically.
INFO: [XFORM 203-102] Partitioning array 'neust.V.1' (/home/coder/Desktop/s2n2/finn-hlslib-lif/mvau.hpp:132) automatically.
INFO: [XFORM 203-102] Partitioning array 'neust.V.2' (/home/coder/Desktop/s2n2/finn-hlslib-lif/mvau.hpp:132) automatically.
INFO: [XFORM 203-102] Partitioning array 'neust.V.3' (/home/coder/Desktop/s2n2/finn-hlslib-lif/mvau.hpp:132) automatically.
INFO: [XFORM 203-102] Partitioning array 'neust.V.4' (/home/coder/Desktop/s2n2/finn-hlslib-lif/mvau.hpp:132) automatically.
INFO: [XFORM 203-602] Inlining function 'DebugThresholdActivation<ap_fixed<16, 6, (ap_q_mode)5, (ap_o_mode)3, 0> >::operator()' into 'Matrix_Vector_Activate_Batch<64u, 5u, 8u, 8u, 5u, 1u, Slice<ap_uint<1>, 1u>, Slice<ap_uint<1>, 1u>, Identity, ap_fixed<16, 6, (ap_q_mode)5, (ap_o_mode)3, 0>, 16u, 6u, 1u, ap_uint<64>, ap_uint<5>, FixedPointWeightsSp<8u, ap_int<32>, 5u, 8u>, DebugThresholdActivation<ap_fixed<16, 6, (ap_q_mode)5, (ap_o_mode)3, 0> >, ap_resource_dsp>' (/home/coder/Desktop/s2n2/finn-hlslib-lif/mvau.hpp:202) automatically.
INFO: [XFORM 203-712] Applying dataflow to function 'fc2_top', detected/extracted 1 process function(s): 
	 'Matrix_Vector_Activate_Batch<64u, 5u, 8u, 8u, 5u, 1u, Slice<ap_uint<1>, 1u>, Slice<ap_uint<1>, 1u>, Identity, ap_fixed<16, 6, (ap_q_mode)5, (ap_o_mode)3, 0>, 16u, 6u, 1u, ap_uint<64>, ap_uint<5>, FixedPointWeightsSp<8u, ap_int<32>, 5u, 8u>, DebugThresholdActivation<ap_fixed<16, 6, (ap_q_mode)5, (ap_o_mode)3, 0> >, ap_resource_dsp>'.
INFO: [XFORM 203-401] Performing if-conversion on hyperblock from (/home/coder/Desktop/s2n2/finn-hlslib-lif/mvau.hpp:152:16) to (/home/coder/Desktop/s2n2/finn-hlslib-lif/mvau.hpp:155:5) in function 'Matrix_Vector_Activate_Batch<64u, 5u, 8u, 8u, 5u, 1u, Slice<ap_uint<1>, 1u>, Slice<ap_uint<1>, 1u>, Identity, ap_fixed<16, 6, (ap_q_mode)5, (ap_o_mode)3, 0>, 16u, 6u, 1u, ap_uint<64>, ap_uint<5>, FixedPointWeightsSp<8u, ap_int<32>, 5u, 8u>, DebugThresholdActivation<ap_fixed<16, 6, (ap_q_mode)5, (ap_o_mode)3, 0> >, ap_resource_dsp>'... converting 10 basic blocks.
INFO: [XFORM 203-401] Performing if-conversion on hyperblock from (/home/coder/Desktop/s2n2/finn-hlslib-lif/mvau.hpp:165:5) to (/home/coder/Desktop/s2n2/finn-hlslib-lif/mvau.hpp:197:5) in function 'Matrix_Vector_Activate_Batch<64u, 5u, 8u, 8u, 5u, 1u, Slice<ap_uint<1>, 1u>, Slice<ap_uint<1>, 1u>, Identity, ap_fixed<16, 6, (ap_q_mode)5, (ap_o_mode)3, 0>, 16u, 6u, 1u, ap_uint<64>, ap_uint<5>, FixedPointWeightsSp<8u, ap_int<32>, 5u, 8u>, DebugThresholdActivation<ap_fixed<16, 6, (ap_q_mode)5, (ap_o_mode)3, 0> >, ap_resource_dsp>'... converting 3 basic blocks.
INFO: [HLS 200-111] Finished Pre-synthesis Time (s): cpu = 00:00:28 ; elapsed = 00:00:34 . Memory (MB): peak = 1696.547 ; gain = 1294.723 ; free physical = 120274 ; free virtual = 447056
WARNING: [XFORM 203-631] Renaming function 'Matrix_Vector_Activate_Batch<64u, 5u, 8u, 8u, 5u, 1u, Slice<ap_uint<1>, 1u>, Slice<ap_uint<1>, 1u>, Identity, ap_fixed<16, 6, (ap_q_mode)5, (ap_o_mode)3, 0>, 16u, 6u, 1u, ap_uint<64>, ap_uint<5>, FixedPointWeightsSp<8u, ap_int<32>, 5u, 8u>, DebugThresholdActivation<ap_fixed<16, 6, (ap_q_mode)5, (ap_o_mode)3, 0> >, ap_resource_dsp>' to 'Matrix_Vector_Activa' (/home/coder/Desktop/s2n2/finn-hlslib-lif/mvau.hpp:147:46)
INFO: [HLS 200-111] Finished Architecture Synthesis Time (s): cpu = 00:00:28 ; elapsed = 00:00:35 . Memory (MB): peak = 1696.547 ; gain = 1294.723 ; free physical = 120275 ; free virtual = 447056
INFO: [HLS 200-10] Starting hardware synthesis ...
INFO: [HLS 200-10] Synthesizing 'fc2_top' ...
INFO: [HLS 200-10] ----------------------------------------------------------------
INFO: [HLS 200-42] -- Implementing module 'Matrix_Vector_Activa' 
INFO: [HLS 200-10] ----------------------------------------------------------------
INFO: [SCHED 204-11] Starting scheduling ...
INFO: [SCHED 204-61] Pipelining loop 'Loop 1'.
INFO: [SCHED 204-61] Pipelining result : Target II = 1, Final II = 1, Depth = 2.
INFO: [SCHED 204-11] Finished scheduling.
INFO: [HLS 200-111]  Elapsed time: 35.33 seconds; current allocated memory: 224.242 MB.
INFO: [BIND 205-100] Starting micro-architecture generation ...
INFO: [BIND 205-101] Performing variable lifetime analysis.
INFO: [BIND 205-101] Exploring resource sharing.
INFO: [BIND 205-101] Binding ...
INFO: [BIND 205-100] Finished micro-architecture generation.
INFO: [HLS 200-111]  Elapsed time: 0.41 seconds; current allocated memory: 224.400 MB.
INFO: [HLS 200-10] ----------------------------------------------------------------
INFO: [HLS 200-42] -- Implementing module 'fc2_top' 
INFO: [HLS 200-10] ----------------------------------------------------------------
INFO: [SCHED 204-11] Starting scheduling ...
INFO: [SCHED 204-11] Finished scheduling.
INFO: [HLS 200-111]  Elapsed time: 0.39 seconds; current allocated memory: 224.522 MB.
INFO: [BIND 205-100] Starting micro-architecture generation ...
INFO: [BIND 205-101] Performing variable lifetime analysis.
INFO: [BIND 205-101] Exploring resource sharing.
INFO: [BIND 205-101] Binding ...
INFO: [BIND 205-100] Finished micro-architecture generation.
INFO: [HLS 200-111]  Elapsed time: 0.39 seconds; current allocated memory: 224.586 MB.
INFO: [HLS 200-10] ----------------------------------------------------------------
INFO: [HLS 200-10] -- Generating RTL for module 'Matrix_Vector_Activa' 
INFO: [HLS 200-10] ----------------------------------------------------------------
INFO: [RTGEN 206-100] Finished creating RTL model for 'Matrix_Vector_Activa'.
INFO: [HLS 200-111]  Elapsed time: 0.31 seconds; current allocated memory: 224.904 MB.
INFO: [HLS 200-10] ----------------------------------------------------------------
INFO: [HLS 200-10] -- Generating RTL for module 'fc2_top' 
INFO: [HLS 200-10] ----------------------------------------------------------------
INFO: [RTGEN 206-500] Setting interface mode on port 'fc2_top/in_V_V' to 'ap_fifo'.
INFO: [RTGEN 206-500] Setting interface mode on port 'fc2_top/out_V_V' to 'ap_fifo'.
INFO: [RTGEN 206-500] Setting interface mode on port 'fc2_top/numReps' to 'ap_none'.
INFO: [RTGEN 206-500] Setting interface mode on function 'fc2_top' to 'ap_ctrl_hs'.
INFO: [RTGEN 206-100] Finished creating RTL model for 'fc2_top'.
INFO: [HLS 200-111]  Elapsed time: 0.79 seconds; current allocated memory: 225.657 MB.
INFO: [HLS 200-790] **** Loop Constraint Status: All loop constraints were satisfied.
INFO: [HLS 200-789] **** Estimated Fmax: 471.48 MHz
INFO: [HLS 200-111] Finished generating all RTL models Time (s): cpu = 00:00:30 ; elapsed = 00:00:39 . Memory (MB): peak = 1696.547 ; gain = 1294.723 ; free physical = 120388 ; free virtual = 447173
INFO: [VHDL 208-304] Generating VHDL RTL for fc2_top.
INFO: [VLOG 209-307] Generating Verilog RTL for fc2_top.
INFO: [COSIM 212-47] Using XSIM for RTL simulation.
INFO: [COSIM 212-14] Instrumenting C test bench ...
INFO: [COSIM 212-302] Starting C TB testing ... 
INFO: [COSIM 212-333] Generating C post check test bench ...
INFO: [COSIM 212-12] Generating RTL test bench ...
INFO: [COSIM 212-1] *** C/RTL co-simulation file generation completed. ***
INFO: [COSIM 212-323] Starting verilog simulation. 
INFO: [COSIM 212-15] Starting XSIM ...
