

================================================================
== Vivado HLS Report for 'Matrix_Vector_Activa'
================================================================
* Date:           Thu Oct 16 02:33:08 2025

* Version:        2020.1 (Build 2897737 on Wed May 27 20:21:37 MDT 2020)
* Project:        convSNN_fc1
* Solution:       xc7a200t-fbg484-2
* Product family: artix7
* Target device:  xc7a200t-fbg484-2


================================================================
== Performance Estimates
================================================================
+ Timing: 
    * Summary: 
    +--------+----------+----------+------------+
    |  Clock |  Target  | Estimated| Uncertainty|
    +--------+----------+----------+------------+
    |ap_clk  | 10.00 ns | 6.414 ns |   1.25 ns  |
    +--------+----------+----------+------------+

+ Latency: 
    * Summary: 
    +---------+---------+----------+----------+-----+-----+---------+
    |  Latency (cycles) |  Latency (absolute) |  Interval | Pipeline|
    |   min   |   max   |    min   |    max   | min | max |   Type  |
    +---------+---------+----------+----------+-----+-----+---------+
    |        ?|        ?|         ?|         ?|    ?|    ?|   none  |
    +---------+---------+----------+----------+-----+-----+---------+

    + Detail: 
        * Instance: 
        N/A

        * Loop: 
        +----------+---------+---------+----------+-----------+-----------+------+----------+
        |          |  Latency (cycles) | Iteration|  Initiation Interval  | Trip |          |
        | Loop Name|   min   |   max   |  Latency |  achieved |   target  | Count| Pipelined|
        +----------+---------+---------+----------+-----------+-----------+------+----------+
        |- Loop 1  |        ?|        ?|         2|          1|          1|     ?|    yes   |
        +----------+---------+---------+----------+-----------+-----------+------+----------+



================================================================
== Utilization Estimates
================================================================
* Summary: 
+-----------------+---------+-------+--------+--------+-----+
|       Name      | BRAM_18K| DSP48E|   FF   |   LUT  | URAM|
+-----------------+---------+-------+--------+--------+-----+
|DSP              |        -|      -|       -|       -|    -|
|Expression       |        -|      -|       0|     750|    -|
|FIFO             |        -|      -|       -|       -|    -|
|Instance         |        -|      -|       0|    2583|    -|
|Memory           |        -|      -|       -|       -|    -|
|Multiplexer      |        -|      -|       -|     594|    -|
|Register         |        -|      -|    2150|       -|    -|
+-----------------+---------+-------+--------+--------+-----+
|Total            |        0|      0|    2150|    3927|    0|
+-----------------+---------+-------+--------+--------+-----+
|Available        |      730|    740|  269200|  134600|    0|
+-----------------+---------+-------+--------+--------+-----+
|Utilization (%)  |        0|      0|   ~0   |       2|    0|
+-----------------+---------+-------+--------+--------+-----+

+ Detail: 
    * Instance: 
    +--------------------------+----------------------+---------+-------+---+----+-----+
    |         Instance         |        Module        | BRAM_18K| DSP48E| FF| LUT| URAM|
    +--------------------------+----------------------+---------+-------+---+----+-----+
    |fc1_top_mux_83_16bkb_U1   |fc1_top_mux_83_16bkb  |        0|      0|  0|  41|    0|
    |fc1_top_mux_83_16bkb_U2   |fc1_top_mux_83_16bkb  |        0|      0|  0|  41|    0|
    |fc1_top_mux_83_16bkb_U3   |fc1_top_mux_83_16bkb  |        0|      0|  0|  41|    0|
    |fc1_top_mux_83_16bkb_U4   |fc1_top_mux_83_16bkb  |        0|      0|  0|  41|    0|
    |fc1_top_mux_83_16bkb_U5   |fc1_top_mux_83_16bkb  |        0|      0|  0|  41|    0|
    |fc1_top_mux_83_16bkb_U6   |fc1_top_mux_83_16bkb  |        0|      0|  0|  41|    0|
    |fc1_top_mux_83_16bkb_U7   |fc1_top_mux_83_16bkb  |        0|      0|  0|  41|    0|
    |fc1_top_mux_83_16bkb_U8   |fc1_top_mux_83_16bkb  |        0|      0|  0|  41|    0|
    |fc1_top_mux_83_16bkb_U9   |fc1_top_mux_83_16bkb  |        0|      0|  0|  41|    0|
    |fc1_top_mux_83_16bkb_U10  |fc1_top_mux_83_16bkb  |        0|      0|  0|  41|    0|
    |fc1_top_mux_83_16bkb_U11  |fc1_top_mux_83_16bkb  |        0|      0|  0|  41|    0|
    |fc1_top_mux_83_16bkb_U12  |fc1_top_mux_83_16bkb  |        0|      0|  0|  41|    0|
    |fc1_top_mux_83_16bkb_U13  |fc1_top_mux_83_16bkb  |        0|      0|  0|  41|    0|
    |fc1_top_mux_83_16bkb_U14  |fc1_top_mux_83_16bkb  |        0|      0|  0|  41|    0|
    |fc1_top_mux_83_16bkb_U15  |fc1_top_mux_83_16bkb  |        0|      0|  0|  41|    0|
    |fc1_top_mux_83_16bkb_U16  |fc1_top_mux_83_16bkb  |        0|      0|  0|  41|    0|
    |fc1_top_mux_83_16bkb_U17  |fc1_top_mux_83_16bkb  |        0|      0|  0|  41|    0|
    |fc1_top_mux_83_16bkb_U18  |fc1_top_mux_83_16bkb  |        0|      0|  0|  41|    0|
    |fc1_top_mux_83_16bkb_U19  |fc1_top_mux_83_16bkb  |        0|      0|  0|  41|    0|
    |fc1_top_mux_83_16bkb_U20  |fc1_top_mux_83_16bkb  |        0|      0|  0|  41|    0|
    |fc1_top_mux_83_16bkb_U21  |fc1_top_mux_83_16bkb  |        0|      0|  0|  41|    0|
    |fc1_top_mux_83_16bkb_U22  |fc1_top_mux_83_16bkb  |        0|      0|  0|  41|    0|
    |fc1_top_mux_83_16bkb_U23  |fc1_top_mux_83_16bkb  |        0|      0|  0|  41|    0|
    |fc1_top_mux_83_16bkb_U24  |fc1_top_mux_83_16bkb  |        0|      0|  0|  41|    0|
    |fc1_top_mux_83_16bkb_U25  |fc1_top_mux_83_16bkb  |        0|      0|  0|  41|    0|
    |fc1_top_mux_83_16bkb_U26  |fc1_top_mux_83_16bkb  |        0|      0|  0|  41|    0|
    |fc1_top_mux_83_16bkb_U27  |fc1_top_mux_83_16bkb  |        0|      0|  0|  41|    0|
    |fc1_top_mux_83_16bkb_U28  |fc1_top_mux_83_16bkb  |        0|      0|  0|  41|    0|
    |fc1_top_mux_83_16bkb_U29  |fc1_top_mux_83_16bkb  |        0|      0|  0|  41|    0|
    |fc1_top_mux_83_16bkb_U30  |fc1_top_mux_83_16bkb  |        0|      0|  0|  41|    0|
    |fc1_top_mux_83_16bkb_U31  |fc1_top_mux_83_16bkb  |        0|      0|  0|  41|    0|
    |fc1_top_mux_83_16bkb_U32  |fc1_top_mux_83_16bkb  |        0|      0|  0|  41|    0|
    |fc1_top_mux_83_16bkb_U33  |fc1_top_mux_83_16bkb  |        0|      0|  0|  41|    0|
    |fc1_top_mux_83_16bkb_U34  |fc1_top_mux_83_16bkb  |        0|      0|  0|  41|    0|
    |fc1_top_mux_83_16bkb_U35  |fc1_top_mux_83_16bkb  |        0|      0|  0|  41|    0|
    |fc1_top_mux_83_16bkb_U36  |fc1_top_mux_83_16bkb  |        0|      0|  0|  41|    0|
    |fc1_top_mux_83_16bkb_U37  |fc1_top_mux_83_16bkb  |        0|      0|  0|  41|    0|
    |fc1_top_mux_83_16bkb_U38  |fc1_top_mux_83_16bkb  |        0|      0|  0|  41|    0|
    |fc1_top_mux_83_16bkb_U39  |fc1_top_mux_83_16bkb  |        0|      0|  0|  41|    0|
    |fc1_top_mux_83_16bkb_U40  |fc1_top_mux_83_16bkb  |        0|      0|  0|  41|    0|
    |fc1_top_mux_83_16bkb_U41  |fc1_top_mux_83_16bkb  |        0|      0|  0|  41|    0|
    |fc1_top_mux_83_16bkb_U42  |fc1_top_mux_83_16bkb  |        0|      0|  0|  41|    0|
    |fc1_top_mux_83_16bkb_U43  |fc1_top_mux_83_16bkb  |        0|      0|  0|  41|    0|
    |fc1_top_mux_83_16bkb_U44  |fc1_top_mux_83_16bkb  |        0|      0|  0|  41|    0|
    |fc1_top_mux_83_16bkb_U45  |fc1_top_mux_83_16bkb  |        0|      0|  0|  41|    0|
    |fc1_top_mux_83_16bkb_U46  |fc1_top_mux_83_16bkb  |        0|      0|  0|  41|    0|
    |fc1_top_mux_83_16bkb_U47  |fc1_top_mux_83_16bkb  |        0|      0|  0|  41|    0|
    |fc1_top_mux_83_16bkb_U48  |fc1_top_mux_83_16bkb  |        0|      0|  0|  41|    0|
    |fc1_top_mux_83_16bkb_U49  |fc1_top_mux_83_16bkb  |        0|      0|  0|  41|    0|
    |fc1_top_mux_83_16bkb_U50  |fc1_top_mux_83_16bkb  |        0|      0|  0|  41|    0|
    |fc1_top_mux_83_16bkb_U51  |fc1_top_mux_83_16bkb  |        0|      0|  0|  41|    0|
    |fc1_top_mux_83_16bkb_U52  |fc1_top_mux_83_16bkb  |        0|      0|  0|  41|    0|
    |fc1_top_mux_83_16bkb_U53  |fc1_top_mux_83_16bkb  |        0|      0|  0|  41|    0|
    |fc1_top_mux_83_16bkb_U54  |fc1_top_mux_83_16bkb  |        0|      0|  0|  41|    0|
    |fc1_top_mux_83_16bkb_U55  |fc1_top_mux_83_16bkb  |        0|      0|  0|  41|    0|
    |fc1_top_mux_83_16bkb_U56  |fc1_top_mux_83_16bkb  |        0|      0|  0|  41|    0|
    |fc1_top_mux_83_16bkb_U57  |fc1_top_mux_83_16bkb  |        0|      0|  0|  41|    0|
    |fc1_top_mux_83_16bkb_U58  |fc1_top_mux_83_16bkb  |        0|      0|  0|  41|    0|
    |fc1_top_mux_83_16bkb_U59  |fc1_top_mux_83_16bkb  |        0|      0|  0|  41|    0|
    |fc1_top_mux_83_16bkb_U60  |fc1_top_mux_83_16bkb  |        0|      0|  0|  41|    0|
    |fc1_top_mux_83_16bkb_U61  |fc1_top_mux_83_16bkb  |        0|      0|  0|  41|    0|
    |fc1_top_mux_83_16bkb_U62  |fc1_top_mux_83_16bkb  |        0|      0|  0|  41|    0|
    |fc1_top_mux_83_16bkb_U63  |fc1_top_mux_83_16bkb  |        0|      0|  0|  41|    0|
    +--------------------------+----------------------+---------+-------+---+----+-----+
    |Total                     |                      |        0|      0|  0|2583|    0|
    +--------------------------+----------------------+---------+-------+---+----+-----+

    * DSP48E: 
    N/A

    * Memory: 
    N/A

    * FIFO: 
    N/A

    * Expression: 
    +----------------------------------+----------+-------+---+----+------------+------------+
    |           Variable Name          | Operation| DSP48E| FF| LUT| Bitwidth P0| Bitwidth P1|
    +----------------------------------+----------+-------+---+----+------------+------------+
    |add_ln147_fu_370_p2               |     +    |      0|  0|  39|          32|          32|
    |i_fu_386_p2                       |     +    |      0|  0|  39|          32|           1|
    |nf_fu_1008_p2                     |     +    |      0|  0|  39|          32|           1|
    |sf_fu_956_p2                      |     +    |      0|  0|  39|           1|          32|
    |accu_1_V_fu_642_p2                |     -    |      0|  0|  23|          16|          16|
    |accu_2_V_fu_684_p2                |     -    |      0|  0|  23|          16|          16|
    |accu_3_V_fu_726_p2                |     -    |      0|  0|  23|          16|          16|
    |accu_4_V_fu_768_p2                |     -    |      0|  0|  23|          16|          16|
    |accu_5_V_fu_810_p2                |     -    |      0|  0|  23|          16|          16|
    |accu_6_V_fu_852_p2                |     -    |      0|  0|  23|          16|          16|
    |accu_7_V_fu_894_p2                |     -    |      0|  0|  23|          16|          16|
    |ap_block_pp0_stage0_01001         |    and   |      0|  0|   2|           1|           1|
    |icmp_ln147_fu_381_p2              |   icmp   |      0|  0|  18|          32|          32|
    |icmp_ln1498_1_fu_1176_p2          |   icmp   |      0|  0|  11|           6|           1|
    |icmp_ln1498_2_fu_1310_p2          |   icmp   |      0|  0|  11|           6|           1|
    |icmp_ln1498_3_fu_1444_p2          |   icmp   |      0|  0|  11|           6|           1|
    |icmp_ln1498_4_fu_1578_p2          |   icmp   |      0|  0|  11|           6|           1|
    |icmp_ln1498_5_fu_1712_p2          |   icmp   |      0|  0|  11|           6|           1|
    |icmp_ln1498_6_fu_1846_p2          |   icmp   |      0|  0|  11|           6|           1|
    |icmp_ln1498_fu_1042_p2            |   icmp   |      0|  0|  11|           6|           1|
    |icmp_ln150_fu_395_p2              |   icmp   |      0|  0|  18|          32|           1|
    |icmp_ln165_fu_596_p2              |   icmp   |      0|  0|  18|          32|           1|
    |icmp_ln197_fu_962_p2              |   icmp   |      0|  0|  18|          32|           5|
    |icmp_ln212_fu_1014_p2             |   icmp   |      0|  0|  18|          32|           4|
    |ap_block_state1                   |    or    |      0|  0|   2|           1|           1|
    |ap_block_state3_pp0_stage0_iter1  |    or    |      0|  0|   2|           1|           1|
    |accu_1_V_3_fu_948_p3              |  select  |      0|  0|  16|           1|          16|
    |accu_2_V_3_fu_940_p3              |  select  |      0|  0|  16|           1|          16|
    |accu_3_V_3_fu_932_p3              |  select  |      0|  0|  16|           1|          16|
    |accu_4_V_3_fu_924_p3              |  select  |      0|  0|  16|           1|          16|
    |accu_5_V_3_fu_916_p3              |  select  |      0|  0|  16|           1|          16|
    |accu_6_V_3_fu_908_p3              |  select  |      0|  0|  16|           1|          16|
    |accu_7_V_3_fu_900_p3              |  select  |      0|  0|  16|           1|          16|
    |select_ln204_1_fu_1182_p3         |  select  |      0|  0|  16|           1|           1|
    |select_ln204_2_fu_1316_p3         |  select  |      0|  0|  16|           1|           1|
    |select_ln204_3_fu_1450_p3         |  select  |      0|  0|  16|           1|           1|
    |select_ln204_4_fu_1584_p3         |  select  |      0|  0|  16|           1|           1|
    |select_ln204_5_fu_1718_p3         |  select  |      0|  0|  16|           1|           1|
    |select_ln204_6_fu_1852_p3         |  select  |      0|  0|  16|           1|           1|
    |select_ln204_fu_1048_p3           |  select  |      0|  0|  16|           1|           1|
    |select_ln212_fu_1020_p3           |  select  |      0|  0|  32|           1|           1|
    |ap_enable_pp0                     |    xor   |      0|  0|   2|           1|           2|
    |ap_enable_reg_pp0_iter1           |    xor   |      0|  0|   2|           2|           1|
    +----------------------------------+----------+-------+---+----+------------+------------+
    |Total                             |          |      0|  0| 750|         432|         354|
    +----------------------------------+----------+-------+---+----+------------+------------+

    * Multiplexer: 
    +---------------------------------------+----+-----------+-----+-----------+
    |                  Name                 | LUT| Input Size| Bits| Total Bits|
    +---------------------------------------+----+-----------+-----+-----------+
    |ap_NS_fsm                              |  21|          4|    1|          4|
    |ap_done                                |   9|          2|    1|          2|
    |ap_enable_reg_pp0_iter1                |  15|          3|    1|          3|
    |ap_sig_allocacmp_neust_V_10_0_0179_lo  |   9|          2|   16|         32|
    |ap_sig_allocacmp_neust_V_11_0_0180_lo  |   9|          2|   16|         32|
    |ap_sig_allocacmp_neust_V_12_0_0181_lo  |   9|          2|   16|         32|
    |ap_sig_allocacmp_neust_V_13_0_0182_lo  |   9|          2|   16|         32|
    |ap_sig_allocacmp_neust_V_14_0_0183_lo  |   9|          2|   16|         32|
    |ap_sig_allocacmp_neust_V_15_0_0184_lo  |   9|          2|   16|         32|
    |ap_sig_allocacmp_neust_V_17_0_0186_lo  |   9|          2|   16|         32|
    |ap_sig_allocacmp_neust_V_18_0_0187_lo  |   9|          2|   16|         32|
    |ap_sig_allocacmp_neust_V_19_0_0188_lo  |   9|          2|   16|         32|
    |ap_sig_allocacmp_neust_V_1_0_0170_loa  |   9|          2|   16|         32|
    |ap_sig_allocacmp_neust_V_20_0_0189_lo  |   9|          2|   16|         32|
    |ap_sig_allocacmp_neust_V_21_0_0190_lo  |   9|          2|   16|         32|
    |ap_sig_allocacmp_neust_V_22_0_0191_lo  |   9|          2|   16|         32|
    |ap_sig_allocacmp_neust_V_23_0_0192_lo  |   9|          2|   16|         32|
    |ap_sig_allocacmp_neust_V_25_0_0194_lo  |   9|          2|   16|         32|
    |ap_sig_allocacmp_neust_V_26_0_0195_lo  |   9|          2|   16|         32|
    |ap_sig_allocacmp_neust_V_27_0_0196_lo  |   9|          2|   16|         32|
    |ap_sig_allocacmp_neust_V_28_0_0197_lo  |   9|          2|   16|         32|
    |ap_sig_allocacmp_neust_V_29_0_0198_lo  |   9|          2|   16|         32|
    |ap_sig_allocacmp_neust_V_2_0_0171_loa  |   9|          2|   16|         32|
    |ap_sig_allocacmp_neust_V_30_0_0199_lo  |   9|          2|   16|         32|
    |ap_sig_allocacmp_neust_V_31_0_0200_lo  |   9|          2|   16|         32|
    |ap_sig_allocacmp_neust_V_33_0_0202_lo  |   9|          2|   16|         32|
    |ap_sig_allocacmp_neust_V_34_0_0203_lo  |   9|          2|   16|         32|
    |ap_sig_allocacmp_neust_V_35_0_0204_lo  |   9|          2|   16|         32|
    |ap_sig_allocacmp_neust_V_36_0_0205_lo  |   9|          2|   16|         32|
    |ap_sig_allocacmp_neust_V_37_0_0206_lo  |   9|          2|   16|         32|
    |ap_sig_allocacmp_neust_V_38_0_0207_lo  |   9|          2|   16|         32|
    |ap_sig_allocacmp_neust_V_39_0_0208_lo  |   9|          2|   16|         32|
    |ap_sig_allocacmp_neust_V_3_0_0172_loa  |   9|          2|   16|         32|
    |ap_sig_allocacmp_neust_V_41_0_0210_lo  |   9|          2|   16|         32|
    |ap_sig_allocacmp_neust_V_42_0_0211_lo  |   9|          2|   16|         32|
    |ap_sig_allocacmp_neust_V_43_0_0212_lo  |   9|          2|   16|         32|
    |ap_sig_allocacmp_neust_V_44_0_0213_lo  |   9|          2|   16|         32|
    |ap_sig_allocacmp_neust_V_45_0_0214_lo  |   9|          2|   16|         32|
    |ap_sig_allocacmp_neust_V_46_0_0215_lo  |   9|          2|   16|         32|
    |ap_sig_allocacmp_neust_V_47_0_0216_lo  |   9|          2|   16|         32|
    |ap_sig_allocacmp_neust_V_49_0_0218_lo  |   9|          2|   16|         32|
    |ap_sig_allocacmp_neust_V_4_0_0173_loa  |   9|          2|   16|         32|
    |ap_sig_allocacmp_neust_V_50_0_0219_lo  |   9|          2|   16|         32|
    |ap_sig_allocacmp_neust_V_51_0_0220_lo  |   9|          2|   16|         32|
    |ap_sig_allocacmp_neust_V_52_0_0221_lo  |   9|          2|   16|         32|
    |ap_sig_allocacmp_neust_V_53_0_0222_lo  |   9|          2|   16|         32|
    |ap_sig_allocacmp_neust_V_54_0_0223_lo  |   9|          2|   16|         32|
    |ap_sig_allocacmp_neust_V_55_0_0224_lo  |   9|          2|   16|         32|
    |ap_sig_allocacmp_neust_V_57_0_0226_lo  |   9|          2|   16|         32|
    |ap_sig_allocacmp_neust_V_58_0_0227_lo  |   9|          2|   16|         32|
    |ap_sig_allocacmp_neust_V_59_0_0228_lo  |   9|          2|   16|         32|
    |ap_sig_allocacmp_neust_V_5_0_0174_loa  |   9|          2|   16|         32|
    |ap_sig_allocacmp_neust_V_60_0_0229_lo  |   9|          2|   16|         32|
    |ap_sig_allocacmp_neust_V_61_0_0230_lo  |   9|          2|   16|         32|
    |ap_sig_allocacmp_neust_V_62_0_0231_lo  |   9|          2|   16|         32|
    |ap_sig_allocacmp_neust_V_63_0_0232_lo  |   9|          2|   16|         32|
    |ap_sig_allocacmp_neust_V_6_0_0175_loa  |   9|          2|   16|         32|
    |ap_sig_allocacmp_neust_V_7_0_0176_loa  |   9|          2|   16|         32|
    |ap_sig_allocacmp_neust_V_9_0_0178_loa  |   9|          2|   16|         32|
    |i_0_reg_342                            |   9|          2|   32|         64|
    |in_V_V_blk_n                           |   9|          2|    1|          2|
    |nf_0_fu_94                             |   9|          2|   32|         64|
    |out_V_V_blk_n                          |   9|          2|    1|          2|
    |sf_1_fu_90                             |   9|          2|   32|         64|
    +---------------------------------------+----+-----------+-----+-----------+
    |Total                                  | 594|        131|  997|       1997|
    +---------------------------------------+----+-----------+-----+-----------+

    * Register: 
    +-------------------------------+----+----+-----+-----------+
    |              Name             | FF | LUT| Bits| Const Bits|
    +-------------------------------+----+----+-----+-----------+
    |accu_1_V_2_fu_62               |  16|   0|   16|          0|
    |accu_1_V_3_reg_3374            |  16|   0|   16|          0|
    |accu_2_V_2_fu_66               |  16|   0|   16|          0|
    |accu_2_V_3_reg_3368            |  16|   0|   16|          0|
    |accu_3_V_2_fu_70               |  16|   0|   16|          0|
    |accu_3_V_3_reg_3362            |  16|   0|   16|          0|
    |accu_4_V_2_fu_74               |  16|   0|   16|          0|
    |accu_4_V_3_reg_3356            |  16|   0|   16|          0|
    |accu_5_V_2_fu_78               |  16|   0|   16|          0|
    |accu_5_V_3_reg_3350            |  16|   0|   16|          0|
    |accu_6_V_2_fu_82               |  16|   0|   16|          0|
    |accu_6_V_3_reg_3344            |  16|   0|   16|          0|
    |accu_7_V_2_fu_86               |  16|   0|   16|          0|
    |accu_7_V_3_reg_3338            |  16|   0|   16|          0|
    |add_ln147_reg_2644             |  27|   0|   32|          5|
    |ap_CS_fsm                      |   3|   0|    3|          0|
    |ap_done_reg                    |   1|   0|    1|          0|
    |ap_enable_reg_pp0_iter0        |   1|   0|    1|          0|
    |ap_enable_reg_pp0_iter1        |   1|   0|    1|          0|
    |i_0_reg_342                    |  32|   0|   32|          0|
    |icmp_ln150_reg_2658            |   1|   0|    1|          0|
    |icmp_ln197_reg_3380            |   1|   0|    1|          0|
    |neust_V_10_0_0179_fu_130       |  16|   0|   16|          0|
    |neust_V_10_0_0179_lo_reg_2750  |  16|   0|   16|          0|
    |neust_V_11_0_0180_fu_134       |  16|   0|   16|          0|
    |neust_V_11_0_0180_lo_reg_2761  |  16|   0|   16|          0|
    |neust_V_12_0_0181_fu_138       |  16|   0|   16|          0|
    |neust_V_12_0_0181_lo_reg_2772  |  16|   0|   16|          0|
    |neust_V_13_0_0182_fu_142       |  16|   0|   16|          0|
    |neust_V_13_0_0182_lo_reg_2783  |  16|   0|   16|          0|
    |neust_V_14_0_0183_fu_146       |  16|   0|   16|          0|
    |neust_V_14_0_0183_lo_reg_2794  |  16|   0|   16|          0|
    |neust_V_15_0_0184_fu_150       |  16|   0|   16|          0|
    |neust_V_15_0_0184_lo_reg_2805  |  16|   0|   16|          0|
    |neust_V_17_0_0186_fu_154       |  16|   0|   16|          0|
    |neust_V_17_0_0186_lo_reg_2816  |  16|   0|   16|          0|
    |neust_V_18_0_0187_fu_158       |  16|   0|   16|          0|
    |neust_V_18_0_0187_lo_reg_2827  |  16|   0|   16|          0|
    |neust_V_19_0_0188_fu_162       |  16|   0|   16|          0|
    |neust_V_19_0_0188_lo_reg_2838  |  16|   0|   16|          0|
    |neust_V_1_0_0170_fu_98         |  16|   0|   16|          0|
    |neust_V_1_0_0170_loa_reg_2662  |  16|   0|   16|          0|
    |neust_V_20_0_0189_fu_166       |  16|   0|   16|          0|
    |neust_V_20_0_0189_lo_reg_2849  |  16|   0|   16|          0|
    |neust_V_21_0_0190_fu_170       |  16|   0|   16|          0|
    |neust_V_21_0_0190_lo_reg_2860  |  16|   0|   16|          0|
    |neust_V_22_0_0191_fu_174       |  16|   0|   16|          0|
    |neust_V_22_0_0191_lo_reg_2871  |  16|   0|   16|          0|
    |neust_V_23_0_0192_fu_178       |  16|   0|   16|          0|
    |neust_V_23_0_0192_lo_reg_2882  |  16|   0|   16|          0|
    |neust_V_25_0_0194_fu_182       |  16|   0|   16|          0|
    |neust_V_25_0_0194_lo_reg_2893  |  16|   0|   16|          0|
    |neust_V_26_0_0195_fu_186       |  16|   0|   16|          0|
    |neust_V_26_0_0195_lo_reg_2904  |  16|   0|   16|          0|
    |neust_V_27_0_0196_fu_190       |  16|   0|   16|          0|
    |neust_V_27_0_0196_lo_reg_2915  |  16|   0|   16|          0|
    |neust_V_28_0_0197_fu_194       |  16|   0|   16|          0|
    |neust_V_28_0_0197_lo_reg_2926  |  16|   0|   16|          0|
    |neust_V_29_0_0198_fu_198       |  16|   0|   16|          0|
    |neust_V_29_0_0198_lo_reg_2937  |  16|   0|   16|          0|
    |neust_V_2_0_0171_fu_102        |  16|   0|   16|          0|
    |neust_V_2_0_0171_loa_reg_2673  |  16|   0|   16|          0|
    |neust_V_30_0_0199_fu_202       |  16|   0|   16|          0|
    |neust_V_30_0_0199_lo_reg_2948  |  16|   0|   16|          0|
    |neust_V_31_0_0200_fu_206       |  16|   0|   16|          0|
    |neust_V_31_0_0200_lo_reg_2959  |  16|   0|   16|          0|
    |neust_V_33_0_0202_fu_210       |  16|   0|   16|          0|
    |neust_V_33_0_0202_lo_reg_2970  |  16|   0|   16|          0|
    |neust_V_34_0_0203_fu_214       |  16|   0|   16|          0|
    |neust_V_34_0_0203_lo_reg_2981  |  16|   0|   16|          0|
    |neust_V_35_0_0204_fu_218       |  16|   0|   16|          0|
    |neust_V_35_0_0204_lo_reg_2992  |  16|   0|   16|          0|
    |neust_V_36_0_0205_fu_222       |  16|   0|   16|          0|
    |neust_V_36_0_0205_lo_reg_3003  |  16|   0|   16|          0|
    |neust_V_37_0_0206_fu_226       |  16|   0|   16|          0|
    |neust_V_37_0_0206_lo_reg_3014  |  16|   0|   16|          0|
    |neust_V_38_0_0207_fu_230       |  16|   0|   16|          0|
    |neust_V_38_0_0207_lo_reg_3025  |  16|   0|   16|          0|
    |neust_V_39_0_0208_fu_234       |  16|   0|   16|          0|
    |neust_V_39_0_0208_lo_reg_3036  |  16|   0|   16|          0|
    |neust_V_3_0_0172_fu_106        |  16|   0|   16|          0|
    |neust_V_3_0_0172_loa_reg_2684  |  16|   0|   16|          0|
    |neust_V_41_0_0210_fu_238       |  16|   0|   16|          0|
    |neust_V_41_0_0210_lo_reg_3047  |  16|   0|   16|          0|
    |neust_V_42_0_0211_fu_242       |  16|   0|   16|          0|
    |neust_V_42_0_0211_lo_reg_3058  |  16|   0|   16|          0|
    |neust_V_43_0_0212_fu_246       |  16|   0|   16|          0|
    |neust_V_43_0_0212_lo_reg_3069  |  16|   0|   16|          0|
    |neust_V_44_0_0213_fu_250       |  16|   0|   16|          0|
    |neust_V_44_0_0213_lo_reg_3080  |  16|   0|   16|          0|
    |neust_V_45_0_0214_fu_254       |  16|   0|   16|          0|
    |neust_V_45_0_0214_lo_reg_3091  |  16|   0|   16|          0|
    |neust_V_46_0_0215_fu_258       |  16|   0|   16|          0|
    |neust_V_46_0_0215_lo_reg_3102  |  16|   0|   16|          0|
    |neust_V_47_0_0216_fu_262       |  16|   0|   16|          0|
    |neust_V_47_0_0216_lo_reg_3113  |  16|   0|   16|          0|
    |neust_V_49_0_0218_fu_266       |  16|   0|   16|          0|
    |neust_V_49_0_0218_lo_reg_3124  |  16|   0|   16|          0|
    |neust_V_4_0_0173_fu_110        |  16|   0|   16|          0|
    |neust_V_4_0_0173_loa_reg_2695  |  16|   0|   16|          0|
    |neust_V_50_0_0219_fu_270       |  16|   0|   16|          0|
    |neust_V_50_0_0219_lo_reg_3135  |  16|   0|   16|          0|
    |neust_V_51_0_0220_fu_274       |  16|   0|   16|          0|
    |neust_V_51_0_0220_lo_reg_3146  |  16|   0|   16|          0|
    |neust_V_52_0_0221_fu_278       |  16|   0|   16|          0|
    |neust_V_52_0_0221_lo_reg_3157  |  16|   0|   16|          0|
    |neust_V_53_0_0222_fu_282       |  16|   0|   16|          0|
    |neust_V_53_0_0222_lo_reg_3168  |  16|   0|   16|          0|
    |neust_V_54_0_0223_fu_286       |  16|   0|   16|          0|
    |neust_V_54_0_0223_lo_reg_3179  |  16|   0|   16|          0|
    |neust_V_55_0_0224_fu_290       |  16|   0|   16|          0|
    |neust_V_55_0_0224_lo_reg_3190  |  16|   0|   16|          0|
    |neust_V_57_0_0226_fu_294       |  16|   0|   16|          0|
    |neust_V_57_0_0226_lo_reg_3201  |  16|   0|   16|          0|
    |neust_V_58_0_0227_fu_298       |  16|   0|   16|          0|
    |neust_V_58_0_0227_lo_reg_3212  |  16|   0|   16|          0|
    |neust_V_59_0_0228_fu_302       |  16|   0|   16|          0|
    |neust_V_59_0_0228_lo_reg_3223  |  16|   0|   16|          0|
    |neust_V_5_0_0174_fu_114        |  16|   0|   16|          0|
    |neust_V_5_0_0174_loa_reg_2706  |  16|   0|   16|          0|
    |neust_V_60_0_0229_fu_306       |  16|   0|   16|          0|
    |neust_V_60_0_0229_lo_reg_3234  |  16|   0|   16|          0|
    |neust_V_61_0_0230_fu_310       |  16|   0|   16|          0|
    |neust_V_61_0_0230_lo_reg_3245  |  16|   0|   16|          0|
    |neust_V_62_0_0231_fu_314       |  16|   0|   16|          0|
    |neust_V_62_0_0231_lo_reg_3256  |  16|   0|   16|          0|
    |neust_V_63_0_0232_fu_318       |  16|   0|   16|          0|
    |neust_V_63_0_0232_lo_reg_3267  |  16|   0|   16|          0|
    |neust_V_6_0_0175_fu_118        |  16|   0|   16|          0|
    |neust_V_6_0_0175_loa_reg_2717  |  16|   0|   16|          0|
    |neust_V_7_0_0176_fu_122        |  16|   0|   16|          0|
    |neust_V_7_0_0176_loa_reg_2728  |  16|   0|   16|          0|
    |neust_V_9_0_0178_fu_126        |  16|   0|   16|          0|
    |neust_V_9_0_0178_loa_reg_2739  |  16|   0|   16|          0|
    |nf_0_fu_94                     |  32|   0|   32|          0|
    |sf_1_fu_90                     |  32|   0|   32|          0|
    |trunc_ln169_reg_3278           |   3|   0|    3|          0|
    +-------------------------------+----+----+-----+-----------+
    |Total                          |2150|   0| 2155|          5|
    +-------------------------------+----+----+-----+-----------+



================================================================
== Interface
================================================================
* Summary: 
+----------------+-----+-----+------------+----------------------+--------------+
|    RTL Ports   | Dir | Bits|  Protocol  |     Source Object    |    C Type    |
+----------------+-----+-----+------------+----------------------+--------------+
|ap_clk          |  in |    1| ap_ctrl_hs | Matrix_Vector_Activa | return value |
|ap_rst          |  in |    1| ap_ctrl_hs | Matrix_Vector_Activa | return value |
|ap_start        |  in |    1| ap_ctrl_hs | Matrix_Vector_Activa | return value |
|ap_done         | out |    1| ap_ctrl_hs | Matrix_Vector_Activa | return value |
|ap_continue     |  in |    1| ap_ctrl_hs | Matrix_Vector_Activa | return value |
|ap_idle         | out |    1| ap_ctrl_hs | Matrix_Vector_Activa | return value |
|ap_ready        | out |    1| ap_ctrl_hs | Matrix_Vector_Activa | return value |
|in_V_V_dout     |  in |  320|   ap_fifo  |        in_V_V        |    pointer   |
|in_V_V_empty_n  |  in |    1|   ap_fifo  |        in_V_V        |    pointer   |
|in_V_V_read     | out |    1|   ap_fifo  |        in_V_V        |    pointer   |
|out_V_V_din     | out |   64|   ap_fifo  |        out_V_V       |    pointer   |
|out_V_V_full_n  |  in |    1|   ap_fifo  |        out_V_V       |    pointer   |
|out_V_V_write   | out |    1|   ap_fifo  |        out_V_V       |    pointer   |
|reps            |  in |   32|   ap_none  |         reps         |    scalar    |
+----------------+-----+-----+------------+----------------------+--------------+

