#
# An unexpected error has occurred (11)
#
Stack:
/tools/Xilinx2/Vivado/2020.1/tps/lnx64/jre9.0.4/lib//server/libjvm.so(+0xb6aadb) [0x7fa5c85c7adb]
/tools/Xilinx2/Vivado/2020.1/tps/lnx64/jre9.0.4/lib//server/libjvm.so(JVM_handle_linux_signal+0xbb) [0x7fa5c85cce1b]
/tools/Xilinx2/Vivado/2020.1/tps/lnx64/jre9.0.4/lib//server/libjvm.so(+0xb647b8) [0x7fa5c85c17b8]
/usr/lib/x86_64-linux-gnu/libc.so.6(+0x43090) [0x7fa617ccf090]
/usr/lib/x86_64-linux-gnu/libc.so.6(malloc_usable_size+0x48) [0x7fa617d281f8]
/usr/lib/x86_64-linux-gnu/libudev.so.1(+0x10319) [0x7fa58e226319]
/usr/lib/x86_64-linux-gnu/libudev.so.1(+0x167c4) [0x7fa58e22c7c4]
/usr/lib/x86_64-linux-gnu/libudev.so.1(+0x1b255) [0x7fa58e231255]
/usr/lib/x86_64-linux-gnu/libudev.so.1(+0x1b4bb) [0x7fa58e2314bb]
/usr/lib/x86_64-linux-gnu/libudev.so.1(udev_enumerate_scan_devices+0x277) [0x7fa58e233d67]
/tools/Xilinx2/Vivado/2020.1/lib/lnx64.o/libXil_lmgr11.so(+0x10f927) [0x7fa611185927]
/tools/Xilinx2/Vivado/2020.1/lib/lnx64.o/libXil_lmgr11.so(xilinxd_52bd858d5acf2fc4+0x9) [0x7fa611185d89]
/tools/Xilinx2/Vivado/2020.1/lib/lnx64.o/libXil_lmgr11.so(+0xc6566) [0x7fa61113c566]
/tools/Xilinx2/Vivado/2020.1/lib/lnx64.o/libXil_lmgr11.so(xilinxd_52bd853912de43c2+0xc8) [0x7fa61113c098]
/tools/Xilinx2/Vivado/2020.1/lib/lnx64.o/libXil_lmgr11.so(+0xb33a2) [0x7fa6111293a2]
/tools/Xilinx2/Vivado/2020.1/lib/lnx64.o/libXil_lmgr11.so(xilinxd_52bd995765656b48+0x2a) [0x7fa6111335da]
/tools/Xilinx2/Vivado/2020.1/lib/lnx64.o/libXil_lmgr11.so(xilinxd_52bd700d1bd3c616+0x73) [0x7fa6111336c3]
/tools/Xilinx2/Vivado/2020.1/lib/lnx64.o/librdi_commonxillic.so(XilReg::Utils::GetHostInfo[abi:cxx11](XilReg::Utils::HostInfoType, bool) const+0x1c8) [0x7fa613be2f68]
/tools/Xilinx2/Vivado/2020.1/lib/lnx64.o/librdi_commonxillic.so(XilReg::Utils::GetHostInfoFormatted[abi:cxx11](XilReg::Utils::HostInfoType, bool) const+0x52) [0x7fa613be6d62]
/tools/Xilinx2/Vivado/2020.1/lib/lnx64.o/librdi_commonxillic.so(XilReg::Utils::GetHostInfo[abi:cxx11]() const+0x183) [0x7fa613be7023]
/tools/Xilinx2/Vivado/2020.1/lib/lnx64.o/librdi_commonxillic.so(XilReg::Utils::GetRegInfo(std::__cxx11::basic_string<char, std::char_traits<char>, std::allocator<char> > const&, bool, bool)+0xc6) [0x7fa613bf1986]
/tools/Xilinx2/Vivado/2020.1/lib/lnx64.o/librdi_commonxillic.so(XilReg::Utils::GetRegInfoWebTalk(std::__cxx11::basic_string<char, std::char_traits<char>, std::allocator<char> > const&)+0x60) [0x7fa613bf1c10]
/tools/Xilinx2/Vivado/2020.1/lib/lnx64.o/librdi_project.so(HAPRWebtalkHelper::getRegistrationId[abi:cxx11]() const+0x3a) [0x7fa5dfe0334a]
/tools/Xilinx2/Vivado/2020.1/lib/lnx64.o/librdi_project.so(HAPRWebtalkHelper::HAPRWebtalkHelper(HAPRProject*, HAPRDesign*, HWEWebtalkMgr*, std::__cxx11::basic_string<char, std::char_traits<char>, std::allocator<char> > const&)+0xb0) [0x7fa5dfe037c0]
/tools/Xilinx2/Vivado/2020.1/lib/lnx64.o/librdi_tcltasks.so(+0x17f09a6) [0x7fa60c08b9a6]
/tools/Xilinx2/Vivado/2020.1/lib/lnx64.o/librdi_tcltasks.so(+0x17fbeeb) [0x7fa60c096eeb]
/tools/Xilinx2/Vivado/2020.1/lib/lnx64.o/librdi_common.so(+0x9627f2) [0x7fa618f9a7f2]
/tools/Xilinx2/Vivado/2020.1/lib/lnx64.o/libtcl8.5.so(+0x334af) [0x7fa6134414af]
/tools/Xilinx2/Vivado/2020.1/lib/lnx64.o/libtcl8.5.so(+0x76875) [0x7fa613484875]
/tools/Xilinx2/Vivado/2020.1/lib/lnx64.o/libtcl8.5.so(+0x7e029) [0x7fa61348c029]
/tools/Xilinx2/Vivado/2020.1/lib/lnx64.o/libtcl8.5.so(TclEvalObjEx+0x76) [0x7fa613443156]
/tools/Xilinx2/Vivado/2020.1/lib/lnx64.o/librdi_common.so(+0x960d01) [0x7fa618f98d01]
/tools/Xilinx2/Vivado/2020.1/lib/lnx64.o/libtcl8.5.so(Tcl_ServiceEvent+0x7f) [0x7fa6134b5b0f]
/tools/Xilinx2/Vivado/2020.1/lib/lnx64.o/libtcl8.5.so(Tcl_DoOneEvent+0x154) [0x7fa6134b5e44]
/tools/Xilinx2/Vivado/2020.1/lib/lnx64.o/librdi_commontasks.so(+0x23c7e5) [0x7fa60e35b7e5]
/tools/Xilinx2/Vivado/2020.1/lib/lnx64.o/librdi_commontasks.so(+0x23f8f1) [0x7fa60e35e8f1]
/tools/Xilinx2/Vivado/2020.1/lib/lnx64.o/librdi_commontasks.so(+0x24093e) [0x7fa60e35f93e]
/tools/Xilinx2/Vivado/2020.1/lib/lnx64.o/librdi_common.so(+0x9627f2) [0x7fa618f9a7f2]
/tools/Xilinx2/Vivado/2020.1/lib/lnx64.o/libtcl8.5.so(+0x334af) [0x7fa6134414af]
/tools/Xilinx2/Vivado/2020.1/lib/lnx64.o/libtcl8.5.so(+0x76875) [0x7fa613484875]
/tools/Xilinx2/Vivado/2020.1/lib/lnx64.o/libtcl8.5.so(+0x7e029) [0x7fa61348c029]
/tools/Xilinx2/Vivado/2020.1/lib/lnx64.o/libtcl8.5.so(TclEvalObjEx+0x76) [0x7fa613443156]
/tools/Xilinx2/Vivado/2020.1/lib/lnx64.o/librdi_commonmain.so(+0xad53) [0x7fa618430d53]
/tools/Xilinx2/Vivado/2020.1/lib/lnx64.o/libtcl8.5.so(Tcl_Main+0x1d0) [0x7fa6134ae210]
/tools/Xilinx2/Vivado/2020.1/lib/lnx64.o/librdi_common.so(+0x9a6e6b) [0x7fa618fdee6b]
/usr/lib/x86_64-linux-gnu/libpthread.so.0(+0x8609) [0x7fa617c71609]
/usr/lib/x86_64-linux-gnu/libc.so.6(clone+0x43) [0x7fa617dab353]
