#-----------------------------------------------------------
# Vivado v2020.1 (64-bit)
# SW Build 2902540 on Wed May 27 19:54:35 MDT 2020
# IP Build 2902112 on Wed May 27 22:43:36 MDT 2020
# Start of session at: Thu Sep 25 15:31:38 2025
# Process ID: 210396
# Current directory: /home/coder/Desktop/s2n2/convSNN/convSNN_hls
# Command line: vivado
# Log file: /home/coder/Desktop/s2n2/convSNN/convSNN_hls/vivado.log
# Journal file: /home/coder/Desktop/s2n2/convSNN/convSNN_hls/vivado.jou
#-----------------------------------------------------------
start_gui
open_project /home/coder/Desktop/s2n2/SNNTrial3/SNNTrial3.xpr
Scanning sources...
Finished scanning sources
INFO: [IP_Flow 19-234] Refreshing IP repositories
INFO: [IP_Flow 19-1700] Loaded user IP repository '/home/coder/Desktop/s2n2/convSNN/convSNN_hls/convSNN_fc2/solution1/impl/ip'.
INFO: [IP_Flow 19-1700] Loaded user IP repository '/home/coder/Desktop/s2n2/convSNN/convSNN_hls/convSNN_fc1/solution1/impl/ip'.
INFO: [IP_Flow 19-1700] Loaded user IP repository '/home/coder/Desktop/s2n2/convSNN/convSNN_hls/convSNN_conv1/solution1/impl/ip'.
INFO: [IP_Flow 19-2313] Loaded Vivado IP repository '/tools/Xilinx2/Vivado/2020.1/data/ip'.
WARNING: [IP_Flow 19-3664] IP 'design_1_fc1_top_0_0' generated file not found '/home/coder/Desktop/s2n2/SNNTrial3/SNNTrial3.srcs/sources_1/bd/design_1/ip/design_1_fc1_top_0_0/design_1_fc1_top_0_0.dcp'. Please regenerate to continue.
WARNING: [IP_Flow 19-3664] IP 'design_1_fc1_top_0_0' generated file not found '/home/coder/Desktop/s2n2/SNNTrial3/SNNTrial3.srcs/sources_1/bd/design_1/ip/design_1_fc1_top_0_0/design_1_fc1_top_0_0_stub.v'. Please regenerate to continue.
WARNING: [IP_Flow 19-3664] IP 'design_1_fc1_top_0_0' generated file not found '/home/coder/Desktop/s2n2/SNNTrial3/SNNTrial3.srcs/sources_1/bd/design_1/ip/design_1_fc1_top_0_0/design_1_fc1_top_0_0_stub.vhdl'. Please regenerate to continue.
WARNING: [IP_Flow 19-3664] IP 'design_1_fc1_top_0_0' generated file not found '/home/coder/Desktop/s2n2/SNNTrial3/SNNTrial3.srcs/sources_1/bd/design_1/ip/design_1_fc1_top_0_0/design_1_fc1_top_0_0_sim_netlist.v'. Please regenerate to continue.
WARNING: [IP_Flow 19-3664] IP 'design_1_fc1_top_0_0' generated file not found '/home/coder/Desktop/s2n2/SNNTrial3/SNNTrial3.srcs/sources_1/bd/design_1/ip/design_1_fc1_top_0_0/design_1_fc1_top_0_0_sim_netlist.vhdl'. Please regenerate to continue.
WARNING: [IP_Flow 19-3664] IP 'design_1_fc2_top_0_0' generated file not found '/home/coder/Desktop/s2n2/SNNTrial3/SNNTrial3.srcs/sources_1/bd/design_1/ip/design_1_fc2_top_0_0/design_1_fc2_top_0_0.dcp'. Please regenerate to continue.
WARNING: [IP_Flow 19-3664] IP 'design_1_fc2_top_0_0' generated file not found '/home/coder/Desktop/s2n2/SNNTrial3/SNNTrial3.srcs/sources_1/bd/design_1/ip/design_1_fc2_top_0_0/design_1_fc2_top_0_0_stub.v'. Please regenerate to continue.
WARNING: [IP_Flow 19-3664] IP 'design_1_fc2_top_0_0' generated file not found '/home/coder/Desktop/s2n2/SNNTrial3/SNNTrial3.srcs/sources_1/bd/design_1/ip/design_1_fc2_top_0_0/design_1_fc2_top_0_0_stub.vhdl'. Please regenerate to continue.
WARNING: [IP_Flow 19-3664] IP 'design_1_fc2_top_0_0' generated file not found '/home/coder/Desktop/s2n2/SNNTrial3/SNNTrial3.srcs/sources_1/bd/design_1/ip/design_1_fc2_top_0_0/design_1_fc2_top_0_0_sim_netlist.v'. Please regenerate to continue.
WARNING: [IP_Flow 19-3664] IP 'design_1_fc2_top_0_0' generated file not found '/home/coder/Desktop/s2n2/SNNTrial3/SNNTrial3.srcs/sources_1/bd/design_1/ip/design_1_fc2_top_0_0/design_1_fc2_top_0_0_sim_netlist.vhdl'. Please regenerate to continue.
WARNING: [IP_Flow 19-3664] IP 'design_1_conv1_lif_top_0_0' generated file not found '/home/coder/Desktop/s2n2/SNNTrial3/SNNTrial3.srcs/sources_1/bd/design_1/ip/design_1_conv1_lif_top_0_0/design_1_conv1_lif_top_0_0.dcp'. Please regenerate to continue.
WARNING: [IP_Flow 19-3664] IP 'design_1_conv1_lif_top_0_0' generated file not found '/home/coder/Desktop/s2n2/SNNTrial3/SNNTrial3.srcs/sources_1/bd/design_1/ip/design_1_conv1_lif_top_0_0/design_1_conv1_lif_top_0_0_stub.v'. Please regenerate to continue.
WARNING: [IP_Flow 19-3664] IP 'design_1_conv1_lif_top_0_0' generated file not found '/home/coder/Desktop/s2n2/SNNTrial3/SNNTrial3.srcs/sources_1/bd/design_1/ip/design_1_conv1_lif_top_0_0/design_1_conv1_lif_top_0_0_stub.vhdl'. Please regenerate to continue.
WARNING: [IP_Flow 19-3664] IP 'design_1_conv1_lif_top_0_0' generated file not found '/home/coder/Desktop/s2n2/SNNTrial3/SNNTrial3.srcs/sources_1/bd/design_1/ip/design_1_conv1_lif_top_0_0/design_1_conv1_lif_top_0_0_sim_netlist.v'. Please regenerate to continue.
WARNING: [IP_Flow 19-3664] IP 'design_1_conv1_lif_top_0_0' generated file not found '/home/coder/Desktop/s2n2/SNNTrial3/SNNTrial3.srcs/sources_1/bd/design_1/ip/design_1_conv1_lif_top_0_0/design_1_conv1_lif_top_0_0_sim_netlist.vhdl'. Please regenerate to continue.
WARNING: [IP_Flow 19-3664] IP 'design_1_clk_wiz_0' generated file not found '/home/coder/Desktop/s2n2/SNNTrial3/SNNTrial3.srcs/sources_1/bd/design_1/ip/design_1_clk_wiz_0/design_1_clk_wiz_0.dcp'. Please regenerate to continue.
WARNING: [IP_Flow 19-3664] IP 'design_1_clk_wiz_0' generated file not found '/home/coder/Desktop/s2n2/SNNTrial3/SNNTrial3.srcs/sources_1/bd/design_1/ip/design_1_clk_wiz_0/design_1_clk_wiz_0_stub.v'. Please regenerate to continue.
WARNING: [IP_Flow 19-3664] IP 'design_1_clk_wiz_0' generated file not found '/home/coder/Desktop/s2n2/SNNTrial3/SNNTrial3.srcs/sources_1/bd/design_1/ip/design_1_clk_wiz_0/design_1_clk_wiz_0_stub.vhdl'. Please regenerate to continue.
WARNING: [IP_Flow 19-3664] IP 'design_1_clk_wiz_0' generated file not found '/home/coder/Desktop/s2n2/SNNTrial3/SNNTrial3.srcs/sources_1/bd/design_1/ip/design_1_clk_wiz_0/design_1_clk_wiz_0_sim_netlist.v'. Please regenerate to continue.
WARNING: [IP_Flow 19-3664] IP 'design_1_clk_wiz_0' generated file not found '/home/coder/Desktop/s2n2/SNNTrial3/SNNTrial3.srcs/sources_1/bd/design_1/ip/design_1_clk_wiz_0/design_1_clk_wiz_0_sim_netlist.vhdl'. Please regenerate to continue.
WARNING: [IP_Flow 19-3664] IP 'design_1_rst_clk_wiz_100M_0' generated file not found '/home/coder/Desktop/s2n2/SNNTrial3/SNNTrial3.srcs/sources_1/bd/design_1/ip/design_1_rst_clk_wiz_100M_0/design_1_rst_clk_wiz_100M_0.dcp'. Please regenerate to continue.
WARNING: [IP_Flow 19-3664] IP 'design_1_rst_clk_wiz_100M_0' generated file not found '/home/coder/Desktop/s2n2/SNNTrial3/SNNTrial3.srcs/sources_1/bd/design_1/ip/design_1_rst_clk_wiz_100M_0/design_1_rst_clk_wiz_100M_0_stub.v'. Please regenerate to continue.
WARNING: [IP_Flow 19-3664] IP 'design_1_rst_clk_wiz_100M_0' generated file not found '/home/coder/Desktop/s2n2/SNNTrial3/SNNTrial3.srcs/sources_1/bd/design_1/ip/design_1_rst_clk_wiz_100M_0/design_1_rst_clk_wiz_100M_0_stub.vhdl'. Please regenerate to continue.
WARNING: [IP_Flow 19-3664] IP 'design_1_rst_clk_wiz_100M_0' generated file not found '/home/coder/Desktop/s2n2/SNNTrial3/SNNTrial3.srcs/sources_1/bd/design_1/ip/design_1_rst_clk_wiz_100M_0/design_1_rst_clk_wiz_100M_0_sim_netlist.v'. Please regenerate to continue.
WARNING: [IP_Flow 19-3664] IP 'design_1_rst_clk_wiz_100M_0' generated file not found '/home/coder/Desktop/s2n2/SNNTrial3/SNNTrial3.srcs/sources_1/bd/design_1/ip/design_1_rst_clk_wiz_100M_0/design_1_rst_clk_wiz_100M_0_sim_netlist.vhdl'. Please regenerate to continue.
WARNING: [IP_Flow 19-3664] IP 'design_1_clk_wiz_1_0' generated file not found '/home/coder/Desktop/s2n2/SNNTrial3/SNNTrial3.srcs/sources_1/bd/design_1/ip/design_1_clk_wiz_1_0/design_1_clk_wiz_1_0.dcp'. Please regenerate to continue.
WARNING: [IP_Flow 19-3664] IP 'design_1_clk_wiz_1_0' generated file not found '/home/coder/Desktop/s2n2/SNNTrial3/SNNTrial3.srcs/sources_1/bd/design_1/ip/design_1_clk_wiz_1_0/design_1_clk_wiz_1_0_stub.v'. Please regenerate to continue.
WARNING: [IP_Flow 19-3664] IP 'design_1_clk_wiz_1_0' generated file not found '/home/coder/Desktop/s2n2/SNNTrial3/SNNTrial3.srcs/sources_1/bd/design_1/ip/design_1_clk_wiz_1_0/design_1_clk_wiz_1_0_stub.vhdl'. Please regenerate to continue.
WARNING: [IP_Flow 19-3664] IP 'design_1_clk_wiz_1_0' generated file not found '/home/coder/Desktop/s2n2/SNNTrial3/SNNTrial3.srcs/sources_1/bd/design_1/ip/design_1_clk_wiz_1_0/design_1_clk_wiz_1_0_sim_netlist.v'. Please regenerate to continue.
WARNING: [IP_Flow 19-3664] IP 'design_1_clk_wiz_1_0' generated file not found '/home/coder/Desktop/s2n2/SNNTrial3/SNNTrial3.srcs/sources_1/bd/design_1/ip/design_1_clk_wiz_1_0/design_1_clk_wiz_1_0_sim_netlist.vhdl'. Please regenerate to continue.
WARNING: [IP_Flow 19-3664] IP 'design_1_rst_clk_wiz_1_100M_0' generated file not found '/home/coder/Desktop/s2n2/SNNTrial3/SNNTrial3.srcs/sources_1/bd/design_1/ip/design_1_rst_clk_wiz_1_100M_0/design_1_rst_clk_wiz_1_100M_0.dcp'. Please regenerate to continue.
WARNING: [IP_Flow 19-3664] IP 'design_1_rst_clk_wiz_1_100M_0' generated file not found '/home/coder/Desktop/s2n2/SNNTrial3/SNNTrial3.srcs/sources_1/bd/design_1/ip/design_1_rst_clk_wiz_1_100M_0/design_1_rst_clk_wiz_1_100M_0_stub.v'. Please regenerate to continue.
WARNING: [IP_Flow 19-3664] IP 'design_1_rst_clk_wiz_1_100M_0' generated file not found '/home/coder/Desktop/s2n2/SNNTrial3/SNNTrial3.srcs/sources_1/bd/design_1/ip/design_1_rst_clk_wiz_1_100M_0/design_1_rst_clk_wiz_1_100M_0_stub.vhdl'. Please regenerate to continue.
WARNING: [IP_Flow 19-3664] IP 'design_1_rst_clk_wiz_1_100M_0' generated file not found '/home/coder/Desktop/s2n2/SNNTrial3/SNNTrial3.srcs/sources_1/bd/design_1/ip/design_1_rst_clk_wiz_1_100M_0/design_1_rst_clk_wiz_1_100M_0_sim_netlist.v'. Please regenerate to continue.
WARNING: [IP_Flow 19-3664] IP 'design_1_rst_clk_wiz_1_100M_0' generated file not found '/home/coder/Desktop/s2n2/SNNTrial3/SNNTrial3.srcs/sources_1/bd/design_1/ip/design_1_rst_clk_wiz_1_100M_0/design_1_rst_clk_wiz_1_100M_0_sim_netlist.vhdl'. Please regenerate to continue.
WARNING: [IP_Flow 19-3664] IP 'design_1_clk_wiz_2_0' generated file not found '/home/coder/Desktop/s2n2/SNNTrial3/SNNTrial3.srcs/sources_1/bd/design_1/ip/design_1_clk_wiz_2_0/design_1_clk_wiz_2_0.dcp'. Please regenerate to continue.
WARNING: [IP_Flow 19-3664] IP 'design_1_clk_wiz_2_0' generated file not found '/home/coder/Desktop/s2n2/SNNTrial3/SNNTrial3.srcs/sources_1/bd/design_1/ip/design_1_clk_wiz_2_0/design_1_clk_wiz_2_0_stub.v'. Please regenerate to continue.
WARNING: [IP_Flow 19-3664] IP 'design_1_clk_wiz_2_0' generated file not found '/home/coder/Desktop/s2n2/SNNTrial3/SNNTrial3.srcs/sources_1/bd/design_1/ip/design_1_clk_wiz_2_0/design_1_clk_wiz_2_0_stub.vhdl'. Please regenerate to continue.
WARNING: [IP_Flow 19-3664] IP 'design_1_clk_wiz_2_0' generated file not found '/home/coder/Desktop/s2n2/SNNTrial3/SNNTrial3.srcs/sources_1/bd/design_1/ip/design_1_clk_wiz_2_0/design_1_clk_wiz_2_0_sim_netlist.v'. Please regenerate to continue.
WARNING: [IP_Flow 19-3664] IP 'design_1_clk_wiz_2_0' generated file not found '/home/coder/Desktop/s2n2/SNNTrial3/SNNTrial3.srcs/sources_1/bd/design_1/ip/design_1_clk_wiz_2_0/design_1_clk_wiz_2_0_sim_netlist.vhdl'. Please regenerate to continue.
WARNING: [IP_Flow 19-3664] IP 'design_1_rst_clk_wiz_2_100M_0' generated file not found '/home/coder/Desktop/s2n2/SNNTrial3/SNNTrial3.srcs/sources_1/bd/design_1/ip/design_1_rst_clk_wiz_2_100M_0/design_1_rst_clk_wiz_2_100M_0.dcp'. Please regenerate to continue.
WARNING: [IP_Flow 19-3664] IP 'design_1_rst_clk_wiz_2_100M_0' generated file not found '/home/coder/Desktop/s2n2/SNNTrial3/SNNTrial3.srcs/sources_1/bd/design_1/ip/design_1_rst_clk_wiz_2_100M_0/design_1_rst_clk_wiz_2_100M_0_stub.v'. Please regenerate to continue.
WARNING: [IP_Flow 19-3664] IP 'design_1_rst_clk_wiz_2_100M_0' generated file not found '/home/coder/Desktop/s2n2/SNNTrial3/SNNTrial3.srcs/sources_1/bd/design_1/ip/design_1_rst_clk_wiz_2_100M_0/design_1_rst_clk_wiz_2_100M_0_stub.vhdl'. Please regenerate to continue.
WARNING: [IP_Flow 19-3664] IP 'design_1_rst_clk_wiz_2_100M_0' generated file not found '/home/coder/Desktop/s2n2/SNNTrial3/SNNTrial3.srcs/sources_1/bd/design_1/ip/design_1_rst_clk_wiz_2_100M_0/design_1_rst_clk_wiz_2_100M_0_sim_netlist.v'. Please regenerate to continue.
WARNING: [IP_Flow 19-3664] IP 'design_1_rst_clk_wiz_2_100M_0' generated file not found '/home/coder/Desktop/s2n2/SNNTrial3/SNNTrial3.srcs/sources_1/bd/design_1/ip/design_1_rst_clk_wiz_2_100M_0/design_1_rst_clk_wiz_2_100M_0_sim_netlist.vhdl'. Please regenerate to continue.
WARNING: [IP_Flow 19-3664] IP 'design_1_axis_dwidth_converter_0_0' generated file not found '/home/coder/Desktop/s2n2/SNNTrial3/SNNTrial3.srcs/sources_1/bd/design_1/ip/design_1_axis_dwidth_converter_0_0/design_1_axis_dwidth_converter_0_0.dcp'. Please regenerate to continue.
WARNING: [IP_Flow 19-3664] IP 'design_1_axis_dwidth_converter_0_0' generated file not found '/home/coder/Desktop/s2n2/SNNTrial3/SNNTrial3.srcs/sources_1/bd/design_1/ip/design_1_axis_dwidth_converter_0_0/design_1_axis_dwidth_converter_0_0_stub.v'. Please regenerate to continue.
WARNING: [IP_Flow 19-3664] IP 'design_1_axis_dwidth_converter_0_0' generated file not found '/home/coder/Desktop/s2n2/SNNTrial3/SNNTrial3.srcs/sources_1/bd/design_1/ip/design_1_axis_dwidth_converter_0_0/design_1_axis_dwidth_converter_0_0_stub.vhdl'. Please regenerate to continue.
WARNING: [IP_Flow 19-3664] IP 'design_1_axis_dwidth_converter_0_0' generated file not found '/home/coder/Desktop/s2n2/SNNTrial3/SNNTrial3.srcs/sources_1/bd/design_1/ip/design_1_axis_dwidth_converter_0_0/design_1_axis_dwidth_converter_0_0_sim_netlist.v'. Please regenerate to continue.
WARNING: [IP_Flow 19-3664] IP 'design_1_axis_dwidth_converter_0_0' generated file not found '/home/coder/Desktop/s2n2/SNNTrial3/SNNTrial3.srcs/sources_1/bd/design_1/ip/design_1_axis_dwidth_converter_0_0/design_1_axis_dwidth_converter_0_0_sim_netlist.vhdl'. Please regenerate to continue.
WARNING: [IP_Flow 19-3899] Cannot get the environment domain name variable for the component vendor name. Setting the vendor name to 'user.org'.
open_project: Time (s): cpu = 00:00:22 ; elapsed = 00:00:16 . Memory (MB): peak = 7096.168 ; gain = 40.047 ; free physical = 86214 ; free virtual = 360358
update_compile_order -fileset sources_1
open_bd_design {/home/coder/Desktop/s2n2/SNNTrial3/SNNTrial3.srcs/sources_1/bd/design_1/design_1.bd}
Adding component instance block -- xilinx.com:hls:fc1_top:2.0 - fc1_top_0
Adding component instance block -- xilinx.com:hls:fc2_top:2.0 - fc2_top_0
Adding component instance block -- xilinx.com:hls:conv1_lif_top:2.0 - conv1_lif_top_0
Adding component instance block -- xilinx.com:ip:clk_wiz:6.0 - clk_wiz
Adding component instance block -- xilinx.com:ip:proc_sys_reset:5.0 - rst_clk_wiz_100M
Adding component instance block -- xilinx.com:ip:clk_wiz:6.0 - clk_wiz_1
Adding component instance block -- xilinx.com:ip:proc_sys_reset:5.0 - rst_clk_wiz_1_100M
Adding component instance block -- xilinx.com:ip:clk_wiz:6.0 - clk_wiz_2
Adding component instance block -- xilinx.com:ip:proc_sys_reset:5.0 - rst_clk_wiz_2_100M
Adding component instance block -- xilinx.com:ip:xlconstant:1.1 - xlconstant_0
Adding component instance block -- xilinx.com:ip:xlconstant:1.1 - xlconstant_1
Adding component instance block -- xilinx.com:ip:axis_dwidth_converter:1.1 - axis_dwidth_converter_0
Successfully read diagram <design_1> from BD file </home/coder/Desktop/s2n2/SNNTrial3/SNNTrial3.srcs/sources_1/bd/design_1/design_1.bd>
open_bd_design: Time (s): cpu = 00:00:09 ; elapsed = 00:00:21 . Memory (MB): peak = 7434.332 ; gain = 0.000 ; free physical = 85044 ; free virtual = 360173
reset_run design_1_axis_dwidth_converter_0_0_synth_1
reset_run design_1_rst_clk_wiz_2_100M_0_synth_1
reset_run design_1_clk_wiz_2_0_synth_1
reset_run design_1_rst_clk_wiz_1_100M_0_synth_1
reset_run design_1_clk_wiz_1_0_synth_1
reset_run design_1_rst_clk_wiz_100M_0_synth_1
reset_run design_1_clk_wiz_0_synth_1
reset_run design_1_conv1_lif_top_0_0_synth_1
reset_run design_1_fc1_top_0_0_synth_1
reset_run design_1_fc2_top_0_0_synth_1
reset_run synth_1
launch_runs synth_1 -jobs 2
