INFO: [SIM 2] *************** CSIM start ***************
INFO: [SIM 4] CSIM will launch GCC as the compiler.
   Compiling ../../../../../fc2_tb.cpp in release mode
   Compiling ../../../../../fc2_top.cpp in release mode
   Generating csim.exe

Initializing FC2 weights from memdata.h...
[DEBUG] Tile = 0, Mask = 0b11111111
  [PE 0] Weight = 6 Accumulator before = 0
  [PE 0] Accumulator after  = 6
  [PE 1] Weight = 4 Accumulator before = 0
  [PE 1] Accumulator after  = 4
  [PE 2] Weight = -151 Accumulator before = 0
  [PE 2] Accumulator after  = -23
  [PE 3] Weight = -95 Accumulator before = 0
  [PE 3] Accumulator after  = -31
  [PE 4] Weight = -69 Accumulator before = 0
  [PE 4] Accumulator after  = -5
[DEBUG] Tile = 1, Mask = 0b11111111
  [PE 0] Weight = 64 Accumulator before = 6
  [PE 0] Accumulator after  = 6
  [PE 1] Weight = 72 Accumulator before = 4
  [PE 1] Accumulator after  = 12
  [PE 2] Weight = -203 Accumulator before = -23
  [PE 2] Accumulator after  = 30
  [PE 3] Weight = -61 Accumulator before = -31
  [PE 3] Accumulator after  = -28
  [PE 4] Weight = -2 Accumulator before = -5
  [PE 4] Accumulator after  = -7
[DEBUG] Tile = 2, Mask = 0b11111111
  [PE 0] Weight = -84 Accumulator before = 6
  [PE 0] Accumulator after  = -14
  [PE 1] Weight = -14 Accumulator before = 12
  [PE 1] Accumulator after  = -2
  [PE 2] Weight = 91 Accumulator before = 30
  [PE 2] Accumulator after  = -7
  [PE 3] Weight = 50 Accumulator before = -28
  [PE 3] Accumulator after  = 22
  [PE 4] Weight = 10 Accumulator before = -7
  [PE 4] Accumulator after  = 3
[DEBUG] Tile = 3, Mask = 0b11111111
  [PE 0] Weight = -55 Accumulator before = -14
  [PE 0] Accumulator after  = -5
  [PE 1] Weight = -20 Accumulator before = -2
  [PE 1] Accumulator after  = -22
  [PE 2] Weight = 18 Accumulator before = -7
  [PE 2] Accumulator after  = 11
  [PE 3] Weight = -34 Accumulator before = 22
  [PE 3] Accumulator after  = -12
  [PE 4] Weight = -136 Accumulator before = 3
  [PE 4] Accumulator after  = -5
[DEBUG] Tile = 4, Mask = 0b11111111
  [PE 0] Weight = 74 Accumulator before = -5
  [PE 0] Accumulator after  = 5
  [PE 1] Weight = 48 Accumulator before = -22
  [PE 1] Accumulator after  = 26
  [PE 2] Weight = 59 Accumulator before = 11
  [PE 2] Accumulator after  = 6
  [PE 3] Weight = 146 Accumulator before = -12
  [PE 3] Accumulator after  = 6
  [PE 4] Weight = 92 Accumulator before = -5
  [PE 4] Accumulator after  = 23
[DEBUG] Tile = 5, Mask = 0b11111111
  [PE 0] Weight = 94 Accumulator before = 5
  [PE 0] Accumulator after  = -29
  [PE 1] Weight = 50 Accumulator before = 26
  [PE 1] Accumulator after  = 12
  [PE 2] Weight = 53 Accumulator before = 6
  [PE 2] Accumulator after  = -5
  [PE 3] Weight = 75 Accumulator before = 6
  [PE 3] Accumulator after  = 17
  [PE 4] Weight = 65 Accumulator before = 23
  [PE 4] Accumulator after  = 24
[DEBUG] Tile = 6, Mask = 0b11111111
  [PE 0] Weight = 78 Accumulator before = -29
  [PE 0] Accumulator after  = -15
  [PE 1] Weight = 95 Accumulator before = 12
  [PE 1] Accumulator after  = -21
  [PE 2] Weight = -225 Accumulator before = -5
  [PE 2] Accumulator after  = 26
  [PE 3] Weight = 11 Accumulator before = 17
  [PE 3] Accumulator after  = 28
  [PE 4] Weight = -4 Accumulator before = 24
  [PE 4] Accumulator after  = 20
[DEBUG] Tile = 7, Mask = 0b11111111
  [PE 0] Weight = 57 Accumulator before = -15
  [PE 0] Accumulator after  = -22
  [PE 1] Weight = 48 Accumulator before = -21
  [PE 1] Accumulator after  = 27
  [PE 2] Weight = -232 Accumulator before = 26
  [PE 2] Accumulator after  = -14
  [PE 3] Weight = -27 Accumulator before = 28
  [PE 3] Accumulator after  = 1
  [PE 4] Weight = 32 Accumulator before = 20
  [PE 4] Accumulator after  = -12
[THRESHOLD DEBUG] acc=-22 > threshold=1 => NO: no spike
[THRESHOLD DEBUG] acc=27 > threshold=1 => YES: SPIKE
[THRESHOLD DEBUG] acc=-14 > threshold=1 => NO: no spike
[THRESHOLD DEBUG] acc=1 > threshold=1 => YES: SPIKE
[THRESHOLD DEBUG] acc=-12 > threshold=1 => NO: no spike
[DEBUG] Tile = 0, Mask = 0b11111111
  [PE 0] Weight = 6 Accumulator before = -23.25
  [PE 0] Accumulator after  = -17.25
  [PE 1] Weight = 4 Accumulator before = 0
  [PE 1] Accumulator after  = 4
  [PE 2] Weight = -151 Accumulator before = -12.25
  [PE 2] Accumulator after  = 28.75
  [PE 3] Weight = -95 Accumulator before = 0
  [PE 3] Accumulator after  = -31
  [PE 4] Weight = -69 Accumulator before = -10.5
  [PE 4] Accumulator after  = -15.5
[DEBUG] Tile = 1, Mask = 0b11111111
  [PE 0] Weight = 64 Accumulator before = -17.25
  [PE 0] Accumulator after  = -17.25
  [PE 1] Weight = 72 Accumulator before = 4
  [PE 1] Accumulator after  = 12
  [PE 2] Weight = -203 Accumulator before = 28.75
  [PE 2] Accumulator after  = 17.75
  [PE 3] Weight = -61 Accumulator before = -31
  [PE 3] Accumulator after  = -28
  [PE 4] Weight = -2 Accumulator before = -15.5
  [PE 4] Accumulator after  = -17.5
[DEBUG] Tile = 2, Mask = 0b11111111
  [PE 0] Weight = -84 Accumulator before = -17.25
  [PE 0] Accumulator after  = 26.75
  [PE 1] Weight = -14 Accumulator before = 12
  [PE 1] Accumulator after  = -2
  [PE 2] Weight = 91 Accumulator before = 17.75
  [PE 2] Accumulator after  = -19.25
  [PE 3] Weight = 50 Accumulator before = -28
  [PE 3] Accumulator after  = 22
  [PE 4] Weight = 10 Accumulator before = -17.5
  [PE 4] Accumulator after  = -7.5
[DEBUG] Tile = 3, Mask = 0b11111111
  [PE 0] Weight = -55 Accumulator before = 26.75
  [PE 0] Accumulator after  = -28.25
  [PE 1] Weight = -20 Accumulator before = -2
  [PE 1] Accumulator after  = -22
  [PE 2] Weight = 18 Accumulator before = -19.25
  [PE 2] Accumulator after  = -1.25
  [PE 3] Weight = -34 Accumulator before = 22
  [PE 3] Accumulator after  = -12
  [PE 4] Weight = -136 Accumulator before = -7.5
  [PE 4] Accumulator after  = -15.5
[DEBUG] Tile = 4, Mask = 0b11111111
  [PE 0] Weight = 74 Accumulator before = -28.25
  [PE 0] Accumulator after  = -18.25
  [PE 1] Weight = 48 Accumulator before = -22
  [PE 1] Accumulator after  = 26
  [PE 2] Weight = 59 Accumulator before = -1.25
  [PE 2] Accumulator after  = -6.25
  [PE 3] Weight = 146 Accumulator before = -12
  [PE 3] Accumulator after  = 6
  [PE 4] Weight = 92 Accumulator before = -15.5
  [PE 4] Accumulator after  = 12.5
[DEBUG] Tile = 5, Mask = 0b11111111
  [PE 0] Weight = 94 Accumulator before = -18.25
  [PE 0] Accumulator after  = 11.75
  [PE 1] Weight = 50 Accumulator before = 26
  [PE 1] Accumulator after  = 12
  [PE 2] Weight = 53 Accumulator before = -6.25
  [PE 2] Accumulator after  = -17.25
  [PE 3] Weight = 75 Accumulator before = 6
  [PE 3] Accumulator after  = 17
  [PE 4] Weight = 65 Accumulator before = 12.5
  [PE 4] Accumulator after  = 13.5
[DEBUG] Tile = 6, Mask = 0b11111111
  [PE 0] Weight = 78 Accumulator before = 11.75
  [PE 0] Accumulator after  = 25.75
  [PE 1] Weight = 95 Accumulator before = 12
  [PE 1] Accumulator after  = -21
  [PE 2] Weight = -225 Accumulator before = -17.25
  [PE 2] Accumulator after  = 13.75
  [PE 3] Weight = 11 Accumulator before = 17
  [PE 3] Accumulator after  = 28
  [PE 4] Weight = -4 Accumulator before = 13.5
  [PE 4] Accumulator after  = 9.5
[DEBUG] Tile = 7, Mask = 0b11111111
  [PE 0] Weight = 57 Accumulator before = 25.75
  [PE 0] Accumulator after  = 18.75
  [PE 1] Weight = 48 Accumulator before = -21
  [PE 1] Accumulator after  = 27
  [PE 2] Weight = -232 Accumulator before = 13.75
  [PE 2] Accumulator after  = -26.25
  [PE 3] Weight = -27 Accumulator before = 28
  [PE 3] Accumulator after  = 1
  [PE 4] Weight = 32 Accumulator before = 9.5
  [PE 4] Accumulator after  = -22.5
[THRESHOLD DEBUG] acc=18.75 > threshold=1 => YES: SPIKE
[THRESHOLD DEBUG] acc=27 > threshold=1 => YES: SPIKE
[THRESHOLD DEBUG] acc=-26.25 > threshold=1 => NO: no spike
[THRESHOLD DEBUG] acc=1 > threshold=1 => YES: SPIKE
[THRESHOLD DEBUG] acc=-22.5 > threshold=1 => NO: no spike
[DEBUG] Tile = 0, Mask = 0b11111111
  [PE 0] Weight = 6 Accumulator before = 0
  [PE 0] Accumulator after  = 6
  [PE 1] Weight = 4 Accumulator before = 0
  [PE 1] Accumulator after  = 4
  [PE 2] Weight = -151 Accumulator before = -26.9688
  [PE 2] Accumulator after  = 14.0312
  [PE 3] Weight = -95 Accumulator before = 0
  [PE 3] Accumulator after  = -31
  [PE 4] Weight = -69 Accumulator before = -23.6875
  [PE 4] Accumulator after  = -28.6875
[DEBUG] Tile = 1, Mask = 0b11111111
  [PE 0] Weight = 64 Accumulator before = 6
  [PE 0] Accumulator after  = 6
  [PE 1] Weight = 72 Accumulator before = 4
  [PE 1] Accumulator after  = 12
  [PE 2] Weight = -203 Accumulator before = 14.0312
  [PE 2] Accumulator after  = 3.03125
  [PE 3] Weight = -61 Accumulator before = -31
  [PE 3] Accumulator after  = -28
  [PE 4] Weight = -2 Accumulator before = -28.6875
  [PE 4] Accumulator after  = -30.6875
[DEBUG] Tile = 2, Mask = 0b11111111
  [PE 0] Weight = -84 Accumulator before = 6
  [PE 0] Accumulator after  = -14
  [PE 1] Weight = -14 Accumulator before = 12
  [PE 1] Accumulator after  = -2
  [PE 2] Weight = 91 Accumulator before = 3.03125
  [PE 2] Accumulator after  = 30.0312
  [PE 3] Weight = 50 Accumulator before = -28
  [PE 3] Accumulator after  = 22
  [PE 4] Weight = 10 Accumulator before = -30.6875
  [PE 4] Accumulator after  = -20.6875
[DEBUG] Tile = 3, Mask = 0b11111111
  [PE 0] Weight = -55 Accumulator before = -14
  [PE 0] Accumulator after  = -5
  [PE 1] Weight = -20 Accumulator before = -2
  [PE 1] Accumulator after  = -22
  [PE 2] Weight = 18 Accumulator before = 30.0312
  [PE 2] Accumulator after  = -15.9688
  [PE 3] Weight = -34 Accumulator before = 22
  [PE 3] Accumulator after  = -12
  [PE 4] Weight = -136 Accumulator before = -20.6875
  [PE 4] Accumulator after  = -28.6875
[DEBUG] Tile = 4, Mask = 0b11111111
  [PE 0] Weight = 74 Accumulator before = -5
  [PE 0] Accumulator after  = 5
  [PE 1] Weight = 48 Accumulator before = -22
  [PE 1] Accumulator after  = 26
  [PE 2] Weight = 59 Accumulator before = -15.9688
  [PE 2] Accumulator after  = -20.9688
  [PE 3] Weight = 146 Accumulator before = -12
  [PE 3] Accumulator after  = 6
  [PE 4] Weight = 92 Accumulator before = -28.6875
  [PE 4] Accumulator after  = -0.6875
[DEBUG] Tile = 5, Mask = 0b11111111
  [PE 0] Weight = 94 Accumulator before = 5
  [PE 0] Accumulator after  = -29
  [PE 1] Weight = 50 Accumulator before = 26
  [PE 1] Accumulator after  = 12
  [PE 2] Weight = 53 Accumulator before = -20.9688
  [PE 2] Accumulator after  = -31.9688
  [PE 3] Weight = 75 Accumulator before = 6
  [PE 3] Accumulator after  = 17
  [PE 4] Weight = 65 Accumulator before = -0.6875
  [PE 4] Accumulator after  = 0.3125
[DEBUG] Tile = 6, Mask = 0b11111111
  [PE 0] Weight = 78 Accumulator before = -29
  [PE 0] Accumulator after  = -15
  [PE 1] Weight = 95 Accumulator before = 12
  [PE 1] Accumulator after  = -21
  [PE 2] Weight = -225 Accumulator before = -31.9688
  [PE 2] Accumulator after  = -0.96875
  [PE 3] Weight = 11 Accumulator before = 17
  [PE 3] Accumulator after  = 28
  [PE 4] Weight = -4 Accumulator before = 0.3125
  [PE 4] Accumulator after  = -3.6875
[DEBUG] Tile = 7, Mask = 0b11111111
  [PE 0] Weight = 57 Accumulator before = -15
  [PE 0] Accumulator after  = -22
  [PE 1] Weight = 48 Accumulator before = -21
  [PE 1] Accumulator after  = 27
  [PE 2] Weight = -232 Accumulator before = -0.96875
  [PE 2] Accumulator after  = 23.0312
  [PE 3] Weight = -27 Accumulator before = 28
  [PE 3] Accumulator after  = 1
  [PE 4] Weight = 32 Accumulator before = -3.6875
  [PE 4] Accumulator after  = 28.3125
[THRESHOLD DEBUG] acc=-22 > threshold=1 => NO: no spike
[THRESHOLD DEBUG] acc=27 > threshold=1 => YES: SPIKE
[THRESHOLD DEBUG] acc=23.0312 > threshold=1 => YES: SPIKE
[THRESHOLD DEBUG] acc=1 > threshold=1 => YES: SPIKE
[THRESHOLD DEBUG] acc=28.3125 > threshold=1 => YES: SPIKE
[DEBUG] Tile = 0, Mask = 0b11111111
  [PE 0] Weight = 6 Accumulator before = -23.25
  [PE 0] Accumulator after  = -17.25
  [PE 1] Weight = 4 Accumulator before = 0
  [PE 1] Accumulator after  = 4
  [PE 2] Weight = -151 Accumulator before = 0
  [PE 2] Accumulator after  = -23
  [PE 3] Weight = -95 Accumulator before = 0
  [PE 3] Accumulator after  = -31
  [PE 4] Weight = -69 Accumulator before = 0
  [PE 4] Accumulator after  = -5
[DEBUG] Tile = 1, Mask = 0b11111111
  [PE 0] Weight = 64 Accumulator before = -17.25
  [PE 0] Accumulator after  = -17.25
  [PE 1] Weight = 72 Accumulator before = 4
  [PE 1] Accumulator after  = 12
  [PE 2] Weight = -203 Accumulator before = -23
  [PE 2] Accumulator after  = 30
  [PE 3] Weight = -61 Accumulator before = -31
  [PE 3] Accumulator after  = -28
  [PE 4] Weight = -2 Accumulator before = -5
  [PE 4] Accumulator after  = -7
[DEBUG] Tile = 2, Mask = 0b11111111
  [PE 0] Weight = -84 Accumulator before = -17.25
  [PE 0] Accumulator after  = 26.75
  [PE 1] Weight = -14 Accumulator before = 12
  [PE 1] Accumulator after  = -2
  [PE 2] Weight = 91 Accumulator before = 30
  [PE 2] Accumulator after  = -7
  [PE 3] Weight = 50 Accumulator before = -28
  [PE 3] Accumulator after  = 22
  [PE 4] Weight = 10 Accumulator before = -7
  [PE 4] Accumulator after  = 3
[DEBUG] Tile = 3, Mask = 0b11111111
  [PE 0] Weight = -55 Accumulator before = 26.75
  [PE 0] Accumulator after  = -28.25
  [PE 1] Weight = -20 Accumulator before = -2
  [PE 1] Accumulator after  = -22
  [PE 2] Weight = 18 Accumulator before = -7
  [PE 2] Accumulator after  = 11
  [PE 3] Weight = -34 Accumulator before = 22
  [PE 3] Accumulator after  = -12
  [PE 4] Weight = -136 Accumulator before = 3
  [PE 4] Accumulator after  = -5
[DEBUG] Tile = 4, Mask = 0b11111111
  [PE 0] Weight = 74 Accumulator before = -28.25
  [PE 0] Accumulator after  = -18.25
  [PE 1] Weight = 48 Accumulator before = -22
  [PE 1] Accumulator after  = 26
  [PE 2] Weight = 59 Accumulator before = 11
  [PE 2] Accumulator after  = 6
  [PE 3] Weight = 146 Accumulator before = -12
  [PE 3] Accumulator after  = 6
  [PE 4] Weight = 92 Accumulator before = -5
  [PE 4] Accumulator after  = 23
[DEBUG] Tile = 5, Mask = 0b11111111
  [PE 0] Weight = 94 Accumulator before = -18.25
  [PE 0] Accumulator after  = 11.75
  [PE 1] Weight = 50 Accumulator before = 26
  [PE 1] Accumulator after  = 12
  [PE 2] Weight = 53 Accumulator before = 6
  [PE 2] Accumulator after  = -5
  [PE 3] Weight = 75 Accumulator before = 6
  [PE 3] Accumulator after  = 17
  [PE 4] Weight = 65 Accumulator before = 23
  [PE 4] Accumulator after  = 24
[DEBUG] Tile = 6, Mask = 0b11111111
  [PE 0] Weight = 78 Accumulator before = 11.75
  [PE 0] Accumulator after  = 25.75
  [PE 1] Weight = 95 Accumulator before = 12
  [PE 1] Accumulator after  = -21
  [PE 2] Weight = -225 Accumulator before = -5
  [PE 2] Accumulator after  = 26
  [PE 3] Weight = 11 Accumulator before = 17
  [PE 3] Accumulator after  = 28
  [PE 4] Weight = -4 Accumulator before = 24
  [PE 4] Accumulator after  = 20
[DEBUG] Tile = 7, Mask = 0b11111111
  [PE 0] Weight = 57 Accumulator before = 25.75
  [PE 0] Accumulator after  = 18.75
  [PE 1] Weight = 48 Accumulator before = -21
  [PE 1] Accumulator after  = 27
  [PE 2] Weight = -232 Accumulator before = 26
  [PE 2] Accumulator after  = -14
  [PE 3] Weight = -27 Accumulator before = 28
  [PE 3] Accumulator after  = 1
  [PE 4] Weight = 32 Accumulator before = 20
  [PE 4] Accumulator after  = -12
[THRESHOLD DEBUG] acc=18.75 > threshold=1 => YES: SPIKE
[THRESHOLD DEBUG] acc=27 > threshold=1 => YES: SPIKE
[THRESHOLD DEBUG] acc=-14 > threshold=1 => NO: no spike
[THRESHOLD DEBUG] acc=1 > threshold=1 => YES: SPIKE
[THRESHOLD DEBUG] acc=-12 > threshold=1 => NO: no spike
[DEBUG] Tile = 0, Mask = 0b11111111
  [PE 0] Weight = 6 Accumulator before = 0
  [PE 0] Accumulator after  = 6
  [PE 1] Weight = 4 Accumulator before = 0
  [PE 1] Accumulator after  = 4
  [PE 2] Weight = -151 Accumulator before = -12.25
  [PE 2] Accumulator after  = 28.75
  [PE 3] Weight = -95 Accumulator before = 0
  [PE 3] Accumulator after  = -31
  [PE 4] Weight = -69 Accumulator before = -10.5
  [PE 4] Accumulator after  = -15.5
[DEBUG] Tile = 1, Mask = 0b11111111
  [PE 0] Weight = 64 Accumulator before = 6
  [PE 0] Accumulator after  = 6
  [PE 1] Weight = 72 Accumulator before = 4
  [PE 1] Accumulator after  = 12
  [PE 2] Weight = -203 Accumulator before = 28.75
  [PE 2] Accumulator after  = 17.75
  [PE 3] Weight = -61 Accumulator before = -31
  [PE 3] Accumulator after  = -28
  [PE 4] Weight = -2 Accumulator before = -15.5
  [PE 4] Accumulator after  = -17.5
[DEBUG] Tile = 2, Mask = 0b11111111
  [PE 0] Weight = -84 Accumulator before = 6
  [PE 0] Accumulator after  = -14
  [PE 1] Weight = -14 Accumulator before = 12
  [PE 1] Accumulator after  = -2
  [PE 2] Weight = 91 Accumulator before = 17.75
  [PE 2] Accumulator after  = -19.25
  [PE 3] Weight = 50 Accumulator before = -28
  [PE 3] Accumulator after  = 22
  [PE 4] Weight = 10 Accumulator before = -17.5
  [PE 4] Accumulator after  = -7.5
[DEBUG] Tile = 3, Mask = 0b11111111
  [PE 0] Weight = -55 Accumulator before = -14
  [PE 0] Accumulator after  = -5
  [PE 1] Weight = -20 Accumulator before = -2
  [PE 1] Accumulator after  = -22
  [PE 2] Weight = 18 Accumulator before = -19.25
  [PE 2] Accumulator after  = -1.25
  [PE 3] Weight = -34 Accumulator before = 22
  [PE 3] Accumulator after  = -12
  [PE 4] Weight = -136 Accumulator before = -7.5
  [PE 4] Accumulator after  = -15.5
[DEBUG] Tile = 4, Mask = 0b11111111
  [PE 0] Weight = 74 Accumulator before = -5
  [PE 0] Accumulator after  = 5
  [PE 1] Weight = 48 Accumulator before = -22
  [PE 1] Accumulator after  = 26
  [PE 2] Weight = 59 Accumulator before = -1.25
  [PE 2] Accumulator after  = -6.25
  [PE 3] Weight = 146 Accumulator before = -12
  [PE 3] Accumulator after  = 6
  [PE 4] Weight = 92 Accumulator before = -15.5
  [PE 4] Accumulator after  = 12.5
[DEBUG] Tile = 5, Mask = 0b11111111
  [PE 0] Weight = 94 Accumulator before = 5
  [PE 0] Accumulator after  = -29
  [PE 1] Weight = 50 Accumulator before = 26
  [PE 1] Accumulator after  = 12
  [PE 2] Weight = 53 Accumulator before = -6.25
  [PE 2] Accumulator after  = -17.25
  [PE 3] Weight = 75 Accumulator before = 6
  [PE 3] Accumulator after  = 17
  [PE 4] Weight = 65 Accumulator before = 12.5
  [PE 4] Accumulator after  = 13.5
[DEBUG] Tile = 6, Mask = 0b11111111
  [PE 0] Weight = 78 Accumulator before = -29
  [PE 0] Accumulator after  = -15
  [PE 1] Weight = 95 Accumulator before = 12
  [PE 1] Accumulator after  = -21
  [PE 2] Weight = -225 Accumulator before = -17.25
  [PE 2] Accumulator after  = 13.75
  [PE 3] Weight = 11 Accumulator before = 17
  [PE 3] Accumulator after  = 28
  [PE 4] Weight = -4 Accumulator before = 13.5
  [PE 4] Accumulator after  = 9.5
[DEBUG] Tile = 7, Mask = 0b11111111
  [PE 0] Weight = 57 Accumulator before = -15
  [PE 0] Accumulator after  = -22
  [PE 1] Weight = 48 Accumulator before = -21
  [PE 1] Accumulator after  = 27
  [PE 2] Weight = -232 Accumulator before = 13.75
  [PE 2] Accumulator after  = -26.25
  [PE 3] Weight = -27 Accumulator before = 28
  [PE 3] Accumulator after  = 1
  [PE 4] Weight = 32 Accumulator before = 9.5
  [PE 4] Accumulator after  = -22.5
[THRESHOLD DEBUG] acc=-22 > threshold=1 => NO: no spike
[THRESHOLD DEBUG] acc=27 > threshold=1 => YES: SPIKE
[THRESHOLD DEBUG] acc=-26.25 > threshold=1 => NO: no spike
[THRESHOLD DEBUG] acc=1 > threshold=1 => YES: SPIKE
[THRESHOLD DEBUG] acc=-22.5 > threshold=1 => NO: no spike
[DEBUG] Tile = 0, Mask = 0b11111111
  [PE 0] Weight = 6 Accumulator before = -23.25
  [PE 0] Accumulator after  = -17.25
  [PE 1] Weight = 4 Accumulator before = 0
  [PE 1] Accumulator after  = 4
  [PE 2] Weight = -151 Accumulator before = -26.9688
  [PE 2] Accumulator after  = 14.0312
  [PE 3] Weight = -95 Accumulator before = 0
  [PE 3] Accumulator after  = -31
  [PE 4] Weight = -69 Accumulator before = -23.6875
  [PE 4] Accumulator after  = -28.6875
[DEBUG] Tile = 1, Mask = 0b11111111
  [PE 0] Weight = 64 Accumulator before = -17.25
  [PE 0] Accumulator after  = -17.25
  [PE 1] Weight = 72 Accumulator before = 4
  [PE 1] Accumulator after  = 12
  [PE 2] Weight = -203 Accumulator before = 14.0312
  [PE 2] Accumulator after  = 3.03125
  [PE 3] Weight = -61 Accumulator before = -31
  [PE 3] Accumulator after  = -28
  [PE 4] Weight = -2 Accumulator before = -28.6875
  [PE 4] Accumulator after  = -30.6875
[DEBUG] Tile = 2, Mask = 0b11111111
  [PE 0] Weight = -84 Accumulator before = -17.25
  [PE 0] Accumulator after  = 26.75
  [PE 1] Weight = -14 Accumulator before = 12
  [PE 1] Accumulator after  = -2
  [PE 2] Weight = 91 Accumulator before = 3.03125
  [PE 2] Accumulator after  = 30.0312
  [PE 3] Weight = 50 Accumulator before = -28
  [PE 3] Accumulator after  = 22
  [PE 4] Weight = 10 Accumulator before = -30.6875
  [PE 4] Accumulator after  = -20.6875
[DEBUG] Tile = 3, Mask = 0b11111111
  [PE 0] Weight = -55 Accumulator before = 26.75
  [PE 0] Accumulator after  = -28.25
  [PE 1] Weight = -20 Accumulator before = -2
  [PE 1] Accumulator after  = -22
  [PE 2] Weight = 18 Accumulator before = 30.0312
  [PE 2] Accumulator after  = -15.9688
  [PE 3] Weight = -34 Accumulator before = 22
  [PE 3] Accumulator after  = -12
  [PE 4] Weight = -136 Accumulator before = -20.6875
  [PE 4] Accumulator after  = -28.6875
[DEBUG] Tile = 4, Mask = 0b11111111
  [PE 0] Weight = 74 Accumulator before = -28.25
  [PE 0] Accumulator after  = -18.25
  [PE 1] Weight = 48 Accumulator before = -22
  [PE 1] Accumulator after  = 26
  [PE 2] Weight = 59 Accumulator before = -15.9688
  [PE 2] Accumulator after  = -20.9688
  [PE 3] Weight = 146 Accumulator before = -12
  [PE 3] Accumulator after  = 6
  [PE 4] Weight = 92 Accumulator before = -28.6875
  [PE 4] Accumulator after  = -0.6875
[DEBUG] Tile = 5, Mask = 0b11111111
  [PE 0] Weight = 94 Accumulator before = -18.25
  [PE 0] Accumulator after  = 11.75
  [PE 1] Weight = 50 Accumulator before = 26
  [PE 1] Accumulator after  = 12
  [PE 2] Weight = 53 Accumulator before = -20.9688
  [PE 2] Accumulator after  = -31.9688
  [PE 3] Weight = 75 Accumulator before = 6
  [PE 3] Accumulator after  = 17
  [PE 4] Weight = 65 Accumulator before = -0.6875
  [PE 4] Accumulator after  = 0.3125
[DEBUG] Tile = 6, Mask = 0b11111111
  [PE 0] Weight = 78 Accumulator before = 11.75
  [PE 0] Accumulator after  = 25.75
  [PE 1] Weight = 95 Accumulator before = 12
  [PE 1] Accumulator after  = -21
  [PE 2] Weight = -225 Accumulator before = -31.9688
  [PE 2] Accumulator after  = -0.96875
  [PE 3] Weight = 11 Accumulator before = 17
  [PE 3] Accumulator after  = 28
  [PE 4] Weight = -4 Accumulator before = 0.3125
  [PE 4] Accumulator after  = -3.6875
[DEBUG] Tile = 7, Mask = 0b11111111
  [PE 0] Weight = 57 Accumulator before = 25.75
  [PE 0] Accumulator after  = 18.75
  [PE 1] Weight = 48 Accumulator before = -21
  [PE 1] Accumulator after  = 27
  [PE 2] Weight = -232 Accumulator before = -0.96875
  [PE 2] Accumulator after  = 23.0312
  [PE 3] Weight = -27 Accumulator before = 28
  [PE 3] Accumulator after  = 1
  [PE 4] Weight = 32 Accumulator before = -3.6875
  [PE 4] Accumulator after  = 28.3125
[THRESHOLD DEBUG] acc=18.75 > threshold=1 => YES: SPIKE
[THRESHOLD DEBUG] acc=27 > threshold=1 => YES: SPIKE
[THRESHOLD DEBUG] acc=23.0312 > threshold=1 => YES: SPIKE
[THRESHOLD DEBUG] acc=1 > threshold=1 => YES: SPIKE
[THRESHOLD DEBUG] acc=28.3125 > threshold=1 => YES: SPIKE
[DEBUG] Tile = 0, Mask = 0b11111111
  [PE 0] Weight = 6 Accumulator before = 0
  [PE 0] Accumulator after  = 6
  [PE 1] Weight = 4 Accumulator before = 0
  [PE 1] Accumulator after  = 4
  [PE 2] Weight = -151 Accumulator before = 0
  [PE 2] Accumulator after  = -23
  [PE 3] Weight = -95 Accumulator before = 0
  [PE 3] Accumulator after  = -31
  [PE 4] Weight = -69 Accumulator before = 0
  [PE 4] Accumulator after  = -5
[DEBUG] Tile = 1, Mask = 0b11111111
  [PE 0] Weight = 64 Accumulator before = 6
  [PE 0] Accumulator after  = 6
  [PE 1] Weight = 72 Accumulator before = 4
  [PE 1] Accumulator after  = 12
  [PE 2] Weight = -203 Accumulator before = -23
  [PE 2] Accumulator after  = 30
  [PE 3] Weight = -61 Accumulator before = -31
  [PE 3] Accumulator after  = -28
  [PE 4] Weight = -2 Accumulator before = -5
  [PE 4] Accumulator after  = -7
[DEBUG] Tile = 2, Mask = 0b11111111
  [PE 0] Weight = -84 Accumulator before = 6
  [PE 0] Accumulator after  = -14
  [PE 1] Weight = -14 Accumulator before = 12
  [PE 1] Accumulator after  = -2
  [PE 2] Weight = 91 Accumulator before = 30
  [PE 2] Accumulator after  = -7
  [PE 3] Weight = 50 Accumulator before = -28
  [PE 3] Accumulator after  = 22
  [PE 4] Weight = 10 Accumulator before = -7
  [PE 4] Accumulator after  = 3
[DEBUG] Tile = 3, Mask = 0b11111111
  [PE 0] Weight = -55 Accumulator before = -14
  [PE 0] Accumulator after  = -5
  [PE 1] Weight = -20 Accumulator before = -2
  [PE 1] Accumulator after  = -22
  [PE 2] Weight = 18 Accumulator before = -7
  [PE 2] Accumulator after  = 11
  [PE 3] Weight = -34 Accumulator before = 22
  [PE 3] Accumulator after  = -12
  [PE 4] Weight = -136 Accumulator before = 3
  [PE 4] Accumulator after  = -5
[DEBUG] Tile = 4, Mask = 0b11111111
  [PE 0] Weight = 74 Accumulator before = -5
  [PE 0] Accumulator after  = 5
  [PE 1] Weight = 48 Accumulator before = -22
  [PE 1] Accumulator after  = 26
  [PE 2] Weight = 59 Accumulator before = 11
  [PE 2] Accumulator after  = 6
  [PE 3] Weight = 146 Accumulator before = -12
  [PE 3] Accumulator after  = 6
  [PE 4] Weight = 92 Accumulator before = -5
  [PE 4] Accumulator after  = 23
[DEBUG] Tile = 5, Mask = 0b11111111
  [PE 0] Weight = 94 Accumulator before = 5
  [PE 0] Accumulator after  = -29
  [PE 1] Weight = 50 Accumulator before = 26
  [PE 1] Accumulator after  = 12
  [PE 2] Weight = 53 Accumulator before = 6
  [PE 2] Accumulator after  = -5
  [PE 3] Weight = 75 Accumulator before = 6
  [PE 3] Accumulator after  = 17
  [PE 4] Weight = 65 Accumulator before = 23
  [PE 4] Accumulator after  = 24
[DEBUG] Tile = 6, Mask = 0b11111111
  [PE 0] Weight = 78 Accumulator before = -29
  [PE 0] Accumulator after  = -15
  [PE 1] Weight = 95 Accumulator before = 12
  [PE 1] Accumulator after  = -21
  [PE 2] Weight = -225 Accumulator before = -5
  [PE 2] Accumulator after  = 26
  [PE 3] Weight = 11 Accumulator before = 17
  [PE 3] Accumulator after  = 28
  [PE 4] Weight = -4 Accumulator before = 24
  [PE 4] Accumulator after  = 20
[DEBUG] Tile = 7, Mask = 0b11111111
  [PE 0] Weight = 57 Accumulator before = -15
  [PE 0] Accumulator after  = -22
  [PE 1] Weight = 48 Accumulator before = -21
  [PE 1] Accumulator after  = 27
  [PE 2] Weight = -232 Accumulator before = 26
  [PE 2] Accumulator after  = -14
  [PE 3] Weight = -27 Accumulator before = 28
  [PE 3] Accumulator after  = 1
  [PE 4] Weight = 32 Accumulator before = 20
  [PE 4] Accumulator after  = -12
[THRESHOLD DEBUG] acc=-22 > threshold=1 => NO: no spike
[THRESHOLD DEBUG] acc=27 > threshold=1 => YES: SPIKE
[THRESHOLD DEBUG] acc=-14 > threshold=1 => NO: no spike
[THRESHOLD DEBUG] acc=1 > threshold=1 => YES: SPIKE
[THRESHOLD DEBUG] acc=-12 > threshold=1 => NO: no spike
[DEBUG] Tile = 0, Mask = 0b11111111
  [PE 0] Weight = 6 Accumulator before = -23.25
  [PE 0] Accumulator after  = -17.25
  [PE 1] Weight = 4 Accumulator before = 0
  [PE 1] Accumulator after  = 4
  [PE 2] Weight = -151 Accumulator before = -12.25
  [PE 2] Accumulator after  = 28.75
  [PE 3] Weight = -95 Accumulator before = 0
  [PE 3] Accumulator after  = -31
  [PE 4] Weight = -69 Accumulator before = -10.5
  [PE 4] Accumulator after  = -15.5
[DEBUG] Tile = 1, Mask = 0b11111111
  [PE 0] Weight = 64 Accumulator before = -17.25
  [PE 0] Accumulator after  = -17.25
  [PE 1] Weight = 72 Accumulator before = 4
  [PE 1] Accumulator after  = 12
  [PE 2] Weight = -203 Accumulator before = 28.75
  [PE 2] Accumulator after  = 17.75
  [PE 3] Weight = -61 Accumulator before = -31
  [PE 3] Accumulator after  = -28
  [PE 4] Weight = -2 Accumulator before = -15.5
  [PE 4] Accumulator after  = -17.5
[DEBUG] Tile = 2, Mask = 0b11111111
  [PE 0] Weight = -84 Accumulator before = -17.25
  [PE 0] Accumulator after  = 26.75
  [PE 1] Weight = -14 Accumulator before = 12
  [PE 1] Accumulator after  = -2
  [PE 2] Weight = 91 Accumulator before = 17.75
  [PE 2] Accumulator after  = -19.25
  [PE 3] Weight = 50 Accumulator before = -28
  [PE 3] Accumulator after  = 22
  [PE 4] Weight = 10 Accumulator before = -17.5
  [PE 4] Accumulator after  = -7.5
[DEBUG] Tile = 3, Mask = 0b11111111
  [PE 0] Weight = -55 Accumulator before = 26.75
  [PE 0] Accumulator after  = -28.25
  [PE 1] Weight = -20 Accumulator before = -2
  [PE 1] Accumulator after  = -22
  [PE 2] Weight = 18 Accumulator before = -19.25
  [PE 2] Accumulator after  = -1.25
  [PE 3] Weight = -34 Accumulator before = 22
  [PE 3] Accumulator after  = -12
  [PE 4] Weight = -136 Accumulator before = -7.5
  [PE 4] Accumulator after  = -15.5
[DEBUG] Tile = 4, Mask = 0b11111111
  [PE 0] Weight = 74 Accumulator before = -28.25
  [PE 0] Accumulator after  = -18.25
  [PE 1] Weight = 48 Accumulator before = -22
  [PE 1] Accumulator after  = 26
  [PE 2] Weight = 59 Accumulator before = -1.25
  [PE 2] Accumulator after  = -6.25
  [PE 3] Weight = 146 Accumulator before = -12
  [PE 3] Accumulator after  = 6
  [PE 4] Weight = 92 Accumulator before = -15.5
  [PE 4] Accumulator after  = 12.5
[DEBUG] Tile = 5, Mask = 0b11111111
  [PE 0] Weight = 94 Accumulator before = -18.25
  [PE 0] Accumulator after  = 11.75
  [PE 1] Weight = 50 Accumulator before = 26
  [PE 1] Accumulator after  = 12
  [PE 2] Weight = 53 Accumulator before = -6.25
  [PE 2] Accumulator after  = -17.25
  [PE 3] Weight = 75 Accumulator before = 6
  [PE 3] Accumulator after  = 17
  [PE 4] Weight = 65 Accumulator before = 12.5
  [PE 4] Accumulator after  = 13.5
[DEBUG] Tile = 6, Mask = 0b11111111
  [PE 0] Weight = 78 Accumulator before = 11.75
  [PE 0] Accumulator after  = 25.75
  [PE 1] Weight = 95 Accumulator before = 12
  [PE 1] Accumulator after  = -21
  [PE 2] Weight = -225 Accumulator before = -17.25
  [PE 2] Accumulator after  = 13.75
  [PE 3] Weight = 11 Accumulator before = 17
  [PE 3] Accumulator after  = 28
  [PE 4] Weight = -4 Accumulator before = 13.5
  [PE 4] Accumulator after  = 9.5
[DEBUG] Tile = 7, Mask = 0b11111111
  [PE 0] Weight = 57 Accumulator before = 25.75
  [PE 0] Accumulator after  = 18.75
  [PE 1] Weight = 48 Accumulator before = -21
  [PE 1] Accumulator after  = 27
  [PE 2] Weight = -232 Accumulator before = 13.75
  [PE 2] Accumulator after  = -26.25
  [PE 3] Weight = -27 Accumulator before = 28
  [PE 3] Accumulator after  = 1
  [PE 4] Weight = 32 Accumulator before = 9.5
  [PE 4] Accumulator after  = -22.5
[THRESHOLD DEBUG] acc=18.75 > threshold=1 => YES: SPIKE
[THRESHOLD DEBUG] acc=27 > threshold=1 => YES: SPIKE
[THRESHOLD DEBUG] acc=-26.25 > threshold=1 => NO: no spike
[THRESHOLD DEBUG] acc=1 > threshold=1 => YES: SPIKE
[THRESHOLD DEBUG] acc=-22.5 > threshold=1 => NO: no spike
[DEBUG] Tile = 0, Mask = 0b11111111
  [PE 0] Weight = 6 Accumulator before = 0
  [PE 0] Accumulator after  = 6
  [PE 1] Weight = 4 Accumulator before = 0
  [PE 1] Accumulator after  = 4
  [PE 2] Weight = -151 Accumulator before = -26.9688
  [PE 2] Accumulator after  = 14.0312
  [PE 3] Weight = -95 Accumulator before = 0
  [PE 3] Accumulator after  = -31
  [PE 4] Weight = -69 Accumulator before = -23.6875
  [PE 4] Accumulator after  = -28.6875
[DEBUG] Tile = 1, Mask = 0b11111111
  [PE 0] Weight = 64 Accumulator before = 6
  [PE 0] Accumulator after  = 6
  [PE 1] Weight = 72 Accumulator before = 4
  [PE 1] Accumulator after  = 12
  [PE 2] Weight = -203 Accumulator before = 14.0312
  [PE 2] Accumulator after  = 3.03125
  [PE 3] Weight = -61 Accumulator before = -31
  [PE 3] Accumulator after  = -28
  [PE 4] Weight = -2 Accumulator before = -28.6875
  [PE 4] Accumulator after  = -30.6875
[DEBUG] Tile = 2, Mask = 0b11111111
  [PE 0] Weight = -84 Accumulator before = 6
  [PE 0] Accumulator after  = -14
  [PE 1] Weight = -14 Accumulator before = 12
  [PE 1] Accumulator after  = -2
  [PE 2] Weight = 91 Accumulator before = 3.03125
  [PE 2] Accumulator after  = 30.0312
  [PE 3] Weight = 50 Accumulator before = -28
  [PE 3] Accumulator after  = 22
  [PE 4] Weight = 10 Accumulator before = -30.6875
  [PE 4] Accumulator after  = -20.6875
[DEBUG] Tile = 3, Mask = 0b11111111
  [PE 0] Weight = -55 Accumulator before = -14
  [PE 0] Accumulator after  = -5
  [PE 1] Weight = -20 Accumulator before = -2
  [PE 1] Accumulator after  = -22
  [PE 2] Weight = 18 Accumulator before = 30.0312
  [PE 2] Accumulator after  = -15.9688
  [PE 3] Weight = -34 Accumulator before = 22
  [PE 3] Accumulator after  = -12
  [PE 4] Weight = -136 Accumulator before = -20.6875
  [PE 4] Accumulator after  = -28.6875
[DEBUG] Tile = 4, Mask = 0b11111111
  [PE 0] Weight = 74 Accumulator before = -5
  [PE 0] Accumulator after  = 5
  [PE 1] Weight = 48 Accumulator before = -22
  [PE 1] Accumulator after  = 26
  [PE 2] Weight = 59 Accumulator before = -15.9688
  [PE 2] Accumulator after  = -20.9688
  [PE 3] Weight = 146 Accumulator before = -12
  [PE 3] Accumulator after  = 6
  [PE 4] Weight = 92 Accumulator before = -28.6875
  [PE 4] Accumulator after  = -0.6875
[DEBUG] Tile = 5, Mask = 0b11111111
  [PE 0] Weight = 94 Accumulator before = 5
  [PE 0] Accumulator after  = -29
  [PE 1] Weight = 50 Accumulator before = 26
  [PE 1] Accumulator after  = 12
  [PE 2] Weight = 53 Accumulator before = -20.9688
  [PE 2] Accumulator after  = -31.9688
  [PE 3] Weight = 75 Accumulator before = 6
  [PE 3] Accumulator after  = 17
  [PE 4] Weight = 65 Accumulator before = -0.6875
  [PE 4] Accumulator after  = 0.3125
[DEBUG] Tile = 6, Mask = 0b11111111
  [PE 0] Weight = 78 Accumulator before = -29
  [PE 0] Accumulator after  = -15
  [PE 1] Weight = 95 Accumulator before = 12
  [PE 1] Accumulator after  = -21
  [PE 2] Weight = -225 Accumulator before = -31.9688
  [PE 2] Accumulator after  = -0.96875
  [PE 3] Weight = 11 Accumulator before = 17
  [PE 3] Accumulator after  = 28
  [PE 4] Weight = -4 Accumulator before = 0.3125
  [PE 4] Accumulator after  = -3.6875
[DEBUG] Tile = 7, Mask = 0b11111111
  [PE 0] Weight = 57 Accumulator before = -15
  [PE 0] Accumulator after  = -22
  [PE 1] Weight = 48 Accumulator before = -21
  [PE 1] Accumulator after  = 27
  [PE 2] Weight = -232 Accumulator before = -0.96875
  [PE 2] Accumulator after  = 23.0312
  [PE 3] Weight = -27 Accumulator before = 28
  [PE 3] Accumulator after  = 1
  [PE 4] Weight = 32 Accumulator before = -3.6875
  [PE 4] Accumulator after  = 28.3125
[THRESHOLD DEBUG] acc=-22 > threshold=1 => NO: no spike
[THRESHOLD DEBUG] acc=27 > threshold=1 => YES: SPIKE
[THRESHOLD DEBUG] acc=23.0312 > threshold=1 => YES: SPIKE
[THRESHOLD DEBUG] acc=1 > threshold=1 => YES: SPIKE
[THRESHOLD DEBUG] acc=28.3125 > threshold=1 => YES: SPIKE
[DEBUG] Tile = 0, Mask = 0b11111111
  [PE 0] Weight = 6 Accumulator before = -23.25
  [PE 0] Accumulator after  = -17.25
  [PE 1] Weight = 4 Accumulator before = 0
  [PE 1] Accumulator after  = 4
  [PE 2] Weight = -151 Accumulator before = 0
  [PE 2] Accumulator after  = -23
  [PE 3] Weight = -95 Accumulator before = 0
  [PE 3] Accumulator after  = -31
  [PE 4] Weight = -69 Accumulator before = 0
  [PE 4] Accumulator after  = -5
[DEBUG] Tile = 1, Mask = 0b11111111
  [PE 0] Weight = 64 Accumulator before = -17.25
  [PE 0] Accumulator after  = -17.25
  [PE 1] Weight = 72 Accumulator before = 4
  [PE 1] Accumulator after  = 12
  [PE 2] Weight = -203 Accumulator before = -23
  [PE 2] Accumulator after  = 30
  [PE 3] Weight = -61 Accumulator before = -31
  [PE 3] Accumulator after  = -28
  [PE 4] Weight = -2 Accumulator before = -5
  [PE 4] Accumulator after  = -7
[DEBUG] Tile = 2, Mask = 0b11111111
  [PE 0] Weight = -84 Accumulator before = -17.25
  [PE 0] Accumulator after  = 26.75
  [PE 1] Weight = -14 Accumulator before = 12
  [PE 1] Accumulator after  = -2
  [PE 2] Weight = 91 Accumulator before = 30
  [PE 2] Accumulator after  = -7
  [PE 3] Weight = 50 Accumulator before = -28
  [PE 3] Accumulator after  = 22
  [PE 4] Weight = 10 Accumulator before = -7
  [PE 4] Accumulator after  = 3
[DEBUG] Tile = 3, Mask = 0b11111111
  [PE 0] Weight = -55 Accumulator before = 26.75
  [PE 0] Accumulator after  = -28.25
  [PE 1] Weight = -20 Accumulator before = -2
  [PE 1] Accumulator after  = -22
  [PE 2] Weight = 18 Accumulator before = -7
  [PE 2] Accumulator after  = 11
  [PE 3] Weight = -34 Accumulator before = 22
  [PE 3] Accumulator after  = -12
  [PE 4] Weight = -136 Accumulator before = 3
  [PE 4] Accumulator after  = -5
[DEBUG] Tile = 4, Mask = 0b11111111
  [PE 0] Weight = 74 Accumulator before = -28.25
  [PE 0] Accumulator after  = -18.25
  [PE 1] Weight = 48 Accumulator before = -22
  [PE 1] Accumulator after  = 26
  [PE 2] Weight = 59 Accumulator before = 11
  [PE 2] Accumulator after  = 6
  [PE 3] Weight = 146 Accumulator before = -12
  [PE 3] Accumulator after  = 6
  [PE 4] Weight = 92 Accumulator before = -5
  [PE 4] Accumulator after  = 23
[DEBUG] Tile = 5, Mask = 0b11111111
  [PE 0] Weight = 94 Accumulator before = -18.25
  [PE 0] Accumulator after  = 11.75
  [PE 1] Weight = 50 Accumulator before = 26
  [PE 1] Accumulator after  = 12
  [PE 2] Weight = 53 Accumulator before = 6
  [PE 2] Accumulator after  = -5
  [PE 3] Weight = 75 Accumulator before = 6
  [PE 3] Accumulator after  = 17
  [PE 4] Weight = 65 Accumulator before = 23
  [PE 4] Accumulator after  = 24
[DEBUG] Tile = 6, Mask = 0b11111111
  [PE 0] Weight = 78 Accumulator before = 11.75
  [PE 0] Accumulator after  = 25.75
  [PE 1] Weight = 95 Accumulator before = 12
  [PE 1] Accumulator after  = -21
  [PE 2] Weight = -225 Accumulator before = -5
  [PE 2] Accumulator after  = 26
  [PE 3] Weight = 11 Accumulator before = 17
  [PE 3] Accumulator after  = 28
  [PE 4] Weight = -4 Accumulator before = 24
  [PE 4] Accumulator after  = 20
[DEBUG] Tile = 7, Mask = 0b11111111
  [PE 0] Weight = 57 Accumulator before = 25.75
  [PE 0] Accumulator after  = 18.75
  [PE 1] Weight = 48 Accumulator before = -21
  [PE 1] Accumulator after  = 27
  [PE 2] Weight = -232 Accumulator before = 26
  [PE 2] Accumulator after  = -14
  [PE 3] Weight = -27 Accumulator before = 28
  [PE 3] Accumulator after  = 1
  [PE 4] Weight = 32 Accumulator before = 20
  [PE 4] Accumulator after  = -12
[THRESHOLD DEBUG] acc=18.75 > threshold=1 => YES: SPIKE
[THRESHOLD DEBUG] acc=27 > threshold=1 => YES: SPIKE
[THRESHOLD DEBUG] acc=-14 > threshold=1 => NO: no spike
[THRESHOLD DEBUG] acc=1 > threshold=1 => YES: SPIKE
[THRESHOLD DEBUG] acc=-12 > threshold=1 => NO: no spike
[DEBUG] Tile = 0, Mask = 0b11111111
  [PE 0] Weight = 6 Accumulator before = 0
  [PE 0] Accumulator after  = 6
  [PE 1] Weight = 4 Accumulator before = 0
  [PE 1] Accumulator after  = 4
  [PE 2] Weight = -151 Accumulator before = -12.25
  [PE 2] Accumulator after  = 28.75
  [PE 3] Weight = -95 Accumulator before = 0
  [PE 3] Accumulator after  = -31
  [PE 4] Weight = -69 Accumulator before = -10.5
  [PE 4] Accumulator after  = -15.5
[DEBUG] Tile = 1, Mask = 0b11111111
  [PE 0] Weight = 64 Accumulator before = 6
  [PE 0] Accumulator after  = 6
  [PE 1] Weight = 72 Accumulator before = 4
  [PE 1] Accumulator after  = 12
  [PE 2] Weight = -203 Accumulator before = 28.75
  [PE 2] Accumulator after  = 17.75
  [PE 3] Weight = -61 Accumulator before = -31
  [PE 3] Accumulator after  = -28
  [PE 4] Weight = -2 Accumulator before = -15.5
  [PE 4] Accumulator after  = -17.5
[DEBUG] Tile = 2, Mask = 0b11111111
  [PE 0] Weight = -84 Accumulator before = 6
  [PE 0] Accumulator after  = -14
  [PE 1] Weight = -14 Accumulator before = 12
  [PE 1] Accumulator after  = -2
  [PE 2] Weight = 91 Accumulator before = 17.75
  [PE 2] Accumulator after  = -19.25
  [PE 3] Weight = 50 Accumulator before = -28
  [PE 3] Accumulator after  = 22
  [PE 4] Weight = 10 Accumulator before = -17.5
  [PE 4] Accumulator after  = -7.5
[DEBUG] Tile = 3, Mask = 0b11111111
  [PE 0] Weight = -55 Accumulator before = -14
  [PE 0] Accumulator after  = -5
  [PE 1] Weight = -20 Accumulator before = -2
  [PE 1] Accumulator after  = -22
  [PE 2] Weight = 18 Accumulator before = -19.25
  [PE 2] Accumulator after  = -1.25
  [PE 3] Weight = -34 Accumulator before = 22
  [PE 3] Accumulator after  = -12
  [PE 4] Weight = -136 Accumulator before = -7.5
  [PE 4] Accumulator after  = -15.5
[DEBUG] Tile = 4, Mask = 0b11111111
  [PE 0] Weight = 74 Accumulator before = -5
  [PE 0] Accumulator after  = 5
  [PE 1] Weight = 48 Accumulator before = -22
  [PE 1] Accumulator after  = 26
  [PE 2] Weight = 59 Accumulator before = -1.25
  [PE 2] Accumulator after  = -6.25
  [PE 3] Weight = 146 Accumulator before = -12
  [PE 3] Accumulator after  = 6
  [PE 4] Weight = 92 Accumulator before = -15.5
  [PE 4] Accumulator after  = 12.5
[DEBUG] Tile = 5, Mask = 0b11111111
  [PE 0] Weight = 94 Accumulator before = 5
  [PE 0] Accumulator after  = -29
  [PE 1] Weight = 50 Accumulator before = 26
  [PE 1] Accumulator after  = 12
  [PE 2] Weight = 53 Accumulator before = -6.25
  [PE 2] Accumulator after  = -17.25
  [PE 3] Weight = 75 Accumulator before = 6
  [PE 3] Accumulator after  = 17
  [PE 4] Weight = 65 Accumulator before = 12.5
  [PE 4] Accumulator after  = 13.5
[DEBUG] Tile = 6, Mask = 0b11111111
  [PE 0] Weight = 78 Accumulator before = -29
  [PE 0] Accumulator after  = -15
  [PE 1] Weight = 95 Accumulator before = 12
  [PE 1] Accumulator after  = -21
  [PE 2] Weight = -225 Accumulator before = -17.25
  [PE 2] Accumulator after  = 13.75
  [PE 3] Weight = 11 Accumulator before = 17
  [PE 3] Accumulator after  = 28
  [PE 4] Weight = -4 Accumulator before = 13.5
  [PE 4] Accumulator after  = 9.5
[DEBUG] Tile = 7, Mask = 0b11111111
  [PE 0] Weight = 57 Accumulator before = -15
  [PE 0] Accumulator after  = -22
  [PE 1] Weight = 48 Accumulator before = -21
  [PE 1] Accumulator after  = 27
  [PE 2] Weight = -232 Accumulator before = 13.75
  [PE 2] Accumulator after  = -26.25
  [PE 3] Weight = -27 Accumulator before = 28
  [PE 3] Accumulator after  = 1
  [PE 4] Weight = 32 Accumulator before = 9.5
  [PE 4] Accumulator after  = -22.5
[THRESHOLD DEBUG] acc=-22 > threshold=1 => NO: no spike
[THRESHOLD DEBUG] acc=27 > threshold=1 => YES: SPIKE
[THRESHOLD DEBUG] acc=-26.25 > threshold=1 => NO: no spike
[THRESHOLD DEBUG] acc=1 > threshold=1 => YES: SPIKE
[THRESHOLD DEBUG] acc=-22.5 > threshold=1 => NO: no spike
[DEBUG] Tile = 0, Mask = 0b11111111
  [PE 0] Weight = 6 Accumulator before = -23.25
  [PE 0] Accumulator after  = -17.25
  [PE 1] Weight = 4 Accumulator before = 0
  [PE 1] Accumulator after  = 4
  [PE 2] Weight = -151 Accumulator before = -26.9688
  [PE 2] Accumulator after  = 14.0312
  [PE 3] Weight = -95 Accumulator before = 0
  [PE 3] Accumulator after  = -31
  [PE 4] Weight = -69 Accumulator before = -23.6875
  [PE 4] Accumulator after  = -28.6875
[DEBUG] Tile = 1, Mask = 0b11111111
  [PE 0] Weight = 64 Accumulator before = -17.25
  [PE 0] Accumulator after  = -17.25
  [PE 1] Weight = 72 Accumulator before = 4
  [PE 1] Accumulator after  = 12
  [PE 2] Weight = -203 Accumulator before = 14.0312
  [PE 2] Accumulator after  = 3.03125
  [PE 3] Weight = -61 Accumulator before = -31
  [PE 3] Accumulator after  = -28
  [PE 4] Weight = -2 Accumulator before = -28.6875
  [PE 4] Accumulator after  = -30.6875
[DEBUG] Tile = 2, Mask = 0b11111111
  [PE 0] Weight = -84 Accumulator before = -17.25
  [PE 0] Accumulator after  = 26.75
  [PE 1] Weight = -14 Accumulator before = 12
  [PE 1] Accumulator after  = -2
  [PE 2] Weight = 91 Accumulator before = 3.03125
  [PE 2] Accumulator after  = 30.0312
  [PE 3] Weight = 50 Accumulator before = -28
  [PE 3] Accumulator after  = 22
  [PE 4] Weight = 10 Accumulator before = -30.6875
  [PE 4] Accumulator after  = -20.6875
[DEBUG] Tile = 3, Mask = 0b11111111
  [PE 0] Weight = -55 Accumulator before = 26.75
  [PE 0] Accumulator after  = -28.25
  [PE 1] Weight = -20 Accumulator before = -2
  [PE 1] Accumulator after  = -22
  [PE 2] Weight = 18 Accumulator before = 30.0312
  [PE 2] Accumulator after  = -15.9688
  [PE 3] Weight = -34 Accumulator before = 22
  [PE 3] Accumulator after  = -12
  [PE 4] Weight = -136 Accumulator before = -20.6875
  [PE 4] Accumulator after  = -28.6875
[DEBUG] Tile = 4, Mask = 0b11111111
  [PE 0] Weight = 74 Accumulator before = -28.25
  [PE 0] Accumulator after  = -18.25
  [PE 1] Weight = 48 Accumulator before = -22
  [PE 1] Accumulator after  = 26
  [PE 2] Weight = 59 Accumulator before = -15.9688
  [PE 2] Accumulator after  = -20.9688
  [PE 3] Weight = 146 Accumulator before = -12
  [PE 3] Accumulator after  = 6
  [PE 4] Weight = 92 Accumulator before = -28.6875
  [PE 4] Accumulator after  = -0.6875
[DEBUG] Tile = 5, Mask = 0b11111111
  [PE 0] Weight = 94 Accumulator before = -18.25
  [PE 0] Accumulator after  = 11.75
  [PE 1] Weight = 50 Accumulator before = 26
  [PE 1] Accumulator after  = 12
  [PE 2] Weight = 53 Accumulator before = -20.9688
  [PE 2] Accumulator after  = -31.9688
  [PE 3] Weight = 75 Accumulator before = 6
  [PE 3] Accumulator after  = 17
  [PE 4] Weight = 65 Accumulator before = -0.6875
  [PE 4] Accumulator after  = 0.3125
[DEBUG] Tile = 6, Mask = 0b11111111
  [PE 0] Weight = 78 Accumulator before = 11.75
  [PE 0] Accumulator after  = 25.75
  [PE 1] Weight = 95 Accumulator before = 12
  [PE 1] Accumulator after  = -21
  [PE 2] Weight = -225 Accumulator before = -31.9688
  [PE 2] Accumulator after  = -0.96875
  [PE 3] Weight = 11 Accumulator before = 17
  [PE 3] Accumulator after  = 28
  [PE 4] Weight = -4 Accumulator before = 0.3125
  [PE 4] Accumulator after  = -3.6875
[DEBUG] Tile = 7, Mask = 0b11111111
  [PE 0] Weight = 57 Accumulator before = 25.75
  [PE 0] Accumulator after  = 18.75
  [PE 1] Weight = 48 Accumulator before = -21
  [PE 1] Accumulator after  = 27
  [PE 2] Weight = -232 Accumulator before = -0.96875
  [PE 2] Accumulator after  = 23.0312
  [PE 3] Weight = -27 Accumulator before = 28
  [PE 3] Accumulator after  = 1
  [PE 4] Weight = 32 Accumulator before = -3.6875
  [PE 4] Accumulator after  = 28.3125
[THRESHOLD DEBUG] acc=18.75 > threshold=1 => YES: SPIKE
[THRESHOLD DEBUG] acc=27 > threshold=1 => YES: SPIKE
[THRESHOLD DEBUG] acc=23.0312 > threshold=1 => YES: SPIKE
[THRESHOLD DEBUG] acc=1 > threshold=1 => YES: SPIKE
[THRESHOLD DEBUG] acc=28.3125 > threshold=1 => YES: SPIKE
[DEBUG] Tile = 0, Mask = 0b11111111
  [PE 0] Weight = 6 Accumulator before = 0
  [PE 0] Accumulator after  = 6
  [PE 1] Weight = 4 Accumulator before = 0
  [PE 1] Accumulator after  = 4
  [PE 2] Weight = -151 Accumulator before = 0
  [PE 2] Accumulator after  = -23
  [PE 3] Weight = -95 Accumulator before = 0
  [PE 3] Accumulator after  = -31
  [PE 4] Weight = -69 Accumulator before = 0
  [PE 4] Accumulator after  = -5
[DEBUG] Tile = 1, Mask = 0b11111111
  [PE 0] Weight = 64 Accumulator before = 6
  [PE 0] Accumulator after  = 6
  [PE 1] Weight = 72 Accumulator before = 4
  [PE 1] Accumulator after  = 12
  [PE 2] Weight = -203 Accumulator before = -23
  [PE 2] Accumulator after  = 30
  [PE 3] Weight = -61 Accumulator before = -31
  [PE 3] Accumulator after  = -28
  [PE 4] Weight = -2 Accumulator before = -5
  [PE 4] Accumulator after  = -7
[DEBUG] Tile = 2, Mask = 0b11111111
  [PE 0] Weight = -84 Accumulator before = 6
  [PE 0] Accumulator after  = -14
  [PE 1] Weight = -14 Accumulator before = 12
  [PE 1] Accumulator after  = -2
  [PE 2] Weight = 91 Accumulator before = 30
  [PE 2] Accumulator after  = -7
  [PE 3] Weight = 50 Accumulator before = -28
  [PE 3] Accumulator after  = 22
  [PE 4] Weight = 10 Accumulator before = -7
  [PE 4] Accumulator after  = 3
[DEBUG] Tile = 3, Mask = 0b11111111
  [PE 0] Weight = -55 Accumulator before = -14
  [PE 0] Accumulator after  = -5
  [PE 1] Weight = -20 Accumulator before = -2
  [PE 1] Accumulator after  = -22
  [PE 2] Weight = 18 Accumulator before = -7
  [PE 2] Accumulator after  = 11
  [PE 3] Weight = -34 Accumulator before = 22
  [PE 3] Accumulator after  = -12
  [PE 4] Weight = -136 Accumulator before = 3
  [PE 4] Accumulator after  = -5
[DEBUG] Tile = 4, Mask = 0b11111111
  [PE 0] Weight = 74 Accumulator before = -5
  [PE 0] Accumulator after  = 5
  [PE 1] Weight = 48 Accumulator before = -22
  [PE 1] Accumulator after  = 26
  [PE 2] Weight = 59 Accumulator before = 11
  [PE 2] Accumulator after  = 6
  [PE 3] Weight = 146 Accumulator before = -12
  [PE 3] Accumulator after  = 6
  [PE 4] Weight = 92 Accumulator before = -5
  [PE 4] Accumulator after  = 23
[DEBUG] Tile = 5, Mask = 0b11111111
  [PE 0] Weight = 94 Accumulator before = 5
  [PE 0] Accumulator after  = -29
  [PE 1] Weight = 50 Accumulator before = 26
  [PE 1] Accumulator after  = 12
  [PE 2] Weight = 53 Accumulator before = 6
  [PE 2] Accumulator after  = -5
  [PE 3] Weight = 75 Accumulator before = 6
  [PE 3] Accumulator after  = 17
  [PE 4] Weight = 65 Accumulator before = 23
  [PE 4] Accumulator after  = 24
[DEBUG] Tile = 6, Mask = 0b11111111
  [PE 0] Weight = 78 Accumulator before = -29
  [PE 0] Accumulator after  = -15
  [PE 1] Weight = 95 Accumulator before = 12
  [PE 1] Accumulator after  = -21
  [PE 2] Weight = -225 Accumulator before = -5
  [PE 2] Accumulator after  = 26
  [PE 3] Weight = 11 Accumulator before = 17
  [PE 3] Accumulator after  = 28
  [PE 4] Weight = -4 Accumulator before = 24
  [PE 4] Accumulator after  = 20
[DEBUG] Tile = 7, Mask = 0b11111111
  [PE 0] Weight = 57 Accumulator before = -15
  [PE 0] Accumulator after  = -22
  [PE 1] Weight = 48 Accumulator before = -21
  [PE 1] Accumulator after  = 27
  [PE 2] Weight = -232 Accumulator before = 26
  [PE 2] Accumulator after  = -14
  [PE 3] Weight = -27 Accumulator before = 28
  [PE 3] Accumulator after  = 1
  [PE 4] Weight = 32 Accumulator before = 20
  [PE 4] Accumulator after  = -12
[THRESHOLD DEBUG] acc=-22 > threshold=1 => NO: no spike
[THRESHOLD DEBUG] acc=27 > threshold=1 => YES: SPIKE
[THRESHOLD DEBUG] acc=-14 > threshold=1 => NO: no spike
[THRESHOLD DEBUG] acc=1 > threshold=1 => YES: SPIKE
[THRESHOLD DEBUG] acc=-12 > threshold=1 => NO: no spike
[DEBUG] Tile = 0, Mask = 0b11111111
  [PE 0] Weight = 6 Accumulator before = -23.25
  [PE 0] Accumulator after  = -17.25
  [PE 1] Weight = 4 Accumulator before = 0
  [PE 1] Accumulator after  = 4
  [PE 2] Weight = -151 Accumulator before = -12.25
  [PE 2] Accumulator after  = 28.75
  [PE 3] Weight = -95 Accumulator before = 0
  [PE 3] Accumulator after  = -31
  [PE 4] Weight = -69 Accumulator before = -10.5
  [PE 4] Accumulator after  = -15.5
[DEBUG] Tile = 1, Mask = 0b11111111
  [PE 0] Weight = 64 Accumulator before = -17.25
  [PE 0] Accumulator after  = -17.25
  [PE 1] Weight = 72 Accumulator before = 4
  [PE 1] Accumulator after  = 12
  [PE 2] Weight = -203 Accumulator before = 28.75
  [PE 2] Accumulator after  = 17.75
  [PE 3] Weight = -61 Accumulator before = -31
  [PE 3] Accumulator after  = -28
  [PE 4] Weight = -2 Accumulator before = -15.5
  [PE 4] Accumulator after  = -17.5
[DEBUG] Tile = 2, Mask = 0b11111111
  [PE 0] Weight = -84 Accumulator before = -17.25
  [PE 0] Accumulator after  = 26.75
  [PE 1] Weight = -14 Accumulator before = 12
  [PE 1] Accumulator after  = -2
  [PE 2] Weight = 91 Accumulator before = 17.75
  [PE 2] Accumulator after  = -19.25
  [PE 3] Weight = 50 Accumulator before = -28
  [PE 3] Accumulator after  = 22
  [PE 4] Weight = 10 Accumulator before = -17.5
  [PE 4] Accumulator after  = -7.5
[DEBUG] Tile = 3, Mask = 0b11111111
  [PE 0] Weight = -55 Accumulator before = 26.75
  [PE 0] Accumulator after  = -28.25
  [PE 1] Weight = -20 Accumulator before = -2
  [PE 1] Accumulator after  = -22
  [PE 2] Weight = 18 Accumulator before = -19.25
  [PE 2] Accumulator after  = -1.25
  [PE 3] Weight = -34 Accumulator before = 22
  [PE 3] Accumulator after  = -12
  [PE 4] Weight = -136 Accumulator before = -7.5
  [PE 4] Accumulator after  = -15.5
[DEBUG] Tile = 4, Mask = 0b11111111
  [PE 0] Weight = 74 Accumulator before = -28.25
  [PE 0] Accumulator after  = -18.25
  [PE 1] Weight = 48 Accumulator before = -22
  [PE 1] Accumulator after  = 26
  [PE 2] Weight = 59 Accumulator before = -1.25
  [PE 2] Accumulator after  = -6.25
  [PE 3] Weight = 146 Accumulator before = -12
  [PE 3] Accumulator after  = 6
  [PE 4] Weight = 92 Accumulator before = -15.5
  [PE 4] Accumulator after  = 12.5
[DEBUG] Tile = 5, Mask = 0b11111111
  [PE 0] Weight = 94 Accumulator before = -18.25
  [PE 0] Accumulator after  = 11.75
  [PE 1] Weight = 50 Accumulator before = 26
  [PE 1] Accumulator after  = 12
  [PE 2] Weight = 53 Accumulator before = -6.25
  [PE 2] Accumulator after  = -17.25
  [PE 3] Weight = 75 Accumulator before = 6
  [PE 3] Accumulator after  = 17
  [PE 4] Weight = 65 Accumulator before = 12.5
  [PE 4] Accumulator after  = 13.5
[DEBUG] Tile = 6, Mask = 0b11111111
  [PE 0] Weight = 78 Accumulator before = 11.75
  [PE 0] Accumulator after  = 25.75
  [PE 1] Weight = 95 Accumulator before = 12
  [PE 1] Accumulator after  = -21
  [PE 2] Weight = -225 Accumulator before = -17.25
  [PE 2] Accumulator after  = 13.75
  [PE 3] Weight = 11 Accumulator before = 17
  [PE 3] Accumulator after  = 28
  [PE 4] Weight = -4 Accumulator before = 13.5
  [PE 4] Accumulator after  = 9.5
[DEBUG] Tile = 7, Mask = 0b11111111
  [PE 0] Weight = 57 Accumulator before = 25.75
  [PE 0] Accumulator after  = 18.75
  [PE 1] Weight = 48 Accumulator before = -21
  [PE 1] Accumulator after  = 27
  [PE 2] Weight = -232 Accumulator before = 13.75
  [PE 2] Accumulator after  = -26.25
  [PE 3] Weight = -27 Accumulator before = 28
  [PE 3] Accumulator after  = 1
  [PE 4] Weight = 32 Accumulator before = 9.5
  [PE 4] Accumulator after  = -22.5
[THRESHOLD DEBUG] acc=18.75 > threshold=1 => YES: SPIKE
[THRESHOLD DEBUG] acc=27 > threshold=1 => YES: SPIKE
[THRESHOLD DEBUG] acc=-26.25 > threshold=1 => NO: no spike
[THRESHOLD DEBUG] acc=1 > threshold=1 => YES: SPIKE
[THRESHOLD DEBUG] acc=-22.5 > threshold=1 => NO: no spike
[DEBUG] Tile = 0, Mask = 0b11111111
  [PE 0] Weight = 6 Accumulator before = 0
  [PE 0] Accumulator after  = 6
  [PE 1] Weight = 4 Accumulator before = 0
  [PE 1] Accumulator after  = 4
  [PE 2] Weight = -151 Accumulator before = -26.9688
  [PE 2] Accumulator after  = 14.0312
  [PE 3] Weight = -95 Accumulator before = 0
  [PE 3] Accumulator after  = -31
  [PE 4] Weight = -69 Accumulator before = -23.6875
  [PE 4] Accumulator after  = -28.6875
[DEBUG] Tile = 1, Mask = 0b11111111
  [PE 0] Weight = 64 Accumulator before = 6
  [PE 0] Accumulator after  = 6
  [PE 1] Weight = 72 Accumulator before = 4
  [PE 1] Accumulator after  = 12
  [PE 2] Weight = -203 Accumulator before = 14.0312
  [PE 2] Accumulator after  = 3.03125
  [PE 3] Weight = -61 Accumulator before = -31
  [PE 3] Accumulator after  = -28
  [PE 4] Weight = -2 Accumulator before = -28.6875
  [PE 4] Accumulator after  = -30.6875
[DEBUG] Tile = 2, Mask = 0b11111111
  [PE 0] Weight = -84 Accumulator before = 6
  [PE 0] Accumulator after  = -14
  [PE 1] Weight = -14 Accumulator before = 12
  [PE 1] Accumulator after  = -2
  [PE 2] Weight = 91 Accumulator before = 3.03125
  [PE 2] Accumulator after  = 30.0312
  [PE 3] Weight = 50 Accumulator before = -28
  [PE 3] Accumulator after  = 22
  [PE 4] Weight = 10 Accumulator before = -30.6875
  [PE 4] Accumulator after  = -20.6875
[DEBUG] Tile = 3, Mask = 0b11111111
  [PE 0] Weight = -55 Accumulator before = -14
  [PE 0] Accumulator after  = -5
  [PE 1] Weight = -20 Accumulator before = -2
  [PE 1] Accumulator after  = -22
  [PE 2] Weight = 18 Accumulator before = 30.0312
  [PE 2] Accumulator after  = -15.9688
  [PE 3] Weight = -34 Accumulator before = 22
  [PE 3] Accumulator after  = -12
  [PE 4] Weight = -136 Accumulator before = -20.6875
  [PE 4] Accumulator after  = -28.6875
[DEBUG] Tile = 4, Mask = 0b11111111
  [PE 0] Weight = 74 Accumulator before = -5
  [PE 0] Accumulator after  = 5
  [PE 1] Weight = 48 Accumulator before = -22
  [PE 1] Accumulator after  = 26
  [PE 2] Weight = 59 Accumulator before = -15.9688
  [PE 2] Accumulator after  = -20.9688
  [PE 3] Weight = 146 Accumulator before = -12
  [PE 3] Accumulator after  = 6
  [PE 4] Weight = 92 Accumulator before = -28.6875
  [PE 4] Accumulator after  = -0.6875
[DEBUG] Tile = 5, Mask = 0b11111111
  [PE 0] Weight = 94 Accumulator before = 5
  [PE 0] Accumulator after  = -29
  [PE 1] Weight = 50 Accumulator before = 26
  [PE 1] Accumulator after  = 12
  [PE 2] Weight = 53 Accumulator before = -20.9688
  [PE 2] Accumulator after  = -31.9688
  [PE 3] Weight = 75 Accumulator before = 6
  [PE 3] Accumulator after  = 17
  [PE 4] Weight = 65 Accumulator before = -0.6875
  [PE 4] Accumulator after  = 0.3125
[DEBUG] Tile = 6, Mask = 0b11111111
  [PE 0] Weight = 78 Accumulator before = -29
  [PE 0] Accumulator after  = -15
  [PE 1] Weight = 95 Accumulator before = 12
  [PE 1] Accumulator after  = -21
  [PE 2] Weight = -225 Accumulator before = -31.9688
  [PE 2] Accumulator after  = -0.96875
  [PE 3] Weight = 11 Accumulator before = 17
  [PE 3] Accumulator after  = 28
  [PE 4] Weight = -4 Accumulator before = 0.3125
  [PE 4] Accumulator after  = -3.6875
[DEBUG] Tile = 7, Mask = 0b11111111
  [PE 0] Weight = 57 Accumulator before = -15
  [PE 0] Accumulator after  = -22
  [PE 1] Weight = 48 Accumulator before = -21
  [PE 1] Accumulator after  = 27
  [PE 2] Weight = -232 Accumulator before = -0.96875
  [PE 2] Accumulator after  = 23.0312
  [PE 3] Weight = -27 Accumulator before = 28
  [PE 3] Accumulator after  = 1
  [PE 4] Weight = 32 Accumulator before = -3.6875
  [PE 4] Accumulator after  = 28.3125
[THRESHOLD DEBUG] acc=-22 > threshold=1 => NO: no spike
[THRESHOLD DEBUG] acc=27 > threshold=1 => YES: SPIKE
[THRESHOLD DEBUG] acc=23.0312 > threshold=1 => YES: SPIKE
[THRESHOLD DEBUG] acc=1 > threshold=1 => YES: SPIKE
[THRESHOLD DEBUG] acc=28.3125 > threshold=1 => YES: SPIKE
[DEBUG] Tile = 0, Mask = 0b11111111
  [PE 0] Weight = 6 Accumulator before = -23.25
  [PE 0] Accumulator after  = -17.25
  [PE 1] Weight = 4 Accumulator before = 0
  [PE 1] Accumulator after  = 4
  [PE 2] Weight = -151 Accumulator before = 0
  [PE 2] Accumulator after  = -23
  [PE 3] Weight = -95 Accumulator before = 0
  [PE 3] Accumulator after  = -31
  [PE 4] Weight = -69 Accumulator before = 0
  [PE 4] Accumulator after  = -5
[DEBUG] Tile = 1, Mask = 0b11111111
  [PE 0] Weight = 64 Accumulator before = -17.25
  [PE 0] Accumulator after  = -17.25
  [PE 1] Weight = 72 Accumulator before = 4
  [PE 1] Accumulator after  = 12
  [PE 2] Weight = -203 Accumulator before = -23
  [PE 2] Accumulator after  = 30
  [PE 3] Weight = -61 Accumulator before = -31
  [PE 3] Accumulator after  = -28
  [PE 4] Weight = -2 Accumulator before = -5
  [PE 4] Accumulator after  = -7
[DEBUG] Tile = 2, Mask = 0b11111111
  [PE 0] Weight = -84 Accumulator before = -17.25
  [PE 0] Accumulator after  = 26.75
  [PE 1] Weight = -14 Accumulator before = 12
  [PE 1] Accumulator after  = -2
  [PE 2] Weight = 91 Accumulator before = 30
  [PE 2] Accumulator after  = -7
  [PE 3] Weight = 50 Accumulator before = -28
  [PE 3] Accumulator after  = 22
  [PE 4] Weight = 10 Accumulator before = -7
  [PE 4] Accumulator after  = 3
[DEBUG] Tile = 3, Mask = 0b11111111
  [PE 0] Weight = -55 Accumulator before = 26.75
  [PE 0] Accumulator after  = -28.25
  [PE 1] Weight = -20 Accumulator before = -2
  [PE 1] Accumulator after  = -22
  [PE 2] Weight = 18 Accumulator before = -7
  [PE 2] Accumulator after  = 11
  [PE 3] Weight = -34 Accumulator before = 22
  [PE 3] Accumulator after  = -12
  [PE 4] Weight = -136 Accumulator before = 3
  [PE 4] Accumulator after  = -5
[DEBUG] Tile = 4, Mask = 0b11111111
  [PE 0] Weight = 74 Accumulator before = -28.25
  [PE 0] Accumulator after  = -18.25
  [PE 1] Weight = 48 Accumulator before = -22
  [PE 1] Accumulator after  = 26
  [PE 2] Weight = 59 Accumulator before = 11
  [PE 2] Accumulator after  = 6
  [PE 3] Weight = 146 Accumulator before = -12
  [PE 3] Accumulator after  = 6
  [PE 4] Weight = 92 Accumulator before = -5
  [PE 4] Accumulator after  = 23
[DEBUG] Tile = 5, Mask = 0b11111111
  [PE 0] Weight = 94 Accumulator before = -18.25
  [PE 0] Accumulator after  = 11.75
  [PE 1] Weight = 50 Accumulator before = 26
  [PE 1] Accumulator after  = 12
  [PE 2] Weight = 53 Accumulator before = 6
  [PE 2] Accumulator after  = -5
  [PE 3] Weight = 75 Accumulator before = 6
  [PE 3] Accumulator after  = 17
  [PE 4] Weight = 65 Accumulator before = 23
  [PE 4] Accumulator after  = 24
[DEBUG] Tile = 6, Mask = 0b11111111
  [PE 0] Weight = 78 Accumulator before = 11.75
  [PE 0] Accumulator after  = 25.75
  [PE 1] Weight = 95 Accumulator before = 12
  [PE 1] Accumulator after  = -21
  [PE 2] Weight = -225 Accumulator before = -5
  [PE 2] Accumulator after  = 26
  [PE 3] Weight = 11 Accumulator before = 17
  [PE 3] Accumulator after  = 28
  [PE 4] Weight = -4 Accumulator before = 24
  [PE 4] Accumulator after  = 20
[DEBUG] Tile = 7, Mask = 0b11111111
  [PE 0] Weight = 57 Accumulator before = 25.75
  [PE 0] Accumulator after  = 18.75
  [PE 1] Weight = 48 Accumulator before = -21
  [PE 1] Accumulator after  = 27
  [PE 2] Weight = -232 Accumulator before = 26
  [PE 2] Accumulator after  = -14
  [PE 3] Weight = -27 Accumulator before = 28
  [PE 3] Accumulator after  = 1
  [PE 4] Weight = 32 Accumulator before = 20
  [PE 4] Accumulator after  = -12
[THRESHOLD DEBUG] acc=18.75 > threshold=1 => YES: SPIKE
[THRESHOLD DEBUG] acc=27 > threshold=1 => YES: SPIKE
[THRESHOLD DEBUG] acc=-14 > threshold=1 => NO: no spike
[THRESHOLD DEBUG] acc=1 > threshold=1 => YES: SPIKE
[THRESHOLD DEBUG] acc=-12 > threshold=1 => NO: no spike
[DEBUG] Tile = 0, Mask = 0b11111111
  [PE 0] Weight = 6 Accumulator before = 0
  [PE 0] Accumulator after  = 6
  [PE 1] Weight = 4 Accumulator before = 0
  [PE 1] Accumulator after  = 4
  [PE 2] Weight = -151 Accumulator before = -12.25
  [PE 2] Accumulator after  = 28.75
  [PE 3] Weight = -95 Accumulator before = 0
  [PE 3] Accumulator after  = -31
  [PE 4] Weight = -69 Accumulator before = -10.5
  [PE 4] Accumulator after  = -15.5
[DEBUG] Tile = 1, Mask = 0b11111111
  [PE 0] Weight = 64 Accumulator before = 6
  [PE 0] Accumulator after  = 6
  [PE 1] Weight = 72 Accumulator before = 4
  [PE 1] Accumulator after  = 12
  [PE 2] Weight = -203 Accumulator before = 28.75
  [PE 2] Accumulator after  = 17.75
  [PE 3] Weight = -61 Accumulator before = -31
  [PE 3] Accumulator after  = -28
  [PE 4] Weight = -2 Accumulator before = -15.5
  [PE 4] Accumulator after  = -17.5
[DEBUG] Tile = 2, Mask = 0b11111111
  [PE 0] Weight = -84 Accumulator before = 6
  [PE 0] Accumulator after  = -14
  [PE 1] Weight = -14 Accumulator before = 12
  [PE 1] Accumulator after  = -2
  [PE 2] Weight = 91 Accumulator before = 17.75
  [PE 2] Accumulator after  = -19.25
  [PE 3] Weight = 50 Accumulator before = -28
  [PE 3] Accumulator after  = 22
  [PE 4] Weight = 10 Accumulator before = -17.5
  [PE 4] Accumulator after  = -7.5
[DEBUG] Tile = 3, Mask = 0b11111111
  [PE 0] Weight = -55 Accumulator before = -14
  [PE 0] Accumulator after  = -5
  [PE 1] Weight = -20 Accumulator before = -2
  [PE 1] Accumulator after  = -22
  [PE 2] Weight = 18 Accumulator before = -19.25
  [PE 2] Accumulator after  = -1.25
  [PE 3] Weight = -34 Accumulator before = 22
  [PE 3] Accumulator after  = -12
  [PE 4] Weight = -136 Accumulator before = -7.5
  [PE 4] Accumulator after  = -15.5
[DEBUG] Tile = 4, Mask = 0b11111111
  [PE 0] Weight = 74 Accumulator before = -5
  [PE 0] Accumulator after  = 5
  [PE 1] Weight = 48 Accumulator before = -22
  [PE 1] Accumulator after  = 26
  [PE 2] Weight = 59 Accumulator before = -1.25
  [PE 2] Accumulator after  = -6.25
  [PE 3] Weight = 146 Accumulator before = -12
  [PE 3] Accumulator after  = 6
  [PE 4] Weight = 92 Accumulator before = -15.5
  [PE 4] Accumulator after  = 12.5
[DEBUG] Tile = 5, Mask = 0b11111111
  [PE 0] Weight = 94 Accumulator before = 5
  [PE 0] Accumulator after  = -29
  [PE 1] Weight = 50 Accumulator before = 26
  [PE 1] Accumulator after  = 12
  [PE 2] Weight = 53 Accumulator before = -6.25
  [PE 2] Accumulator after  = -17.25
  [PE 3] Weight = 75 Accumulator before = 6
  [PE 3] Accumulator after  = 17
  [PE 4] Weight = 65 Accumulator before = 12.5
  [PE 4] Accumulator after  = 13.5
[DEBUG] Tile = 6, Mask = 0b11111111
  [PE 0] Weight = 78 Accumulator before = -29
  [PE 0] Accumulator after  = -15
  [PE 1] Weight = 95 Accumulator before = 12
  [PE 1] Accumulator after  = -21
  [PE 2] Weight = -225 Accumulator before = -17.25
  [PE 2] Accumulator after  = 13.75
  [PE 3] Weight = 11 Accumulator before = 17
  [PE 3] Accumulator after  = 28
  [PE 4] Weight = -4 Accumulator before = 13.5
  [PE 4] Accumulator after  = 9.5
[DEBUG] Tile = 7, Mask = 0b11111111
  [PE 0] Weight = 57 Accumulator before = -15
  [PE 0] Accumulator after  = -22
  [PE 1] Weight = 48 Accumulator before = -21
  [PE 1] Accumulator after  = 27
  [PE 2] Weight = -232 Accumulator before = 13.75
  [PE 2] Accumulator after  = -26.25
  [PE 3] Weight = -27 Accumulator before = 28
  [PE 3] Accumulator after  = 1
  [PE 4] Weight = 32 Accumulator before = 9.5
  [PE 4] Accumulator after  = -22.5
[THRESHOLD DEBUG] acc=-22 > threshold=1 => NO: no spike
[THRESHOLD DEBUG] acc=27 > threshold=1 => YES: SPIKE
[THRESHOLD DEBUG] acc=-26.25 > threshold=1 => NO: no spike
[THRESHOLD DEBUG] acc=1 > threshold=1 => YES: SPIKE
[THRESHOLD DEBUG] acc=-22.5 > threshold=1 => NO: no spike
[DEBUG] Tile = 0, Mask = 0b11111111
  [PE 0] Weight = 6 Accumulator before = -23.25
  [PE 0] Accumulator after  = -17.25
  [PE 1] Weight = 4 Accumulator before = 0
  [PE 1] Accumulator after  = 4
  [PE 2] Weight = -151 Accumulator before = -26.9688
  [PE 2] Accumulator after  = 14.0312
  [PE 3] Weight = -95 Accumulator before = 0
  [PE 3] Accumulator after  = -31
  [PE 4] Weight = -69 Accumulator before = -23.6875
  [PE 4] Accumulator after  = -28.6875
[DEBUG] Tile = 1, Mask = 0b11111111
  [PE 0] Weight = 64 Accumulator before = -17.25
  [PE 0] Accumulator after  = -17.25
  [PE 1] Weight = 72 Accumulator before = 4
  [PE 1] Accumulator after  = 12
  [PE 2] Weight = -203 Accumulator before = 14.0312
  [PE 2] Accumulator after  = 3.03125
  [PE 3] Weight = -61 Accumulator before = -31
  [PE 3] Accumulator after  = -28
  [PE 4] Weight = -2 Accumulator before = -28.6875
  [PE 4] Accumulator after  = -30.6875
[DEBUG] Tile = 2, Mask = 0b11111111
  [PE 0] Weight = -84 Accumulator before = -17.25
  [PE 0] Accumulator after  = 26.75
  [PE 1] Weight = -14 Accumulator before = 12
  [PE 1] Accumulator after  = -2
  [PE 2] Weight = 91 Accumulator before = 3.03125
  [PE 2] Accumulator after  = 30.0312
  [PE 3] Weight = 50 Accumulator before = -28
  [PE 3] Accumulator after  = 22
  [PE 4] Weight = 10 Accumulator before = -30.6875
  [PE 4] Accumulator after  = -20.6875
[DEBUG] Tile = 3, Mask = 0b11111111
  [PE 0] Weight = -55 Accumulator before = 26.75
  [PE 0] Accumulator after  = -28.25
  [PE 1] Weight = -20 Accumulator before = -2
  [PE 1] Accumulator after  = -22
  [PE 2] Weight = 18 Accumulator before = 30.0312
  [PE 2] Accumulator after  = -15.9688
  [PE 3] Weight = -34 Accumulator before = 22
  [PE 3] Accumulator after  = -12
  [PE 4] Weight = -136 Accumulator before = -20.6875
  [PE 4] Accumulator after  = -28.6875
[DEBUG] Tile = 4, Mask = 0b11111111
  [PE 0] Weight = 74 Accumulator before = -28.25
  [PE 0] Accumulator after  = -18.25
  [PE 1] Weight = 48 Accumulator before = -22
  [PE 1] Accumulator after  = 26
  [PE 2] Weight = 59 Accumulator before = -15.9688
  [PE 2] Accumulator after  = -20.9688
  [PE 3] Weight = 146 Accumulator before = -12
  [PE 3] Accumulator after  = 6
  [PE 4] Weight = 92 Accumulator before = -28.6875
  [PE 4] Accumulator after  = -0.6875
[DEBUG] Tile = 5, Mask = 0b11111111
  [PE 0] Weight = 94 Accumulator before = -18.25
  [PE 0] Accumulator after  = 11.75
  [PE 1] Weight = 50 Accumulator before = 26
  [PE 1] Accumulator after  = 12
  [PE 2] Weight = 53 Accumulator before = -20.9688
  [PE 2] Accumulator after  = -31.9688
  [PE 3] Weight = 75 Accumulator before = 6
  [PE 3] Accumulator after  = 17
  [PE 4] Weight = 65 Accumulator before = -0.6875
  [PE 4] Accumulator after  = 0.3125
[DEBUG] Tile = 6, Mask = 0b11111111
  [PE 0] Weight = 78 Accumulator before = 11.75
  [PE 0] Accumulator after  = 25.75
  [PE 1] Weight = 95 Accumulator before = 12
  [PE 1] Accumulator after  = -21
  [PE 2] Weight = -225 Accumulator before = -31.9688
  [PE 2] Accumulator after  = -0.96875
  [PE 3] Weight = 11 Accumulator before = 17
  [PE 3] Accumulator after  = 28
  [PE 4] Weight = -4 Accumulator before = 0.3125
  [PE 4] Accumulator after  = -3.6875
[DEBUG] Tile = 7, Mask = 0b11111111
  [PE 0] Weight = 57 Accumulator before = 25.75
  [PE 0] Accumulator after  = 18.75
  [PE 1] Weight = 48 Accumulator before = -21
  [PE 1] Accumulator after  = 27
  [PE 2] Weight = -232 Accumulator before = -0.96875
  [PE 2] Accumulator after  = 23.0312
  [PE 3] Weight = -27 Accumulator before = 28
  [PE 3] Accumulator after  = 1
  [PE 4] Weight = 32 Accumulator before = -3.6875
  [PE 4] Accumulator after  = 28.3125
[THRESHOLD DEBUG] acc=18.75 > threshold=1 => YES: SPIKE
[THRESHOLD DEBUG] acc=27 > threshold=1 => YES: SPIKE
[THRESHOLD DEBUG] acc=23.0312 > threshold=1 => YES: SPIKE
[THRESHOLD DEBUG] acc=1 > threshold=1 => YES: SPIKE
[THRESHOLD DEBUG] acc=28.3125 > threshold=1 => YES: SPIKE
[DEBUG] Tile = 0, Mask = 0b11111111
  [PE 0] Weight = 6 Accumulator before = 0
  [PE 0] Accumulator after  = 6
  [PE 1] Weight = 4 Accumulator before = 0
  [PE 1] Accumulator after  = 4
  [PE 2] Weight = -151 Accumulator before = 0
  [PE 2] Accumulator after  = -23
  [PE 3] Weight = -95 Accumulator before = 0
  [PE 3] Accumulator after  = -31
  [PE 4] Weight = -69 Accumulator before = 0
  [PE 4] Accumulator after  = -5
[DEBUG] Tile = 1, Mask = 0b11111111
  [PE 0] Weight = 64 Accumulator before = 6
  [PE 0] Accumulator after  = 6
  [PE 1] Weight = 72 Accumulator before = 4
  [PE 1] Accumulator after  = 12
  [PE 2] Weight = -203 Accumulator before = -23
  [PE 2] Accumulator after  = 30
  [PE 3] Weight = -61 Accumulator before = -31
  [PE 3] Accumulator after  = -28
  [PE 4] Weight = -2 Accumulator before = -5
  [PE 4] Accumulator after  = -7
[DEBUG] Tile = 2, Mask = 0b11111111
  [PE 0] Weight = -84 Accumulator before = 6
  [PE 0] Accumulator after  = -14
  [PE 1] Weight = -14 Accumulator before = 12
  [PE 1] Accumulator after  = -2
  [PE 2] Weight = 91 Accumulator before = 30
  [PE 2] Accumulator after  = -7
  [PE 3] Weight = 50 Accumulator before = -28
  [PE 3] Accumulator after  = 22
  [PE 4] Weight = 10 Accumulator before = -7
  [PE 4] Accumulator after  = 3
[DEBUG] Tile = 3, Mask = 0b11111111
  [PE 0] Weight = -55 Accumulator before = -14
  [PE 0] Accumulator after  = -5
  [PE 1] Weight = -20 Accumulator before = -2
  [PE 1] Accumulator after  = -22
  [PE 2] Weight = 18 Accumulator before = -7
  [PE 2] Accumulator after  = 11
  [PE 3] Weight = -34 Accumulator before = 22
  [PE 3] Accumulator after  = -12
  [PE 4] Weight = -136 Accumulator before = 3
  [PE 4] Accumulator after  = -5
[DEBUG] Tile = 4, Mask = 0b11111111
  [PE 0] Weight = 74 Accumulator before = -5
  [PE 0] Accumulator after  = 5
  [PE 1] Weight = 48 Accumulator before = -22
  [PE 1] Accumulator after  = 26
  [PE 2] Weight = 59 Accumulator before = 11
  [PE 2] Accumulator after  = 6
  [PE 3] Weight = 146 Accumulator before = -12
  [PE 3] Accumulator after  = 6
  [PE 4] Weight = 92 Accumulator before = -5
  [PE 4] Accumulator after  = 23
[DEBUG] Tile = 5, Mask = 0b11111111
  [PE 0] Weight = 94 Accumulator before = 5
  [PE 0] Accumulator after  = -29
  [PE 1] Weight = 50 Accumulator before = 26
  [PE 1] Accumulator after  = 12
  [PE 2] Weight = 53 Accumulator before = 6
  [PE 2] Accumulator after  = -5
  [PE 3] Weight = 75 Accumulator before = 6
  [PE 3] Accumulator after  = 17
  [PE 4] Weight = 65 Accumulator before = 23
  [PE 4] Accumulator after  = 24
[DEBUG] Tile = 6, Mask = 0b11111111
  [PE 0] Weight = 78 Accumulator before = -29
  [PE 0] Accumulator after  = -15
  [PE 1] Weight = 95 Accumulator before = 12
  [PE 1] Accumulator after  = -21
  [PE 2] Weight = -225 Accumulator before = -5
  [PE 2] Accumulator after  = 26
  [PE 3] Weight = 11 Accumulator before = 17
  [PE 3] Accumulator after  = 28
  [PE 4] Weight = -4 Accumulator before = 24
  [PE 4] Accumulator after  = 20
[DEBUG] Tile = 7, Mask = 0b11111111
  [PE 0] Weight = 57 Accumulator before = -15
  [PE 0] Accumulator after  = -22
  [PE 1] Weight = 48 Accumulator before = -21
  [PE 1] Accumulator after  = 27
  [PE 2] Weight = -232 Accumulator before = 26
  [PE 2] Accumulator after  = -14
  [PE 3] Weight = -27 Accumulator before = 28
  [PE 3] Accumulator after  = 1
  [PE 4] Weight = 32 Accumulator before = 20
  [PE 4] Accumulator after  = -12
[THRESHOLD DEBUG] acc=-22 > threshold=1 => NO: no spike
[THRESHOLD DEBUG] acc=27 > threshold=1 => YES: SPIKE
[THRESHOLD DEBUG] acc=-14 > threshold=1 => NO: no spike
[THRESHOLD DEBUG] acc=1 > threshold=1 => YES: SPIKE
[THRESHOLD DEBUG] acc=-12 > threshold=1 => NO: no spike
[DEBUG] Tile = 0, Mask = 0b11111111
  [PE 0] Weight = 6 Accumulator before = -23.25
  [PE 0] Accumulator after  = -17.25
  [PE 1] Weight = 4 Accumulator before = 0
  [PE 1] Accumulator after  = 4
  [PE 2] Weight = -151 Accumulator before = -12.25
  [PE 2] Accumulator after  = 28.75
  [PE 3] Weight = -95 Accumulator before = 0
  [PE 3] Accumulator after  = -31
  [PE 4] Weight = -69 Accumulator before = -10.5
  [PE 4] Accumulator after  = -15.5
[DEBUG] Tile = 1, Mask = 0b11111111
  [PE 0] Weight = 64 Accumulator before = -17.25
  [PE 0] Accumulator after  = -17.25
  [PE 1] Weight = 72 Accumulator before = 4
  [PE 1] Accumulator after  = 12
  [PE 2] Weight = -203 Accumulator before = 28.75
  [PE 2] Accumulator after  = 17.75
  [PE 3] Weight = -61 Accumulator before = -31
  [PE 3] Accumulator after  = -28
  [PE 4] Weight = -2 Accumulator before = -15.5
  [PE 4] Accumulator after  = -17.5
[DEBUG] Tile = 2, Mask = 0b11111111
  [PE 0] Weight = -84 Accumulator before = -17.25
  [PE 0] Accumulator after  = 26.75
  [PE 1] Weight = -14 Accumulator before = 12
  [PE 1] Accumulator after  = -2
  [PE 2] Weight = 91 Accumulator before = 17.75
  [PE 2] Accumulator after  = -19.25
  [PE 3] Weight = 50 Accumulator before = -28
  [PE 3] Accumulator after  = 22
  [PE 4] Weight = 10 Accumulator before = -17.5
  [PE 4] Accumulator after  = -7.5
[DEBUG] Tile = 3, Mask = 0b11111111
  [PE 0] Weight = -55 Accumulator before = 26.75
  [PE 0] Accumulator after  = -28.25
  [PE 1] Weight = -20 Accumulator before = -2
  [PE 1] Accumulator after  = -22
  [PE 2] Weight = 18 Accumulator before = -19.25
  [PE 2] Accumulator after  = -1.25
  [PE 3] Weight = -34 Accumulator before = 22
  [PE 3] Accumulator after  = -12
  [PE 4] Weight = -136 Accumulator before = -7.5
  [PE 4] Accumulator after  = -15.5
[DEBUG] Tile = 4, Mask = 0b11111111
  [PE 0] Weight = 74 Accumulator before = -28.25
  [PE 0] Accumulator after  = -18.25
  [PE 1] Weight = 48 Accumulator before = -22
  [PE 1] Accumulator after  = 26
  [PE 2] Weight = 59 Accumulator before = -1.25
  [PE 2] Accumulator after  = -6.25
  [PE 3] Weight = 146 Accumulator before = -12
  [PE 3] Accumulator after  = 6
  [PE 4] Weight = 92 Accumulator before = -15.5
  [PE 4] Accumulator after  = 12.5
[DEBUG] Tile = 5, Mask = 0b11111111
  [PE 0] Weight = 94 Accumulator before = -18.25
  [PE 0] Accumulator after  = 11.75
  [PE 1] Weight = 50 Accumulator before = 26
  [PE 1] Accumulator after  = 12
  [PE 2] Weight = 53 Accumulator before = -6.25
  [PE 2] Accumulator after  = -17.25
  [PE 3] Weight = 75 Accumulator before = 6
  [PE 3] Accumulator after  = 17
  [PE 4] Weight = 65 Accumulator before = 12.5
  [PE 4] Accumulator after  = 13.5
[DEBUG] Tile = 6, Mask = 0b11111111
  [PE 0] Weight = 78 Accumulator before = 11.75
  [PE 0] Accumulator after  = 25.75
  [PE 1] Weight = 95 Accumulator before = 12
  [PE 1] Accumulator after  = -21
  [PE 2] Weight = -225 Accumulator before = -17.25
  [PE 2] Accumulator after  = 13.75
  [PE 3] Weight = 11 Accumulator before = 17
  [PE 3] Accumulator after  = 28
  [PE 4] Weight = -4 Accumulator before = 13.5
  [PE 4] Accumulator after  = 9.5
[DEBUG] Tile = 7, Mask = 0b11111111
  [PE 0] Weight = 57 Accumulator before = 25.75
  [PE 0] Accumulator after  = 18.75
  [PE 1] Weight = 48 Accumulator before = -21
  [PE 1] Accumulator after  = 27
  [PE 2] Weight = -232 Accumulator before = 13.75
  [PE 2] Accumulator after  = -26.25
  [PE 3] Weight = -27 Accumulator before = 28
  [PE 3] Accumulator after  = 1
  [PE 4] Weight = 32 Accumulator before = 9.5
  [PE 4] Accumulator after  = -22.5
[THRESHOLD DEBUG] acc=18.75 > threshold=1 => YES: SPIKE
[THRESHOLD DEBUG] acc=27 > threshold=1 => YES: SPIKE
[THRESHOLD DEBUG] acc=-26.25 > threshold=1 => NO: no spike
[THRESHOLD DEBUG] acc=1 > threshold=1 => YES: SPIKE
[THRESHOLD DEBUG] acc=-22.5 > threshold=1 => NO: no spike

Expected out words: 20 | Drained: 20 | Remaining: 0
INFO [HLS SIM]: The maximum depth reached by any hls::stream() instance in the design is 160
INFO: [SIM 1] CSim done with 0 errors.
INFO: [SIM 3] *************** CSIM finish ***************
