INFO-FLOW: Workspace /home/coder/Desktop/s2n2/finn-hlslib-lif/tb/hls-syn-pool/sol1 opened at Thu Jul 10 17:53:44 UTC 2025
Command     open_solution done; 0.99 sec.
Execute     set_part xczu3eg-sbva484-1-i 
Execute       ap_part_info -name xczu3eg-sbva484-1-i -data single -quiet 
Command       ap_part_info done; 1.5 sec.
Execute       ap_part_info -name xczu3eg-sbva484-1-i -data info 
Execute       add_library xilinx/zynquplus/zynquplus:xczu3eg:-sbva484:-1-i 
Execute         get_default_platform 
Execute         open_platform DefaultPlatform 
Execute         import_lib /tools/Xilinx2/Vivado/2020.1/common/technology/xilinx/zynquplus/zynquplus 
Execute           source /tools/Xilinx2/Vivado/2020.1/common/technology/xilinx/common/xilinx.lib 
Execute             source /tools/Xilinx2/Vivado/2020.1/common/technology/xilinx/interface/xilinx_interface.lib 
Execute               source /tools/Xilinx2/Vivado/2020.1/common/technology/xilinx/interface/plb46.lib 
Execute               source /tools/Xilinx2/Vivado/2020.1/common/technology/xilinx/interface/fsl.lib 
Execute               source /tools/Xilinx2/Vivado/2020.1/common/technology/xilinx/interface/axi4.lib 
Execute               source /tools/Xilinx2/Vivado/2020.1/common/technology/xilinx/interface/maxi.lib 
Execute               source /tools/Xilinx2/Vivado/2020.1/common/technology/xilinx/interface/saxilite.lib 
Execute             source /tools/Xilinx2/Vivado/2020.1/common/technology/xilinx/common/dsp48.lib 
Execute             source /tools/Xilinx2/Vivado/2020.1/common/technology/xilinx/ip/xfft.lib 
Execute             source /tools/Xilinx2/Vivado/2020.1/common/technology/xilinx/ip/dds_compiler.lib 
Execute             source /tools/Xilinx2/Vivado/2020.1/common/technology/xilinx/ip/xfir.lib 
Execute           source /tools/Xilinx2/Vivado/2020.1/common/technology/xilinx/common/xilinx.hlp 
Execute             source /tools/Xilinx2/Vivado/2020.1/common/technology/xilinx/common/target_info.tcl 
Execute             source /tools/Xilinx2/Vivado/2020.1/common/technology/xilinx/interface/xilinx_interface.hlp 
Execute               source /tools/Xilinx2/Vivado/2020.1/common/technology/xilinx/interface/maxi.hlp 
Execute               source /tools/Xilinx2/Vivado/2020.1/common/technology/xilinx/interface/saxilite.hlp 
Execute             source /tools/Xilinx2/Vivado/2020.1/common/technology/xilinx/common/dsp48.hlp 
Execute           source /tools/Xilinx2/Vivado/2020.1/common/technology/xilinx/zynquplus/dsp48e2.hlp 
Execute           source /tools/Xilinx2/Vivado/2020.1/common/technology/xilinx/common/xilinx.hlp 
Execute             source /tools/Xilinx2/Vivado/2020.1/common/technology/xilinx/common/target_info.tcl 
Execute             source /tools/Xilinx2/Vivado/2020.1/common/technology/xilinx/interface/xilinx_interface.hlp 
Execute               source /tools/Xilinx2/Vivado/2020.1/common/technology/xilinx/interface/maxi.hlp 
Execute               source /tools/Xilinx2/Vivado/2020.1/common/technology/xilinx/interface/saxilite.hlp 
Execute             source /tools/Xilinx2/Vivado/2020.1/common/technology/xilinx/common/dsp48.hlp 
Execute         source /tools/Xilinx2/Vivado/2020.1/common/technology/xilinx/zynquplus/zynquplus.gen 
Execute           source /tools/Xilinx2/Vivado/2020.1/common/technology/xilinx/common/xilinx.gen 
Execute             source /tools/Xilinx2/Vivado/2020.1/common/technology/xilinx/interface/plb46.gen 
Execute             source /tools/Xilinx2/Vivado/2020.1/common/technology/xilinx/interface/fsl.gen 
Execute             source /tools/Xilinx2/Vivado/2020.1/common/technology/xilinx/interface/axi4.gen 
Execute             source /tools/Xilinx2/Vivado/2020.1/common/technology/xilinx/interface/nativeAXI4.gen 
Execute               source /tools/Xilinx2/Vivado/2020.1/common/technology/xilinx/interface/saxilite.gen 
Execute               source /tools/Xilinx2/Vivado/2020.1/common/technology/xilinx/interface/maxi.gen 
Execute             source /tools/Xilinx2/Vivado/2020.1/common/technology/xilinx/scripts/xilinxcoregen.gen 
Execute             source /tools/Xilinx2/Vivado/2020.1/common/technology/xilinx/interface/XilEDKCoreGen.gen 
Execute             source /tools/Xilinx2/Vivado/2020.1/common/technology/xilinx/ip/dds_compiler.gen 
Execute             source /tools/Xilinx2/Vivado/2020.1/common/technology/xilinx/ip/util.gen 
Execute             source /tools/Xilinx2/Vivado/2020.1/common/technology/xilinx/ip/xfft.gen 
Execute             source /tools/Xilinx2/Vivado/2020.1/common/technology/xilinx/ip/xfir.gen 
Execute             source /tools/Xilinx2/Vivado/2020.1/common/technology/xilinx/common/dsp48.gen 
Command           ap_source done; 0.12 sec.
Command         ap_source done; 0.12 sec.
Execute         ap_part_info -data single -name xczu3eg-sbva484-1-i 
Execute         ap_part_info -name xczu3eg-sbva484-1-i -data resources 
Execute         ap_part_info -name xczu3eg-sbva484-1-i -data info 
Execute         ap_part_info -name xczu3eg-sbva484-1-i -data info 
Execute         config_chip_info -quiet -resource {SLICE 8820} {LUT 70560} {FF 141120} {DSP48E 360} {BRAM 432} {URAM 0} 
Execute         ap_part_info -name xczu3eg-sbva484-1-i -data info 
Execute         config_chip_info -quiet -speed slow 
Command       add_library done; 0.27 sec.
Execute       add_library xilinx/zynquplus/zynquplus_fpv7 
Execute         get_default_platform 
Execute         open_platform DefaultPlatform 
Execute         import_lib /tools/Xilinx2/Vivado/2020.1/common/technology/xilinx/zynquplus/zynquplus_fpv7 
Execute           source /tools/Xilinx2/Vivado/2020.1/common/technology/xilinx/common/xilinx_fp.lib 
Execute           source /tools/Xilinx2/Vivado/2020.1/common/technology/xilinx/common/xilinx_fp.hlp 
Execute             source /tools/Xilinx2/Vivado/2020.1/common/technology/xilinx/common/xilinx.hlp 
Execute               source /tools/Xilinx2/Vivado/2020.1/common/technology/xilinx/common/target_info.tcl 
Execute               source /tools/Xilinx2/Vivado/2020.1/common/technology/xilinx/interface/xilinx_interface.hlp 
Execute                 source /tools/Xilinx2/Vivado/2020.1/common/technology/xilinx/interface/maxi.hlp 
Execute                 source /tools/Xilinx2/Vivado/2020.1/common/technology/xilinx/interface/saxilite.hlp 
Execute               source /tools/Xilinx2/Vivado/2020.1/common/technology/xilinx/common/dsp48.hlp 
Execute         source /tools/Xilinx2/Vivado/2020.1/common/technology/xilinx/zynquplus/zynquplus_fpv7.gen 
Execute           source /tools/Xilinx2/Vivado/2020.1/common/technology/xilinx/common/xilinx_fp.gen 
INFO: [HLS 200-10] Setting target device to 'xczu3eg-sbva484-1-i'
Execute       ap_part_info -name xczu3eg-sbva484-1-i -data info 
Execute       get_default_platform 
Command     set_part done; 2.04 sec.
Execute     create_clock -period 5 -name default 
Execute       config_clock -quiet -name default -period 5 -default=false 
INFO: [SYN 201-201] Setting up clock 'default' with a period of 5ns.
Execute     csim_design 
INFO: [SIM 211-2] *************** CSIM start ***************
INFO: [SIM 211-4] CSIM will launch GCC as the compiler.
Execute       is_encrypted /home/coder/Desktop/s2n2/finn-hlslib-lif/tb/maxpool_tb.cpp 
Execute       is_xip /home/coder/Desktop/s2n2/finn-hlslib-lif/tb/maxpool_tb.cpp 
Execute       is_encrypted /home/coder/Desktop/s2n2/finn-hlslib-lif/tb/pool_top.cpp 
Execute       is_xip /home/coder/Desktop/s2n2/finn-hlslib-lif/tb/pool_top.cpp 
Execute       ap_part_info -name xczu3eg-sbva484-1-i -data info 
Execute       source run_sim.tcl 
INFO: [SIM 211-1] CSim done with 0 errors.
INFO: [SIM 211-3] *************** CSIM finish ***************
Command     csim_design done; 3.27 sec.
Execute     csynth_design 
Execute       get_config_compile -dump_cfg 
Execute       get_config_compile -effort 
Execute       get_config_compile -enable_clang39 
Execute       get_config_compile -g 
Execute       get_config_compile -ng 
Execute       get_config_compile -opt_fp 
Execute       get_config_compile -skip_cdt 
Execute       get_config_compile -skip_syncheck 
Execute       get_config_compile -skip_transform 
Execute       get_config_compile -keep_printf 
Execute       elaborate -effort=medium -skip_syncheck=0 -keep_printf=0 -skip_cdt=0 -skip_transform=0 -ng=0 -g=0 -opt_fp=0 -from_csynth_design=1 
Execute         get_config_schedule -relax_ii_for_timing 
INFO: [SCHED 204-61] Option 'relax_ii_for_timing' is enabled, will increase II to preserve clock frequency constraints.
Execute         get_config_schedule -suppress_dependence_error_break 
INFO: [HLS 200-10] Analyzing design file 'pool_top.cpp' ... 
INFO-FLOW: Compiling one TU...
Execute         is_m_axi_addr64 
INFO-FLOW: Handling pool_top.cpp as C++
Execute         ap_part_info -name xczu3eg-sbva484-1-i -data info 
Execute         is_encrypted pool_top.cpp 
Execute         ap_part_info -name xczu3eg-sbva484-1-i -data info 
INFO-FLOW: Running: GCC PP
INFO-FLOW: Source preprocessing
Execute         clang  -fno-limit-debug-info -gcc-toolchain "/tools/Xilinx2/Vivado/2020.1/lnx64/tools/gcc" -hls  -fno-exceptions  -D__llvm__  -E "pool_top.cpp"   -std=c++0x -I/home/coder/Desktop/s2n2/finn-hlslib-lif -I/home/coder/Desktop/s2n2/finn-hlslib-lif/tb  -fno-math-errno -c -emit-llvm -O0  -mllvm -disable-llvm-optzns -fno-threadsafe-statics  -fno-use-cxa-atexit  -fno-threadsafe-statics -fno-use-cxa-atexit -D__CLANG_3_1__ -DAESL_SYN -D__SYNTHESIS__ -D__HLS_SYN__ -I "/tools/Xilinx2/Vivado/2020.1/common/technology/autopilot" -I "/tools/Xilinx2/Vivado/2020.1/common/technology/autopilot/ap_sysc" -include etc/autopilot_ssdm_op.h -D__DSP48E2__  -o "/home/coder/Desktop/s2n2/finn-hlslib-lif/tb/hls-syn-pool/sol1/.autopilot/db/pool_top.pp.0.cpp" 
INFO-FLOW: exec /tools/Xilinx2/Vivado/2020.1/lnx64/tools/clang/bin/clang -fno-limit-debug-info -gcc-toolchain /tools/Xilinx2/Vivado/2020.1/lnx64/tools/gcc -hls -fno-exceptions -D__llvm__ -E pool_top.cpp -std=c++0x -I/home/coder/Desktop/s2n2/finn-hlslib-lif -I/home/coder/Desktop/s2n2/finn-hlslib-lif/tb -fno-math-errno -c -emit-llvm -O0 -mllvm -disable-llvm-optzns -fno-threadsafe-statics -fno-use-cxa-atexit -fno-threadsafe-statics -fno-use-cxa-atexit -D__CLANG_3_1__ -DAESL_SYN -D__SYNTHESIS__ -D__HLS_SYN__ -I /tools/Xilinx2/Vivado/2020.1/common/technology/autopilot -I /tools/Xilinx2/Vivado/2020.1/common/technology/autopilot/ap_sysc -include etc/autopilot_ssdm_op.h -D__DSP48E2__ -o /home/coder/Desktop/s2n2/finn-hlslib-lif/tb/hls-syn-pool/sol1/.autopilot/db/pool_top.pp.0.cpp
Command         clang done; 1.91 sec.
Execute         tidy_31 xilinx-xfmat-array-geometry /home/coder/Desktop/s2n2/finn-hlslib-lif/tb/hls-syn-pool/sol1/.autopilot/db/pool_top.pp.0.cpp std=c++0x 
INFO-FLOW: exec /tools/Xilinx2/Vivado/2020.1/lnx64/tools/clang-3.9-csynth/bin/tidy-3.1 -header-filter=.* -checks=-*,xilinx-xfmat-array-geometry -quiet -fix /home/coder/Desktop/s2n2/finn-hlslib-lif/tb/hls-syn-pool/sol1/.autopilot/db/pool_top.pp.0.cpp -- -std=c++0x -fhls -ferror-limit=0
Command         tidy_31 done; 0.86 sec.
INFO-FLOW: Syntax Checking before pre-processing...
Execute         clang -syntaxcheck -src /home/coder/Desktop/s2n2/finn-hlslib-lif/tb/hls-syn-pool/sol1/.autopilot/db/pool_top.pp.0.cpp  -fno-limit-debug-info -gcc-toolchain "/tools/Xilinx2/Vivado/2020.1/lnx64/tools/gcc" -hls  -std=c++0x -I/home/coder/Desktop/s2n2/finn-hlslib-lif -I/home/coder/Desktop/s2n2/finn-hlslib-lif/tb  -fno-math-errno -c -emit-llvm -O0  -mllvm -disable-llvm-optzns -fno-threadsafe-statics  -fno-use-cxa-atexit  -fno-threadsafe-statics -fno-use-cxa-atexit -D__CLANG_3_1__ -DAESL_SYN -D__SYNTHESIS__ -D__HLS_SYN__ -I "/tools/Xilinx2/Vivado/2020.1/common/technology/autopilot" -I "/tools/Xilinx2/Vivado/2020.1/common/technology/autopilot/ap_sysc" -include etc/autopilot_ssdm_op.h -D__DSP48E2__  "/home/coder/Desktop/s2n2/finn-hlslib-lif/tb/hls-syn-pool/sol1/.autopilot/db/pool_top.pp.0.cpp"  -o "/home/coder/Desktop/s2n2/finn-hlslib-lif/tb/hls-syn-pool/sol1/.autopilot/db/useless.bc"  
INFO-FLOW: exec /tools/Xilinx2/Vivado/2020.1/lnx64/tools/clang/bin/clang -fno-limit-debug-info -gcc-toolchain /tools/Xilinx2/Vivado/2020.1/lnx64/tools/gcc -hls -std=c++0x -I/home/coder/Desktop/s2n2/finn-hlslib-lif -I/home/coder/Desktop/s2n2/finn-hlslib-lif/tb -fno-math-errno -c -emit-llvm -O0 -mllvm -disable-llvm-optzns -fno-threadsafe-statics -fno-use-cxa-atexit -fno-threadsafe-statics -fno-use-cxa-atexit -D__CLANG_3_1__ -DAESL_SYN -D__SYNTHESIS__ -D__HLS_SYN__ -I /tools/Xilinx2/Vivado/2020.1/common/technology/autopilot -I /tools/Xilinx2/Vivado/2020.1/common/technology/autopilot/ap_sysc -include etc/autopilot_ssdm_op.h -D__DSP48E2__ /home/coder/Desktop/s2n2/finn-hlslib-lif/tb/hls-syn-pool/sol1/.autopilot/db/pool_top.pp.0.cpp -o /home/coder/Desktop/s2n2/finn-hlslib-lif/tb/hls-syn-pool/sol1/.autopilot/db/useless.bc
Command         clang done; 2.25 sec.
INFO-FLOW: Done: GCC PP time: 5 seconds per iteration
Execute         source /tools/Xilinx2/Vivado/2020.1/tps/tcl/tcllib1.11.1/yaml/huddle.tcl 
Execute         source /tools/Xilinx2/Vivado/2020.1/tps/tcl/tcllib1.11.1/yaml/json2huddle.tcl 
Execute           source /tools/Xilinx2/Vivado/2020.1/tps/tcl/tcllib1.11.1/try/try.tcl 
Execute         list_core -type functional_unit 
Execute         tidy_31 xilinx-systemc-detector /home/coder/Desktop/s2n2/finn-hlslib-lif/tb/hls-syn-pool/sol1/.autopilot/db/pool_top.pp.0.cpp std=c++0x -directive=/home/coder/Desktop/s2n2/finn-hlslib-lif/tb/hls-syn-pool/sol1/.autopilot/db/.systemc_flag 
INFO-FLOW: exec /tools/Xilinx2/Vivado/2020.1/lnx64/tools/clang-3.9-csynth/bin/tidy-3.1 -header-filter=.* -checks=-*,xilinx-systemc-detector -import-directive=/home/coder/Desktop/s2n2/finn-hlslib-lif/tb/hls-syn-pool/sol1/.autopilot/db/.systemc_flag -quiet -fix-errors /home/coder/Desktop/s2n2/finn-hlslib-lif/tb/hls-syn-pool/sol1/.autopilot/db/pool_top.pp.0.cpp -- -std=c++0x -fhls -ferror-limit=0
Command         tidy_31 done; 0.77 sec.
INFO-FLOW: Running: tidy-3.1 CDT preprocess
Execute         tidy_31 xilinx-directive2pragma /home/coder/Desktop/s2n2/finn-hlslib-lif/tb/hls-syn-pool/sol1/.autopilot/db/pool_top.pp.0.cpp std=c++0x -directive=/home/coder/Desktop/s2n2/finn-hlslib-lif/tb/hls-syn-pool/sol1/.autopilot/db/all.directive.json 
INFO-FLOW: exec /tools/Xilinx2/Vivado/2020.1/lnx64/tools/clang-3.9-csynth/bin/tidy-3.1 -header-filter=.* -checks=-*,xilinx-directive2pragma -import-directive=/home/coder/Desktop/s2n2/finn-hlslib-lif/tb/hls-syn-pool/sol1/.autopilot/db/all.directive.json -quiet -fix-errors /home/coder/Desktop/s2n2/finn-hlslib-lif/tb/hls-syn-pool/sol1/.autopilot/db/pool_top.pp.0.cpp -- -std=c++0x -fhls -ferror-limit=0
Command         tidy_31 done; 0.77 sec.
Execute         get_config_dataflow -strict_mode 
Execute         ap_eval exec -ignorestderr /tools/Xilinx2/Vivado/2020.1/lnx64/tools/clang-3.9-csynth/bin/xilinx-dataflow-lawyer -export-fixes=/home/coder/Desktop/s2n2/finn-hlslib-lif/tb/hls-syn-pool/sol1/.autopilot/db/xilinx-dataflow-lawyer.pool_top.pp.0.cpp.diag.yml /home/coder/Desktop/s2n2/finn-hlslib-lif/tb/hls-syn-pool/sol1/.autopilot/db/pool_top.pp.0.cpp -- -std=c++0x -fhls -ferror-limit=0 -fstrict-dataflow > /home/coder/Desktop/s2n2/finn-hlslib-lif/tb/hls-syn-pool/sol1/.autopilot/db/xilinx-dataflow-lawyer.pool_top.pp.0.cpp.out.log 2> /home/coder/Desktop/s2n2/finn-hlslib-lif/tb/hls-syn-pool/sol1/.autopilot/db/xilinx-dataflow-lawyer.pool_top.pp.0.cpp.err.log 
Command         ap_eval done; 0.86 sec.
Execute         tidy_31 -errorcheck xilinx-constantarray-param,xilinx-resource-pragma-transformer,xilinx-xfmat-array-geometry /home/coder/Desktop/s2n2/finn-hlslib-lif/tb/hls-syn-pool/sol1/.autopilot/db/pool_top.pp.0.cpp std=c++0x 
Execute           ap_eval exec -ignorestderr /tools/Xilinx2/Vivado/2020.1/lnx64/tools/clang-3.9-csynth/bin/tidy-3.1 -export-fixes=/home/coder/Desktop/s2n2/finn-hlslib-lif/tb/hls-syn-pool/sol1/.autopilot/db/tidy-3.1.pool_top.pp.0.cpp.diag.yml -header-filter=.* -checks=-*,xilinx-constantarray-param,xilinx-resource-pragma-transformer,xilinx-xfmat-array-geometry -quiet -fix-errors /home/coder/Desktop/s2n2/finn-hlslib-lif/tb/hls-syn-pool/sol1/.autopilot/db/pool_top.pp.0.cpp -- -std=c++0x -fhls -ferror-limit=0 > /home/coder/Desktop/s2n2/finn-hlslib-lif/tb/hls-syn-pool/sol1/.autopilot/db/tidy-3.1.pool_top.pp.0.cpp.out.log 2> /home/coder/Desktop/s2n2/finn-hlslib-lif/tb/hls-syn-pool/sol1/.autopilot/db/tidy-3.1.pool_top.pp.0.cpp.err.log 
Command           ap_eval done; 0.99 sec.
Execute           ap_eval exec -ignorestderr /tools/Xilinx2/Vivado/2020.1/lnx64/tools/clang-3.9-csynth/bin/xilinx-legacy-rewriter /home/coder/Desktop/s2n2/finn-hlslib-lif/tb/hls-syn-pool/sol1/.autopilot/db/pool_top.pp.0.cpp -- -std=c++0x -fhls -ferror-limit=0 > /home/coder/Desktop/s2n2/finn-hlslib-lif/tb/hls-syn-pool/sol1/.autopilot/db/xilinx-legacy-rewriter.pool_top.pp.0.cpp.out.log 2> /home/coder/Desktop/s2n2/finn-hlslib-lif/tb/hls-syn-pool/sol1/.autopilot/db/xilinx-legacy-rewriter.pool_top.pp.0.cpp.err.log 
Command           ap_eval done; 0.67 sec.
Command         tidy_31 done; 1.66 sec.
INFO-FLOW: Done: tidy-3.1 CDT preprocess time: 3.3 seconds per iteration
INFO-FLOW: Pragma Handling...
Execute         tidy_31 xilinx-ssdm-intrinsics-arguments /home/coder/Desktop/s2n2/finn-hlslib-lif/tb/hls-syn-pool/sol1/.autopilot/db/pool_top.pragma.1.cpp std=c++0x 
INFO-FLOW: exec /tools/Xilinx2/Vivado/2020.1/lnx64/tools/clang-3.9-csynth/bin/tidy-3.1 -header-filter=.* -checks=-*,xilinx-ssdm-intrinsics-arguments -quiet -fix-errors /home/coder/Desktop/s2n2/finn-hlslib-lif/tb/hls-syn-pool/sol1/.autopilot/db/pool_top.pragma.1.cpp -- -std=c++0x -fhls -ferror-limit=0
Command         tidy_31 done; 1.5 sec.
Execute         ap_part_info -name xczu3eg-sbva484-1-i -data info 
INFO-FLOW: Processing labels
Execute         clang -src /home/coder/Desktop/s2n2/finn-hlslib-lif/tb/hls-syn-pool/sol1/.autopilot/db/pool_top.pragma.2.cpp  -fno-limit-debug-info -gcc-toolchain /tools/Xilinx2/Vivado/2020.1/lnx64/tools/gcc -hls -hls-analyze-label -hls-analyze-pragma -fno-exceptions  -D__llvm__  -w  "/home/coder/Desktop/s2n2/finn-hlslib-lif/tb/hls-syn-pool/sol1/.autopilot/db/pool_top.pragma.2.cpp"  -std=c++0x -I/home/coder/Desktop/s2n2/finn-hlslib-lif -I/home/coder/Desktop/s2n2/finn-hlslib-lif/tb  -fno-math-errno -c -emit-llvm -O0  -mllvm -disable-llvm-optzns -fno-threadsafe-statics  -fno-use-cxa-atexit -DAESL_SYN -D__SYNTHESIS__ -D__HLS_SYN__ -I "/tools/Xilinx2/Vivado/2020.1/common/technology/autopilot" -I "/tools/Xilinx2/Vivado/2020.1/common/technology/autopilot/ap_sysc" -include etc/autopilot_ssdm_op.h -D__DSP48E2__ -g -o "/home/coder/Desktop/s2n2/finn-hlslib-lif/tb/hls-syn-pool/sol1/.autopilot/db/pool_top.bc" 
INFO-FLOW: exec /tools/Xilinx2/Vivado/2020.1/lnx64/tools/clang/bin/clang -fno-limit-debug-info -gcc-toolchain /tools/Xilinx2/Vivado/2020.1/lnx64/tools/gcc -hls -hls-analyze-label -hls-analyze-pragma -fno-exceptions -D__llvm__ -w /home/coder/Desktop/s2n2/finn-hlslib-lif/tb/hls-syn-pool/sol1/.autopilot/db/pool_top.pragma.2.cpp -std=c++0x -I/home/coder/Desktop/s2n2/finn-hlslib-lif -I/home/coder/Desktop/s2n2/finn-hlslib-lif/tb -fno-math-errno -c -emit-llvm -O0 -mllvm -disable-llvm-optzns -fno-threadsafe-statics -fno-use-cxa-atexit -DAESL_SYN -D__SYNTHESIS__ -D__HLS_SYN__ -I /tools/Xilinx2/Vivado/2020.1/common/technology/autopilot -I /tools/Xilinx2/Vivado/2020.1/common/technology/autopilot/ap_sysc -include etc/autopilot_ssdm_op.h -D__DSP48E2__ -g -o /home/coder/Desktop/s2n2/finn-hlslib-lif/tb/hls-syn-pool/sol1/.autopilot/db/pool_top.bc
Command         clang done; 2.29 sec.
INFO-FLOW: Linking Debug ...
Execute         llvm-ld /home/coder/Desktop/s2n2/finn-hlslib-lif/tb/hls-syn-pool/sol1/.autopilot/db/pool_top.g.bc -hls-opt -except-internalize Testbench_pool -L/tools/Xilinx2/Vivado/2020.1/lnx64/lib -lhlsm -lhlsmc++ -o /home/coder/Desktop/s2n2/finn-hlslib-lif/tb/hls-syn-pool/sol1/.autopilot/db/a.g 
Command         llvm-ld done; 0.93 sec.
INFO: [HLS 200-111] Finished Linking Time (s): cpu = 00:00:19 ; elapsed = 00:00:22 . Memory (MB): peak = 1629.574 ; gain = 1227.754 ; free physical = 86554 ; free virtual = 253434
INFO: [HLS 200-111] Finished Checking Pragmas Time (s): cpu = 00:00:19 ; elapsed = 00:00:22 . Memory (MB): peak = 1629.574 ; gain = 1227.754 ; free physical = 86554 ; free virtual = 253434
Execute         get_config_sdx -target 
Execute         opt_and_import_c a -opt_level=2 -skip_syncheck=0 -ng=0 -keep_printf=0 
Execute           cleanup_all_models 
INFO: [HLS 200-10] Starting code transformations ...
Execute           transform -promote-dbg-pointer /home/coder/Desktop/s2n2/finn-hlslib-lif/tb/hls-syn-pool/sol1/.autopilot/db/a.pp.bc -o /home/coder/Desktop/s2n2/finn-hlslib-lif/tb/hls-syn-pool/sol1/.autopilot/db/a.pp.0.bc -f 
Execute           llvm-ld /home/coder/Desktop/s2n2/finn-hlslib-lif/tb/hls-syn-pool/sol1/.autopilot/db/a.pp.0.bc -disable-opt -L/tools/Xilinx2/Vivado/2020.1/lnx64/lib -lfloatconversion -o /home/coder/Desktop/s2n2/finn-hlslib-lif/tb/hls-syn-pool/sol1/.autopilot/db/a.g.0 
Command           llvm-ld done; 0.94 sec.
INFO-FLOW: Running Standard Transforms...
Execute           transform -hls -share-std-xform -demangle-name -inline-byval-memcpy -always-inline -stream-depth-lower -promote-dbg-pointer -interface-preproc -mem2reg -scalarrepl -mem2reg -keep-read-access -instcombine -dce -promote-dbg-pointer -bitop-raise -loop-simplify -indvarspre -indvars -loop-simplify -xunroll -constprop -instcombine -simplifycfg -indvars -simplifycfg -dce -globaldce -basicaa -simplifycfg -mem2reg -globalopt -global-constprop -deadargelim -instcombine -simplifycfg -prune-eh -simplifycfg -scalarrepl -instcombine -reassociate -licm -simplifycfg -loop-simplify -indvars -instcombine -simplifycfg -mem2reg -loop-simplify -indvars -instcombine -gvn -gvn -instcombine -adce -break-crit-edges -simplifycfg -loop-delete -global-array-opt -dce -dse -adce -find-syn-modules -top Testbench_pool -deadargelim -mem2reg -instcombine -dce -presyn-prepare -auto-rom-infer -interface-preproc -syn-check -check-rec-only -find-region -simplifycfg -func-extr -function-inline -globaldce -mem2reg -instcombine -dce -gvn -globaldce -adce -adse -constprop -instcombine -bit-constprop -instcombine -dce -simplifycfg -bitop-raise -simplifycfg -dce -loop-delete -reassociate -globalopt -global-privatize -mem2reg -dce -global-constprop -pointer-simplify -constprop -dce -func-inst -deadargelim -auto-shift-reg-idiom -promote-dbg-pointer -norm-name /home/coder/Desktop/s2n2/finn-hlslib-lif/tb/hls-syn-pool/sol1/.autopilot/db/a.g.0.bc -o /home/coder/Desktop/s2n2/finn-hlslib-lif/tb/hls-syn-pool/sol1/.autopilot/db/a.g.1.bc -f -phase std-opt 
INFO: [XFORM 203-603] Inlining function 'WidthAdjustedInputStream<48u, 48u, 256u>::operator hls::stream<ap_uint<48>, 0>&' into 'StreamingMaxPool_Precision_Batch<16u, 2u, 16u, ap_uint<3>, 0, 48, 48>' (/home/coder/Desktop/s2n2/finn-hlslib-lif/maxpool.h:214).
INFO: [XFORM 203-603] Inlining function 'WidthAdjustedOutputStream<48u, 48u, 64u>::operator hls::stream<ap_uint<48>, 0>&' into 'StreamingMaxPool_Precision_Batch<16u, 2u, 16u, ap_uint<3>, 0, 48, 48>' (/home/coder/Desktop/s2n2/finn-hlslib-lif/maxpool.h:215).
INFO: [XFORM 203-603] Inlining function 'StreamingMaxPool_Precision_Batch<16u, 2u, 16u, ap_uint<3>, 0, 48, 48>' into 'Testbench_pool' (pool_top.cpp:50).
Command           transform done; 0.22 sec.
INFO: [HLS 200-111] Finished Standard Transforms Time (s): cpu = 00:00:20 ; elapsed = 00:00:24 . Memory (MB): peak = 1629.574 ; gain = 1227.754 ; free physical = 86546 ; free virtual = 253427
INFO: [HLS 200-10] Checking synthesizability ...
INFO-FLOW: Checking Synthesizability 1/2..
Execute           transform -hls -syn-check -check-rec-only -disaggr -scalarrepl -norm-name -dce -mem2reg -instcombine -function-uniquify -directive-preproc -mem2reg -dse -dce -auto-rom-infer -dce -pag -array-normalize -instcombine -dce -warn-fifo-pointer -array-seg-normalize -instcombine -dce -array-flatten -instcombine -dce -array-burst -dce -deadargelim -promote-global-argument -simplifycfg -mem2reg -globaldce -dce -deadargelim -dce -instcombine -function-inline -globaldce -dce -doublePtrSimplify -doublePtrElim -dce -doublePtrSimplify -promote-dbg-pointer -dce -scalarrepl -dse -adse -instcombine -ptrLegalization -simplifycfg -dce -instcombine -pointer-simplify -ptrArgReplace -dce -instcombine -resolve-double-ptr -disaggr -scalarrepl -norm-name -dce -mem2reg -instcombine -ptrLegalization -simplifycfg -deadargelim -instcombine -dce -inst-simplify -function-uniquify -directive-preproc -mem2reg -dse -dce -globaldce -check-dspbuiltin /home/coder/Desktop/s2n2/finn-hlslib-lif/tb/hls-syn-pool/sol1/.autopilot/db/a.g.1.bc -o /home/coder/Desktop/s2n2/finn-hlslib-lif/tb/hls-syn-pool/sol1/.autopilot/db/a.g.2.prechk.bc -f 
INFO-FLOW: Checking Synthesizability 2/2..
Execute           transform -syn-check /home/coder/Desktop/s2n2/finn-hlslib-lif/tb/hls-syn-pool/sol1/.autopilot/db/a.g.2.prechk.bc -o /home/coder/Desktop/s2n2/finn-hlslib-lif/tb/hls-syn-pool/sol1/.autopilot/db/a.g.2.bc -f -phase syn-check 
WARNING: [SYNCHK 200-23] /home/coder/Desktop/s2n2/finn-hlslib-lif/maxpool.h:163: variable-indexed range selection may cause suboptimal QoR.
INFO: [SYNCHK 200-10] 0 error(s), 1 warning(s).
INFO: [HLS 200-111] Finished Checking Synthesizability Time (s): cpu = 00:00:20 ; elapsed = 00:00:24 . Memory (MB): peak = 1629.574 ; gain = 1227.754 ; free physical = 86553 ; free virtual = 253434
INFO-FLOW: Compiler optimizing ...
INFO-FLOW: Share syncheck's 1.bc for syn flow: copy /home/coder/Desktop/s2n2/finn-hlslib-lif/tb/hls-syn-pool/sol1/.autopilot/db/a.g.1.bc to /home/coder/Desktop/s2n2/finn-hlslib-lif/tb/hls-syn-pool/sol1/.autopilot/db/a.o.1.bc
INFO-FLOW: Presyn 1...
Execute           transform -hls -tmp /home/coder/Desktop/s2n2/finn-hlslib-lif/tb/hls-syn-pool/sol1/.autopilot/db -interface-port-rename -type-info -function-uniquify -directive-preproc -mem2reg -dse -dce -disaggr -scalarrepl -norm-name -deadargelim -mem2reg -instcombine -dce -simplifycfg -auto-rom-infer -dce -function-uniquify -resource-proc -clib-intrinsic-prepare -dce -func-buffer -dce -pag -array-normalize -func-legal -instcombine -gvn -constprop -dce -simplifycfg -mem2reg -globaldce -resolve-double-ptr -dce -deadargelim -dce -instcombine -ptrArgReplace -mem2reg -dce -array-seg-normalize -deadargelim -instcombine -dce -pointer-simplify -dce -port-alignment -dce -interface-preproc -data-pack -instcombine -dce -basicaa -aggr-aa -aggrmodref-aa -aggr-aa -gvn -gvn -basicaa -aggr-aa -aggrmodref-aa -aggr-aa -dse -adse -adce -loop-simplify -indvars -instcombine -gvn -loop-simplify -mem2reg -dce -find-region -instcombine -auto-loop-pipeline -inst-simplify -interface-preproc -cfgopt -instcombine -indvars -auto-loop-unroll -loop-simplify -loop-bound -xunroll -constprop -instcombine -simplifycfg -indvars -simplifycfg -dce -globaldce -clean-region -attach-range -gvn -inst-simplify -constprop -simplifycfg -dce -pointer-simplify -dce -globalopt -constprop -dce -array-promote -constprop -dce -ptrArgReplace -mem2reg -simplifycfg -dce -auto-par -instcombine -dce -array-transform-check -array-reshape -instcombine -simplifycfg -dce -ptrArgReplace -deadargelim -mem2reg -instcombine -simplifycfg -dce -indvars -loop-simplify -loop-bound -xunroll -constprop -instcombine -simplifycfg -indvars -simplifycfg -dce -globaldce -basicaa -aggr-aa -aggrmodref-aa -aggr-aa -dse -duplicate-dataflow-processes -globaldce -instcombine -array-partition -instcombine -simplifycfg -dce -ptrArgReplace -global-constprop -deadargelim -mem2reg -func-legal -dce -global-constprop -deadargelim -mem2reg -simplifycfg -dce -merge-param -deadargelim -globalopt -constprop -dce -array-promote -constprop -dce -ptrArgReplace -mem2reg -simplifycfg -dce -mem-intrinsic-preproc -dce -global-internalize -global-privatize -mem2reg -globaldce -promote-global-argument -ptrArgReplace -mem2reg -dce -globalopt -mergereturn -simplify-global-access -mem2reg -dce -pointer-simplify -dce -functionattrs -basicaa -aggr-aa -aggrmodref-aa -aggr-aa -gvn -gvn -basicaa -aggr-aa -aggrmodref-aa -aggr-aa -dse -adse -adce -dce -norm-name -function-inline -complex-op-raise -inst-simplify -globaldce -func-inst -constprop -instcombine -simplifycfg -dce -func-legal -dce -loop-bound -arraycheck -bitwidthmin -on-by-dataflow -loop-delete -instcombine -simplifycfg -globaldce -dce -gvn -deadargelim -dce -loop-simplify -clean-region -simplifycfg -propagate-stable-arguments -loop-stream -instcombine -simplifycfg -dce -globaldce -duplicate-dataflow-processes -stream-intrinsic-preproc -dce -check-ap-stream -loop-simplify -eliminate-keepreads -extract-dataflow-in-loop -loop-simplify -dce -gvn -deadargelim -dse -check-dataflow-syntax -legalize-stream-variable -legalize-global -extract-subproc -dce -dead-channel-elimination -canonicalize-gep -globaldce -dce -gvn -deadargelim -annotate-dataflow-channels -scalar-propagation -deadargelim -globaldce -mem2reg -check-dataflow-channels -function-stream -dce -globaldce -prop-fifo-spec -internal-stream-gen -canonicalize-gep -globaldce -dce -gvn -deadargelim -mergereturn -indvars -loop-simplify -instcombine -array-stream -array-seg-normalize -array-partition -func-legal -instcombine -simplifycfg -dce -bundle-memfifo-ops -deadargelim -function-uniquify -directive-preproc -mem2reg -dse -dce -group-axi-access -licm -simplifycfg -dce -loop-delete -norm-name /home/coder/Desktop/s2n2/finn-hlslib-lif/tb/hls-syn-pool/sol1/.autopilot/db/a.o.1.bc -o /home/coder/Desktop/s2n2/finn-hlslib-lif/tb/hls-syn-pool/sol1/.autopilot/db/a.o.1.tmp.bc -f 
INFO: [XFORM 203-502] Unrolling all sub-loops inside loop 'Loop-2.1.1.1' (/home/coder/Desktop/s2n2/finn-hlslib-lif/maxpool.h:156) in function 'StreamingMaxPool_Precision<16u, 2u, 16u, ap_uint<3>, 0, 48>' for pipelining.
INFO: [HLS 200-489] Unrolling loop 'Loop-1.1' (/home/coder/Desktop/s2n2/finn-hlslib-lif/maxpool.h:146) in function 'StreamingMaxPool_Precision<16u, 2u, 16u, ap_uint<3>, 0, 48>' completely with a factor of 16.
INFO: [HLS 200-489] Unrolling loop 'Loop-2.1.1.1.1' (/home/coder/Desktop/s2n2/finn-hlslib-lif/maxpool.h:159) in function 'StreamingMaxPool_Precision<16u, 2u, 16u, ap_uint<3>, 0, 48>' completely with a factor of 16.
INFO: [HLS 200-489] Unrolling loop 'Loop-2.2.1' (/home/coder/Desktop/s2n2/finn-hlslib-lif/maxpool.h:173) in function 'StreamingMaxPool_Precision<16u, 2u, 16u, ap_uint<3>, 0, 48>' completely with a factor of 16.
INFO: [XFORM 203-101] Partitioning array 'buf.V' (/home/coder/Desktop/s2n2/finn-hlslib-lif/maxpool.h:143) in dimension 2 completely.
Command           transform done; 0.45 sec.
INFO-FLOW: Presyn 2...
Execute           transform -hls -keep-callgraph -scalarrepl -mem2reg -port-alignment -attach-range -dce -pipe-mux-gen -indvars -loop-bound -inst-simplify -instcombine -dce -merge-array-access -mem2reg -dce -clean-region -mergereturn -if-conv -instcombine -dce -constprop -basicaa -aggr-aa -aggrmodref-aa -aggr-aa -gvn -gvn -basicaa -aggr-aa -aggrmodref-aa -aggr-aa -dse -adse -adce -scalarrepl -mem2reg -global-constprop -deadargelim -deadargelim -instcombine -dce -simplifycfg -ptrArgReplace -mem2reg -function-inline -globaldce -mem2reg -instcombine -dce -expr-balance -instcombine -dce -bitwidthmin -interface-preproc -directive-preproc -inst-rectify -instcombine -dce -functionattrs -constprop -instcombine -bit-constprop -simplify-global-access -globalopt -globaldce -inst-simplify -instcombine -elimdeaddata -dce -loop-delete -simplifycfg -loop-simplify -auto-burst -norm-name /home/coder/Desktop/s2n2/finn-hlslib-lif/tb/hls-syn-pool/sol1/.autopilot/db/a.o.1.tmp.bc -o /home/coder/Desktop/s2n2/finn-hlslib-lif/tb/hls-syn-pool/sol1/.autopilot/db/a.o.2.bc -f -phase presyn 
Command           transform done; 0.11 sec.
INFO: [HLS 200-111] Finished Pre-synthesis Time (s): cpu = 00:00:20 ; elapsed = 00:00:25 . Memory (MB): peak = 1629.574 ; gain = 1227.754 ; free physical = 86456 ; free virtual = 253338
INFO-FLOW: Building ssdm...
Execute           transform -hls -function-uniquify -auto-function-inline -globaldce -ptrArgReplace -mem2reg -dce -reset-lda -loop-simplify -indvars -licm -loop-dep -loop-bound -licm -loop-simplify -flattenloopnest -array-flatten -gvn -instcombine -dce -array-map -dce -func-legal -gvn -adce -instcombine -cfgopt -simplifycfg -loop-simplify -array-burst -promote-global-argument -dce -ptrLegalization -axi4-lower -array-seg-normalize -basicaa -aggrmodref-aa -globalsmodref-aa -aggr-aa -gvn -gvn -basicaa -aggrmodref-aa -globalsmodref-aa -aggr-aa -dse -adse -adce -licm -inst-simplify -dce -globaldce -instcombine -array-stream -eliminate-keepreads -instcombine -dce -deadargelim -doublePtrSimplify -doublePtrElim -dce -doublePtrSimplify -promote-dbg-pointer -dce -scalarrepl -mem2reg -disaggr -norm-name -mem2reg -instcombine -dse -adse -adce -ptrLegalization -dce -auto-rom-infer -array-flatten -dce -instcombine -check-doubleptr -loop-rot -constprop -cfgopt -simplifycfg -loop-simplify -indvars -pointer-simplify -dce -loop-bound -loop-simplify -loop-preproc -constprop -global-constprop -gvn -mem2reg -instcombine -dce -loop-bound -loop-merge -dce -bitwidthmin -deadargelim -dce -canonicalize-dataflow -dce -scalar-propagation -deadargelim -globaldce -mem2reg -read-loop-dep -interface-preproc -directive-preproc -interface-gen -bram-byte-enable -deadargelim -inst-simplify -dce -gvn -mem2reg -instcombine -dce -adse -loop-bound -instcombine -cfgopt -simplifycfg -loop-simplify -clean-region -io-protocol -find-region -mem2reg -bitop-raise -complex-op-raise -inst-simplify -inst-rectify -instcombine -adce -deadargelim -loop-simplify -phi-opt -bitop-raise -cfgopt -simplifycfg -strip-dead-prototypes -interface-lower -bitop-lower -intrinsic-lower -auto-function-inline -basicaa -aggrmodref-aa -globalsmodref-aa -aggr-aa -inst-simplify -simplifycfg -loop-simplify -mergereturn -inst-simplify -inst-rectify -dce -load-elim -bitop-lower -loop-rewind -pointer-simplify -dce -cfgopt -dce -loop-bound -loop-dep -read-loop-dep -dce -check-stream -norm-name -legalize -validate-dataflow -inst-clarity -bitwidth -dump-loop-dep-to-ir -check-all-ssdm -cdfg-build /home/coder/Desktop/s2n2/finn-hlslib-lif/tb/hls-syn-pool/sol1/.autopilot/db/a.o.2.bc -o /home/coder/Desktop/s2n2/finn-hlslib-lif/tb/hls-syn-pool/sol1/.autopilot/db/a.o.3.bc -f -phase build-ssdm 
INFO: [XFORM 203-541] Flattening a loop nest 'Loop-2.1.1' (/home/coder/Desktop/s2n2/finn-hlslib-lif/maxpool.h:154:31) in function 'StreamingMaxPool_Precision<16u, 2u, 16u, ap_uint<3>, 0, 48>'.
INFO: [XFORM 203-541] Flattening a loop nest 'Loop-2.1' (/home/coder/Desktop/s2n2/finn-hlslib-lif/maxpool.h:153:29) in function 'StreamingMaxPool_Precision<16u, 2u, 16u, ap_uint<3>, 0, 48>'.
WARNING: [XFORM 203-542] Cannot flatten a loop nest 'Loop-2' (/home/coder/Desktop/s2n2/finn-hlslib-lif/maxpool.h:152:27) in function 'StreamingMaxPool_Precision<16u, 2u, 16u, ap_uint<3>, 0, 48>' : 

more than one sub loop.
WARNING: [XFORM 203-631] Renaming function 'StreamingMaxPool_Precision<16u, 2u, 16u, ap_uint<3>, 0, 48>' to 'StreamingMaxPool_Pre' (/home/coder/Desktop/s2n2/finn-hlslib-lif/maxpool.h:143:49)
INFO: [HLS 200-472] Inferring partial write operation for 'buf[0].V' (/home/coder/Desktop/s2n2/finn-hlslib-lif/maxpool.h:148:2)
INFO: [HLS 200-472] Inferring partial write operation for 'buf[0].V' (/home/coder/Desktop/s2n2/finn-hlslib-lif/maxpool.h:166:15)
INFO: [HLS 200-472] Inferring partial write operation for 'buf[0].V' (/home/coder/Desktop/s2n2/finn-hlslib-lif/maxpool.h:179:9)
Command           transform done; 0.59 sec.
INFO: [HLS 200-111] Finished Architecture Synthesis Time (s): cpu = 00:00:20 ; elapsed = 00:00:25 . Memory (MB): peak = 1629.574 ; gain = 1227.754 ; free physical = 86529 ; free virtual = 253411
INFO-FLOW: Finish building internal data model.
Command         opt_and_import_c done; 2.86 sec.
Command       elaborate done; 17.37 sec.
Execute       autosyn -from_csynth_design=1 
INFO: [HLS 200-10] Starting hardware synthesis ...
INFO-FLOW: Synthesizing C/C++ design ...
INFO: [HLS 200-10] Synthesizing 'Testbench_pool' ...
Execute         ap_set_top_model Testbench_pool 
Execute         get_model_list Testbench_pool -filter all-wo-channel -topdown 
Execute         preproc_iomode -model Testbench_pool 
Execute         preproc_iomode -model StreamingMaxPool_Pre 
Execute         get_model_list Testbench_pool -filter all-wo-channel 
INFO-FLOW: Model list for configure: StreamingMaxPool_Pre Testbench_pool
INFO-FLOW: Configuring Module : StreamingMaxPool_Pre ...
Execute         set_default_model StreamingMaxPool_Pre 
Execute         apply_spec_resource_limit StreamingMaxPool_Pre 
INFO-FLOW: Configuring Module : Testbench_pool ...
Execute         set_default_model Testbench_pool 
Execute         apply_spec_resource_limit Testbench_pool 
INFO-FLOW: Model list for preprocess: StreamingMaxPool_Pre Testbench_pool
INFO-FLOW: Preprocessing Module: StreamingMaxPool_Pre ...
Execute         set_default_model StreamingMaxPool_Pre 
Execute         cdfg_preprocess -model StreamingMaxPool_Pre 
Execute         rtl_gen_preprocess StreamingMaxPool_Pre 
INFO-FLOW: Preprocessing Module: Testbench_pool ...
Execute         set_default_model Testbench_pool 
Execute         cdfg_preprocess -model Testbench_pool 
Execute         rtl_gen_preprocess Testbench_pool 
INFO-FLOW: Model list for synthesis: StreamingMaxPool_Pre Testbench_pool
INFO: [HLS 200-10] ----------------------------------------------------------------
INFO: [HLS 200-42] -- Implementing module 'StreamingMaxPool_Pre' 
INFO: [HLS 200-10] ----------------------------------------------------------------
Execute         set_default_model StreamingMaxPool_Pre 
Execute         schedule -model StreamingMaxPool_Pre 
INFO: [SCHED 204-11] Starting scheduling ...
INFO: [SCHED 204-61] Pipelining loop 'Loop 2.1'.
WARNING: [SCHED 204-68] The II Violation in module 'StreamingMaxPool_Pre' (Loop: Loop 2.1): Unable to enforce a carried dependence constraint (II = 1, distance = 1, offset = 1)
   between 'store' operation ('buf_0_V_addr_2_write_ln166', /home/coder/Desktop/s2n2/finn-hlslib-lif/maxpool.h:166) of variable 'trunc_ln647', /home/coder/Desktop/s2n2/finn-hlslib-lif/maxpool.h:163 on array 'buf[0].V', /home/coder/Desktop/s2n2/finn-hlslib-lif/maxpool.h:143 and 'load' operation ('buf_0_V_load_1', /home/coder/Desktop/s2n2/finn-hlslib-lif/maxpool.h:164) on array 'buf[0].V', /home/coder/Desktop/s2n2/finn-hlslib-lif/maxpool.h:143.
INFO: [SCHED 204-61] Pipelining result : Target II = 1, Final II = 2, Depth = 2.
INFO: [SCHED 204-11] Finished scheduling.
Command         schedule done; 0.42 sec.
INFO: [HLS 200-111]  Elapsed time: 26.04 seconds; current allocated memory: 198.735 MB.
Execute         syn_report -verbosereport -o /home/coder/Desktop/s2n2/finn-hlslib-lif/tb/hls-syn-pool/sol1/.autopilot/db/StreamingMaxPool_Pre.verbose.sched.rpt 
Execute         db_write -o /home/coder/Desktop/s2n2/finn-hlslib-lif/tb/hls-syn-pool/sol1/.autopilot/db/StreamingMaxPool_Pre.sched.adb -f 
INFO-FLOW: Finish scheduling StreamingMaxPool_Pre.
Execute         set_default_model StreamingMaxPool_Pre 
Execute         bind -model StreamingMaxPool_Pre 
BIND OPTION: model=StreamingMaxPool_Pre
INFO: [BIND 205-100] Starting micro-architecture generation ...
INFO: [BIND 205-101] Performing variable lifetime analysis.
INFO: [BIND 205-101] Exploring resource sharing.
INFO: [BIND 205-101] Binding ...
INFO: [BIND 205-100] Finished micro-architecture generation.
Command         bind done; 0.33 sec.
INFO: [HLS 200-111]  Elapsed time: 0.45 seconds; current allocated memory: 199.723 MB.
Execute         syn_report -verbosereport -o /home/coder/Desktop/s2n2/finn-hlslib-lif/tb/hls-syn-pool/sol1/.autopilot/db/StreamingMaxPool_Pre.verbose.bind.rpt 
Command         syn_report done; 0.17 sec.
Execute         db_write -o /home/coder/Desktop/s2n2/finn-hlslib-lif/tb/hls-syn-pool/sol1/.autopilot/db/StreamingMaxPool_Pre.bind.adb -f 
INFO-FLOW: Finish binding StreamingMaxPool_Pre.
INFO: [HLS 200-10] ----------------------------------------------------------------
INFO: [HLS 200-42] -- Implementing module 'Testbench_pool' 
INFO: [HLS 200-10] ----------------------------------------------------------------
Execute         set_default_model Testbench_pool 
Execute         schedule -model Testbench_pool 
INFO: [SCHED 204-11] Starting scheduling ...
INFO: [SCHED 204-11] Finished scheduling.
Command         schedule done; 0.15 sec.
INFO: [HLS 200-111]  Elapsed time: 0.49 seconds; current allocated memory: 199.842 MB.
Execute         syn_report -verbosereport -o /home/coder/Desktop/s2n2/finn-hlslib-lif/tb/hls-syn-pool/sol1/.autopilot/db/Testbench_pool.verbose.sched.rpt 
Execute         db_write -o /home/coder/Desktop/s2n2/finn-hlslib-lif/tb/hls-syn-pool/sol1/.autopilot/db/Testbench_pool.sched.adb -f 
INFO-FLOW: Finish scheduling Testbench_pool.
Execute         set_default_model Testbench_pool 
Execute         bind -model Testbench_pool 
BIND OPTION: model=Testbench_pool
INFO: [BIND 205-100] Starting micro-architecture generation ...
INFO: [BIND 205-101] Performing variable lifetime analysis.
INFO: [BIND 205-101] Exploring resource sharing.
INFO: [BIND 205-101] Binding ...
INFO: [BIND 205-100] Finished micro-architecture generation.
Command         bind done; 0.39 sec.
INFO: [HLS 200-111]  Elapsed time: 0.39 seconds; current allocated memory: 199.921 MB.
Execute         syn_report -verbosereport -o /home/coder/Desktop/s2n2/finn-hlslib-lif/tb/hls-syn-pool/sol1/.autopilot/db/Testbench_pool.verbose.bind.rpt 
Command         syn_report done; 0.11 sec.
Execute         db_write -o /home/coder/Desktop/s2n2/finn-hlslib-lif/tb/hls-syn-pool/sol1/.autopilot/db/Testbench_pool.bind.adb -f 
INFO-FLOW: Finish binding Testbench_pool.
Execute         get_model_list Testbench_pool -filter all-wo-channel 
INFO-FLOW: Preprocessing for RTLGen ...
Execute         rtl_gen_preprocess StreamingMaxPool_Pre 
Execute         rtl_gen_preprocess Testbench_pool 
INFO-FLOW: Model list for RTL generation: StreamingMaxPool_Pre Testbench_pool
INFO: [HLS 200-10] ----------------------------------------------------------------
INFO: [HLS 200-10] -- Generating RTL for module 'StreamingMaxPool_Pre' 
INFO: [HLS 200-10] ----------------------------------------------------------------
Execute         get_config_rtl -module_prefix 
Execute         get_config_rtl -module_auto_prefix 
Execute         create_rtl_model StreamingMaxPool_Pre -vendor xilinx -mg_file /home/coder/Desktop/s2n2/finn-hlslib-lif/tb/hls-syn-pool/sol1/.autopilot/db/StreamingMaxPool_Pre.compgen.tcl 
INFO: [SYN 201-210] Renamed object name 'StreamingMaxPool_Pre_buf_0_V' to 'StreamingMaxPool_bkb' due to the length limit 20
INFO: [SYN 201-210] Renamed object name 'StreamingMaxPool_Pre_buf_1_V' to 'StreamingMaxPool_cud' due to the length limit 20
INFO: [SYN 201-210] Renamed object name 'StreamingMaxPool_Pre_buf_2_V' to 'StreamingMaxPool_dEe' due to the length limit 20
INFO: [SYN 201-210] Renamed object name 'StreamingMaxPool_Pre_buf_3_V' to 'StreamingMaxPool_eOg' due to the length limit 20
INFO: [SYN 201-210] Renamed object name 'StreamingMaxPool_Pre_buf_4_V' to 'StreamingMaxPool_fYi' due to the length limit 20
INFO: [SYN 201-210] Renamed object name 'StreamingMaxPool_Pre_buf_5_V' to 'StreamingMaxPool_g8j' due to the length limit 20
INFO: [SYN 201-210] Renamed object name 'StreamingMaxPool_Pre_buf_6_V' to 'StreamingMaxPool_hbi' due to the length limit 20
INFO: [SYN 201-210] Renamed object name 'StreamingMaxPool_Pre_buf_7_V' to 'StreamingMaxPool_ibs' due to the length limit 20
INFO: [SYN 201-210] Renamed object name 'StreamingMaxPool_Pre_buf_8_V' to 'StreamingMaxPool_jbC' due to the length limit 20
INFO: [SYN 201-210] Renamed object name 'StreamingMaxPool_Pre_buf_9_V' to 'StreamingMaxPool_kbM' due to the length limit 20
INFO: [SYN 201-210] Renamed object name 'StreamingMaxPool_Pre_buf_10_V' to 'StreamingMaxPool_lbW' due to the length limit 20
INFO: [SYN 201-210] Renamed object name 'StreamingMaxPool_Pre_buf_11_V' to 'StreamingMaxPool_mb6' due to the length limit 20
INFO: [SYN 201-210] Renamed object name 'StreamingMaxPool_Pre_buf_12_V' to 'StreamingMaxPool_ncg' due to the length limit 20
INFO: [SYN 201-210] Renamed object name 'StreamingMaxPool_Pre_buf_13_V' to 'StreamingMaxPool_ocq' due to the length limit 20
INFO: [SYN 201-210] Renamed object name 'StreamingMaxPool_Pre_buf_14_V' to 'StreamingMaxPool_pcA' due to the length limit 20
INFO: [SYN 201-210] Renamed object name 'StreamingMaxPool_Pre_buf_15_V' to 'StreamingMaxPool_qcK' due to the length limit 20
INFO: [RTGEN 206-100] Finished creating RTL model for 'StreamingMaxPool_Pre'.
Command         create_rtl_model done; 1.72 sec.
INFO: [HLS 200-111]  Elapsed time: 1.98 seconds; current allocated memory: 201.268 MB.
Execute         source /home/coder/Desktop/s2n2/finn-hlslib-lif/tb/hls-syn-pool/sol1/.autopilot/db/Testbench_pool.rtl_wrap.cfg.tcl 
Execute         gen_rtl StreamingMaxPool_Pre -style xilinx -tracefl mytrace -tracefmt vcd -traceopt all -f -lang sc -o /home/coder/Desktop/s2n2/finn-hlslib-lif/tb/hls-syn-pool/sol1/syn/systemc/StreamingMaxPool_Pre -synmodules StreamingMaxPool_Pre Testbench_pool 
Execute         gen_rtl StreamingMaxPool_Pre -style xilinx -f -lang vhdl -o /home/coder/Desktop/s2n2/finn-hlslib-lif/tb/hls-syn-pool/sol1/syn/vhdl/StreamingMaxPool_Pre 
Execute         gen_rtl StreamingMaxPool_Pre -style xilinx -f -lang vlog -o /home/coder/Desktop/s2n2/finn-hlslib-lif/tb/hls-syn-pool/sol1/syn/verilog/StreamingMaxPool_Pre 
Execute         syn_report -csynth -model StreamingMaxPool_Pre -o /home/coder/Desktop/s2n2/finn-hlslib-lif/tb/hls-syn-pool/sol1/syn/report/StreamingMaxPool_Pre_csynth.rpt 
Execute         syn_report -rtlxml -model StreamingMaxPool_Pre -o /home/coder/Desktop/s2n2/finn-hlslib-lif/tb/hls-syn-pool/sol1/syn/report/StreamingMaxPool_Pre_csynth.xml 
Execute         syn_report -verbosereport -model StreamingMaxPool_Pre -o /home/coder/Desktop/s2n2/finn-hlslib-lif/tb/hls-syn-pool/sol1/.autopilot/db/StreamingMaxPool_Pre.verbose.rpt 
Command         syn_report done; 0.21 sec.
Execute         db_write -model StreamingMaxPool_Pre -f -o /home/coder/Desktop/s2n2/finn-hlslib-lif/tb/hls-syn-pool/sol1/.autopilot/db/StreamingMaxPool_Pre.adb 
Execute         gen_tb_info StreamingMaxPool_Pre -p /home/coder/Desktop/s2n2/finn-hlslib-lif/tb/hls-syn-pool/sol1/.autopilot/db -o /home/coder/Desktop/s2n2/finn-hlslib-lif/tb/hls-syn-pool/sol1/.autopilot/db/StreamingMaxPool_Pre 
INFO: [HLS 200-10] ----------------------------------------------------------------
INFO: [HLS 200-10] -- Generating RTL for module 'Testbench_pool' 
INFO: [HLS 200-10] ----------------------------------------------------------------
Execute         get_config_rtl -module_prefix 
Execute         get_config_rtl -module_auto_prefix 
Execute         create_rtl_model Testbench_pool -vendor xilinx -mg_file /home/coder/Desktop/s2n2/finn-hlslib-lif/tb/hls-syn-pool/sol1/.autopilot/db/Testbench_pool.compgen.tcl 
INFO: [RTGEN 206-500] Setting interface mode on port 'Testbench_pool/in_V_V' to 'ap_fifo'.
INFO: [RTGEN 206-500] Setting interface mode on port 'Testbench_pool/out_V_V' to 'ap_fifo'.
INFO: [RTGEN 206-500] Setting interface mode on port 'Testbench_pool/numReps' to 'ap_none'.
INFO: [RTGEN 206-500] Setting interface mode on function 'Testbench_pool' to 'ap_ctrl_hs'.
INFO: [RTGEN 206-100] Finished creating RTL model for 'Testbench_pool'.
Command         create_rtl_model done; 0.61 sec.
INFO: [HLS 200-111]  Elapsed time: 1.53 seconds; current allocated memory: 205.474 MB.
Execute         source /home/coder/Desktop/s2n2/finn-hlslib-lif/tb/hls-syn-pool/sol1/.autopilot/db/Testbench_pool.rtl_wrap.cfg.tcl 
Execute         gen_rtl Testbench_pool -istop -style xilinx -tracefl mytrace -tracefmt vcd -traceopt all -f -lang sc -o /home/coder/Desktop/s2n2/finn-hlslib-lif/tb/hls-syn-pool/sol1/syn/systemc/Testbench_pool -synmodules StreamingMaxPool_Pre Testbench_pool 
Execute         gen_rtl Testbench_pool -istop -style xilinx -f -lang vhdl -o /home/coder/Desktop/s2n2/finn-hlslib-lif/tb/hls-syn-pool/sol1/syn/vhdl/Testbench_pool 
Execute         gen_rtl Testbench_pool -istop -style xilinx -f -lang vlog -o /home/coder/Desktop/s2n2/finn-hlslib-lif/tb/hls-syn-pool/sol1/syn/verilog/Testbench_pool 
Execute         syn_report -csynth -model Testbench_pool -o /home/coder/Desktop/s2n2/finn-hlslib-lif/tb/hls-syn-pool/sol1/syn/report/Testbench_pool_csynth.rpt 
Execute         syn_report -rtlxml -model Testbench_pool -o /home/coder/Desktop/s2n2/finn-hlslib-lif/tb/hls-syn-pool/sol1/syn/report/Testbench_pool_csynth.xml 
Execute         syn_report -verbosereport -model Testbench_pool -o /home/coder/Desktop/s2n2/finn-hlslib-lif/tb/hls-syn-pool/sol1/.autopilot/db/Testbench_pool.verbose.rpt 
Command         syn_report done; 0.12 sec.
Execute         db_write -model Testbench_pool -f -o /home/coder/Desktop/s2n2/finn-hlslib-lif/tb/hls-syn-pool/sol1/.autopilot/db/Testbench_pool.adb 
Execute         gen_tb_info Testbench_pool -p /home/coder/Desktop/s2n2/finn-hlslib-lif/tb/hls-syn-pool/sol1/.autopilot/db -o /home/coder/Desktop/s2n2/finn-hlslib-lif/tb/hls-syn-pool/sol1/.autopilot/db/Testbench_pool 
Execute         export_constraint_db -f -tool general -o /home/coder/Desktop/s2n2/finn-hlslib-lif/tb/hls-syn-pool/sol1/.autopilot/db/Testbench_pool.constraint.tcl 
Execute         syn_report -designview -model Testbench_pool -o /home/coder/Desktop/s2n2/finn-hlslib-lif/tb/hls-syn-pool/sol1/.autopilot/db/Testbench_pool.design.xml 
Execute         get_config_rtl -disable_wave_debug 
Execute         syn_report -wcfg -model Testbench_pool -o /home/coder/Desktop/s2n2/finn-hlslib-lif/tb/hls-syn-pool/sol1/.autopilot/db/Testbench_pool_dataflow_ana.wcfg 
Execute         syn_report -protoinst -model Testbench_pool -o /home/coder/Desktop/s2n2/finn-hlslib-lif/tb/hls-syn-pool/sol1/.autopilot/db/Testbench_pool.protoinst 
Execute         get_config_debug -directory 
Execute         sc_get_clocks Testbench_pool 
Execute         get_config_export -vivado_clock 
Execute         sc_get_portdomain Testbench_pool 
INFO-FLOW: Model list for RTL component generation: StreamingMaxPool_Pre Testbench_pool
INFO-FLOW: Handling components in module [StreamingMaxPool_Pre] ... 
Execute         source /home/coder/Desktop/s2n2/finn-hlslib-lif/tb/hls-syn-pool/sol1/.autopilot/db/StreamingMaxPool_Pre.compgen.tcl 
INFO-FLOW: Found component StreamingMaxPool_bkb.
INFO-FLOW: Append model StreamingMaxPool_bkb
INFO-FLOW: Handling components in module [Testbench_pool] ... 
Execute         source /home/coder/Desktop/s2n2/finn-hlslib-lif/tb/hls-syn-pool/sol1/.autopilot/db/Testbench_pool.compgen.tcl 
INFO-FLOW: Append model StreamingMaxPool_Pre
INFO-FLOW: Append model Testbench_pool
INFO-FLOW: Generating RTL model list ...
INFO-FLOW: All models in this session: StreamingMaxPool_bkb StreamingMaxPool_Pre Testbench_pool
INFO-FLOW: To file: write model StreamingMaxPool_bkb
INFO-FLOW: To file: write model StreamingMaxPool_Pre
INFO-FLOW: To file: write model Testbench_pool
INFO-FLOW: Finished generating RTL model list.


INFO-FLOW: RTL Generation done.
INFO-FLOW: CAS Generation done.
INFO-FLOW: CBC Generation done.
Execute         syn_report -model Testbench_pool -printsummary 
INFO: [HLS 200-790] **** Loop Constraint Status: All loop constraints were NOT satisfied.
INFO: [HLS 200-789] **** Estimated Fmax: 291.72 MHz
INFO-FLOW: DBG:CMD: auto_generate_csynth_design
INFO-FLOW: DBG:CMD:     auto_generate --sim-model -phase csynth_design -d /home/coder/Desktop/s2n2/finn-hlslib-lif/tb/hls-syn-pool/sol1
Execute         source /home/coder/Desktop/s2n2/finn-hlslib-lif/tb/hls-syn-pool/sol1/.autopilot/db/global.setting.tcl 
INFO-FLOW: DBG:CMD: read_platform_lib /home/coder/Desktop/s2n2/finn-hlslib-lif/tb/hls-syn-pool/sol1/.autopilot/db/global.setting.tcl
Execute         source /tools/Xilinx2/Vivado/2020.1/common/technology/generic/autopilot/common.gen 
Execute           source /tools/Xilinx2/Vivado/2020.1/common/technology/generic/autopilot/APCoreGen.gen 
Execute         source /tools/Xilinx2/Vivado/2020.1/common/technology/generic/autopilot/op.gen 
Execute         source /tools/Xilinx2/Vivado/2020.1/common/technology/generic/autopilot/op_simcore.gen 
Execute         source /tools/Xilinx2/Vivado/2020.1/common/technology/generic/autopilot/interface.gen 
Execute         source /home/coder/Desktop/s2n2/finn-hlslib-lif/tb/hls-syn-pool/sol1/.autopilot/db/global.setting.tcl 
Execute         source /tools/Xilinx2/Vivado/2020.1/common/technology/xilinx/zynquplus/zynquplus.gen 
Execute           source /tools/Xilinx2/Vivado/2020.1/common/technology/xilinx/common/xilinx.gen 
Execute             source /tools/Xilinx2/Vivado/2020.1/common/technology/xilinx/interface/plb46.gen 
Execute             source /tools/Xilinx2/Vivado/2020.1/common/technology/xilinx/interface/fsl.gen 
Execute             source /tools/Xilinx2/Vivado/2020.1/common/technology/xilinx/interface/axi4.gen 
Execute             source /tools/Xilinx2/Vivado/2020.1/common/technology/xilinx/interface/nativeAXI4.gen 
Execute               source /tools/Xilinx2/Vivado/2020.1/common/technology/xilinx/interface/saxilite.gen 
Execute               source /tools/Xilinx2/Vivado/2020.1/common/technology/xilinx/interface/maxi.gen 
Execute             source /tools/Xilinx2/Vivado/2020.1/common/technology/xilinx/scripts/xilinxcoregen.gen 
Execute             source /tools/Xilinx2/Vivado/2020.1/common/technology/xilinx/interface/XilEDKCoreGen.gen 
Execute             source /tools/Xilinx2/Vivado/2020.1/common/technology/xilinx/ip/dds_compiler.gen 
Execute             source /tools/Xilinx2/Vivado/2020.1/common/technology/xilinx/ip/util.gen 
Execute             source /tools/Xilinx2/Vivado/2020.1/common/technology/xilinx/ip/xfft.gen 
Execute             source /tools/Xilinx2/Vivado/2020.1/common/technology/xilinx/ip/xfir.gen 
Execute             source /tools/Xilinx2/Vivado/2020.1/common/technology/xilinx/common/dsp48.gen 
Command           ap_source done; 0.12 sec.
Command         ap_source done; 0.12 sec.
Execute         source /tools/Xilinx2/Vivado/2020.1/common/technology/xilinx/zynquplus/zynquplus_fpv7.gen 
Execute           source /tools/Xilinx2/Vivado/2020.1/common/technology/xilinx/common/xilinx_fp.gen 
INFO-FLOW: DBG:CMD:   using AESL_AUTOCG::g_clock_period=5.000 (was NA)
INFO-FLOW: DBG:CMD:       generate_ip_cores sim=1 export=0 expOnly=0 dstVlogDir=syn/verilog
Execute         source /home/coder/Desktop/s2n2/finn-hlslib-lif/tb/hls-syn-pool/sol1/.autopilot/db/global.setting.tcl 
Execute         ap_part_info -name xczu3eg-sbva484-1-i -data names -quiet 
Execute         ap_part_info -name xczu3eg-sbva484-1-i -data info -quiet 
Execute         source /home/coder/Desktop/s2n2/finn-hlslib-lif/tb/hls-syn-pool/sol1/.autopilot/db/global.setting.tcl 
Execute         source /home/coder/Desktop/s2n2/finn-hlslib-lif/tb/hls-syn-pool/sol1/.autopilot/db/global.setting.tcl 
Execute         source /home/coder/Desktop/s2n2/finn-hlslib-lif/tb/hls-syn-pool/sol1/.autopilot/db/StreamingMaxPool_Pre.compgen.tcl 
INFO: [RTMG 210-278] Implementing memory 'StreamingMaxPool_bkb_ram (RAM)' using distributed RAMs.
Execute           ap_part_info -name xczu3eg-sbva484-1-i -data names -quiet 
Execute           ap_part_info -name xczu3eg-sbva484-1-i -data info -quiet 
Execute         source /home/coder/Desktop/s2n2/finn-hlslib-lif/tb/hls-syn-pool/sol1/.autopilot/db/Testbench_pool.compgen.tcl 
INFO-FLOW: DBG:CMD:     auto_generate -export -impltomg_flag -rtl both -tool Vivado -pcore_version 1.00.a -phase csynth_design -d /home/coder/Desktop/s2n2/finn-hlslib-lif/tb/hls-syn-pool/sol1
Execute         source /home/coder/Desktop/s2n2/finn-hlslib-lif/tb/hls-syn-pool/sol1/.autopilot/db/global.setting.tcl 
INFO-FLOW: DBG:CMD: read_platform_lib /home/coder/Desktop/s2n2/finn-hlslib-lif/tb/hls-syn-pool/sol1/.autopilot/db/global.setting.tcl
Execute         source /tools/Xilinx2/Vivado/2020.1/common/technology/generic/autopilot/common.gen 
Execute           source /tools/Xilinx2/Vivado/2020.1/common/technology/generic/autopilot/APCoreGen.gen 
Execute         source /tools/Xilinx2/Vivado/2020.1/common/technology/generic/autopilot/op.gen 
Execute         source /tools/Xilinx2/Vivado/2020.1/common/technology/generic/autopilot/op_simcore.gen 
Execute         source /tools/Xilinx2/Vivado/2020.1/common/technology/generic/autopilot/interface.gen 
Execute         source /home/coder/Desktop/s2n2/finn-hlslib-lif/tb/hls-syn-pool/sol1/.autopilot/db/global.setting.tcl 
Execute         source /tools/Xilinx2/Vivado/2020.1/common/technology/xilinx/zynquplus/zynquplus.gen 
Execute           source /tools/Xilinx2/Vivado/2020.1/common/technology/xilinx/common/xilinx.gen 
Execute             source /tools/Xilinx2/Vivado/2020.1/common/technology/xilinx/interface/plb46.gen 
Execute             source /tools/Xilinx2/Vivado/2020.1/common/technology/xilinx/interface/fsl.gen 
Execute             source /tools/Xilinx2/Vivado/2020.1/common/technology/xilinx/interface/axi4.gen 
Execute             source /tools/Xilinx2/Vivado/2020.1/common/technology/xilinx/interface/nativeAXI4.gen 
Execute               source /tools/Xilinx2/Vivado/2020.1/common/technology/xilinx/interface/saxilite.gen 
Execute               source /tools/Xilinx2/Vivado/2020.1/common/technology/xilinx/interface/maxi.gen 
Execute             source /tools/Xilinx2/Vivado/2020.1/common/technology/xilinx/scripts/xilinxcoregen.gen 
Execute             source /tools/Xilinx2/Vivado/2020.1/common/technology/xilinx/interface/XilEDKCoreGen.gen 
Execute             source /tools/Xilinx2/Vivado/2020.1/common/technology/xilinx/ip/dds_compiler.gen 
Execute             source /tools/Xilinx2/Vivado/2020.1/common/technology/xilinx/ip/util.gen 
Execute             source /tools/Xilinx2/Vivado/2020.1/common/technology/xilinx/ip/xfft.gen 
Execute             source /tools/Xilinx2/Vivado/2020.1/common/technology/xilinx/ip/xfir.gen 
Execute             source /tools/Xilinx2/Vivado/2020.1/common/technology/xilinx/common/dsp48.gen 
Command           ap_source done; 0.11 sec.
Command         ap_source done; 0.11 sec.
Execute         source /tools/Xilinx2/Vivado/2020.1/common/technology/xilinx/zynquplus/zynquplus_fpv7.gen 
Execute           source /tools/Xilinx2/Vivado/2020.1/common/technology/xilinx/common/xilinx_fp.gen 
INFO-FLOW: DBG:CMD:       initCTypeInfo top_module=Testbench_pool xml_exists=0
Execute         source /home/coder/Desktop/s2n2/finn-hlslib-lif/tb/hls-syn-pool/sol1/.autopilot/db/Testbench_pool.rtl_wrap.cfg.tcl 
Execute         source /home/coder/Desktop/s2n2/finn-hlslib-lif/tb/hls-syn-pool/sol1/.autopilot/db/Testbench_pool.rtl_wrap.cfg.tcl 
Execute         source /home/coder/Desktop/s2n2/finn-hlslib-lif/tb/hls-syn-pool/sol1/.autopilot/db/Testbench_pool.rtl_wrap.cfg.tcl 
Execute         source /home/coder/Desktop/s2n2/finn-hlslib-lif/tb/hls-syn-pool/sol1/.autopilot/db/Testbench_pool.tbgen.tcl 
Execute         source /home/coder/Desktop/s2n2/finn-hlslib-lif/tb/hls-syn-pool/sol1/.autopilot/db/Testbench_pool.tbgen.tcl 
INFO-FLOW: DBG:CMD:       export_impl_rtl
INFO-FLOW: DBG:CMD:       generate_ip_cores sim=0 export=0 expOnly=0 dstVlogDir=impl/.verilog
Execute         source /home/coder/Desktop/s2n2/finn-hlslib-lif/tb/hls-syn-pool/sol1/.autopilot/db/global.setting.tcl 
Execute         source /home/coder/Desktop/s2n2/finn-hlslib-lif/tb/hls-syn-pool/sol1/.autopilot/db/StreamingMaxPool_Pre.compgen.tcl 
Execute         source /home/coder/Desktop/s2n2/finn-hlslib-lif/tb/hls-syn-pool/sol1/.autopilot/db/Testbench_pool.compgen.tcl 
INFO-FLOW: DBG:CMD:       generate_ip_cores sim=0 export=1 expOnly=1 dstVlogDir=impl/.pcores/verilog
Execute         source /home/coder/Desktop/s2n2/finn-hlslib-lif/tb/hls-syn-pool/sol1/.autopilot/db/global.setting.tcl 
Execute         source /home/coder/Desktop/s2n2/finn-hlslib-lif/tb/hls-syn-pool/sol1/.autopilot/db/StreamingMaxPool_Pre.compgen.tcl 
Execute         source /home/coder/Desktop/s2n2/finn-hlslib-lif/tb/hls-syn-pool/sol1/.autopilot/db/Testbench_pool.compgen.tcl 
Execute           ap_part_info -name xczu3eg-sbva484-1-i -data names -quiet 
Execute           ap_part_info -name xczu3eg-sbva484-1-i -data info -quiet 
Execute           ap_part_info -name xczu3eg-sbva484-1-i -data names -quiet 
Execute           ap_part_info -name xczu3eg-sbva484-1-i -data info -quiet 
Execute           ap_part_info -name xczu3eg-sbva484-1-i -data names -quiet 
Execute           ap_part_info -name xczu3eg-sbva484-1-i -data info -quiet 
Execute           ap_part_info -name xczu3eg-sbva484-1-i -data names -quiet 
Execute           ap_part_info -name xczu3eg-sbva484-1-i -data info -quiet 
Execute           ap_part_info -name xczu3eg-sbva484-1-i -data names -quiet 
Execute           ap_part_info -name xczu3eg-sbva484-1-i -data info -quiet 
Execute           ap_part_info -name xczu3eg-sbva484-1-i -data names -quiet 
Execute           ap_part_info -name xczu3eg-sbva484-1-i -data info -quiet 
Execute           ap_part_info -name xczu3eg-sbva484-1-i -data names -quiet 
Execute           ap_part_info -name xczu3eg-sbva484-1-i -data info -quiet 
Execute           ap_part_info -name xczu3eg-sbva484-1-i -data names -quiet 
Execute           ap_part_info -name xczu3eg-sbva484-1-i -data info -quiet 
Execute           ap_part_info -name xczu3eg-sbva484-1-i -data names -quiet 
Execute           ap_part_info -name xczu3eg-sbva484-1-i -data info -quiet 
Execute           ap_part_info -name xczu3eg-sbva484-1-i -data names -quiet 
Execute           ap_part_info -name xczu3eg-sbva484-1-i -data info -quiet 
Command         ap_source done; 0.12 sec.
Execute         ap_part_info -name xczu3eg-sbva484-1-i -data names -quiet 
Execute         ap_part_info -name xczu3eg-sbva484-1-i -data info -quiet 
INFO-FLOW: DBG:CMD:       generate_ip_cores sim=0 export=0 expOnly=0 dstVlogDir=impl/.pcores/verilog_sim
Execute         source /home/coder/Desktop/s2n2/finn-hlslib-lif/tb/hls-syn-pool/sol1/.autopilot/db/global.setting.tcl 
Execute         source /home/coder/Desktop/s2n2/finn-hlslib-lif/tb/hls-syn-pool/sol1/.autopilot/db/StreamingMaxPool_Pre.compgen.tcl 
Execute         source /home/coder/Desktop/s2n2/finn-hlslib-lif/tb/hls-syn-pool/sol1/.autopilot/db/Testbench_pool.compgen.tcl 
Execute         ap_part_info -name xczu3eg-sbva484-1-i -data names -quiet 
Execute         ap_part_info -name xczu3eg-sbva484-1-i -data info -quiet 
Execute         ap_part_info -name xczu3eg-sbva484-1-i -data names -quiet 
Execute         ap_part_info -name xczu3eg-sbva484-1-i -data info -quiet 
Execute         source /home/coder/Desktop/s2n2/finn-hlslib-lif/tb/hls-syn-pool/sol1/.autopilot/db/global.setting.tcl 
Execute         ap_part_info -name xczu3eg-sbva484-1-i -data names -quiet 
Execute         ap_part_info -name xczu3eg-sbva484-1-i -data info -quiet 
Execute         source /home/coder/Desktop/s2n2/finn-hlslib-lif/tb/hls-syn-pool/sol1/.autopilot/db/Testbench_pool.constraint.tcl 
Execute         source /home/coder/Desktop/s2n2/finn-hlslib-lif/tb/hls-syn-pool/sol1/.autopilot/db/Testbench_pool.tbgen.tcl 
INFO-FLOW: DBG:CMD:       hasPcoreIpAdapter=false #gSsdmPorts=8
INFO-FLOW: DBG:CMD: Skipping loadAnalyze_DB, #g_database=3
INFO-FLOW: DBG:CMD:       generate_json is_phase_csynth=1 g_has_adaptors=false generate_bd_files=0 #modelList=3 #gSsdmPorts=8
Execute         source /tools/Xilinx2/Vivado/2020.1/tps/tcl/tcllib1.11.1/fileutil/fileutil.tcl 
Execute           source /tools/Xilinx2/Vivado/2020.1/tps/tcl/tcllib1.11.1/cmdline/cmdline.tcl 
Execute         source /home/coder/Desktop/s2n2/finn-hlslib-lif/tb/hls-syn-pool/sol1/.autopilot/db/global.setting.tcl 
Execute         source /home/coder/Desktop/s2n2/finn-hlslib-lif/tb/hls-syn-pool/sol1/.autopilot/db/global.setting.tcl 
Execute         get_config_export -xo 
Execute         source /home/coder/Desktop/s2n2/finn-hlslib-lif/tb/hls-syn-pool/sol1/.autopilot/db/Testbench_pool.tbgen.tcl 
Execute         source /home/coder/Desktop/s2n2/finn-hlslib-lif/tb/hls-syn-pool/sol1/.autopilot/db/Testbench_pool.tbgen.tcl 
Execute         source /home/coder/Desktop/s2n2/finn-hlslib-lif/tb/hls-syn-pool/sol1/.autopilot/db/Testbench_pool.tbgen.tcl 
Execute         source /home/coder/Desktop/s2n2/finn-hlslib-lif/tb/hls-syn-pool/sol1/.autopilot/db/global.setting.tcl 
Execute         get_config_sdx -target 
Execute         source /home/coder/Desktop/s2n2/finn-hlslib-lif/tb/hls-syn-pool/sol1/.autopilot/db/Testbench_pool.rtl_wrap.cfg.tcl 
Execute         source /home/coder/Desktop/s2n2/finn-hlslib-lif/tb/hls-syn-pool/sol1/.autopilot/db/Testbench_pool.compgen.dataonly.tcl 
Execute         source /home/coder/Desktop/s2n2/finn-hlslib-lif/tb/hls-syn-pool/sol1/.autopilot/db/global.setting.tcl 
Execute         ap_part_info -name xczu3eg-sbva484-1-i -data names -quiet 
Execute         ap_part_info -name xczu3eg-sbva484-1-i -data info -quiet 
Execute         source /home/coder/Desktop/s2n2/finn-hlslib-lif/tb/hls-syn-pool/sol1/.autopilot/db/Testbench_pool.constraint.tcl 
Execute         sc_get_clocks Testbench_pool 
Execute         ap_part_info -name xczu3eg-sbva484-1-i -data names -quiet 
Execute         ap_part_info -name xczu3eg-sbva484-1-i -data info -quiet 
Execute         source /home/coder/Desktop/s2n2/finn-hlslib-lif/tb/hls-syn-pool/sol1/.autopilot/db/global.setting.tcl 
Execute         get_config_debug -directory 
Execute         source /home/coder/Desktop/s2n2/finn-hlslib-lif/tb/hls-syn-pool/sol1/.autopilot/db/StreamingMaxPool_Pre.tbgen.tcl 
Execute         source /home/coder/Desktop/s2n2/finn-hlslib-lif/tb/hls-syn-pool/sol1/.autopilot/db/Testbench_pool.tbgen.tcl 
Execute         get_config_sdx -target 
Execute         get_config_sdx -profile 
Execute         get_config_rtl -kernel_profile 
Execute         get_config_rtl -stall_sig_gen 
Execute         get_config_rtl -profile 
INFO-FLOW: DBG:CMD: add_json_sdx_info kernel file does not exist, skipping opencl info: /home/coder/Desktop/s2n2/finn-hlslib-lif/tb/hls-syn-pool/sol1/.autopilot/db/kernel.internal.xml
INFO-FLOW: DBG:CMD:       delete-temp-dirs (skipped for debug)
INFO: [HLS 200-111] Finished generating all RTL models Time (s): cpu = 00:00:22 ; elapsed = 00:00:33 . Memory (MB): peak = 1629.574 ; gain = 1227.754 ; free physical = 86504 ; free virtual = 253391
INFO: [VHDL 208-304] Generating VHDL RTL for Testbench_pool.
INFO: [VLOG 209-307] Generating Verilog RTL for Testbench_pool.
Command       autosyn done; 7.93 sec.
Command     csynth_design done; 25.31 sec.
Execute     cosim_design 
Execute       source /home/coder/Desktop/s2n2/finn-hlslib-lif/tb/hls-syn-pool/sol1/.autopilot/db/global.setting.tcl 
Execute       source /home/coder/Desktop/s2n2/finn-hlslib-lif/tb/hls-syn-pool/sol1/.autopilot/db/global.setting.tcl 
Execute       source /home/coder/Desktop/s2n2/finn-hlslib-lif/tb/hls-syn-pool/sol1/.autopilot/db/global.setting.tcl 
INFO-FLOW: DBG:CMD: read_platform_lib /home/coder/Desktop/s2n2/finn-hlslib-lif/tb/hls-syn-pool/sol1/.autopilot/db/global.setting.tcl
Execute       source /tools/Xilinx2/Vivado/2020.1/common/technology/generic/autopilot/common.gen 
Execute         source /tools/Xilinx2/Vivado/2020.1/common/technology/generic/autopilot/APCoreGen.gen 
Execute       source /tools/Xilinx2/Vivado/2020.1/common/technology/generic/autopilot/op.gen 
Execute       source /tools/Xilinx2/Vivado/2020.1/common/technology/generic/autopilot/op_simcore.gen 
Execute       source /tools/Xilinx2/Vivado/2020.1/common/technology/generic/autopilot/interface.gen 
Execute       source /home/coder/Desktop/s2n2/finn-hlslib-lif/tb/hls-syn-pool/sol1/.autopilot/db/global.setting.tcl 
Execute       source /tools/Xilinx2/Vivado/2020.1/common/technology/xilinx/zynquplus/zynquplus.gen 
Execute         source /tools/Xilinx2/Vivado/2020.1/common/technology/xilinx/common/xilinx.gen 
Execute           source /tools/Xilinx2/Vivado/2020.1/common/technology/xilinx/interface/plb46.gen 
Execute           source /tools/Xilinx2/Vivado/2020.1/common/technology/xilinx/interface/fsl.gen 
Execute           source /tools/Xilinx2/Vivado/2020.1/common/technology/xilinx/interface/axi4.gen 
Execute           source /tools/Xilinx2/Vivado/2020.1/common/technology/xilinx/interface/nativeAXI4.gen 
Execute             source /tools/Xilinx2/Vivado/2020.1/common/technology/xilinx/interface/saxilite.gen 
Execute             source /tools/Xilinx2/Vivado/2020.1/common/technology/xilinx/interface/maxi.gen 
Execute           source /tools/Xilinx2/Vivado/2020.1/common/technology/xilinx/scripts/xilinxcoregen.gen 
Execute           source /tools/Xilinx2/Vivado/2020.1/common/technology/xilinx/interface/XilEDKCoreGen.gen 
Execute           source /tools/Xilinx2/Vivado/2020.1/common/technology/xilinx/ip/dds_compiler.gen 
Execute           source /tools/Xilinx2/Vivado/2020.1/common/technology/xilinx/ip/util.gen 
Execute           source /tools/Xilinx2/Vivado/2020.1/common/technology/xilinx/ip/xfft.gen 
Execute           source /tools/Xilinx2/Vivado/2020.1/common/technology/xilinx/ip/xfir.gen 
Execute           source /tools/Xilinx2/Vivado/2020.1/common/technology/xilinx/common/dsp48.gen 
Command         ap_source done; 0.12 sec.
Command       ap_source done; 0.12 sec.
Execute       source /tools/Xilinx2/Vivado/2020.1/common/technology/xilinx/zynquplus/zynquplus_fpv7.gen 
Execute         source /tools/Xilinx2/Vivado/2020.1/common/technology/xilinx/common/xilinx_fp.gen 
Execute       ap_part_info -name xczu3eg-sbva484-1-i -data names -quiet 
Execute       ap_part_info -name xczu3eg-sbva484-1-i -data info -quiet 
Execute       source /home/coder/Desktop/s2n2/finn-hlslib-lif/tb/hls-syn-pool/sol1/.autopilot/db/global.setting.tcl 
Execute       source /home/coder/Desktop/s2n2/finn-hlslib-lif/tb/hls-syn-pool/sol1/.autopilot/db/Testbench_pool.rtl_wrap.cfg.tcl 
Execute       source /home/coder/Desktop/s2n2/finn-hlslib-lif/tb/hls-syn-pool/sol1/.autopilot/db/Testbench_pool.tbgen.tcl 
Execute       is_encrypted /home/coder/Desktop/s2n2/finn-hlslib-lif/tb/maxpool_tb.cpp 
Execute       is_encrypted /home/coder/Desktop/s2n2/finn-hlslib-lif/tb/pool_top.cpp 
Execute       source /home/coder/Desktop/s2n2/finn-hlslib-lif/tb/hls-syn-pool/sol1/.autopilot/db/Testbench_pool.tbgen.tcl 
Execute       source /home/coder/Desktop/s2n2/finn-hlslib-lif/tb/hls-syn-pool/sol1/.autopilot/db/Testbench_pool.tbgen.tcl 
INFO: [COSIM 212-47] Using XSIM for RTL simulation.
INFO: [COSIM 212-14] Instrumenting C test bench ...
Execute       ap_part_info -name xczu3eg-sbva484-1-i -data info 
INFO-FLOW: TB processing: /home/coder/Desktop/s2n2/finn-hlslib-lif/tb/maxpool_tb.cpp /home/coder/Desktop/s2n2/finn-hlslib-lif/tb/hls-syn-pool/sol1/./sim/autowrap/testbench/maxpool_tb.cpp_pre.cpp
Execute       tidy_31 xilinx-tb-xfmat /home/coder/Desktop/s2n2/finn-hlslib-lif/tb/hls-syn-pool/sol1/./sim/autowrap/testbench/maxpool_tb.cpp_pre.cpp std=c++0x 
INFO-FLOW: exec /tools/Xilinx2/Vivado/2020.1/lnx64/tools/clang-3.9-csynth/bin/tidy-3.1 -header-filter=.* -checks=-*,xilinx-tb-xfmat -quiet -fix-errors /home/coder/Desktop/s2n2/finn-hlslib-lif/tb/hls-syn-pool/sol1/./sim/autowrap/testbench/maxpool_tb.cpp_pre.cpp -- -std=c++0x -fhls -ferror-limit=0
Command       tidy_31 done; 1.32 sec.
Execute       tidy_31 xilinx-tb31-process /home/coder/Desktop/s2n2/finn-hlslib-lif/tb/hls-syn-pool/sol1/./sim/autowrap/testbench/maxpool_tb.cpp_pre.cpp.tb.cpp std=c++0x 
INFO-FLOW: exec /tools/Xilinx2/Vivado/2020.1/lnx64/tools/clang-3.9-csynth/bin/tidy-3.1 -header-filter=.* -checks=-*,xilinx-tb31-process -quiet -fix-errors /home/coder/Desktop/s2n2/finn-hlslib-lif/tb/hls-syn-pool/sol1/./sim/autowrap/testbench/maxpool_tb.cpp_pre.cpp.tb.cpp -- -std=c++0x -fhls -ferror-limit=0
Command       tidy_31 done; 3.09 sec.
Execute       ap_part_info -name xczu3eg-sbva484-1-i -data info 
INFO-FLOW: TB processing: /home/coder/Desktop/s2n2/finn-hlslib-lif/tb/pool_top.cpp /home/coder/Desktop/s2n2/finn-hlslib-lif/tb/hls-syn-pool/sol1/./sim/autowrap/testbench/pool_top.cpp_pre.cpp
Execute       tidy_31 xilinx-tb-xfmat /home/coder/Desktop/s2n2/finn-hlslib-lif/tb/hls-syn-pool/sol1/./sim/autowrap/testbench/pool_top.cpp_pre.cpp std=c++0x 
INFO-FLOW: exec /tools/Xilinx2/Vivado/2020.1/lnx64/tools/clang-3.9-csynth/bin/tidy-3.1 -header-filter=.* -checks=-*,xilinx-tb-xfmat -quiet -fix-errors /home/coder/Desktop/s2n2/finn-hlslib-lif/tb/hls-syn-pool/sol1/./sim/autowrap/testbench/pool_top.cpp_pre.cpp -- -std=c++0x -fhls -ferror-limit=0
Command       tidy_31 done; 1.3 sec.
Execute       tidy_31 xilinx-tb31-process /home/coder/Desktop/s2n2/finn-hlslib-lif/tb/hls-syn-pool/sol1/./sim/autowrap/testbench/pool_top.cpp_pre.cpp.tb.cpp std=c++0x 
INFO-FLOW: exec /tools/Xilinx2/Vivado/2020.1/lnx64/tools/clang-3.9-csynth/bin/tidy-3.1 -header-filter=.* -checks=-*,xilinx-tb31-process -quiet -fix-errors /home/coder/Desktop/s2n2/finn-hlslib-lif/tb/hls-syn-pool/sol1/./sim/autowrap/testbench/pool_top.cpp_pre.cpp.tb.cpp -- -std=c++0x -fhls -ferror-limit=0
Command       tidy_31 done; 1.33 sec.
Execute       source /home/coder/Desktop/s2n2/finn-hlslib-lif/tb/hls-syn-pool/sol1/./sim/autowrap/testbench/tb.status.tcl 
Execute       source /home/coder/Desktop/s2n2/finn-hlslib-lif/tb/hls-syn-pool/sol1/.autopilot/db/global.setting.tcl 
Execute       source /home/coder/Desktop/s2n2/finn-hlslib-lif/tb/hls-syn-pool/sol1/.autopilot/db/Testbench_pool.rtl_wrap.cfg.tcl 
Execute       source /home/coder/Desktop/s2n2/finn-hlslib-lif/tb/hls-syn-pool/sol1/.autopilot/db/Testbench_pool.rtl_wrap.cfg.tcl 
Execute       source /home/coder/Desktop/s2n2/finn-hlslib-lif/tb/hls-syn-pool/sol1/.autopilot/db/Testbench_pool.rtl_wrap.cfg.tcl 
Execute       source /home/coder/Desktop/s2n2/finn-hlslib-lif/tb/hls-syn-pool/sol1/.autopilot/db/Testbench_pool.tbgen.tcl 
Execute       source /home/coder/Desktop/s2n2/finn-hlslib-lif/tb/hls-syn-pool/sol1/.autopilot/db/Testbench_pool.tbgen.tcl 
Execute       ap_part_info -name xczu3eg-sbva484-1-i -data info 
Execute       source .run_sim.tcl 
INFO: [COSIM 212-302] Starting C TB testing ... 
Command       ap_source done; 0.24 sec.
INFO: [COSIM 212-333] Generating C post check test bench ...
Execute       ap_part_info -name xczu3eg-sbva484-1-i -data info 
INFO: [COSIM 212-12] Generating RTL test bench ...
Execute       source /home/coder/Desktop/s2n2/finn-hlslib-lif/tb/hls-syn-pool/sol1/.autopilot/db/Testbench_pool.tbgen.tcl 
Execute       source /home/coder/Desktop/s2n2/finn-hlslib-lif/tb/hls-syn-pool/sol1/.autopilot/db/Testbench_pool.tbgen.tcl 
Execute       source /home/coder/Desktop/s2n2/finn-hlslib-lif/tb/hls-syn-pool/sol1/.autopilot/db/Testbench_pool.tbgen.tcl 
Execute       source /home/coder/Desktop/s2n2/finn-hlslib-lif/tb/hls-syn-pool/sol1/.autopilot/db/Testbench_pool.tbgen.tcl 
Execute       source ../tv/cdatafile/ref.tcl 
Execute       source /home/coder/Desktop/s2n2/finn-hlslib-lif/tb/hls-syn-pool/sol1/.autopilot/db/Testbench_pool.tbgen.tcl 
Execute       source /home/coder/Desktop/s2n2/finn-hlslib-lif/tb/hls-syn-pool/sol1/.autopilot/db/Testbench_pool.tbgen.tcl 
Execute       source /home/coder/Desktop/s2n2/finn-hlslib-lif/tb/hls-syn-pool/sol1/.autopilot/db/Testbench_pool.tbgen.tcl 
Execute       source /home/coder/Desktop/s2n2/finn-hlslib-lif/tb/hls-syn-pool/sol1/.autopilot/db/Testbench_pool.tbgen.tcl 
Execute       source /home/coder/Desktop/s2n2/finn-hlslib-lif/tb/hls-syn-pool/sol1/.autopilot/db/Testbench_pool.tbgen.tcl 
Execute       source /home/coder/Desktop/s2n2/finn-hlslib-lif/tb/hls-syn-pool/sol1/.autopilot/db/Testbench_pool.tbgen.tcl 
Execute       source /home/coder/Desktop/s2n2/finn-hlslib-lif/tb/hls-syn-pool/sol1/.autopilot/db/Testbench_pool.tbgen.tcl 
Execute       source /home/coder/Desktop/s2n2/finn-hlslib-lif/tb/hls-syn-pool/sol1/.autopilot/db/Testbench_pool.tbgen.tcl 
Execute       source /home/coder/Desktop/s2n2/finn-hlslib-lif/tb/hls-syn-pool/sol1/.autopilot/db/Testbench_pool.tbgen.tcl 
Execute       source /home/coder/Desktop/s2n2/finn-hlslib-lif/tb/hls-syn-pool/sol1/.autopilot/db/Testbench_pool.tbgen.tcl 
Execute       source /home/coder/Desktop/s2n2/finn-hlslib-lif/tb/hls-syn-pool/sol1/.autopilot/db/Testbench_pool.tbgen.tcl 
Execute       source /home/coder/Desktop/s2n2/finn-hlslib-lif/tb/hls-syn-pool/sol1/.autopilot/db/Testbench_pool.tbgen.tcl 
Execute       source /home/coder/Desktop/s2n2/finn-hlslib-lif/tb/hls-syn-pool/sol1/.autopilot/db/Testbench_pool.tbgen.tcl 
Execute       source /home/coder/Desktop/s2n2/finn-hlslib-lif/tb/hls-syn-pool/sol1/.autopilot/db/Testbench_pool.tbgen.tcl 
Execute       source /home/coder/Desktop/s2n2/finn-hlslib-lif/tb/hls-syn-pool/sol1/.autopilot/db/Testbench_pool.tbgen.tcl 
Execute       source /home/coder/Desktop/s2n2/finn-hlslib-lif/tb/hls-syn-pool/sol1/.autopilot/db/Testbench_pool.tbgen.tcl 
Execute       source ../tv/cdatafile/ref.tcl 
Execute       source /home/coder/Desktop/s2n2/finn-hlslib-lif/tb/hls-syn-pool/sol1/.autopilot/db/Testbench_pool.tbgen.tcl 
Execute       source /home/coder/Desktop/s2n2/finn-hlslib-lif/tb/hls-syn-pool/sol1/.autopilot/db/Testbench_pool.tbgen.tcl 
Execute       source /home/coder/Desktop/s2n2/finn-hlslib-lif/tb/hls-syn-pool/sol1/.autopilot/db/Testbench_pool.tbgen.tcl 
Execute       source /home/coder/Desktop/s2n2/finn-hlslib-lif/tb/hls-syn-pool/sol1/.autopilot/db/Testbench_pool.tbgen.tcl 
Execute       source /home/coder/Desktop/s2n2/finn-hlslib-lif/tb/hls-syn-pool/sol1/.autopilot/db/Testbench_pool.tbgen.tcl 
Execute       source /home/coder/Desktop/s2n2/finn-hlslib-lif/tb/hls-syn-pool/sol1/.autopilot/db/Testbench_pool.tbgen.tcl 
Execute       source /home/coder/Desktop/s2n2/finn-hlslib-lif/tb/hls-syn-pool/sol1/.autopilot/db/Testbench_pool.tbgen.tcl 
Execute       source /home/coder/Desktop/s2n2/finn-hlslib-lif/tb/hls-syn-pool/sol1/.autopilot/db/Testbench_pool.tbgen.tcl 
Execute       source /home/coder/Desktop/s2n2/finn-hlslib-lif/tb/hls-syn-pool/sol1/.autopilot/db/Testbench_pool.tbgen.tcl 
Execute       source /home/coder/Desktop/s2n2/finn-hlslib-lif/tb/hls-syn-pool/sol1/.autopilot/db/Testbench_pool.tbgen.tcl 
Execute       source /home/coder/Desktop/s2n2/finn-hlslib-lif/tb/hls-syn-pool/sol1/.autopilot/db/Testbench_pool.tbgen.tcl 
INFO: [COSIM 212-1] *** C/RTL co-simulation file generation completed. ***
Execute       source .run_sim.tcl 
Execute         source check_sim.tcl 
Execute         source .sim.status.tcl 
INFO: [COSIM 212-323] Starting verilog simulation. 
INFO: [COSIM 212-15] Starting XSIM ...
INFO: [COSIM 212-316] Starting C post checking ...
Command       ap_source done; 22.44 sec.
INFO: [COSIM 212-1000] *** C/RTL co-simulation finished: PASS ***
INFO: [COSIM 212-211] II is measurable only when transaction number is greater than 1 in RTL simulation. Otherwise, they will be marked as all NA. If user wants to calculate them, please make sure there are at least 2 transactions in RTL simulation.
Command     cosim_design done; 36.81 sec.
Execute     cleanup_all 
