

================================================================
== Vitis HLS Report for 'conv2x2_top_Pipeline_VITIS_LOOP_130_1'
================================================================
* Date:           Thu Apr 23 02:08:43 2026

* Version:        2023.1 (Build 3854077 on May  4 2023)
* Project:        conv2x2_prj
* Solution:       xcvu9p-flga2577-2-e (Vivado IP Flow Target)
* Product family: virtexuplus
* Target device:  xcvu9p-flga2577-2-e


================================================================
== Performance Estimates
================================================================
+ Timing: 
    * Summary: 
    +--------+----------+----------+------------+
    |  Clock |  Target  | Estimated| Uncertainty|
    +--------+----------+----------+------------+
    |ap_clk  |  10.00 ns|  2.865 ns|     2.70 ns|
    +--------+----------+----------+------------+

+ Latency: 
    * Summary: 
    +---------+---------+-----------+-----------+-----+-----+---------+
    |  Latency (cycles) |   Latency (absolute)  |  Interval | Pipeline|
    |   min   |   max   |    min    |    max    | min | max |   Type  |
    +---------+---------+-----------+-----------+-----+-----+---------+
    |        6|        6|  60.000 ns|  60.000 ns|    6|    6|       no|
    +---------+---------+-----------+-----------+-----+-----+---------+

    + Detail: 
        * Instance: 
        N/A

        * Loop: 
        +--------------------+---------+---------+----------+-----------+-----------+------+----------+
        |                    |  Latency (cycles) | Iteration|  Initiation Interval  | Trip |          |
        |      Loop Name     |   min   |   max   |  Latency |  achieved |   target  | Count| Pipelined|
        +--------------------+---------+---------+----------+-----------+-----------+------+----------+
        |- VITIS_LOOP_130_1  |        4|        4|         2|          1|          1|     4|       yes|
        +--------------------+---------+---------+----------+-----------+-----------+------+----------+

============================================================
+ Verbose Summary: Synthesis Manager
============================================================
InlineROM: 1
ExposeGlobal: 0
============================================================
+ Verbose Summary: CDFG Model
============================================================
IsTopModel: 0
ResetActiveHigh: 1
IsCombinational: 0
IsDatapathOnly: 0
HasWiredReturn: 1
HasMFsm: 2
HasVarLatency: 1
IsPipeline: 0
IsRtlPipelined: 0
IsInstanceOverlapped: 0
IsDontTouch: 0
HasImplIP: 0
IsGatedGlobalClock: 0

+ Individual pipeline summary: 
  * Pipeline-0: initiation interval (II) = 1, depth = 2


============================================================
+ Verbose Summary: Schedule
============================================================
* Number of FSM states : 2
* Pipeline : 1
  Pipeline-0 : II = 1, D = 2, States = { 1 2 }
* Dataflow Pipeline: 0

* FSM state transitions: 
1 --> 2 
2 --> 

* FSM state operations: 

State 1 <SV = 0> <Delay = 0.95>
ST_1 : Operation 5 [1/1] (0.00ns)   --->   "%i_2 = alloca i32 1"   --->   Operation 5 'alloca' 'i_2' <Predicate = true> <Delay = 0.00>
ST_1 : Operation 6 [1/1] (0.00ns)   --->   "%specinterface_ln0 = specinterface void @_ssdm_op_SpecInterface, i1 %out_stream, void @empty_1, i32 0, i32 0, void @empty_0, i32 0, i32 0, void @empty_0, void @empty_0, void @empty_0, i32 0, i32 0, i32 0, i32 0, void @empty_0, void @empty_0, i32 4294967295, i32 0"   --->   Operation 6 'specinterface' 'specinterface_ln0' <Predicate = true> <Delay = 0.00>
ST_1 : Operation 7 [1/1] (0.00ns)   --->   "%specinterface_ln0 = specinterface void @_ssdm_op_SpecInterface, i1 %convInp, void @empty_1, i32 0, i32 0, void @empty_0, i32 0, i32 0, void @empty_0, void @empty_0, void @empty_0, i32 0, i32 0, i32 0, i32 0, void @empty_0, void @empty_0, i32 4294967295, i32 0"   --->   Operation 7 'specinterface' 'specinterface_ln0' <Predicate = true> <Delay = 0.00>
ST_1 : Operation 8 [1/1] (0.00ns)   --->   "%temp_read = read i2 @_ssdm_op_Read.ap_auto.i2, i2 %temp"   --->   Operation 8 'read' 'temp_read' <Predicate = true> <Delay = 0.00>
ST_1 : Operation 9 [1/1] (0.38ns)   --->   "%store_ln0 = store i3 0, i3 %i_2"   --->   Operation 9 'store' 'store_ln0' <Predicate = true> <Delay = 0.38>
ST_1 : Operation 10 [1/1] (0.00ns)   --->   "%br_ln0 = br void %if.end.i"   --->   Operation 10 'br' 'br_ln0' <Predicate = true> <Delay = 0.00>
ST_1 : Operation 11 [1/1] (0.00ns)   --->   "%i = load i3 %i_2" [/home/coder/Documents/s2n2/finn-hlslib-lif/mvau.hpp:130->/home/coder/Documents/s2n2/finn-hlslib-lif/convlayer.h:122->/home/coder/Desktop/s2n2/convSNN/conv2x2_top.cpp:93]   --->   Operation 11 'load' 'i' <Predicate = true> <Delay = 0.00>
ST_1 : Operation 12 [1/1] (0.57ns)   --->   "%icmp_ln130 = icmp_eq  i3 %i, i3 4" [/home/coder/Documents/s2n2/finn-hlslib-lif/mvau.hpp:130->/home/coder/Documents/s2n2/finn-hlslib-lif/convlayer.h:122->/home/coder/Desktop/s2n2/convSNN/conv2x2_top.cpp:93]   --->   Operation 12 'icmp' 'icmp_ln130' <Predicate = true> <Delay = 0.57> <CoreInst = "Cmp">   --->   Core 9 'Cmp' <Latency = 0> <II = 1> <Delay = 0.57> <FuncUnit> <Opcode : 'icmp'> <InPorts = 2> <OutPorts = 1>
ST_1 : Operation 13 [1/1] (0.57ns)   --->   "%i_3 = add i3 %i, i3 1" [/home/coder/Documents/s2n2/finn-hlslib-lif/mvau.hpp:130->/home/coder/Documents/s2n2/finn-hlslib-lif/convlayer.h:122->/home/coder/Desktop/s2n2/convSNN/conv2x2_top.cpp:93]   --->   Operation 13 'add' 'i_3' <Predicate = true> <Delay = 0.57> <CoreInst = "Adder">   --->   Core 1 'Adder' <Latency = 0> <II = 1> <Delay = 0.57> <FuncUnit> <Opcode : 'add' 'sub'> <InPorts = 2> <OutPorts = 1>
ST_1 : Operation 14 [1/1] (0.00ns)   --->   "%br_ln130 = br i1 %icmp_ln130, void %if.end.i.split, void %for.inc9.preheader.exitStub" [/home/coder/Documents/s2n2/finn-hlslib-lif/mvau.hpp:130->/home/coder/Documents/s2n2/finn-hlslib-lif/convlayer.h:122->/home/coder/Desktop/s2n2/convSNN/conv2x2_top.cpp:93]   --->   Operation 14 'br' 'br_ln130' <Predicate = true> <Delay = 0.00>
ST_1 : Operation 15 [1/1] (0.38ns)   --->   "%store_ln130 = store i3 %i_3, i3 %i_2" [/home/coder/Documents/s2n2/finn-hlslib-lif/mvau.hpp:130->/home/coder/Documents/s2n2/finn-hlslib-lif/convlayer.h:122->/home/coder/Desktop/s2n2/convSNN/conv2x2_top.cpp:93]   --->   Operation 15 'store' 'store_ln130' <Predicate = (!icmp_ln130)> <Delay = 0.38>
ST_1 : Operation 24 [1/1] (0.00ns)   --->   "%ret_ln0 = ret"   --->   Operation 24 'ret' 'ret_ln0' <Predicate = (icmp_ln130)> <Delay = 0.00>

State 2 <SV = 1> <Delay = 2.86>
ST_2 : Operation 16 [1/1] (0.00ns)   --->   "%specpipeline_ln131 = specpipeline void @_ssdm_op_SpecPipeline, i32 1, i32 0, i32 0, i32 0, void @empty_0" [/home/coder/Documents/s2n2/finn-hlslib-lif/mvau.hpp:131->/home/coder/Documents/s2n2/finn-hlslib-lif/convlayer.h:122->/home/coder/Desktop/s2n2/convSNN/conv2x2_top.cpp:93]   --->   Operation 16 'specpipeline' 'specpipeline_ln131' <Predicate = true> <Delay = 0.00>
ST_2 : Operation 17 [1/1] (0.00ns)   --->   "%speclooptripcount_ln130 = speclooptripcount void @_ssdm_op_SpecLoopTripCount, i64 4, i64 4, i64 4" [/home/coder/Documents/s2n2/finn-hlslib-lif/mvau.hpp:130->/home/coder/Documents/s2n2/finn-hlslib-lif/convlayer.h:122->/home/coder/Desktop/s2n2/convSNN/conv2x2_top.cpp:93]   --->   Operation 17 'speclooptripcount' 'speclooptripcount_ln130' <Predicate = true> <Delay = 0.00>
ST_2 : Operation 18 [1/1] (0.00ns)   --->   "%specloopname_ln130 = specloopname void @_ssdm_op_SpecLoopName, void @empty_4" [/home/coder/Documents/s2n2/finn-hlslib-lif/mvau.hpp:130->/home/coder/Documents/s2n2/finn-hlslib-lif/convlayer.h:122->/home/coder/Desktop/s2n2/convSNN/conv2x2_top.cpp:93]   --->   Operation 18 'specloopname' 'specloopname_ln130' <Predicate = true> <Delay = 0.00>
ST_2 : Operation 19 [1/1] (1.42ns)   --->   "%inElem = read i1 @_ssdm_op_Read.ap_fifo.volatile.i1P0A, i1 %convInp" [/home/coder/Documents/s2n2/finn-hlslib-lif/mvau.hpp:135->/home/coder/Documents/s2n2/finn-hlslib-lif/convlayer.h:122->/home/coder/Desktop/s2n2/convSNN/conv2x2_top.cpp:93]   --->   Operation 19 'read' 'inElem' <Predicate = true> <Delay = 1.42> <CoreInst = "FIFO_SRL">   --->   Core 81 'FIFO_SRL' <Latency = 0> <II = 1> <Delay = 1.42> <Storage> <Opcode : 'read' 'write' 'nbread' 'nbwrite'> <Ports = 0> <Width = 1> <Depth = 2> <FIFO>
ST_2 : Operation 20 [1/1] (0.43ns)   --->   "%icmp_ln207 = icmp_ne  i2 %temp_read, i2 0" [/home/coder/Documents/s2n2/finn-hlslib-lif/weights.hpp:207->/home/coder/Documents/s2n2/finn-hlslib-lif/mvau.hpp:164->/home/coder/Documents/s2n2/finn-hlslib-lif/convlayer.h:122->/home/coder/Desktop/s2n2/convSNN/conv2x2_top.cpp:93]   --->   Operation 20 'icmp' 'icmp_ln207' <Predicate = true> <Delay = 0.43> <CoreInst = "Cmp">   --->   Core 9 'Cmp' <Latency = 0> <II = 1> <Delay = 0.43> <FuncUnit> <Opcode : 'icmp'> <InPorts = 2> <OutPorts = 1>
ST_2 : Operation 21 [1/1] (0.12ns)   --->   "%outElem = and i1 %inElem, i1 %icmp_ln207" [/home/coder/Documents/s2n2/finn-hlslib-lif/weights.hpp:202->/home/coder/Documents/s2n2/finn-hlslib-lif/mvau.hpp:164->/home/coder/Documents/s2n2/finn-hlslib-lif/convlayer.h:122->/home/coder/Desktop/s2n2/convSNN/conv2x2_top.cpp:93]   --->   Operation 21 'and' 'outElem' <Predicate = true> <Delay = 0.12> <CoreInst = "LogicGate">   --->   Core 74 'LogicGate' <Latency = 0> <II = 1> <Delay = 0.12> <FuncUnit> <Opcode : 'and' 'or' 'xor'> <InPorts = 2> <OutPorts = 1>
ST_2 : Operation 22 [1/1] (1.31ns)   --->   "%write_ln186 = write void @_ssdm_op_Write.ap_fifo.volatile.i1P0A, i1 %out_stream, i1 %outElem" [/home/coder/Documents/s2n2/finn-hlslib-lif/mvau.hpp:186->/home/coder/Documents/s2n2/finn-hlslib-lif/convlayer.h:122->/home/coder/Desktop/s2n2/convSNN/conv2x2_top.cpp:93]   --->   Operation 22 'write' 'write_ln186' <Predicate = true> <Delay = 1.31> <CoreInst = "FIFO_SRL">   --->   Core 81 'FIFO_SRL' <Latency = 0> <II = 1> <Delay = 1.31> <Storage> <Opcode : 'read' 'write' 'nbread' 'nbwrite'> <Ports = 0> <Width = 1> <Depth = 8> <FIFO>
ST_2 : Operation 23 [1/1] (0.00ns)   --->   "%br_ln130 = br void %if.end.i" [/home/coder/Documents/s2n2/finn-hlslib-lif/mvau.hpp:130->/home/coder/Documents/s2n2/finn-hlslib-lif/convlayer.h:122->/home/coder/Desktop/s2n2/convSNN/conv2x2_top.cpp:93]   --->   Operation 23 'br' 'br_ln130' <Predicate = true> <Delay = 0.00>


============================================================
+ Verbose Summary: Timing violations
============================================================
Target clock period: 10.000ns, clock uncertainty: 2.700ns.

 <State 1>: 0.959ns
The critical path consists of the following:
	'alloca' operation ('i') [4]  (0.000 ns)
	'load' operation ('i', /home/coder/Documents/s2n2/finn-hlslib-lif/mvau.hpp:130->/home/coder/Documents/s2n2/finn-hlslib-lif/convlayer.h:122->/home/coder/Desktop/s2n2/convSNN/conv2x2_top.cpp:93) on local variable 'i' [11]  (0.000 ns)
	'add' operation ('i', /home/coder/Documents/s2n2/finn-hlslib-lif/mvau.hpp:130->/home/coder/Documents/s2n2/finn-hlslib-lif/convlayer.h:122->/home/coder/Desktop/s2n2/convSNN/conv2x2_top.cpp:93) [13]  (0.572 ns)
	'store' operation ('store_ln130', /home/coder/Documents/s2n2/finn-hlslib-lif/mvau.hpp:130->/home/coder/Documents/s2n2/finn-hlslib-lif/convlayer.h:122->/home/coder/Desktop/s2n2/convSNN/conv2x2_top.cpp:93) of variable 'i', /home/coder/Documents/s2n2/finn-hlslib-lif/mvau.hpp:130->/home/coder/Documents/s2n2/finn-hlslib-lif/convlayer.h:122->/home/coder/Desktop/s2n2/convSNN/conv2x2_top.cpp:93 on local variable 'i' [23]  (0.387 ns)

 <State 2>: 2.865ns
The critical path consists of the following:
	fifo read operation ('inElem', /home/coder/Documents/s2n2/finn-hlslib-lif/mvau.hpp:135->/home/coder/Documents/s2n2/finn-hlslib-lif/convlayer.h:122->/home/coder/Desktop/s2n2/convSNN/conv2x2_top.cpp:93) on port 'convInp' (/home/coder/Documents/s2n2/finn-hlslib-lif/mvau.hpp:135->/home/coder/Documents/s2n2/finn-hlslib-lif/convlayer.h:122->/home/coder/Desktop/s2n2/convSNN/conv2x2_top.cpp:93) [19]  (1.429 ns)
	'and' operation ('outElem', /home/coder/Documents/s2n2/finn-hlslib-lif/weights.hpp:202->/home/coder/Documents/s2n2/finn-hlslib-lif/mvau.hpp:164->/home/coder/Documents/s2n2/finn-hlslib-lif/convlayer.h:122->/home/coder/Desktop/s2n2/convSNN/conv2x2_top.cpp:93) [21]  (0.122 ns)
	fifo write operation ('write_ln186', /home/coder/Documents/s2n2/finn-hlslib-lif/mvau.hpp:186->/home/coder/Documents/s2n2/finn-hlslib-lif/convlayer.h:122->/home/coder/Desktop/s2n2/convSNN/conv2x2_top.cpp:93) on port 'out_stream' (/home/coder/Documents/s2n2/finn-hlslib-lif/mvau.hpp:186->/home/coder/Documents/s2n2/finn-hlslib-lif/convlayer.h:122->/home/coder/Desktop/s2n2/convSNN/conv2x2_top.cpp:93) [22]  (1.314 ns)


============================================================
+ Verbose Summary: Binding
============================================================
N/A
* FSMD analyzer results:
  - Output states:
 - Input state : 
  - Chain level:
	State 1
	State 2


============================================================
+ Verbose Summary: Datapath Resource usage 
============================================================
N/A
