

================================================================
== Vitis HLS Report for 'conv2x2_top_Pipeline_VITIS_LOOP_47_1'
================================================================
* Date:           Thu Apr 16 16:33:30 2026

* Version:        2023.1 (Build 3854077 on May  4 2023)
* Project:        conv2x2_prj
* Solution:       xcvu9p-flga2577-2-e (Vivado IP Flow Target)
* Product family: virtexuplus
* Target device:  xcvu9p-flga2577-2-e


================================================================
== Performance Estimates
================================================================
+ Timing: 
    * Summary: 
    +--------+----------+----------+------------+
    |  Clock |  Target  | Estimated| Uncertainty|
    +--------+----------+----------+------------+
    |ap_clk  |  10.00 ns|  1.314 ns|     2.70 ns|
    +--------+----------+----------+------------+

+ Latency: 
    * Summary: 
    +---------+---------+-----------+-----------+-----+-----+---------+
    |  Latency (cycles) |   Latency (absolute)  |  Interval | Pipeline|
    |   min   |   max   |    min    |    max    | min | max |   Type  |
    +---------+---------+-----------+-----------+-----+-----+---------+
    |        6|        6|  60.000 ns|  60.000 ns|    6|    6|       no|
    +---------+---------+-----------+-----------+-----+-----+---------+

    + Detail: 
        * Instance: 
        N/A

        * Loop: 
        +-------------------+---------+---------+----------+-----------+-----------+------+----------+
        |                   |  Latency (cycles) | Iteration|  Initiation Interval  | Trip |          |
        |     Loop Name     |   min   |   max   |  Latency |  achieved |   target  | Count| Pipelined|
        +-------------------+---------+---------+----------+-----------+-----------+------+----------+
        |- VITIS_LOOP_47_1  |        4|        4|         2|          1|          1|     4|       yes|
        +-------------------+---------+---------+----------+-----------+-----------+------+----------+

============================================================
+ Verbose Summary: Synthesis Manager
============================================================
InlineROM: 1
ExposeGlobal: 0
============================================================
+ Verbose Summary: CDFG Model
============================================================
IsTopModel: 0
ResetActiveHigh: 1
IsCombinational: 0
IsDatapathOnly: 0
HasWiredReturn: 1
HasMFsm: 2
HasVarLatency: 1
IsPipeline: 0
IsRtlPipelined: 0
IsInstanceOverlapped: 0
IsDontTouch: 0
HasImplIP: 0
IsGatedGlobalClock: 0

+ Individual pipeline summary: 
  * Pipeline-0: initiation interval (II) = 1, depth = 2


============================================================
+ Verbose Summary: Schedule
============================================================
* Number of FSM states : 2
* Pipeline : 1
  Pipeline-0 : II = 1, D = 2, States = { 1 2 }
* Dataflow Pipeline: 0

* FSM state transitions: 
1 --> 2 
2 --> 

* FSM state operations: 

State 1 <SV = 0> <Delay = 0.95>
ST_1 : Operation 5 [1/1] (0.00ns)   --->   "%i = alloca i32 1"   --->   Operation 5 'alloca' 'i' <Predicate = true> <Delay = 0.00>
ST_1 : Operation 6 [1/1] (0.00ns)   --->   "%specinterface_ln0 = specinterface void @_ssdm_op_SpecInterface, i1 %in_stream, void @empty_1, i32 0, i32 0, void @empty_0, i32 0, i32 0, void @empty_0, void @empty_0, void @empty_0, i32 0, i32 0, i32 0, i32 0, void @empty_0, void @empty_0, i32 4294967295, i32 0"   --->   Operation 6 'specinterface' 'specinterface_ln0' <Predicate = true> <Delay = 0.00>
ST_1 : Operation 7 [1/1] (0.00ns)   --->   "%in_3_load_read = read i1 @_ssdm_op_Read.ap_auto.i1, i1 %in_3_load"   --->   Operation 7 'read' 'in_3_load_read' <Predicate = true> <Delay = 0.00>
ST_1 : Operation 8 [1/1] (0.00ns)   --->   "%in_2_load_read = read i1 @_ssdm_op_Read.ap_auto.i1, i1 %in_2_load"   --->   Operation 8 'read' 'in_2_load_read' <Predicate = true> <Delay = 0.00>
ST_1 : Operation 9 [1/1] (0.00ns)   --->   "%in_1_load_read = read i1 @_ssdm_op_Read.ap_auto.i1, i1 %in_1_load"   --->   Operation 9 'read' 'in_1_load_read' <Predicate = true> <Delay = 0.00>
ST_1 : Operation 10 [1/1] (0.00ns)   --->   "%in_0_load_read = read i1 @_ssdm_op_Read.ap_auto.i1, i1 %in_0_load"   --->   Operation 10 'read' 'in_0_load_read' <Predicate = true> <Delay = 0.00>
ST_1 : Operation 11 [1/1] (0.38ns)   --->   "%store_ln0 = store i3 0, i3 %i"   --->   Operation 11 'store' 'store_ln0' <Predicate = true> <Delay = 0.38>
ST_1 : Operation 12 [1/1] (0.00ns)   --->   "%br_ln0 = br void %for.inc"   --->   Operation 12 'br' 'br_ln0' <Predicate = true> <Delay = 0.00>
ST_1 : Operation 13 [1/1] (0.00ns)   --->   "%i_4 = load i3 %i" [/home/coder/Desktop/s2n2/convSNN/conv2x2_top.cpp:47]   --->   Operation 13 'load' 'i_4' <Predicate = true> <Delay = 0.00>
ST_1 : Operation 14 [1/1] (0.57ns)   --->   "%icmp_ln47 = icmp_eq  i3 %i_4, i3 4" [/home/coder/Desktop/s2n2/convSNN/conv2x2_top.cpp:47]   --->   Operation 14 'icmp' 'icmp_ln47' <Predicate = true> <Delay = 0.57> <CoreInst = "Cmp">   --->   Core 9 'Cmp' <Latency = 0> <II = 1> <Delay = 0.57> <FuncUnit> <Opcode : 'icmp'> <InPorts = 2> <OutPorts = 1>
ST_1 : Operation 15 [1/1] (0.57ns)   --->   "%add_ln47 = add i3 %i_4, i3 1" [/home/coder/Desktop/s2n2/convSNN/conv2x2_top.cpp:47]   --->   Operation 15 'add' 'add_ln47' <Predicate = true> <Delay = 0.57> <CoreInst = "Adder">   --->   Core 1 'Adder' <Latency = 0> <II = 1> <Delay = 0.57> <FuncUnit> <Opcode : 'add' 'sub'> <InPorts = 2> <OutPorts = 1>
ST_1 : Operation 16 [1/1] (0.00ns)   --->   "%br_ln47 = br i1 %icmp_ln47, void %for.inc.split, void %for.end.exitStub" [/home/coder/Desktop/s2n2/convSNN/conv2x2_top.cpp:47]   --->   Operation 16 'br' 'br_ln47' <Predicate = true> <Delay = 0.00>
ST_1 : Operation 17 [1/1] (0.00ns)   --->   "%trunc_ln47 = trunc i3 %i_4" [/home/coder/Desktop/s2n2/convSNN/conv2x2_top.cpp:47]   --->   Operation 17 'trunc' 'trunc_ln47' <Predicate = (!icmp_ln47)> <Delay = 0.00>
ST_1 : Operation 18 [1/1] (0.45ns)   --->   "%p_0 = mux i1 @_ssdm_op_Mux.ap_auto.4i1.i2, i1 %in_0_load_read, i1 %in_1_load_read, i1 %in_2_load_read, i1 %in_3_load_read, i2 %trunc_ln47" [/home/coder/Desktop/s2n2/convSNN/conv2x2_top.cpp:49]   --->   Operation 18 'mux' 'p_0' <Predicate = (!icmp_ln47)> <Delay = 0.45> <CoreInst = "Multiplexer">   --->   Core 76 'Multiplexer' <Latency = 0> <II = 1> <Delay = 0.45> <FuncUnit> <Opcode : 'mux'> <InPorts = 2> <OutPorts = 1>
ST_1 : Operation 19 [1/1] (0.38ns)   --->   "%store_ln47 = store i3 %add_ln47, i3 %i" [/home/coder/Desktop/s2n2/convSNN/conv2x2_top.cpp:47]   --->   Operation 19 'store' 'store_ln47' <Predicate = (!icmp_ln47)> <Delay = 0.38>
ST_1 : Operation 25 [1/1] (0.00ns)   --->   "%ret_ln0 = ret"   --->   Operation 25 'ret' 'ret_ln0' <Predicate = (icmp_ln47)> <Delay = 0.00>

State 2 <SV = 1> <Delay = 1.31>
ST_2 : Operation 20 [1/1] (0.00ns)   --->   "%specpipeline_ln48 = specpipeline void @_ssdm_op_SpecPipeline, i32 1, i32 0, i32 0, i32 0, void @empty_0" [/home/coder/Desktop/s2n2/convSNN/conv2x2_top.cpp:48]   --->   Operation 20 'specpipeline' 'specpipeline_ln48' <Predicate = true> <Delay = 0.00>
ST_2 : Operation 21 [1/1] (0.00ns)   --->   "%speclooptripcount_ln47 = speclooptripcount void @_ssdm_op_SpecLoopTripCount, i64 4, i64 4, i64 4" [/home/coder/Desktop/s2n2/convSNN/conv2x2_top.cpp:47]   --->   Operation 21 'speclooptripcount' 'speclooptripcount_ln47' <Predicate = true> <Delay = 0.00>
ST_2 : Operation 22 [1/1] (0.00ns)   --->   "%specloopname_ln47 = specloopname void @_ssdm_op_SpecLoopName, void @empty_6" [/home/coder/Desktop/s2n2/convSNN/conv2x2_top.cpp:47]   --->   Operation 22 'specloopname' 'specloopname_ln47' <Predicate = true> <Delay = 0.00>
ST_2 : Operation 23 [1/1] (1.31ns)   --->   "%write_ln49 = write void @_ssdm_op_Write.ap_fifo.volatile.i1P0A, i1 %in_stream, i1 %p_0" [/home/coder/Desktop/s2n2/convSNN/conv2x2_top.cpp:49]   --->   Operation 23 'write' 'write_ln49' <Predicate = true> <Delay = 1.31> <CoreInst = "FIFO_SRL">   --->   Core 81 'FIFO_SRL' <Latency = 0> <II = 1> <Delay = 1.31> <Storage> <Opcode : 'read' 'write' 'nbread' 'nbwrite'> <Ports = 0> <Width = 1> <Depth = 8> <FIFO>
ST_2 : Operation 24 [1/1] (0.00ns)   --->   "%br_ln47 = br void %for.inc" [/home/coder/Desktop/s2n2/convSNN/conv2x2_top.cpp:47]   --->   Operation 24 'br' 'br_ln47' <Predicate = true> <Delay = 0.00>


============================================================
+ Verbose Summary: Timing violations
============================================================
Target clock period: 10.000ns, clock uncertainty: 2.700ns.

 <State 1>: 0.959ns
The critical path consists of the following:
	'alloca' operation ('i') [6]  (0.000 ns)
	'load' operation ('i', /home/coder/Desktop/s2n2/convSNN/conv2x2_top.cpp:47) on local variable 'i' [15]  (0.000 ns)
	'add' operation ('add_ln47', /home/coder/Desktop/s2n2/convSNN/conv2x2_top.cpp:47) [17]  (0.572 ns)
	'store' operation ('store_ln47', /home/coder/Desktop/s2n2/convSNN/conv2x2_top.cpp:47) of variable 'add_ln47', /home/coder/Desktop/s2n2/convSNN/conv2x2_top.cpp:47 on local variable 'i' [26]  (0.387 ns)

 <State 2>: 1.314ns
The critical path consists of the following:
	fifo write operation ('write_ln49', /home/coder/Desktop/s2n2/convSNN/conv2x2_top.cpp:49) on port 'in_stream' (/home/coder/Desktop/s2n2/convSNN/conv2x2_top.cpp:49) [25]  (1.314 ns)


============================================================
+ Verbose Summary: Binding
============================================================
N/A
* FSMD analyzer results:
  - Output states:
 - Input state : 
  - Chain level:
	State 1
	State 2


============================================================
+ Verbose Summary: Datapath Resource usage 
============================================================
N/A
