

================================================================
== Vitis HLS Report for 'conv2x2_top_Pipeline_VITIS_LOOP_131_1'
================================================================
* Date:           Sun Apr 26 00:20:11 2026

* Version:        2023.1 (Build 3854077 on May  4 2023)
* Project:        conv2x2_prj
* Solution:       xcvu9p-flga2577-2-e (Vivado IP Flow Target)
* Product family: virtexuplus
* Target device:  xcvu9p-flga2577-2-e


================================================================
== Performance Estimates
================================================================
+ Timing: 
    * Summary: 
    +--------+----------+----------+------------+
    |  Clock |  Target  | Estimated| Uncertainty|
    +--------+----------+----------+------------+
    |ap_clk  |  10.00 ns|  4.347 ns|     2.70 ns|
    +--------+----------+----------+------------+

+ Latency: 
    * Summary: 
    +---------+---------+-----------+-----------+-----+-----+---------+
    |  Latency (cycles) |   Latency (absolute)  |  Interval | Pipeline|
    |   min   |   max   |    min    |    max    | min | max |   Type  |
    +---------+---------+-----------+-----------+-----+-----+---------+
    |        6|        6|  60.000 ns|  60.000 ns|    6|    6|       no|
    +---------+---------+-----------+-----------+-----+-----+---------+

    + Detail: 
        * Instance: 
        N/A

        * Loop: 
        +--------------------+---------+---------+----------+-----------+-----------+------+----------+
        |                    |  Latency (cycles) | Iteration|  Initiation Interval  | Trip |          |
        |      Loop Name     |   min   |   max   |  Latency |  achieved |   target  | Count| Pipelined|
        +--------------------+---------+---------+----------+-----------+-----------+------+----------+
        |- VITIS_LOOP_131_1  |        4|        4|         2|          1|          1|     4|       yes|
        +--------------------+---------+---------+----------+-----------+-----------+------+----------+



================================================================
== Utilization Estimates
================================================================
* Summary: 
+---------------------+---------+------+---------+---------+-----+
|         Name        | BRAM_18K|  DSP |    FF   |   LUT   | URAM|
+---------------------+---------+------+---------+---------+-----+
|DSP                  |        -|     -|        -|        -|    -|
|Expression           |        -|     -|        0|      118|    -|
|FIFO                 |        -|     -|        -|        -|    -|
|Instance             |        -|     -|        0|       20|    -|
|Memory               |        -|     -|        -|        -|    -|
|Multiplexer          |        -|     -|        -|       72|    -|
|Register             |        -|     -|       74|        -|    -|
+---------------------+---------+------+---------+---------+-----+
|Total                |        0|     0|       74|      210|    0|
+---------------------+---------+------+---------+---------+-----+
|Available SLR        |     1440|  2280|   788160|   394080|  320|
+---------------------+---------+------+---------+---------+-----+
|Utilization SLR (%)  |        0|     0|       ~0|       ~0|    0|
+---------------------+---------+------+---------+---------+-----+
|Available            |     4320|  6840|  2364480|  1182240|  960|
+---------------------+---------+------+---------+---------+-----+
|Utilization (%)      |        0|     0|       ~0|       ~0|    0|
+---------------------+---------+------+---------+---------+-----+

+ Detail: 
    * Instance: 
    +--------------------+----------------+---------+----+---+----+-----+
    |      Instance      |     Module     | BRAM_18K| DSP| FF| LUT| URAM|
    +--------------------+----------------+---------+----+---+----+-----+
    |mux_4_2_16_1_1_U14  |mux_4_2_16_1_1  |        0|   0|  0|  20|    0|
    +--------------------+----------------+---------+----+---+----+-----+
    |Total               |                |        0|   0|  0|  20|    0|
    +--------------------+----------------+---------+----+---+----+-----+

    * DSP: 
    N/A

    * Memory: 
    N/A

    * FIFO: 
    N/A

    * Expression: 
    +----------------------------------+----------+----+---+----+------------+------------+
    |           Variable Name          | Operation| DSP| FF| LUT| Bitwidth P0| Bitwidth P1|
    +----------------------------------+----------+----+---+----+------------+------------+
    |cntr_3_fu_111_p2                  |         +|   0|  0|   9|           2|           1|
    |i_4_fu_105_p2                     |         +|   0|  0|  10|           3|           1|
    |newSecond_fu_184_p2               |         +|   0|  0|  16|          16|          16|
    |temp_1_fu_178_p2                  |         -|   0|  0|  16|          16|          16|
    |ap_block_pp0_stage0_01001         |       and|   0|  0|   2|           1|           1|
    |icmp_ln131_fu_99_p2               |      icmp|   0|  0|  12|           3|           4|
    |outElem_fu_190_p2                 |      icmp|   0|  0|  23|          16|           1|
    |ap_block_state2_pp0_stage0_iter1  |        or|   0|  0|   2|           1|           1|
    |select_ln165_fu_170_p3            |    select|   0|  0|  10|           1|          10|
    |select_ln179_fu_197_p3            |    select|   0|  0|  16|           1|           1|
    |ap_enable_pp0                     |       xor|   0|  0|   2|           1|           2|
    +----------------------------------+----------+----+---+----+------------+------------+
    |Total                             |          |   0|  0| 118|          61|          54|
    +----------------------------------+----------+----+---+----+------------+------------+

    * Multiplexer: 
    +-------------------------+----+-----------+-----+-----------+
    |           Name          | LUT| Input Size| Bits| Total Bits|
    +-------------------------+----+-----------+-----+-----------+
    |ap_done_int              |   9|          2|    1|          2|
    |ap_enable_reg_pp0_iter1  |   9|          2|    1|          2|
    |ap_sig_allocacmp_cntr_2  |   9|          2|    2|          4|
    |ap_sig_allocacmp_i       |   9|          2|    3|          6|
    |cntr_fu_62               |   9|          2|    2|          4|
    |convInp_blk_n            |   9|          2|    1|          2|
    |i_2_fu_66                |   9|          2|    3|          6|
    |out_stream_blk_n         |   9|          2|    1|          2|
    +-------------------------+----+-----------+-----+-----------+
    |Total                    |  72|         16|   14|         28|
    +-------------------------+----+-----------+-----+-----------+

    * Register: 
    +---------------------------------------------------------------------------------+----+----+-----+-----------+
    |                                       Name                                      | FF | LUT| Bits| Const Bits|
    +---------------------------------------------------------------------------------+----+----+-----+-----------+
    |ap_CS_fsm                                                                        |   1|   0|    1|          0|
    |ap_done_reg                                                                      |   1|   0|    1|          0|
    |ap_enable_reg_pp0_iter1                                                          |   1|   0|    1|          0|
    |cntr_2_reg_243                                                                   |   2|   0|    2|          0|
    |cntr_fu_62                                                                       |   2|   0|    2|          0|
    |i_2_fu_66                                                                        |   3|   0|    3|          0|
    |void_Matrix_Vector_Activate_Batch_stream_stream_FixedPointWeightsSp_const_int    |  16|   0|   16|          0|
    |void_Matrix_Vector_Activate_Batch_stream_stream_FixedPointWeightsSp_const_int_1  |  16|   0|   16|          0|
    |void_Matrix_Vector_Activate_Batch_stream_stream_FixedPointWeightsSp_const_int_2  |  16|   0|   16|          0|
    |void_Matrix_Vector_Activate_Batch_stream_stream_FixedPointWeightsSp_const_int_3  |  16|   0|   16|          0|
    +---------------------------------------------------------------------------------+----+----+-----+-----------+
    |Total                                                                            |  74|   0|   74|          0|
    +---------------------------------------------------------------------------------+----+----+-----+-----------+



================================================================
== Interface
================================================================
* Summary: 
+-------------------+-----+-----+------------+---------------------------------------+--------------+
|     RTL Ports     | Dir | Bits|  Protocol  |             Source Object             |    C Type    |
+-------------------+-----+-----+------------+---------------------------------------+--------------+
|ap_clk             |   in|    1|  ap_ctrl_hs|  conv2x2_top_Pipeline_VITIS_LOOP_131_1|  return value|
|ap_rst             |   in|    1|  ap_ctrl_hs|  conv2x2_top_Pipeline_VITIS_LOOP_131_1|  return value|
|ap_start           |   in|    1|  ap_ctrl_hs|  conv2x2_top_Pipeline_VITIS_LOOP_131_1|  return value|
|ap_done            |  out|    1|  ap_ctrl_hs|  conv2x2_top_Pipeline_VITIS_LOOP_131_1|  return value|
|ap_idle            |  out|    1|  ap_ctrl_hs|  conv2x2_top_Pipeline_VITIS_LOOP_131_1|  return value|
|ap_ready           |  out|    1|  ap_ctrl_hs|  conv2x2_top_Pipeline_VITIS_LOOP_131_1|  return value|
|convInp_dout       |   in|    1|     ap_fifo|                                convInp|       pointer|
|convInp_empty_n    |   in|    1|     ap_fifo|                                convInp|       pointer|
|convInp_read       |  out|    1|     ap_fifo|                                convInp|       pointer|
|out_stream_din     |  out|    1|     ap_fifo|                             out_stream|       pointer|
|out_stream_full_n  |   in|    1|     ap_fifo|                             out_stream|       pointer|
|out_stream_write   |  out|    1|     ap_fifo|                             out_stream|       pointer|
+-------------------+-----+-----+------------+---------------------------------------+--------------+

============================================================
+ Verbose Summary: Synthesis Manager
============================================================
InlineROM: 1
ExposeGlobal: 0
============================================================
+ Verbose Summary: CDFG Model
============================================================
IsTopModel: 0
ResetActiveHigh: 1
IsCombinational: 2
IsDatapathOnly: 2
HasWiredReturn: 1
HasMFsm: 2
HasVarLatency: 1
IsPipeline: 0
IsRtlPipelined: 0
IsInstanceOverlapped: 0
IsDontTouch: 0
HasImplIP: 0
IsGatedGlobalClock: 0

+ Individual pipeline summary: 
  * Pipeline-0: initiation interval (II) = 1, depth = 2


============================================================
+ Verbose Summary: Schedule
============================================================
* Number of FSM states : 2
* Pipeline : 1
  Pipeline-0 : II = 1, D = 2, States = { 1 2 }
* Dataflow Pipeline: 0

* FSM state transitions: 
1 --> 2 
2 --> 

* FSM state operations: 

State 1 <SV = 0> <Delay = 0.95>
ST_1 : Operation 5 [1/1] (0.00ns)   --->   "%cntr = alloca i32 1"   --->   Operation 5 'alloca' 'cntr' <Predicate = true> <Delay = 0.00>
ST_1 : Operation 6 [1/1] (0.00ns)   --->   "%i_2 = alloca i32 1"   --->   Operation 6 'alloca' 'i_2' <Predicate = true> <Delay = 0.00>
ST_1 : Operation 7 [1/1] (0.00ns)   --->   "%specinterface_ln0 = specinterface void @_ssdm_op_SpecInterface, i1 %out_stream, void @empty_4, i32 0, i32 0, void @empty_5, i32 0, i32 0, void @empty_5, void @empty_5, void @empty_5, i32 0, i32 0, i32 0, i32 0, void @empty_5, void @empty_5, i32 4294967295, i32 0"   --->   Operation 7 'specinterface' 'specinterface_ln0' <Predicate = true> <Delay = 0.00>
ST_1 : Operation 8 [1/1] (0.00ns)   --->   "%specinterface_ln0 = specinterface void @_ssdm_op_SpecInterface, i1 %convInp, void @empty_4, i32 0, i32 0, void @empty_5, i32 0, i32 0, void @empty_5, void @empty_5, void @empty_5, i32 0, i32 0, i32 0, i32 0, void @empty_5, void @empty_5, i32 4294967295, i32 0"   --->   Operation 8 'specinterface' 'specinterface_ln0' <Predicate = true> <Delay = 0.00>
ST_1 : Operation 9 [1/1] (0.38ns)   --->   "%store_ln0 = store i3 0, i3 %i_2"   --->   Operation 9 'store' 'store_ln0' <Predicate = true> <Delay = 0.38>
ST_1 : Operation 10 [1/1] (0.38ns)   --->   "%store_ln0 = store i2 0, i2 %cntr"   --->   Operation 10 'store' 'store_ln0' <Predicate = true> <Delay = 0.38>
ST_1 : Operation 11 [1/1] (0.00ns)   --->   "%br_ln0 = br void %if.end.i"   --->   Operation 11 'br' 'br_ln0' <Predicate = true> <Delay = 0.00>
ST_1 : Operation 12 [1/1] (0.00ns)   --->   "%cntr_2 = load i2 %cntr" [/home/coder/Documents/s2n2/finn-hlslib-lif/mvau.hpp:188->/home/coder/Documents/s2n2/finn-hlslib-lif/convlayer.h:122->/home/coder/Desktop/s2n2/convSNN/conv2x2_top.cpp:40]   --->   Operation 12 'load' 'cntr_2' <Predicate = true> <Delay = 0.00>
ST_1 : Operation 13 [1/1] (0.00ns)   --->   "%i = load i3 %i_2" [/home/coder/Documents/s2n2/finn-hlslib-lif/mvau.hpp:131->/home/coder/Documents/s2n2/finn-hlslib-lif/convlayer.h:122->/home/coder/Desktop/s2n2/convSNN/conv2x2_top.cpp:40]   --->   Operation 13 'load' 'i' <Predicate = true> <Delay = 0.00>
ST_1 : Operation 14 [1/1] (0.57ns)   --->   "%icmp_ln131 = icmp_eq  i3 %i, i3 4" [/home/coder/Documents/s2n2/finn-hlslib-lif/mvau.hpp:131->/home/coder/Documents/s2n2/finn-hlslib-lif/convlayer.h:122->/home/coder/Desktop/s2n2/convSNN/conv2x2_top.cpp:40]   --->   Operation 14 'icmp' 'icmp_ln131' <Predicate = true> <Delay = 0.57> <CoreInst = "Cmp">   --->   Core 9 'Cmp' <Latency = 0> <II = 1> <Delay = 0.70> <FuncUnit> <Opcode : 'icmp'> <InPorts = 2> <OutPorts = 1>
ST_1 : Operation 15 [1/1] (0.57ns)   --->   "%i_4 = add i3 %i, i3 1" [/home/coder/Documents/s2n2/finn-hlslib-lif/mvau.hpp:131->/home/coder/Documents/s2n2/finn-hlslib-lif/convlayer.h:122->/home/coder/Desktop/s2n2/convSNN/conv2x2_top.cpp:40]   --->   Operation 15 'add' 'i_4' <Predicate = true> <Delay = 0.57> <CoreInst = "Adder">   --->   Core 1 'Adder' <Latency = 0> <II = 1> <Delay = 0.57> <FuncUnit> <Opcode : 'add' 'sub'> <InPorts = 2> <OutPorts = 1>
ST_1 : Operation 16 [1/1] (0.00ns)   --->   "%br_ln131 = br i1 %icmp_ln131, void %if.end.i.split, void %for.inc10.preheader.exitStub" [/home/coder/Documents/s2n2/finn-hlslib-lif/mvau.hpp:131->/home/coder/Documents/s2n2/finn-hlslib-lif/convlayer.h:122->/home/coder/Desktop/s2n2/convSNN/conv2x2_top.cpp:40]   --->   Operation 16 'br' 'br_ln131' <Predicate = true> <Delay = 0.00>
ST_1 : Operation 17 [1/1] (0.43ns)   --->   "%cntr_3 = add i2 %cntr_2, i2 1" [/home/coder/Documents/s2n2/finn-hlslib-lif/mvau.hpp:188->/home/coder/Documents/s2n2/finn-hlslib-lif/convlayer.h:122->/home/coder/Desktop/s2n2/convSNN/conv2x2_top.cpp:40]   --->   Operation 17 'add' 'cntr_3' <Predicate = (!icmp_ln131)> <Delay = 0.43> <CoreInst = "Adder">   --->   Core 1 'Adder' <Latency = 0> <II = 1> <Delay = 0.43> <FuncUnit> <Opcode : 'add' 'sub'> <InPorts = 2> <OutPorts = 1>
ST_1 : Operation 18 [1/1] (0.38ns)   --->   "%store_ln131 = store i3 %i_4, i3 %i_2" [/home/coder/Documents/s2n2/finn-hlslib-lif/mvau.hpp:131->/home/coder/Documents/s2n2/finn-hlslib-lif/convlayer.h:122->/home/coder/Desktop/s2n2/convSNN/conv2x2_top.cpp:40]   --->   Operation 18 'store' 'store_ln131' <Predicate = (!icmp_ln131)> <Delay = 0.38>
ST_1 : Operation 19 [1/1] (0.38ns)   --->   "%store_ln131 = store i2 %cntr_3, i2 %cntr" [/home/coder/Documents/s2n2/finn-hlslib-lif/mvau.hpp:131->/home/coder/Documents/s2n2/finn-hlslib-lif/convlayer.h:122->/home/coder/Desktop/s2n2/convSNN/conv2x2_top.cpp:40]   --->   Operation 19 'store' 'store_ln131' <Predicate = (!icmp_ln131)> <Delay = 0.38>
ST_1 : Operation 47 [1/1] (0.00ns)   --->   "%ret_ln0 = ret"   --->   Operation 47 'ret' 'ret_ln0' <Predicate = (icmp_ln131)> <Delay = 0.00>

State 2 <SV = 1> <Delay = 4.34>
ST_2 : Operation 20 [1/1] (0.00ns)   --->   "%specpipeline_ln132 = specpipeline void @_ssdm_op_SpecPipeline, i32 1, i32 0, i32 0, i32 0, void @empty_5" [/home/coder/Documents/s2n2/finn-hlslib-lif/mvau.hpp:132->/home/coder/Documents/s2n2/finn-hlslib-lif/convlayer.h:122->/home/coder/Desktop/s2n2/convSNN/conv2x2_top.cpp:40]   --->   Operation 20 'specpipeline' 'specpipeline_ln132' <Predicate = true> <Delay = 0.00>
ST_2 : Operation 21 [1/1] (0.00ns)   --->   "%speclooptripcount_ln126 = speclooptripcount void @_ssdm_op_SpecLoopTripCount, i64 4, i64 4, i64 4" [/home/coder/Documents/s2n2/finn-hlslib-lif/mvau.hpp:126->/home/coder/Documents/s2n2/finn-hlslib-lif/convlayer.h:122->/home/coder/Desktop/s2n2/convSNN/conv2x2_top.cpp:40]   --->   Operation 21 'speclooptripcount' 'speclooptripcount_ln126' <Predicate = true> <Delay = 0.00>
ST_2 : Operation 22 [1/1] (0.00ns)   --->   "%specloopname_ln131 = specloopname void @_ssdm_op_SpecLoopName, void @empty_1" [/home/coder/Documents/s2n2/finn-hlslib-lif/mvau.hpp:131->/home/coder/Documents/s2n2/finn-hlslib-lif/convlayer.h:122->/home/coder/Desktop/s2n2/convSNN/conv2x2_top.cpp:40]   --->   Operation 22 'specloopname' 'specloopname_ln131' <Predicate = true> <Delay = 0.00>
ST_2 : Operation 23 [1/1] (1.10ns)   --->   "%inElem = read i1 @_ssdm_op_Read.ap_fifo.volatile.i1P0A, i1 %convInp" [/home/coder/Documents/s2n2/finn-hlslib-lif/mvau.hpp:136->/home/coder/Documents/s2n2/finn-hlslib-lif/convlayer.h:122->/home/coder/Desktop/s2n2/convSNN/conv2x2_top.cpp:40]   --->   Operation 23 'read' 'inElem' <Predicate = true> <Delay = 1.10> <CoreInst = "FIFO_SRL">   --->   Core 81 'FIFO_SRL' <Latency = 0> <II = 1> <Delay = 1.10> <Storage> <Opcode : 'read' 'write' 'nbread' 'nbwrite'> <Ports = 0> <Width = 1> <Depth = 1024> <FIFO>
ST_2 : Operation 24 [1/1] (0.00ns)   --->   "%void_Matrix_Vector_Activate_Batch_stream_stream_FixedPointWeightsSp_const_int_4 = load i16 %void_Matrix_Vector_Activate_Batch_stream_stream_FixedPointWeightsSp_const_int_3" [/home/coder/Documents/s2n2/finn-hlslib-lif/mvau.hpp:153->/home/coder/Documents/s2n2/finn-hlslib-lif/convlayer.h:122->/home/coder/Desktop/s2n2/convSNN/conv2x2_top.cpp:40]   --->   Operation 24 'load' 'void_Matrix_Vector_Activate_Batch_stream_stream_FixedPointWeightsSp_const_int_4' <Predicate = true> <Delay = 0.00>
ST_2 : Operation 25 [1/1] (0.00ns)   --->   "%void_Matrix_Vector_Activate_Batch_stream_stream_FixedPointWeightsSp_const_int_5 = load i16 %void_Matrix_Vector_Activate_Batch_stream_stream_FixedPointWeightsSp_const_int_2" [/home/coder/Documents/s2n2/finn-hlslib-lif/mvau.hpp:153->/home/coder/Documents/s2n2/finn-hlslib-lif/convlayer.h:122->/home/coder/Desktop/s2n2/convSNN/conv2x2_top.cpp:40]   --->   Operation 25 'load' 'void_Matrix_Vector_Activate_Batch_stream_stream_FixedPointWeightsSp_const_int_5' <Predicate = true> <Delay = 0.00>
ST_2 : Operation 26 [1/1] (0.00ns)   --->   "%void_Matrix_Vector_Activate_Batch_stream_stream_FixedPointWeightsSp_const_int_6 = load i16 %void_Matrix_Vector_Activate_Batch_stream_stream_FixedPointWeightsSp_const_int_1" [/home/coder/Documents/s2n2/finn-hlslib-lif/mvau.hpp:153->/home/coder/Documents/s2n2/finn-hlslib-lif/convlayer.h:122->/home/coder/Desktop/s2n2/convSNN/conv2x2_top.cpp:40]   --->   Operation 26 'load' 'void_Matrix_Vector_Activate_Batch_stream_stream_FixedPointWeightsSp_const_int_6' <Predicate = true> <Delay = 0.00>
ST_2 : Operation 27 [1/1] (0.00ns)   --->   "%void_Matrix_Vector_Activate_Batch_stream_stream_FixedPointWeightsSp_const_int_7 = load i16 %void_Matrix_Vector_Activate_Batch_stream_stream_FixedPointWeightsSp_const_int" [/home/coder/Documents/s2n2/finn-hlslib-lif/mvau.hpp:153->/home/coder/Documents/s2n2/finn-hlslib-lif/convlayer.h:122->/home/coder/Desktop/s2n2/convSNN/conv2x2_top.cpp:40]   --->   Operation 27 'load' 'void_Matrix_Vector_Activate_Batch_stream_stream_FixedPointWeightsSp_const_int_7' <Predicate = true> <Delay = 0.00>
ST_2 : Operation 28 [1/1] (0.45ns)   --->   "%temp = mux i16 @_ssdm_op_Mux.ap_auto.4i16.i2, i16 %void_Matrix_Vector_Activate_Batch_stream_stream_FixedPointWeightsSp_const_int_4, i16 %void_Matrix_Vector_Activate_Batch_stream_stream_FixedPointWeightsSp_const_int_5, i16 %void_Matrix_Vector_Activate_Batch_stream_stream_FixedPointWeightsSp_const_int_6, i16 %void_Matrix_Vector_Activate_Batch_stream_stream_FixedPointWeightsSp_const_int_7, i2 %cntr_2" [/home/coder/Documents/s2n2/finn-hlslib-lif/mvau.hpp:153->/home/coder/Documents/s2n2/finn-hlslib-lif/convlayer.h:122->/home/coder/Desktop/s2n2/convSNN/conv2x2_top.cpp:40]   --->   Operation 28 'mux' 'temp' <Predicate = true> <Delay = 0.45> <CoreInst = "Multiplexer">   --->   Core 76 'Multiplexer' <Latency = 0> <II = 1> <Delay = 0.45> <FuncUnit> <Opcode : 'mux'> <InPorts = 2> <OutPorts = 1>
ST_2 : Operation 29 [1/1] (0.00ns)   --->   "%trunc_ln2 = partselect i12 @_ssdm_op_PartSelect.i12.i16.i32.i32, i16 %temp, i32 3, i32 14" [/home/coder/Documents/s2n2/finn-hlslib-lif/mvau.hpp:155->/home/coder/Documents/s2n2/finn-hlslib-lif/convlayer.h:122->/home/coder/Desktop/s2n2/convSNN/conv2x2_top.cpp:40]   --->   Operation 29 'partselect' 'trunc_ln2' <Predicate = true> <Delay = 0.00>
ST_2 : Operation 30 [1/1] (0.00ns)   --->   "%sext_ln155 = sext i12 %trunc_ln2" [/home/coder/Documents/s2n2/finn-hlslib-lif/mvau.hpp:155->/home/coder/Documents/s2n2/finn-hlslib-lif/convlayer.h:122->/home/coder/Desktop/s2n2/convSNN/conv2x2_top.cpp:40]   --->   Operation 30 'sext' 'sext_ln155' <Predicate = true> <Delay = 0.00>
ST_2 : Operation 31 [1/1] (0.30ns)   --->   "%select_ln165 = select i1 %inElem, i16 768, i16 0" [/home/coder/Documents/s2n2/finn-hlslib-lif/mvau.hpp:165->/home/coder/Documents/s2n2/finn-hlslib-lif/convlayer.h:122->/home/coder/Desktop/s2n2/convSNN/conv2x2_top.cpp:40]   --->   Operation 31 'select' 'select_ln165' <Predicate = true> <Delay = 0.30> <CoreInst = "Sel">   --->   Core 73 'Sel' <Latency = 0> <II = 1> <Delay = 0.30> <FuncUnit> <Opcode : 'select'> <InPorts = 3> <OutPorts = 1>
ST_2 : Operation 32 [1/1] (0.00ns) (grouped into TernaryAdder)   --->   "%temp_1 = sub i16 %select_ln165, i16 %sext_ln155" [/home/coder/Documents/s2n2/finn-hlslib-lif/mvau.hpp:165->/home/coder/Documents/s2n2/finn-hlslib-lif/convlayer.h:122->/home/coder/Desktop/s2n2/convSNN/conv2x2_top.cpp:40]   --->   Operation 32 'sub' 'temp_1' <Predicate = true> <Delay = 0.00> <CoreInst = "TAddSub">   --->   Core 10 'TAddSub' <Latency = 0> <II = 1> <Delay = 0.33> <IPBlock> <Opcode : '<invalid operator> ' 'add' 'sub'> <InPorts = 3> <OutPorts = 1> <Sync> <CReg>
ST_2 : Operation 33 [1/1] (0.67ns) (root node of TernaryAdder)   --->   "%newSecond = add i16 %temp, i16 %temp_1" [/home/coder/Documents/s2n2/finn-hlslib-lif/mvau.hpp:153->/home/coder/Documents/s2n2/finn-hlslib-lif/convlayer.h:122->/home/coder/Desktop/s2n2/convSNN/conv2x2_top.cpp:40]   --->   Operation 33 'add' 'newSecond' <Predicate = true> <Delay = 0.67> <CoreInst = "TAddSub">   --->   Core 10 'TAddSub' <Latency = 0> <II = 1> <Delay = 0.33> <IPBlock> <Opcode : '<invalid operator> ' 'add' 'sub'> <InPorts = 3> <OutPorts = 1> <Sync> <CReg>
ST_2 : Operation 34 [1/1] (0.78ns)   --->   "%outElem = icmp_sgt  i16 %newSecond, i16 0" [/home/coder/Documents/s2n2/finn-hlslib-lif/mvau.hpp:179->/home/coder/Documents/s2n2/finn-hlslib-lif/convlayer.h:122->/home/coder/Desktop/s2n2/convSNN/conv2x2_top.cpp:40]   --->   Operation 34 'icmp' 'outElem' <Predicate = true> <Delay = 0.78> <CoreInst = "Cmp">   --->   Core 9 'Cmp' <Latency = 0> <II = 1> <Delay = 0.78> <FuncUnit> <Opcode : 'icmp'> <InPorts = 2> <OutPorts = 1>
ST_2 : Operation 35 [1/1] (0.24ns)   --->   "%select_ln179 = select i1 %outElem, i16 0, i16 %newSecond" [/home/coder/Documents/s2n2/finn-hlslib-lif/mvau.hpp:179->/home/coder/Documents/s2n2/finn-hlslib-lif/convlayer.h:122->/home/coder/Desktop/s2n2/convSNN/conv2x2_top.cpp:40]   --->   Operation 35 'select' 'select_ln179' <Predicate = true> <Delay = 0.24> <CoreInst = "Sel">   --->   Core 73 'Sel' <Latency = 0> <II = 1> <Delay = 0.24> <FuncUnit> <Opcode : 'select'> <InPorts = 3> <OutPorts = 1>
ST_2 : Operation 36 [1/1] (0.66ns)   --->   "%switch_ln181 = switch i2 %cntr_2, void %branch3, i2 0, void %branch0, i2 1, void %branch1, i2 2, void %branch2" [/home/coder/Documents/s2n2/finn-hlslib-lif/mvau.hpp:181->/home/coder/Documents/s2n2/finn-hlslib-lif/convlayer.h:122->/home/coder/Desktop/s2n2/convSNN/conv2x2_top.cpp:40]   --->   Operation 36 'switch' 'switch_ln181' <Predicate = true> <Delay = 0.66>
ST_2 : Operation 37 [1/1] (0.00ns)   --->   "%store_ln181 = store i16 %select_ln179, i16 %void_Matrix_Vector_Activate_Batch_stream_stream_FixedPointWeightsSp_const_int_1" [/home/coder/Documents/s2n2/finn-hlslib-lif/mvau.hpp:181->/home/coder/Documents/s2n2/finn-hlslib-lif/convlayer.h:122->/home/coder/Desktop/s2n2/convSNN/conv2x2_top.cpp:40]   --->   Operation 37 'store' 'store_ln181' <Predicate = (cntr_2 == 2)> <Delay = 0.00>
ST_2 : Operation 38 [1/1] (0.00ns)   --->   "%br_ln181 = br void %if.end.i.split4" [/home/coder/Documents/s2n2/finn-hlslib-lif/mvau.hpp:181->/home/coder/Documents/s2n2/finn-hlslib-lif/convlayer.h:122->/home/coder/Desktop/s2n2/convSNN/conv2x2_top.cpp:40]   --->   Operation 38 'br' 'br_ln181' <Predicate = (cntr_2 == 2)> <Delay = 0.00>
ST_2 : Operation 39 [1/1] (0.00ns)   --->   "%store_ln181 = store i16 %select_ln179, i16 %void_Matrix_Vector_Activate_Batch_stream_stream_FixedPointWeightsSp_const_int_2" [/home/coder/Documents/s2n2/finn-hlslib-lif/mvau.hpp:181->/home/coder/Documents/s2n2/finn-hlslib-lif/convlayer.h:122->/home/coder/Desktop/s2n2/convSNN/conv2x2_top.cpp:40]   --->   Operation 39 'store' 'store_ln181' <Predicate = (cntr_2 == 1)> <Delay = 0.00>
ST_2 : Operation 40 [1/1] (0.00ns)   --->   "%br_ln181 = br void %if.end.i.split4" [/home/coder/Documents/s2n2/finn-hlslib-lif/mvau.hpp:181->/home/coder/Documents/s2n2/finn-hlslib-lif/convlayer.h:122->/home/coder/Desktop/s2n2/convSNN/conv2x2_top.cpp:40]   --->   Operation 40 'br' 'br_ln181' <Predicate = (cntr_2 == 1)> <Delay = 0.00>
ST_2 : Operation 41 [1/1] (0.00ns)   --->   "%store_ln181 = store i16 %select_ln179, i16 %void_Matrix_Vector_Activate_Batch_stream_stream_FixedPointWeightsSp_const_int_3" [/home/coder/Documents/s2n2/finn-hlslib-lif/mvau.hpp:181->/home/coder/Documents/s2n2/finn-hlslib-lif/convlayer.h:122->/home/coder/Desktop/s2n2/convSNN/conv2x2_top.cpp:40]   --->   Operation 41 'store' 'store_ln181' <Predicate = (cntr_2 == 0)> <Delay = 0.00>
ST_2 : Operation 42 [1/1] (0.00ns)   --->   "%br_ln181 = br void %if.end.i.split4" [/home/coder/Documents/s2n2/finn-hlslib-lif/mvau.hpp:181->/home/coder/Documents/s2n2/finn-hlslib-lif/convlayer.h:122->/home/coder/Desktop/s2n2/convSNN/conv2x2_top.cpp:40]   --->   Operation 42 'br' 'br_ln181' <Predicate = (cntr_2 == 0)> <Delay = 0.00>
ST_2 : Operation 43 [1/1] (0.00ns)   --->   "%store_ln181 = store i16 %select_ln179, i16 %void_Matrix_Vector_Activate_Batch_stream_stream_FixedPointWeightsSp_const_int" [/home/coder/Documents/s2n2/finn-hlslib-lif/mvau.hpp:181->/home/coder/Documents/s2n2/finn-hlslib-lif/convlayer.h:122->/home/coder/Desktop/s2n2/convSNN/conv2x2_top.cpp:40]   --->   Operation 43 'store' 'store_ln181' <Predicate = (cntr_2 == 3)> <Delay = 0.00>
ST_2 : Operation 44 [1/1] (0.00ns)   --->   "%br_ln181 = br void %if.end.i.split4" [/home/coder/Documents/s2n2/finn-hlslib-lif/mvau.hpp:181->/home/coder/Documents/s2n2/finn-hlslib-lif/convlayer.h:122->/home/coder/Desktop/s2n2/convSNN/conv2x2_top.cpp:40]   --->   Operation 44 'br' 'br_ln181' <Predicate = (cntr_2 == 3)> <Delay = 0.00>
ST_2 : Operation 45 [1/1] (1.48ns)   --->   "%write_ln187 = write void @_ssdm_op_Write.ap_fifo.volatile.i1P0A, i1 %out_stream, i1 %outElem" [/home/coder/Documents/s2n2/finn-hlslib-lif/mvau.hpp:187->/home/coder/Documents/s2n2/finn-hlslib-lif/convlayer.h:122->/home/coder/Desktop/s2n2/convSNN/conv2x2_top.cpp:40]   --->   Operation 45 'write' 'write_ln187' <Predicate = true> <Delay = 1.48> <CoreInst = "FIFO_SRL">   --->   Core 81 'FIFO_SRL' <Latency = 0> <II = 1> <Delay = 1.48> <Storage> <Opcode : 'read' 'write' 'nbread' 'nbwrite'> <Ports = 0> <Width = 1> <Depth = 16> <FIFO>
ST_2 : Operation 46 [1/1] (0.00ns)   --->   "%br_ln131 = br void %if.end.i" [/home/coder/Documents/s2n2/finn-hlslib-lif/mvau.hpp:131->/home/coder/Documents/s2n2/finn-hlslib-lif/convlayer.h:122->/home/coder/Desktop/s2n2/convSNN/conv2x2_top.cpp:40]   --->   Operation 46 'br' 'br_ln131' <Predicate = true> <Delay = 0.00>


============================================================
+ Verbose Summary: Binding
============================================================
STG Binding: 
---------------- STG Properties BEGIN ----------------
- Is combinational: 0
- Is one-state seq: 0
- Is datapath-only: 0
- Is pipelined: 0
- Is top level: 0
Port [ Return ] is wired: 1; IO mode=ap_ctrl_hs:ce=0
Port [ out_stream]:  wired=1; compound=1; hidden=0; nouse=0; global=0; static=0; extern=0; dir=1; type=3; pingpong=0; private_global=0; IO mode=ap_fifo:ce=0
Port [ convInp]:  wired=1; compound=1; hidden=0; nouse=0; global=0; static=0; extern=0; dir=0; type=3; pingpong=0; private_global=0; IO mode=ap_fifo:ce=0
Port [ void_Matrix_Vector_Activate_Batch_stream_stream_FixedPointWeightsSp_const_int_3]:  wired=0; compound=0; hidden=1; nouse=0; global=1; static=1; extern=0; dir=2; type=0; pingpong=0; private_global=1; IO mode=ap_ovld:ce=0
Port [ void_Matrix_Vector_Activate_Batch_stream_stream_FixedPointWeightsSp_const_int_2]:  wired=0; compound=0; hidden=1; nouse=0; global=1; static=1; extern=0; dir=2; type=0; pingpong=0; private_global=1; IO mode=ap_ovld:ce=0
Port [ void_Matrix_Vector_Activate_Batch_stream_stream_FixedPointWeightsSp_const_int_1]:  wired=0; compound=0; hidden=1; nouse=0; global=1; static=1; extern=0; dir=2; type=0; pingpong=0; private_global=1; IO mode=ap_ovld:ce=0
Port [ void_Matrix_Vector_Activate_Batch_stream_stream_FixedPointWeightsSp_const_int]:  wired=0; compound=0; hidden=1; nouse=0; global=1; static=1; extern=0; dir=2; type=0; pingpong=0; private_global=1; IO mode=ap_ovld:ce=0
---------------- STG Properties END ------------------

---------------- Datapath Model BEGIN ----------------

<LifeTime>
<method=bitvector/>
cntr                                                                            (alloca           ) [ 010]
i_2                                                                             (alloca           ) [ 010]
specinterface_ln0                                                               (specinterface    ) [ 000]
specinterface_ln0                                                               (specinterface    ) [ 000]
store_ln0                                                                       (store            ) [ 000]
store_ln0                                                                       (store            ) [ 000]
br_ln0                                                                          (br               ) [ 000]
cntr_2                                                                          (load             ) [ 011]
i                                                                               (load             ) [ 000]
icmp_ln131                                                                      (icmp             ) [ 010]
i_4                                                                             (add              ) [ 000]
br_ln131                                                                        (br               ) [ 000]
cntr_3                                                                          (add              ) [ 000]
store_ln131                                                                     (store            ) [ 000]
store_ln131                                                                     (store            ) [ 000]
specpipeline_ln132                                                              (specpipeline     ) [ 000]
speclooptripcount_ln126                                                         (speclooptripcount) [ 000]
specloopname_ln131                                                              (specloopname     ) [ 000]
inElem                                                                          (read             ) [ 000]
void_Matrix_Vector_Activate_Batch_stream_stream_FixedPointWeightsSp_const_int_4 (load             ) [ 000]
void_Matrix_Vector_Activate_Batch_stream_stream_FixedPointWeightsSp_const_int_5 (load             ) [ 000]
void_Matrix_Vector_Activate_Batch_stream_stream_FixedPointWeightsSp_const_int_6 (load             ) [ 000]
void_Matrix_Vector_Activate_Batch_stream_stream_FixedPointWeightsSp_const_int_7 (load             ) [ 000]
temp                                                                            (mux              ) [ 000]
trunc_ln2                                                                       (partselect       ) [ 000]
sext_ln155                                                                      (sext             ) [ 000]
select_ln165                                                                    (select           ) [ 000]
temp_1                                                                          (sub              ) [ 000]
newSecond                                                                       (add              ) [ 000]
outElem                                                                         (icmp             ) [ 000]
select_ln179                                                                    (select           ) [ 000]
switch_ln181                                                                    (switch           ) [ 000]
store_ln181                                                                     (store            ) [ 000]
br_ln181                                                                        (br               ) [ 000]
store_ln181                                                                     (store            ) [ 000]
br_ln181                                                                        (br               ) [ 000]
store_ln181                                                                     (store            ) [ 000]
br_ln181                                                                        (br               ) [ 000]
store_ln181                                                                     (store            ) [ 000]
br_ln181                                                                        (br               ) [ 000]
write_ln187                                                                     (write            ) [ 000]
br_ln131                                                                        (br               ) [ 000]
ret_ln0                                                                         (ret              ) [ 000]
</LifeTime>

<model>

<comp_list>
<comp id="0" class="1000" name="out_stream">
<pin_list>
<pin id="1" dir="1" index="0" bw="1" slack="0"/>
</pin_list>
<bind>
<StgValue><ssdm name="out_stream"/></StgValue>
</bind>
</comp>

<comp id="2" class="1000" name="convInp">
<pin_list>
<pin id="3" dir="1" index="0" bw="1" slack="0"/>
</pin_list>
<bind>
<StgValue><ssdm name="convInp"/></StgValue>
</bind>
</comp>

<comp id="4" class="1000" name="void_Matrix_Vector_Activate_Batch_stream_stream_FixedPointWeightsSp_const_int_3">
<pin_list>
<pin id="5" dir="1" index="0" bw="1" slack="0"/>
</pin_list>
<bind>
<StgValue><ssdm name="void_Matrix_Vector_Activate_Batch_stream_stream_FixedPointWeightsSp_const_int_3"/></StgValue>
</bind>
</comp>

<comp id="6" class="1000" name="void_Matrix_Vector_Activate_Batch_stream_stream_FixedPointWeightsSp_const_int_2">
<pin_list>
<pin id="7" dir="1" index="0" bw="1" slack="0"/>
</pin_list>
<bind>
<StgValue><ssdm name="void_Matrix_Vector_Activate_Batch_stream_stream_FixedPointWeightsSp_const_int_2"/></StgValue>
</bind>
</comp>

<comp id="8" class="1000" name="void_Matrix_Vector_Activate_Batch_stream_stream_FixedPointWeightsSp_const_int_1">
<pin_list>
<pin id="9" dir="1" index="0" bw="1" slack="0"/>
</pin_list>
<bind>
<StgValue><ssdm name="void_Matrix_Vector_Activate_Batch_stream_stream_FixedPointWeightsSp_const_int_1"/></StgValue>
</bind>
</comp>

<comp id="10" class="1000" name="void_Matrix_Vector_Activate_Batch_stream_stream_FixedPointWeightsSp_const_int">
<pin_list>
<pin id="11" dir="1" index="0" bw="1" slack="0"/>
</pin_list>
<bind>
<StgValue><ssdm name="void_Matrix_Vector_Activate_Batch_stream_stream_FixedPointWeightsSp_const_int"/></StgValue>
</bind>
</comp>

<comp id="12" class="1001" name="const_12">
<pin_list>
<pin id="13" dir="1" index="0" bw="1" slack="0"/>
</pin_list>
<bind>
<StgValue><ssdm name=""/></StgValue>
</bind>
</comp>

<comp id="14" class="1001" name="const_14">
<pin_list>
<pin id="15" dir="1" index="0" bw="1" slack="2147483647"/>
</pin_list>
<bind>
<StgValue><ssdm name="_ssdm_op_SpecInterface"/></StgValue>
</bind>
</comp>

<comp id="16" class="1001" name="const_16">
<pin_list>
<pin id="17" dir="1" index="0" bw="1" slack="2147483647"/>
</pin_list>
<bind>
<StgValue><ssdm name="empty_4"/></StgValue>
</bind>
</comp>

<comp id="18" class="1001" name="const_18">
<pin_list>
<pin id="19" dir="1" index="0" bw="1" slack="2147483647"/>
</pin_list>
<bind>
<StgValue><ssdm name=""/></StgValue>
</bind>
</comp>

<comp id="20" class="1001" name="const_20">
<pin_list>
<pin id="21" dir="1" index="0" bw="1" slack="2147483647"/>
</pin_list>
<bind>
<StgValue><ssdm name="empty_5"/></StgValue>
</bind>
</comp>

<comp id="22" class="1001" name="const_22">
<pin_list>
<pin id="23" dir="1" index="0" bw="1" slack="2147483647"/>
</pin_list>
<bind>
<StgValue><ssdm name=""/></StgValue>
</bind>
</comp>

<comp id="24" class="1001" name="const_24">
<pin_list>
<pin id="25" dir="1" index="0" bw="1" slack="0"/>
</pin_list>
<bind>
<StgValue><ssdm name=""/></StgValue>
</bind>
</comp>

<comp id="26" class="1001" name="const_26">
<pin_list>
<pin id="27" dir="1" index="0" bw="1" slack="0"/>
</pin_list>
<bind>
<StgValue><ssdm name=""/></StgValue>
</bind>
</comp>

<comp id="28" class="1001" name="const_28">
<pin_list>
<pin id="29" dir="1" index="0" bw="1" slack="0"/>
</pin_list>
<bind>
<StgValue><ssdm name=""/></StgValue>
</bind>
</comp>

<comp id="30" class="1001" name="const_30">
<pin_list>
<pin id="31" dir="1" index="0" bw="1" slack="0"/>
</pin_list>
<bind>
<StgValue><ssdm name=""/></StgValue>
</bind>
</comp>

<comp id="32" class="1001" name="const_32">
<pin_list>
<pin id="33" dir="1" index="0" bw="1" slack="0"/>
</pin_list>
<bind>
<StgValue><ssdm name=""/></StgValue>
</bind>
</comp>

<comp id="34" class="1001" name="const_34">
<pin_list>
<pin id="35" dir="1" index="0" bw="1" slack="2147483647"/>
</pin_list>
<bind>
<StgValue><ssdm name="_ssdm_op_SpecPipeline"/></StgValue>
</bind>
</comp>

<comp id="36" class="1001" name="const_36">
<pin_list>
<pin id="37" dir="1" index="0" bw="1" slack="2147483647"/>
</pin_list>
<bind>
<StgValue><ssdm name="_ssdm_op_SpecLoopTripCount"/></StgValue>
</bind>
</comp>

<comp id="38" class="1001" name="const_38">
<pin_list>
<pin id="39" dir="1" index="0" bw="1" slack="2147483647"/>
</pin_list>
<bind>
<StgValue><ssdm name=""/></StgValue>
</bind>
</comp>

<comp id="40" class="1001" name="const_40">
<pin_list>
<pin id="41" dir="1" index="0" bw="1" slack="2147483647"/>
</pin_list>
<bind>
<StgValue><ssdm name="_ssdm_op_SpecLoopName"/></StgValue>
</bind>
</comp>

<comp id="42" class="1001" name="const_42">
<pin_list>
<pin id="43" dir="1" index="0" bw="1" slack="2147483647"/>
</pin_list>
<bind>
<StgValue><ssdm name="empty_1"/></StgValue>
</bind>
</comp>

<comp id="44" class="1001" name="const_44">
<pin_list>
<pin id="45" dir="1" index="0" bw="1" slack="0"/>
</pin_list>
<bind>
<StgValue><ssdm name="_ssdm_op_Read.ap_fifo.volatile.i1P0A"/></StgValue>
</bind>
</comp>

<comp id="46" class="1001" name="const_46">
<pin_list>
<pin id="47" dir="1" index="0" bw="1" slack="0"/>
</pin_list>
<bind>
<StgValue><ssdm name="_ssdm_op_Mux.ap_auto.4i16.i2"/></StgValue>
</bind>
</comp>

<comp id="48" class="1001" name="const_48">
<pin_list>
<pin id="49" dir="1" index="0" bw="1" slack="0"/>
</pin_list>
<bind>
<StgValue><ssdm name="_ssdm_op_PartSelect.i12.i16.i32.i32"/></StgValue>
</bind>
</comp>

<comp id="50" class="1001" name="const_50">
<pin_list>
<pin id="51" dir="1" index="0" bw="1" slack="0"/>
</pin_list>
<bind>
<StgValue><ssdm name=""/></StgValue>
</bind>
</comp>

<comp id="52" class="1001" name="const_52">
<pin_list>
<pin id="53" dir="1" index="0" bw="1" slack="0"/>
</pin_list>
<bind>
<StgValue><ssdm name=""/></StgValue>
</bind>
</comp>

<comp id="54" class="1001" name="const_54">
<pin_list>
<pin id="55" dir="1" index="0" bw="1" slack="0"/>
</pin_list>
<bind>
<StgValue><ssdm name=""/></StgValue>
</bind>
</comp>

<comp id="56" class="1001" name="const_56">
<pin_list>
<pin id="57" dir="1" index="0" bw="1" slack="0"/>
</pin_list>
<bind>
<StgValue><ssdm name=""/></StgValue>
</bind>
</comp>

<comp id="58" class="1001" name="const_58">
<pin_list>
<pin id="59" dir="1" index="0" bw="1" slack="2147483647"/>
</pin_list>
<bind>
<StgValue><ssdm name=""/></StgValue>
</bind>
</comp>

<comp id="60" class="1001" name="const_60">
<pin_list>
<pin id="61" dir="1" index="0" bw="1" slack="0"/>
</pin_list>
<bind>
<StgValue><ssdm name="_ssdm_op_Write.ap_fifo.volatile.i1P0A"/></StgValue>
</bind>
</comp>

<comp id="62" class="1004" name="cntr_fu_62">
<pin_list>
<pin id="63" dir="0" index="0" bw="1" slack="0"/>
<pin id="64" dir="1" index="1" bw="2" slack="0"/>
</pin_list>
<bind>
<opcode="alloca(26) " fcode="alloca"/>
<opset="cntr/1 "/>
</bind>
</comp>

<comp id="66" class="1004" name="i_2_fu_66">
<pin_list>
<pin id="67" dir="0" index="0" bw="1" slack="0"/>
<pin id="68" dir="1" index="1" bw="3" slack="0"/>
</pin_list>
<bind>
<opcode="alloca(26) " fcode="alloca"/>
<opset="i_2/1 "/>
</bind>
</comp>

<comp id="70" class="1004" name="inElem_read_fu_70">
<pin_list>
<pin id="71" dir="0" index="0" bw="1" slack="0"/>
<pin id="72" dir="0" index="1" bw="1" slack="0"/>
<pin id="73" dir="1" index="2" bw="1" slack="0"/>
</pin_list>
<bind>
<opcode="read(1150) " fcode="read"/>
<opset="inElem/2 "/>
</bind>
</comp>

<comp id="76" class="1004" name="write_ln187_write_fu_76">
<pin_list>
<pin id="77" dir="0" index="0" bw="0" slack="0"/>
<pin id="78" dir="0" index="1" bw="1" slack="0"/>
<pin id="79" dir="0" index="2" bw="1" slack="0"/>
<pin id="80" dir="1" index="3" bw="0" slack="2147483647"/>
</pin_list>
<bind>
<opcode="write(1151) " fcode="write"/>
<opset="write_ln187/2 "/>
</bind>
</comp>

<comp id="83" class="1004" name="store_ln0_store_fu_83">
<pin_list>
<pin id="84" dir="0" index="0" bw="1" slack="0"/>
<pin id="85" dir="0" index="1" bw="3" slack="0"/>
<pin id="86" dir="1" index="2" bw="0" slack="2147483647"/>
</pin_list>
<bind>
<opcode="store(28) " fcode="store"/>
<opset="store_ln0/1 "/>
</bind>
</comp>

<comp id="88" class="1004" name="store_ln0_store_fu_88">
<pin_list>
<pin id="89" dir="0" index="0" bw="1" slack="0"/>
<pin id="90" dir="0" index="1" bw="2" slack="0"/>
<pin id="91" dir="1" index="2" bw="0" slack="2147483647"/>
</pin_list>
<bind>
<opcode="store(28) " fcode="store"/>
<opset="store_ln0/1 "/>
</bind>
</comp>

<comp id="93" class="1004" name="cntr_2_load_fu_93">
<pin_list>
<pin id="94" dir="0" index="0" bw="2" slack="0"/>
<pin id="95" dir="1" index="1" bw="2" slack="0"/>
</pin_list>
<bind>
<opcode="load(27) " fcode="load"/>
<opset="cntr_2/1 "/>
</bind>
</comp>

<comp id="96" class="1004" name="i_load_fu_96">
<pin_list>
<pin id="97" dir="0" index="0" bw="3" slack="0"/>
<pin id="98" dir="1" index="1" bw="3" slack="0"/>
</pin_list>
<bind>
<opcode="load(27) " fcode="load"/>
<opset="i/1 "/>
</bind>
</comp>

<comp id="99" class="1004" name="icmp_ln131_fu_99">
<pin_list>
<pin id="100" dir="0" index="0" bw="3" slack="0"/>
<pin id="101" dir="0" index="1" bw="3" slack="0"/>
<pin id="102" dir="1" index="2" bw="1" slack="2147483647"/>
</pin_list>
<bind>
<opcode="icmp(45) " fcode="icmp"/>
<opset="icmp_ln131/1 "/>
</bind>
</comp>

<comp id="105" class="1004" name="i_4_fu_105">
<pin_list>
<pin id="106" dir="0" index="0" bw="3" slack="0"/>
<pin id="107" dir="0" index="1" bw="1" slack="0"/>
<pin id="108" dir="1" index="2" bw="3" slack="0"/>
</pin_list>
<bind>
<opcode="add(8) " fcode="add"/>
<opset="i_4/1 "/>
</bind>
</comp>

<comp id="111" class="1004" name="cntr_3_fu_111">
<pin_list>
<pin id="112" dir="0" index="0" bw="2" slack="0"/>
<pin id="113" dir="0" index="1" bw="1" slack="0"/>
<pin id="114" dir="1" index="2" bw="2" slack="0"/>
</pin_list>
<bind>
<opcode="add(8) " fcode="add"/>
<opset="cntr_3/1 "/>
</bind>
</comp>

<comp id="117" class="1004" name="store_ln131_store_fu_117">
<pin_list>
<pin id="118" dir="0" index="0" bw="3" slack="0"/>
<pin id="119" dir="0" index="1" bw="3" slack="0"/>
<pin id="120" dir="1" index="2" bw="0" slack="2147483647"/>
</pin_list>
<bind>
<opcode="store(28) " fcode="store"/>
<opset="store_ln131/1 "/>
</bind>
</comp>

<comp id="122" class="1004" name="store_ln131_store_fu_122">
<pin_list>
<pin id="123" dir="0" index="0" bw="2" slack="0"/>
<pin id="124" dir="0" index="1" bw="2" slack="0"/>
<pin id="125" dir="1" index="2" bw="0" slack="2147483647"/>
</pin_list>
<bind>
<opcode="store(28) " fcode="store"/>
<opset="store_ln131/1 "/>
</bind>
</comp>

<comp id="127" class="1004" name="void_Matrix_Vector_Activate_Batch_stream_stream_FixedPointWeightsSp_const_int_4_load_fu_127">
<pin_list>
<pin id="128" dir="0" index="0" bw="16" slack="0"/>
<pin id="129" dir="1" index="1" bw="16" slack="0"/>
</pin_list>
<bind>
<opcode="load(27) " fcode="load"/>
<opset="void_Matrix_Vector_Activate_Batch_stream_stream_FixedPointWeightsSp_const_int_4/2 "/>
</bind>
</comp>

<comp id="131" class="1004" name="void_Matrix_Vector_Activate_Batch_stream_stream_FixedPointWeightsSp_const_int_5_load_fu_131">
<pin_list>
<pin id="132" dir="0" index="0" bw="16" slack="0"/>
<pin id="133" dir="1" index="1" bw="16" slack="0"/>
</pin_list>
<bind>
<opcode="load(27) " fcode="load"/>
<opset="void_Matrix_Vector_Activate_Batch_stream_stream_FixedPointWeightsSp_const_int_5/2 "/>
</bind>
</comp>

<comp id="135" class="1004" name="void_Matrix_Vector_Activate_Batch_stream_stream_FixedPointWeightsSp_const_int_6_load_fu_135">
<pin_list>
<pin id="136" dir="0" index="0" bw="16" slack="0"/>
<pin id="137" dir="1" index="1" bw="16" slack="0"/>
</pin_list>
<bind>
<opcode="load(27) " fcode="load"/>
<opset="void_Matrix_Vector_Activate_Batch_stream_stream_FixedPointWeightsSp_const_int_6/2 "/>
</bind>
</comp>

<comp id="139" class="1004" name="void_Matrix_Vector_Activate_Batch_stream_stream_FixedPointWeightsSp_const_int_7_load_fu_139">
<pin_list>
<pin id="140" dir="0" index="0" bw="16" slack="0"/>
<pin id="141" dir="1" index="1" bw="16" slack="0"/>
</pin_list>
<bind>
<opcode="load(27) " fcode="load"/>
<opset="void_Matrix_Vector_Activate_Batch_stream_stream_FixedPointWeightsSp_const_int_7/2 "/>
</bind>
</comp>

<comp id="143" class="1004" name="temp_fu_143">
<pin_list>
<pin id="144" dir="0" index="0" bw="16" slack="0"/>
<pin id="145" dir="0" index="1" bw="16" slack="0"/>
<pin id="146" dir="0" index="2" bw="16" slack="0"/>
<pin id="147" dir="0" index="3" bw="16" slack="0"/>
<pin id="148" dir="0" index="4" bw="16" slack="0"/>
<pin id="149" dir="0" index="5" bw="2" slack="1"/>
<pin id="150" dir="1" index="6" bw="16" slack="0"/>
</pin_list>
<bind>
<opcode="mux(1196) " fcode="mux"/>
<opset="temp/2 "/>
</bind>
</comp>

<comp id="156" class="1004" name="trunc_ln2_fu_156">
<pin_list>
<pin id="157" dir="0" index="0" bw="12" slack="0"/>
<pin id="158" dir="0" index="1" bw="16" slack="0"/>
<pin id="159" dir="0" index="2" bw="3" slack="0"/>
<pin id="160" dir="0" index="3" bw="5" slack="0"/>
<pin id="161" dir="1" index="4" bw="12" slack="0"/>
</pin_list>
<bind>
<opcode="partselect(1002) " fcode="partselect"/>
<opset="trunc_ln2/2 "/>
</bind>
</comp>

<comp id="166" class="1004" name="sext_ln155_fu_166">
<pin_list>
<pin id="167" dir="0" index="0" bw="12" slack="0"/>
<pin id="168" dir="1" index="1" bw="16" slack="0"/>
</pin_list>
<bind>
<opcode="sext(35) " fcode="sext"/>
<opset="sext_ln155/2 "/>
</bind>
</comp>

<comp id="170" class="1004" name="select_ln165_fu_170">
<pin_list>
<pin id="171" dir="0" index="0" bw="1" slack="0"/>
<pin id="172" dir="0" index="1" bw="16" slack="0"/>
<pin id="173" dir="0" index="2" bw="16" slack="0"/>
<pin id="174" dir="1" index="3" bw="16" slack="0"/>
</pin_list>
<bind>
<opcode="select(49) " fcode="select"/>
<opset="select_ln165/2 "/>
</bind>
</comp>

<comp id="178" class="1004" name="temp_1_fu_178">
<pin_list>
<pin id="179" dir="0" index="0" bw="11" slack="0"/>
<pin id="180" dir="0" index="1" bw="12" slack="0"/>
<pin id="181" dir="1" index="2" bw="16" slack="0"/>
</pin_list>
<bind>
<opcode="sub(10) " fcode="sub"/>
<opset="temp_1/2 "/>
</bind>
</comp>

<comp id="184" class="1004" name="newSecond_fu_184">
<pin_list>
<pin id="185" dir="0" index="0" bw="16" slack="0"/>
<pin id="186" dir="0" index="1" bw="13" slack="0"/>
<pin id="187" dir="1" index="2" bw="16" slack="0"/>
</pin_list>
<bind>
<opcode="add(8) " fcode="add"/>
<opset="newSecond/2 "/>
</bind>
</comp>

<comp id="190" class="1004" name="outElem_fu_190">
<pin_list>
<pin id="191" dir="0" index="0" bw="16" slack="0"/>
<pin id="192" dir="0" index="1" bw="16" slack="0"/>
<pin id="193" dir="1" index="2" bw="1" slack="0"/>
</pin_list>
<bind>
<opcode="icmp(45) " fcode="icmp"/>
<opset="outElem/2 "/>
</bind>
</comp>

<comp id="197" class="1004" name="select_ln179_fu_197">
<pin_list>
<pin id="198" dir="0" index="0" bw="1" slack="0"/>
<pin id="199" dir="0" index="1" bw="16" slack="0"/>
<pin id="200" dir="0" index="2" bw="16" slack="0"/>
<pin id="201" dir="1" index="3" bw="16" slack="0"/>
</pin_list>
<bind>
<opcode="select(49) " fcode="select"/>
<opset="select_ln179/2 "/>
</bind>
</comp>

<comp id="205" class="1004" name="store_ln181_store_fu_205">
<pin_list>
<pin id="206" dir="0" index="0" bw="16" slack="0"/>
<pin id="207" dir="0" index="1" bw="16" slack="0"/>
<pin id="208" dir="1" index="2" bw="0" slack="2147483647"/>
</pin_list>
<bind>
<opcode="store(28) " fcode="store"/>
<opset="store_ln181/2 "/>
</bind>
</comp>

<comp id="211" class="1004" name="store_ln181_store_fu_211">
<pin_list>
<pin id="212" dir="0" index="0" bw="16" slack="0"/>
<pin id="213" dir="0" index="1" bw="16" slack="0"/>
<pin id="214" dir="1" index="2" bw="0" slack="2147483647"/>
</pin_list>
<bind>
<opcode="store(28) " fcode="store"/>
<opset="store_ln181/2 "/>
</bind>
</comp>

<comp id="217" class="1004" name="store_ln181_store_fu_217">
<pin_list>
<pin id="218" dir="0" index="0" bw="16" slack="0"/>
<pin id="219" dir="0" index="1" bw="16" slack="0"/>
<pin id="220" dir="1" index="2" bw="0" slack="2147483647"/>
</pin_list>
<bind>
<opcode="store(28) " fcode="store"/>
<opset="store_ln181/2 "/>
</bind>
</comp>

<comp id="223" class="1004" name="store_ln181_store_fu_223">
<pin_list>
<pin id="224" dir="0" index="0" bw="16" slack="0"/>
<pin id="225" dir="0" index="1" bw="16" slack="0"/>
<pin id="226" dir="1" index="2" bw="0" slack="2147483647"/>
</pin_list>
<bind>
<opcode="store(28) " fcode="store"/>
<opset="store_ln181/2 "/>
</bind>
</comp>

<comp id="229" class="1005" name="cntr_reg_229">
<pin_list>
<pin id="230" dir="0" index="0" bw="2" slack="0"/>
<pin id="231" dir="1" index="1" bw="2" slack="0"/>
</pin_list>
<bind>
<opset="cntr "/>
</bind>
</comp>

<comp id="236" class="1005" name="i_2_reg_236">
<pin_list>
<pin id="237" dir="0" index="0" bw="3" slack="0"/>
<pin id="238" dir="1" index="1" bw="3" slack="0"/>
</pin_list>
<bind>
<opset="i_2 "/>
</bind>
</comp>

<comp id="243" class="1005" name="cntr_2_reg_243">
<pin_list>
<pin id="244" dir="0" index="0" bw="2" slack="1"/>
<pin id="245" dir="1" index="1" bw="2" slack="1"/>
</pin_list>
<bind>
<opset="cntr_2 "/>
</bind>
</comp>

</comp_list>

<net_list>
<net id="65"><net_src comp="12" pin="0"/><net_sink comp="62" pin=0"/></net>

<net id="69"><net_src comp="12" pin="0"/><net_sink comp="66" pin=0"/></net>

<net id="74"><net_src comp="44" pin="0"/><net_sink comp="70" pin=0"/></net>

<net id="75"><net_src comp="2" pin="0"/><net_sink comp="70" pin=1"/></net>

<net id="81"><net_src comp="60" pin="0"/><net_sink comp="76" pin=0"/></net>

<net id="82"><net_src comp="0" pin="0"/><net_sink comp="76" pin=1"/></net>

<net id="87"><net_src comp="24" pin="0"/><net_sink comp="83" pin=0"/></net>

<net id="92"><net_src comp="26" pin="0"/><net_sink comp="88" pin=0"/></net>

<net id="103"><net_src comp="96" pin="1"/><net_sink comp="99" pin=0"/></net>

<net id="104"><net_src comp="28" pin="0"/><net_sink comp="99" pin=1"/></net>

<net id="109"><net_src comp="96" pin="1"/><net_sink comp="105" pin=0"/></net>

<net id="110"><net_src comp="30" pin="0"/><net_sink comp="105" pin=1"/></net>

<net id="115"><net_src comp="93" pin="1"/><net_sink comp="111" pin=0"/></net>

<net id="116"><net_src comp="32" pin="0"/><net_sink comp="111" pin=1"/></net>

<net id="121"><net_src comp="105" pin="2"/><net_sink comp="117" pin=0"/></net>

<net id="126"><net_src comp="111" pin="2"/><net_sink comp="122" pin=0"/></net>

<net id="130"><net_src comp="4" pin="0"/><net_sink comp="127" pin=0"/></net>

<net id="134"><net_src comp="6" pin="0"/><net_sink comp="131" pin=0"/></net>

<net id="138"><net_src comp="8" pin="0"/><net_sink comp="135" pin=0"/></net>

<net id="142"><net_src comp="10" pin="0"/><net_sink comp="139" pin=0"/></net>

<net id="151"><net_src comp="46" pin="0"/><net_sink comp="143" pin=0"/></net>

<net id="152"><net_src comp="127" pin="1"/><net_sink comp="143" pin=1"/></net>

<net id="153"><net_src comp="131" pin="1"/><net_sink comp="143" pin=2"/></net>

<net id="154"><net_src comp="135" pin="1"/><net_sink comp="143" pin=3"/></net>

<net id="155"><net_src comp="139" pin="1"/><net_sink comp="143" pin=4"/></net>

<net id="162"><net_src comp="48" pin="0"/><net_sink comp="156" pin=0"/></net>

<net id="163"><net_src comp="143" pin="6"/><net_sink comp="156" pin=1"/></net>

<net id="164"><net_src comp="50" pin="0"/><net_sink comp="156" pin=2"/></net>

<net id="165"><net_src comp="52" pin="0"/><net_sink comp="156" pin=3"/></net>

<net id="169"><net_src comp="156" pin="4"/><net_sink comp="166" pin=0"/></net>

<net id="175"><net_src comp="70" pin="2"/><net_sink comp="170" pin=0"/></net>

<net id="176"><net_src comp="54" pin="0"/><net_sink comp="170" pin=1"/></net>

<net id="177"><net_src comp="56" pin="0"/><net_sink comp="170" pin=2"/></net>

<net id="182"><net_src comp="170" pin="3"/><net_sink comp="178" pin=0"/></net>

<net id="183"><net_src comp="166" pin="1"/><net_sink comp="178" pin=1"/></net>

<net id="188"><net_src comp="143" pin="6"/><net_sink comp="184" pin=0"/></net>

<net id="189"><net_src comp="178" pin="2"/><net_sink comp="184" pin=1"/></net>

<net id="194"><net_src comp="184" pin="2"/><net_sink comp="190" pin=0"/></net>

<net id="195"><net_src comp="56" pin="0"/><net_sink comp="190" pin=1"/></net>

<net id="196"><net_src comp="190" pin="2"/><net_sink comp="76" pin=2"/></net>

<net id="202"><net_src comp="190" pin="2"/><net_sink comp="197" pin=0"/></net>

<net id="203"><net_src comp="56" pin="0"/><net_sink comp="197" pin=1"/></net>

<net id="204"><net_src comp="184" pin="2"/><net_sink comp="197" pin=2"/></net>

<net id="209"><net_src comp="197" pin="3"/><net_sink comp="205" pin=0"/></net>

<net id="210"><net_src comp="8" pin="0"/><net_sink comp="205" pin=1"/></net>

<net id="215"><net_src comp="197" pin="3"/><net_sink comp="211" pin=0"/></net>

<net id="216"><net_src comp="6" pin="0"/><net_sink comp="211" pin=1"/></net>

<net id="221"><net_src comp="197" pin="3"/><net_sink comp="217" pin=0"/></net>

<net id="222"><net_src comp="4" pin="0"/><net_sink comp="217" pin=1"/></net>

<net id="227"><net_src comp="197" pin="3"/><net_sink comp="223" pin=0"/></net>

<net id="228"><net_src comp="10" pin="0"/><net_sink comp="223" pin=1"/></net>

<net id="232"><net_src comp="62" pin="1"/><net_sink comp="229" pin=0"/></net>

<net id="233"><net_src comp="229" pin="1"/><net_sink comp="88" pin=1"/></net>

<net id="234"><net_src comp="229" pin="1"/><net_sink comp="93" pin=0"/></net>

<net id="235"><net_src comp="229" pin="1"/><net_sink comp="122" pin=1"/></net>

<net id="239"><net_src comp="66" pin="1"/><net_sink comp="236" pin=0"/></net>

<net id="240"><net_src comp="236" pin="1"/><net_sink comp="83" pin=1"/></net>

<net id="241"><net_src comp="236" pin="1"/><net_sink comp="96" pin=0"/></net>

<net id="242"><net_src comp="236" pin="1"/><net_sink comp="117" pin=1"/></net>

<net id="246"><net_src comp="93" pin="1"/><net_sink comp="243" pin=0"/></net>

<net id="247"><net_src comp="243" pin="1"/><net_sink comp="143" pin=5"/></net>

</net_list>

</model> 
---------------- Datapath Model END ------------------

* FSMD analyzer results:
  - Output states:
	Port: out_stream | {2 }
	Port: void_Matrix_Vector_Activate_Batch_stream_stream_FixedPointWeightsSp_const_int_3 | {2 }
	Port: void_Matrix_Vector_Activate_Batch_stream_stream_FixedPointWeightsSp_const_int_2 | {2 }
	Port: void_Matrix_Vector_Activate_Batch_stream_stream_FixedPointWeightsSp_const_int_1 | {2 }
	Port: void_Matrix_Vector_Activate_Batch_stream_stream_FixedPointWeightsSp_const_int | {2 }
 - Input state : 
	Port: conv2x2_top_Pipeline_VITIS_LOOP_131_1 : convInp | {2 }
	Port: conv2x2_top_Pipeline_VITIS_LOOP_131_1 : void_Matrix_Vector_Activate_Batch_stream_stream_FixedPointWeightsSp_const_int_3 | {2 }
	Port: conv2x2_top_Pipeline_VITIS_LOOP_131_1 : void_Matrix_Vector_Activate_Batch_stream_stream_FixedPointWeightsSp_const_int_2 | {2 }
	Port: conv2x2_top_Pipeline_VITIS_LOOP_131_1 : void_Matrix_Vector_Activate_Batch_stream_stream_FixedPointWeightsSp_const_int_1 | {2 }
	Port: conv2x2_top_Pipeline_VITIS_LOOP_131_1 : void_Matrix_Vector_Activate_Batch_stream_stream_FixedPointWeightsSp_const_int | {2 }
  - Chain level:
	State 1
		store_ln0 : 1
		store_ln0 : 1
		cntr_2 : 1
		i : 1
		icmp_ln131 : 2
		i_4 : 2
		br_ln131 : 3
		cntr_3 : 2
		store_ln131 : 3
		store_ln131 : 3
	State 2
		temp : 1
		trunc_ln2 : 2
		sext_ln155 : 3
		temp_1 : 4
		newSecond : 5
		outElem : 6
		select_ln179 : 7
		store_ln181 : 8
		store_ln181 : 8
		store_ln181 : 8
		store_ln181 : 8
		write_ln187 : 7


============================================================
+ Verbose Summary: Datapath Resource usage 
============================================================

* Functional unit list:
|----------|-------------------------|---------|---------|
| Operation|     Functional Unit     |    FF   |   LUT   |
|----------|-------------------------|---------|---------|
|          |        i_4_fu_105       |    0    |    10   |
|    add   |      cntr_3_fu_111      |    0    |    9    |
|          |     newSecond_fu_184    |    0    |    16   |
|----------|-------------------------|---------|---------|
|   icmp   |     icmp_ln131_fu_99    |    0    |    10   |
|          |      outElem_fu_190     |    0    |    23   |
|----------|-------------------------|---------|---------|
|  select  |   select_ln165_fu_170   |    0    |    16   |
|          |   select_ln179_fu_197   |    0    |    16   |
|----------|-------------------------|---------|---------|
|    mux   |       temp_fu_143       |    0    |    20   |
|----------|-------------------------|---------|---------|
|    sub   |      temp_1_fu_178      |    0    |    17   |
|----------|-------------------------|---------|---------|
|   read   |    inElem_read_fu_70    |    0    |    0    |
|----------|-------------------------|---------|---------|
|   write  | write_ln187_write_fu_76 |    0    |    0    |
|----------|-------------------------|---------|---------|
|partselect|     trunc_ln2_fu_156    |    0    |    0    |
|----------|-------------------------|---------|---------|
|   sext   |    sext_ln155_fu_166    |    0    |    0    |
|----------|-------------------------|---------|---------|
|   Total  |                         |    0    |   137   |
|----------|-------------------------|---------|---------|

Memories:
N/A

* Register list:
+--------------+--------+
|              |   FF   |
+--------------+--------+
|cntr_2_reg_243|    2   |
| cntr_reg_229 |    2   |
|  i_2_reg_236 |    3   |
+--------------+--------+
|     Total    |    7   |
+--------------+--------+

* Multiplexer (MUX) list: 
|--------|------|------|------|--------|
|  Comp  |  Pin | Size |  BW  | S x BW |
|--------|------|------|------|--------|
|  Total |      |      |      |    0   |
|--------|------|------|------|--------|



* Summary:
+-----------+--------+--------+
|           |   FF   |   LUT  |
+-----------+--------+--------+
|  Function |    0   |   137  |
|   Memory  |    -   |    -   |
|Multiplexer|    -   |    -   |
|  Register |    7   |    -   |
+-----------+--------+--------+
|   Total   |    7   |   137  |
+-----------+--------+--------+
