

================================================================
== Vitis HLS Report for 'conv2x2_top_Pipeline_VITIS_LOOP_79_2'
================================================================
* Date:           Thu Apr 16 16:33:33 2026

* Version:        2023.1 (Build 3854077 on May  4 2023)
* Project:        conv2x2_prj
* Solution:       xcvu9p-flga2577-2-e (Vivado IP Flow Target)
* Product family: virtexuplus
* Target device:  xcvu9p-flga2577-2-e


================================================================
== Performance Estimates
================================================================
+ Timing: 
    * Summary: 
    +--------+----------+----------+------------+
    |  Clock |  Target  | Estimated| Uncertainty|
    +--------+----------+----------+------------+
    |ap_clk  |  10.00 ns|  1.314 ns|     2.70 ns|
    +--------+----------+----------+------------+

+ Latency: 
    * Summary: 
    +---------+---------+-----------+-----------+-----+-----+---------+
    |  Latency (cycles) |   Latency (absolute)  |  Interval | Pipeline|
    |   min   |   max   |    min    |    max    | min | max |   Type  |
    +---------+---------+-----------+-----------+-----+-----+---------+
    |        6|        6|  60.000 ns|  60.000 ns|    6|    6|       no|
    +---------+---------+-----------+-----------+-----+-----+---------+

    + Detail: 
        * Instance: 
        N/A

        * Loop: 
        +-------------------+---------+---------+----------+-----------+-----------+------+----------+
        |                   |  Latency (cycles) | Iteration|  Initiation Interval  | Trip |          |
        |     Loop Name     |   min   |   max   |  Latency |  achieved |   target  | Count| Pipelined|
        +-------------------+---------+---------+----------+-----------+-----------+------+----------+
        |- VITIS_LOOP_79_2  |        4|        4|         2|          1|          1|     4|       yes|
        +-------------------+---------+---------+----------+-----------+-----------+------+----------+

============================================================
+ Verbose Summary: Synthesis Manager
============================================================
InlineROM: 1
ExposeGlobal: 0
============================================================
+ Verbose Summary: CDFG Model
============================================================
IsTopModel: 0
ResetActiveHigh: 1
IsCombinational: 0
IsDatapathOnly: 0
HasWiredReturn: 1
HasMFsm: 2
HasVarLatency: 1
IsPipeline: 0
IsRtlPipelined: 0
IsInstanceOverlapped: 0
IsDontTouch: 0
HasImplIP: 0
IsGatedGlobalClock: 0

+ Individual pipeline summary: 
  * Pipeline-0: initiation interval (II) = 1, depth = 2


============================================================
+ Verbose Summary: Schedule
============================================================
* Number of FSM states : 2
* Pipeline : 1
  Pipeline-0 : II = 1, D = 2, States = { 1 2 }
* Dataflow Pipeline: 0

* FSM state transitions: 
1 --> 2 
2 --> 

* FSM state operations: 

State 1 <SV = 0> <Delay = 0.95>
ST_1 : Operation 5 [1/1] (0.00ns)   --->   "%i = alloca i32 1"   --->   Operation 5 'alloca' 'i' <Predicate = true> <Delay = 0.00>
ST_1 : Operation 6 [1/1] (0.00ns)   --->   "%specinterface_ln0 = specinterface void @_ssdm_op_SpecInterface, i1 %out_stream, void @empty_1, i32 0, i32 0, void @empty_0, i32 0, i32 0, void @empty_0, void @empty_0, void @empty_0, i32 0, i32 0, i32 0, i32 0, void @empty_0, void @empty_0, i32 4294967295, i32 0"   --->   Operation 6 'specinterface' 'specinterface_ln0' <Predicate = true> <Delay = 0.00>
ST_1 : Operation 7 [1/1] (0.38ns)   --->   "%store_ln0 = store i3 0, i3 %i"   --->   Operation 7 'store' 'store_ln0' <Predicate = true> <Delay = 0.38>
ST_1 : Operation 8 [1/1] (0.00ns)   --->   "%br_ln0 = br void %for.inc9"   --->   Operation 8 'br' 'br_ln0' <Predicate = true> <Delay = 0.00>
ST_1 : Operation 9 [1/1] (0.00ns)   --->   "%i_1 = load i3 %i" [/home/coder/Desktop/s2n2/convSNN/conv2x2_top.cpp:79]   --->   Operation 9 'load' 'i_1' <Predicate = true> <Delay = 0.00>
ST_1 : Operation 10 [1/1] (0.57ns)   --->   "%icmp_ln79 = icmp_eq  i3 %i_1, i3 4" [/home/coder/Desktop/s2n2/convSNN/conv2x2_top.cpp:79]   --->   Operation 10 'icmp' 'icmp_ln79' <Predicate = true> <Delay = 0.57> <CoreInst = "Cmp">   --->   Core 9 'Cmp' <Latency = 0> <II = 1> <Delay = 0.57> <FuncUnit> <Opcode : 'icmp'> <InPorts = 2> <OutPorts = 1>
ST_1 : Operation 11 [1/1] (0.57ns)   --->   "%add_ln79 = add i3 %i_1, i3 1" [/home/coder/Desktop/s2n2/convSNN/conv2x2_top.cpp:79]   --->   Operation 11 'add' 'add_ln79' <Predicate = true> <Delay = 0.57> <CoreInst = "Adder">   --->   Core 1 'Adder' <Latency = 0> <II = 1> <Delay = 0.57> <FuncUnit> <Opcode : 'add' 'sub'> <InPorts = 2> <OutPorts = 1>
ST_1 : Operation 12 [1/1] (0.00ns)   --->   "%br_ln79 = br i1 %icmp_ln79, void %for.inc9.split, void %for.end11.exitStub" [/home/coder/Desktop/s2n2/convSNN/conv2x2_top.cpp:79]   --->   Operation 12 'br' 'br_ln79' <Predicate = true> <Delay = 0.00>
ST_1 : Operation 13 [1/1] (0.00ns)   --->   "%trunc_ln79 = trunc i3 %i_1" [/home/coder/Desktop/s2n2/convSNN/conv2x2_top.cpp:79]   --->   Operation 13 'trunc' 'trunc_ln79' <Predicate = (!icmp_ln79)> <Delay = 0.00>
ST_1 : Operation 14 [1/1] (0.66ns)   --->   "%switch_ln81 = switch i2 %trunc_ln79, void %arrayidx82.case.3, i2 0, void %arrayidx82.case.0, i2 1, void %arrayidx82.case.1, i2 2, void %arrayidx82.case.2" [/home/coder/Desktop/s2n2/convSNN/conv2x2_top.cpp:81]   --->   Operation 14 'switch' 'switch_ln81' <Predicate = (!icmp_ln79)> <Delay = 0.66>
ST_1 : Operation 15 [1/1] (0.38ns)   --->   "%store_ln79 = store i3 %add_ln79, i3 %i" [/home/coder/Desktop/s2n2/convSNN/conv2x2_top.cpp:79]   --->   Operation 15 'store' 'store_ln79' <Predicate = (!icmp_ln79)> <Delay = 0.38>
ST_1 : Operation 16 [1/1] (0.00ns)   --->   "%br_ln79 = br void %for.inc9" [/home/coder/Desktop/s2n2/convSNN/conv2x2_top.cpp:79]   --->   Operation 16 'br' 'br_ln79' <Predicate = (!icmp_ln79)> <Delay = 0.00>
ST_1 : Operation 29 [1/1] (0.00ns)   --->   "%ret_ln0 = ret"   --->   Operation 29 'ret' 'ret_ln0' <Predicate = (icmp_ln79)> <Delay = 0.00>

State 2 <SV = 1> <Delay = 1.31>
ST_2 : Operation 17 [1/1] (0.00ns)   --->   "%specpipeline_ln80 = specpipeline void @_ssdm_op_SpecPipeline, i32 1, i32 0, i32 0, i32 0, void @empty_0" [/home/coder/Desktop/s2n2/convSNN/conv2x2_top.cpp:80]   --->   Operation 17 'specpipeline' 'specpipeline_ln80' <Predicate = true> <Delay = 0.00>
ST_2 : Operation 18 [1/1] (0.00ns)   --->   "%speclooptripcount_ln79 = speclooptripcount void @_ssdm_op_SpecLoopTripCount, i64 4, i64 4, i64 4" [/home/coder/Desktop/s2n2/convSNN/conv2x2_top.cpp:79]   --->   Operation 18 'speclooptripcount' 'speclooptripcount_ln79' <Predicate = true> <Delay = 0.00>
ST_2 : Operation 19 [1/1] (0.00ns)   --->   "%specloopname_ln79 = specloopname void @_ssdm_op_SpecLoopName, void @empty_3" [/home/coder/Desktop/s2n2/convSNN/conv2x2_top.cpp:79]   --->   Operation 19 'specloopname' 'specloopname_ln79' <Predicate = true> <Delay = 0.00>
ST_2 : Operation 20 [1/1] (1.31ns)   --->   "%out_stream_read = read i1 @_ssdm_op_Read.ap_fifo.volatile.i1P0A, i1 %out_stream" [/home/coder/Desktop/s2n2/convSNN/conv2x2_top.cpp:81]   --->   Operation 20 'read' 'out_stream_read' <Predicate = true> <Delay = 1.31> <CoreInst = "FIFO_SRL">   --->   Core 81 'FIFO_SRL' <Latency = 0> <II = 1> <Delay = 1.31> <Storage> <Opcode : 'read' 'write' 'nbread' 'nbwrite'> <Ports = 0> <Width = 1> <Depth = 8> <FIFO>
ST_2 : Operation 21 [1/1] (0.00ns)   --->   "%write_ln81 = write void @_ssdm_op_Write.ap_auto.i1P0A, i1 %out_2, i1 %out_stream_read" [/home/coder/Desktop/s2n2/convSNN/conv2x2_top.cpp:81]   --->   Operation 21 'write' 'write_ln81' <Predicate = (trunc_ln79 == 2)> <Delay = 0.00>
ST_2 : Operation 22 [1/1] (0.00ns)   --->   "%br_ln81 = br void %arrayidx82.exit" [/home/coder/Desktop/s2n2/convSNN/conv2x2_top.cpp:81]   --->   Operation 22 'br' 'br_ln81' <Predicate = (trunc_ln79 == 2)> <Delay = 0.00>
ST_2 : Operation 23 [1/1] (0.00ns)   --->   "%write_ln81 = write void @_ssdm_op_Write.ap_auto.i1P0A, i1 %out_1, i1 %out_stream_read" [/home/coder/Desktop/s2n2/convSNN/conv2x2_top.cpp:81]   --->   Operation 23 'write' 'write_ln81' <Predicate = (trunc_ln79 == 1)> <Delay = 0.00>
ST_2 : Operation 24 [1/1] (0.00ns)   --->   "%br_ln81 = br void %arrayidx82.exit" [/home/coder/Desktop/s2n2/convSNN/conv2x2_top.cpp:81]   --->   Operation 24 'br' 'br_ln81' <Predicate = (trunc_ln79 == 1)> <Delay = 0.00>
ST_2 : Operation 25 [1/1] (0.00ns)   --->   "%write_ln81 = write void @_ssdm_op_Write.ap_auto.i1P0A, i1 %out_0, i1 %out_stream_read" [/home/coder/Desktop/s2n2/convSNN/conv2x2_top.cpp:81]   --->   Operation 25 'write' 'write_ln81' <Predicate = (trunc_ln79 == 0)> <Delay = 0.00>
ST_2 : Operation 26 [1/1] (0.00ns)   --->   "%br_ln81 = br void %arrayidx82.exit" [/home/coder/Desktop/s2n2/convSNN/conv2x2_top.cpp:81]   --->   Operation 26 'br' 'br_ln81' <Predicate = (trunc_ln79 == 0)> <Delay = 0.00>
ST_2 : Operation 27 [1/1] (0.00ns)   --->   "%write_ln81 = write void @_ssdm_op_Write.ap_auto.i1P0A, i1 %out_3, i1 %out_stream_read" [/home/coder/Desktop/s2n2/convSNN/conv2x2_top.cpp:81]   --->   Operation 27 'write' 'write_ln81' <Predicate = (trunc_ln79 == 3)> <Delay = 0.00>
ST_2 : Operation 28 [1/1] (0.00ns)   --->   "%br_ln81 = br void %arrayidx82.exit" [/home/coder/Desktop/s2n2/convSNN/conv2x2_top.cpp:81]   --->   Operation 28 'br' 'br_ln81' <Predicate = (trunc_ln79 == 3)> <Delay = 0.00>


============================================================
+ Verbose Summary: Timing violations
============================================================
Target clock period: 10.000ns, clock uncertainty: 2.700ns.

 <State 1>: 0.959ns
The critical path consists of the following:
	'alloca' operation ('i') [6]  (0.000 ns)
	'load' operation ('i', /home/coder/Desktop/s2n2/convSNN/conv2x2_top.cpp:79) on local variable 'i' [11]  (0.000 ns)
	'add' operation ('add_ln79', /home/coder/Desktop/s2n2/convSNN/conv2x2_top.cpp:79) [13]  (0.572 ns)
	'store' operation ('store_ln79', /home/coder/Desktop/s2n2/convSNN/conv2x2_top.cpp:79) of variable 'add_ln79', /home/coder/Desktop/s2n2/convSNN/conv2x2_top.cpp:79 on local variable 'i' [35]  (0.387 ns)

 <State 2>: 1.314ns
The critical path consists of the following:
	fifo read operation ('out_stream_read', /home/coder/Desktop/s2n2/convSNN/conv2x2_top.cpp:81) on port 'out_stream' (/home/coder/Desktop/s2n2/convSNN/conv2x2_top.cpp:81) [20]  (1.314 ns)
	wire write operation ('write_ln81', /home/coder/Desktop/s2n2/convSNN/conv2x2_top.cpp:81) on port 'out_1' (/home/coder/Desktop/s2n2/convSNN/conv2x2_top.cpp:81) [26]  (0.000 ns)


============================================================
+ Verbose Summary: Binding
============================================================
N/A
* FSMD analyzer results:
  - Output states:
 - Input state : 
  - Chain level:
	State 1
	State 2


============================================================
+ Verbose Summary: Datapath Resource usage 
============================================================
N/A
