

================================================================
== Vitis HLS Report for 'conv2x2_top_Pipeline_VITIS_LOOP_47_1'
================================================================
* Date:           Thu Apr 16 16:33:30 2026

* Version:        2023.1 (Build 3854077 on May  4 2023)
* Project:        conv2x2_prj
* Solution:       xcvu9p-flga2577-2-e (Vivado IP Flow Target)
* Product family: virtexuplus
* Target device:  xcvu9p-flga2577-2-e


================================================================
== Performance Estimates
================================================================
+ Timing: 
    * Summary: 
    +--------+----------+----------+------------+
    |  Clock |  Target  | Estimated| Uncertainty|
    +--------+----------+----------+------------+
    |ap_clk  |  10.00 ns|  1.314 ns|     2.70 ns|
    +--------+----------+----------+------------+

+ Latency: 
    * Summary: 
    +---------+---------+-----------+-----------+-----+-----+---------+
    |  Latency (cycles) |   Latency (absolute)  |  Interval | Pipeline|
    |   min   |   max   |    min    |    max    | min | max |   Type  |
    +---------+---------+-----------+-----------+-----+-----+---------+
    |        6|        6|  60.000 ns|  60.000 ns|    6|    6|       no|
    +---------+---------+-----------+-----------+-----+-----+---------+

    + Detail: 
        * Instance: 
        N/A

        * Loop: 
        +-------------------+---------+---------+----------+-----------+-----------+------+----------+
        |                   |  Latency (cycles) | Iteration|  Initiation Interval  | Trip |          |
        |     Loop Name     |   min   |   max   |  Latency |  achieved |   target  | Count| Pipelined|
        +-------------------+---------+---------+----------+-----------+-----------+------+----------+
        |- VITIS_LOOP_47_1  |        4|        4|         2|          1|          1|     4|       yes|
        +-------------------+---------+---------+----------+-----------+-----------+------+----------+

============================================================
+ Verbose Summary: Synthesis Manager
============================================================
InlineROM: 1
ExposeGlobal: 0
============================================================
+ Verbose Summary: CDFG Model
============================================================
IsTopModel: 0
ResetActiveHigh: 1
IsCombinational: 0
IsDatapathOnly: 0
HasWiredReturn: 1
HasMFsm: 2
HasVarLatency: 1
IsPipeline: 0
IsRtlPipelined: 0
IsInstanceOverlapped: 0
IsDontTouch: 0
HasImplIP: 0
IsGatedGlobalClock: 0

+ Individual pipeline summary: 
  * Pipeline-0: initiation interval (II) = 1, depth = 2


============================================================
+ Verbose Summary: Schedule
============================================================
* Number of FSM states : 2
* Pipeline : 1
  Pipeline-0 : II = 1, D = 2, States = { 1 2 }
* Dataflow Pipeline: 0

* FSM state transitions: 
1 --> 2 
2 --> 

* FSM state operations: 

State 1 <SV = 0> <Delay = 0.95>
ST_1 : Operation 5 [1/1] (0.00ns)   --->   "%i = alloca i32 1"   --->   Operation 5 'alloca' 'i' <Predicate = true> <Delay = 0.00>
ST_1 : Operation 6 [1/1] (0.00ns)   --->   "%specinterface_ln0 = specinterface void @_ssdm_op_SpecInterface, i1 %in_stream, void @empty_1, i32 0, i32 0, void @empty_0, i32 0, i32 0, void @empty_0, void @empty_0, void @empty_0, i32 0, i32 0, i32 0, i32 0, void @empty_0, void @empty_0, i32 4294967295, i32 0"   --->   Operation 6 'specinterface' 'specinterface_ln0' <Predicate = true> <Delay = 0.00>
ST_1 : Operation 7 [1/1] (0.00ns)   --->   "%in_3_load_read = read i1 @_ssdm_op_Read.ap_auto.i1, i1 %in_3_load"   --->   Operation 7 'read' 'in_3_load_read' <Predicate = true> <Delay = 0.00>
ST_1 : Operation 8 [1/1] (0.00ns)   --->   "%in_2_load_read = read i1 @_ssdm_op_Read.ap_auto.i1, i1 %in_2_load"   --->   Operation 8 'read' 'in_2_load_read' <Predicate = true> <Delay = 0.00>
ST_1 : Operation 9 [1/1] (0.00ns)   --->   "%in_1_load_read = read i1 @_ssdm_op_Read.ap_auto.i1, i1 %in_1_load"   --->   Operation 9 'read' 'in_1_load_read' <Predicate = true> <Delay = 0.00>
ST_1 : Operation 10 [1/1] (0.00ns)   --->   "%in_0_load_read = read i1 @_ssdm_op_Read.ap_auto.i1, i1 %in_0_load"   --->   Operation 10 'read' 'in_0_load_read' <Predicate = true> <Delay = 0.00>
ST_1 : Operation 11 [1/1] (0.38ns)   --->   "%store_ln0 = store i3 0, i3 %i"   --->   Operation 11 'store' 'store_ln0' <Predicate = true> <Delay = 0.38>
ST_1 : Operation 12 [1/1] (0.00ns)   --->   "%br_ln0 = br void %for.inc"   --->   Operation 12 'br' 'br_ln0' <Predicate = true> <Delay = 0.00>
ST_1 : Operation 13 [1/1] (0.00ns)   --->   "%i_4 = load i3 %i" [/home/coder/Desktop/s2n2/convSNN/conv2x2_top.cpp:47]   --->   Operation 13 'load' 'i_4' <Predicate = true> <Delay = 0.00>
ST_1 : Operation 14 [1/1] (0.57ns)   --->   "%icmp_ln47 = icmp_eq  i3 %i_4, i3 4" [/home/coder/Desktop/s2n2/convSNN/conv2x2_top.cpp:47]   --->   Operation 14 'icmp' 'icmp_ln47' <Predicate = true> <Delay = 0.57> <CoreInst = "Cmp">   --->   Core 9 'Cmp' <Latency = 0> <II = 1> <Delay = 0.57> <FuncUnit> <Opcode : 'icmp'> <InPorts = 2> <OutPorts = 1>
ST_1 : Operation 15 [1/1] (0.57ns)   --->   "%add_ln47 = add i3 %i_4, i3 1" [/home/coder/Desktop/s2n2/convSNN/conv2x2_top.cpp:47]   --->   Operation 15 'add' 'add_ln47' <Predicate = true> <Delay = 0.57> <CoreInst = "Adder">   --->   Core 1 'Adder' <Latency = 0> <II = 1> <Delay = 0.57> <FuncUnit> <Opcode : 'add' 'sub'> <InPorts = 2> <OutPorts = 1>
ST_1 : Operation 16 [1/1] (0.00ns)   --->   "%br_ln47 = br i1 %icmp_ln47, void %for.inc.split, void %for.end.exitStub" [/home/coder/Desktop/s2n2/convSNN/conv2x2_top.cpp:47]   --->   Operation 16 'br' 'br_ln47' <Predicate = true> <Delay = 0.00>
ST_1 : Operation 17 [1/1] (0.00ns)   --->   "%trunc_ln47 = trunc i3 %i_4" [/home/coder/Desktop/s2n2/convSNN/conv2x2_top.cpp:47]   --->   Operation 17 'trunc' 'trunc_ln47' <Predicate = (!icmp_ln47)> <Delay = 0.00>
ST_1 : Operation 18 [1/1] (0.45ns)   --->   "%p_0 = mux i1 @_ssdm_op_Mux.ap_auto.4i1.i2, i1 %in_0_load_read, i1 %in_1_load_read, i1 %in_2_load_read, i1 %in_3_load_read, i2 %trunc_ln47" [/home/coder/Desktop/s2n2/convSNN/conv2x2_top.cpp:49]   --->   Operation 18 'mux' 'p_0' <Predicate = (!icmp_ln47)> <Delay = 0.45> <CoreInst = "Multiplexer">   --->   Core 76 'Multiplexer' <Latency = 0> <II = 1> <Delay = 0.45> <FuncUnit> <Opcode : 'mux'> <InPorts = 2> <OutPorts = 1>
ST_1 : Operation 19 [1/1] (0.38ns)   --->   "%store_ln47 = store i3 %add_ln47, i3 %i" [/home/coder/Desktop/s2n2/convSNN/conv2x2_top.cpp:47]   --->   Operation 19 'store' 'store_ln47' <Predicate = (!icmp_ln47)> <Delay = 0.38>
ST_1 : Operation 25 [1/1] (0.00ns)   --->   "%ret_ln0 = ret"   --->   Operation 25 'ret' 'ret_ln0' <Predicate = (icmp_ln47)> <Delay = 0.00>

State 2 <SV = 1> <Delay = 1.31>
ST_2 : Operation 20 [1/1] (0.00ns)   --->   "%specpipeline_ln48 = specpipeline void @_ssdm_op_SpecPipeline, i32 1, i32 0, i32 0, i32 0, void @empty_0" [/home/coder/Desktop/s2n2/convSNN/conv2x2_top.cpp:48]   --->   Operation 20 'specpipeline' 'specpipeline_ln48' <Predicate = true> <Delay = 0.00>
ST_2 : Operation 21 [1/1] (0.00ns)   --->   "%speclooptripcount_ln47 = speclooptripcount void @_ssdm_op_SpecLoopTripCount, i64 4, i64 4, i64 4" [/home/coder/Desktop/s2n2/convSNN/conv2x2_top.cpp:47]   --->   Operation 21 'speclooptripcount' 'speclooptripcount_ln47' <Predicate = true> <Delay = 0.00>
ST_2 : Operation 22 [1/1] (0.00ns)   --->   "%specloopname_ln47 = specloopname void @_ssdm_op_SpecLoopName, void @empty_6" [/home/coder/Desktop/s2n2/convSNN/conv2x2_top.cpp:47]   --->   Operation 22 'specloopname' 'specloopname_ln47' <Predicate = true> <Delay = 0.00>
ST_2 : Operation 23 [1/1] (1.31ns)   --->   "%write_ln49 = write void @_ssdm_op_Write.ap_fifo.volatile.i1P0A, i1 %in_stream, i1 %p_0" [/home/coder/Desktop/s2n2/convSNN/conv2x2_top.cpp:49]   --->   Operation 23 'write' 'write_ln49' <Predicate = true> <Delay = 1.31> <CoreInst = "FIFO_SRL">   --->   Core 81 'FIFO_SRL' <Latency = 0> <II = 1> <Delay = 1.31> <Storage> <Opcode : 'read' 'write' 'nbread' 'nbwrite'> <Ports = 0> <Width = 1> <Depth = 8> <FIFO>
ST_2 : Operation 24 [1/1] (0.00ns)   --->   "%br_ln47 = br void %for.inc" [/home/coder/Desktop/s2n2/convSNN/conv2x2_top.cpp:47]   --->   Operation 24 'br' 'br_ln47' <Predicate = true> <Delay = 0.00>


============================================================
+ Verbose Summary: Binding
============================================================
STG Binding: 
---------------- STG Properties BEGIN ----------------
- Is combinational: 0
- Is one-state seq: 0
- Is datapath-only: 0
- Is pipelined: 0
- Is top level: 0
Port [ Return ] is wired: 1; IO mode=ap_ctrl_hs:ce=0
Port [ in_0_load]:  wired=1; compound=0; hidden=0; nouse=0; global=0; static=0; extern=0; dir=0; type=0; pingpong=0; private_global=0; IO mode=ap_none:ce=0
Port [ in_1_load]:  wired=1; compound=0; hidden=0; nouse=0; global=0; static=0; extern=0; dir=0; type=0; pingpong=0; private_global=0; IO mode=ap_none:ce=0
Port [ in_2_load]:  wired=1; compound=0; hidden=0; nouse=0; global=0; static=0; extern=0; dir=0; type=0; pingpong=0; private_global=0; IO mode=ap_none:ce=0
Port [ in_3_load]:  wired=1; compound=0; hidden=0; nouse=0; global=0; static=0; extern=0; dir=0; type=0; pingpong=0; private_global=0; IO mode=ap_none:ce=0
Port [ in_stream]:  wired=1; compound=1; hidden=0; nouse=0; global=0; static=0; extern=0; dir=1; type=3; pingpong=0; private_global=0; IO mode=ap_fifo:ce=0
---------------- STG Properties END ------------------

---------------- Datapath Model BEGIN ----------------

<LifeTime>
<method=bitvector/>
i                      (alloca           ) [ 010]
specinterface_ln0      (specinterface    ) [ 000]
in_3_load_read         (read             ) [ 000]
in_2_load_read         (read             ) [ 000]
in_1_load_read         (read             ) [ 000]
in_0_load_read         (read             ) [ 000]
store_ln0              (store            ) [ 000]
br_ln0                 (br               ) [ 000]
i_4                    (load             ) [ 000]
icmp_ln47              (icmp             ) [ 010]
add_ln47               (add              ) [ 000]
br_ln47                (br               ) [ 000]
trunc_ln47             (trunc            ) [ 000]
p_0                    (mux              ) [ 011]
store_ln47             (store            ) [ 000]
specpipeline_ln48      (specpipeline     ) [ 000]
speclooptripcount_ln47 (speclooptripcount) [ 000]
specloopname_ln47      (specloopname     ) [ 000]
write_ln49             (write            ) [ 000]
br_ln47                (br               ) [ 000]
ret_ln0                (ret              ) [ 000]
</LifeTime>

<model>

<comp_list>
<comp id="0" class="1000" name="in_0_load">
<pin_list>
<pin id="1" dir="1" index="0" bw="1" slack="0"/>
</pin_list>
<bind>
<StgValue><ssdm name="in_0_load"/></StgValue>
</bind>
</comp>

<comp id="2" class="1000" name="in_1_load">
<pin_list>
<pin id="3" dir="1" index="0" bw="1" slack="0"/>
</pin_list>
<bind>
<StgValue><ssdm name="in_1_load"/></StgValue>
</bind>
</comp>

<comp id="4" class="1000" name="in_2_load">
<pin_list>
<pin id="5" dir="1" index="0" bw="1" slack="0"/>
</pin_list>
<bind>
<StgValue><ssdm name="in_2_load"/></StgValue>
</bind>
</comp>

<comp id="6" class="1000" name="in_3_load">
<pin_list>
<pin id="7" dir="1" index="0" bw="1" slack="0"/>
</pin_list>
<bind>
<StgValue><ssdm name="in_3_load"/></StgValue>
</bind>
</comp>

<comp id="8" class="1000" name="in_stream">
<pin_list>
<pin id="9" dir="1" index="0" bw="1" slack="0"/>
</pin_list>
<bind>
<StgValue><ssdm name="in_stream"/></StgValue>
</bind>
</comp>

<comp id="10" class="1001" name="const_10">
<pin_list>
<pin id="11" dir="1" index="0" bw="1" slack="0"/>
</pin_list>
<bind>
<StgValue><ssdm name=""/></StgValue>
</bind>
</comp>

<comp id="12" class="1001" name="const_12">
<pin_list>
<pin id="13" dir="1" index="0" bw="1" slack="2147483647"/>
</pin_list>
<bind>
<StgValue><ssdm name="_ssdm_op_SpecInterface"/></StgValue>
</bind>
</comp>

<comp id="14" class="1001" name="const_14">
<pin_list>
<pin id="15" dir="1" index="0" bw="1" slack="2147483647"/>
</pin_list>
<bind>
<StgValue><ssdm name="empty_1"/></StgValue>
</bind>
</comp>

<comp id="16" class="1001" name="const_16">
<pin_list>
<pin id="17" dir="1" index="0" bw="1" slack="2147483647"/>
</pin_list>
<bind>
<StgValue><ssdm name=""/></StgValue>
</bind>
</comp>

<comp id="18" class="1001" name="const_18">
<pin_list>
<pin id="19" dir="1" index="0" bw="1" slack="2147483647"/>
</pin_list>
<bind>
<StgValue><ssdm name="empty_0"/></StgValue>
</bind>
</comp>

<comp id="20" class="1001" name="const_20">
<pin_list>
<pin id="21" dir="1" index="0" bw="1" slack="2147483647"/>
</pin_list>
<bind>
<StgValue><ssdm name=""/></StgValue>
</bind>
</comp>

<comp id="22" class="1001" name="const_22">
<pin_list>
<pin id="23" dir="1" index="0" bw="1" slack="0"/>
</pin_list>
<bind>
<StgValue><ssdm name="_ssdm_op_Read.ap_auto.i1"/></StgValue>
</bind>
</comp>

<comp id="24" class="1001" name="const_24">
<pin_list>
<pin id="25" dir="1" index="0" bw="1" slack="0"/>
</pin_list>
<bind>
<StgValue><ssdm name=""/></StgValue>
</bind>
</comp>

<comp id="26" class="1001" name="const_26">
<pin_list>
<pin id="27" dir="1" index="0" bw="1" slack="0"/>
</pin_list>
<bind>
<StgValue><ssdm name=""/></StgValue>
</bind>
</comp>

<comp id="28" class="1001" name="const_28">
<pin_list>
<pin id="29" dir="1" index="0" bw="1" slack="0"/>
</pin_list>
<bind>
<StgValue><ssdm name=""/></StgValue>
</bind>
</comp>

<comp id="30" class="1001" name="const_30">
<pin_list>
<pin id="31" dir="1" index="0" bw="1" slack="0"/>
</pin_list>
<bind>
<StgValue><ssdm name="_ssdm_op_Mux.ap_auto.4i1.i2"/></StgValue>
</bind>
</comp>

<comp id="32" class="1001" name="const_32">
<pin_list>
<pin id="33" dir="1" index="0" bw="1" slack="2147483647"/>
</pin_list>
<bind>
<StgValue><ssdm name="_ssdm_op_SpecPipeline"/></StgValue>
</bind>
</comp>

<comp id="34" class="1001" name="const_34">
<pin_list>
<pin id="35" dir="1" index="0" bw="1" slack="2147483647"/>
</pin_list>
<bind>
<StgValue><ssdm name="_ssdm_op_SpecLoopTripCount"/></StgValue>
</bind>
</comp>

<comp id="36" class="1001" name="const_36">
<pin_list>
<pin id="37" dir="1" index="0" bw="1" slack="2147483647"/>
</pin_list>
<bind>
<StgValue><ssdm name=""/></StgValue>
</bind>
</comp>

<comp id="38" class="1001" name="const_38">
<pin_list>
<pin id="39" dir="1" index="0" bw="1" slack="2147483647"/>
</pin_list>
<bind>
<StgValue><ssdm name="_ssdm_op_SpecLoopName"/></StgValue>
</bind>
</comp>

<comp id="40" class="1001" name="const_40">
<pin_list>
<pin id="41" dir="1" index="0" bw="1" slack="2147483647"/>
</pin_list>
<bind>
<StgValue><ssdm name="empty_6"/></StgValue>
</bind>
</comp>

<comp id="42" class="1001" name="const_42">
<pin_list>
<pin id="43" dir="1" index="0" bw="1" slack="0"/>
</pin_list>
<bind>
<StgValue><ssdm name="_ssdm_op_Write.ap_fifo.volatile.i1P0A"/></StgValue>
</bind>
</comp>

<comp id="44" class="1004" name="i_fu_44">
<pin_list>
<pin id="45" dir="0" index="0" bw="1" slack="0"/>
<pin id="46" dir="1" index="1" bw="3" slack="0"/>
</pin_list>
<bind>
<opcode="alloca(26) " fcode="alloca"/>
<opset="i/1 "/>
</bind>
</comp>

<comp id="48" class="1004" name="in_3_load_read_read_fu_48">
<pin_list>
<pin id="49" dir="0" index="0" bw="1" slack="0"/>
<pin id="50" dir="0" index="1" bw="1" slack="0"/>
<pin id="51" dir="1" index="2" bw="1" slack="0"/>
</pin_list>
<bind>
<opcode="read(1150) " fcode="read"/>
<opset="in_3_load_read/1 "/>
</bind>
</comp>

<comp id="54" class="1004" name="in_2_load_read_read_fu_54">
<pin_list>
<pin id="55" dir="0" index="0" bw="1" slack="0"/>
<pin id="56" dir="0" index="1" bw="1" slack="0"/>
<pin id="57" dir="1" index="2" bw="1" slack="0"/>
</pin_list>
<bind>
<opcode="read(1150) " fcode="read"/>
<opset="in_2_load_read/1 "/>
</bind>
</comp>

<comp id="60" class="1004" name="in_1_load_read_read_fu_60">
<pin_list>
<pin id="61" dir="0" index="0" bw="1" slack="0"/>
<pin id="62" dir="0" index="1" bw="1" slack="0"/>
<pin id="63" dir="1" index="2" bw="1" slack="0"/>
</pin_list>
<bind>
<opcode="read(1150) " fcode="read"/>
<opset="in_1_load_read/1 "/>
</bind>
</comp>

<comp id="66" class="1004" name="in_0_load_read_read_fu_66">
<pin_list>
<pin id="67" dir="0" index="0" bw="1" slack="0"/>
<pin id="68" dir="0" index="1" bw="1" slack="0"/>
<pin id="69" dir="1" index="2" bw="1" slack="0"/>
</pin_list>
<bind>
<opcode="read(1150) " fcode="read"/>
<opset="in_0_load_read/1 "/>
</bind>
</comp>

<comp id="72" class="1004" name="write_ln49_write_fu_72">
<pin_list>
<pin id="73" dir="0" index="0" bw="0" slack="0"/>
<pin id="74" dir="0" index="1" bw="1" slack="0"/>
<pin id="75" dir="0" index="2" bw="1" slack="1"/>
<pin id="76" dir="1" index="3" bw="0" slack="2147483647"/>
</pin_list>
<bind>
<opcode="write(1151) " fcode="write"/>
<opset="write_ln49/2 "/>
</bind>
</comp>

<comp id="79" class="1004" name="store_ln0_store_fu_79">
<pin_list>
<pin id="80" dir="0" index="0" bw="1" slack="0"/>
<pin id="81" dir="0" index="1" bw="3" slack="0"/>
<pin id="82" dir="1" index="2" bw="0" slack="2147483647"/>
</pin_list>
<bind>
<opcode="store(28) " fcode="store"/>
<opset="store_ln0/1 "/>
</bind>
</comp>

<comp id="84" class="1004" name="i_4_load_fu_84">
<pin_list>
<pin id="85" dir="0" index="0" bw="3" slack="0"/>
<pin id="86" dir="1" index="1" bw="3" slack="0"/>
</pin_list>
<bind>
<opcode="load(27) " fcode="load"/>
<opset="i_4/1 "/>
</bind>
</comp>

<comp id="87" class="1004" name="icmp_ln47_fu_87">
<pin_list>
<pin id="88" dir="0" index="0" bw="3" slack="0"/>
<pin id="89" dir="0" index="1" bw="3" slack="0"/>
<pin id="90" dir="1" index="2" bw="1" slack="2147483647"/>
</pin_list>
<bind>
<opcode="icmp(45) " fcode="icmp"/>
<opset="icmp_ln47/1 "/>
</bind>
</comp>

<comp id="93" class="1004" name="add_ln47_fu_93">
<pin_list>
<pin id="94" dir="0" index="0" bw="3" slack="0"/>
<pin id="95" dir="0" index="1" bw="1" slack="0"/>
<pin id="96" dir="1" index="2" bw="3" slack="0"/>
</pin_list>
<bind>
<opcode="add(8) " fcode="add"/>
<opset="add_ln47/1 "/>
</bind>
</comp>

<comp id="99" class="1004" name="trunc_ln47_fu_99">
<pin_list>
<pin id="100" dir="0" index="0" bw="3" slack="0"/>
<pin id="101" dir="1" index="1" bw="2" slack="0"/>
</pin_list>
<bind>
<opcode="trunc(33) " fcode="trunc"/>
<opset="trunc_ln47/1 "/>
</bind>
</comp>

<comp id="103" class="1004" name="p_0_fu_103">
<pin_list>
<pin id="104" dir="0" index="0" bw="1" slack="0"/>
<pin id="105" dir="0" index="1" bw="1" slack="0"/>
<pin id="106" dir="0" index="2" bw="1" slack="0"/>
<pin id="107" dir="0" index="3" bw="1" slack="0"/>
<pin id="108" dir="0" index="4" bw="1" slack="0"/>
<pin id="109" dir="0" index="5" bw="2" slack="0"/>
<pin id="110" dir="1" index="6" bw="1" slack="1"/>
</pin_list>
<bind>
<opcode="mux(1196) " fcode="mux"/>
<opset="p_0/1 "/>
</bind>
</comp>

<comp id="117" class="1004" name="store_ln47_store_fu_117">
<pin_list>
<pin id="118" dir="0" index="0" bw="3" slack="0"/>
<pin id="119" dir="0" index="1" bw="3" slack="0"/>
<pin id="120" dir="1" index="2" bw="0" slack="2147483647"/>
</pin_list>
<bind>
<opcode="store(28) " fcode="store"/>
<opset="store_ln47/1 "/>
</bind>
</comp>

<comp id="122" class="1005" name="i_reg_122">
<pin_list>
<pin id="123" dir="0" index="0" bw="3" slack="0"/>
<pin id="124" dir="1" index="1" bw="3" slack="0"/>
</pin_list>
<bind>
<opset="i "/>
</bind>
</comp>

<comp id="132" class="1005" name="p_0_reg_132">
<pin_list>
<pin id="133" dir="0" index="0" bw="1" slack="1"/>
<pin id="134" dir="1" index="1" bw="1" slack="1"/>
</pin_list>
<bind>
<opset="p_0 "/>
</bind>
</comp>

</comp_list>

<net_list>
<net id="47"><net_src comp="10" pin="0"/><net_sink comp="44" pin=0"/></net>

<net id="52"><net_src comp="22" pin="0"/><net_sink comp="48" pin=0"/></net>

<net id="53"><net_src comp="6" pin="0"/><net_sink comp="48" pin=1"/></net>

<net id="58"><net_src comp="22" pin="0"/><net_sink comp="54" pin=0"/></net>

<net id="59"><net_src comp="4" pin="0"/><net_sink comp="54" pin=1"/></net>

<net id="64"><net_src comp="22" pin="0"/><net_sink comp="60" pin=0"/></net>

<net id="65"><net_src comp="2" pin="0"/><net_sink comp="60" pin=1"/></net>

<net id="70"><net_src comp="22" pin="0"/><net_sink comp="66" pin=0"/></net>

<net id="71"><net_src comp="0" pin="0"/><net_sink comp="66" pin=1"/></net>

<net id="77"><net_src comp="42" pin="0"/><net_sink comp="72" pin=0"/></net>

<net id="78"><net_src comp="8" pin="0"/><net_sink comp="72" pin=1"/></net>

<net id="83"><net_src comp="24" pin="0"/><net_sink comp="79" pin=0"/></net>

<net id="91"><net_src comp="84" pin="1"/><net_sink comp="87" pin=0"/></net>

<net id="92"><net_src comp="26" pin="0"/><net_sink comp="87" pin=1"/></net>

<net id="97"><net_src comp="84" pin="1"/><net_sink comp="93" pin=0"/></net>

<net id="98"><net_src comp="28" pin="0"/><net_sink comp="93" pin=1"/></net>

<net id="102"><net_src comp="84" pin="1"/><net_sink comp="99" pin=0"/></net>

<net id="111"><net_src comp="30" pin="0"/><net_sink comp="103" pin=0"/></net>

<net id="112"><net_src comp="66" pin="2"/><net_sink comp="103" pin=1"/></net>

<net id="113"><net_src comp="60" pin="2"/><net_sink comp="103" pin=2"/></net>

<net id="114"><net_src comp="54" pin="2"/><net_sink comp="103" pin=3"/></net>

<net id="115"><net_src comp="48" pin="2"/><net_sink comp="103" pin=4"/></net>

<net id="116"><net_src comp="99" pin="1"/><net_sink comp="103" pin=5"/></net>

<net id="121"><net_src comp="93" pin="2"/><net_sink comp="117" pin=0"/></net>

<net id="125"><net_src comp="44" pin="1"/><net_sink comp="122" pin=0"/></net>

<net id="126"><net_src comp="122" pin="1"/><net_sink comp="79" pin=1"/></net>

<net id="127"><net_src comp="122" pin="1"/><net_sink comp="84" pin=0"/></net>

<net id="128"><net_src comp="122" pin="1"/><net_sink comp="117" pin=1"/></net>

<net id="135"><net_src comp="103" pin="6"/><net_sink comp="132" pin=0"/></net>

<net id="136"><net_src comp="132" pin="1"/><net_sink comp="72" pin=2"/></net>

</net_list>

</model> 
---------------- Datapath Model END ------------------

* FSMD analyzer results:
  - Output states:
	Port: in_stream | {2 }
 - Input state : 
	Port: conv2x2_top_Pipeline_VITIS_LOOP_47_1 : in_0_load | {1 }
	Port: conv2x2_top_Pipeline_VITIS_LOOP_47_1 : in_1_load | {1 }
	Port: conv2x2_top_Pipeline_VITIS_LOOP_47_1 : in_2_load | {1 }
	Port: conv2x2_top_Pipeline_VITIS_LOOP_47_1 : in_3_load | {1 }
  - Chain level:
	State 1
		store_ln0 : 1
		i_4 : 1
		icmp_ln47 : 2
		add_ln47 : 2
		br_ln47 : 3
		trunc_ln47 : 2
		p_0 : 3
		store_ln47 : 3
	State 2


============================================================
+ Verbose Summary: Datapath Resource usage 
============================================================

* Functional unit list:
|----------|---------------------------|---------|---------|
| Operation|      Functional Unit      |    FF   |   LUT   |
|----------|---------------------------|---------|---------|
|    mux   |         p_0_fu_103        |    0    |    20   |
|----------|---------------------------|---------|---------|
|   icmp   |      icmp_ln47_fu_87      |    0    |    10   |
|----------|---------------------------|---------|---------|
|    add   |       add_ln47_fu_93      |    0    |    10   |
|----------|---------------------------|---------|---------|
|          | in_3_load_read_read_fu_48 |    0    |    0    |
|   read   | in_2_load_read_read_fu_54 |    0    |    0    |
|          | in_1_load_read_read_fu_60 |    0    |    0    |
|          | in_0_load_read_read_fu_66 |    0    |    0    |
|----------|---------------------------|---------|---------|
|   write  |   write_ln49_write_fu_72  |    0    |    0    |
|----------|---------------------------|---------|---------|
|   trunc  |      trunc_ln47_fu_99     |    0    |    0    |
|----------|---------------------------|---------|---------|
|   Total  |                           |    0    |    40   |
|----------|---------------------------|---------|---------|

Memories:
N/A

* Register list:
+-----------+--------+
|           |   FF   |
+-----------+--------+
| i_reg_122 |    3   |
|p_0_reg_132|    1   |
+-----------+--------+
|   Total   |    4   |
+-----------+--------+

* Multiplexer (MUX) list: 
|--------|------|------|------|--------|
|  Comp  |  Pin | Size |  BW  | S x BW |
|--------|------|------|------|--------|
|  Total |      |      |      |    0   |
|--------|------|------|------|--------|



* Summary:
+-----------+--------+--------+
|           |   FF   |   LUT  |
+-----------+--------+--------+
|  Function |    0   |   40   |
|   Memory  |    -   |    -   |
|Multiplexer|    -   |    -   |
|  Register |    4   |    -   |
+-----------+--------+--------+
|   Total   |    4   |   40   |
+-----------+--------+--------+
