

================================================================
== Vitis HLS Report for 'conv2x2_top_Pipeline_VITIS_LOOP_74_3'
================================================================
* Date:           Thu Apr 16 02:04:52 2026

* Version:        2023.1 (Build 3854077 on May  4 2023)
* Project:        conv2x2_prj
* Solution:       xcvu9p-flga2577-2-e (Vivado IP Flow Target)
* Product family: virtexuplus
* Target device:  xcvu9p-flga2577-2-e


================================================================
== Performance Estimates
================================================================
+ Timing: 
    * Summary: 
    +--------+----------+----------+------------+
    |  Clock |  Target  | Estimated| Uncertainty|
    +--------+----------+----------+------------+
    |ap_clk  |  10.00 ns|  1.368 ns|     2.70 ns|
    +--------+----------+----------+------------+

+ Latency: 
    * Summary: 
    +---------+---------+-----------+-----------+-----+-----+---------+
    |  Latency (cycles) |   Latency (absolute)  |  Interval | Pipeline|
    |   min   |   max   |    min    |    max    | min | max |   Type  |
    +---------+---------+-----------+-----------+-----+-----+---------+
    |        6|        6|  60.000 ns|  60.000 ns|    6|    6|       no|
    +---------+---------+-----------+-----------+-----+-----+---------+

    + Detail: 
        * Instance: 
        N/A

        * Loop: 
        +-------------------+---------+---------+----------+-----------+-----------+------+----------+
        |                   |  Latency (cycles) | Iteration|  Initiation Interval  | Trip |          |
        |     Loop Name     |   min   |   max   |  Latency |  achieved |   target  | Count| Pipelined|
        +-------------------+---------+---------+----------+-----------+-----------+------+----------+
        |- VITIS_LOOP_74_3  |        4|        4|         2|          1|          1|     4|       yes|
        +-------------------+---------+---------+----------+-----------+-----------+------+----------+



================================================================
== Utilization Estimates
================================================================
* Summary: 
+---------------------+---------+------+---------+---------+-----+
|         Name        | BRAM_18K|  DSP |    FF   |   LUT   | URAM|
+---------------------+---------+------+---------+---------+-----+
|DSP                  |        -|     -|        -|        -|    -|
|Expression           |        -|     -|        0|       28|    -|
|FIFO                 |        -|     -|        -|        -|    -|
|Instance             |        -|     -|        -|        -|    -|
|Memory               |        -|     -|        -|        -|    -|
|Multiplexer          |        -|     -|        -|       54|    -|
|Register             |        -|     -|        6|        -|    -|
+---------------------+---------+------+---------+---------+-----+
|Total                |        0|     0|        6|       82|    0|
+---------------------+---------+------+---------+---------+-----+
|Available SLR        |     1440|  2280|   788160|   394080|  320|
+---------------------+---------+------+---------+---------+-----+
|Utilization SLR (%)  |        0|     0|       ~0|       ~0|    0|
+---------------------+---------+------+---------+---------+-----+
|Available            |     4320|  6840|  2364480|  1182240|  960|
+---------------------+---------+------+---------+---------+-----+
|Utilization (%)      |        0|     0|       ~0|       ~0|    0|
+---------------------+---------+------+---------+---------+-----+

+ Detail: 
    * Instance: 
    N/A

    * DSP: 
    N/A

    * Memory: 
    N/A

    * FIFO: 
    N/A

    * Expression: 
    +----------------------------------+----------+----+---+----+------------+------------+
    |           Variable Name          | Operation| DSP| FF| LUT| Bitwidth P0| Bitwidth P1|
    +----------------------------------+----------+----+---+----+------------+------------+
    |i_3_fu_70_p2                      |         +|   0|  0|  10|           3|           1|
    |ap_block_pp0_stage0_01001         |       and|   0|  0|   2|           1|           1|
    |icmp_ln74_fu_64_p2                |      icmp|   0|  0|  12|           3|           4|
    |ap_block_state2_pp0_stage0_iter1  |        or|   0|  0|   2|           1|           1|
    |ap_enable_pp0                     |       xor|   0|  0|   2|           1|           2|
    +----------------------------------+----------+----+---+----+------------+------------+
    |Total                             |          |   0|  0|  28|           9|           9|
    +----------------------------------+----------+----+---+----+------------+------------+

    * Multiplexer: 
    +-------------------------+----+-----------+-----+-----------+
    |           Name          | LUT| Input Size| Bits| Total Bits|
    +-------------------------+----+-----------+-----+-----------+
    |ap_done_int              |   9|          2|    1|          2|
    |ap_enable_reg_pp0_iter1  |   9|          2|    1|          2|
    |ap_sig_allocacmp_i_2     |   9|          2|    3|          6|
    |convInp_blk_n            |   9|          2|    1|          2|
    |i_fu_38                  |   9|          2|    3|          6|
    |out_stream_blk_n         |   9|          2|    1|          2|
    +-------------------------+----+-----------+-----+-----------+
    |Total                    |  54|         12|   10|         20|
    +-------------------------+----+-----------+-----+-----------+

    * Register: 
    +-------------------------+---+----+-----+-----------+
    |           Name          | FF| LUT| Bits| Const Bits|
    +-------------------------+---+----+-----+-----------+
    |ap_CS_fsm                |  1|   0|    1|          0|
    |ap_done_reg              |  1|   0|    1|          0|
    |ap_enable_reg_pp0_iter1  |  1|   0|    1|          0|
    |i_fu_38                  |  3|   0|    3|          0|
    +-------------------------+---+----+-----+-----------+
    |Total                    |  6|   0|    6|          0|
    +-------------------------+---+----+-----+-----------+



================================================================
== Interface
================================================================
* Summary: 
+-------------------+-----+-----+------------+--------------------------------------+--------------+
|     RTL Ports     | Dir | Bits|  Protocol  |             Source Object            |    C Type    |
+-------------------+-----+-----+------------+--------------------------------------+--------------+
|ap_clk             |   in|    1|  ap_ctrl_hs|  conv2x2_top_Pipeline_VITIS_LOOP_74_3|  return value|
|ap_rst             |   in|    1|  ap_ctrl_hs|  conv2x2_top_Pipeline_VITIS_LOOP_74_3|  return value|
|ap_start           |   in|    1|  ap_ctrl_hs|  conv2x2_top_Pipeline_VITIS_LOOP_74_3|  return value|
|ap_done            |  out|    1|  ap_ctrl_hs|  conv2x2_top_Pipeline_VITIS_LOOP_74_3|  return value|
|ap_idle            |  out|    1|  ap_ctrl_hs|  conv2x2_top_Pipeline_VITIS_LOOP_74_3|  return value|
|ap_ready           |  out|    1|  ap_ctrl_hs|  conv2x2_top_Pipeline_VITIS_LOOP_74_3|  return value|
|convInp_dout       |   in|    1|     ap_fifo|                               convInp|       pointer|
|convInp_empty_n    |   in|    1|     ap_fifo|                               convInp|       pointer|
|convInp_read       |  out|    1|     ap_fifo|                               convInp|       pointer|
|out_stream_din     |  out|    1|     ap_fifo|                            out_stream|       pointer|
|out_stream_full_n  |   in|    1|     ap_fifo|                            out_stream|       pointer|
|out_stream_write   |  out|    1|     ap_fifo|                            out_stream|       pointer|
+-------------------+-----+-----+------------+--------------------------------------+--------------+

============================================================
+ Verbose Summary: Synthesis Manager
============================================================
InlineROM: 1
ExposeGlobal: 0
============================================================
+ Verbose Summary: CDFG Model
============================================================
IsTopModel: 0
ResetActiveHigh: 1
IsCombinational: 2
IsDatapathOnly: 2
HasWiredReturn: 1
HasMFsm: 2
HasVarLatency: 1
IsPipeline: 0
IsRtlPipelined: 0
IsInstanceOverlapped: 0
IsDontTouch: 0
HasImplIP: 0
IsGatedGlobalClock: 0

+ Individual pipeline summary: 
  * Pipeline-0: initiation interval (II) = 1, depth = 2


============================================================
+ Verbose Summary: Schedule
============================================================
* Number of FSM states : 2
* Pipeline : 1
  Pipeline-0 : II = 1, D = 2, States = { 1 2 }
* Dataflow Pipeline: 0

* FSM state transitions: 
1 --> 2 
2 --> 

* FSM state operations: 

State 1 <SV = 0> <Delay = 0.95>
ST_1 : Operation 5 [1/1] (0.00ns)   --->   "%i = alloca i32 1"   --->   Operation 5 'alloca' 'i' <Predicate = true> <Delay = 0.00>
ST_1 : Operation 6 [1/1] (0.00ns)   --->   "%specinterface_ln0 = specinterface void @_ssdm_op_SpecInterface, i1 %out_stream, void @empty_1, i32 0, i32 0, void @empty_0, i32 0, i32 0, void @empty_0, void @empty_0, void @empty_0, i32 0, i32 0, i32 0, i32 0, void @empty_0, void @empty_0, i32 4294967295, i32 0"   --->   Operation 6 'specinterface' 'specinterface_ln0' <Predicate = true> <Delay = 0.00>
ST_1 : Operation 7 [1/1] (0.00ns)   --->   "%specinterface_ln0 = specinterface void @_ssdm_op_SpecInterface, i1 %convInp, void @empty_1, i32 0, i32 0, void @empty_0, i32 0, i32 0, void @empty_0, void @empty_0, void @empty_0, i32 0, i32 0, i32 0, i32 0, void @empty_0, void @empty_0, i32 4294967295, i32 0"   --->   Operation 7 'specinterface' 'specinterface_ln0' <Predicate = true> <Delay = 0.00>
ST_1 : Operation 8 [1/1] (0.38ns)   --->   "%store_ln0 = store i3 0, i3 %i"   --->   Operation 8 'store' 'store_ln0' <Predicate = true> <Delay = 0.38>
ST_1 : Operation 9 [1/1] (0.00ns)   --->   "%br_ln0 = br void %if.end43.i"   --->   Operation 9 'br' 'br_ln0' <Predicate = true> <Delay = 0.00>
ST_1 : Operation 10 [1/1] (0.00ns)   --->   "%i_2 = load i3 %i" [/home/coder/Desktop/s2n2/finn-hlslib-lif/mvau.hpp:74->/home/coder/Desktop/s2n2/finn-hlslib-lif/convlayer.h:52->/home/coder/Desktop/s2n2/convSNN/conv2x2_top.cpp:55]   --->   Operation 10 'load' 'i_2' <Predicate = true> <Delay = 0.00>
ST_1 : Operation 11 [1/1] (0.57ns)   --->   "%icmp_ln74 = icmp_eq  i3 %i_2, i3 4" [/home/coder/Desktop/s2n2/finn-hlslib-lif/mvau.hpp:74->/home/coder/Desktop/s2n2/finn-hlslib-lif/convlayer.h:52->/home/coder/Desktop/s2n2/convSNN/conv2x2_top.cpp:55]   --->   Operation 11 'icmp' 'icmp_ln74' <Predicate = true> <Delay = 0.57> <CoreInst = "Cmp">   --->   Core 9 'Cmp' <Latency = 0> <II = 1> <Delay = 0.70> <FuncUnit> <Opcode : 'icmp'> <InPorts = 2> <OutPorts = 1>
ST_1 : Operation 12 [1/1] (0.57ns)   --->   "%i_3 = add i3 %i_2, i3 1" [/home/coder/Desktop/s2n2/finn-hlslib-lif/mvau.hpp:74->/home/coder/Desktop/s2n2/finn-hlslib-lif/convlayer.h:52->/home/coder/Desktop/s2n2/convSNN/conv2x2_top.cpp:55]   --->   Operation 12 'add' 'i_3' <Predicate = true> <Delay = 0.57> <CoreInst = "Adder">   --->   Core 1 'Adder' <Latency = 0> <II = 1> <Delay = 0.57> <FuncUnit> <Opcode : 'add' 'sub'> <InPorts = 2> <OutPorts = 1>
ST_1 : Operation 13 [1/1] (0.00ns)   --->   "%br_ln74 = br i1 %icmp_ln74, void %if.end43.i.split, void %for.inc9.preheader.exitStub" [/home/coder/Desktop/s2n2/finn-hlslib-lif/mvau.hpp:74->/home/coder/Desktop/s2n2/finn-hlslib-lif/convlayer.h:52->/home/coder/Desktop/s2n2/convSNN/conv2x2_top.cpp:55]   --->   Operation 13 'br' 'br_ln74' <Predicate = true> <Delay = 0.00>
ST_1 : Operation 14 [1/1] (0.38ns)   --->   "%store_ln74 = store i3 %i_3, i3 %i" [/home/coder/Desktop/s2n2/finn-hlslib-lif/mvau.hpp:74->/home/coder/Desktop/s2n2/finn-hlslib-lif/convlayer.h:52->/home/coder/Desktop/s2n2/convSNN/conv2x2_top.cpp:55]   --->   Operation 14 'store' 'store_ln74' <Predicate = (!icmp_ln74)> <Delay = 0.38>
ST_1 : Operation 21 [1/1] (0.00ns)   --->   "%ret_ln0 = ret"   --->   Operation 21 'ret' 'ret_ln0' <Predicate = (icmp_ln74)> <Delay = 0.00>

State 2 <SV = 1> <Delay = 1.36>
ST_2 : Operation 15 [1/1] (0.00ns)   --->   "%specpipeline_ln75 = specpipeline void @_ssdm_op_SpecPipeline, i32 1, i32 0, i32 0, i32 0, void @empty_0" [/home/coder/Desktop/s2n2/finn-hlslib-lif/mvau.hpp:75->/home/coder/Desktop/s2n2/finn-hlslib-lif/convlayer.h:52->/home/coder/Desktop/s2n2/convSNN/conv2x2_top.cpp:55]   --->   Operation 15 'specpipeline' 'specpipeline_ln75' <Predicate = true> <Delay = 0.00>
ST_2 : Operation 16 [1/1] (0.00ns)   --->   "%speclooptripcount_ln74 = speclooptripcount void @_ssdm_op_SpecLoopTripCount, i64 4, i64 4, i64 4" [/home/coder/Desktop/s2n2/finn-hlslib-lif/mvau.hpp:74->/home/coder/Desktop/s2n2/finn-hlslib-lif/convlayer.h:52->/home/coder/Desktop/s2n2/convSNN/conv2x2_top.cpp:55]   --->   Operation 16 'speclooptripcount' 'speclooptripcount_ln74' <Predicate = true> <Delay = 0.00>
ST_2 : Operation 17 [1/1] (0.00ns)   --->   "%specloopname_ln74 = specloopname void @_ssdm_op_SpecLoopName, void @empty_4" [/home/coder/Desktop/s2n2/finn-hlslib-lif/mvau.hpp:74->/home/coder/Desktop/s2n2/finn-hlslib-lif/convlayer.h:52->/home/coder/Desktop/s2n2/convSNN/conv2x2_top.cpp:55]   --->   Operation 17 'specloopname' 'specloopname_ln74' <Predicate = true> <Delay = 0.00>
ST_2 : Operation 18 [1/1] (1.36ns)   --->   "%p_0 = read i1 @_ssdm_op_Read.ap_fifo.volatile.i1P0A, i1 %convInp" [/home/coder/Desktop/s2n2/finn-hlslib-lif/mvau.hpp:79->/home/coder/Desktop/s2n2/finn-hlslib-lif/convlayer.h:52->/home/coder/Desktop/s2n2/convSNN/conv2x2_top.cpp:55]   --->   Operation 18 'read' 'p_0' <Predicate = true> <Delay = 1.36> <CoreInst = "FIFO_SRL">   --->   Core 81 'FIFO_SRL' <Latency = 0> <II = 1> <Delay = 1.36> <Storage> <Opcode : 'read' 'write' 'nbread' 'nbwrite'> <Ports = 0> <Width = 1> <Depth = 256> <FIFO>
ST_2 : Operation 19 [1/1] (1.31ns)   --->   "%write_ln122 = write void @_ssdm_op_Write.ap_fifo.volatile.i1P0A, i1 %out_stream, i1 0" [/home/coder/Desktop/s2n2/finn-hlslib-lif/mvau.hpp:122->/home/coder/Desktop/s2n2/finn-hlslib-lif/convlayer.h:52->/home/coder/Desktop/s2n2/convSNN/conv2x2_top.cpp:55]   --->   Operation 19 'write' 'write_ln122' <Predicate = true> <Delay = 1.31> <CoreInst = "FIFO_SRL">   --->   Core 81 'FIFO_SRL' <Latency = 0> <II = 1> <Delay = 1.31> <Storage> <Opcode : 'read' 'write' 'nbread' 'nbwrite'> <Ports = 0> <Width = 1> <Depth = 8> <FIFO>
ST_2 : Operation 20 [1/1] (0.00ns)   --->   "%br_ln74 = br void %if.end43.i" [/home/coder/Desktop/s2n2/finn-hlslib-lif/mvau.hpp:74->/home/coder/Desktop/s2n2/finn-hlslib-lif/convlayer.h:52->/home/coder/Desktop/s2n2/convSNN/conv2x2_top.cpp:55]   --->   Operation 20 'br' 'br_ln74' <Predicate = true> <Delay = 0.00>


============================================================
+ Verbose Summary: Binding
============================================================
STG Binding: 
---------------- STG Properties BEGIN ----------------
- Is combinational: 0
- Is one-state seq: 0
- Is datapath-only: 0
- Is pipelined: 0
- Is top level: 0
Port [ Return ] is wired: 1; IO mode=ap_ctrl_hs:ce=0
Port [ convInp]:  wired=1; compound=1; hidden=0; nouse=0; global=0; static=0; extern=0; dir=0; type=3; pingpong=0; private_global=0; IO mode=ap_fifo:ce=0
Port [ out_stream]:  wired=1; compound=1; hidden=0; nouse=0; global=0; static=0; extern=0; dir=1; type=3; pingpong=0; private_global=0; IO mode=ap_fifo:ce=0
---------------- STG Properties END ------------------

---------------- Datapath Model BEGIN ----------------

<LifeTime>
<method=bitvector/>
i                      (alloca           ) [ 010]
specinterface_ln0      (specinterface    ) [ 000]
specinterface_ln0      (specinterface    ) [ 000]
store_ln0              (store            ) [ 000]
br_ln0                 (br               ) [ 000]
i_2                    (load             ) [ 000]
icmp_ln74              (icmp             ) [ 010]
i_3                    (add              ) [ 000]
br_ln74                (br               ) [ 000]
store_ln74             (store            ) [ 000]
specpipeline_ln75      (specpipeline     ) [ 000]
speclooptripcount_ln74 (speclooptripcount) [ 000]
specloopname_ln74      (specloopname     ) [ 000]
p_0                    (read             ) [ 000]
write_ln122            (write            ) [ 000]
br_ln74                (br               ) [ 000]
ret_ln0                (ret              ) [ 000]
</LifeTime>

<model>

<comp_list>
<comp id="0" class="1000" name="convInp">
<pin_list>
<pin id="1" dir="1" index="0" bw="1" slack="0"/>
</pin_list>
<bind>
<StgValue><ssdm name="convInp"/></StgValue>
</bind>
</comp>

<comp id="2" class="1000" name="out_stream">
<pin_list>
<pin id="3" dir="1" index="0" bw="1" slack="0"/>
</pin_list>
<bind>
<StgValue><ssdm name="out_stream"/></StgValue>
</bind>
</comp>

<comp id="4" class="1001" name="const_4">
<pin_list>
<pin id="5" dir="1" index="0" bw="1" slack="0"/>
</pin_list>
<bind>
<StgValue><ssdm name=""/></StgValue>
</bind>
</comp>

<comp id="6" class="1001" name="const_6">
<pin_list>
<pin id="7" dir="1" index="0" bw="1" slack="2147483647"/>
</pin_list>
<bind>
<StgValue><ssdm name="_ssdm_op_SpecInterface"/></StgValue>
</bind>
</comp>

<comp id="8" class="1001" name="const_8">
<pin_list>
<pin id="9" dir="1" index="0" bw="1" slack="2147483647"/>
</pin_list>
<bind>
<StgValue><ssdm name="empty_1"/></StgValue>
</bind>
</comp>

<comp id="10" class="1001" name="const_10">
<pin_list>
<pin id="11" dir="1" index="0" bw="1" slack="2147483647"/>
</pin_list>
<bind>
<StgValue><ssdm name=""/></StgValue>
</bind>
</comp>

<comp id="12" class="1001" name="const_12">
<pin_list>
<pin id="13" dir="1" index="0" bw="1" slack="2147483647"/>
</pin_list>
<bind>
<StgValue><ssdm name="empty_0"/></StgValue>
</bind>
</comp>

<comp id="14" class="1001" name="const_14">
<pin_list>
<pin id="15" dir="1" index="0" bw="1" slack="2147483647"/>
</pin_list>
<bind>
<StgValue><ssdm name=""/></StgValue>
</bind>
</comp>

<comp id="16" class="1001" name="const_16">
<pin_list>
<pin id="17" dir="1" index="0" bw="1" slack="0"/>
</pin_list>
<bind>
<StgValue><ssdm name=""/></StgValue>
</bind>
</comp>

<comp id="18" class="1001" name="const_18">
<pin_list>
<pin id="19" dir="1" index="0" bw="1" slack="0"/>
</pin_list>
<bind>
<StgValue><ssdm name=""/></StgValue>
</bind>
</comp>

<comp id="20" class="1001" name="const_20">
<pin_list>
<pin id="21" dir="1" index="0" bw="1" slack="0"/>
</pin_list>
<bind>
<StgValue><ssdm name=""/></StgValue>
</bind>
</comp>

<comp id="22" class="1001" name="const_22">
<pin_list>
<pin id="23" dir="1" index="0" bw="1" slack="2147483647"/>
</pin_list>
<bind>
<StgValue><ssdm name="_ssdm_op_SpecPipeline"/></StgValue>
</bind>
</comp>

<comp id="24" class="1001" name="const_24">
<pin_list>
<pin id="25" dir="1" index="0" bw="1" slack="2147483647"/>
</pin_list>
<bind>
<StgValue><ssdm name="_ssdm_op_SpecLoopTripCount"/></StgValue>
</bind>
</comp>

<comp id="26" class="1001" name="const_26">
<pin_list>
<pin id="27" dir="1" index="0" bw="1" slack="2147483647"/>
</pin_list>
<bind>
<StgValue><ssdm name=""/></StgValue>
</bind>
</comp>

<comp id="28" class="1001" name="const_28">
<pin_list>
<pin id="29" dir="1" index="0" bw="1" slack="2147483647"/>
</pin_list>
<bind>
<StgValue><ssdm name="_ssdm_op_SpecLoopName"/></StgValue>
</bind>
</comp>

<comp id="30" class="1001" name="const_30">
<pin_list>
<pin id="31" dir="1" index="0" bw="1" slack="2147483647"/>
</pin_list>
<bind>
<StgValue><ssdm name="empty_4"/></StgValue>
</bind>
</comp>

<comp id="32" class="1001" name="const_32">
<pin_list>
<pin id="33" dir="1" index="0" bw="1" slack="0"/>
</pin_list>
<bind>
<StgValue><ssdm name="_ssdm_op_Read.ap_fifo.volatile.i1P0A"/></StgValue>
</bind>
</comp>

<comp id="34" class="1001" name="const_34">
<pin_list>
<pin id="35" dir="1" index="0" bw="1" slack="0"/>
</pin_list>
<bind>
<StgValue><ssdm name="_ssdm_op_Write.ap_fifo.volatile.i1P0A"/></StgValue>
</bind>
</comp>

<comp id="36" class="1001" name="const_36">
<pin_list>
<pin id="37" dir="1" index="0" bw="1" slack="0"/>
</pin_list>
<bind>
<StgValue><ssdm name=""/></StgValue>
</bind>
</comp>

<comp id="38" class="1004" name="i_fu_38">
<pin_list>
<pin id="39" dir="0" index="0" bw="1" slack="0"/>
<pin id="40" dir="1" index="1" bw="3" slack="0"/>
</pin_list>
<bind>
<opcode="alloca(26) " fcode="alloca"/>
<opset="i/1 "/>
</bind>
</comp>

<comp id="42" class="1004" name="p_0_read_fu_42">
<pin_list>
<pin id="43" dir="0" index="0" bw="1" slack="0"/>
<pin id="44" dir="0" index="1" bw="1" slack="0"/>
<pin id="45" dir="1" index="2" bw="1" slack="2147483647"/>
</pin_list>
<bind>
<opcode="read(1150) " fcode="read"/>
<opset="p_0/2 "/>
</bind>
</comp>

<comp id="48" class="1004" name="write_ln122_write_fu_48">
<pin_list>
<pin id="49" dir="0" index="0" bw="0" slack="0"/>
<pin id="50" dir="0" index="1" bw="1" slack="0"/>
<pin id="51" dir="0" index="2" bw="1" slack="0"/>
<pin id="52" dir="1" index="3" bw="0" slack="2147483647"/>
</pin_list>
<bind>
<opcode="write(1151) " fcode="write"/>
<opset="write_ln122/2 "/>
</bind>
</comp>

<comp id="56" class="1004" name="store_ln0_store_fu_56">
<pin_list>
<pin id="57" dir="0" index="0" bw="1" slack="0"/>
<pin id="58" dir="0" index="1" bw="3" slack="0"/>
<pin id="59" dir="1" index="2" bw="0" slack="2147483647"/>
</pin_list>
<bind>
<opcode="store(28) " fcode="store"/>
<opset="store_ln0/1 "/>
</bind>
</comp>

<comp id="61" class="1004" name="i_2_load_fu_61">
<pin_list>
<pin id="62" dir="0" index="0" bw="3" slack="0"/>
<pin id="63" dir="1" index="1" bw="3" slack="0"/>
</pin_list>
<bind>
<opcode="load(27) " fcode="load"/>
<opset="i_2/1 "/>
</bind>
</comp>

<comp id="64" class="1004" name="icmp_ln74_fu_64">
<pin_list>
<pin id="65" dir="0" index="0" bw="3" slack="0"/>
<pin id="66" dir="0" index="1" bw="3" slack="0"/>
<pin id="67" dir="1" index="2" bw="1" slack="2147483647"/>
</pin_list>
<bind>
<opcode="icmp(45) " fcode="icmp"/>
<opset="icmp_ln74/1 "/>
</bind>
</comp>

<comp id="70" class="1004" name="i_3_fu_70">
<pin_list>
<pin id="71" dir="0" index="0" bw="3" slack="0"/>
<pin id="72" dir="0" index="1" bw="1" slack="0"/>
<pin id="73" dir="1" index="2" bw="3" slack="0"/>
</pin_list>
<bind>
<opcode="add(8) " fcode="add"/>
<opset="i_3/1 "/>
</bind>
</comp>

<comp id="76" class="1004" name="store_ln74_store_fu_76">
<pin_list>
<pin id="77" dir="0" index="0" bw="3" slack="0"/>
<pin id="78" dir="0" index="1" bw="3" slack="0"/>
<pin id="79" dir="1" index="2" bw="0" slack="2147483647"/>
</pin_list>
<bind>
<opcode="store(28) " fcode="store"/>
<opset="store_ln74/1 "/>
</bind>
</comp>

<comp id="81" class="1005" name="i_reg_81">
<pin_list>
<pin id="82" dir="0" index="0" bw="3" slack="0"/>
<pin id="83" dir="1" index="1" bw="3" slack="0"/>
</pin_list>
<bind>
<opset="i "/>
</bind>
</comp>

</comp_list>

<net_list>
<net id="41"><net_src comp="4" pin="0"/><net_sink comp="38" pin=0"/></net>

<net id="46"><net_src comp="32" pin="0"/><net_sink comp="42" pin=0"/></net>

<net id="47"><net_src comp="0" pin="0"/><net_sink comp="42" pin=1"/></net>

<net id="53"><net_src comp="34" pin="0"/><net_sink comp="48" pin=0"/></net>

<net id="54"><net_src comp="2" pin="0"/><net_sink comp="48" pin=1"/></net>

<net id="55"><net_src comp="36" pin="0"/><net_sink comp="48" pin=2"/></net>

<net id="60"><net_src comp="16" pin="0"/><net_sink comp="56" pin=0"/></net>

<net id="68"><net_src comp="61" pin="1"/><net_sink comp="64" pin=0"/></net>

<net id="69"><net_src comp="18" pin="0"/><net_sink comp="64" pin=1"/></net>

<net id="74"><net_src comp="61" pin="1"/><net_sink comp="70" pin=0"/></net>

<net id="75"><net_src comp="20" pin="0"/><net_sink comp="70" pin=1"/></net>

<net id="80"><net_src comp="70" pin="2"/><net_sink comp="76" pin=0"/></net>

<net id="84"><net_src comp="38" pin="1"/><net_sink comp="81" pin=0"/></net>

<net id="85"><net_src comp="81" pin="1"/><net_sink comp="56" pin=1"/></net>

<net id="86"><net_src comp="81" pin="1"/><net_sink comp="61" pin=0"/></net>

<net id="87"><net_src comp="81" pin="1"/><net_sink comp="76" pin=1"/></net>

</net_list>

</model> 
---------------- Datapath Model END ------------------

* FSMD analyzer results:
  - Output states:
	Port: out_stream | {2 }
 - Input state : 
	Port: conv2x2_top_Pipeline_VITIS_LOOP_74_3 : convInp | {2 }
  - Chain level:
	State 1
		store_ln0 : 1
		i_2 : 1
		icmp_ln74 : 2
		i_3 : 2
		br_ln74 : 3
		store_ln74 : 3
	State 2


============================================================
+ Verbose Summary: Datapath Resource usage 
============================================================

* Functional unit list:
|----------|-------------------------|---------|---------|
| Operation|     Functional Unit     |    FF   |   LUT   |
|----------|-------------------------|---------|---------|
|   icmp   |     icmp_ln74_fu_64     |    0    |    10   |
|----------|-------------------------|---------|---------|
|    add   |        i_3_fu_70        |    0    |    10   |
|----------|-------------------------|---------|---------|
|   read   |      p_0_read_fu_42     |    0    |    0    |
|----------|-------------------------|---------|---------|
|   write  | write_ln122_write_fu_48 |    0    |    0    |
|----------|-------------------------|---------|---------|
|   Total  |                         |    0    |    20   |
|----------|-------------------------|---------|---------|

Memories:
N/A

* Register list:
+--------+--------+
|        |   FF   |
+--------+--------+
|i_reg_81|    3   |
+--------+--------+
|  Total |    3   |
+--------+--------+

* Multiplexer (MUX) list: 
|--------|------|------|------|--------|
|  Comp  |  Pin | Size |  BW  | S x BW |
|--------|------|------|------|--------|
|  Total |      |      |      |    0   |
|--------|------|------|------|--------|



* Summary:
+-----------+--------+--------+
|           |   FF   |   LUT  |
+-----------+--------+--------+
|  Function |    0   |   20   |
|   Memory  |    -   |    -   |
|Multiplexer|    -   |    -   |
|  Register |    3   |    -   |
+-----------+--------+--------+
|   Total   |    3   |   20   |
+-----------+--------+--------+
