

================================================================
== Vitis HLS Report for 'conv2x2_top'
================================================================
* Date:           Thu Apr 16 02:04:50 2026

* Version:        2023.1 (Build 3854077 on May  4 2023)
* Project:        conv2x2_prj
* Solution:       xcvu9p-flga2577-2-e (Vivado IP Flow Target)
* Product family: virtexuplus
* Target device:  xcvu9p-flga2577-2-e


================================================================
== Performance Estimates
================================================================
+ Timing: 
    * Summary: 
    +--------+----------+----------+------------+
    |  Clock |  Target  | Estimated| Uncertainty|
    +--------+----------+----------+------------+
    |ap_clk  |  10.00 ns|  2.407 ns|     2.70 ns|
    +--------+----------+----------+------------+

+ Latency: 
    * Summary: 
    +---------+---------+----------+----------+-----+-----+---------+
    |  Latency (cycles) |  Latency (absolute) |  Interval | Pipeline|
    |   min   |   max   |    min   |    max   | min | max |   Type  |
    +---------+---------+----------+----------+-----+-----+---------+
    |       37|       37|  0.370 us|  0.370 us|   38|   38|       no|
    +---------+---------+----------+----------+-----+-----+---------+

    + Detail: 
        * Instance: 
        +--------------------------------------------------+---------------------------------------+---------+---------+-----------+-----------+-----+-----+---------+
        |                                                  |                                       |  Latency (cycles) |   Latency (absolute)  |  Interval | Pipeline|
        |                     Instance                     |                 Module                |   min   |   max   |    min    |    max    | min | max |   Type  |
        +--------------------------------------------------+---------------------------------------+---------+---------+-----------+-----------+-----+-----+---------+
        |grp_conv2x2_top_Pipeline_VITIS_LOOP_47_1_fu_126   |conv2x2_top_Pipeline_VITIS_LOOP_47_1   |        6|        6|  60.000 ns|  60.000 ns|    6|    6|       no|
        |grp_conv2x2_top_Pipeline_VITIS_LOOP_197_2_fu_135  |conv2x2_top_Pipeline_VITIS_LOOP_197_2  |        8|        8|  80.000 ns|  80.000 ns|    8|    8|       no|
        |call_ln40_load_weights_once_fu_143                |load_weights_once                      |        0|        0|       0 ns|       0 ns|    0|    0|       no|
        |grp_conv2x2_top_Pipeline_VITIS_LOOP_74_3_fu_149   |conv2x2_top_Pipeline_VITIS_LOOP_74_3   |        6|        6|  60.000 ns|  60.000 ns|    6|    6|       no|
        |grp_conv2x2_top_Pipeline_VITIS_LOOP_79_2_fu_155   |conv2x2_top_Pipeline_VITIS_LOOP_79_2   |        6|        6|  60.000 ns|  60.000 ns|    6|    6|       no|
        +--------------------------------------------------+---------------------------------------+---------+---------+-----------+-----------+-----+-----+---------+

        * Loop: 
        N/A

============================================================
+ Verbose Summary: Synthesis Manager
============================================================
InlineROM: 1
ExposeGlobal: 0
============================================================
+ Verbose Summary: CDFG Model
============================================================
IsTopModel: 1
ResetActiveHigh: 1
IsCombinational: 0
IsDatapathOnly: 0
HasWiredReturn: 1
HasMFsm: 0
HasVarLatency: 1
IsPipeline: 0
IsRtlPipelined: 0
IsInstanceOverlapped: 0
IsDontTouch: 0
HasImplIP: 0
IsGatedGlobalClock: 0


============================================================
+ Verbose Summary: Schedule
============================================================
* Number of FSM states : 12
* Pipeline : 0
* Dataflow Pipeline: 0

* FSM state transitions: 
1 --> 2 
2 --> 3 
3 --> 4 
4 --> 5 
5 --> 6 
6 --> 7 
7 --> 8 
8 --> 9 
9 --> 10 
10 --> 11 
11 --> 12 
12 --> 

* FSM state operations: 

State 1 <SV = 0> <Delay = 0.63>
ST_1 : Operation 13 [1/1] (0.00ns)   --->   "%convInp = alloca i64 1" [/home/coder/Desktop/s2n2/finn-hlslib-lif/convlayer.h:46->/home/coder/Desktop/s2n2/convSNN/conv2x2_top.cpp:55]   --->   Operation 13 'alloca' 'convInp' <Predicate = true> <Delay = 0.00> <CoreInst = "FIFO_SRL">   --->   Core 81 'FIFO_SRL' <Latency = 0> <II = 1> <Delay = 1.36> <Storage> <Opcode : 'read' 'write' 'nbread' 'nbwrite'> <Ports = 0> <Width = 1> <Depth = 256> <FIFO>
ST_1 : Operation 14 [1/1] (0.00ns)   --->   "%in_stream = alloca i64 1" [/home/coder/Desktop/s2n2/convSNN/conv2x2_top.cpp:42]   --->   Operation 14 'alloca' 'in_stream' <Predicate = true> <Delay = 0.00> <CoreInst = "FIFO_SRL">   --->   Core 81 'FIFO_SRL' <Latency = 0> <II = 1> <Delay = 1.31> <Storage> <Opcode : 'read' 'write' 'nbread' 'nbwrite'> <Ports = 0> <Width = 1> <Depth = 8> <FIFO>
ST_1 : Operation 15 [1/1] (0.00ns)   --->   "%out_stream = alloca i64 1" [/home/coder/Desktop/s2n2/convSNN/conv2x2_top.cpp:43]   --->   Operation 15 'alloca' 'out_stream' <Predicate = true> <Delay = 0.00> <CoreInst = "FIFO_SRL">   --->   Core 81 'FIFO_SRL' <Latency = 0> <II = 1> <Delay = 1.31> <Storage> <Opcode : 'read' 'write' 'nbread' 'nbwrite'> <Ports = 0> <Width = 1> <Depth = 8> <FIFO>
ST_1 : Operation 16 [1/1] (0.63ns)   --->   "%inputBuf = alloca i64 1" [/home/coder/Desktop/s2n2/finn-hlslib-lif/slidingwindow.h:180->/home/coder/Desktop/s2n2/finn-hlslib-lif/convlayer.h:49->/home/coder/Desktop/s2n2/convSNN/conv2x2_top.cpp:55]   --->   Operation 16 'alloca' 'inputBuf' <Predicate = true> <Delay = 0.63> <CoreInst = "RAM_2P">   --->   Core 92 'RAM_2P' <Latency = 1> <II = 1> <Delay = 0.63> <Storage> <Opcode : 'load' 'store'> <Ports = 2> <Width = 1> <Depth = 2> <RAM>
ST_1 : Operation 17 [1/1] (0.63ns)   --->   "%inputBuf_1 = alloca i64 1" [/home/coder/Desktop/s2n2/finn-hlslib-lif/slidingwindow.h:180->/home/coder/Desktop/s2n2/finn-hlslib-lif/convlayer.h:49->/home/coder/Desktop/s2n2/convSNN/conv2x2_top.cpp:55]   --->   Operation 17 'alloca' 'inputBuf_1' <Predicate = true> <Delay = 0.63> <CoreInst = "RAM_2P">   --->   Core 92 'RAM_2P' <Latency = 1> <II = 1> <Delay = 0.63> <Storage> <Opcode : 'load' 'store'> <Ports = 2> <Width = 1> <Depth = 2> <RAM>
ST_1 : Operation 18 [1/1] (0.00ns)   --->   "%in_0_read = read i1 @_ssdm_op_Read.ap_auto.i1P0A, i1 %in_0"   --->   Operation 18 'read' 'in_0_read' <Predicate = true> <Delay = 0.00>
ST_1 : Operation 19 [1/1] (0.00ns)   --->   "%in_1_read = read i1 @_ssdm_op_Read.ap_auto.i1P0A, i1 %in_1"   --->   Operation 19 'read' 'in_1_read' <Predicate = true> <Delay = 0.00>
ST_1 : Operation 20 [1/1] (0.00ns)   --->   "%in_2_read = read i1 @_ssdm_op_Read.ap_auto.i1P0A, i1 %in_2"   --->   Operation 20 'read' 'in_2_read' <Predicate = true> <Delay = 0.00>
ST_1 : Operation 21 [1/1] (0.00ns)   --->   "%in_3_read = read i1 @_ssdm_op_Read.ap_auto.i1P0A, i1 %in_3"   --->   Operation 21 'read' 'in_3_read' <Predicate = true> <Delay = 0.00>

State 2 <SV = 1> <Delay = 0.45>
ST_2 : Operation 22 [1/1] (0.00ns)   --->   "%empty_15 = wait i32 @_ssdm_op_Wait"   --->   Operation 22 'wait' 'empty_15' <Predicate = true> <Delay = 0.00>
ST_2 : Operation 23 [2/2] (0.45ns)   --->   "%call_ln0 = call void @conv2x2_top_Pipeline_VITIS_LOOP_47_1, i1 %in_0_read, i1 %in_1_read, i1 %in_2_read, i1 %in_3_read, i1 %in_stream"   --->   Operation 23 'call' 'call_ln0' <Predicate = true> <Delay = 0.45> <CoreType = "Generic">   --->   Core 0 '' <Latency = 0> <II = 1> <Delay = 1.00> <Generic> <Opcode : >

State 3 <SV = 2> <Delay = 0.00>
ST_3 : Operation 24 [1/2] (0.00ns)   --->   "%call_ln0 = call void @conv2x2_top_Pipeline_VITIS_LOOP_47_1, i1 %in_0_read, i1 %in_1_read, i1 %in_2_read, i1 %in_3_read, i1 %in_stream"   --->   Operation 24 'call' 'call_ln0' <Predicate = true> <Delay = 0.00> <CoreType = "Generic">   --->   Core 0 '' <Latency = 0> <II = 1> <Delay = 1.00> <Generic> <Opcode : >

State 4 <SV = 3> <Delay = 0.00>
ST_4 : Operation 25 [1/1] (0.00ns)   --->   "%empty_16 = wait i32 @_ssdm_op_Wait"   --->   Operation 25 'wait' 'empty_16' <Predicate = true> <Delay = 0.00>

State 5 <SV = 4> <Delay = 0.00>
ST_5 : Operation 26 [1/1] (0.00ns)   --->   "%empty_17 = wait i32 @_ssdm_op_Wait"   --->   Operation 26 'wait' 'empty_17' <Predicate = true> <Delay = 0.00>
ST_5 : Operation 27 [2/2] (0.00ns)   --->   "%call_ln0 = call void @conv2x2_top_Pipeline_VITIS_LOOP_197_2, i1 %in_stream, i1 %inputBuf, i1 %inputBuf_1, i1 %convInp"   --->   Operation 27 'call' 'call_ln0' <Predicate = true> <Delay = 0.00> <CoreType = "Generic">   --->   Core 0 '' <Latency = 0> <II = 1> <Delay = 1.00> <Generic> <Opcode : >

State 6 <SV = 5> <Delay = 0.00>
ST_6 : Operation 28 [1/2] (0.00ns)   --->   "%call_ln0 = call void @conv2x2_top_Pipeline_VITIS_LOOP_197_2, i1 %in_stream, i1 %inputBuf, i1 %inputBuf_1, i1 %convInp"   --->   Operation 28 'call' 'call_ln0' <Predicate = true> <Delay = 0.00> <CoreType = "Generic">   --->   Core 0 '' <Latency = 0> <II = 1> <Delay = 1.00> <Generic> <Opcode : >

State 7 <SV = 6> <Delay = 0.00>
ST_7 : Operation 29 [1/1] (0.00ns)   --->   "%spectopmodule_ln36 = spectopmodule void @_ssdm_op_SpecTopModule, void @empty_2" [/home/coder/Desktop/s2n2/convSNN/conv2x2_top.cpp:36]   --->   Operation 29 'spectopmodule' 'spectopmodule_ln36' <Predicate = true> <Delay = 0.00>
ST_7 : Operation 30 [1/1] (0.00ns)   --->   "%specbitsmap_ln0 = specbitsmap void @_ssdm_op_SpecBitsMap, i1 %in_0"   --->   Operation 30 'specbitsmap' 'specbitsmap_ln0' <Predicate = true> <Delay = 0.00>
ST_7 : Operation 31 [1/1] (0.00ns)   --->   "%specinterface_ln0 = specinterface void @_ssdm_op_SpecInterface, i1 %in_0, void @empty, i32 0, i32 0, void @empty_0, i32 0, i32 0, void @empty_0, void @empty_0, void @empty_0, i32 0, i32 0, i32 0, i32 0, void @empty_0, void @empty_0, i32 4294967295, i32 0"   --->   Operation 31 'specinterface' 'specinterface_ln0' <Predicate = true> <Delay = 0.00>
ST_7 : Operation 32 [1/1] (0.00ns)   --->   "%specbitsmap_ln0 = specbitsmap void @_ssdm_op_SpecBitsMap, i1 %in_1"   --->   Operation 32 'specbitsmap' 'specbitsmap_ln0' <Predicate = true> <Delay = 0.00>
ST_7 : Operation 33 [1/1] (0.00ns)   --->   "%specinterface_ln0 = specinterface void @_ssdm_op_SpecInterface, i1 %in_1, void @empty, i32 0, i32 0, void @empty_0, i32 0, i32 0, void @empty_0, void @empty_0, void @empty_0, i32 0, i32 0, i32 0, i32 0, void @empty_0, void @empty_0, i32 4294967295, i32 0"   --->   Operation 33 'specinterface' 'specinterface_ln0' <Predicate = true> <Delay = 0.00>
ST_7 : Operation 34 [1/1] (0.00ns)   --->   "%specbitsmap_ln0 = specbitsmap void @_ssdm_op_SpecBitsMap, i1 %in_2"   --->   Operation 34 'specbitsmap' 'specbitsmap_ln0' <Predicate = true> <Delay = 0.00>
ST_7 : Operation 35 [1/1] (0.00ns)   --->   "%specinterface_ln0 = specinterface void @_ssdm_op_SpecInterface, i1 %in_2, void @empty, i32 0, i32 0, void @empty_0, i32 0, i32 0, void @empty_0, void @empty_0, void @empty_0, i32 0, i32 0, i32 0, i32 0, void @empty_0, void @empty_0, i32 4294967295, i32 0"   --->   Operation 35 'specinterface' 'specinterface_ln0' <Predicate = true> <Delay = 0.00>
ST_7 : Operation 36 [1/1] (0.00ns)   --->   "%specbitsmap_ln0 = specbitsmap void @_ssdm_op_SpecBitsMap, i1 %in_3"   --->   Operation 36 'specbitsmap' 'specbitsmap_ln0' <Predicate = true> <Delay = 0.00>
ST_7 : Operation 37 [1/1] (0.00ns)   --->   "%specinterface_ln0 = specinterface void @_ssdm_op_SpecInterface, i1 %in_3, void @empty, i32 0, i32 0, void @empty_0, i32 0, i32 0, void @empty_0, void @empty_0, void @empty_0, i32 0, i32 0, i32 0, i32 0, void @empty_0, void @empty_0, i32 4294967295, i32 0"   --->   Operation 37 'specinterface' 'specinterface_ln0' <Predicate = true> <Delay = 0.00>
ST_7 : Operation 38 [1/1] (0.00ns)   --->   "%specbitsmap_ln0 = specbitsmap void @_ssdm_op_SpecBitsMap, i1 %out_0"   --->   Operation 38 'specbitsmap' 'specbitsmap_ln0' <Predicate = true> <Delay = 0.00>
ST_7 : Operation 39 [1/1] (0.00ns)   --->   "%specinterface_ln0 = specinterface void @_ssdm_op_SpecInterface, i1 %out_0, void @empty, i32 0, i32 0, void @empty_0, i32 0, i32 0, void @empty_0, void @empty_0, void @empty_0, i32 0, i32 0, i32 0, i32 0, void @empty_0, void @empty_0, i32 4294967295, i32 0"   --->   Operation 39 'specinterface' 'specinterface_ln0' <Predicate = true> <Delay = 0.00>
ST_7 : Operation 40 [1/1] (0.00ns)   --->   "%specbitsmap_ln0 = specbitsmap void @_ssdm_op_SpecBitsMap, i1 %out_1"   --->   Operation 40 'specbitsmap' 'specbitsmap_ln0' <Predicate = true> <Delay = 0.00>
ST_7 : Operation 41 [1/1] (0.00ns)   --->   "%specinterface_ln0 = specinterface void @_ssdm_op_SpecInterface, i1 %out_1, void @empty, i32 0, i32 0, void @empty_0, i32 0, i32 0, void @empty_0, void @empty_0, void @empty_0, i32 0, i32 0, i32 0, i32 0, void @empty_0, void @empty_0, i32 4294967295, i32 0"   --->   Operation 41 'specinterface' 'specinterface_ln0' <Predicate = true> <Delay = 0.00>
ST_7 : Operation 42 [1/1] (0.00ns)   --->   "%specbitsmap_ln0 = specbitsmap void @_ssdm_op_SpecBitsMap, i1 %out_2"   --->   Operation 42 'specbitsmap' 'specbitsmap_ln0' <Predicate = true> <Delay = 0.00>
ST_7 : Operation 43 [1/1] (0.00ns)   --->   "%specinterface_ln0 = specinterface void @_ssdm_op_SpecInterface, i1 %out_2, void @empty, i32 0, i32 0, void @empty_0, i32 0, i32 0, void @empty_0, void @empty_0, void @empty_0, i32 0, i32 0, i32 0, i32 0, void @empty_0, void @empty_0, i32 4294967295, i32 0"   --->   Operation 43 'specinterface' 'specinterface_ln0' <Predicate = true> <Delay = 0.00>
ST_7 : Operation 44 [1/1] (0.00ns)   --->   "%specbitsmap_ln0 = specbitsmap void @_ssdm_op_SpecBitsMap, i1 %out_3"   --->   Operation 44 'specbitsmap' 'specbitsmap_ln0' <Predicate = true> <Delay = 0.00>
ST_7 : Operation 45 [1/1] (0.00ns)   --->   "%specinterface_ln0 = specinterface void @_ssdm_op_SpecInterface, i1 %out_3, void @empty, i32 0, i32 0, void @empty_0, i32 0, i32 0, void @empty_0, void @empty_0, void @empty_0, i32 0, i32 0, i32 0, i32 0, void @empty_0, void @empty_0, i32 4294967295, i32 0"   --->   Operation 45 'specinterface' 'specinterface_ln0' <Predicate = true> <Delay = 0.00>
ST_7 : Operation 46 [1/1] (0.00ns)   --->   "%empty = specchannel i32 @_ssdm_op_SpecChannel, void @convInp_str, i32 1, void @p_str, void @p_str, i32 256, i32 256, i1 %convInp, i1 %convInp"   --->   Operation 46 'specchannel' 'empty' <Predicate = true> <Delay = 0.00>
ST_7 : Operation 47 [1/1] (0.00ns)   --->   "%specinterface_ln0 = specinterface void @_ssdm_op_SpecInterface, i1 %convInp, void @empty_1, i32 0, i32 0, void @empty_0, i32 0, i32 0, void @empty_0, void @empty_0, void @empty_0, i32 0, i32 0, i32 0, i32 0, void @empty_0, void @empty_0, i32 4294967295, i32 0"   --->   Operation 47 'specinterface' 'specinterface_ln0' <Predicate = true> <Delay = 0.00>
ST_7 : Operation 48 [1/1] (0.00ns)   --->   "%empty_13 = specchannel i32 @_ssdm_op_SpecChannel, void @in_stream_str, i32 1, void @p_str, void @p_str, i32 8, i32 8, i1 %in_stream, i1 %in_stream"   --->   Operation 48 'specchannel' 'empty_13' <Predicate = true> <Delay = 0.00>
ST_7 : Operation 49 [1/1] (0.00ns)   --->   "%specinterface_ln0 = specinterface void @_ssdm_op_SpecInterface, i1 %in_stream, void @empty_1, i32 0, i32 0, void @empty_0, i32 0, i32 0, void @empty_0, void @empty_0, void @empty_0, i32 0, i32 0, i32 0, i32 0, void @empty_0, void @empty_0, i32 4294967295, i32 0"   --->   Operation 49 'specinterface' 'specinterface_ln0' <Predicate = true> <Delay = 0.00>
ST_7 : Operation 50 [1/1] (0.00ns)   --->   "%empty_14 = specchannel i32 @_ssdm_op_SpecChannel, void @out_stream_str, i32 1, void @p_str, void @p_str, i32 8, i32 8, i1 %out_stream, i1 %out_stream"   --->   Operation 50 'specchannel' 'empty_14' <Predicate = true> <Delay = 0.00>
ST_7 : Operation 51 [1/1] (0.00ns)   --->   "%specinterface_ln0 = specinterface void @_ssdm_op_SpecInterface, i1 %out_stream, void @empty_1, i32 0, i32 0, void @empty_0, i32 0, i32 0, void @empty_0, void @empty_0, void @empty_0, i32 0, i32 0, i32 0, i32 0, void @empty_0, void @empty_0, i32 4294967295, i32 0"   --->   Operation 51 'specinterface' 'specinterface_ln0' <Predicate = true> <Delay = 0.00>
ST_7 : Operation 52 [1/1] (0.00ns)   --->   "%call_ln40 = call void @load_weights_once, i1 %loaded" [/home/coder/Desktop/s2n2/convSNN/conv2x2_top.cpp:40]   --->   Operation 52 'call' 'call_ln40' <Predicate = true> <Delay = 0.00> <CoreType = "Generic">   --->   Core 0 '' <Latency = 0> <II = 1> <Delay = 1.00> <Generic> <Opcode : >
ST_7 : Operation 53 [1/1] (0.00ns)   --->   "%specmemcore_ln75 = specmemcore void @_ssdm_op_SpecMemCore, i1 %inputBuf_1, i64 666, i64 21, i64 18446744073709551615" [/home/coder/Desktop/s2n2/finn-hlslib-lif/slidingwindow.h:75->/home/coder/Desktop/s2n2/finn-hlslib-lif/slidingwindow.h:183->/home/coder/Desktop/s2n2/finn-hlslib-lif/convlayer.h:49->/home/coder/Desktop/s2n2/convSNN/conv2x2_top.cpp:55]   --->   Operation 53 'specmemcore' 'specmemcore_ln75' <Predicate = true> <Delay = 0.00>
ST_7 : Operation 54 [1/1] (0.00ns)   --->   "%specmemcore_ln75 = specmemcore void @_ssdm_op_SpecMemCore, i1 %inputBuf, i64 666, i64 21, i64 18446744073709551615" [/home/coder/Desktop/s2n2/finn-hlslib-lif/slidingwindow.h:75->/home/coder/Desktop/s2n2/finn-hlslib-lif/slidingwindow.h:183->/home/coder/Desktop/s2n2/finn-hlslib-lif/convlayer.h:49->/home/coder/Desktop/s2n2/convSNN/conv2x2_top.cpp:55]   --->   Operation 54 'specmemcore' 'specmemcore_ln75' <Predicate = true> <Delay = 0.00>
ST_7 : Operation 55 [1/1] (0.00ns)   --->   "%empty_18 = wait i32 @_ssdm_op_Wait"   --->   Operation 55 'wait' 'empty_18' <Predicate = true> <Delay = 0.00>
ST_7 : Operation 56 [1/1] (0.00ns)   --->   "%specreset_ln56 = specreset void @_ssdm_op_SpecReset, i1 %st_init, i64 1, void @empty_0" [/home/coder/Desktop/s2n2/finn-hlslib-lif/mvau.hpp:56->/home/coder/Desktop/s2n2/finn-hlslib-lif/convlayer.h:52->/home/coder/Desktop/s2n2/convSNN/conv2x2_top.cpp:55]   --->   Operation 56 'specreset' 'specreset_ln56' <Predicate = true> <Delay = 0.00>
ST_7 : Operation 57 [1/1] (0.00ns)   --->   "%st_init_load = load i1 %st_init" [/home/coder/Desktop/s2n2/finn-hlslib-lif/mvau.hpp:57->/home/coder/Desktop/s2n2/finn-hlslib-lif/convlayer.h:52->/home/coder/Desktop/s2n2/convSNN/conv2x2_top.cpp:55]   --->   Operation 57 'load' 'st_init_load' <Predicate = true> <Delay = 0.00>
ST_7 : Operation 58 [1/1] (0.00ns)   --->   "%br_ln57 = br i1 %st_init_load, void %VITIS_LOOP_58_1.i, void %VITIS_LOOP_74_3.i" [/home/coder/Desktop/s2n2/finn-hlslib-lif/mvau.hpp:57->/home/coder/Desktop/s2n2/finn-hlslib-lif/convlayer.h:52->/home/coder/Desktop/s2n2/convSNN/conv2x2_top.cpp:55]   --->   Operation 58 'br' 'br_ln57' <Predicate = true> <Delay = 0.00>
ST_7 : Operation 59 [1/1] (0.00ns)   --->   "%store_ln64 = store i1 1, i1 %st_init" [/home/coder/Desktop/s2n2/finn-hlslib-lif/mvau.hpp:64->/home/coder/Desktop/s2n2/finn-hlslib-lif/convlayer.h:52->/home/coder/Desktop/s2n2/convSNN/conv2x2_top.cpp:55]   --->   Operation 59 'store' 'store_ln64' <Predicate = (!st_init_load)> <Delay = 0.00>
ST_7 : Operation 60 [1/1] (0.00ns)   --->   "%br_ln65 = br void %VITIS_LOOP_74_3.i" [/home/coder/Desktop/s2n2/finn-hlslib-lif/mvau.hpp:65->/home/coder/Desktop/s2n2/finn-hlslib-lif/convlayer.h:52->/home/coder/Desktop/s2n2/convSNN/conv2x2_top.cpp:55]   --->   Operation 60 'br' 'br_ln65' <Predicate = (!st_init_load)> <Delay = 0.00>

State 8 <SV = 7> <Delay = 0.00>
ST_8 : Operation 61 [1/1] (0.00ns)   --->   "%empty_19 = wait i32 @_ssdm_op_Wait"   --->   Operation 61 'wait' 'empty_19' <Predicate = true> <Delay = 0.00>
ST_8 : Operation 62 [2/2] (0.00ns)   --->   "%call_ln0 = call void @conv2x2_top_Pipeline_VITIS_LOOP_74_3, i1 %convInp, i1 %out_stream"   --->   Operation 62 'call' 'call_ln0' <Predicate = true> <Delay = 0.00> <CoreType = "Generic">   --->   Core 0 '' <Latency = 0> <II = 1> <Delay = 1.00> <Generic> <Opcode : >

State 9 <SV = 8> <Delay = 0.00>
ST_9 : Operation 63 [1/2] (0.00ns)   --->   "%call_ln0 = call void @conv2x2_top_Pipeline_VITIS_LOOP_74_3, i1 %convInp, i1 %out_stream"   --->   Operation 63 'call' 'call_ln0' <Predicate = true> <Delay = 0.00> <CoreType = "Generic">   --->   Core 0 '' <Latency = 0> <II = 1> <Delay = 1.00> <Generic> <Opcode : >

State 10 <SV = 9> <Delay = 0.00>
ST_10 : Operation 64 [1/1] (0.00ns)   --->   "%empty_20 = wait i32 @_ssdm_op_Wait"   --->   Operation 64 'wait' 'empty_20' <Predicate = true> <Delay = 0.00>

State 11 <SV = 10> <Delay = 0.00>
ST_11 : Operation 65 [1/1] (0.00ns)   --->   "%empty_21 = wait i32 @_ssdm_op_Wait"   --->   Operation 65 'wait' 'empty_21' <Predicate = true> <Delay = 0.00>
ST_11 : Operation 66 [2/2] (0.00ns)   --->   "%call_ln0 = call void @conv2x2_top_Pipeline_VITIS_LOOP_79_2, i1 %out_0, i1 %out_3, i1 %out_2, i1 %out_1, i1 %out_stream"   --->   Operation 66 'call' 'call_ln0' <Predicate = true> <Delay = 0.00> <CoreType = "Generic">   --->   Core 0 '' <Latency = 0> <II = 1> <Delay = 1.00> <Generic> <Opcode : >

State 12 <SV = 11> <Delay = 1.31>
ST_12 : Operation 67 [1/2] (1.31ns)   --->   "%call_ln0 = call void @conv2x2_top_Pipeline_VITIS_LOOP_79_2, i1 %out_0, i1 %out_3, i1 %out_2, i1 %out_1, i1 %out_stream"   --->   Operation 67 'call' 'call_ln0' <Predicate = true> <Delay = 1.31> <CoreType = "Generic">   --->   Core 0 '' <Latency = 0> <II = 1> <Delay = 1.00> <Generic> <Opcode : >
ST_12 : Operation 68 [1/1] (0.00ns)   --->   "%ret_ln83 = ret" [/home/coder/Desktop/s2n2/convSNN/conv2x2_top.cpp:83]   --->   Operation 68 'ret' 'ret_ln83' <Predicate = true> <Delay = 0.00>


============================================================
+ Verbose Summary: Binding
============================================================
STG Binding: 
---------------- STG Properties BEGIN ----------------
- Is combinational: 0
- Is one-state seq: 0
- Is datapath-only: 0
- Is pipelined: 0
- Is top level: 1
Port [ Return ] is wired: 1; IO mode=ap_ctrl_hs:ce=0
Port [ in_0]:  wired=1; compound=0; hidden=0; nouse=0; global=0; static=0; extern=0; dir=0; type=0; pingpong=0; private_global=0; IO mode=ap_none:ce=0
Port [ in_1]:  wired=1; compound=0; hidden=0; nouse=0; global=0; static=0; extern=0; dir=0; type=0; pingpong=0; private_global=0; IO mode=ap_none:ce=0
Port [ in_2]:  wired=1; compound=0; hidden=0; nouse=0; global=0; static=0; extern=0; dir=0; type=0; pingpong=0; private_global=0; IO mode=ap_none:ce=0
Port [ in_3]:  wired=1; compound=0; hidden=0; nouse=0; global=0; static=0; extern=0; dir=0; type=0; pingpong=0; private_global=0; IO mode=ap_none:ce=0
Port [ out_0]:  wired=1; compound=0; hidden=0; nouse=0; global=0; static=0; extern=0; dir=1; type=0; pingpong=0; private_global=0; IO mode=ap_vld:ce=0
Port [ out_1]:  wired=1; compound=0; hidden=0; nouse=0; global=0; static=0; extern=0; dir=1; type=0; pingpong=0; private_global=0; IO mode=ap_vld:ce=0
Port [ out_2]:  wired=1; compound=0; hidden=0; nouse=0; global=0; static=0; extern=0; dir=1; type=0; pingpong=0; private_global=0; IO mode=ap_vld:ce=0
Port [ out_3]:  wired=1; compound=0; hidden=0; nouse=0; global=0; static=0; extern=0; dir=1; type=0; pingpong=0; private_global=0; IO mode=ap_vld:ce=0
Port [ loaded]:  wired=0; compound=0; hidden=1; nouse=1; global=1; static=1; extern=0; dir=2; type=0; pingpong=0; private_global=0; IO mode=ap_ovld:ce=0
Port [ st_init]:  wired=0; compound=0; hidden=1; nouse=0; global=1; static=1; extern=0; dir=2; type=0; pingpong=0; private_global=1; IO mode=ap_ovld:ce=0
---------------- STG Properties END ------------------

---------------- Datapath Model BEGIN ----------------

<LifeTime>
<method=bitvector/>
convInp            (alloca       ) [ 0011111111000]
in_stream          (alloca       ) [ 0011111100000]
out_stream         (alloca       ) [ 0011111111111]
inputBuf           (alloca       ) [ 0011111100000]
inputBuf_1         (alloca       ) [ 0011111100000]
in_0_read          (read         ) [ 0011000000000]
in_1_read          (read         ) [ 0011000000000]
in_2_read          (read         ) [ 0011000000000]
in_3_read          (read         ) [ 0011000000000]
empty_15           (wait         ) [ 0000000000000]
call_ln0           (call         ) [ 0000000000000]
empty_16           (wait         ) [ 0000000000000]
empty_17           (wait         ) [ 0000000000000]
call_ln0           (call         ) [ 0000000000000]
spectopmodule_ln36 (spectopmodule) [ 0000000000000]
specbitsmap_ln0    (specbitsmap  ) [ 0000000000000]
specinterface_ln0  (specinterface) [ 0000000000000]
specbitsmap_ln0    (specbitsmap  ) [ 0000000000000]
specinterface_ln0  (specinterface) [ 0000000000000]
specbitsmap_ln0    (specbitsmap  ) [ 0000000000000]
specinterface_ln0  (specinterface) [ 0000000000000]
specbitsmap_ln0    (specbitsmap  ) [ 0000000000000]
specinterface_ln0  (specinterface) [ 0000000000000]
specbitsmap_ln0    (specbitsmap  ) [ 0000000000000]
specinterface_ln0  (specinterface) [ 0000000000000]
specbitsmap_ln0    (specbitsmap  ) [ 0000000000000]
specinterface_ln0  (specinterface) [ 0000000000000]
specbitsmap_ln0    (specbitsmap  ) [ 0000000000000]
specinterface_ln0  (specinterface) [ 0000000000000]
specbitsmap_ln0    (specbitsmap  ) [ 0000000000000]
specinterface_ln0  (specinterface) [ 0000000000000]
empty              (specchannel  ) [ 0000000000000]
specinterface_ln0  (specinterface) [ 0000000000000]
empty_13           (specchannel  ) [ 0000000000000]
specinterface_ln0  (specinterface) [ 0000000000000]
empty_14           (specchannel  ) [ 0000000000000]
specinterface_ln0  (specinterface) [ 0000000000000]
call_ln40          (call         ) [ 0000000000000]
specmemcore_ln75   (specmemcore  ) [ 0000000000000]
specmemcore_ln75   (specmemcore  ) [ 0000000000000]
empty_18           (wait         ) [ 0000000000000]
specreset_ln56     (specreset    ) [ 0000000000000]
st_init_load       (load         ) [ 0000000100000]
br_ln57            (br           ) [ 0000000000000]
store_ln64         (store        ) [ 0000000000000]
br_ln65            (br           ) [ 0000000000000]
empty_19           (wait         ) [ 0000000000000]
call_ln0           (call         ) [ 0000000000000]
empty_20           (wait         ) [ 0000000000000]
empty_21           (wait         ) [ 0000000000000]
call_ln0           (call         ) [ 0000000000000]
ret_ln83           (ret          ) [ 0000000000000]
</LifeTime>

<model>

<comp_list>
<comp id="0" class="1000" name="in_0">
<pin_list>
<pin id="1" dir="1" index="0" bw="1" slack="0"/>
</pin_list>
<bind>
<StgValue><ssdm name="in_0"/></StgValue>
</bind>
</comp>

<comp id="2" class="1000" name="in_1">
<pin_list>
<pin id="3" dir="1" index="0" bw="1" slack="0"/>
</pin_list>
<bind>
<StgValue><ssdm name="in_1"/></StgValue>
</bind>
</comp>

<comp id="4" class="1000" name="in_2">
<pin_list>
<pin id="5" dir="1" index="0" bw="1" slack="0"/>
</pin_list>
<bind>
<StgValue><ssdm name="in_2"/></StgValue>
</bind>
</comp>

<comp id="6" class="1000" name="in_3">
<pin_list>
<pin id="7" dir="1" index="0" bw="1" slack="0"/>
</pin_list>
<bind>
<StgValue><ssdm name="in_3"/></StgValue>
</bind>
</comp>

<comp id="8" class="1000" name="out_0">
<pin_list>
<pin id="9" dir="1" index="0" bw="1" slack="0"/>
</pin_list>
<bind>
<StgValue><ssdm name="out_0"/></StgValue>
</bind>
</comp>

<comp id="10" class="1000" name="out_1">
<pin_list>
<pin id="11" dir="1" index="0" bw="1" slack="0"/>
</pin_list>
<bind>
<StgValue><ssdm name="out_1"/></StgValue>
</bind>
</comp>

<comp id="12" class="1000" name="out_2">
<pin_list>
<pin id="13" dir="1" index="0" bw="1" slack="0"/>
</pin_list>
<bind>
<StgValue><ssdm name="out_2"/></StgValue>
</bind>
</comp>

<comp id="14" class="1000" name="out_3">
<pin_list>
<pin id="15" dir="1" index="0" bw="1" slack="0"/>
</pin_list>
<bind>
<StgValue><ssdm name="out_3"/></StgValue>
</bind>
</comp>

<comp id="16" class="1000" name="loaded">
<pin_list>
<pin id="17" dir="1" index="0" bw="1" slack="0"/>
</pin_list>
<bind>
<StgValue><ssdm name="loaded"/></StgValue>
</bind>
</comp>

<comp id="18" class="1000" name="st_init">
<pin_list>
<pin id="19" dir="1" index="0" bw="1" slack="0"/>
</pin_list>
<bind>
<StgValue><ssdm name="st_init"/></StgValue>
</bind>
</comp>

<comp id="20" class="1001" name="const_20">
<pin_list>
<pin id="21" dir="1" index="0" bw="1" slack="0"/>
</pin_list>
<bind>
<StgValue><ssdm name=""/></StgValue>
</bind>
</comp>

<comp id="22" class="1001" name="const_22">
<pin_list>
<pin id="23" dir="1" index="0" bw="1" slack="0"/>
</pin_list>
<bind>
<StgValue><ssdm name="_ssdm_op_Read.ap_auto.i1P0A"/></StgValue>
</bind>
</comp>

<comp id="24" class="1001" name="const_24">
<pin_list>
<pin id="25" dir="1" index="0" bw="1" slack="2147483647"/>
</pin_list>
<bind>
<StgValue><ssdm name="_ssdm_op_Wait"/></StgValue>
</bind>
</comp>

<comp id="26" class="1001" name="const_26">
<pin_list>
<pin id="27" dir="1" index="0" bw="1" slack="0"/>
</pin_list>
<bind>
<StgValue><ssdm name="conv2x2_top_Pipeline_VITIS_LOOP_47_1"/></StgValue>
</bind>
</comp>

<comp id="28" class="1001" name="const_28">
<pin_list>
<pin id="29" dir="1" index="0" bw="1" slack="0"/>
</pin_list>
<bind>
<StgValue><ssdm name="conv2x2_top_Pipeline_VITIS_LOOP_197_2"/></StgValue>
</bind>
</comp>

<comp id="30" class="1001" name="const_30">
<pin_list>
<pin id="31" dir="1" index="0" bw="1" slack="2147483647"/>
</pin_list>
<bind>
<StgValue><ssdm name="_ssdm_op_SpecTopModule"/></StgValue>
</bind>
</comp>

<comp id="32" class="1001" name="const_32">
<pin_list>
<pin id="33" dir="1" index="0" bw="1" slack="2147483647"/>
</pin_list>
<bind>
<StgValue><ssdm name="empty_2"/></StgValue>
</bind>
</comp>

<comp id="34" class="1001" name="const_34">
<pin_list>
<pin id="35" dir="1" index="0" bw="1" slack="2147483647"/>
</pin_list>
<bind>
<StgValue><ssdm name="_ssdm_op_SpecBitsMap"/></StgValue>
</bind>
</comp>

<comp id="36" class="1001" name="const_36">
<pin_list>
<pin id="37" dir="1" index="0" bw="1" slack="2147483647"/>
</pin_list>
<bind>
<StgValue><ssdm name="_ssdm_op_SpecInterface"/></StgValue>
</bind>
</comp>

<comp id="38" class="1001" name="const_38">
<pin_list>
<pin id="39" dir="1" index="0" bw="1" slack="2147483647"/>
</pin_list>
<bind>
<StgValue><ssdm name="empty"/></StgValue>
</bind>
</comp>

<comp id="40" class="1001" name="const_40">
<pin_list>
<pin id="41" dir="1" index="0" bw="1" slack="2147483647"/>
</pin_list>
<bind>
<StgValue><ssdm name=""/></StgValue>
</bind>
</comp>

<comp id="42" class="1001" name="const_42">
<pin_list>
<pin id="43" dir="1" index="0" bw="1" slack="2147483647"/>
</pin_list>
<bind>
<StgValue><ssdm name="empty_0"/></StgValue>
</bind>
</comp>

<comp id="44" class="1001" name="const_44">
<pin_list>
<pin id="45" dir="1" index="0" bw="1" slack="2147483647"/>
</pin_list>
<bind>
<StgValue><ssdm name=""/></StgValue>
</bind>
</comp>

<comp id="46" class="1001" name="const_46">
<pin_list>
<pin id="47" dir="1" index="0" bw="1" slack="2147483647"/>
</pin_list>
<bind>
<StgValue><ssdm name="_ssdm_op_SpecChannel"/></StgValue>
</bind>
</comp>

<comp id="48" class="1001" name="const_48">
<pin_list>
<pin id="49" dir="1" index="0" bw="1" slack="2147483647"/>
</pin_list>
<bind>
<StgValue><ssdm name="convInp_str"/></StgValue>
</bind>
</comp>

<comp id="50" class="1001" name="const_50">
<pin_list>
<pin id="51" dir="1" index="0" bw="1" slack="2147483647"/>
</pin_list>
<bind>
<StgValue><ssdm name=""/></StgValue>
</bind>
</comp>

<comp id="52" class="1001" name="const_52">
<pin_list>
<pin id="53" dir="1" index="0" bw="1" slack="2147483647"/>
</pin_list>
<bind>
<StgValue><ssdm name="p_str"/></StgValue>
</bind>
</comp>

<comp id="54" class="1001" name="const_54">
<pin_list>
<pin id="55" dir="1" index="0" bw="1" slack="2147483647"/>
</pin_list>
<bind>
<StgValue><ssdm name=""/></StgValue>
</bind>
</comp>

<comp id="56" class="1001" name="const_56">
<pin_list>
<pin id="57" dir="1" index="0" bw="1" slack="2147483647"/>
</pin_list>
<bind>
<StgValue><ssdm name="empty_1"/></StgValue>
</bind>
</comp>

<comp id="58" class="1001" name="const_58">
<pin_list>
<pin id="59" dir="1" index="0" bw="1" slack="2147483647"/>
</pin_list>
<bind>
<StgValue><ssdm name="in_stream_str"/></StgValue>
</bind>
</comp>

<comp id="60" class="1001" name="const_60">
<pin_list>
<pin id="61" dir="1" index="0" bw="1" slack="2147483647"/>
</pin_list>
<bind>
<StgValue><ssdm name=""/></StgValue>
</bind>
</comp>

<comp id="62" class="1001" name="const_62">
<pin_list>
<pin id="63" dir="1" index="0" bw="1" slack="2147483647"/>
</pin_list>
<bind>
<StgValue><ssdm name="out_stream_str"/></StgValue>
</bind>
</comp>

<comp id="64" class="1001" name="const_64">
<pin_list>
<pin id="65" dir="1" index="0" bw="1" slack="0"/>
</pin_list>
<bind>
<StgValue><ssdm name="load_weights_once"/></StgValue>
</bind>
</comp>

<comp id="66" class="1001" name="const_66">
<pin_list>
<pin id="67" dir="1" index="0" bw="1" slack="2147483647"/>
</pin_list>
<bind>
<StgValue><ssdm name="_ssdm_op_SpecMemCore"/></StgValue>
</bind>
</comp>

<comp id="68" class="1001" name="const_68">
<pin_list>
<pin id="69" dir="1" index="0" bw="1" slack="2147483647"/>
</pin_list>
<bind>
<StgValue><ssdm name=""/></StgValue>
</bind>
</comp>

<comp id="70" class="1001" name="const_70">
<pin_list>
<pin id="71" dir="1" index="0" bw="1" slack="2147483647"/>
</pin_list>
<bind>
<StgValue><ssdm name=""/></StgValue>
</bind>
</comp>

<comp id="72" class="1001" name="const_72">
<pin_list>
<pin id="73" dir="1" index="0" bw="1" slack="2147483647"/>
</pin_list>
<bind>
<StgValue><ssdm name=""/></StgValue>
</bind>
</comp>

<comp id="74" class="1001" name="const_74">
<pin_list>
<pin id="75" dir="1" index="0" bw="1" slack="2147483647"/>
</pin_list>
<bind>
<StgValue><ssdm name="_ssdm_op_SpecReset"/></StgValue>
</bind>
</comp>

<comp id="76" class="1001" name="const_76">
<pin_list>
<pin id="77" dir="1" index="0" bw="1" slack="0"/>
</pin_list>
<bind>
<StgValue><ssdm name=""/></StgValue>
</bind>
</comp>

<comp id="78" class="1001" name="const_78">
<pin_list>
<pin id="79" dir="1" index="0" bw="1" slack="0"/>
</pin_list>
<bind>
<StgValue><ssdm name="conv2x2_top_Pipeline_VITIS_LOOP_74_3"/></StgValue>
</bind>
</comp>

<comp id="80" class="1001" name="const_80">
<pin_list>
<pin id="81" dir="1" index="0" bw="1" slack="0"/>
</pin_list>
<bind>
<StgValue><ssdm name="conv2x2_top_Pipeline_VITIS_LOOP_79_2"/></StgValue>
</bind>
</comp>

<comp id="82" class="1004" name="convInp_fu_82">
<pin_list>
<pin id="83" dir="0" index="0" bw="1" slack="0"/>
<pin id="84" dir="1" index="1" bw="1" slack="4"/>
</pin_list>
<bind>
<opcode="alloca(26) " fcode="alloca"/>
<opset="convInp/1 "/>
</bind>
</comp>

<comp id="86" class="1004" name="in_stream_fu_86">
<pin_list>
<pin id="87" dir="0" index="0" bw="1" slack="0"/>
<pin id="88" dir="1" index="1" bw="1" slack="1"/>
</pin_list>
<bind>
<opcode="alloca(26) " fcode="alloca"/>
<opset="in_stream/1 "/>
</bind>
</comp>

<comp id="90" class="1004" name="out_stream_fu_90">
<pin_list>
<pin id="91" dir="0" index="0" bw="1" slack="0"/>
<pin id="92" dir="1" index="1" bw="1" slack="6"/>
</pin_list>
<bind>
<opcode="alloca(26) " fcode="alloca"/>
<opset="out_stream/1 "/>
</bind>
</comp>

<comp id="94" class="1004" name="inputBuf_alloca_fu_94">
<pin_list>
<pin id="95" dir="0" index="0" bw="1" slack="0"/>
<pin id="96" dir="1" index="1" bw="1" slack="2147483647"/>
</pin_list>
<bind>
<opcode="alloca(26) " fcode="alloca"/>
<opset="inputBuf/1 "/>
</bind>
</comp>

<comp id="98" class="1004" name="inputBuf_1_alloca_fu_98">
<pin_list>
<pin id="99" dir="0" index="0" bw="1" slack="0"/>
<pin id="100" dir="1" index="1" bw="1" slack="2147483647"/>
</pin_list>
<bind>
<opcode="alloca(26) " fcode="alloca"/>
<opset="inputBuf_1/1 "/>
</bind>
</comp>

<comp id="102" class="1004" name="in_0_read_read_fu_102">
<pin_list>
<pin id="103" dir="0" index="0" bw="1" slack="0"/>
<pin id="104" dir="0" index="1" bw="1" slack="0"/>
<pin id="105" dir="1" index="2" bw="1" slack="1"/>
</pin_list>
<bind>
<opcode="read(1150) " fcode="read"/>
<opset="in_0_read/1 "/>
</bind>
</comp>

<comp id="108" class="1004" name="in_1_read_read_fu_108">
<pin_list>
<pin id="109" dir="0" index="0" bw="1" slack="0"/>
<pin id="110" dir="0" index="1" bw="1" slack="0"/>
<pin id="111" dir="1" index="2" bw="1" slack="1"/>
</pin_list>
<bind>
<opcode="read(1150) " fcode="read"/>
<opset="in_1_read/1 "/>
</bind>
</comp>

<comp id="114" class="1004" name="in_2_read_read_fu_114">
<pin_list>
<pin id="115" dir="0" index="0" bw="1" slack="0"/>
<pin id="116" dir="0" index="1" bw="1" slack="0"/>
<pin id="117" dir="1" index="2" bw="1" slack="1"/>
</pin_list>
<bind>
<opcode="read(1150) " fcode="read"/>
<opset="in_2_read/1 "/>
</bind>
</comp>

<comp id="120" class="1004" name="in_3_read_read_fu_120">
<pin_list>
<pin id="121" dir="0" index="0" bw="1" slack="0"/>
<pin id="122" dir="0" index="1" bw="1" slack="0"/>
<pin id="123" dir="1" index="2" bw="1" slack="1"/>
</pin_list>
<bind>
<opcode="read(1150) " fcode="read"/>
<opset="in_3_read/1 "/>
</bind>
</comp>

<comp id="126" class="1004" name="grp_conv2x2_top_Pipeline_VITIS_LOOP_47_1_fu_126">
<pin_list>
<pin id="127" dir="0" index="0" bw="0" slack="0"/>
<pin id="128" dir="0" index="1" bw="1" slack="1"/>
<pin id="129" dir="0" index="2" bw="1" slack="1"/>
<pin id="130" dir="0" index="3" bw="1" slack="1"/>
<pin id="131" dir="0" index="4" bw="1" slack="1"/>
<pin id="132" dir="0" index="5" bw="1" slack="1"/>
<pin id="133" dir="1" index="6" bw="0" slack="2147483647"/>
</pin_list>
<bind>
<opcode="call(48) " fcode="call"/>
<opset="call_ln0/2 "/>
</bind>
</comp>

<comp id="135" class="1004" name="grp_conv2x2_top_Pipeline_VITIS_LOOP_197_2_fu_135">
<pin_list>
<pin id="136" dir="0" index="0" bw="0" slack="0"/>
<pin id="137" dir="0" index="1" bw="1" slack="4"/>
<pin id="138" dir="0" index="2" bw="1" slack="2147483647"/>
<pin id="139" dir="0" index="3" bw="1" slack="2147483647"/>
<pin id="140" dir="0" index="4" bw="1" slack="4"/>
<pin id="141" dir="1" index="5" bw="0" slack="2147483647"/>
</pin_list>
<bind>
<opcode="call(48) " fcode="call"/>
<opset="call_ln0/5 "/>
</bind>
</comp>

<comp id="143" class="1004" name="call_ln40_load_weights_once_fu_143">
<pin_list>
<pin id="144" dir="0" index="0" bw="0" slack="0"/>
<pin id="145" dir="0" index="1" bw="1" slack="0"/>
<pin id="146" dir="1" index="2" bw="0" slack="2147483647"/>
</pin_list>
<bind>
<opcode="call(48) " fcode="call"/>
<opset="call_ln40/7 "/>
</bind>
</comp>

<comp id="149" class="1004" name="grp_conv2x2_top_Pipeline_VITIS_LOOP_74_3_fu_149">
<pin_list>
<pin id="150" dir="0" index="0" bw="0" slack="0"/>
<pin id="151" dir="0" index="1" bw="1" slack="7"/>
<pin id="152" dir="0" index="2" bw="1" slack="7"/>
<pin id="153" dir="1" index="3" bw="0" slack="2147483647"/>
</pin_list>
<bind>
<opcode="call(48) " fcode="call"/>
<opset="call_ln0/8 "/>
</bind>
</comp>

<comp id="155" class="1004" name="grp_conv2x2_top_Pipeline_VITIS_LOOP_79_2_fu_155">
<pin_list>
<pin id="156" dir="0" index="0" bw="0" slack="0"/>
<pin id="157" dir="0" index="1" bw="1" slack="0"/>
<pin id="158" dir="0" index="2" bw="1" slack="0"/>
<pin id="159" dir="0" index="3" bw="1" slack="0"/>
<pin id="160" dir="0" index="4" bw="1" slack="0"/>
<pin id="161" dir="0" index="5" bw="1" slack="10"/>
<pin id="162" dir="1" index="6" bw="0" slack="2147483647"/>
</pin_list>
<bind>
<opcode="call(48) " fcode="call"/>
<opset="call_ln0/11 "/>
</bind>
</comp>

<comp id="168" class="1004" name="st_init_load_load_fu_168">
<pin_list>
<pin id="169" dir="0" index="0" bw="1" slack="0"/>
<pin id="170" dir="1" index="1" bw="1" slack="2147483647"/>
</pin_list>
<bind>
<opcode="load(27) " fcode="load"/>
<opset="st_init_load/7 "/>
</bind>
</comp>

<comp id="172" class="1004" name="store_ln64_store_fu_172">
<pin_list>
<pin id="173" dir="0" index="0" bw="1" slack="0"/>
<pin id="174" dir="0" index="1" bw="1" slack="0"/>
<pin id="175" dir="1" index="2" bw="0" slack="2147483647"/>
</pin_list>
<bind>
<opcode="store(28) " fcode="store"/>
<opset="store_ln64/7 "/>
</bind>
</comp>

<comp id="178" class="1005" name="convInp_reg_178">
<pin_list>
<pin id="179" dir="0" index="0" bw="1" slack="4"/>
<pin id="180" dir="1" index="1" bw="1" slack="4"/>
</pin_list>
<bind>
<opset="convInp "/>
</bind>
</comp>

<comp id="184" class="1005" name="in_stream_reg_184">
<pin_list>
<pin id="185" dir="0" index="0" bw="1" slack="1"/>
<pin id="186" dir="1" index="1" bw="1" slack="1"/>
</pin_list>
<bind>
<opset="in_stream "/>
</bind>
</comp>

<comp id="190" class="1005" name="out_stream_reg_190">
<pin_list>
<pin id="191" dir="0" index="0" bw="1" slack="6"/>
<pin id="192" dir="1" index="1" bw="1" slack="7"/>
</pin_list>
<bind>
<opset="out_stream "/>
</bind>
</comp>

<comp id="196" class="1005" name="in_0_read_reg_196">
<pin_list>
<pin id="197" dir="0" index="0" bw="1" slack="1"/>
<pin id="198" dir="1" index="1" bw="1" slack="1"/>
</pin_list>
<bind>
<opset="in_0_read "/>
</bind>
</comp>

<comp id="201" class="1005" name="in_1_read_reg_201">
<pin_list>
<pin id="202" dir="0" index="0" bw="1" slack="1"/>
<pin id="203" dir="1" index="1" bw="1" slack="1"/>
</pin_list>
<bind>
<opset="in_1_read "/>
</bind>
</comp>

<comp id="206" class="1005" name="in_2_read_reg_206">
<pin_list>
<pin id="207" dir="0" index="0" bw="1" slack="1"/>
<pin id="208" dir="1" index="1" bw="1" slack="1"/>
</pin_list>
<bind>
<opset="in_2_read "/>
</bind>
</comp>

<comp id="211" class="1005" name="in_3_read_reg_211">
<pin_list>
<pin id="212" dir="0" index="0" bw="1" slack="1"/>
<pin id="213" dir="1" index="1" bw="1" slack="1"/>
</pin_list>
<bind>
<opset="in_3_read "/>
</bind>
</comp>

</comp_list>

<net_list>
<net id="85"><net_src comp="20" pin="0"/><net_sink comp="82" pin=0"/></net>

<net id="89"><net_src comp="20" pin="0"/><net_sink comp="86" pin=0"/></net>

<net id="93"><net_src comp="20" pin="0"/><net_sink comp="90" pin=0"/></net>

<net id="97"><net_src comp="20" pin="0"/><net_sink comp="94" pin=0"/></net>

<net id="101"><net_src comp="20" pin="0"/><net_sink comp="98" pin=0"/></net>

<net id="106"><net_src comp="22" pin="0"/><net_sink comp="102" pin=0"/></net>

<net id="107"><net_src comp="0" pin="0"/><net_sink comp="102" pin=1"/></net>

<net id="112"><net_src comp="22" pin="0"/><net_sink comp="108" pin=0"/></net>

<net id="113"><net_src comp="2" pin="0"/><net_sink comp="108" pin=1"/></net>

<net id="118"><net_src comp="22" pin="0"/><net_sink comp="114" pin=0"/></net>

<net id="119"><net_src comp="4" pin="0"/><net_sink comp="114" pin=1"/></net>

<net id="124"><net_src comp="22" pin="0"/><net_sink comp="120" pin=0"/></net>

<net id="125"><net_src comp="6" pin="0"/><net_sink comp="120" pin=1"/></net>

<net id="134"><net_src comp="26" pin="0"/><net_sink comp="126" pin=0"/></net>

<net id="142"><net_src comp="28" pin="0"/><net_sink comp="135" pin=0"/></net>

<net id="147"><net_src comp="64" pin="0"/><net_sink comp="143" pin=0"/></net>

<net id="148"><net_src comp="16" pin="0"/><net_sink comp="143" pin=1"/></net>

<net id="154"><net_src comp="78" pin="0"/><net_sink comp="149" pin=0"/></net>

<net id="163"><net_src comp="80" pin="0"/><net_sink comp="155" pin=0"/></net>

<net id="164"><net_src comp="8" pin="0"/><net_sink comp="155" pin=1"/></net>

<net id="165"><net_src comp="14" pin="0"/><net_sink comp="155" pin=2"/></net>

<net id="166"><net_src comp="12" pin="0"/><net_sink comp="155" pin=3"/></net>

<net id="167"><net_src comp="10" pin="0"/><net_sink comp="155" pin=4"/></net>

<net id="171"><net_src comp="18" pin="0"/><net_sink comp="168" pin=0"/></net>

<net id="176"><net_src comp="76" pin="0"/><net_sink comp="172" pin=0"/></net>

<net id="177"><net_src comp="18" pin="0"/><net_sink comp="172" pin=1"/></net>

<net id="181"><net_src comp="82" pin="1"/><net_sink comp="178" pin=0"/></net>

<net id="182"><net_src comp="178" pin="1"/><net_sink comp="135" pin=4"/></net>

<net id="183"><net_src comp="178" pin="1"/><net_sink comp="149" pin=1"/></net>

<net id="187"><net_src comp="86" pin="1"/><net_sink comp="184" pin=0"/></net>

<net id="188"><net_src comp="184" pin="1"/><net_sink comp="126" pin=5"/></net>

<net id="189"><net_src comp="184" pin="1"/><net_sink comp="135" pin=1"/></net>

<net id="193"><net_src comp="90" pin="1"/><net_sink comp="190" pin=0"/></net>

<net id="194"><net_src comp="190" pin="1"/><net_sink comp="149" pin=2"/></net>

<net id="195"><net_src comp="190" pin="1"/><net_sink comp="155" pin=5"/></net>

<net id="199"><net_src comp="102" pin="2"/><net_sink comp="196" pin=0"/></net>

<net id="200"><net_src comp="196" pin="1"/><net_sink comp="126" pin=1"/></net>

<net id="204"><net_src comp="108" pin="2"/><net_sink comp="201" pin=0"/></net>

<net id="205"><net_src comp="201" pin="1"/><net_sink comp="126" pin=2"/></net>

<net id="209"><net_src comp="114" pin="2"/><net_sink comp="206" pin=0"/></net>

<net id="210"><net_src comp="206" pin="1"/><net_sink comp="126" pin=3"/></net>

<net id="214"><net_src comp="120" pin="2"/><net_sink comp="211" pin=0"/></net>

<net id="215"><net_src comp="211" pin="1"/><net_sink comp="126" pin=4"/></net>

</net_list>

</model> 
---------------- Datapath Model END ------------------

* FSMD analyzer results:
  - Output states:
	Port: out_0 | {11 12 }
	Port: out_1 | {11 12 }
	Port: out_2 | {11 12 }
	Port: out_3 | {11 12 }
	Port: loaded | {7 }
	Port: st_init | {7 }
 - Input state : 
	Port: conv2x2_top : in_0 | {1 }
	Port: conv2x2_top : in_1 | {1 }
	Port: conv2x2_top : in_2 | {1 }
	Port: conv2x2_top : in_3 | {1 }
	Port: conv2x2_top : loaded | {7 }
	Port: conv2x2_top : st_init | {7 }
  - Chain level:
	State 1
	State 2
	State 3
	State 4
	State 5
	State 6
	State 7
		br_ln57 : 1
	State 8
	State 9
	State 10
	State 11
	State 12


============================================================
+ Verbose Summary: Datapath Resource usage 
============================================================

* Functional unit list:
|----------|--------------------------------------------------|---------|---------|---------|
| Operation|                  Functional Unit                 |  Delay  |    FF   |   LUT   |
|----------|--------------------------------------------------|---------|---------|---------|
|          |  grp_conv2x2_top_Pipeline_VITIS_LOOP_47_1_fu_126 |    0    |    4    |    40   |
|          | grp_conv2x2_top_Pipeline_VITIS_LOOP_197_2_fu_135 |  1.548  |   232   |   725   |
|   call   |        call_ln40_load_weights_once_fu_143        |    0    |    0    |    0    |
|          |  grp_conv2x2_top_Pipeline_VITIS_LOOP_74_3_fu_149 |    0    |    3    |    20   |
|          |  grp_conv2x2_top_Pipeline_VITIS_LOOP_79_2_fu_155 |    0    |    5    |    20   |
|----------|--------------------------------------------------|---------|---------|---------|
|          |               in_0_read_read_fu_102              |    0    |    0    |    0    |
|   read   |               in_1_read_read_fu_108              |    0    |    0    |    0    |
|          |               in_2_read_read_fu_114              |    0    |    0    |    0    |
|          |               in_3_read_read_fu_120              |    0    |    0    |    0    |
|----------|--------------------------------------------------|---------|---------|---------|
|   Total  |                                                  |  1.548  |   244   |   805   |
|----------|--------------------------------------------------|---------|---------|---------|

Memories:
+----------+--------+--------+--------+--------+
|          |  BRAM  |   FF   |   LUT  |  URAM  |
+----------+--------+--------+--------+--------+
| inputBuf |    0   |    2   |    3   |    0   |
|inputBuf_1|    0   |    2   |    3   |    0   |
+----------+--------+--------+--------+--------+
|   Total  |    0   |    4   |    6   |    0   |
+----------+--------+--------+--------+--------+

* Register list:
+------------------+--------+
|                  |   FF   |
+------------------+--------+
|  convInp_reg_178 |    1   |
| in_0_read_reg_196|    1   |
| in_1_read_reg_201|    1   |
| in_2_read_reg_206|    1   |
| in_3_read_reg_211|    1   |
| in_stream_reg_184|    1   |
|out_stream_reg_190|    1   |
+------------------+--------+
|       Total      |    7   |
+------------------+--------+

* Multiplexer (MUX) list: 
|--------|------|------|------|--------|
|  Comp  |  Pin | Size |  BW  | S x BW |
|--------|------|------|------|--------|
|  Total |      |      |      |    0   |
|--------|------|------|------|--------|



* Summary:
+-----------+--------+--------+--------+--------+--------+
|           |  BRAM  |  Delay |   FF   |   LUT  |  URAM  |
+-----------+--------+--------+--------+--------+--------+
|  Function |    -   |    1   |   244  |   805  |    -   |
|   Memory  |    0   |    -   |    4   |    6   |    0   |
|Multiplexer|    -   |    -   |    -   |    -   |    -   |
|  Register |    -   |    -   |    7   |    -   |    -   |
+-----------+--------+--------+--------+--------+--------+
|   Total   |    0   |    1   |   255  |   811  |    0   |
+-----------+--------+--------+--------+--------+--------+
