

================================================================
== Vitis HLS Report for 'conv2x2_top_Pipeline_VITIS_LOOP_131_1'
================================================================
* Date:           Sat Apr 25 21:02:33 2026

* Version:        2023.1 (Build 3854077 on May  4 2023)
* Project:        conv2x2_prj
* Solution:       xcvu9p-flga2577-2-e (Vivado IP Flow Target)
* Product family: virtexuplus
* Target device:  xcvu9p-flga2577-2-e


================================================================
== Performance Estimates
================================================================
+ Timing: 
    * Summary: 
    +--------+----------+----------+------------+
    |  Clock |  Target  | Estimated| Uncertainty|
    +--------+----------+----------+------------+
    |ap_clk  |  10.00 ns|  4.324 ns|     2.70 ns|
    +--------+----------+----------+------------+

+ Latency: 
    * Summary: 
    +---------+---------+-----------+-----------+-----+-----+---------+
    |  Latency (cycles) |   Latency (absolute)  |  Interval | Pipeline|
    |   min   |   max   |    min    |    max    | min | max |   Type  |
    +---------+---------+-----------+-----------+-----+-----+---------+
    |        6|        6|  60.000 ns|  60.000 ns|    6|    6|       no|
    +---------+---------+-----------+-----------+-----+-----+---------+

    + Detail: 
        * Instance: 
        N/A

        * Loop: 
        +--------------------+---------+---------+----------+-----------+-----------+------+----------+
        |                    |  Latency (cycles) | Iteration|  Initiation Interval  | Trip |          |
        |      Loop Name     |   min   |   max   |  Latency |  achieved |   target  | Count| Pipelined|
        +--------------------+---------+---------+----------+-----------+-----------+------+----------+
        |- VITIS_LOOP_131_1  |        4|        4|         2|          1|          1|     4|       yes|
        +--------------------+---------+---------+----------+-----------+-----------+------+----------+

============================================================
+ Verbose Summary: Synthesis Manager
============================================================
InlineROM: 1
ExposeGlobal: 0
============================================================
+ Verbose Summary: CDFG Model
============================================================
IsTopModel: 0
ResetActiveHigh: 1
IsCombinational: 0
IsDatapathOnly: 0
HasWiredReturn: 1
HasMFsm: 2
HasVarLatency: 1
IsPipeline: 0
IsRtlPipelined: 0
IsInstanceOverlapped: 0
IsDontTouch: 0
HasImplIP: 0
IsGatedGlobalClock: 0

+ Individual pipeline summary: 
  * Pipeline-0: initiation interval (II) = 1, depth = 2


============================================================
+ Verbose Summary: Schedule
============================================================
* Number of FSM states : 2
* Pipeline : 1
  Pipeline-0 : II = 1, D = 2, States = { 1 2 }
* Dataflow Pipeline: 0

* FSM state transitions: 
1 --> 2 
2 --> 

* FSM state operations: 

State 1 <SV = 0> <Delay = 0.95>
ST_1 : Operation 5 [1/1] (0.00ns)   --->   "%cntr = alloca i32 1"   --->   Operation 5 'alloca' 'cntr' <Predicate = true> <Delay = 0.00>
ST_1 : Operation 6 [1/1] (0.00ns)   --->   "%i_2 = alloca i32 1"   --->   Operation 6 'alloca' 'i_2' <Predicate = true> <Delay = 0.00>
ST_1 : Operation 7 [1/1] (0.00ns)   --->   "%specinterface_ln0 = specinterface void @_ssdm_op_SpecInterface, i1 %out_stream, void @empty_4, i32 0, i32 0, void @empty_5, i32 0, i32 0, void @empty_5, void @empty_5, void @empty_5, i32 0, i32 0, i32 0, i32 0, void @empty_5, void @empty_5, i32 4294967295, i32 0"   --->   Operation 7 'specinterface' 'specinterface_ln0' <Predicate = true> <Delay = 0.00>
ST_1 : Operation 8 [1/1] (0.00ns)   --->   "%specinterface_ln0 = specinterface void @_ssdm_op_SpecInterface, i1 %convInp, void @empty_4, i32 0, i32 0, void @empty_5, i32 0, i32 0, void @empty_5, void @empty_5, void @empty_5, i32 0, i32 0, i32 0, i32 0, void @empty_5, void @empty_5, i32 4294967295, i32 0"   --->   Operation 8 'specinterface' 'specinterface_ln0' <Predicate = true> <Delay = 0.00>
ST_1 : Operation 9 [1/1] (0.00ns)   --->   "%temp_4_read = read i2 @_ssdm_op_Read.ap_auto.i2, i2 %temp_4"   --->   Operation 9 'read' 'temp_4_read' <Predicate = true> <Delay = 0.00>
ST_1 : Operation 10 [1/1] (0.38ns)   --->   "%store_ln0 = store i3 0, i3 %i_2"   --->   Operation 10 'store' 'store_ln0' <Predicate = true> <Delay = 0.38>
ST_1 : Operation 11 [1/1] (0.38ns)   --->   "%store_ln0 = store i2 0, i2 %cntr"   --->   Operation 11 'store' 'store_ln0' <Predicate = true> <Delay = 0.38>
ST_1 : Operation 12 [1/1] (0.00ns)   --->   "%br_ln0 = br void %if.end.i"   --->   Operation 12 'br' 'br_ln0' <Predicate = true> <Delay = 0.00>
ST_1 : Operation 13 [1/1] (0.00ns)   --->   "%cntr_2 = load i2 %cntr" [/home/coder/Documents/s2n2/finn-hlslib-lif/mvau.hpp:188->/home/coder/Documents/s2n2/finn-hlslib-lif/convlayer.h:122->/home/coder/Desktop/s2n2/convSNN/conv2x2_top.cpp:56]   --->   Operation 13 'load' 'cntr_2' <Predicate = true> <Delay = 0.00>
ST_1 : Operation 14 [1/1] (0.00ns)   --->   "%i = load i3 %i_2" [/home/coder/Documents/s2n2/finn-hlslib-lif/mvau.hpp:131->/home/coder/Documents/s2n2/finn-hlslib-lif/convlayer.h:122->/home/coder/Desktop/s2n2/convSNN/conv2x2_top.cpp:56]   --->   Operation 14 'load' 'i' <Predicate = true> <Delay = 0.00>
ST_1 : Operation 15 [1/1] (0.57ns)   --->   "%icmp_ln131 = icmp_eq  i3 %i, i3 4" [/home/coder/Documents/s2n2/finn-hlslib-lif/mvau.hpp:131->/home/coder/Documents/s2n2/finn-hlslib-lif/convlayer.h:122->/home/coder/Desktop/s2n2/convSNN/conv2x2_top.cpp:56]   --->   Operation 15 'icmp' 'icmp_ln131' <Predicate = true> <Delay = 0.57> <CoreInst = "Cmp">   --->   Core 9 'Cmp' <Latency = 0> <II = 1> <Delay = 0.57> <FuncUnit> <Opcode : 'icmp'> <InPorts = 2> <OutPorts = 1>
ST_1 : Operation 16 [1/1] (0.57ns)   --->   "%i_4 = add i3 %i, i3 1" [/home/coder/Documents/s2n2/finn-hlslib-lif/mvau.hpp:131->/home/coder/Documents/s2n2/finn-hlslib-lif/convlayer.h:122->/home/coder/Desktop/s2n2/convSNN/conv2x2_top.cpp:56]   --->   Operation 16 'add' 'i_4' <Predicate = true> <Delay = 0.57> <CoreInst = "Adder">   --->   Core 1 'Adder' <Latency = 0> <II = 1> <Delay = 0.57> <FuncUnit> <Opcode : 'add' 'sub'> <InPorts = 2> <OutPorts = 1>
ST_1 : Operation 17 [1/1] (0.00ns)   --->   "%br_ln131 = br i1 %icmp_ln131, void %if.end.i.split, void %for.inc9.preheader.exitStub" [/home/coder/Documents/s2n2/finn-hlslib-lif/mvau.hpp:131->/home/coder/Documents/s2n2/finn-hlslib-lif/convlayer.h:122->/home/coder/Desktop/s2n2/convSNN/conv2x2_top.cpp:56]   --->   Operation 17 'br' 'br_ln131' <Predicate = true> <Delay = 0.00>
ST_1 : Operation 18 [1/1] (0.43ns)   --->   "%cntr_3 = add i2 %cntr_2, i2 1" [/home/coder/Documents/s2n2/finn-hlslib-lif/mvau.hpp:188->/home/coder/Documents/s2n2/finn-hlslib-lif/convlayer.h:122->/home/coder/Desktop/s2n2/convSNN/conv2x2_top.cpp:56]   --->   Operation 18 'add' 'cntr_3' <Predicate = (!icmp_ln131)> <Delay = 0.43> <CoreInst = "Adder">   --->   Core 1 'Adder' <Latency = 0> <II = 1> <Delay = 0.43> <FuncUnit> <Opcode : 'add' 'sub'> <InPorts = 2> <OutPorts = 1>
ST_1 : Operation 19 [1/1] (0.38ns)   --->   "%store_ln131 = store i3 %i_4, i3 %i_2" [/home/coder/Documents/s2n2/finn-hlslib-lif/mvau.hpp:131->/home/coder/Documents/s2n2/finn-hlslib-lif/convlayer.h:122->/home/coder/Desktop/s2n2/convSNN/conv2x2_top.cpp:56]   --->   Operation 19 'store' 'store_ln131' <Predicate = (!icmp_ln131)> <Delay = 0.38>
ST_1 : Operation 20 [1/1] (0.38ns)   --->   "%store_ln131 = store i2 %cntr_3, i2 %cntr" [/home/coder/Documents/s2n2/finn-hlslib-lif/mvau.hpp:131->/home/coder/Documents/s2n2/finn-hlslib-lif/convlayer.h:122->/home/coder/Desktop/s2n2/convSNN/conv2x2_top.cpp:56]   --->   Operation 20 'store' 'store_ln131' <Predicate = (!icmp_ln131)> <Delay = 0.38>
ST_1 : Operation 50 [1/1] (0.00ns)   --->   "%ret_ln0 = ret"   --->   Operation 50 'ret' 'ret_ln0' <Predicate = (icmp_ln131)> <Delay = 0.00>

State 2 <SV = 1> <Delay = 4.32>
ST_2 : Operation 21 [1/1] (0.00ns)   --->   "%specpipeline_ln132 = specpipeline void @_ssdm_op_SpecPipeline, i32 1, i32 0, i32 0, i32 0, void @empty_5" [/home/coder/Documents/s2n2/finn-hlslib-lif/mvau.hpp:132->/home/coder/Documents/s2n2/finn-hlslib-lif/convlayer.h:122->/home/coder/Desktop/s2n2/convSNN/conv2x2_top.cpp:56]   --->   Operation 21 'specpipeline' 'specpipeline_ln132' <Predicate = true> <Delay = 0.00>
ST_2 : Operation 22 [1/1] (0.00ns)   --->   "%speclooptripcount_ln126 = speclooptripcount void @_ssdm_op_SpecLoopTripCount, i64 4, i64 4, i64 4" [/home/coder/Documents/s2n2/finn-hlslib-lif/mvau.hpp:126->/home/coder/Documents/s2n2/finn-hlslib-lif/convlayer.h:122->/home/coder/Desktop/s2n2/convSNN/conv2x2_top.cpp:56]   --->   Operation 22 'speclooptripcount' 'speclooptripcount_ln126' <Predicate = true> <Delay = 0.00>
ST_2 : Operation 23 [1/1] (0.00ns)   --->   "%specloopname_ln131 = specloopname void @_ssdm_op_SpecLoopName, void @empty_1" [/home/coder/Documents/s2n2/finn-hlslib-lif/mvau.hpp:131->/home/coder/Documents/s2n2/finn-hlslib-lif/convlayer.h:122->/home/coder/Desktop/s2n2/convSNN/conv2x2_top.cpp:56]   --->   Operation 23 'specloopname' 'specloopname_ln131' <Predicate = true> <Delay = 0.00>
ST_2 : Operation 24 [1/1] (1.10ns)   --->   "%inElem = read i1 @_ssdm_op_Read.ap_fifo.volatile.i1P0A, i1 %convInp" [/home/coder/Documents/s2n2/finn-hlslib-lif/mvau.hpp:136->/home/coder/Documents/s2n2/finn-hlslib-lif/convlayer.h:122->/home/coder/Desktop/s2n2/convSNN/conv2x2_top.cpp:56]   --->   Operation 24 'read' 'inElem' <Predicate = true> <Delay = 1.10> <CoreInst = "FIFO_SRL">   --->   Core 81 'FIFO_SRL' <Latency = 0> <II = 1> <Delay = 1.10> <Storage> <Opcode : 'read' 'write' 'nbread' 'nbwrite'> <Ports = 0> <Width = 1> <Depth = 1024> <FIFO>
ST_2 : Operation 25 [1/1] (0.00ns)   --->   "%void_Matrix_Vector_Activate_Batch_stream_stream_FixedPointWeightsSp_const_Dum_4 = load i16 %void_Matrix_Vector_Activate_Batch_stream_stream_FixedPointWeightsSp_const_Dum_3" [/home/coder/Documents/s2n2/finn-hlslib-lif/mvau.hpp:153->/home/coder/Documents/s2n2/finn-hlslib-lif/convlayer.h:122->/home/coder/Desktop/s2n2/convSNN/conv2x2_top.cpp:56]   --->   Operation 25 'load' 'void_Matrix_Vector_Activate_Batch_stream_stream_FixedPointWeightsSp_const_Dum_4' <Predicate = true> <Delay = 0.00>
ST_2 : Operation 26 [1/1] (0.00ns)   --->   "%void_Matrix_Vector_Activate_Batch_stream_stream_FixedPointWeightsSp_const_Dum_5 = load i16 %void_Matrix_Vector_Activate_Batch_stream_stream_FixedPointWeightsSp_const_Dum_2" [/home/coder/Documents/s2n2/finn-hlslib-lif/mvau.hpp:153->/home/coder/Documents/s2n2/finn-hlslib-lif/convlayer.h:122->/home/coder/Desktop/s2n2/convSNN/conv2x2_top.cpp:56]   --->   Operation 26 'load' 'void_Matrix_Vector_Activate_Batch_stream_stream_FixedPointWeightsSp_const_Dum_5' <Predicate = true> <Delay = 0.00>
ST_2 : Operation 27 [1/1] (0.00ns)   --->   "%void_Matrix_Vector_Activate_Batch_stream_stream_FixedPointWeightsSp_const_Dum_6 = load i16 %void_Matrix_Vector_Activate_Batch_stream_stream_FixedPointWeightsSp_const_Dum_1" [/home/coder/Documents/s2n2/finn-hlslib-lif/mvau.hpp:153->/home/coder/Documents/s2n2/finn-hlslib-lif/convlayer.h:122->/home/coder/Desktop/s2n2/convSNN/conv2x2_top.cpp:56]   --->   Operation 27 'load' 'void_Matrix_Vector_Activate_Batch_stream_stream_FixedPointWeightsSp_const_Dum_6' <Predicate = true> <Delay = 0.00>
ST_2 : Operation 28 [1/1] (0.00ns)   --->   "%void_Matrix_Vector_Activate_Batch_stream_stream_FixedPointWeightsSp_const_Dum_7 = load i16 %void_Matrix_Vector_Activate_Batch_stream_stream_FixedPointWeightsSp_const_Dum" [/home/coder/Documents/s2n2/finn-hlslib-lif/mvau.hpp:153->/home/coder/Documents/s2n2/finn-hlslib-lif/convlayer.h:122->/home/coder/Desktop/s2n2/convSNN/conv2x2_top.cpp:56]   --->   Operation 28 'load' 'void_Matrix_Vector_Activate_Batch_stream_stream_FixedPointWeightsSp_const_Dum_7' <Predicate = true> <Delay = 0.00>
ST_2 : Operation 29 [1/1] (0.45ns)   --->   "%temp = mux i16 @_ssdm_op_Mux.ap_auto.4i16.i2, i16 %void_Matrix_Vector_Activate_Batch_stream_stream_FixedPointWeightsSp_const_Dum_4, i16 %void_Matrix_Vector_Activate_Batch_stream_stream_FixedPointWeightsSp_const_Dum_5, i16 %void_Matrix_Vector_Activate_Batch_stream_stream_FixedPointWeightsSp_const_Dum_6, i16 %void_Matrix_Vector_Activate_Batch_stream_stream_FixedPointWeightsSp_const_Dum_7, i2 %cntr_2" [/home/coder/Documents/s2n2/finn-hlslib-lif/mvau.hpp:153->/home/coder/Documents/s2n2/finn-hlslib-lif/convlayer.h:122->/home/coder/Desktop/s2n2/convSNN/conv2x2_top.cpp:56]   --->   Operation 29 'mux' 'temp' <Predicate = true> <Delay = 0.45> <CoreInst = "Multiplexer">   --->   Core 76 'Multiplexer' <Latency = 0> <II = 1> <Delay = 0.45> <FuncUnit> <Opcode : 'mux'> <InPorts = 2> <OutPorts = 1>
ST_2 : Operation 30 [1/1] (0.00ns)   --->   "%trunc_ln2 = partselect i12 @_ssdm_op_PartSelect.i12.i16.i32.i32, i16 %temp, i32 3, i32 14" [/home/coder/Documents/s2n2/finn-hlslib-lif/mvau.hpp:155->/home/coder/Documents/s2n2/finn-hlslib-lif/convlayer.h:122->/home/coder/Desktop/s2n2/convSNN/conv2x2_top.cpp:56]   --->   Operation 30 'partselect' 'trunc_ln2' <Predicate = true> <Delay = 0.00>
ST_2 : Operation 31 [1/1] (0.00ns)   --->   "%sext_ln155 = sext i12 %trunc_ln2" [/home/coder/Documents/s2n2/finn-hlslib-lif/mvau.hpp:155->/home/coder/Documents/s2n2/finn-hlslib-lif/convlayer.h:122->/home/coder/Desktop/s2n2/convSNN/conv2x2_top.cpp:56]   --->   Operation 31 'sext' 'sext_ln155' <Predicate = true> <Delay = 0.00>
ST_2 : Operation 32 [1/1] (0.27ns)   --->   "%select_ln202 = select i1 %inElem, i2 %temp_4_read, i2 0" [/home/coder/Documents/s2n2/finn-hlslib-lif/weights.hpp:202->/home/coder/Documents/s2n2/finn-hlslib-lif/mvau.hpp:165->/home/coder/Documents/s2n2/finn-hlslib-lif/convlayer.h:122->/home/coder/Desktop/s2n2/convSNN/conv2x2_top.cpp:56]   --->   Operation 32 'select' 'select_ln202' <Predicate = true> <Delay = 0.27> <CoreInst = "Sel">   --->   Core 73 'Sel' <Latency = 0> <II = 1> <Delay = 0.27> <FuncUnit> <Opcode : 'select'> <InPorts = 3> <OutPorts = 1>
ST_2 : Operation 33 [1/1] (0.00ns)   --->   "%shl_ln = bitconcatenate i10 @_ssdm_op_BitConcatenate.i10.i2.i8, i2 %select_ln202, i8 0" [/home/coder/Documents/s2n2/finn-hlslib-lif/mvau.hpp:165->/home/coder/Documents/s2n2/finn-hlslib-lif/convlayer.h:122->/home/coder/Desktop/s2n2/convSNN/conv2x2_top.cpp:56]   --->   Operation 33 'bitconcatenate' 'shl_ln' <Predicate = true> <Delay = 0.00>
ST_2 : Operation 34 [1/1] (0.00ns)   --->   "%zext_ln165 = zext i10 %shl_ln" [/home/coder/Documents/s2n2/finn-hlslib-lif/mvau.hpp:165->/home/coder/Documents/s2n2/finn-hlslib-lif/convlayer.h:122->/home/coder/Desktop/s2n2/convSNN/conv2x2_top.cpp:56]   --->   Operation 34 'zext' 'zext_ln165' <Predicate = true> <Delay = 0.00>
ST_2 : Operation 35 [1/1] (0.00ns) (grouped into TernaryAdder)   --->   "%temp_1 = sub i16 %zext_ln165, i16 %sext_ln155" [/home/coder/Documents/s2n2/finn-hlslib-lif/mvau.hpp:165->/home/coder/Documents/s2n2/finn-hlslib-lif/convlayer.h:122->/home/coder/Desktop/s2n2/convSNN/conv2x2_top.cpp:56]   --->   Operation 35 'sub' 'temp_1' <Predicate = true> <Delay = 0.00> <CoreInst = "TAddSub">   --->   Core 10 'TAddSub' <Latency = 0> <II = 1> <Delay = 0.33> <IPBlock> <Opcode : '<invalid operator> ' 'add' 'sub'> <InPorts = 3> <OutPorts = 1> <Sync> <CReg>
ST_2 : Operation 36 [1/1] (0.67ns) (root node of TernaryAdder)   --->   "%newSecond = add i16 %temp, i16 %temp_1" [/home/coder/Documents/s2n2/finn-hlslib-lif/mvau.hpp:153->/home/coder/Documents/s2n2/finn-hlslib-lif/convlayer.h:122->/home/coder/Desktop/s2n2/convSNN/conv2x2_top.cpp:56]   --->   Operation 36 'add' 'newSecond' <Predicate = true> <Delay = 0.67> <CoreInst = "TAddSub">   --->   Core 10 'TAddSub' <Latency = 0> <II = 1> <Delay = 0.33> <IPBlock> <Opcode : '<invalid operator> ' 'add' 'sub'> <InPorts = 3> <OutPorts = 1> <Sync> <CReg>
ST_2 : Operation 37 [1/1] (0.78ns)   --->   "%outElem = icmp_sgt  i16 %newSecond, i16 0" [/home/coder/Documents/s2n2/finn-hlslib-lif/mvau.hpp:179->/home/coder/Documents/s2n2/finn-hlslib-lif/convlayer.h:122->/home/coder/Desktop/s2n2/convSNN/conv2x2_top.cpp:56]   --->   Operation 37 'icmp' 'outElem' <Predicate = true> <Delay = 0.78> <CoreInst = "Cmp">   --->   Core 9 'Cmp' <Latency = 0> <II = 1> <Delay = 0.78> <FuncUnit> <Opcode : 'icmp'> <InPorts = 2> <OutPorts = 1>
ST_2 : Operation 38 [1/1] (0.24ns)   --->   "%select_ln179 = select i1 %outElem, i16 0, i16 %newSecond" [/home/coder/Documents/s2n2/finn-hlslib-lif/mvau.hpp:179->/home/coder/Documents/s2n2/finn-hlslib-lif/convlayer.h:122->/home/coder/Desktop/s2n2/convSNN/conv2x2_top.cpp:56]   --->   Operation 38 'select' 'select_ln179' <Predicate = true> <Delay = 0.24> <CoreInst = "Sel">   --->   Core 73 'Sel' <Latency = 0> <II = 1> <Delay = 0.24> <FuncUnit> <Opcode : 'select'> <InPorts = 3> <OutPorts = 1>
ST_2 : Operation 39 [1/1] (0.66ns)   --->   "%switch_ln181 = switch i2 %cntr_2, void %branch3, i2 0, void %branch0, i2 1, void %branch1, i2 2, void %branch2" [/home/coder/Documents/s2n2/finn-hlslib-lif/mvau.hpp:181->/home/coder/Documents/s2n2/finn-hlslib-lif/convlayer.h:122->/home/coder/Desktop/s2n2/convSNN/conv2x2_top.cpp:56]   --->   Operation 39 'switch' 'switch_ln181' <Predicate = true> <Delay = 0.66>
ST_2 : Operation 40 [1/1] (0.00ns)   --->   "%store_ln181 = store i16 %select_ln179, i16 %void_Matrix_Vector_Activate_Batch_stream_stream_FixedPointWeightsSp_const_Dum_1" [/home/coder/Documents/s2n2/finn-hlslib-lif/mvau.hpp:181->/home/coder/Documents/s2n2/finn-hlslib-lif/convlayer.h:122->/home/coder/Desktop/s2n2/convSNN/conv2x2_top.cpp:56]   --->   Operation 40 'store' 'store_ln181' <Predicate = (cntr_2 == 2)> <Delay = 0.00>
ST_2 : Operation 41 [1/1] (0.00ns)   --->   "%br_ln181 = br void %if.end.i.split4" [/home/coder/Documents/s2n2/finn-hlslib-lif/mvau.hpp:181->/home/coder/Documents/s2n2/finn-hlslib-lif/convlayer.h:122->/home/coder/Desktop/s2n2/convSNN/conv2x2_top.cpp:56]   --->   Operation 41 'br' 'br_ln181' <Predicate = (cntr_2 == 2)> <Delay = 0.00>
ST_2 : Operation 42 [1/1] (0.00ns)   --->   "%store_ln181 = store i16 %select_ln179, i16 %void_Matrix_Vector_Activate_Batch_stream_stream_FixedPointWeightsSp_const_Dum_2" [/home/coder/Documents/s2n2/finn-hlslib-lif/mvau.hpp:181->/home/coder/Documents/s2n2/finn-hlslib-lif/convlayer.h:122->/home/coder/Desktop/s2n2/convSNN/conv2x2_top.cpp:56]   --->   Operation 42 'store' 'store_ln181' <Predicate = (cntr_2 == 1)> <Delay = 0.00>
ST_2 : Operation 43 [1/1] (0.00ns)   --->   "%br_ln181 = br void %if.end.i.split4" [/home/coder/Documents/s2n2/finn-hlslib-lif/mvau.hpp:181->/home/coder/Documents/s2n2/finn-hlslib-lif/convlayer.h:122->/home/coder/Desktop/s2n2/convSNN/conv2x2_top.cpp:56]   --->   Operation 43 'br' 'br_ln181' <Predicate = (cntr_2 == 1)> <Delay = 0.00>
ST_2 : Operation 44 [1/1] (0.00ns)   --->   "%store_ln181 = store i16 %select_ln179, i16 %void_Matrix_Vector_Activate_Batch_stream_stream_FixedPointWeightsSp_const_Dum_3" [/home/coder/Documents/s2n2/finn-hlslib-lif/mvau.hpp:181->/home/coder/Documents/s2n2/finn-hlslib-lif/convlayer.h:122->/home/coder/Desktop/s2n2/convSNN/conv2x2_top.cpp:56]   --->   Operation 44 'store' 'store_ln181' <Predicate = (cntr_2 == 0)> <Delay = 0.00>
ST_2 : Operation 45 [1/1] (0.00ns)   --->   "%br_ln181 = br void %if.end.i.split4" [/home/coder/Documents/s2n2/finn-hlslib-lif/mvau.hpp:181->/home/coder/Documents/s2n2/finn-hlslib-lif/convlayer.h:122->/home/coder/Desktop/s2n2/convSNN/conv2x2_top.cpp:56]   --->   Operation 45 'br' 'br_ln181' <Predicate = (cntr_2 == 0)> <Delay = 0.00>
ST_2 : Operation 46 [1/1] (0.00ns)   --->   "%store_ln181 = store i16 %select_ln179, i16 %void_Matrix_Vector_Activate_Batch_stream_stream_FixedPointWeightsSp_const_Dum" [/home/coder/Documents/s2n2/finn-hlslib-lif/mvau.hpp:181->/home/coder/Documents/s2n2/finn-hlslib-lif/convlayer.h:122->/home/coder/Desktop/s2n2/convSNN/conv2x2_top.cpp:56]   --->   Operation 46 'store' 'store_ln181' <Predicate = (cntr_2 == 3)> <Delay = 0.00>
ST_2 : Operation 47 [1/1] (0.00ns)   --->   "%br_ln181 = br void %if.end.i.split4" [/home/coder/Documents/s2n2/finn-hlslib-lif/mvau.hpp:181->/home/coder/Documents/s2n2/finn-hlslib-lif/convlayer.h:122->/home/coder/Desktop/s2n2/convSNN/conv2x2_top.cpp:56]   --->   Operation 47 'br' 'br_ln181' <Predicate = (cntr_2 == 3)> <Delay = 0.00>
ST_2 : Operation 48 [1/1] (1.48ns)   --->   "%write_ln187 = write void @_ssdm_op_Write.ap_fifo.volatile.i1P0A, i1 %out_stream, i1 %outElem" [/home/coder/Documents/s2n2/finn-hlslib-lif/mvau.hpp:187->/home/coder/Documents/s2n2/finn-hlslib-lif/convlayer.h:122->/home/coder/Desktop/s2n2/convSNN/conv2x2_top.cpp:56]   --->   Operation 48 'write' 'write_ln187' <Predicate = true> <Delay = 1.48> <CoreInst = "FIFO_SRL">   --->   Core 81 'FIFO_SRL' <Latency = 0> <II = 1> <Delay = 1.48> <Storage> <Opcode : 'read' 'write' 'nbread' 'nbwrite'> <Ports = 0> <Width = 1> <Depth = 16> <FIFO>
ST_2 : Operation 49 [1/1] (0.00ns)   --->   "%br_ln131 = br void %if.end.i" [/home/coder/Documents/s2n2/finn-hlslib-lif/mvau.hpp:131->/home/coder/Documents/s2n2/finn-hlslib-lif/convlayer.h:122->/home/coder/Desktop/s2n2/convSNN/conv2x2_top.cpp:56]   --->   Operation 49 'br' 'br_ln131' <Predicate = true> <Delay = 0.00>


============================================================
+ Verbose Summary: Timing violations
============================================================
Target clock period: 10.000ns, clock uncertainty: 2.700ns.

 <State 1>: 0.959ns
The critical path consists of the following:
	'alloca' operation ('i') [9]  (0.000 ns)
	'load' operation ('i', /home/coder/Documents/s2n2/finn-hlslib-lif/mvau.hpp:131->/home/coder/Documents/s2n2/finn-hlslib-lif/convlayer.h:122->/home/coder/Desktop/s2n2/convSNN/conv2x2_top.cpp:56) on local variable 'i' [18]  (0.000 ns)
	'add' operation ('i', /home/coder/Documents/s2n2/finn-hlslib-lif/mvau.hpp:131->/home/coder/Documents/s2n2/finn-hlslib-lif/convlayer.h:122->/home/coder/Desktop/s2n2/convSNN/conv2x2_top.cpp:56) [20]  (0.572 ns)
	'store' operation ('store_ln131', /home/coder/Documents/s2n2/finn-hlslib-lif/mvau.hpp:131->/home/coder/Documents/s2n2/finn-hlslib-lif/convlayer.h:122->/home/coder/Desktop/s2n2/convSNN/conv2x2_top.cpp:56) of variable 'i', /home/coder/Documents/s2n2/finn-hlslib-lif/mvau.hpp:131->/home/coder/Documents/s2n2/finn-hlslib-lif/convlayer.h:122->/home/coder/Desktop/s2n2/convSNN/conv2x2_top.cpp:56 on local variable 'i' [57]  (0.387 ns)

 <State 2>: 4.324ns
The critical path consists of the following:
	fifo read operation ('inElem', /home/coder/Documents/s2n2/finn-hlslib-lif/mvau.hpp:136->/home/coder/Documents/s2n2/finn-hlslib-lif/convlayer.h:122->/home/coder/Desktop/s2n2/convSNN/conv2x2_top.cpp:56) on port 'convInp' (/home/coder/Documents/s2n2/finn-hlslib-lif/mvau.hpp:136->/home/coder/Documents/s2n2/finn-hlslib-lif/convlayer.h:122->/home/coder/Desktop/s2n2/convSNN/conv2x2_top.cpp:56) [26]  (1.106 ns)
	'select' operation ('select_ln202', /home/coder/Documents/s2n2/finn-hlslib-lif/weights.hpp:202->/home/coder/Documents/s2n2/finn-hlslib-lif/mvau.hpp:165->/home/coder/Documents/s2n2/finn-hlslib-lif/convlayer.h:122->/home/coder/Desktop/s2n2/convSNN/conv2x2_top.cpp:56) [34]  (0.278 ns)
	'sub' operation ('temp_1', /home/coder/Documents/s2n2/finn-hlslib-lif/mvau.hpp:165->/home/coder/Documents/s2n2/finn-hlslib-lif/convlayer.h:122->/home/coder/Desktop/s2n2/convSNN/conv2x2_top.cpp:56) [37]  (0.000 ns)
	'add' operation ('newSecond', /home/coder/Documents/s2n2/finn-hlslib-lif/mvau.hpp:153->/home/coder/Documents/s2n2/finn-hlslib-lif/convlayer.h:122->/home/coder/Desktop/s2n2/convSNN/conv2x2_top.cpp:56) [38]  (0.675 ns)
	'icmp' operation ('outElem', /home/coder/Documents/s2n2/finn-hlslib-lif/mvau.hpp:179->/home/coder/Documents/s2n2/finn-hlslib-lif/convlayer.h:122->/home/coder/Desktop/s2n2/convSNN/conv2x2_top.cpp:56) [39]  (0.785 ns)
	fifo write operation ('write_ln187', /home/coder/Documents/s2n2/finn-hlslib-lif/mvau.hpp:187->/home/coder/Documents/s2n2/finn-hlslib-lif/convlayer.h:122->/home/coder/Desktop/s2n2/convSNN/conv2x2_top.cpp:56) on port 'out_stream' (/home/coder/Documents/s2n2/finn-hlslib-lif/mvau.hpp:187->/home/coder/Documents/s2n2/finn-hlslib-lif/convlayer.h:122->/home/coder/Desktop/s2n2/convSNN/conv2x2_top.cpp:56) [55]  (1.480 ns)


============================================================
+ Verbose Summary: Binding
============================================================
N/A
* FSMD analyzer results:
  - Output states:
 - Input state : 
  - Chain level:
	State 1
	State 2


============================================================
+ Verbose Summary: Datapath Resource usage 
============================================================
N/A
