

================================================================
== Vitis HLS Report for 'conv2x2_top_Pipeline_VITIS_LOOP_138_3'
================================================================
* Date:           Wed Apr 22 23:08:26 2026

* Version:        2023.1 (Build 3854077 on May  4 2023)
* Project:        conv2x2_prj
* Solution:       xcvu9p-flga2577-2-e (Vivado IP Flow Target)
* Product family: virtexuplus
* Target device:  xcvu9p-flga2577-2-e


================================================================
== Performance Estimates
================================================================
+ Timing: 
    * Summary: 
    +--------+----------+----------+------------+
    |  Clock |  Target  | Estimated| Uncertainty|
    +--------+----------+----------+------------+
    |ap_clk  |  10.00 ns|  4.481 ns|     2.70 ns|
    +--------+----------+----------+------------+

+ Latency: 
    * Summary: 
    +---------+---------+-----------+-----------+-----+-----+---------+
    |  Latency (cycles) |   Latency (absolute)  |  Interval | Pipeline|
    |   min   |   max   |    min    |    max    | min | max |   Type  |
    +---------+---------+-----------+-----------+-----+-----+---------+
    |        6|        6|  60.000 ns|  60.000 ns|    6|    6|       no|
    +---------+---------+-----------+-----------+-----+-----+---------+

    + Detail: 
        * Instance: 
        N/A

        * Loop: 
        +--------------------+---------+---------+----------+-----------+-----------+------+----------+
        |                    |  Latency (cycles) | Iteration|  Initiation Interval  | Trip |          |
        |      Loop Name     |   min   |   max   |  Latency |  achieved |   target  | Count| Pipelined|
        +--------------------+---------+---------+----------+-----------+-----------+------+----------+
        |- VITIS_LOOP_138_3  |        4|        4|         2|          1|          1|     4|       yes|
        +--------------------+---------+---------+----------+-----------+-----------+------+----------+



================================================================
== Utilization Estimates
================================================================
* Summary: 
+---------------------+---------+------+---------+---------+-----+
|         Name        | BRAM_18K|  DSP |    FF   |   LUT   | URAM|
+---------------------+---------+------+---------+---------+-----+
|DSP                  |        -|     -|        -|        -|    -|
|Expression           |        -|     -|        0|      110|    -|
|FIFO                 |        -|     -|        -|        -|    -|
|Instance             |        -|     -|        0|       20|    -|
|Memory               |        -|     -|        -|        -|    -|
|Multiplexer          |        -|     -|        -|      108|    -|
|Register             |        -|     -|       74|        -|    -|
+---------------------+---------+------+---------+---------+-----+
|Total                |        0|     0|       74|      238|    0|
+---------------------+---------+------+---------+---------+-----+
|Available SLR        |     1440|  2280|   788160|   394080|  320|
+---------------------+---------+------+---------+---------+-----+
|Utilization SLR (%)  |        0|     0|       ~0|       ~0|    0|
+---------------------+---------+------+---------+---------+-----+
|Available            |     4320|  6840|  2364480|  1182240|  960|
+---------------------+---------+------+---------+---------+-----+
|Utilization (%)      |        0|     0|       ~0|       ~0|    0|
+---------------------+---------+------+---------+---------+-----+

+ Detail: 
    * Instance: 
    +--------------------+----------------+---------+----+---+----+-----+
    |      Instance      |     Module     | BRAM_18K| DSP| FF| LUT| URAM|
    +--------------------+----------------+---------+----+---+----+-----+
    |mux_4_2_16_1_1_U15  |mux_4_2_16_1_1  |        0|   0|  0|  20|    0|
    +--------------------+----------------+---------+----+---+----+-----+
    |Total               |                |        0|   0|  0|  20|    0|
    +--------------------+----------------+---------+----+---+----+-----+

    * DSP: 
    N/A

    * Memory: 
    N/A

    * FIFO: 
    N/A

    * Expression: 
    +----------------------------------+----------+----+---+----+------------+------------+
    |           Variable Name          | Operation| DSP| FF| LUT| Bitwidth P0| Bitwidth P1|
    +----------------------------------+----------+----+---+----+------------+------------+
    |cntr_3_fu_151_p2                  |         +|   0|  0|   9|           2|           1|
    |i_3_fu_145_p2                     |         +|   0|  0|  10|           3|           1|
    |newSecond_fu_231_p2               |         +|   0|  0|  16|          16|          16|
    |temp_1_fu_225_p2                  |         -|   0|  0|  16|          16|          16|
    |ap_block_pp0_stage0_01001         |       and|   0|  0|   2|           1|           1|
    |icmp_ln138_fu_139_p2              |      icmp|   0|  0|  12|           3|           4|
    |outElem_fu_237_p2                 |      icmp|   0|  0|  23|          16|           1|
    |ap_block_state2_pp0_stage0_iter1  |        or|   0|  0|   2|           1|           1|
    |neust_1_5_fu_244_p3               |    select|   0|  0|  16|           1|           1|
    |select_ln202_fu_206_p3            |    select|   0|  0|   2|           1|           2|
    |ap_enable_pp0                     |       xor|   0|  0|   2|           1|           2|
    +----------------------------------+----------+----+---+----+------------+------------+
    |Total                             |          |   0|  0| 110|          61|          46|
    +----------------------------------+----------+----+---+----+------------+------------+

    * Multiplexer: 
    +-------------------------+----+-----------+-----+-----------+
    |           Name          | LUT| Input Size| Bits| Total Bits|
    +-------------------------+----+-----------+-----+-----------+
    |ap_done_int              |   9|          2|    1|          2|
    |ap_enable_reg_pp0_iter1  |   9|          2|    1|          2|
    |ap_sig_allocacmp_cntr_2  |   9|          2|    2|          4|
    |ap_sig_allocacmp_i       |   9|          2|    3|          6|
    |cntr_fu_60               |   9|          2|    2|          4|
    |convInp_blk_n            |   9|          2|    1|          2|
    |i_2_fu_64                |   9|          2|    3|          6|
    |neust_1_1_fu_72          |   9|          2|   16|         32|
    |neust_1_2_fu_76          |   9|          2|   16|         32|
    |neust_1_3_fu_80          |   9|          2|   16|         32|
    |neust_1_fu_68            |   9|          2|   16|         32|
    |out_stream_blk_n         |   9|          2|    1|          2|
    +-------------------------+----+-----------+-----+-----------+
    |Total                    | 108|         24|   78|        156|
    +-------------------------+----+-----------+-----+-----------+

    * Register: 
    +-------------------------+----+----+-----+-----------+
    |           Name          | FF | LUT| Bits| Const Bits|
    +-------------------------+----+----+-----+-----------+
    |ap_CS_fsm                |   1|   0|    1|          0|
    |ap_done_reg              |   1|   0|    1|          0|
    |ap_enable_reg_pp0_iter1  |   1|   0|    1|          0|
    |cntr_2_reg_319           |   2|   0|    2|          0|
    |cntr_fu_60               |   2|   0|    2|          0|
    |i_2_fu_64                |   3|   0|    3|          0|
    |neust_1_1_fu_72          |  16|   0|   16|          0|
    |neust_1_2_fu_76          |  16|   0|   16|          0|
    |neust_1_3_fu_80          |  16|   0|   16|          0|
    |neust_1_fu_68            |  16|   0|   16|          0|
    +-------------------------+----+----+-----+-----------+
    |Total                    |  74|   0|   74|          0|
    +-------------------------+----+----+-----+-----------+



================================================================
== Interface
================================================================
* Summary: 
+-------------------+-----+-----+------------+---------------------------------------+--------------+
|     RTL Ports     | Dir | Bits|  Protocol  |             Source Object             |    C Type    |
+-------------------+-----+-----+------------+---------------------------------------+--------------+
|ap_clk             |   in|    1|  ap_ctrl_hs|  conv2x2_top_Pipeline_VITIS_LOOP_138_3|  return value|
|ap_rst             |   in|    1|  ap_ctrl_hs|  conv2x2_top_Pipeline_VITIS_LOOP_138_3|  return value|
|ap_start           |   in|    1|  ap_ctrl_hs|  conv2x2_top_Pipeline_VITIS_LOOP_138_3|  return value|
|ap_done            |  out|    1|  ap_ctrl_hs|  conv2x2_top_Pipeline_VITIS_LOOP_138_3|  return value|
|ap_idle            |  out|    1|  ap_ctrl_hs|  conv2x2_top_Pipeline_VITIS_LOOP_138_3|  return value|
|ap_ready           |  out|    1|  ap_ctrl_hs|  conv2x2_top_Pipeline_VITIS_LOOP_138_3|  return value|
|convInp_dout       |   in|    1|     ap_fifo|                                convInp|       pointer|
|convInp_empty_n    |   in|    1|     ap_fifo|                                convInp|       pointer|
|convInp_read       |  out|    1|     ap_fifo|                                convInp|       pointer|
|out_stream_din     |  out|    1|     ap_fifo|                             out_stream|       pointer|
|out_stream_full_n  |   in|    1|     ap_fifo|                             out_stream|       pointer|
|out_stream_write   |  out|    1|     ap_fifo|                             out_stream|       pointer|
|temp_4             |   in|    2|     ap_none|                                 temp_4|        scalar|
+-------------------+-----+-----+------------+---------------------------------------+--------------+

============================================================
+ Verbose Summary: Synthesis Manager
============================================================
InlineROM: 1
ExposeGlobal: 0
============================================================
+ Verbose Summary: CDFG Model
============================================================
IsTopModel: 0
ResetActiveHigh: 1
IsCombinational: 2
IsDatapathOnly: 2
HasWiredReturn: 1
HasMFsm: 2
HasVarLatency: 1
IsPipeline: 0
IsRtlPipelined: 0
IsInstanceOverlapped: 0
IsDontTouch: 0
HasImplIP: 0
IsGatedGlobalClock: 0

+ Individual pipeline summary: 
  * Pipeline-0: initiation interval (II) = 1, depth = 2


============================================================
+ Verbose Summary: Schedule
============================================================
* Number of FSM states : 2
* Pipeline : 1
  Pipeline-0 : II = 1, D = 2, States = { 1 2 }
* Dataflow Pipeline: 0

* FSM state transitions: 
1 --> 2 
2 --> 

* FSM state operations: 

State 1 <SV = 0> <Delay = 0.95>
ST_1 : Operation 5 [1/1] (0.00ns)   --->   "%cntr = alloca i32 1"   --->   Operation 5 'alloca' 'cntr' <Predicate = true> <Delay = 0.00>
ST_1 : Operation 6 [1/1] (0.00ns)   --->   "%i_2 = alloca i32 1"   --->   Operation 6 'alloca' 'i_2' <Predicate = true> <Delay = 0.00>
ST_1 : Operation 7 [1/1] (0.00ns)   --->   "%neust_1 = alloca i32 1"   --->   Operation 7 'alloca' 'neust_1' <Predicate = true> <Delay = 0.00>
ST_1 : Operation 8 [1/1] (0.00ns)   --->   "%neust_1_1 = alloca i32 1"   --->   Operation 8 'alloca' 'neust_1_1' <Predicate = true> <Delay = 0.00>
ST_1 : Operation 9 [1/1] (0.00ns)   --->   "%neust_1_2 = alloca i32 1"   --->   Operation 9 'alloca' 'neust_1_2' <Predicate = true> <Delay = 0.00>
ST_1 : Operation 10 [1/1] (0.00ns)   --->   "%neust_1_3 = alloca i32 1"   --->   Operation 10 'alloca' 'neust_1_3' <Predicate = true> <Delay = 0.00>
ST_1 : Operation 11 [1/1] (0.00ns)   --->   "%specinterface_ln0 = specinterface void @_ssdm_op_SpecInterface, i1 %out_stream, void @empty_1, i32 0, i32 0, void @empty_0, i32 0, i32 0, void @empty_0, void @empty_0, void @empty_0, i32 0, i32 0, i32 0, i32 0, void @empty_0, void @empty_0, i32 4294967295, i32 0"   --->   Operation 11 'specinterface' 'specinterface_ln0' <Predicate = true> <Delay = 0.00>
ST_1 : Operation 12 [1/1] (0.00ns)   --->   "%specinterface_ln0 = specinterface void @_ssdm_op_SpecInterface, i1 %convInp, void @empty_1, i32 0, i32 0, void @empty_0, i32 0, i32 0, void @empty_0, void @empty_0, void @empty_0, i32 0, i32 0, i32 0, i32 0, void @empty_0, void @empty_0, i32 4294967295, i32 0"   --->   Operation 12 'specinterface' 'specinterface_ln0' <Predicate = true> <Delay = 0.00>
ST_1 : Operation 13 [1/1] (0.00ns)   --->   "%temp_4_read = read i2 @_ssdm_op_Read.ap_auto.i2, i2 %temp_4"   --->   Operation 13 'read' 'temp_4_read' <Predicate = true> <Delay = 0.00>
ST_1 : Operation 14 [1/1] (0.38ns)   --->   "%store_ln0 = store i16 0, i16 %neust_1_3"   --->   Operation 14 'store' 'store_ln0' <Predicate = true> <Delay = 0.38>
ST_1 : Operation 15 [1/1] (0.38ns)   --->   "%store_ln0 = store i16 0, i16 %neust_1_2"   --->   Operation 15 'store' 'store_ln0' <Predicate = true> <Delay = 0.38>
ST_1 : Operation 16 [1/1] (0.38ns)   --->   "%store_ln0 = store i16 0, i16 %neust_1_1"   --->   Operation 16 'store' 'store_ln0' <Predicate = true> <Delay = 0.38>
ST_1 : Operation 17 [1/1] (0.38ns)   --->   "%store_ln0 = store i16 0, i16 %neust_1"   --->   Operation 17 'store' 'store_ln0' <Predicate = true> <Delay = 0.38>
ST_1 : Operation 18 [1/1] (0.38ns)   --->   "%store_ln0 = store i3 0, i3 %i_2"   --->   Operation 18 'store' 'store_ln0' <Predicate = true> <Delay = 0.38>
ST_1 : Operation 19 [1/1] (0.38ns)   --->   "%store_ln0 = store i2 0, i2 %cntr"   --->   Operation 19 'store' 'store_ln0' <Predicate = true> <Delay = 0.38>
ST_1 : Operation 20 [1/1] (0.00ns)   --->   "%br_ln0 = br void %if.end.i"   --->   Operation 20 'br' 'br_ln0' <Predicate = true> <Delay = 0.00>
ST_1 : Operation 21 [1/1] (0.00ns)   --->   "%cntr_2 = load i2 %cntr" [/home/coder/Documents/s2n2/finn-hlslib-lif/mvau.hpp:267->/home/coder/Documents/s2n2/finn-hlslib-lif/convlayer.h:122->/home/coder/Desktop/s2n2/convSNN/conv2x2_top.cpp:93]   --->   Operation 21 'load' 'cntr_2' <Predicate = true> <Delay = 0.00>
ST_1 : Operation 22 [1/1] (0.00ns)   --->   "%i = load i3 %i_2" [/home/coder/Documents/s2n2/finn-hlslib-lif/mvau.hpp:138->/home/coder/Documents/s2n2/finn-hlslib-lif/convlayer.h:122->/home/coder/Desktop/s2n2/convSNN/conv2x2_top.cpp:93]   --->   Operation 22 'load' 'i' <Predicate = true> <Delay = 0.00>
ST_1 : Operation 23 [1/1] (0.57ns)   --->   "%icmp_ln138 = icmp_eq  i3 %i, i3 4" [/home/coder/Documents/s2n2/finn-hlslib-lif/mvau.hpp:138->/home/coder/Documents/s2n2/finn-hlslib-lif/convlayer.h:122->/home/coder/Desktop/s2n2/convSNN/conv2x2_top.cpp:93]   --->   Operation 23 'icmp' 'icmp_ln138' <Predicate = true> <Delay = 0.57> <CoreInst = "Cmp">   --->   Core 9 'Cmp' <Latency = 0> <II = 1> <Delay = 0.70> <FuncUnit> <Opcode : 'icmp'> <InPorts = 2> <OutPorts = 1>
ST_1 : Operation 24 [1/1] (0.57ns)   --->   "%i_3 = add i3 %i, i3 1" [/home/coder/Documents/s2n2/finn-hlslib-lif/mvau.hpp:138->/home/coder/Documents/s2n2/finn-hlslib-lif/convlayer.h:122->/home/coder/Desktop/s2n2/convSNN/conv2x2_top.cpp:93]   --->   Operation 24 'add' 'i_3' <Predicate = true> <Delay = 0.57> <CoreInst = "Adder">   --->   Core 1 'Adder' <Latency = 0> <II = 1> <Delay = 0.57> <FuncUnit> <Opcode : 'add' 'sub'> <InPorts = 2> <OutPorts = 1>
ST_1 : Operation 25 [1/1] (0.00ns)   --->   "%br_ln138 = br i1 %icmp_ln138, void %if.end.i.split, void %for.inc9.preheader.exitStub" [/home/coder/Documents/s2n2/finn-hlslib-lif/mvau.hpp:138->/home/coder/Documents/s2n2/finn-hlslib-lif/convlayer.h:122->/home/coder/Desktop/s2n2/convSNN/conv2x2_top.cpp:93]   --->   Operation 25 'br' 'br_ln138' <Predicate = true> <Delay = 0.00>
ST_1 : Operation 26 [1/1] (0.43ns)   --->   "%cntr_3 = add i2 %cntr_2, i2 1" [/home/coder/Documents/s2n2/finn-hlslib-lif/mvau.hpp:267->/home/coder/Documents/s2n2/finn-hlslib-lif/convlayer.h:122->/home/coder/Desktop/s2n2/convSNN/conv2x2_top.cpp:93]   --->   Operation 26 'add' 'cntr_3' <Predicate = (!icmp_ln138)> <Delay = 0.43> <CoreInst = "Adder">   --->   Core 1 'Adder' <Latency = 0> <II = 1> <Delay = 0.43> <FuncUnit> <Opcode : 'add' 'sub'> <InPorts = 2> <OutPorts = 1>
ST_1 : Operation 27 [1/1] (0.38ns)   --->   "%store_ln138 = store i3 %i_3, i3 %i_2" [/home/coder/Documents/s2n2/finn-hlslib-lif/mvau.hpp:138->/home/coder/Documents/s2n2/finn-hlslib-lif/convlayer.h:122->/home/coder/Desktop/s2n2/convSNN/conv2x2_top.cpp:93]   --->   Operation 27 'store' 'store_ln138' <Predicate = (!icmp_ln138)> <Delay = 0.38>
ST_1 : Operation 28 [1/1] (0.38ns)   --->   "%store_ln138 = store i2 %cntr_3, i2 %cntr" [/home/coder/Documents/s2n2/finn-hlslib-lif/mvau.hpp:138->/home/coder/Documents/s2n2/finn-hlslib-lif/convlayer.h:122->/home/coder/Desktop/s2n2/convSNN/conv2x2_top.cpp:93]   --->   Operation 28 'store' 'store_ln138' <Predicate = (!icmp_ln138)> <Delay = 0.38>
ST_1 : Operation 58 [1/1] (0.00ns)   --->   "%ret_ln0 = ret"   --->   Operation 58 'ret' 'ret_ln0' <Predicate = (icmp_ln138)> <Delay = 0.00>

State 2 <SV = 1> <Delay = 4.48>
ST_2 : Operation 29 [1/1] (0.00ns)   --->   "%neust_1_load = load i16 %neust_1" [/home/coder/Documents/s2n2/finn-hlslib-lif/mvau.hpp:191->/home/coder/Documents/s2n2/finn-hlslib-lif/convlayer.h:122->/home/coder/Desktop/s2n2/convSNN/conv2x2_top.cpp:93]   --->   Operation 29 'load' 'neust_1_load' <Predicate = true> <Delay = 0.00>
ST_2 : Operation 30 [1/1] (0.00ns)   --->   "%neust_1_1_load = load i16 %neust_1_1" [/home/coder/Documents/s2n2/finn-hlslib-lif/mvau.hpp:191->/home/coder/Documents/s2n2/finn-hlslib-lif/convlayer.h:122->/home/coder/Desktop/s2n2/convSNN/conv2x2_top.cpp:93]   --->   Operation 30 'load' 'neust_1_1_load' <Predicate = true> <Delay = 0.00>
ST_2 : Operation 31 [1/1] (0.00ns)   --->   "%neust_1_2_load = load i16 %neust_1_2" [/home/coder/Documents/s2n2/finn-hlslib-lif/mvau.hpp:191->/home/coder/Documents/s2n2/finn-hlslib-lif/convlayer.h:122->/home/coder/Desktop/s2n2/convSNN/conv2x2_top.cpp:93]   --->   Operation 31 'load' 'neust_1_2_load' <Predicate = true> <Delay = 0.00>
ST_2 : Operation 32 [1/1] (0.00ns)   --->   "%neust_1_3_load = load i16 %neust_1_3" [/home/coder/Documents/s2n2/finn-hlslib-lif/mvau.hpp:191->/home/coder/Documents/s2n2/finn-hlslib-lif/convlayer.h:122->/home/coder/Desktop/s2n2/convSNN/conv2x2_top.cpp:93]   --->   Operation 32 'load' 'neust_1_3_load' <Predicate = true> <Delay = 0.00>
ST_2 : Operation 33 [1/1] (0.00ns)   --->   "%specpipeline_ln139 = specpipeline void @_ssdm_op_SpecPipeline, i32 1, i32 0, i32 0, i32 0, void @empty_0" [/home/coder/Documents/s2n2/finn-hlslib-lif/mvau.hpp:139->/home/coder/Documents/s2n2/finn-hlslib-lif/convlayer.h:122->/home/coder/Desktop/s2n2/convSNN/conv2x2_top.cpp:93]   --->   Operation 33 'specpipeline' 'specpipeline_ln139' <Predicate = true> <Delay = 0.00>
ST_2 : Operation 34 [1/1] (0.00ns)   --->   "%speclooptripcount_ln133 = speclooptripcount void @_ssdm_op_SpecLoopTripCount, i64 4, i64 4, i64 4" [/home/coder/Documents/s2n2/finn-hlslib-lif/mvau.hpp:133->/home/coder/Documents/s2n2/finn-hlslib-lif/convlayer.h:122->/home/coder/Desktop/s2n2/convSNN/conv2x2_top.cpp:93]   --->   Operation 34 'speclooptripcount' 'speclooptripcount_ln133' <Predicate = true> <Delay = 0.00>
ST_2 : Operation 35 [1/1] (0.00ns)   --->   "%specloopname_ln138 = specloopname void @_ssdm_op_SpecLoopName, void @empty_4" [/home/coder/Documents/s2n2/finn-hlslib-lif/mvau.hpp:138->/home/coder/Documents/s2n2/finn-hlslib-lif/convlayer.h:122->/home/coder/Desktop/s2n2/convSNN/conv2x2_top.cpp:93]   --->   Operation 35 'specloopname' 'specloopname_ln138' <Predicate = true> <Delay = 0.00>
ST_2 : Operation 36 [1/1] (1.42ns)   --->   "%inElem = read i1 @_ssdm_op_Read.ap_fifo.volatile.i1P0A, i1 %convInp" [/home/coder/Documents/s2n2/finn-hlslib-lif/mvau.hpp:143->/home/coder/Documents/s2n2/finn-hlslib-lif/convlayer.h:122->/home/coder/Desktop/s2n2/convSNN/conv2x2_top.cpp:93]   --->   Operation 36 'read' 'inElem' <Predicate = true> <Delay = 1.42> <CoreInst = "FIFO_SRL">   --->   Core 81 'FIFO_SRL' <Latency = 0> <II = 1> <Delay = 1.42> <Storage> <Opcode : 'read' 'write' 'nbread' 'nbwrite'> <Ports = 0> <Width = 1> <Depth = 2> <FIFO>
ST_2 : Operation 37 [1/1] (0.45ns)   --->   "%temp = mux i16 @_ssdm_op_Mux.ap_auto.4i16.i2, i16 %neust_1_load, i16 %neust_1_1_load, i16 %neust_1_2_load, i16 %neust_1_3_load, i2 %cntr_2" [/home/coder/Documents/s2n2/finn-hlslib-lif/mvau.hpp:191->/home/coder/Documents/s2n2/finn-hlslib-lif/convlayer.h:122->/home/coder/Desktop/s2n2/convSNN/conv2x2_top.cpp:93]   --->   Operation 37 'mux' 'temp' <Predicate = true> <Delay = 0.45> <CoreInst = "Multiplexer">   --->   Core 76 'Multiplexer' <Latency = 0> <II = 1> <Delay = 0.45> <FuncUnit> <Opcode : 'mux'> <InPorts = 2> <OutPorts = 1>
ST_2 : Operation 38 [1/1] (0.00ns)   --->   "%trunc_ln2 = partselect i12 @_ssdm_op_PartSelect.i12.i16.i32.i32, i16 %temp, i32 3, i32 14" [/home/coder/Documents/s2n2/finn-hlslib-lif/mvau.hpp:193->/home/coder/Documents/s2n2/finn-hlslib-lif/convlayer.h:122->/home/coder/Desktop/s2n2/convSNN/conv2x2_top.cpp:93]   --->   Operation 38 'partselect' 'trunc_ln2' <Predicate = true> <Delay = 0.00>
ST_2 : Operation 39 [1/1] (0.00ns)   --->   "%sext_ln193 = sext i12 %trunc_ln2" [/home/coder/Documents/s2n2/finn-hlslib-lif/mvau.hpp:193->/home/coder/Documents/s2n2/finn-hlslib-lif/convlayer.h:122->/home/coder/Desktop/s2n2/convSNN/conv2x2_top.cpp:93]   --->   Operation 39 'sext' 'sext_ln193' <Predicate = true> <Delay = 0.00>
ST_2 : Operation 40 [1/1] (0.27ns)   --->   "%select_ln202 = select i1 %inElem, i2 %temp_4_read, i2 0" [/home/coder/Documents/s2n2/finn-hlslib-lif/weights.hpp:202->/home/coder/Documents/s2n2/finn-hlslib-lif/mvau.hpp:220->/home/coder/Documents/s2n2/finn-hlslib-lif/convlayer.h:122->/home/coder/Desktop/s2n2/convSNN/conv2x2_top.cpp:93]   --->   Operation 40 'select' 'select_ln202' <Predicate = true> <Delay = 0.27> <CoreInst = "Sel">   --->   Core 73 'Sel' <Latency = 0> <II = 1> <Delay = 0.27> <FuncUnit> <Opcode : 'select'> <InPorts = 3> <OutPorts = 1>
ST_2 : Operation 41 [1/1] (0.00ns)   --->   "%shl_ln = bitconcatenate i10 @_ssdm_op_BitConcatenate.i10.i2.i8, i2 %select_ln202, i8 0" [/home/coder/Documents/s2n2/finn-hlslib-lif/mvau.hpp:220->/home/coder/Documents/s2n2/finn-hlslib-lif/convlayer.h:122->/home/coder/Desktop/s2n2/convSNN/conv2x2_top.cpp:93]   --->   Operation 41 'bitconcatenate' 'shl_ln' <Predicate = true> <Delay = 0.00>
ST_2 : Operation 42 [1/1] (0.00ns)   --->   "%zext_ln220 = zext i10 %shl_ln" [/home/coder/Documents/s2n2/finn-hlslib-lif/mvau.hpp:220->/home/coder/Documents/s2n2/finn-hlslib-lif/convlayer.h:122->/home/coder/Desktop/s2n2/convSNN/conv2x2_top.cpp:93]   --->   Operation 42 'zext' 'zext_ln220' <Predicate = true> <Delay = 0.00>
ST_2 : Operation 43 [1/1] (0.00ns) (grouped into TernaryAdder)   --->   "%temp_1 = sub i16 %zext_ln220, i16 %sext_ln193" [/home/coder/Documents/s2n2/finn-hlslib-lif/mvau.hpp:220->/home/coder/Documents/s2n2/finn-hlslib-lif/convlayer.h:122->/home/coder/Desktop/s2n2/convSNN/conv2x2_top.cpp:93]   --->   Operation 43 'sub' 'temp_1' <Predicate = true> <Delay = 0.00> <CoreInst = "TAddSub">   --->   Core 10 'TAddSub' <Latency = 0> <II = 1> <Delay = 0.33> <IPBlock> <Opcode : '<invalid operator> ' 'add' 'sub'> <InPorts = 3> <OutPorts = 1> <Sync> <CReg>
ST_2 : Operation 44 [1/1] (0.67ns) (root node of TernaryAdder)   --->   "%newSecond = add i16 %temp, i16 %temp_1" [/home/coder/Documents/s2n2/finn-hlslib-lif/mvau.hpp:191->/home/coder/Documents/s2n2/finn-hlslib-lif/convlayer.h:122->/home/coder/Desktop/s2n2/convSNN/conv2x2_top.cpp:93]   --->   Operation 44 'add' 'newSecond' <Predicate = true> <Delay = 0.67> <CoreInst = "TAddSub">   --->   Core 10 'TAddSub' <Latency = 0> <II = 1> <Delay = 0.33> <IPBlock> <Opcode : '<invalid operator> ' 'add' 'sub'> <InPorts = 3> <OutPorts = 1> <Sync> <CReg>
ST_2 : Operation 45 [1/1] (0.78ns)   --->   "%outElem = icmp_sgt  i16 %newSecond, i16 0" [/home/coder/Documents/s2n2/finn-hlslib-lif/mvau.hpp:250->/home/coder/Documents/s2n2/finn-hlslib-lif/convlayer.h:122->/home/coder/Desktop/s2n2/convSNN/conv2x2_top.cpp:93]   --->   Operation 45 'icmp' 'outElem' <Predicate = true> <Delay = 0.78> <CoreInst = "Cmp">   --->   Core 9 'Cmp' <Latency = 0> <II = 1> <Delay = 0.78> <FuncUnit> <Opcode : 'icmp'> <InPorts = 2> <OutPorts = 1>
ST_2 : Operation 46 [1/1] (0.24ns)   --->   "%neust_1_5 = select i1 %outElem, i16 0, i16 %newSecond" [/home/coder/Documents/s2n2/finn-hlslib-lif/mvau.hpp:250->/home/coder/Documents/s2n2/finn-hlslib-lif/convlayer.h:122->/home/coder/Desktop/s2n2/convSNN/conv2x2_top.cpp:93]   --->   Operation 46 'select' 'neust_1_5' <Predicate = true> <Delay = 0.24> <CoreInst = "Sel">   --->   Core 73 'Sel' <Latency = 0> <II = 1> <Delay = 0.24> <FuncUnit> <Opcode : 'select'> <InPorts = 3> <OutPorts = 1>
ST_2 : Operation 47 [1/1] (0.66ns)   --->   "%switch_ln252 = switch i2 %cntr_2, void %branch3, i2 0, void %if.end.i.split.if.end.i.split4_crit_edge, i2 1, void %if.end.i.split.if.end.i.split4_crit_edge3, i2 2, void %branch2" [/home/coder/Documents/s2n2/finn-hlslib-lif/mvau.hpp:252->/home/coder/Documents/s2n2/finn-hlslib-lif/convlayer.h:122->/home/coder/Desktop/s2n2/convSNN/conv2x2_top.cpp:93]   --->   Operation 47 'switch' 'switch_ln252' <Predicate = true> <Delay = 0.66>
ST_2 : Operation 48 [1/1] (0.38ns)   --->   "%store_ln252 = store i16 %neust_1_5, i16 %neust_1_2" [/home/coder/Documents/s2n2/finn-hlslib-lif/mvau.hpp:252->/home/coder/Documents/s2n2/finn-hlslib-lif/convlayer.h:122->/home/coder/Desktop/s2n2/convSNN/conv2x2_top.cpp:93]   --->   Operation 48 'store' 'store_ln252' <Predicate = (cntr_2 == 2)> <Delay = 0.38>
ST_2 : Operation 49 [1/1] (0.00ns)   --->   "%br_ln252 = br void %if.end.i.split4" [/home/coder/Documents/s2n2/finn-hlslib-lif/mvau.hpp:252->/home/coder/Documents/s2n2/finn-hlslib-lif/convlayer.h:122->/home/coder/Desktop/s2n2/convSNN/conv2x2_top.cpp:93]   --->   Operation 49 'br' 'br_ln252' <Predicate = (cntr_2 == 2)> <Delay = 0.00>
ST_2 : Operation 50 [1/1] (0.38ns)   --->   "%store_ln252 = store i16 %neust_1_5, i16 %neust_1_1" [/home/coder/Documents/s2n2/finn-hlslib-lif/mvau.hpp:252->/home/coder/Documents/s2n2/finn-hlslib-lif/convlayer.h:122->/home/coder/Desktop/s2n2/convSNN/conv2x2_top.cpp:93]   --->   Operation 50 'store' 'store_ln252' <Predicate = (cntr_2 == 1)> <Delay = 0.38>
ST_2 : Operation 51 [1/1] (0.00ns)   --->   "%br_ln252 = br void %if.end.i.split4" [/home/coder/Documents/s2n2/finn-hlslib-lif/mvau.hpp:252->/home/coder/Documents/s2n2/finn-hlslib-lif/convlayer.h:122->/home/coder/Desktop/s2n2/convSNN/conv2x2_top.cpp:93]   --->   Operation 51 'br' 'br_ln252' <Predicate = (cntr_2 == 1)> <Delay = 0.00>
ST_2 : Operation 52 [1/1] (0.38ns)   --->   "%store_ln252 = store i16 %neust_1_5, i16 %neust_1" [/home/coder/Documents/s2n2/finn-hlslib-lif/mvau.hpp:252->/home/coder/Documents/s2n2/finn-hlslib-lif/convlayer.h:122->/home/coder/Desktop/s2n2/convSNN/conv2x2_top.cpp:93]   --->   Operation 52 'store' 'store_ln252' <Predicate = (cntr_2 == 0)> <Delay = 0.38>
ST_2 : Operation 53 [1/1] (0.00ns)   --->   "%br_ln252 = br void %if.end.i.split4" [/home/coder/Documents/s2n2/finn-hlslib-lif/mvau.hpp:252->/home/coder/Documents/s2n2/finn-hlslib-lif/convlayer.h:122->/home/coder/Desktop/s2n2/convSNN/conv2x2_top.cpp:93]   --->   Operation 53 'br' 'br_ln252' <Predicate = (cntr_2 == 0)> <Delay = 0.00>
ST_2 : Operation 54 [1/1] (0.38ns)   --->   "%store_ln252 = store i16 %neust_1_5, i16 %neust_1_3" [/home/coder/Documents/s2n2/finn-hlslib-lif/mvau.hpp:252->/home/coder/Documents/s2n2/finn-hlslib-lif/convlayer.h:122->/home/coder/Desktop/s2n2/convSNN/conv2x2_top.cpp:93]   --->   Operation 54 'store' 'store_ln252' <Predicate = (cntr_2 == 3)> <Delay = 0.38>
ST_2 : Operation 55 [1/1] (0.00ns)   --->   "%br_ln252 = br void %if.end.i.split4" [/home/coder/Documents/s2n2/finn-hlslib-lif/mvau.hpp:252->/home/coder/Documents/s2n2/finn-hlslib-lif/convlayer.h:122->/home/coder/Desktop/s2n2/convSNN/conv2x2_top.cpp:93]   --->   Operation 55 'br' 'br_ln252' <Predicate = (cntr_2 == 3)> <Delay = 0.00>
ST_2 : Operation 56 [1/1] (1.31ns)   --->   "%write_ln266 = write void @_ssdm_op_Write.ap_fifo.volatile.i1P0A, i1 %out_stream, i1 %outElem" [/home/coder/Documents/s2n2/finn-hlslib-lif/mvau.hpp:266->/home/coder/Documents/s2n2/finn-hlslib-lif/convlayer.h:122->/home/coder/Desktop/s2n2/convSNN/conv2x2_top.cpp:93]   --->   Operation 56 'write' 'write_ln266' <Predicate = true> <Delay = 1.31> <CoreInst = "FIFO_SRL">   --->   Core 81 'FIFO_SRL' <Latency = 0> <II = 1> <Delay = 1.31> <Storage> <Opcode : 'read' 'write' 'nbread' 'nbwrite'> <Ports = 0> <Width = 1> <Depth = 8> <FIFO>
ST_2 : Operation 57 [1/1] (0.00ns)   --->   "%br_ln138 = br void %if.end.i" [/home/coder/Documents/s2n2/finn-hlslib-lif/mvau.hpp:138->/home/coder/Documents/s2n2/finn-hlslib-lif/convlayer.h:122->/home/coder/Desktop/s2n2/convSNN/conv2x2_top.cpp:93]   --->   Operation 57 'br' 'br_ln138' <Predicate = true> <Delay = 0.00>


============================================================
+ Verbose Summary: Binding
============================================================
STG Binding: 
---------------- STG Properties BEGIN ----------------
- Is combinational: 0
- Is one-state seq: 0
- Is datapath-only: 0
- Is pipelined: 0
- Is top level: 0
Port [ Return ] is wired: 1; IO mode=ap_ctrl_hs:ce=0
Port [ out_stream]:  wired=1; compound=1; hidden=0; nouse=0; global=0; static=0; extern=0; dir=1; type=3; pingpong=0; private_global=0; IO mode=ap_fifo:ce=0
Port [ convInp]:  wired=1; compound=1; hidden=0; nouse=0; global=0; static=0; extern=0; dir=0; type=3; pingpong=0; private_global=0; IO mode=ap_fifo:ce=0
Port [ temp_4]:  wired=1; compound=0; hidden=0; nouse=0; global=0; static=0; extern=0; dir=0; type=0; pingpong=0; private_global=0; IO mode=ap_none:ce=0
---------------- STG Properties END ------------------

---------------- Datapath Model BEGIN ----------------

<LifeTime>
<method=bitvector/>
cntr                    (alloca           ) [ 010]
i_2                     (alloca           ) [ 010]
neust_1                 (alloca           ) [ 011]
neust_1_1               (alloca           ) [ 011]
neust_1_2               (alloca           ) [ 011]
neust_1_3               (alloca           ) [ 011]
specinterface_ln0       (specinterface    ) [ 000]
specinterface_ln0       (specinterface    ) [ 000]
temp_4_read             (read             ) [ 011]
store_ln0               (store            ) [ 000]
store_ln0               (store            ) [ 000]
store_ln0               (store            ) [ 000]
store_ln0               (store            ) [ 000]
store_ln0               (store            ) [ 000]
store_ln0               (store            ) [ 000]
br_ln0                  (br               ) [ 000]
cntr_2                  (load             ) [ 011]
i                       (load             ) [ 000]
icmp_ln138              (icmp             ) [ 010]
i_3                     (add              ) [ 000]
br_ln138                (br               ) [ 000]
cntr_3                  (add              ) [ 000]
store_ln138             (store            ) [ 000]
store_ln138             (store            ) [ 000]
neust_1_load            (load             ) [ 000]
neust_1_1_load          (load             ) [ 000]
neust_1_2_load          (load             ) [ 000]
neust_1_3_load          (load             ) [ 000]
specpipeline_ln139      (specpipeline     ) [ 000]
speclooptripcount_ln133 (speclooptripcount) [ 000]
specloopname_ln138      (specloopname     ) [ 000]
inElem                  (read             ) [ 000]
temp                    (mux              ) [ 000]
trunc_ln2               (partselect       ) [ 000]
sext_ln193              (sext             ) [ 000]
select_ln202            (select           ) [ 000]
shl_ln                  (bitconcatenate   ) [ 000]
zext_ln220              (zext             ) [ 000]
temp_1                  (sub              ) [ 000]
newSecond               (add              ) [ 000]
outElem                 (icmp             ) [ 000]
neust_1_5               (select           ) [ 000]
switch_ln252            (switch           ) [ 000]
store_ln252             (store            ) [ 000]
br_ln252                (br               ) [ 000]
store_ln252             (store            ) [ 000]
br_ln252                (br               ) [ 000]
store_ln252             (store            ) [ 000]
br_ln252                (br               ) [ 000]
store_ln252             (store            ) [ 000]
br_ln252                (br               ) [ 000]
write_ln266             (write            ) [ 000]
br_ln138                (br               ) [ 000]
ret_ln0                 (ret              ) [ 000]
</LifeTime>

<model>

<comp_list>
<comp id="0" class="1000" name="out_stream">
<pin_list>
<pin id="1" dir="1" index="0" bw="1" slack="0"/>
</pin_list>
<bind>
<StgValue><ssdm name="out_stream"/></StgValue>
</bind>
</comp>

<comp id="2" class="1000" name="convInp">
<pin_list>
<pin id="3" dir="1" index="0" bw="1" slack="0"/>
</pin_list>
<bind>
<StgValue><ssdm name="convInp"/></StgValue>
</bind>
</comp>

<comp id="4" class="1000" name="temp_4">
<pin_list>
<pin id="5" dir="1" index="0" bw="1" slack="0"/>
</pin_list>
<bind>
<StgValue><ssdm name="temp_4"/></StgValue>
</bind>
</comp>

<comp id="6" class="1001" name="const_6">
<pin_list>
<pin id="7" dir="1" index="0" bw="1" slack="0"/>
</pin_list>
<bind>
<StgValue><ssdm name=""/></StgValue>
</bind>
</comp>

<comp id="8" class="1001" name="const_8">
<pin_list>
<pin id="9" dir="1" index="0" bw="1" slack="2147483647"/>
</pin_list>
<bind>
<StgValue><ssdm name="_ssdm_op_SpecInterface"/></StgValue>
</bind>
</comp>

<comp id="10" class="1001" name="const_10">
<pin_list>
<pin id="11" dir="1" index="0" bw="1" slack="2147483647"/>
</pin_list>
<bind>
<StgValue><ssdm name="empty_1"/></StgValue>
</bind>
</comp>

<comp id="12" class="1001" name="const_12">
<pin_list>
<pin id="13" dir="1" index="0" bw="1" slack="2147483647"/>
</pin_list>
<bind>
<StgValue><ssdm name=""/></StgValue>
</bind>
</comp>

<comp id="14" class="1001" name="const_14">
<pin_list>
<pin id="15" dir="1" index="0" bw="1" slack="2147483647"/>
</pin_list>
<bind>
<StgValue><ssdm name="empty_0"/></StgValue>
</bind>
</comp>

<comp id="16" class="1001" name="const_16">
<pin_list>
<pin id="17" dir="1" index="0" bw="1" slack="2147483647"/>
</pin_list>
<bind>
<StgValue><ssdm name=""/></StgValue>
</bind>
</comp>

<comp id="18" class="1001" name="const_18">
<pin_list>
<pin id="19" dir="1" index="0" bw="1" slack="0"/>
</pin_list>
<bind>
<StgValue><ssdm name="_ssdm_op_Read.ap_auto.i2"/></StgValue>
</bind>
</comp>

<comp id="20" class="1001" name="const_20">
<pin_list>
<pin id="21" dir="1" index="0" bw="1" slack="0"/>
</pin_list>
<bind>
<StgValue><ssdm name=""/></StgValue>
</bind>
</comp>

<comp id="22" class="1001" name="const_22">
<pin_list>
<pin id="23" dir="1" index="0" bw="1" slack="0"/>
</pin_list>
<bind>
<StgValue><ssdm name=""/></StgValue>
</bind>
</comp>

<comp id="24" class="1001" name="const_24">
<pin_list>
<pin id="25" dir="1" index="0" bw="1" slack="0"/>
</pin_list>
<bind>
<StgValue><ssdm name=""/></StgValue>
</bind>
</comp>

<comp id="26" class="1001" name="const_26">
<pin_list>
<pin id="27" dir="1" index="0" bw="1" slack="0"/>
</pin_list>
<bind>
<StgValue><ssdm name=""/></StgValue>
</bind>
</comp>

<comp id="28" class="1001" name="const_28">
<pin_list>
<pin id="29" dir="1" index="0" bw="1" slack="0"/>
</pin_list>
<bind>
<StgValue><ssdm name=""/></StgValue>
</bind>
</comp>

<comp id="30" class="1001" name="const_30">
<pin_list>
<pin id="31" dir="1" index="0" bw="1" slack="0"/>
</pin_list>
<bind>
<StgValue><ssdm name=""/></StgValue>
</bind>
</comp>

<comp id="32" class="1001" name="const_32">
<pin_list>
<pin id="33" dir="1" index="0" bw="1" slack="2147483647"/>
</pin_list>
<bind>
<StgValue><ssdm name="_ssdm_op_SpecPipeline"/></StgValue>
</bind>
</comp>

<comp id="34" class="1001" name="const_34">
<pin_list>
<pin id="35" dir="1" index="0" bw="1" slack="2147483647"/>
</pin_list>
<bind>
<StgValue><ssdm name="_ssdm_op_SpecLoopTripCount"/></StgValue>
</bind>
</comp>

<comp id="36" class="1001" name="const_36">
<pin_list>
<pin id="37" dir="1" index="0" bw="1" slack="2147483647"/>
</pin_list>
<bind>
<StgValue><ssdm name=""/></StgValue>
</bind>
</comp>

<comp id="38" class="1001" name="const_38">
<pin_list>
<pin id="39" dir="1" index="0" bw="1" slack="2147483647"/>
</pin_list>
<bind>
<StgValue><ssdm name="_ssdm_op_SpecLoopName"/></StgValue>
</bind>
</comp>

<comp id="40" class="1001" name="const_40">
<pin_list>
<pin id="41" dir="1" index="0" bw="1" slack="2147483647"/>
</pin_list>
<bind>
<StgValue><ssdm name="empty_4"/></StgValue>
</bind>
</comp>

<comp id="42" class="1001" name="const_42">
<pin_list>
<pin id="43" dir="1" index="0" bw="1" slack="0"/>
</pin_list>
<bind>
<StgValue><ssdm name="_ssdm_op_Read.ap_fifo.volatile.i1P0A"/></StgValue>
</bind>
</comp>

<comp id="44" class="1001" name="const_44">
<pin_list>
<pin id="45" dir="1" index="0" bw="1" slack="0"/>
</pin_list>
<bind>
<StgValue><ssdm name="_ssdm_op_Mux.ap_auto.4i16.i2"/></StgValue>
</bind>
</comp>

<comp id="46" class="1001" name="const_46">
<pin_list>
<pin id="47" dir="1" index="0" bw="1" slack="0"/>
</pin_list>
<bind>
<StgValue><ssdm name="_ssdm_op_PartSelect.i12.i16.i32.i32"/></StgValue>
</bind>
</comp>

<comp id="48" class="1001" name="const_48">
<pin_list>
<pin id="49" dir="1" index="0" bw="1" slack="0"/>
</pin_list>
<bind>
<StgValue><ssdm name=""/></StgValue>
</bind>
</comp>

<comp id="50" class="1001" name="const_50">
<pin_list>
<pin id="51" dir="1" index="0" bw="1" slack="0"/>
</pin_list>
<bind>
<StgValue><ssdm name=""/></StgValue>
</bind>
</comp>

<comp id="52" class="1001" name="const_52">
<pin_list>
<pin id="53" dir="1" index="0" bw="1" slack="0"/>
</pin_list>
<bind>
<StgValue><ssdm name="_ssdm_op_BitConcatenate.i10.i2.i8"/></StgValue>
</bind>
</comp>

<comp id="54" class="1001" name="const_54">
<pin_list>
<pin id="55" dir="1" index="0" bw="1" slack="0"/>
</pin_list>
<bind>
<StgValue><ssdm name=""/></StgValue>
</bind>
</comp>

<comp id="56" class="1001" name="const_56">
<pin_list>
<pin id="57" dir="1" index="0" bw="1" slack="2147483647"/>
</pin_list>
<bind>
<StgValue><ssdm name=""/></StgValue>
</bind>
</comp>

<comp id="58" class="1001" name="const_58">
<pin_list>
<pin id="59" dir="1" index="0" bw="1" slack="0"/>
</pin_list>
<bind>
<StgValue><ssdm name="_ssdm_op_Write.ap_fifo.volatile.i1P0A"/></StgValue>
</bind>
</comp>

<comp id="60" class="1004" name="cntr_fu_60">
<pin_list>
<pin id="61" dir="0" index="0" bw="1" slack="0"/>
<pin id="62" dir="1" index="1" bw="2" slack="0"/>
</pin_list>
<bind>
<opcode="alloca(26) " fcode="alloca"/>
<opset="cntr/1 "/>
</bind>
</comp>

<comp id="64" class="1004" name="i_2_fu_64">
<pin_list>
<pin id="65" dir="0" index="0" bw="1" slack="0"/>
<pin id="66" dir="1" index="1" bw="3" slack="0"/>
</pin_list>
<bind>
<opcode="alloca(26) " fcode="alloca"/>
<opset="i_2/1 "/>
</bind>
</comp>

<comp id="68" class="1004" name="neust_1_fu_68">
<pin_list>
<pin id="69" dir="0" index="0" bw="1" slack="0"/>
<pin id="70" dir="1" index="1" bw="16" slack="0"/>
</pin_list>
<bind>
<opcode="alloca(26) " fcode="alloca"/>
<opset="neust_1/1 "/>
</bind>
</comp>

<comp id="72" class="1004" name="neust_1_1_fu_72">
<pin_list>
<pin id="73" dir="0" index="0" bw="1" slack="0"/>
<pin id="74" dir="1" index="1" bw="16" slack="0"/>
</pin_list>
<bind>
<opcode="alloca(26) " fcode="alloca"/>
<opset="neust_1_1/1 "/>
</bind>
</comp>

<comp id="76" class="1004" name="neust_1_2_fu_76">
<pin_list>
<pin id="77" dir="0" index="0" bw="1" slack="0"/>
<pin id="78" dir="1" index="1" bw="16" slack="0"/>
</pin_list>
<bind>
<opcode="alloca(26) " fcode="alloca"/>
<opset="neust_1_2/1 "/>
</bind>
</comp>

<comp id="80" class="1004" name="neust_1_3_fu_80">
<pin_list>
<pin id="81" dir="0" index="0" bw="1" slack="0"/>
<pin id="82" dir="1" index="1" bw="16" slack="0"/>
</pin_list>
<bind>
<opcode="alloca(26) " fcode="alloca"/>
<opset="neust_1_3/1 "/>
</bind>
</comp>

<comp id="84" class="1004" name="temp_4_read_read_fu_84">
<pin_list>
<pin id="85" dir="0" index="0" bw="2" slack="0"/>
<pin id="86" dir="0" index="1" bw="2" slack="0"/>
<pin id="87" dir="1" index="2" bw="2" slack="1"/>
</pin_list>
<bind>
<opcode="read(1150) " fcode="read"/>
<opset="temp_4_read/1 "/>
</bind>
</comp>

<comp id="90" class="1004" name="inElem_read_fu_90">
<pin_list>
<pin id="91" dir="0" index="0" bw="1" slack="0"/>
<pin id="92" dir="0" index="1" bw="1" slack="0"/>
<pin id="93" dir="1" index="2" bw="1" slack="0"/>
</pin_list>
<bind>
<opcode="read(1150) " fcode="read"/>
<opset="inElem/2 "/>
</bind>
</comp>

<comp id="96" class="1004" name="write_ln266_write_fu_96">
<pin_list>
<pin id="97" dir="0" index="0" bw="0" slack="0"/>
<pin id="98" dir="0" index="1" bw="1" slack="0"/>
<pin id="99" dir="0" index="2" bw="1" slack="0"/>
<pin id="100" dir="1" index="3" bw="0" slack="2147483647"/>
</pin_list>
<bind>
<opcode="write(1151) " fcode="write"/>
<opset="write_ln266/2 "/>
</bind>
</comp>

<comp id="103" class="1004" name="store_ln0_store_fu_103">
<pin_list>
<pin id="104" dir="0" index="0" bw="1" slack="0"/>
<pin id="105" dir="0" index="1" bw="16" slack="0"/>
<pin id="106" dir="1" index="2" bw="0" slack="2147483647"/>
</pin_list>
<bind>
<opcode="store(28) " fcode="store"/>
<opset="store_ln0/1 "/>
</bind>
</comp>

<comp id="108" class="1004" name="store_ln0_store_fu_108">
<pin_list>
<pin id="109" dir="0" index="0" bw="1" slack="0"/>
<pin id="110" dir="0" index="1" bw="16" slack="0"/>
<pin id="111" dir="1" index="2" bw="0" slack="2147483647"/>
</pin_list>
<bind>
<opcode="store(28) " fcode="store"/>
<opset="store_ln0/1 "/>
</bind>
</comp>

<comp id="113" class="1004" name="store_ln0_store_fu_113">
<pin_list>
<pin id="114" dir="0" index="0" bw="1" slack="0"/>
<pin id="115" dir="0" index="1" bw="16" slack="0"/>
<pin id="116" dir="1" index="2" bw="0" slack="2147483647"/>
</pin_list>
<bind>
<opcode="store(28) " fcode="store"/>
<opset="store_ln0/1 "/>
</bind>
</comp>

<comp id="118" class="1004" name="store_ln0_store_fu_118">
<pin_list>
<pin id="119" dir="0" index="0" bw="1" slack="0"/>
<pin id="120" dir="0" index="1" bw="16" slack="0"/>
<pin id="121" dir="1" index="2" bw="0" slack="2147483647"/>
</pin_list>
<bind>
<opcode="store(28) " fcode="store"/>
<opset="store_ln0/1 "/>
</bind>
</comp>

<comp id="123" class="1004" name="store_ln0_store_fu_123">
<pin_list>
<pin id="124" dir="0" index="0" bw="1" slack="0"/>
<pin id="125" dir="0" index="1" bw="3" slack="0"/>
<pin id="126" dir="1" index="2" bw="0" slack="2147483647"/>
</pin_list>
<bind>
<opcode="store(28) " fcode="store"/>
<opset="store_ln0/1 "/>
</bind>
</comp>

<comp id="128" class="1004" name="store_ln0_store_fu_128">
<pin_list>
<pin id="129" dir="0" index="0" bw="1" slack="0"/>
<pin id="130" dir="0" index="1" bw="2" slack="0"/>
<pin id="131" dir="1" index="2" bw="0" slack="2147483647"/>
</pin_list>
<bind>
<opcode="store(28) " fcode="store"/>
<opset="store_ln0/1 "/>
</bind>
</comp>

<comp id="133" class="1004" name="cntr_2_load_fu_133">
<pin_list>
<pin id="134" dir="0" index="0" bw="2" slack="0"/>
<pin id="135" dir="1" index="1" bw="2" slack="0"/>
</pin_list>
<bind>
<opcode="load(27) " fcode="load"/>
<opset="cntr_2/1 "/>
</bind>
</comp>

<comp id="136" class="1004" name="i_load_fu_136">
<pin_list>
<pin id="137" dir="0" index="0" bw="3" slack="0"/>
<pin id="138" dir="1" index="1" bw="3" slack="0"/>
</pin_list>
<bind>
<opcode="load(27) " fcode="load"/>
<opset="i/1 "/>
</bind>
</comp>

<comp id="139" class="1004" name="icmp_ln138_fu_139">
<pin_list>
<pin id="140" dir="0" index="0" bw="3" slack="0"/>
<pin id="141" dir="0" index="1" bw="3" slack="0"/>
<pin id="142" dir="1" index="2" bw="1" slack="2147483647"/>
</pin_list>
<bind>
<opcode="icmp(45) " fcode="icmp"/>
<opset="icmp_ln138/1 "/>
</bind>
</comp>

<comp id="145" class="1004" name="i_3_fu_145">
<pin_list>
<pin id="146" dir="0" index="0" bw="3" slack="0"/>
<pin id="147" dir="0" index="1" bw="1" slack="0"/>
<pin id="148" dir="1" index="2" bw="3" slack="0"/>
</pin_list>
<bind>
<opcode="add(8) " fcode="add"/>
<opset="i_3/1 "/>
</bind>
</comp>

<comp id="151" class="1004" name="cntr_3_fu_151">
<pin_list>
<pin id="152" dir="0" index="0" bw="2" slack="0"/>
<pin id="153" dir="0" index="1" bw="1" slack="0"/>
<pin id="154" dir="1" index="2" bw="2" slack="0"/>
</pin_list>
<bind>
<opcode="add(8) " fcode="add"/>
<opset="cntr_3/1 "/>
</bind>
</comp>

<comp id="157" class="1004" name="store_ln138_store_fu_157">
<pin_list>
<pin id="158" dir="0" index="0" bw="3" slack="0"/>
<pin id="159" dir="0" index="1" bw="3" slack="0"/>
<pin id="160" dir="1" index="2" bw="0" slack="2147483647"/>
</pin_list>
<bind>
<opcode="store(28) " fcode="store"/>
<opset="store_ln138/1 "/>
</bind>
</comp>

<comp id="162" class="1004" name="store_ln138_store_fu_162">
<pin_list>
<pin id="163" dir="0" index="0" bw="2" slack="0"/>
<pin id="164" dir="0" index="1" bw="2" slack="0"/>
<pin id="165" dir="1" index="2" bw="0" slack="2147483647"/>
</pin_list>
<bind>
<opcode="store(28) " fcode="store"/>
<opset="store_ln138/1 "/>
</bind>
</comp>

<comp id="167" class="1004" name="neust_1_load_load_fu_167">
<pin_list>
<pin id="168" dir="0" index="0" bw="16" slack="1"/>
<pin id="169" dir="1" index="1" bw="16" slack="0"/>
</pin_list>
<bind>
<opcode="load(27) " fcode="load"/>
<opset="neust_1_load/2 "/>
</bind>
</comp>

<comp id="170" class="1004" name="neust_1_1_load_load_fu_170">
<pin_list>
<pin id="171" dir="0" index="0" bw="16" slack="1"/>
<pin id="172" dir="1" index="1" bw="16" slack="0"/>
</pin_list>
<bind>
<opcode="load(27) " fcode="load"/>
<opset="neust_1_1_load/2 "/>
</bind>
</comp>

<comp id="173" class="1004" name="neust_1_2_load_load_fu_173">
<pin_list>
<pin id="174" dir="0" index="0" bw="16" slack="1"/>
<pin id="175" dir="1" index="1" bw="16" slack="0"/>
</pin_list>
<bind>
<opcode="load(27) " fcode="load"/>
<opset="neust_1_2_load/2 "/>
</bind>
</comp>

<comp id="176" class="1004" name="neust_1_3_load_load_fu_176">
<pin_list>
<pin id="177" dir="0" index="0" bw="16" slack="1"/>
<pin id="178" dir="1" index="1" bw="16" slack="0"/>
</pin_list>
<bind>
<opcode="load(27) " fcode="load"/>
<opset="neust_1_3_load/2 "/>
</bind>
</comp>

<comp id="179" class="1004" name="temp_fu_179">
<pin_list>
<pin id="180" dir="0" index="0" bw="16" slack="0"/>
<pin id="181" dir="0" index="1" bw="16" slack="0"/>
<pin id="182" dir="0" index="2" bw="16" slack="0"/>
<pin id="183" dir="0" index="3" bw="16" slack="0"/>
<pin id="184" dir="0" index="4" bw="16" slack="0"/>
<pin id="185" dir="0" index="5" bw="2" slack="1"/>
<pin id="186" dir="1" index="6" bw="16" slack="0"/>
</pin_list>
<bind>
<opcode="mux(1196) " fcode="mux"/>
<opset="temp/2 "/>
</bind>
</comp>

<comp id="192" class="1004" name="trunc_ln2_fu_192">
<pin_list>
<pin id="193" dir="0" index="0" bw="12" slack="0"/>
<pin id="194" dir="0" index="1" bw="16" slack="0"/>
<pin id="195" dir="0" index="2" bw="3" slack="0"/>
<pin id="196" dir="0" index="3" bw="5" slack="0"/>
<pin id="197" dir="1" index="4" bw="12" slack="0"/>
</pin_list>
<bind>
<opcode="partselect(1002) " fcode="partselect"/>
<opset="trunc_ln2/2 "/>
</bind>
</comp>

<comp id="202" class="1004" name="sext_ln193_fu_202">
<pin_list>
<pin id="203" dir="0" index="0" bw="12" slack="0"/>
<pin id="204" dir="1" index="1" bw="16" slack="0"/>
</pin_list>
<bind>
<opcode="sext(35) " fcode="sext"/>
<opset="sext_ln193/2 "/>
</bind>
</comp>

<comp id="206" class="1004" name="select_ln202_fu_206">
<pin_list>
<pin id="207" dir="0" index="0" bw="1" slack="0"/>
<pin id="208" dir="0" index="1" bw="2" slack="1"/>
<pin id="209" dir="0" index="2" bw="2" slack="0"/>
<pin id="210" dir="1" index="3" bw="2" slack="0"/>
</pin_list>
<bind>
<opcode="select(49) " fcode="select"/>
<opset="select_ln202/2 "/>
</bind>
</comp>

<comp id="213" class="1004" name="shl_ln_fu_213">
<pin_list>
<pin id="214" dir="0" index="0" bw="10" slack="0"/>
<pin id="215" dir="0" index="1" bw="2" slack="0"/>
<pin id="216" dir="0" index="2" bw="1" slack="0"/>
<pin id="217" dir="1" index="3" bw="10" slack="0"/>
</pin_list>
<bind>
<opcode="bitconcatenate(1004) " fcode="bitconcatenate"/>
<opset="shl_ln/2 "/>
</bind>
</comp>

<comp id="221" class="1004" name="zext_ln220_fu_221">
<pin_list>
<pin id="222" dir="0" index="0" bw="10" slack="0"/>
<pin id="223" dir="1" index="1" bw="16" slack="0"/>
</pin_list>
<bind>
<opcode="zext(34) " fcode="zext"/>
<opset="zext_ln220/2 "/>
</bind>
</comp>

<comp id="225" class="1004" name="temp_1_fu_225">
<pin_list>
<pin id="226" dir="0" index="0" bw="10" slack="0"/>
<pin id="227" dir="0" index="1" bw="12" slack="0"/>
<pin id="228" dir="1" index="2" bw="16" slack="0"/>
</pin_list>
<bind>
<opcode="sub(10) " fcode="sub"/>
<opset="temp_1/2 "/>
</bind>
</comp>

<comp id="231" class="1004" name="newSecond_fu_231">
<pin_list>
<pin id="232" dir="0" index="0" bw="16" slack="0"/>
<pin id="233" dir="0" index="1" bw="14" slack="0"/>
<pin id="234" dir="1" index="2" bw="16" slack="0"/>
</pin_list>
<bind>
<opcode="add(8) " fcode="add"/>
<opset="newSecond/2 "/>
</bind>
</comp>

<comp id="237" class="1004" name="outElem_fu_237">
<pin_list>
<pin id="238" dir="0" index="0" bw="16" slack="0"/>
<pin id="239" dir="0" index="1" bw="16" slack="0"/>
<pin id="240" dir="1" index="2" bw="1" slack="0"/>
</pin_list>
<bind>
<opcode="icmp(45) " fcode="icmp"/>
<opset="outElem/2 "/>
</bind>
</comp>

<comp id="244" class="1004" name="neust_1_5_fu_244">
<pin_list>
<pin id="245" dir="0" index="0" bw="1" slack="0"/>
<pin id="246" dir="0" index="1" bw="16" slack="0"/>
<pin id="247" dir="0" index="2" bw="16" slack="0"/>
<pin id="248" dir="1" index="3" bw="16" slack="0"/>
</pin_list>
<bind>
<opcode="select(49) " fcode="select"/>
<opset="neust_1_5/2 "/>
</bind>
</comp>

<comp id="252" class="1004" name="store_ln252_store_fu_252">
<pin_list>
<pin id="253" dir="0" index="0" bw="16" slack="0"/>
<pin id="254" dir="0" index="1" bw="16" slack="1"/>
<pin id="255" dir="1" index="2" bw="0" slack="2147483647"/>
</pin_list>
<bind>
<opcode="store(28) " fcode="store"/>
<opset="store_ln252/2 "/>
</bind>
</comp>

<comp id="257" class="1004" name="store_ln252_store_fu_257">
<pin_list>
<pin id="258" dir="0" index="0" bw="16" slack="0"/>
<pin id="259" dir="0" index="1" bw="16" slack="1"/>
<pin id="260" dir="1" index="2" bw="0" slack="2147483647"/>
</pin_list>
<bind>
<opcode="store(28) " fcode="store"/>
<opset="store_ln252/2 "/>
</bind>
</comp>

<comp id="262" class="1004" name="store_ln252_store_fu_262">
<pin_list>
<pin id="263" dir="0" index="0" bw="16" slack="0"/>
<pin id="264" dir="0" index="1" bw="16" slack="1"/>
<pin id="265" dir="1" index="2" bw="0" slack="2147483647"/>
</pin_list>
<bind>
<opcode="store(28) " fcode="store"/>
<opset="store_ln252/2 "/>
</bind>
</comp>

<comp id="267" class="1004" name="store_ln252_store_fu_267">
<pin_list>
<pin id="268" dir="0" index="0" bw="16" slack="0"/>
<pin id="269" dir="0" index="1" bw="16" slack="1"/>
<pin id="270" dir="1" index="2" bw="0" slack="2147483647"/>
</pin_list>
<bind>
<opcode="store(28) " fcode="store"/>
<opset="store_ln252/2 "/>
</bind>
</comp>

<comp id="272" class="1005" name="cntr_reg_272">
<pin_list>
<pin id="273" dir="0" index="0" bw="2" slack="0"/>
<pin id="274" dir="1" index="1" bw="2" slack="0"/>
</pin_list>
<bind>
<opset="cntr "/>
</bind>
</comp>

<comp id="279" class="1005" name="i_2_reg_279">
<pin_list>
<pin id="280" dir="0" index="0" bw="3" slack="0"/>
<pin id="281" dir="1" index="1" bw="3" slack="0"/>
</pin_list>
<bind>
<opset="i_2 "/>
</bind>
</comp>

<comp id="286" class="1005" name="neust_1_reg_286">
<pin_list>
<pin id="287" dir="0" index="0" bw="16" slack="0"/>
<pin id="288" dir="1" index="1" bw="16" slack="0"/>
</pin_list>
<bind>
<opset="neust_1 "/>
</bind>
</comp>

<comp id="293" class="1005" name="neust_1_1_reg_293">
<pin_list>
<pin id="294" dir="0" index="0" bw="16" slack="0"/>
<pin id="295" dir="1" index="1" bw="16" slack="0"/>
</pin_list>
<bind>
<opset="neust_1_1 "/>
</bind>
</comp>

<comp id="300" class="1005" name="neust_1_2_reg_300">
<pin_list>
<pin id="301" dir="0" index="0" bw="16" slack="0"/>
<pin id="302" dir="1" index="1" bw="16" slack="0"/>
</pin_list>
<bind>
<opset="neust_1_2 "/>
</bind>
</comp>

<comp id="307" class="1005" name="neust_1_3_reg_307">
<pin_list>
<pin id="308" dir="0" index="0" bw="16" slack="0"/>
<pin id="309" dir="1" index="1" bw="16" slack="0"/>
</pin_list>
<bind>
<opset="neust_1_3 "/>
</bind>
</comp>

<comp id="314" class="1005" name="temp_4_read_reg_314">
<pin_list>
<pin id="315" dir="0" index="0" bw="2" slack="1"/>
<pin id="316" dir="1" index="1" bw="2" slack="1"/>
</pin_list>
<bind>
<opset="temp_4_read "/>
</bind>
</comp>

<comp id="319" class="1005" name="cntr_2_reg_319">
<pin_list>
<pin id="320" dir="0" index="0" bw="2" slack="1"/>
<pin id="321" dir="1" index="1" bw="2" slack="1"/>
</pin_list>
<bind>
<opset="cntr_2 "/>
</bind>
</comp>

</comp_list>

<net_list>
<net id="63"><net_src comp="6" pin="0"/><net_sink comp="60" pin=0"/></net>

<net id="67"><net_src comp="6" pin="0"/><net_sink comp="64" pin=0"/></net>

<net id="71"><net_src comp="6" pin="0"/><net_sink comp="68" pin=0"/></net>

<net id="75"><net_src comp="6" pin="0"/><net_sink comp="72" pin=0"/></net>

<net id="79"><net_src comp="6" pin="0"/><net_sink comp="76" pin=0"/></net>

<net id="83"><net_src comp="6" pin="0"/><net_sink comp="80" pin=0"/></net>

<net id="88"><net_src comp="18" pin="0"/><net_sink comp="84" pin=0"/></net>

<net id="89"><net_src comp="4" pin="0"/><net_sink comp="84" pin=1"/></net>

<net id="94"><net_src comp="42" pin="0"/><net_sink comp="90" pin=0"/></net>

<net id="95"><net_src comp="2" pin="0"/><net_sink comp="90" pin=1"/></net>

<net id="101"><net_src comp="58" pin="0"/><net_sink comp="96" pin=0"/></net>

<net id="102"><net_src comp="0" pin="0"/><net_sink comp="96" pin=1"/></net>

<net id="107"><net_src comp="20" pin="0"/><net_sink comp="103" pin=0"/></net>

<net id="112"><net_src comp="20" pin="0"/><net_sink comp="108" pin=0"/></net>

<net id="117"><net_src comp="20" pin="0"/><net_sink comp="113" pin=0"/></net>

<net id="122"><net_src comp="20" pin="0"/><net_sink comp="118" pin=0"/></net>

<net id="127"><net_src comp="22" pin="0"/><net_sink comp="123" pin=0"/></net>

<net id="132"><net_src comp="24" pin="0"/><net_sink comp="128" pin=0"/></net>

<net id="143"><net_src comp="136" pin="1"/><net_sink comp="139" pin=0"/></net>

<net id="144"><net_src comp="26" pin="0"/><net_sink comp="139" pin=1"/></net>

<net id="149"><net_src comp="136" pin="1"/><net_sink comp="145" pin=0"/></net>

<net id="150"><net_src comp="28" pin="0"/><net_sink comp="145" pin=1"/></net>

<net id="155"><net_src comp="133" pin="1"/><net_sink comp="151" pin=0"/></net>

<net id="156"><net_src comp="30" pin="0"/><net_sink comp="151" pin=1"/></net>

<net id="161"><net_src comp="145" pin="2"/><net_sink comp="157" pin=0"/></net>

<net id="166"><net_src comp="151" pin="2"/><net_sink comp="162" pin=0"/></net>

<net id="187"><net_src comp="44" pin="0"/><net_sink comp="179" pin=0"/></net>

<net id="188"><net_src comp="167" pin="1"/><net_sink comp="179" pin=1"/></net>

<net id="189"><net_src comp="170" pin="1"/><net_sink comp="179" pin=2"/></net>

<net id="190"><net_src comp="173" pin="1"/><net_sink comp="179" pin=3"/></net>

<net id="191"><net_src comp="176" pin="1"/><net_sink comp="179" pin=4"/></net>

<net id="198"><net_src comp="46" pin="0"/><net_sink comp="192" pin=0"/></net>

<net id="199"><net_src comp="179" pin="6"/><net_sink comp="192" pin=1"/></net>

<net id="200"><net_src comp="48" pin="0"/><net_sink comp="192" pin=2"/></net>

<net id="201"><net_src comp="50" pin="0"/><net_sink comp="192" pin=3"/></net>

<net id="205"><net_src comp="192" pin="4"/><net_sink comp="202" pin=0"/></net>

<net id="211"><net_src comp="90" pin="2"/><net_sink comp="206" pin=0"/></net>

<net id="212"><net_src comp="24" pin="0"/><net_sink comp="206" pin=2"/></net>

<net id="218"><net_src comp="52" pin="0"/><net_sink comp="213" pin=0"/></net>

<net id="219"><net_src comp="206" pin="3"/><net_sink comp="213" pin=1"/></net>

<net id="220"><net_src comp="54" pin="0"/><net_sink comp="213" pin=2"/></net>

<net id="224"><net_src comp="213" pin="3"/><net_sink comp="221" pin=0"/></net>

<net id="229"><net_src comp="221" pin="1"/><net_sink comp="225" pin=0"/></net>

<net id="230"><net_src comp="202" pin="1"/><net_sink comp="225" pin=1"/></net>

<net id="235"><net_src comp="179" pin="6"/><net_sink comp="231" pin=0"/></net>

<net id="236"><net_src comp="225" pin="2"/><net_sink comp="231" pin=1"/></net>

<net id="241"><net_src comp="231" pin="2"/><net_sink comp="237" pin=0"/></net>

<net id="242"><net_src comp="20" pin="0"/><net_sink comp="237" pin=1"/></net>

<net id="243"><net_src comp="237" pin="2"/><net_sink comp="96" pin=2"/></net>

<net id="249"><net_src comp="237" pin="2"/><net_sink comp="244" pin=0"/></net>

<net id="250"><net_src comp="20" pin="0"/><net_sink comp="244" pin=1"/></net>

<net id="251"><net_src comp="231" pin="2"/><net_sink comp="244" pin=2"/></net>

<net id="256"><net_src comp="244" pin="3"/><net_sink comp="252" pin=0"/></net>

<net id="261"><net_src comp="244" pin="3"/><net_sink comp="257" pin=0"/></net>

<net id="266"><net_src comp="244" pin="3"/><net_sink comp="262" pin=0"/></net>

<net id="271"><net_src comp="244" pin="3"/><net_sink comp="267" pin=0"/></net>

<net id="275"><net_src comp="60" pin="1"/><net_sink comp="272" pin=0"/></net>

<net id="276"><net_src comp="272" pin="1"/><net_sink comp="128" pin=1"/></net>

<net id="277"><net_src comp="272" pin="1"/><net_sink comp="133" pin=0"/></net>

<net id="278"><net_src comp="272" pin="1"/><net_sink comp="162" pin=1"/></net>

<net id="282"><net_src comp="64" pin="1"/><net_sink comp="279" pin=0"/></net>

<net id="283"><net_src comp="279" pin="1"/><net_sink comp="123" pin=1"/></net>

<net id="284"><net_src comp="279" pin="1"/><net_sink comp="136" pin=0"/></net>

<net id="285"><net_src comp="279" pin="1"/><net_sink comp="157" pin=1"/></net>

<net id="289"><net_src comp="68" pin="1"/><net_sink comp="286" pin=0"/></net>

<net id="290"><net_src comp="286" pin="1"/><net_sink comp="118" pin=1"/></net>

<net id="291"><net_src comp="286" pin="1"/><net_sink comp="167" pin=0"/></net>

<net id="292"><net_src comp="286" pin="1"/><net_sink comp="262" pin=1"/></net>

<net id="296"><net_src comp="72" pin="1"/><net_sink comp="293" pin=0"/></net>

<net id="297"><net_src comp="293" pin="1"/><net_sink comp="113" pin=1"/></net>

<net id="298"><net_src comp="293" pin="1"/><net_sink comp="170" pin=0"/></net>

<net id="299"><net_src comp="293" pin="1"/><net_sink comp="257" pin=1"/></net>

<net id="303"><net_src comp="76" pin="1"/><net_sink comp="300" pin=0"/></net>

<net id="304"><net_src comp="300" pin="1"/><net_sink comp="108" pin=1"/></net>

<net id="305"><net_src comp="300" pin="1"/><net_sink comp="173" pin=0"/></net>

<net id="306"><net_src comp="300" pin="1"/><net_sink comp="252" pin=1"/></net>

<net id="310"><net_src comp="80" pin="1"/><net_sink comp="307" pin=0"/></net>

<net id="311"><net_src comp="307" pin="1"/><net_sink comp="103" pin=1"/></net>

<net id="312"><net_src comp="307" pin="1"/><net_sink comp="176" pin=0"/></net>

<net id="313"><net_src comp="307" pin="1"/><net_sink comp="267" pin=1"/></net>

<net id="317"><net_src comp="84" pin="2"/><net_sink comp="314" pin=0"/></net>

<net id="318"><net_src comp="314" pin="1"/><net_sink comp="206" pin=1"/></net>

<net id="322"><net_src comp="133" pin="1"/><net_sink comp="319" pin=0"/></net>

<net id="323"><net_src comp="319" pin="1"/><net_sink comp="179" pin=5"/></net>

</net_list>

</model> 
---------------- Datapath Model END ------------------

* FSMD analyzer results:
  - Output states:
	Port: out_stream | {2 }
 - Input state : 
	Port: conv2x2_top_Pipeline_VITIS_LOOP_138_3 : convInp | {2 }
	Port: conv2x2_top_Pipeline_VITIS_LOOP_138_3 : temp_4 | {1 }
  - Chain level:
	State 1
		store_ln0 : 1
		store_ln0 : 1
		store_ln0 : 1
		store_ln0 : 1
		store_ln0 : 1
		store_ln0 : 1
		cntr_2 : 1
		i : 1
		icmp_ln138 : 2
		i_3 : 2
		br_ln138 : 3
		cntr_3 : 2
		store_ln138 : 3
		store_ln138 : 3
	State 2
		temp : 1
		trunc_ln2 : 2
		sext_ln193 : 3
		shl_ln : 1
		zext_ln220 : 2
		temp_1 : 3
		newSecond : 4
		outElem : 5
		neust_1_5 : 6
		store_ln252 : 7
		store_ln252 : 7
		store_ln252 : 7
		store_ln252 : 7
		write_ln266 : 6


============================================================
+ Verbose Summary: Datapath Resource usage 
============================================================

* Functional unit list:
|----------|-------------------------|---------|---------|
| Operation|     Functional Unit     |    FF   |   LUT   |
|----------|-------------------------|---------|---------|
|          |        i_3_fu_145       |    0    |    10   |
|    add   |      cntr_3_fu_151      |    0    |    9    |
|          |     newSecond_fu_231    |    0    |    16   |
|----------|-------------------------|---------|---------|
|   icmp   |    icmp_ln138_fu_139    |    0    |    10   |
|          |      outElem_fu_237     |    0    |    23   |
|----------|-------------------------|---------|---------|
|    mux   |       temp_fu_179       |    0    |    20   |
|----------|-------------------------|---------|---------|
|  select  |   select_ln202_fu_206   |    0    |    2    |
|          |     neust_1_5_fu_244    |    0    |    16   |
|----------|-------------------------|---------|---------|
|    sub   |      temp_1_fu_225      |    0    |    17   |
|----------|-------------------------|---------|---------|
|   read   |  temp_4_read_read_fu_84 |    0    |    0    |
|          |    inElem_read_fu_90    |    0    |    0    |
|----------|-------------------------|---------|---------|
|   write  | write_ln266_write_fu_96 |    0    |    0    |
|----------|-------------------------|---------|---------|
|partselect|     trunc_ln2_fu_192    |    0    |    0    |
|----------|-------------------------|---------|---------|
|   sext   |    sext_ln193_fu_202    |    0    |    0    |
|----------|-------------------------|---------|---------|
|bitconcatenate|      shl_ln_fu_213      |    0    |    0    |
|----------|-------------------------|---------|---------|
|   zext   |    zext_ln220_fu_221    |    0    |    0    |
|----------|-------------------------|---------|---------|
|   Total  |                         |    0    |   123   |
|----------|-------------------------|---------|---------|

Memories:
N/A

* Register list:
+-------------------+--------+
|                   |   FF   |
+-------------------+--------+
|   cntr_2_reg_319  |    2   |
|    cntr_reg_272   |    2   |
|    i_2_reg_279    |    3   |
| neust_1_1_reg_293 |   16   |
| neust_1_2_reg_300 |   16   |
| neust_1_3_reg_307 |   16   |
|  neust_1_reg_286  |   16   |
|temp_4_read_reg_314|    2   |
+-------------------+--------+
|       Total       |   73   |
+-------------------+--------+

* Multiplexer (MUX) list: 
|--------|------|------|------|--------|
|  Comp  |  Pin | Size |  BW  | S x BW |
|--------|------|------|------|--------|
|  Total |      |      |      |    0   |
|--------|------|------|------|--------|



* Summary:
+-----------+--------+--------+
|           |   FF   |   LUT  |
+-----------+--------+--------+
|  Function |    0   |   123  |
|   Memory  |    -   |    -   |
|Multiplexer|    -   |    -   |
|  Register |   73   |    -   |
+-----------+--------+--------+
|   Total   |   73   |   123  |
+-----------+--------+--------+
