

================================================================
== Vitis HLS Report for 'conv2x2_top_Pipeline_VITIS_LOOP_197_2'
================================================================
* Date:           Sun Apr 26 00:20:02 2026

* Version:        2023.1 (Build 3854077 on May  4 2023)
* Project:        conv2x2_prj
* Solution:       xcvu9p-flga2577-2-e (Vivado IP Flow Target)
* Product family: virtexuplus
* Target device:  xcvu9p-flga2577-2-e


================================================================
== Performance Estimates
================================================================
+ Timing: 
    * Summary: 
    +--------+----------+----------+------------+
    |  Clock |  Target  | Estimated| Uncertainty|
    +--------+----------+----------+------------+
    |ap_clk  |  10.00 ns|  2.407 ns|     2.70 ns|
    +--------+----------+----------+------------+

+ Latency: 
    * Summary: 
    +---------+---------+-----------+-----------+-----+-----+---------+
    |  Latency (cycles) |   Latency (absolute)  |  Interval | Pipeline|
    |   min   |   max   |    min    |    max    | min | max |   Type  |
    +---------+---------+-----------+-----------+-----+-----+---------+
    |        8|        8|  80.000 ns|  80.000 ns|    8|    8|       no|
    +---------+---------+-----------+-----------+-----+-----+---------+

    + Detail: 
        * Instance: 
        N/A

        * Loop: 
        +--------------------+---------+---------+----------+-----------+-----------+------+----------+
        |                    |  Latency (cycles) | Iteration|  Initiation Interval  | Trip |          |
        |      Loop Name     |   min   |   max   |  Latency |  achieved |   target  | Count| Pipelined|
        +--------------------+---------+---------+----------+-----------+-----------+------+----------+
        |- VITIS_LOOP_197_2  |        6|        6|         2|          1|          1|     6|       yes|
        +--------------------+---------+---------+----------+-----------+-----------+------+----------+

============================================================
+ Verbose Summary: Synthesis Manager
============================================================
InlineROM: 1
ExposeGlobal: 0
============================================================
+ Verbose Summary: CDFG Model
============================================================
IsTopModel: 0
ResetActiveHigh: 1
IsCombinational: 0
IsDatapathOnly: 0
HasWiredReturn: 1
HasMFsm: 2
HasVarLatency: 1
IsPipeline: 0
IsRtlPipelined: 0
IsInstanceOverlapped: 0
IsDontTouch: 0
HasImplIP: 0
IsGatedGlobalClock: 0

+ Individual pipeline summary: 
  * Pipeline-0: initiation interval (II) = 1, depth = 3


============================================================
+ Verbose Summary: Schedule
============================================================
* Number of FSM states : 3
* Pipeline : 1
  Pipeline-0 : II = 1, D = 3, States = { 1 2 3 }
* Dataflow Pipeline: 0

* FSM state transitions: 
1 --> 2 
2 --> 3 
3 --> 

* FSM state operations: 

State 1 <SV = 0> <Delay = 0.41>
ST_1 : Operation 5 [1/1] (0.00ns)   --->   "%inp = alloca i32 1"   --->   Operation 5 'alloca' 'inp' <Predicate = true> <Delay = 0.00>
ST_1 : Operation 6 [1/1] (0.00ns)   --->   "%i_1 = alloca i32 1"   --->   Operation 6 'alloca' 'i_1' <Predicate = true> <Delay = 0.00>
ST_1 : Operation 7 [1/1] (0.00ns)   --->   "%current_block_write = alloca i32 1"   --->   Operation 7 'alloca' 'current_block_write' <Predicate = true> <Delay = 0.00>
ST_1 : Operation 8 [1/1] (0.00ns)   --->   "%read_block = alloca i32 1"   --->   Operation 8 'alloca' 'read_block' <Predicate = true> <Delay = 0.00>
ST_1 : Operation 9 [1/1] (0.00ns)   --->   "%ofm_y = alloca i32 1"   --->   Operation 9 'alloca' 'ofm_y' <Predicate = true> <Delay = 0.00>
ST_1 : Operation 10 [1/1] (0.00ns)   --->   "%current_line_in_block = alloca i32 1"   --->   Operation 10 'alloca' 'current_line_in_block' <Predicate = true> <Delay = 0.00>
ST_1 : Operation 11 [1/1] (0.00ns)   --->   "%current_line = alloca i32 1"   --->   Operation 11 'alloca' 'current_line' <Predicate = true> <Delay = 0.00>
ST_1 : Operation 12 [1/1] (0.00ns)   --->   "%specmemcore_ln0 = specmemcore void @_ssdm_op_SpecMemCore, i1 %inputBuf, i64 666, i64 21, i64 18446744073709551615"   --->   Operation 12 'specmemcore' 'specmemcore_ln0' <Predicate = true> <Delay = 0.00>
ST_1 : Operation 13 [1/1] (0.00ns)   --->   "%specmemcore_ln0 = specmemcore void @_ssdm_op_SpecMemCore, i1 %inputBuf_1, i64 666, i64 21, i64 18446744073709551615"   --->   Operation 13 'specmemcore' 'specmemcore_ln0' <Predicate = true> <Delay = 0.00>
ST_1 : Operation 14 [1/1] (0.00ns)   --->   "%specinterface_ln0 = specinterface void @_ssdm_op_SpecInterface, i1 %in_stream, void @empty_4, i32 0, i32 0, void @empty_5, i32 0, i32 0, void @empty_5, void @empty_5, void @empty_5, i32 0, i32 0, i32 0, i32 0, void @empty_5, void @empty_5, i32 4294967295, i32 0"   --->   Operation 14 'specinterface' 'specinterface_ln0' <Predicate = true> <Delay = 0.00>
ST_1 : Operation 15 [1/1] (0.00ns)   --->   "%specinterface_ln0 = specinterface void @_ssdm_op_SpecInterface, i1 %convInp, void @empty_4, i32 0, i32 0, void @empty_5, i32 0, i32 0, void @empty_5, void @empty_5, void @empty_5, i32 0, i32 0, i32 0, i32 0, void @empty_5, void @empty_5, i32 4294967295, i32 0"   --->   Operation 15 'specinterface' 'specinterface_ln0' <Predicate = true> <Delay = 0.00>
ST_1 : Operation 16 [1/1] (0.41ns)   --->   "%store_ln0 = store i32 0, i32 %current_line"   --->   Operation 16 'store' 'store_ln0' <Predicate = true> <Delay = 0.41>
ST_1 : Operation 17 [1/1] (0.38ns)   --->   "%store_ln0 = store i32 0, i32 %current_line_in_block"   --->   Operation 17 'store' 'store_ln0' <Predicate = true> <Delay = 0.38>
ST_1 : Operation 18 [1/1] (0.38ns)   --->   "%store_ln0 = store i32 0, i32 %ofm_y"   --->   Operation 18 'store' 'store_ln0' <Predicate = true> <Delay = 0.38>
ST_1 : Operation 19 [1/1] (0.41ns)   --->   "%store_ln0 = store i32 0, i32 %read_block"   --->   Operation 19 'store' 'store_ln0' <Predicate = true> <Delay = 0.41>
ST_1 : Operation 20 [1/1] (0.41ns)   --->   "%store_ln0 = store i32 0, i32 %current_block_write"   --->   Operation 20 'store' 'store_ln0' <Predicate = true> <Delay = 0.41>
ST_1 : Operation 21 [1/1] (0.38ns)   --->   "%store_ln0 = store i3 0, i3 %i_1"   --->   Operation 21 'store' 'store_ln0' <Predicate = true> <Delay = 0.38>
ST_1 : Operation 22 [1/1] (0.41ns)   --->   "%store_ln0 = store i32 0, i32 %inp"   --->   Operation 22 'store' 'store_ln0' <Predicate = true> <Delay = 0.41>
ST_1 : Operation 23 [1/1] (0.00ns)   --->   "%br_ln0 = br void %for.body12.i"   --->   Operation 23 'br' 'br_ln0' <Predicate = true> <Delay = 0.00>

State 2 <SV = 1> <Delay = 2.40>
ST_2 : Operation 24 [1/1] (0.00ns)   --->   "%inp_1 = load i32 %inp" [/home/coder/Documents/s2n2/finn-hlslib-lif/slidingwindow.h:199->/home/coder/Documents/s2n2/finn-hlslib-lif/convlayer.h:120->/home/coder/Desktop/s2n2/convSNN/conv2x2_top.cpp:40]   --->   Operation 24 'load' 'inp_1' <Predicate = true> <Delay = 0.00>
ST_2 : Operation 25 [1/1] (0.00ns)   --->   "%i = load i3 %i_1" [/home/coder/Documents/s2n2/finn-hlslib-lif/slidingwindow.h:197->/home/coder/Documents/s2n2/finn-hlslib-lif/convlayer.h:120->/home/coder/Desktop/s2n2/convSNN/conv2x2_top.cpp:40]   --->   Operation 25 'load' 'i' <Predicate = true> <Delay = 0.00>
ST_2 : Operation 26 [1/1] (0.00ns)   --->   "%current_block_write_1 = load i32 %current_block_write" [/home/coder/Documents/s2n2/finn-hlslib-lif/slidingwindow.h:190->/home/coder/Documents/s2n2/finn-hlslib-lif/convlayer.h:120->/home/coder/Desktop/s2n2/convSNN/conv2x2_top.cpp:40]   --->   Operation 26 'load' 'current_block_write_1' <Predicate = true> <Delay = 0.00>
ST_2 : Operation 27 [1/1] (0.00ns)   --->   "%read_block_3 = load i32 %read_block" [/home/coder/Documents/s2n2/finn-hlslib-lif/slidingwindow.h:245->/home/coder/Documents/s2n2/finn-hlslib-lif/convlayer.h:120->/home/coder/Desktop/s2n2/convSNN/conv2x2_top.cpp:40]   --->   Operation 27 'load' 'read_block_3' <Predicate = true> <Delay = 0.00>
ST_2 : Operation 28 [1/1] (0.00ns)   --->   "%ofm_y_1 = load i32 %ofm_y" [/home/coder/Documents/s2n2/finn-hlslib-lif/slidingwindow.h:235->/home/coder/Documents/s2n2/finn-hlslib-lif/convlayer.h:120->/home/coder/Desktop/s2n2/convSNN/conv2x2_top.cpp:40]   --->   Operation 28 'load' 'ofm_y_1' <Predicate = true> <Delay = 0.00>
ST_2 : Operation 29 [1/1] (0.00ns)   --->   "%ofm_x_2 = load i32 %current_line_in_block" [/home/coder/Documents/s2n2/finn-hlslib-lif/slidingwindow.h:232->/home/coder/Documents/s2n2/finn-hlslib-lif/convlayer.h:120->/home/coder/Desktop/s2n2/convSNN/conv2x2_top.cpp:40]   --->   Operation 29 'load' 'ofm_x_2' <Predicate = true> <Delay = 0.00>
ST_2 : Operation 30 [1/1] (0.57ns)   --->   "%icmp_ln197 = icmp_eq  i3 %i, i3 6" [/home/coder/Documents/s2n2/finn-hlslib-lif/slidingwindow.h:197->/home/coder/Documents/s2n2/finn-hlslib-lif/convlayer.h:120->/home/coder/Desktop/s2n2/convSNN/conv2x2_top.cpp:40]   --->   Operation 30 'icmp' 'icmp_ln197' <Predicate = true> <Delay = 0.57> <CoreInst = "Cmp">   --->   Core 9 'Cmp' <Latency = 0> <II = 1> <Delay = 0.57> <FuncUnit> <Opcode : 'icmp'> <InPorts = 2> <OutPorts = 1>
ST_2 : Operation 31 [1/1] (0.57ns)   --->   "%i_3 = add i3 %i, i3 1" [/home/coder/Documents/s2n2/finn-hlslib-lif/slidingwindow.h:197->/home/coder/Documents/s2n2/finn-hlslib-lif/convlayer.h:120->/home/coder/Desktop/s2n2/convSNN/conv2x2_top.cpp:40]   --->   Operation 31 'add' 'i_3' <Predicate = true> <Delay = 0.57> <CoreInst = "Adder">   --->   Core 1 'Adder' <Latency = 0> <II = 1> <Delay = 0.57> <FuncUnit> <Opcode : 'add' 'sub'> <InPorts = 2> <OutPorts = 1>
ST_2 : Operation 32 [1/1] (0.00ns)   --->   "%br_ln197 = br i1 %icmp_ln197, void %for.body12.i.split, void %if.end.i.preheader.exitStub" [/home/coder/Documents/s2n2/finn-hlslib-lif/slidingwindow.h:197->/home/coder/Documents/s2n2/finn-hlslib-lif/convlayer.h:120->/home/coder/Desktop/s2n2/convSNN/conv2x2_top.cpp:40]   --->   Operation 32 'br' 'br_ln197' <Predicate = true> <Delay = 0.00>
ST_2 : Operation 33 [1/1] (0.00ns)   --->   "%specpipeline_ln198 = specpipeline void @_ssdm_op_SpecPipeline, i32 1, i32 0, i32 0, i32 0, void @empty_5" [/home/coder/Documents/s2n2/finn-hlslib-lif/slidingwindow.h:198->/home/coder/Documents/s2n2/finn-hlslib-lif/convlayer.h:120->/home/coder/Desktop/s2n2/convSNN/conv2x2_top.cpp:40]   --->   Operation 33 'specpipeline' 'specpipeline_ln198' <Predicate = (!icmp_ln197)> <Delay = 0.00>
ST_2 : Operation 34 [1/1] (0.00ns)   --->   "%speclooptripcount_ln190 = speclooptripcount void @_ssdm_op_SpecLoopTripCount, i64 6, i64 6, i64 6" [/home/coder/Documents/s2n2/finn-hlslib-lif/slidingwindow.h:190->/home/coder/Documents/s2n2/finn-hlslib-lif/convlayer.h:120->/home/coder/Desktop/s2n2/convSNN/conv2x2_top.cpp:40]   --->   Operation 34 'speclooptripcount' 'speclooptripcount_ln190' <Predicate = (!icmp_ln197)> <Delay = 0.00>
ST_2 : Operation 35 [1/1] (0.00ns)   --->   "%specloopname_ln197 = specloopname void @_ssdm_op_SpecLoopName, void @empty_0" [/home/coder/Documents/s2n2/finn-hlslib-lif/slidingwindow.h:197->/home/coder/Documents/s2n2/finn-hlslib-lif/convlayer.h:120->/home/coder/Desktop/s2n2/convSNN/conv2x2_top.cpp:40]   --->   Operation 35 'specloopname' 'specloopname_ln197' <Predicate = (!icmp_ln197)> <Delay = 0.00>
ST_2 : Operation 36 [1/1] (0.00ns)   --->   "%trunc_ln190 = trunc i32 %current_block_write_1" [/home/coder/Documents/s2n2/finn-hlslib-lif/slidingwindow.h:190->/home/coder/Documents/s2n2/finn-hlslib-lif/convlayer.h:120->/home/coder/Desktop/s2n2/convSNN/conv2x2_top.cpp:40]   --->   Operation 36 'trunc' 'trunc_ln190' <Predicate = (!icmp_ln197)> <Delay = 0.00>
ST_2 : Operation 37 [1/1] (0.00ns)   --->   "%tmp = partselect i31 @_ssdm_op_PartSelect.i31.i32.i32.i32, i32 %inp_1, i32 1, i32 31" [/home/coder/Documents/s2n2/finn-hlslib-lif/slidingwindow.h:199->/home/coder/Documents/s2n2/finn-hlslib-lif/convlayer.h:120->/home/coder/Desktop/s2n2/convSNN/conv2x2_top.cpp:40]   --->   Operation 37 'partselect' 'tmp' <Predicate = (!icmp_ln197)> <Delay = 0.00>
ST_2 : Operation 38 [1/1] (0.87ns)   --->   "%icmp_ln199 = icmp_eq  i31 %tmp, i31 0" [/home/coder/Documents/s2n2/finn-hlslib-lif/slidingwindow.h:199->/home/coder/Documents/s2n2/finn-hlslib-lif/convlayer.h:120->/home/coder/Desktop/s2n2/convSNN/conv2x2_top.cpp:40]   --->   Operation 38 'icmp' 'icmp_ln199' <Predicate = (!icmp_ln197)> <Delay = 0.87> <CoreInst = "Cmp">   --->   Core 9 'Cmp' <Latency = 0> <II = 1> <Delay = 0.87> <FuncUnit> <Opcode : 'icmp'> <InPorts = 2> <OutPorts = 1>
ST_2 : Operation 39 [1/1] (0.00ns)   --->   "%br_ln199 = br i1 %icmp_ln199, void %if.then25.i_ifconv, void %if.then.i" [/home/coder/Documents/s2n2/finn-hlslib-lif/slidingwindow.h:199->/home/coder/Documents/s2n2/finn-hlslib-lif/convlayer.h:120->/home/coder/Desktop/s2n2/convSNN/conv2x2_top.cpp:40]   --->   Operation 39 'br' 'br_ln199' <Predicate = (!icmp_ln197)> <Delay = 0.00>
ST_2 : Operation 40 [1/1] (0.88ns)   --->   "%current_block_read = add i32 %current_block_write_1, i32 1" [/home/coder/Documents/s2n2/finn-hlslib-lif/slidingwindow.h:216->/home/coder/Documents/s2n2/finn-hlslib-lif/convlayer.h:120->/home/coder/Desktop/s2n2/convSNN/conv2x2_top.cpp:40]   --->   Operation 40 'add' 'current_block_read' <Predicate = (!icmp_ln197 & !icmp_ln199)> <Delay = 0.88> <CoreInst = "Adder">   --->   Core 1 'Adder' <Latency = 0> <II = 1> <Delay = 0.88> <FuncUnit> <Opcode : 'add' 'sub'> <InPorts = 2> <OutPorts = 1>
ST_2 : Operation 41 [1/1] (0.00ns)   --->   "%zext_ln221 = zext i32 %ofm_x_2" [/home/coder/Documents/s2n2/finn-hlslib-lif/slidingwindow.h:221->/home/coder/Documents/s2n2/finn-hlslib-lif/convlayer.h:120->/home/coder/Desktop/s2n2/convSNN/conv2x2_top.cpp:40]   --->   Operation 41 'zext' 'zext_ln221' <Predicate = (!icmp_ln197 & !icmp_ln199)> <Delay = 0.00>
ST_2 : Operation 42 [1/1] (0.00ns)   --->   "%inputBuf_addr_1 = getelementptr i1 %inputBuf, i64 0, i64 %zext_ln221" [/home/coder/Documents/s2n2/finn-hlslib-lif/slidingwindow.h:221->/home/coder/Documents/s2n2/finn-hlslib-lif/convlayer.h:120->/home/coder/Desktop/s2n2/convSNN/conv2x2_top.cpp:40]   --->   Operation 42 'getelementptr' 'inputBuf_addr_1' <Predicate = (!icmp_ln197 & !icmp_ln199)> <Delay = 0.00>
ST_2 : Operation 43 [1/1] (0.00ns)   --->   "%inputBuf_1_addr_1 = getelementptr i1 %inputBuf_1, i64 0, i64 %zext_ln221" [/home/coder/Documents/s2n2/finn-hlslib-lif/slidingwindow.h:221->/home/coder/Documents/s2n2/finn-hlslib-lif/convlayer.h:120->/home/coder/Desktop/s2n2/convSNN/conv2x2_top.cpp:40]   --->   Operation 43 'getelementptr' 'inputBuf_1_addr_1' <Predicate = (!icmp_ln197 & !icmp_ln199)> <Delay = 0.00>
ST_2 : Operation 44 [2/2] (0.63ns)   --->   "%inputBuf_load = load i1 %inputBuf_addr_1" [/home/coder/Documents/s2n2/finn-hlslib-lif/slidingwindow.h:221->/home/coder/Documents/s2n2/finn-hlslib-lif/convlayer.h:120->/home/coder/Desktop/s2n2/convSNN/conv2x2_top.cpp:40]   --->   Operation 44 'load' 'inputBuf_load' <Predicate = (!icmp_ln197 & !icmp_ln199)> <Delay = 0.63> <CoreInst = "RAM_2P">   --->   Core 92 'RAM_2P' <Latency = 1> <II = 1> <Delay = 0.63> <Storage> <Opcode : 'load' 'store'> <Ports = 2> <Width = 1> <Depth = 2> <RAM>
ST_2 : Operation 45 [2/2] (0.63ns)   --->   "%inputBuf_1_load = load i1 %inputBuf_1_addr_1" [/home/coder/Documents/s2n2/finn-hlslib-lif/slidingwindow.h:221->/home/coder/Documents/s2n2/finn-hlslib-lif/convlayer.h:120->/home/coder/Desktop/s2n2/convSNN/conv2x2_top.cpp:40]   --->   Operation 45 'load' 'inputBuf_1_load' <Predicate = (!icmp_ln197 & !icmp_ln199)> <Delay = 0.63> <CoreInst = "RAM_2P">   --->   Core 92 'RAM_2P' <Latency = 1> <II = 1> <Delay = 0.63> <Storage> <Opcode : 'load' 'store'> <Ports = 2> <Width = 1> <Depth = 2> <RAM>
ST_2 : Operation 46 [1/1] (0.88ns)   --->   "%ofm_x = add i32 %ofm_x_2, i32 1" [/home/coder/Documents/s2n2/finn-hlslib-lif/slidingwindow.h:232->/home/coder/Documents/s2n2/finn-hlslib-lif/convlayer.h:120->/home/coder/Desktop/s2n2/convSNN/conv2x2_top.cpp:40]   --->   Operation 46 'add' 'ofm_x' <Predicate = (!icmp_ln197 & !icmp_ln199)> <Delay = 0.88> <CoreInst = "Adder">   --->   Core 1 'Adder' <Latency = 0> <II = 1> <Delay = 0.88> <FuncUnit> <Opcode : 'add' 'sub'> <InPorts = 2> <OutPorts = 1>
ST_2 : Operation 47 [1/1] (0.88ns)   --->   "%icmp_ln233 = icmp_eq  i32 %ofm_x, i32 2" [/home/coder/Documents/s2n2/finn-hlslib-lif/slidingwindow.h:233->/home/coder/Documents/s2n2/finn-hlslib-lif/convlayer.h:120->/home/coder/Desktop/s2n2/convSNN/conv2x2_top.cpp:40]   --->   Operation 47 'icmp' 'icmp_ln233' <Predicate = (!icmp_ln197 & !icmp_ln199)> <Delay = 0.88> <CoreInst = "Cmp">   --->   Core 9 'Cmp' <Latency = 0> <II = 1> <Delay = 0.88> <FuncUnit> <Opcode : 'icmp'> <InPorts = 2> <OutPorts = 1>
ST_2 : Operation 48 [1/1] (0.88ns)   --->   "%ofm_y_2 = add i32 %ofm_y_1, i32 1" [/home/coder/Documents/s2n2/finn-hlslib-lif/slidingwindow.h:235->/home/coder/Documents/s2n2/finn-hlslib-lif/convlayer.h:120->/home/coder/Desktop/s2n2/convSNN/conv2x2_top.cpp:40]   --->   Operation 48 'add' 'ofm_y_2' <Predicate = (!icmp_ln197 & !icmp_ln199)> <Delay = 0.88> <CoreInst = "Adder">   --->   Core 1 'Adder' <Latency = 0> <II = 1> <Delay = 0.88> <FuncUnit> <Opcode : 'add' 'sub'> <InPorts = 2> <OutPorts = 1>
ST_2 : Operation 49 [1/1] (0.88ns)   --->   "%icmp_ln236 = icmp_eq  i32 %ofm_y_2, i32 2" [/home/coder/Documents/s2n2/finn-hlslib-lif/slidingwindow.h:236->/home/coder/Documents/s2n2/finn-hlslib-lif/convlayer.h:120->/home/coder/Desktop/s2n2/convSNN/conv2x2_top.cpp:40]   --->   Operation 49 'icmp' 'icmp_ln236' <Predicate = (!icmp_ln197 & !icmp_ln199)> <Delay = 0.88> <CoreInst = "Cmp">   --->   Core 9 'Cmp' <Latency = 0> <II = 1> <Delay = 0.88> <FuncUnit> <Opcode : 'icmp'> <InPorts = 2> <OutPorts = 1>
ST_2 : Operation 50 [1/1] (0.00ns) (grouped into LUT with out node inp_3)   --->   "%inp_2 = select i1 %icmp_ln236, i32 0, i32 %inp_1" [/home/coder/Documents/s2n2/finn-hlslib-lif/slidingwindow.h:236->/home/coder/Documents/s2n2/finn-hlslib-lif/convlayer.h:120->/home/coder/Desktop/s2n2/convSNN/conv2x2_top.cpp:40]   --->   Operation 50 'select' 'inp_2' <Predicate = (!icmp_ln197 & !icmp_ln199)> <Delay = 0.00> <CoreInst = "Sel">   --->   Core 73 'Sel' <Latency = 0> <II = 1> <Delay = 0.22> <FuncUnit> <Opcode : 'select'> <InPorts = 3> <OutPorts = 1>
ST_2 : Operation 51 [1/1] (0.00ns) (grouped into LUT with out node ofm_y_4)   --->   "%ofm_y_3 = select i1 %icmp_ln236, i32 0, i32 %ofm_y_2" [/home/coder/Documents/s2n2/finn-hlslib-lif/slidingwindow.h:236->/home/coder/Documents/s2n2/finn-hlslib-lif/convlayer.h:120->/home/coder/Desktop/s2n2/convSNN/conv2x2_top.cpp:40]   --->   Operation 51 'select' 'ofm_y_3' <Predicate = (!icmp_ln197 & !icmp_ln199)> <Delay = 0.00> <CoreInst = "Sel">   --->   Core 73 'Sel' <Latency = 0> <II = 1> <Delay = 0.22> <FuncUnit> <Opcode : 'select'> <InPorts = 3> <OutPorts = 1>
ST_2 : Operation 52 [1/1] (0.22ns) (out node of the LUT)   --->   "%inp_3 = select i1 %icmp_ln233, i32 %inp_2, i32 %inp_1" [/home/coder/Documents/s2n2/finn-hlslib-lif/slidingwindow.h:233->/home/coder/Documents/s2n2/finn-hlslib-lif/convlayer.h:120->/home/coder/Desktop/s2n2/convSNN/conv2x2_top.cpp:40]   --->   Operation 52 'select' 'inp_3' <Predicate = (!icmp_ln197 & !icmp_ln199)> <Delay = 0.22> <CoreInst = "Sel">   --->   Core 73 'Sel' <Latency = 0> <II = 1> <Delay = 0.22> <FuncUnit> <Opcode : 'select'> <InPorts = 3> <OutPorts = 1>
ST_2 : Operation 53 [1/1] (0.22ns) (out node of the LUT)   --->   "%ofm_y_4 = select i1 %icmp_ln233, i32 %ofm_y_3, i32 %ofm_y_1" [/home/coder/Documents/s2n2/finn-hlslib-lif/slidingwindow.h:233->/home/coder/Documents/s2n2/finn-hlslib-lif/convlayer.h:120->/home/coder/Desktop/s2n2/convSNN/conv2x2_top.cpp:40]   --->   Operation 53 'select' 'ofm_y_4' <Predicate = (!icmp_ln197 & !icmp_ln199)> <Delay = 0.22> <CoreInst = "Sel">   --->   Core 73 'Sel' <Latency = 0> <II = 1> <Delay = 0.22> <FuncUnit> <Opcode : 'select'> <InPorts = 3> <OutPorts = 1>
ST_2 : Operation 54 [1/1] (0.22ns)   --->   "%ofm_x_1 = select i1 %icmp_ln233, i32 0, i32 %ofm_x" [/home/coder/Documents/s2n2/finn-hlslib-lif/slidingwindow.h:233->/home/coder/Documents/s2n2/finn-hlslib-lif/convlayer.h:120->/home/coder/Desktop/s2n2/convSNN/conv2x2_top.cpp:40]   --->   Operation 54 'select' 'ofm_x_1' <Predicate = (!icmp_ln197 & !icmp_ln199)> <Delay = 0.22> <CoreInst = "Sel">   --->   Core 73 'Sel' <Latency = 0> <II = 1> <Delay = 0.22> <FuncUnit> <Opcode : 'select'> <InPorts = 3> <OutPorts = 1>
ST_2 : Operation 55 [1/1] (0.00ns)   --->   "%tmp_1 = partselect i31 @_ssdm_op_PartSelect.i31.i32.i32.i32, i32 %read_block_3, i32 1, i32 31" [/home/coder/Documents/s2n2/finn-hlslib-lif/slidingwindow.h:245->/home/coder/Documents/s2n2/finn-hlslib-lif/convlayer.h:120->/home/coder/Desktop/s2n2/convSNN/conv2x2_top.cpp:40]   --->   Operation 55 'partselect' 'tmp_1' <Predicate = (!icmp_ln197 & !icmp_ln199)> <Delay = 0.00>
ST_2 : Operation 56 [1/1] (0.87ns)   --->   "%icmp_ln245 = icmp_eq  i31 %tmp_1, i31 0" [/home/coder/Documents/s2n2/finn-hlslib-lif/slidingwindow.h:245->/home/coder/Documents/s2n2/finn-hlslib-lif/convlayer.h:120->/home/coder/Desktop/s2n2/convSNN/conv2x2_top.cpp:40]   --->   Operation 56 'icmp' 'icmp_ln245' <Predicate = (!icmp_ln197 & !icmp_ln199)> <Delay = 0.87> <CoreInst = "Cmp">   --->   Core 9 'Cmp' <Latency = 0> <II = 1> <Delay = 0.87> <FuncUnit> <Opcode : 'icmp'> <InPorts = 2> <OutPorts = 1>
ST_2 : Operation 57 [1/1] (0.00ns)   --->   "%br_ln245 = br i1 %icmp_ln245, void %if.then25.i_ifconv.for.inc.i_crit_edge, void %if.then62.i" [/home/coder/Documents/s2n2/finn-hlslib-lif/slidingwindow.h:245->/home/coder/Documents/s2n2/finn-hlslib-lif/convlayer.h:120->/home/coder/Desktop/s2n2/convSNN/conv2x2_top.cpp:40]   --->   Operation 57 'br' 'br_ln245' <Predicate = (!icmp_ln197 & !icmp_ln199)> <Delay = 0.00>
ST_2 : Operation 58 [1/1] (0.38ns)   --->   "%store_ln245 = store i32 %ofm_x_1, i32 %current_line_in_block" [/home/coder/Documents/s2n2/finn-hlslib-lif/slidingwindow.h:245->/home/coder/Documents/s2n2/finn-hlslib-lif/convlayer.h:120->/home/coder/Desktop/s2n2/convSNN/conv2x2_top.cpp:40]   --->   Operation 58 'store' 'store_ln245' <Predicate = (!icmp_ln197 & !icmp_ln199 & !icmp_ln245)> <Delay = 0.38>
ST_2 : Operation 59 [1/1] (0.38ns)   --->   "%store_ln245 = store i32 %ofm_y_4, i32 %ofm_y" [/home/coder/Documents/s2n2/finn-hlslib-lif/slidingwindow.h:245->/home/coder/Documents/s2n2/finn-hlslib-lif/convlayer.h:120->/home/coder/Desktop/s2n2/convSNN/conv2x2_top.cpp:40]   --->   Operation 59 'store' 'store_ln245' <Predicate = (!icmp_ln197 & !icmp_ln199 & !icmp_ln245)> <Delay = 0.38>
ST_2 : Operation 60 [1/1] (0.41ns)   --->   "%store_ln245 = store i32 %inp_3, i32 %inp" [/home/coder/Documents/s2n2/finn-hlslib-lif/slidingwindow.h:245->/home/coder/Documents/s2n2/finn-hlslib-lif/convlayer.h:120->/home/coder/Desktop/s2n2/convSNN/conv2x2_top.cpp:40]   --->   Operation 60 'store' 'store_ln245' <Predicate = (!icmp_ln197 & !icmp_ln199 & !icmp_ln245)> <Delay = 0.41>
ST_2 : Operation 61 [1/1] (0.00ns)   --->   "%br_ln245 = br void %for.inc.i" [/home/coder/Documents/s2n2/finn-hlslib-lif/slidingwindow.h:245->/home/coder/Documents/s2n2/finn-hlslib-lif/convlayer.h:120->/home/coder/Desktop/s2n2/convSNN/conv2x2_top.cpp:40]   --->   Operation 61 'br' 'br_ln245' <Predicate = (!icmp_ln197 & !icmp_ln199 & !icmp_ln245)> <Delay = 0.00>
ST_2 : Operation 62 [1/1] (0.00ns)   --->   "%current_line_load_1 = load i32 %current_line" [/home/coder/Documents/s2n2/finn-hlslib-lif/slidingwindow.h:248->/home/coder/Documents/s2n2/finn-hlslib-lif/convlayer.h:120->/home/coder/Desktop/s2n2/convSNN/conv2x2_top.cpp:40]   --->   Operation 62 'load' 'current_line_load_1' <Predicate = (!icmp_ln197 & !icmp_ln199 & icmp_ln245)> <Delay = 0.00>
ST_2 : Operation 63 [1/1] (0.00ns)   --->   "%br_ln248 = br i1 %trunc_ln190, void %arrayidx681.i.case.0, void %arrayidx681.i.case.1" [/home/coder/Documents/s2n2/finn-hlslib-lif/slidingwindow.h:248->/home/coder/Documents/s2n2/finn-hlslib-lif/convlayer.h:120->/home/coder/Desktop/s2n2/convSNN/conv2x2_top.cpp:40]   --->   Operation 63 'br' 'br_ln248' <Predicate = (!icmp_ln197 & !icmp_ln199 & icmp_ln245)> <Delay = 0.00>
ST_2 : Operation 64 [1/1] (0.00ns)   --->   "%current_line_load_3 = load i32 %current_line" [/home/coder/Documents/s2n2/finn-hlslib-lif/slidingwindow.h:251->/home/coder/Documents/s2n2/finn-hlslib-lif/convlayer.h:120->/home/coder/Desktop/s2n2/convSNN/conv2x2_top.cpp:40]   --->   Operation 64 'load' 'current_line_load_3' <Predicate = (!icmp_ln197 & !icmp_ln199 & icmp_ln245)> <Delay = 0.00>
ST_2 : Operation 65 [1/1] (0.88ns)   --->   "%current_line_2 = add i32 %current_line_load_3, i32 1" [/home/coder/Documents/s2n2/finn-hlslib-lif/slidingwindow.h:251->/home/coder/Documents/s2n2/finn-hlslib-lif/convlayer.h:120->/home/coder/Desktop/s2n2/convSNN/conv2x2_top.cpp:40]   --->   Operation 65 'add' 'current_line_2' <Predicate = (!icmp_ln197 & !icmp_ln199 & icmp_ln245)> <Delay = 0.88> <CoreInst = "Adder">   --->   Core 1 'Adder' <Latency = 0> <II = 1> <Delay = 0.88> <FuncUnit> <Opcode : 'add' 'sub'> <InPorts = 2> <OutPorts = 1>
ST_2 : Operation 66 [1/1] (0.88ns)   --->   "%icmp_ln252 = icmp_eq  i32 %current_line_2, i32 2" [/home/coder/Documents/s2n2/finn-hlslib-lif/slidingwindow.h:252->/home/coder/Documents/s2n2/finn-hlslib-lif/convlayer.h:120->/home/coder/Desktop/s2n2/convSNN/conv2x2_top.cpp:40]   --->   Operation 66 'icmp' 'icmp_ln252' <Predicate = (!icmp_ln197 & !icmp_ln199 & icmp_ln245)> <Delay = 0.88> <CoreInst = "Cmp">   --->   Core 9 'Cmp' <Latency = 0> <II = 1> <Delay = 0.88> <FuncUnit> <Opcode : 'icmp'> <InPorts = 2> <OutPorts = 1>
ST_2 : Operation 67 [1/1] (0.00ns)   --->   "%br_ln252 = br i1 %icmp_ln252, void %arrayidx681.i.exit.for.inc.i_crit_edge, void %if.then71.i" [/home/coder/Documents/s2n2/finn-hlslib-lif/slidingwindow.h:252->/home/coder/Documents/s2n2/finn-hlslib-lif/convlayer.h:120->/home/coder/Desktop/s2n2/convSNN/conv2x2_top.cpp:40]   --->   Operation 67 'br' 'br_ln252' <Predicate = (!icmp_ln197 & !icmp_ln199 & icmp_ln245)> <Delay = 0.00>
ST_2 : Operation 68 [1/1] (0.41ns)   --->   "%store_ln252 = store i32 %current_line_2, i32 %current_line" [/home/coder/Documents/s2n2/finn-hlslib-lif/slidingwindow.h:252->/home/coder/Documents/s2n2/finn-hlslib-lif/convlayer.h:120->/home/coder/Desktop/s2n2/convSNN/conv2x2_top.cpp:40]   --->   Operation 68 'store' 'store_ln252' <Predicate = (!icmp_ln197 & !icmp_ln199 & icmp_ln245 & !icmp_ln252)> <Delay = 0.41>
ST_2 : Operation 69 [1/1] (0.38ns)   --->   "%store_ln252 = store i32 %ofm_x_1, i32 %current_line_in_block" [/home/coder/Documents/s2n2/finn-hlslib-lif/slidingwindow.h:252->/home/coder/Documents/s2n2/finn-hlslib-lif/convlayer.h:120->/home/coder/Desktop/s2n2/convSNN/conv2x2_top.cpp:40]   --->   Operation 69 'store' 'store_ln252' <Predicate = (!icmp_ln197 & !icmp_ln199 & icmp_ln245 & !icmp_ln252)> <Delay = 0.38>
ST_2 : Operation 70 [1/1] (0.38ns)   --->   "%store_ln252 = store i32 %ofm_y_4, i32 %ofm_y" [/home/coder/Documents/s2n2/finn-hlslib-lif/slidingwindow.h:252->/home/coder/Documents/s2n2/finn-hlslib-lif/convlayer.h:120->/home/coder/Desktop/s2n2/convSNN/conv2x2_top.cpp:40]   --->   Operation 70 'store' 'store_ln252' <Predicate = (!icmp_ln197 & !icmp_ln199 & icmp_ln245 & !icmp_ln252)> <Delay = 0.38>
ST_2 : Operation 71 [1/1] (0.41ns)   --->   "%store_ln252 = store i32 %inp_3, i32 %inp" [/home/coder/Documents/s2n2/finn-hlslib-lif/slidingwindow.h:252->/home/coder/Documents/s2n2/finn-hlslib-lif/convlayer.h:120->/home/coder/Desktop/s2n2/convSNN/conv2x2_top.cpp:40]   --->   Operation 71 'store' 'store_ln252' <Predicate = (!icmp_ln197 & !icmp_ln199 & icmp_ln245 & !icmp_ln252)> <Delay = 0.41>
ST_2 : Operation 72 [1/1] (0.00ns)   --->   "%br_ln252 = br void %for.inc.i" [/home/coder/Documents/s2n2/finn-hlslib-lif/slidingwindow.h:252->/home/coder/Documents/s2n2/finn-hlslib-lif/convlayer.h:120->/home/coder/Desktop/s2n2/convSNN/conv2x2_top.cpp:40]   --->   Operation 72 'br' 'br_ln252' <Predicate = (!icmp_ln197 & !icmp_ln199 & icmp_ln245 & !icmp_ln252)> <Delay = 0.00>
ST_2 : Operation 73 [1/1] (0.88ns)   --->   "%read_block_5 = add i32 %read_block_3, i32 1" [/home/coder/Documents/s2n2/finn-hlslib-lif/slidingwindow.h:255->/home/coder/Documents/s2n2/finn-hlslib-lif/convlayer.h:120->/home/coder/Desktop/s2n2/convSNN/conv2x2_top.cpp:40]   --->   Operation 73 'add' 'read_block_5' <Predicate = (!icmp_ln197 & !icmp_ln199 & icmp_ln245 & icmp_ln252)> <Delay = 0.88> <CoreInst = "Adder">   --->   Core 1 'Adder' <Latency = 0> <II = 1> <Delay = 0.88> <FuncUnit> <Opcode : 'add' 'sub'> <InPorts = 2> <OutPorts = 1>
ST_2 : Operation 74 [1/1] (0.88ns)   --->   "%icmp_ln257 = icmp_eq  i32 %current_block_read, i32 2" [/home/coder/Documents/s2n2/finn-hlslib-lif/slidingwindow.h:257->/home/coder/Documents/s2n2/finn-hlslib-lif/convlayer.h:120->/home/coder/Desktop/s2n2/convSNN/conv2x2_top.cpp:40]   --->   Operation 74 'icmp' 'icmp_ln257' <Predicate = (!icmp_ln197 & !icmp_ln199 & icmp_ln245 & icmp_ln252)> <Delay = 0.88> <CoreInst = "Cmp">   --->   Core 9 'Cmp' <Latency = 0> <II = 1> <Delay = 0.88> <FuncUnit> <Opcode : 'icmp'> <InPorts = 2> <OutPorts = 1>
ST_2 : Operation 75 [1/1] (0.22ns)   --->   "%current_block_write_5 = select i1 %icmp_ln257, i32 0, i32 %current_block_read" [/home/coder/Documents/s2n2/finn-hlslib-lif/slidingwindow.h:257->/home/coder/Documents/s2n2/finn-hlslib-lif/convlayer.h:120->/home/coder/Desktop/s2n2/convSNN/conv2x2_top.cpp:40]   --->   Operation 75 'select' 'current_block_write_5' <Predicate = (!icmp_ln197 & !icmp_ln199 & icmp_ln245 & icmp_ln252)> <Delay = 0.22> <CoreInst = "Sel">   --->   Core 73 'Sel' <Latency = 0> <II = 1> <Delay = 0.22> <FuncUnit> <Opcode : 'select'> <InPorts = 3> <OutPorts = 1>
ST_2 : Operation 76 [1/1] (0.41ns)   --->   "%store_ln261 = store i32 0, i32 %current_line" [/home/coder/Documents/s2n2/finn-hlslib-lif/slidingwindow.h:261->/home/coder/Documents/s2n2/finn-hlslib-lif/convlayer.h:120->/home/coder/Desktop/s2n2/convSNN/conv2x2_top.cpp:40]   --->   Operation 76 'store' 'store_ln261' <Predicate = (!icmp_ln197 & !icmp_ln199 & icmp_ln245 & icmp_ln252)> <Delay = 0.41>
ST_2 : Operation 77 [1/1] (0.38ns)   --->   "%store_ln261 = store i32 %ofm_x_1, i32 %current_line_in_block" [/home/coder/Documents/s2n2/finn-hlslib-lif/slidingwindow.h:261->/home/coder/Documents/s2n2/finn-hlslib-lif/convlayer.h:120->/home/coder/Desktop/s2n2/convSNN/conv2x2_top.cpp:40]   --->   Operation 77 'store' 'store_ln261' <Predicate = (!icmp_ln197 & !icmp_ln199 & icmp_ln245 & icmp_ln252)> <Delay = 0.38>
ST_2 : Operation 78 [1/1] (0.38ns)   --->   "%store_ln261 = store i32 %ofm_y_4, i32 %ofm_y" [/home/coder/Documents/s2n2/finn-hlslib-lif/slidingwindow.h:261->/home/coder/Documents/s2n2/finn-hlslib-lif/convlayer.h:120->/home/coder/Desktop/s2n2/convSNN/conv2x2_top.cpp:40]   --->   Operation 78 'store' 'store_ln261' <Predicate = (!icmp_ln197 & !icmp_ln199 & icmp_ln245 & icmp_ln252)> <Delay = 0.38>
ST_2 : Operation 79 [1/1] (0.41ns)   --->   "%store_ln261 = store i32 %read_block_5, i32 %read_block" [/home/coder/Documents/s2n2/finn-hlslib-lif/slidingwindow.h:261->/home/coder/Documents/s2n2/finn-hlslib-lif/convlayer.h:120->/home/coder/Desktop/s2n2/convSNN/conv2x2_top.cpp:40]   --->   Operation 79 'store' 'store_ln261' <Predicate = (!icmp_ln197 & !icmp_ln199 & icmp_ln245 & icmp_ln252)> <Delay = 0.41>
ST_2 : Operation 80 [1/1] (0.41ns)   --->   "%store_ln261 = store i32 %current_block_write_5, i32 %current_block_write" [/home/coder/Documents/s2n2/finn-hlslib-lif/slidingwindow.h:261->/home/coder/Documents/s2n2/finn-hlslib-lif/convlayer.h:120->/home/coder/Desktop/s2n2/convSNN/conv2x2_top.cpp:40]   --->   Operation 80 'store' 'store_ln261' <Predicate = (!icmp_ln197 & !icmp_ln199 & icmp_ln245 & icmp_ln252)> <Delay = 0.41>
ST_2 : Operation 81 [1/1] (0.41ns)   --->   "%store_ln261 = store i32 %inp_3, i32 %inp" [/home/coder/Documents/s2n2/finn-hlslib-lif/slidingwindow.h:261->/home/coder/Documents/s2n2/finn-hlslib-lif/convlayer.h:120->/home/coder/Desktop/s2n2/convSNN/conv2x2_top.cpp:40]   --->   Operation 81 'store' 'store_ln261' <Predicate = (!icmp_ln197 & !icmp_ln199 & icmp_ln245 & icmp_ln252)> <Delay = 0.41>
ST_2 : Operation 82 [1/1] (0.00ns)   --->   "%br_ln261 = br void %for.inc.i" [/home/coder/Documents/s2n2/finn-hlslib-lif/slidingwindow.h:261->/home/coder/Documents/s2n2/finn-hlslib-lif/convlayer.h:120->/home/coder/Desktop/s2n2/convSNN/conv2x2_top.cpp:40]   --->   Operation 82 'br' 'br_ln261' <Predicate = (!icmp_ln197 & !icmp_ln199 & icmp_ln245 & icmp_ln252)> <Delay = 0.00>
ST_2 : Operation 83 [1/1] (0.00ns)   --->   "%current_line_load = load i32 %current_line" [/home/coder/Documents/s2n2/finn-hlslib-lif/slidingwindow.h:202->/home/coder/Documents/s2n2/finn-hlslib-lif/convlayer.h:120->/home/coder/Desktop/s2n2/convSNN/conv2x2_top.cpp:40]   --->   Operation 83 'load' 'current_line_load' <Predicate = (!icmp_ln197 & icmp_ln199)> <Delay = 0.00>
ST_2 : Operation 84 [1/1] (0.00ns)   --->   "%br_ln202 = br i1 %trunc_ln190, void %arrayidx153.i.case.0, void %arrayidx153.i.case.1" [/home/coder/Documents/s2n2/finn-hlslib-lif/slidingwindow.h:202->/home/coder/Documents/s2n2/finn-hlslib-lif/convlayer.h:120->/home/coder/Desktop/s2n2/convSNN/conv2x2_top.cpp:40]   --->   Operation 84 'br' 'br_ln202' <Predicate = (!icmp_ln197 & icmp_ln199)> <Delay = 0.00>
ST_2 : Operation 85 [1/1] (0.00ns)   --->   "%current_line_load_2 = load i32 %current_line" [/home/coder/Documents/s2n2/finn-hlslib-lif/slidingwindow.h:203->/home/coder/Documents/s2n2/finn-hlslib-lif/convlayer.h:120->/home/coder/Desktop/s2n2/convSNN/conv2x2_top.cpp:40]   --->   Operation 85 'load' 'current_line_load_2' <Predicate = (!icmp_ln197 & icmp_ln199)> <Delay = 0.00>
ST_2 : Operation 86 [1/1] (0.88ns)   --->   "%current_line_1 = add i32 %current_line_load_2, i32 1" [/home/coder/Documents/s2n2/finn-hlslib-lif/slidingwindow.h:203->/home/coder/Documents/s2n2/finn-hlslib-lif/convlayer.h:120->/home/coder/Desktop/s2n2/convSNN/conv2x2_top.cpp:40]   --->   Operation 86 'add' 'current_line_1' <Predicate = (!icmp_ln197 & icmp_ln199)> <Delay = 0.88> <CoreInst = "Adder">   --->   Core 1 'Adder' <Latency = 0> <II = 1> <Delay = 0.88> <FuncUnit> <Opcode : 'add' 'sub'> <InPorts = 2> <OutPorts = 1>
ST_2 : Operation 87 [1/1] (0.88ns)   --->   "%inp_4 = add i32 %inp_1, i32 1" [/home/coder/Documents/s2n2/finn-hlslib-lif/slidingwindow.h:204->/home/coder/Documents/s2n2/finn-hlslib-lif/convlayer.h:120->/home/coder/Desktop/s2n2/convSNN/conv2x2_top.cpp:40]   --->   Operation 87 'add' 'inp_4' <Predicate = (!icmp_ln197 & icmp_ln199)> <Delay = 0.88> <CoreInst = "Adder">   --->   Core 1 'Adder' <Latency = 0> <II = 1> <Delay = 0.88> <FuncUnit> <Opcode : 'add' 'sub'> <InPorts = 2> <OutPorts = 1>
ST_2 : Operation 88 [1/1] (0.88ns)   --->   "%icmp_ln205 = icmp_eq  i32 %current_line_1, i32 2" [/home/coder/Documents/s2n2/finn-hlslib-lif/slidingwindow.h:205->/home/coder/Documents/s2n2/finn-hlslib-lif/convlayer.h:120->/home/coder/Desktop/s2n2/convSNN/conv2x2_top.cpp:40]   --->   Operation 88 'icmp' 'icmp_ln205' <Predicate = (!icmp_ln197 & icmp_ln199)> <Delay = 0.88> <CoreInst = "Cmp">   --->   Core 9 'Cmp' <Latency = 0> <II = 1> <Delay = 0.88> <FuncUnit> <Opcode : 'icmp'> <InPorts = 2> <OutPorts = 1>
ST_2 : Operation 89 [1/1] (0.41ns)   --->   "%store_ln205 = store i32 %inp_4, i32 %inp" [/home/coder/Documents/s2n2/finn-hlslib-lif/slidingwindow.h:205->/home/coder/Documents/s2n2/finn-hlslib-lif/convlayer.h:120->/home/coder/Desktop/s2n2/convSNN/conv2x2_top.cpp:40]   --->   Operation 89 'store' 'store_ln205' <Predicate = (!icmp_ln197 & icmp_ln199)> <Delay = 0.41>
ST_2 : Operation 90 [1/1] (0.00ns)   --->   "%br_ln205 = br i1 %icmp_ln205, void %arrayidx153.i.exit.for.inc.i_crit_edge, void %if.then18.i" [/home/coder/Documents/s2n2/finn-hlslib-lif/slidingwindow.h:205->/home/coder/Documents/s2n2/finn-hlslib-lif/convlayer.h:120->/home/coder/Desktop/s2n2/convSNN/conv2x2_top.cpp:40]   --->   Operation 90 'br' 'br_ln205' <Predicate = (!icmp_ln197 & icmp_ln199)> <Delay = 0.00>
ST_2 : Operation 91 [1/1] (0.41ns)   --->   "%store_ln205 = store i32 %current_line_1, i32 %current_line" [/home/coder/Documents/s2n2/finn-hlslib-lif/slidingwindow.h:205->/home/coder/Documents/s2n2/finn-hlslib-lif/convlayer.h:120->/home/coder/Desktop/s2n2/convSNN/conv2x2_top.cpp:40]   --->   Operation 91 'store' 'store_ln205' <Predicate = (!icmp_ln197 & icmp_ln199 & !icmp_ln205)> <Delay = 0.41>
ST_2 : Operation 92 [1/1] (0.00ns)   --->   "%br_ln205 = br void %for.inc.i" [/home/coder/Documents/s2n2/finn-hlslib-lif/slidingwindow.h:205->/home/coder/Documents/s2n2/finn-hlslib-lif/convlayer.h:120->/home/coder/Desktop/s2n2/convSNN/conv2x2_top.cpp:40]   --->   Operation 92 'br' 'br_ln205' <Predicate = (!icmp_ln197 & icmp_ln199 & !icmp_ln205)> <Delay = 0.00>
ST_2 : Operation 93 [1/1] (0.88ns)   --->   "%current_block_write_2 = add i32 %current_block_write_1, i32 1" [/home/coder/Documents/s2n2/finn-hlslib-lif/slidingwindow.h:207->/home/coder/Documents/s2n2/finn-hlslib-lif/convlayer.h:120->/home/coder/Desktop/s2n2/convSNN/conv2x2_top.cpp:40]   --->   Operation 93 'add' 'current_block_write_2' <Predicate = (!icmp_ln197 & icmp_ln199 & icmp_ln205)> <Delay = 0.88> <CoreInst = "Adder">   --->   Core 1 'Adder' <Latency = 0> <II = 1> <Delay = 0.88> <FuncUnit> <Opcode : 'add' 'sub'> <InPorts = 2> <OutPorts = 1>
ST_2 : Operation 94 [1/1] (0.88ns)   --->   "%icmp_ln208 = icmp_eq  i32 %current_block_write_2, i32 2" [/home/coder/Documents/s2n2/finn-hlslib-lif/slidingwindow.h:208->/home/coder/Documents/s2n2/finn-hlslib-lif/convlayer.h:120->/home/coder/Desktop/s2n2/convSNN/conv2x2_top.cpp:40]   --->   Operation 94 'icmp' 'icmp_ln208' <Predicate = (!icmp_ln197 & icmp_ln199 & icmp_ln205)> <Delay = 0.88> <CoreInst = "Cmp">   --->   Core 9 'Cmp' <Latency = 0> <II = 1> <Delay = 0.88> <FuncUnit> <Opcode : 'icmp'> <InPorts = 2> <OutPorts = 1>
ST_2 : Operation 95 [1/1] (0.22ns)   --->   "%current_block_write_3 = select i1 %icmp_ln208, i32 0, i32 %current_block_write_2" [/home/coder/Documents/s2n2/finn-hlslib-lif/slidingwindow.h:208->/home/coder/Documents/s2n2/finn-hlslib-lif/convlayer.h:120->/home/coder/Desktop/s2n2/convSNN/conv2x2_top.cpp:40]   --->   Operation 95 'select' 'current_block_write_3' <Predicate = (!icmp_ln197 & icmp_ln199 & icmp_ln205)> <Delay = 0.22> <CoreInst = "Sel">   --->   Core 73 'Sel' <Latency = 0> <II = 1> <Delay = 0.22> <FuncUnit> <Opcode : 'select'> <InPorts = 3> <OutPorts = 1>
ST_2 : Operation 96 [1/1] (0.88ns)   --->   "%read_block_4 = add i32 %read_block_3, i32 1" [/home/coder/Documents/s2n2/finn-hlslib-lif/slidingwindow.h:211->/home/coder/Documents/s2n2/finn-hlslib-lif/convlayer.h:120->/home/coder/Desktop/s2n2/convSNN/conv2x2_top.cpp:40]   --->   Operation 96 'add' 'read_block_4' <Predicate = (!icmp_ln197 & icmp_ln199 & icmp_ln205)> <Delay = 0.88> <CoreInst = "Adder">   --->   Core 1 'Adder' <Latency = 0> <II = 1> <Delay = 0.88> <FuncUnit> <Opcode : 'add' 'sub'> <InPorts = 2> <OutPorts = 1>
ST_2 : Operation 97 [1/1] (0.41ns)   --->   "%store_ln213 = store i32 0, i32 %current_line" [/home/coder/Documents/s2n2/finn-hlslib-lif/slidingwindow.h:213->/home/coder/Documents/s2n2/finn-hlslib-lif/convlayer.h:120->/home/coder/Desktop/s2n2/convSNN/conv2x2_top.cpp:40]   --->   Operation 97 'store' 'store_ln213' <Predicate = (!icmp_ln197 & icmp_ln199 & icmp_ln205)> <Delay = 0.41>
ST_2 : Operation 98 [1/1] (0.41ns)   --->   "%store_ln213 = store i32 %read_block_4, i32 %read_block" [/home/coder/Documents/s2n2/finn-hlslib-lif/slidingwindow.h:213->/home/coder/Documents/s2n2/finn-hlslib-lif/convlayer.h:120->/home/coder/Desktop/s2n2/convSNN/conv2x2_top.cpp:40]   --->   Operation 98 'store' 'store_ln213' <Predicate = (!icmp_ln197 & icmp_ln199 & icmp_ln205)> <Delay = 0.41>
ST_2 : Operation 99 [1/1] (0.41ns)   --->   "%store_ln213 = store i32 %current_block_write_3, i32 %current_block_write" [/home/coder/Documents/s2n2/finn-hlslib-lif/slidingwindow.h:213->/home/coder/Documents/s2n2/finn-hlslib-lif/convlayer.h:120->/home/coder/Desktop/s2n2/convSNN/conv2x2_top.cpp:40]   --->   Operation 99 'store' 'store_ln213' <Predicate = (!icmp_ln197 & icmp_ln199 & icmp_ln205)> <Delay = 0.41>
ST_2 : Operation 100 [1/1] (0.00ns)   --->   "%br_ln213 = br void %for.inc.i" [/home/coder/Documents/s2n2/finn-hlslib-lif/slidingwindow.h:213->/home/coder/Documents/s2n2/finn-hlslib-lif/convlayer.h:120->/home/coder/Desktop/s2n2/convSNN/conv2x2_top.cpp:40]   --->   Operation 100 'br' 'br_ln213' <Predicate = (!icmp_ln197 & icmp_ln199 & icmp_ln205)> <Delay = 0.00>
ST_2 : Operation 101 [1/1] (0.38ns)   --->   "%store_ln197 = store i3 %i_3, i3 %i_1" [/home/coder/Documents/s2n2/finn-hlslib-lif/slidingwindow.h:197->/home/coder/Documents/s2n2/finn-hlslib-lif/convlayer.h:120->/home/coder/Desktop/s2n2/convSNN/conv2x2_top.cpp:40]   --->   Operation 101 'store' 'store_ln197' <Predicate = (!icmp_ln197)> <Delay = 0.38>
ST_2 : Operation 102 [1/1] (0.00ns)   --->   "%br_ln197 = br void %for.body12.i" [/home/coder/Documents/s2n2/finn-hlslib-lif/slidingwindow.h:197->/home/coder/Documents/s2n2/finn-hlslib-lif/convlayer.h:120->/home/coder/Desktop/s2n2/convSNN/conv2x2_top.cpp:40]   --->   Operation 102 'br' 'br_ln197' <Predicate = (!icmp_ln197)> <Delay = 0.00>
ST_2 : Operation 124 [1/1] (0.00ns)   --->   "%ret_ln0 = ret"   --->   Operation 124 'ret' 'ret_ln0' <Predicate = (icmp_ln197)> <Delay = 0.00>

State 3 <SV = 2> <Delay = 2.13>
ST_3 : Operation 103 [1/1] (0.12ns)   --->   "%xor_ln216 = xor i1 %trunc_ln190, i1 1" [/home/coder/Documents/s2n2/finn-hlslib-lif/slidingwindow.h:216->/home/coder/Documents/s2n2/finn-hlslib-lif/convlayer.h:120->/home/coder/Desktop/s2n2/convSNN/conv2x2_top.cpp:40]   --->   Operation 103 'xor' 'xor_ln216' <Predicate = (!icmp_ln199)> <Delay = 0.12> <CoreInst = "LogicGate">   --->   Core 74 'LogicGate' <Latency = 0> <II = 1> <Delay = 0.12> <FuncUnit> <Opcode : 'and' 'or' 'xor'> <InPorts = 2> <OutPorts = 1>
ST_3 : Operation 104 [1/2] (0.63ns)   --->   "%inputBuf_load = load i1 %inputBuf_addr_1" [/home/coder/Documents/s2n2/finn-hlslib-lif/slidingwindow.h:221->/home/coder/Documents/s2n2/finn-hlslib-lif/convlayer.h:120->/home/coder/Desktop/s2n2/convSNN/conv2x2_top.cpp:40]   --->   Operation 104 'load' 'inputBuf_load' <Predicate = (!icmp_ln199)> <Delay = 0.63> <CoreInst = "RAM_2P">   --->   Core 92 'RAM_2P' <Latency = 1> <II = 1> <Delay = 0.63> <Storage> <Opcode : 'load' 'store'> <Ports = 2> <Width = 1> <Depth = 2> <RAM>
ST_3 : Operation 105 [1/2] (0.63ns)   --->   "%inputBuf_1_load = load i1 %inputBuf_1_addr_1" [/home/coder/Documents/s2n2/finn-hlslib-lif/slidingwindow.h:221->/home/coder/Documents/s2n2/finn-hlslib-lif/convlayer.h:120->/home/coder/Desktop/s2n2/convSNN/conv2x2_top.cpp:40]   --->   Operation 105 'load' 'inputBuf_1_load' <Predicate = (!icmp_ln199)> <Delay = 0.63> <CoreInst = "RAM_2P">   --->   Core 92 'RAM_2P' <Latency = 1> <II = 1> <Delay = 0.63> <Storage> <Opcode : 'load' 'store'> <Ports = 2> <Width = 1> <Depth = 2> <RAM>
ST_3 : Operation 106 [1/1] (0.38ns)   --->   "%p_0 = mux i1 @_ssdm_op_Mux.ap_auto.2i1.i1, i1 %inputBuf_load, i1 %inputBuf_1_load, i1 %xor_ln216" [/home/coder/Documents/s2n2/finn-hlslib-lif/slidingwindow.h:221->/home/coder/Documents/s2n2/finn-hlslib-lif/convlayer.h:120->/home/coder/Desktop/s2n2/convSNN/conv2x2_top.cpp:40]   --->   Operation 106 'mux' 'p_0' <Predicate = (!icmp_ln199)> <Delay = 0.38> <CoreInst = "Multiplexer">   --->   Core 76 'Multiplexer' <Latency = 0> <II = 1> <Delay = 0.38> <FuncUnit> <Opcode : 'mux'> <InPorts = 2> <OutPorts = 1>
ST_3 : Operation 107 [1/1] (1.10ns)   --->   "%write_ln222 = write void @_ssdm_op_Write.ap_fifo.volatile.i1P0A, i1 %convInp, i1 %p_0" [/home/coder/Documents/s2n2/finn-hlslib-lif/slidingwindow.h:222->/home/coder/Documents/s2n2/finn-hlslib-lif/convlayer.h:120->/home/coder/Desktop/s2n2/convSNN/conv2x2_top.cpp:40]   --->   Operation 107 'write' 'write_ln222' <Predicate = (!icmp_ln199)> <Delay = 1.10> <CoreInst = "FIFO_SRL">   --->   Core 81 'FIFO_SRL' <Latency = 0> <II = 1> <Delay = 1.10> <Storage> <Opcode : 'read' 'write' 'nbread' 'nbwrite'> <Ports = 0> <Width = 1> <Depth = 1024> <FIFO>
ST_3 : Operation 108 [1/1] (1.48ns)   --->   "%inElem_1 = read i1 @_ssdm_op_Read.ap_fifo.volatile.i1P0A, i1 %in_stream" [/home/coder/Documents/s2n2/finn-hlslib-lif/slidingwindow.h:247->/home/coder/Documents/s2n2/finn-hlslib-lif/convlayer.h:120->/home/coder/Desktop/s2n2/convSNN/conv2x2_top.cpp:40]   --->   Operation 108 'read' 'inElem_1' <Predicate = (!icmp_ln199 & icmp_ln245)> <Delay = 1.48> <CoreInst = "FIFO_SRL">   --->   Core 81 'FIFO_SRL' <Latency = 0> <II = 1> <Delay = 1.48> <Storage> <Opcode : 'read' 'write' 'nbread' 'nbwrite'> <Ports = 0> <Width = 1> <Depth = 16> <FIFO>
ST_3 : Operation 109 [1/1] (0.00ns)   --->   "%zext_ln248 = zext i32 %current_line_load_1" [/home/coder/Documents/s2n2/finn-hlslib-lif/slidingwindow.h:248->/home/coder/Documents/s2n2/finn-hlslib-lif/convlayer.h:120->/home/coder/Desktop/s2n2/convSNN/conv2x2_top.cpp:40]   --->   Operation 109 'zext' 'zext_ln248' <Predicate = (!icmp_ln199 & icmp_ln245)> <Delay = 0.00>
ST_3 : Operation 110 [1/1] (0.00ns)   --->   "%inputBuf_addr_2 = getelementptr i1 %inputBuf, i64 0, i64 %zext_ln248" [/home/coder/Documents/s2n2/finn-hlslib-lif/slidingwindow.h:248->/home/coder/Documents/s2n2/finn-hlslib-lif/convlayer.h:120->/home/coder/Desktop/s2n2/convSNN/conv2x2_top.cpp:40]   --->   Operation 110 'getelementptr' 'inputBuf_addr_2' <Predicate = (!icmp_ln199 & icmp_ln245)> <Delay = 0.00>
ST_3 : Operation 111 [1/1] (0.00ns)   --->   "%inputBuf_1_addr_2 = getelementptr i1 %inputBuf_1, i64 0, i64 %zext_ln248" [/home/coder/Documents/s2n2/finn-hlslib-lif/slidingwindow.h:248->/home/coder/Documents/s2n2/finn-hlslib-lif/convlayer.h:120->/home/coder/Desktop/s2n2/convSNN/conv2x2_top.cpp:40]   --->   Operation 111 'getelementptr' 'inputBuf_1_addr_2' <Predicate = (!icmp_ln199 & icmp_ln245)> <Delay = 0.00>
ST_3 : Operation 112 [1/1] (0.63ns)   --->   "%store_ln248 = store i1 %inElem_1, i1 %inputBuf_addr_2" [/home/coder/Documents/s2n2/finn-hlslib-lif/slidingwindow.h:248->/home/coder/Documents/s2n2/finn-hlslib-lif/convlayer.h:120->/home/coder/Desktop/s2n2/convSNN/conv2x2_top.cpp:40]   --->   Operation 112 'store' 'store_ln248' <Predicate = (!icmp_ln199 & icmp_ln245 & !trunc_ln190)> <Delay = 0.63> <CoreInst = "RAM_2P">   --->   Core 92 'RAM_2P' <Latency = 1> <II = 1> <Delay = 0.63> <Storage> <Opcode : 'load' 'store'> <Ports = 2> <Width = 1> <Depth = 2> <RAM>
ST_3 : Operation 113 [1/1] (0.00ns)   --->   "%br_ln248 = br void %arrayidx681.i.exit" [/home/coder/Documents/s2n2/finn-hlslib-lif/slidingwindow.h:248->/home/coder/Documents/s2n2/finn-hlslib-lif/convlayer.h:120->/home/coder/Desktop/s2n2/convSNN/conv2x2_top.cpp:40]   --->   Operation 113 'br' 'br_ln248' <Predicate = (!icmp_ln199 & icmp_ln245 & !trunc_ln190)> <Delay = 0.00>
ST_3 : Operation 114 [1/1] (0.63ns)   --->   "%store_ln248 = store i1 %inElem_1, i1 %inputBuf_1_addr_2" [/home/coder/Documents/s2n2/finn-hlslib-lif/slidingwindow.h:248->/home/coder/Documents/s2n2/finn-hlslib-lif/convlayer.h:120->/home/coder/Desktop/s2n2/convSNN/conv2x2_top.cpp:40]   --->   Operation 114 'store' 'store_ln248' <Predicate = (!icmp_ln199 & icmp_ln245 & trunc_ln190)> <Delay = 0.63> <CoreInst = "RAM_2P">   --->   Core 92 'RAM_2P' <Latency = 1> <II = 1> <Delay = 0.63> <Storage> <Opcode : 'load' 'store'> <Ports = 2> <Width = 1> <Depth = 2> <RAM>
ST_3 : Operation 115 [1/1] (0.00ns)   --->   "%br_ln248 = br void %arrayidx681.i.exit" [/home/coder/Documents/s2n2/finn-hlslib-lif/slidingwindow.h:248->/home/coder/Documents/s2n2/finn-hlslib-lif/convlayer.h:120->/home/coder/Desktop/s2n2/convSNN/conv2x2_top.cpp:40]   --->   Operation 115 'br' 'br_ln248' <Predicate = (!icmp_ln199 & icmp_ln245 & trunc_ln190)> <Delay = 0.00>
ST_3 : Operation 116 [1/1] (1.48ns)   --->   "%inElem = read i1 @_ssdm_op_Read.ap_fifo.volatile.i1P0A, i1 %in_stream" [/home/coder/Documents/s2n2/finn-hlslib-lif/slidingwindow.h:201->/home/coder/Documents/s2n2/finn-hlslib-lif/convlayer.h:120->/home/coder/Desktop/s2n2/convSNN/conv2x2_top.cpp:40]   --->   Operation 116 'read' 'inElem' <Predicate = (icmp_ln199)> <Delay = 1.48> <CoreInst = "FIFO_SRL">   --->   Core 81 'FIFO_SRL' <Latency = 0> <II = 1> <Delay = 1.48> <Storage> <Opcode : 'read' 'write' 'nbread' 'nbwrite'> <Ports = 0> <Width = 1> <Depth = 16> <FIFO>
ST_3 : Operation 117 [1/1] (0.00ns)   --->   "%zext_ln202 = zext i32 %current_line_load" [/home/coder/Documents/s2n2/finn-hlslib-lif/slidingwindow.h:202->/home/coder/Documents/s2n2/finn-hlslib-lif/convlayer.h:120->/home/coder/Desktop/s2n2/convSNN/conv2x2_top.cpp:40]   --->   Operation 117 'zext' 'zext_ln202' <Predicate = (icmp_ln199)> <Delay = 0.00>
ST_3 : Operation 118 [1/1] (0.00ns)   --->   "%inputBuf_addr = getelementptr i1 %inputBuf, i64 0, i64 %zext_ln202" [/home/coder/Documents/s2n2/finn-hlslib-lif/slidingwindow.h:202->/home/coder/Documents/s2n2/finn-hlslib-lif/convlayer.h:120->/home/coder/Desktop/s2n2/convSNN/conv2x2_top.cpp:40]   --->   Operation 118 'getelementptr' 'inputBuf_addr' <Predicate = (icmp_ln199)> <Delay = 0.00>
ST_3 : Operation 119 [1/1] (0.00ns)   --->   "%inputBuf_1_addr = getelementptr i1 %inputBuf_1, i64 0, i64 %zext_ln202" [/home/coder/Documents/s2n2/finn-hlslib-lif/slidingwindow.h:202->/home/coder/Documents/s2n2/finn-hlslib-lif/convlayer.h:120->/home/coder/Desktop/s2n2/convSNN/conv2x2_top.cpp:40]   --->   Operation 119 'getelementptr' 'inputBuf_1_addr' <Predicate = (icmp_ln199)> <Delay = 0.00>
ST_3 : Operation 120 [1/1] (0.63ns)   --->   "%store_ln202 = store i1 %inElem, i1 %inputBuf_addr" [/home/coder/Documents/s2n2/finn-hlslib-lif/slidingwindow.h:202->/home/coder/Documents/s2n2/finn-hlslib-lif/convlayer.h:120->/home/coder/Desktop/s2n2/convSNN/conv2x2_top.cpp:40]   --->   Operation 120 'store' 'store_ln202' <Predicate = (icmp_ln199 & !trunc_ln190)> <Delay = 0.63> <CoreInst = "RAM_2P">   --->   Core 92 'RAM_2P' <Latency = 1> <II = 1> <Delay = 0.63> <Storage> <Opcode : 'load' 'store'> <Ports = 2> <Width = 1> <Depth = 2> <RAM>
ST_3 : Operation 121 [1/1] (0.00ns)   --->   "%br_ln202 = br void %arrayidx153.i.exit" [/home/coder/Documents/s2n2/finn-hlslib-lif/slidingwindow.h:202->/home/coder/Documents/s2n2/finn-hlslib-lif/convlayer.h:120->/home/coder/Desktop/s2n2/convSNN/conv2x2_top.cpp:40]   --->   Operation 121 'br' 'br_ln202' <Predicate = (icmp_ln199 & !trunc_ln190)> <Delay = 0.00>
ST_3 : Operation 122 [1/1] (0.63ns)   --->   "%store_ln202 = store i1 %inElem, i1 %inputBuf_1_addr" [/home/coder/Documents/s2n2/finn-hlslib-lif/slidingwindow.h:202->/home/coder/Documents/s2n2/finn-hlslib-lif/convlayer.h:120->/home/coder/Desktop/s2n2/convSNN/conv2x2_top.cpp:40]   --->   Operation 122 'store' 'store_ln202' <Predicate = (icmp_ln199 & trunc_ln190)> <Delay = 0.63> <CoreInst = "RAM_2P">   --->   Core 92 'RAM_2P' <Latency = 1> <II = 1> <Delay = 0.63> <Storage> <Opcode : 'load' 'store'> <Ports = 2> <Width = 1> <Depth = 2> <RAM>
ST_3 : Operation 123 [1/1] (0.00ns)   --->   "%br_ln202 = br void %arrayidx153.i.exit" [/home/coder/Documents/s2n2/finn-hlslib-lif/slidingwindow.h:202->/home/coder/Documents/s2n2/finn-hlslib-lif/convlayer.h:120->/home/coder/Desktop/s2n2/convSNN/conv2x2_top.cpp:40]   --->   Operation 123 'br' 'br_ln202' <Predicate = (icmp_ln199 & trunc_ln190)> <Delay = 0.00>


============================================================
+ Verbose Summary: Timing violations
============================================================
Target clock period: 10.000ns, clock uncertainty: 2.700ns.

 <State 1>: 0.420ns
The critical path consists of the following:
	'alloca' operation ('current_line') [11]  (0.000 ns)
	'store' operation ('store_ln0') of constant 0 on local variable 'current_line' [16]  (0.420 ns)

 <State 2>: 2.407ns
The critical path consists of the following:
	'load' operation ('ofm_y', /home/coder/Documents/s2n2/finn-hlslib-lif/slidingwindow.h:235->/home/coder/Documents/s2n2/finn-hlslib-lif/convlayer.h:120->/home/coder/Desktop/s2n2/convSNN/conv2x2_top.cpp:40) on local variable 'ofm_y' [29]  (0.000 ns)
	'add' operation ('ofm_y', /home/coder/Documents/s2n2/finn-hlslib-lif/slidingwindow.h:235->/home/coder/Documents/s2n2/finn-hlslib-lif/convlayer.h:120->/home/coder/Desktop/s2n2/convSNN/conv2x2_top.cpp:40) [54]  (0.880 ns)
	'icmp' operation ('icmp_ln236', /home/coder/Documents/s2n2/finn-hlslib-lif/slidingwindow.h:236->/home/coder/Documents/s2n2/finn-hlslib-lif/convlayer.h:120->/home/coder/Desktop/s2n2/convSNN/conv2x2_top.cpp:40) [55]  (0.880 ns)
	'select' operation ('inp', /home/coder/Documents/s2n2/finn-hlslib-lif/slidingwindow.h:236->/home/coder/Documents/s2n2/finn-hlslib-lif/convlayer.h:120->/home/coder/Desktop/s2n2/convSNN/conv2x2_top.cpp:40) [56]  (0.000 ns)
	'select' operation ('inp', /home/coder/Documents/s2n2/finn-hlslib-lif/slidingwindow.h:233->/home/coder/Documents/s2n2/finn-hlslib-lif/convlayer.h:120->/home/coder/Desktop/s2n2/convSNN/conv2x2_top.cpp:40) [58]  (0.227 ns)
	'store' operation ('store_ln245', /home/coder/Documents/s2n2/finn-hlslib-lif/slidingwindow.h:245->/home/coder/Documents/s2n2/finn-hlslib-lif/convlayer.h:120->/home/coder/Desktop/s2n2/convSNN/conv2x2_top.cpp:40) of variable 'inp', /home/coder/Documents/s2n2/finn-hlslib-lif/slidingwindow.h:233->/home/coder/Documents/s2n2/finn-hlslib-lif/convlayer.h:120->/home/coder/Desktop/s2n2/convSNN/conv2x2_top.cpp:40 on local variable 'inp' [67]  (0.420 ns)

 <State 3>: 2.132ns
The critical path consists of the following:
	'load' operation ('inputBuf_load', /home/coder/Documents/s2n2/finn-hlslib-lif/slidingwindow.h:221->/home/coder/Documents/s2n2/finn-hlslib-lif/convlayer.h:120->/home/coder/Desktop/s2n2/convSNN/conv2x2_top.cpp:40) on array 'inputBuf' [48]  (0.639 ns)
	'mux' operation ('p_0', /home/coder/Documents/s2n2/finn-hlslib-lif/slidingwindow.h:221->/home/coder/Documents/s2n2/finn-hlslib-lif/convlayer.h:120->/home/coder/Desktop/s2n2/convSNN/conv2x2_top.cpp:40) [50]  (0.387 ns)
	fifo write operation ('write_ln222', /home/coder/Documents/s2n2/finn-hlslib-lif/slidingwindow.h:222->/home/coder/Documents/s2n2/finn-hlslib-lif/convlayer.h:120->/home/coder/Desktop/s2n2/convSNN/conv2x2_top.cpp:40) on port 'convInp' (/home/coder/Documents/s2n2/finn-hlslib-lif/slidingwindow.h:222->/home/coder/Documents/s2n2/finn-hlslib-lif/convlayer.h:120->/home/coder/Desktop/s2n2/convSNN/conv2x2_top.cpp:40) [51]  (1.106 ns)


============================================================
+ Verbose Summary: Binding
============================================================
N/A
* FSMD analyzer results:
  - Output states:
 - Input state : 
  - Chain level:
	State 1
	State 2
	State 3


============================================================
+ Verbose Summary: Datapath Resource usage 
============================================================
N/A
