

================================================================
== Vitis HLS Report for 'load_weights_once'
================================================================
* Date:           Thu Apr 23 02:33:05 2026

* Version:        2023.1 (Build 3854077 on May  4 2023)
* Project:        conv2x2_prj
* Solution:       xcvu9p-flga2577-2-e (Vivado IP Flow Target)
* Product family: virtexuplus
* Target device:  xcvu9p-flga2577-2-e


================================================================
== Performance Estimates
================================================================
+ Timing: 
    * Summary: 
    +--------+----------+----------+------------+
    |  Clock |  Target  | Estimated| Uncertainty|
    +--------+----------+----------+------------+
    |ap_clk  |  10.00 ns|      0 ns|     2.70 ns|
    +--------+----------+----------+------------+

+ Latency: 
    * Summary: 
    +---------+---------+----------+----------+-----+-----+---------+
    |  Latency (cycles) |  Latency (absolute) |  Interval | Pipeline|
    |   min   |   max   |    min   |    max   | min | max |   Type  |
    +---------+---------+----------+----------+-----+-----+---------+
    |        0|        0|      0 ns|      0 ns|    0|    0|       no|
    +---------+---------+----------+----------+-----+-----+---------+

    + Detail: 
        * Instance: 
        N/A

        * Loop: 
        N/A



================================================================
== Utilization Estimates
================================================================
* Summary: 
+---------------------+---------+------+---------+---------+-----+
|         Name        | BRAM_18K|  DSP |    FF   |   LUT   | URAM|
+---------------------+---------+------+---------+---------+-----+
|DSP                  |        -|     -|        -|        -|    -|
|Expression           |        -|     -|        -|        -|    -|
|FIFO                 |        -|     -|        -|        -|    -|
|Instance             |        -|     -|        -|        -|    -|
|Memory               |        -|     -|        -|        -|    -|
|Multiplexer          |        -|     -|        -|        -|    -|
|Register             |        -|     -|        2|        -|    -|
+---------------------+---------+------+---------+---------+-----+
|Total                |        0|     0|        2|        0|    0|
+---------------------+---------+------+---------+---------+-----+
|Available SLR        |     1440|  2280|   788160|   394080|  320|
+---------------------+---------+------+---------+---------+-----+
|Utilization SLR (%)  |        0|     0|       ~0|        0|    0|
+---------------------+---------+------+---------+---------+-----+
|Available            |     4320|  6840|  2364480|  1182240|  960|
+---------------------+---------+------+---------+---------+-----+
|Utilization (%)      |        0|     0|       ~0|        0|    0|
+---------------------+---------+------+---------+---------+-----+

+ Detail: 
    * Instance: 
    N/A

    * DSP: 
    N/A

    * Memory: 
    N/A

    * FIFO: 
    N/A

    * Expression: 
    N/A

    * Multiplexer: 
    N/A

    * Register: 
    +-----------+---+----+-----+-----------+
    |    Name   | FF| LUT| Bits| Const Bits|
    +-----------+---+----+-----+-----------+
    |ap_CS_fsm  |  1|   0|    1|          0|
    |loaded     |  1|   0|    1|          0|
    +-----------+---+----+-----+-----------+
    |Total      |  2|   0|    2|          0|
    +-----------+---+----+-----+-----------+



================================================================
== Interface
================================================================
* Summary: 
+-------------------------+-----+-----+------------+-------------------+--------------+
|        RTL Ports        | Dir | Bits|  Protocol  |   Source Object   |    C Type    |
+-------------------------+-----+-----+------------+-------------------+--------------+
|ap_clk                   |   in|    1|  ap_ctrl_hs|  load_weights_once|  return value|
|ap_rst                   |   in|    1|  ap_ctrl_hs|  load_weights_once|  return value|
|ap_start                 |   in|    1|  ap_ctrl_hs|  load_weights_once|  return value|
|ap_done                  |  out|    1|  ap_ctrl_hs|  load_weights_once|  return value|
|ap_idle                  |  out|    1|  ap_ctrl_hs|  load_weights_once|  return value|
|ap_ready                 |  out|    1|  ap_ctrl_hs|  load_weights_once|  return value|
|conv_weights_0_0         |  out|    2|      ap_vld|   conv_weights_0_0|       pointer|
|conv_weights_0_0_ap_vld  |  out|    1|      ap_vld|   conv_weights_0_0|       pointer|
+-------------------------+-----+-----+------------+-------------------+--------------+

============================================================
+ Verbose Summary: Synthesis Manager
============================================================
InlineROM: 1
ExposeGlobal: 0
============================================================
+ Verbose Summary: CDFG Model
============================================================
IsTopModel: 0
ResetActiveHigh: 1
IsCombinational: 2
IsDatapathOnly: 2
HasWiredReturn: 1
HasMFsm: 0
HasVarLatency: 0
IsPipeline: 0
IsRtlPipelined: 0
IsInstanceOverlapped: 0
IsDontTouch: 0
HasImplIP: 0
IsGatedGlobalClock: 0


============================================================
+ Verbose Summary: Schedule
============================================================
* Number of FSM states : 1
* Pipeline : 0
* Dataflow Pipeline: 0

* FSM state transitions: 
1 --> 

* FSM state operations: 

State 1 <SV = 0> <Delay = 0.00>
ST_1 : Operation 2 [1/1] (0.00ns)   --->   "%loaded_load = load i1 %loaded" [/home/coder/Desktop/s2n2/convSNN/conv2x2_top.cpp:31]   --->   Operation 2 'load' 'loaded_load' <Predicate = true> <Delay = 0.00>
ST_1 : Operation 3 [1/1] (0.00ns)   --->   "%br_ln31 = br i1 %loaded_load, void %if.end, void %return" [/home/coder/Desktop/s2n2/convSNN/conv2x2_top.cpp:31]   --->   Operation 3 'br' 'br_ln31' <Predicate = true> <Delay = 0.00>
ST_1 : Operation 4 [1/1] (0.00ns)   --->   "%store_ln33 = store i2 3, i2 %conv_weights_0_0" [/home/coder/Desktop/s2n2/convSNN/conv2x2_top.cpp:33]   --->   Operation 4 'store' 'store_ln33' <Predicate = (!loaded_load)> <Delay = 0.00>
ST_1 : Operation 5 [1/1] (0.00ns)   --->   "%store_ln41 = store i1 1, i1 %loaded" [/home/coder/Desktop/s2n2/convSNN/conv2x2_top.cpp:41]   --->   Operation 5 'store' 'store_ln41' <Predicate = (!loaded_load)> <Delay = 0.00>
ST_1 : Operation 6 [1/1] (0.00ns)   --->   "%br_ln42 = br void %return" [/home/coder/Desktop/s2n2/convSNN/conv2x2_top.cpp:42]   --->   Operation 6 'br' 'br_ln42' <Predicate = (!loaded_load)> <Delay = 0.00>
ST_1 : Operation 7 [1/1] (0.00ns)   --->   "%ret_ln42 = ret" [/home/coder/Desktop/s2n2/convSNN/conv2x2_top.cpp:42]   --->   Operation 7 'ret' 'ret_ln42' <Predicate = true> <Delay = 0.00>


============================================================
+ Verbose Summary: Binding
============================================================
STG Binding: 
---------------- STG Properties BEGIN ----------------
- Is combinational: 0
- Is one-state seq: 1
- Is datapath-only: 0
- Is pipelined: 0
- Is top level: 0
Port [ Return ] is wired: 1; IO mode=ap_ctrl_hs:ce=0
Port [ loaded]:  wired=0; compound=0; hidden=1; nouse=0; global=1; static=1; extern=0; dir=2; type=0; pingpong=0; private_global=1; IO mode=ap_ovld:ce=0
Port [ conv_weights_0_0]:  wired=1; compound=0; hidden=0; nouse=0; global=1; static=1; extern=0; dir=1; type=0; pingpong=0; private_global=0; IO mode=ap_vld:ce=0
---------------- STG Properties END ------------------

---------------- Datapath Model BEGIN ----------------

<LifeTime>
<method=bitvector/>
loaded_load (load ) [ 01]
br_ln31     (br   ) [ 00]
store_ln33  (store) [ 00]
store_ln41  (store) [ 00]
br_ln42     (br   ) [ 00]
ret_ln42    (ret  ) [ 00]
</LifeTime>

<model>

<comp_list>
<comp id="0" class="1000" name="loaded">
<pin_list>
<pin id="1" dir="1" index="0" bw="1" slack="0"/>
</pin_list>
<bind>
<StgValue><ssdm name="loaded"/></StgValue>
</bind>
</comp>

<comp id="2" class="1000" name="conv_weights_0_0">
<pin_list>
<pin id="3" dir="1" index="0" bw="1" slack="0"/>
</pin_list>
<bind>
<StgValue><ssdm name="conv_weights_0_0"/></StgValue>
</bind>
</comp>

<comp id="4" class="1001" name="const_4">
<pin_list>
<pin id="5" dir="1" index="0" bw="1" slack="0"/>
</pin_list>
<bind>
<StgValue><ssdm name=""/></StgValue>
</bind>
</comp>

<comp id="6" class="1001" name="const_6">
<pin_list>
<pin id="7" dir="1" index="0" bw="1" slack="0"/>
</pin_list>
<bind>
<StgValue><ssdm name=""/></StgValue>
</bind>
</comp>

<comp id="8" class="1004" name="loaded_load_load_fu_8">
<pin_list>
<pin id="9" dir="0" index="0" bw="1" slack="0"/>
<pin id="10" dir="1" index="1" bw="1" slack="2147483647"/>
</pin_list>
<bind>
<opcode="load(27) " fcode="load"/>
<opset="loaded_load/1 "/>
</bind>
</comp>

<comp id="12" class="1004" name="store_ln33_store_fu_12">
<pin_list>
<pin id="13" dir="0" index="0" bw="1" slack="0"/>
<pin id="14" dir="0" index="1" bw="2" slack="0"/>
<pin id="15" dir="1" index="2" bw="0" slack="2147483647"/>
</pin_list>
<bind>
<opcode="store(28) " fcode="store"/>
<opset="store_ln33/1 "/>
</bind>
</comp>

<comp id="18" class="1004" name="store_ln41_store_fu_18">
<pin_list>
<pin id="19" dir="0" index="0" bw="1" slack="0"/>
<pin id="20" dir="0" index="1" bw="1" slack="0"/>
<pin id="21" dir="1" index="2" bw="0" slack="2147483647"/>
</pin_list>
<bind>
<opcode="store(28) " fcode="store"/>
<opset="store_ln41/1 "/>
</bind>
</comp>

</comp_list>

<net_list>
<net id="11"><net_src comp="0" pin="0"/><net_sink comp="8" pin=0"/></net>

<net id="16"><net_src comp="4" pin="0"/><net_sink comp="12" pin=0"/></net>

<net id="17"><net_src comp="2" pin="0"/><net_sink comp="12" pin=1"/></net>

<net id="22"><net_src comp="6" pin="0"/><net_sink comp="18" pin=0"/></net>

<net id="23"><net_src comp="0" pin="0"/><net_sink comp="18" pin=1"/></net>

</net_list>

</model> 
---------------- Datapath Model END ------------------

* FSMD analyzer results:
  - Output states:
	Port: loaded | {1 }
	Port: conv_weights_0_0 | {1 }
 - Input state : 
	Port: load_weights_once : loaded | {1 }
	Port: load_weights_once : conv_weights_0_0 | {}
  - Chain level:
	State 1
		br_ln31 : 1


============================================================
+ Verbose Summary: Datapath Resource usage 
============================================================

* Functional unit list:
|----------|----------------|
| Operation| Functional Unit|
|----------|----------------|
|   Total  |                |
|----------|----------------|

Memories:
N/A

* Register list:
N/A

* Multiplexer (MUX) list: 
|--------|------|------|------|--------|
|  Comp  |  Pin | Size |  BW  | S x BW |
|--------|------|------|------|--------|
|  Total |      |      |      |    0   |
|--------|------|------|------|--------|



* Summary:
+-----------+
|           |
+-----------+
|  Function |
|   Memory  |
|Multiplexer|
|  Register |
+-----------+
|   Total   |
+-----------+
