INFO: [SIM 2] *************** CSIM start ***************
INFO: [SIM 4] CSIM will launch GCC as the compiler.
   Compiling ../../../../../conv1_tb.cpp in debug mode
   Compiling ../../../../../conv1_top.cpp in debug mode
   Generating csim.exe
Reading input file: /home/coder/Desktop/s2n2/convSNN/conv1_input_float.txt
Reading expected file: /home/coder/Desktop/s2n2/convSNN/conv1_expected_packed.txt
expected_input_words = 30
loaded_input_words   = 30
expected_output_words = 200
loaded_expected_output_words = 200
[TOP] Enter conv1_lif_top, numEvents=1
[TOP] Reading event 0
[TOP] x[0][0] = 0.185304
[TOP] x[0][1] = 0.373208
[TOP] x[0][2] = -1.1809
[TOP] x[1][0] = 0.00856868
[TOP] x[1][1] = 0.171962
[TOP] x[1][2] = 1.30216
[TOP] Starting timestep loop
[TOP] t=0 p=0 oc=0 prev_spk=0 mem_before=0 cur=0.073168 mem_after=0.073168 spike=0
[TOP] t=0 p=0 oc=1 prev_spk=0 mem_before=0 cur=-1.39526 mem_after=-1.39526 spike=0
[TOP] t=0 p=0 oc=2 prev_spk=0 mem_before=0 cur=0.88024 mem_after=0.88024 spike=0
[TOP] t=0 p=0 oc=3 prev_spk=1 mem_before=0 cur=1.60625 mem_after=1.60625 spike=1
[TOP] out_word(t=0, p=0) = 134251560
[TOP] out_word(t=0, p=1) = 4195274
[TOP] t=1 p=0 oc=0 prev_spk=0 mem_before=0.073168 cur=0.073168 mem_after=0.109752 spike=0
[TOP] t=1 p=0 oc=1 prev_spk=0 mem_before=-1.39526 cur=-1.39526 mem_after=-2.09289 spike=0
[TOP] t=1 p=0 oc=2 prev_spk=1 mem_before=0.88024 cur=0.88024 mem_after=1.32036 spike=1
[TOP] t=1 p=0 oc=3 prev_spk=1 mem_before=1.60625 cur=1.60625 mem_after=1.40937 spike=1
[TOP] out_word(t=1, p=0) = 1212191020
[TOP] out_word(t=1, p=1) = 1075876552
[TOP] Exit conv1_lif_top
[TB] t=0 p=0 expected=134251560 got=134251560
[TB] t=0 p=1 expected=4195274 got=4195274
[TB] t=0 p=2 expected=1077937098 got=1077937098
[TB] t=0 p=3 expected=1077937098 got=1077937098
[TB] t=0 p=4 expected=1207993388 got=1207993388
[TB] t=0 p=5 expected=1207992360 got=1207992360
[TB] t=0 p=6 expected=1207996460 got=1207996460
[TB] t=0 p=7 expected=1208254500 got=1208254500
[TB] t=0 p=8 expected=1086587842 got=1086587842
[TB] t=0 p=9 expected=1216644128 got=1216644128
[TB] t=1 p=0 expected=1212191020 got=1212191020
[TB] t=1 p=1 expected=1075876552 got=1075876552
[TB] t=1 p=2 expected=2147746752 got=2147746752
[TB] t=1 p=3 expected=263040 got=263040
[TB] t=1 p=4 expected=138711072 got=138711072
[TB] t=1 p=5 expected=138712100 got=138712100
[TB] t=1 p=6 expected=138708000 got=138708000
[TB] t=1 p=7 expected=1220546600 got=1220546600
[TB] t=1 p=8 expected=3225682824 got=3225682824
[TB] t=1 p=9 expected=1212450084 got=1212450084
TEST PASSED
INFO [HLS SIM]: The maximum depth reached by any hls::stream() instance in the design is 200
INFO: [SIM 1] CSim done with 0 errors.
INFO: [SIM 3] *************** CSIM finish ***************
