

================================================================
== Vitis HLS Report for 'fc_finn_top_Pipeline_VITIS_LOOP_131_1'
================================================================
* Date:           Sat Apr 25 21:40:52 2026

* Version:        2023.1 (Build 3854077 on May  4 2023)
* Project:        fc_finn_prj
* Solution:       xcvu9p-flga2577-2-e (Vivado IP Flow Target)
* Product family: virtexuplus
* Target device:  xcvu9p-flga2577-2-e


================================================================
== Performance Estimates
================================================================
+ Timing: 
    * Summary: 
    +--------+----------+----------+------------+
    |  Clock |  Target  | Estimated| Uncertainty|
    +--------+----------+----------+------------+
    |ap_clk  |  10.00 ns|  3.658 ns|     2.70 ns|
    +--------+----------+----------+------------+

+ Latency: 
    * Summary: 
    +---------+---------+----------+----------+-----+-----+---------+
    |  Latency (cycles) |  Latency (absolute) |  Interval | Pipeline|
    |   min   |   max   |    min   |    max   | min | max |   Type  |
    +---------+---------+----------+----------+-----+-----+---------+
    |       34|       34|  0.340 us|  0.340 us|   34|   34|       no|
    +---------+---------+----------+----------+-----+-----+---------+

    + Detail: 
        * Instance: 
        N/A

        * Loop: 
        +--------------------+---------+---------+----------+-----------+-----------+------+----------+
        |                    |  Latency (cycles) | Iteration|  Initiation Interval  | Trip |          |
        |      Loop Name     |   min   |   max   |  Latency |  achieved |   target  | Count| Pipelined|
        +--------------------+---------+---------+----------+-----------+-----------+------+----------+
        |- VITIS_LOOP_131_1  |       32|       32|         2|          1|          1|    32|       yes|
        +--------------------+---------+---------+----------+-----------+-----------+------+----------+



================================================================
== Utilization Estimates
================================================================
* Summary: 
+---------------------+---------+------+---------+---------+-----+
|         Name        | BRAM_18K|  DSP |    FF   |   LUT   | URAM|
+---------------------+---------+------+---------+---------+-----+
|DSP                  |        -|     -|        -|        -|    -|
|Expression           |        -|     -|        0|      471|    -|
|FIFO                 |        -|     -|        -|        -|    -|
|Instance             |        -|     -|        0|       63|    -|
|Memory               |        -|     -|        -|        -|    -|
|Multiplexer          |        -|     -|        -|      150|    -|
|Register             |        -|     -|      203|        -|    -|
+---------------------+---------+------+---------+---------+-----+
|Total                |        0|     0|      203|      684|    0|
+---------------------+---------+------+---------+---------+-----+
|Available SLR        |     1440|  2280|   788160|   394080|  320|
+---------------------+---------+------+---------+---------+-----+
|Utilization SLR (%)  |        0|     0|       ~0|       ~0|    0|
+---------------------+---------+------+---------+---------+-----+
|Available            |     4320|  6840|  2364480|  1182240|  960|
+---------------------+---------+------+---------+---------+-----+
|Utilization (%)      |        0|     0|       ~0|       ~0|    0|
+---------------------+---------+------+---------+---------+-----+

+ Detail: 
    * Instance: 
    +--------------------+----------------+---------+----+---+----+-----+
    |      Instance      |     Module     | BRAM_18K| DSP| FF| LUT| URAM|
    +--------------------+----------------+---------+----+---+----+-----+
    |mux_4_2_16_1_1_U16  |mux_4_2_16_1_1  |        0|   0|  0|  20|    0|
    |mux_8_3_1_1_1_U15   |mux_8_3_1_1_1   |        0|   0|  0|  43|    0|
    +--------------------+----------------+---------+----+---+----+-----+
    |Total               |                |        0|   0|  0|  63|    0|
    +--------------------+----------------+---------+----+---+----+-----+

    * DSP: 
    N/A

    * Memory: 
    N/A

    * FIFO: 
    N/A

    * Expression: 
    +----------------------------------+----------+----+---+----+------------+------------+
    |           Variable Name          | Operation| DSP| FF| LUT| Bitwidth P0| Bitwidth P1|
    +----------------------------------+----------+----+---+----+------------+------------+
    |add_ln165_fu_523_p2               |         +|   0|  0|  23|          16|          16|
    |i_3_fu_248_p2                     |         +|   0|  0|  13|           6|           1|
    |nf_4_fu_310_p2                    |         +|   0|  0|  39|          32|           1|
    |sf_3_fu_288_p2                    |         +|   0|  0|  39|          32|           1|
    |tile_1_fu_282_p2                  |         +|   0|  0|  39|          32|           1|
    |temp_1_fu_490_p2                  |         -|   0|  0|  23|          16|          16|
    |ap_block_pp0_stage0_01001         |       and|   0|  0|   2|           1|           1|
    |ap_condition_475                  |       and|   0|  0|   2|           1|           1|
    |ap_condition_478                  |       and|   0|  0|   2|           1|           1|
    |ap_condition_482                  |       and|   0|  0|   2|           1|           1|
    |ap_condition_485                  |       and|   0|  0|   2|           1|           1|
    |ap_condition_488                  |       and|   0|  0|   2|           1|           1|
    |ap_condition_491                  |       and|   0|  0|   2|           1|           1|
    |ap_predicate_op68_read_state3     |       and|   0|  0|   2|           1|           1|
    |icmp_ln131_fu_242_p2              |      icmp|   0|  0|  14|           6|           7|
    |icmp_ln134_fu_262_p2              |      icmp|   0|  0|  39|          32|           1|
    |icmp_ln149_fu_271_p2              |      icmp|   0|  0|  39|          32|           1|
    |icmp_ln172_fu_294_p2              |      icmp|   0|  0|  39|          32|           4|
    |icmp_ln179_fu_529_p2              |      icmp|   0|  0|  23|          16|           1|
    |icmp_ln192_fu_316_p2              |      icmp|   0|  0|  39|          32|           3|
    |ap_block_state3_pp0_stage0_iter2  |        or|   0|  0|   2|           1|           1|
    |nf_5_fu_322_p3                    |    select|   0|  0|  32|           1|           1|
    |select_ln149_fu_496_p3            |    select|   0|  0|  16|           1|          16|
    |temp_3_fu_503_p3                  |    select|   0|  0|   2|           1|           2|
    |tile_2_fu_330_p3                  |    select|   0|  0|  32|           1|           1|
    |ap_enable_pp0                     |       xor|   0|  0|   2|           1|           2|
    +----------------------------------+----------+----+---+----+------------+------------+
    |Total                             |          |   0|  0| 471|         298|          84|
    +----------------------------------+----------+----+---+----+------------+------------+

    * Multiplexer: 
    +---------------------------------------------------------------------------------+----+-----------+-----+-----------+
    |                                       Name                                      | LUT| Input Size| Bits| Total Bits|
    +---------------------------------------------------------------------------------+----+-----------+-----+-----------+
    |ap_done_int                                                                      |   9|          2|    1|          2|
    |ap_enable_reg_pp0_iter1                                                          |   9|          2|    1|          2|
    |ap_enable_reg_pp0_iter2                                                          |   9|          2|    1|          2|
    |ap_phi_mux_inElem_phi_fu_173_p18                                                 |  14|          3|    1|          3|
    |ap_phi_mux_outElem_phi_fu_204_p4                                                 |  14|          3|    1|          3|
    |i_1_fu_100                                                                       |   9|          2|    6|         12|
    |in_stream_blk_n                                                                  |   9|          2|    1|          2|
    |nf_fu_140                                                                        |   9|          2|   32|         64|
    |out_stream_blk_n                                                                 |   9|          2|    1|          2|
    |sf_fu_92                                                                         |   9|          2|   32|         64|
    |tile_fu_96                                                                       |  14|          3|   32|         96|
    |void_Matrix_Vector_Activate_Batch_stream_stream_FixedPointWeightsSp_const_int    |   9|          2|   16|         32|
    |void_Matrix_Vector_Activate_Batch_stream_stream_FixedPointWeightsSp_const_int_1  |   9|          2|   16|         32|
    |void_Matrix_Vector_Activate_Batch_stream_stream_FixedPointWeightsSp_const_int_2  |   9|          2|   16|         32|
    |void_Matrix_Vector_Activate_Batch_stream_stream_FixedPointWeightsSp_const_int_3  |   9|          2|   16|         32|
    +---------------------------------------------------------------------------------+----+-----------+-----+-----------+
    |Total                                                                            | 150|         33|  173|        380|
    +---------------------------------------------------------------------------------+----+-----------+-----+-----------+

    * Register: 
    +---------------------------------------------------------------------------------+----+----+-----+-----------+
    |                                       Name                                      | FF | LUT| Bits| Const Bits|
    +---------------------------------------------------------------------------------+----+----+-----+-----------+
    |ap_CS_fsm                                                                        |   1|   0|    1|          0|
    |ap_done_reg                                                                      |   1|   0|    1|          0|
    |ap_enable_reg_pp0_iter1                                                          |   1|   0|    1|          0|
    |ap_enable_reg_pp0_iter2                                                          |   1|   0|    1|          0|
    |conv_i2_i13_i_fu_104                                                             |  16|   0|   16|          0|
    |i_1_fu_100                                                                       |   6|   0|    6|          0|
    |icmp_ln131_reg_672                                                               |   1|   0|    1|          0|
    |icmp_ln134_reg_686                                                               |   1|   0|    1|          0|
    |icmp_ln149_reg_690                                                               |   1|   0|    1|          0|
    |icmp_ln172_reg_700                                                               |   1|   0|    1|          0|
    |inputBuf_1_fu_112                                                                |   1|   0|    1|          0|
    |inputBuf_2_fu_116                                                                |   1|   0|    1|          0|
    |inputBuf_3_fu_120                                                                |   1|   0|    1|          0|
    |inputBuf_4_fu_124                                                                |   1|   0|    1|          0|
    |inputBuf_5_fu_128                                                                |   1|   0|    1|          0|
    |inputBuf_6_fu_132                                                                |   1|   0|    1|          0|
    |inputBuf_7_fu_136                                                                |   1|   0|    1|          0|
    |inputBuf_fu_108                                                                  |   1|   0|    1|          0|
    |nf_fu_140                                                                        |  32|   0|   32|          0|
    |sf_fu_92                                                                         |  32|   0|   32|          0|
    |tile_fu_96                                                                       |  32|   0|   32|          0|
    |trunc_ln123_1_reg_681                                                            |   2|   0|    2|          0|
    |trunc_ln123_reg_676                                                              |   3|   0|    3|          0|
    |void_Matrix_Vector_Activate_Batch_stream_stream_FixedPointWeightsSp_const_int    |  16|   0|   16|          0|
    |void_Matrix_Vector_Activate_Batch_stream_stream_FixedPointWeightsSp_const_int_1  |  16|   0|   16|          0|
    |void_Matrix_Vector_Activate_Batch_stream_stream_FixedPointWeightsSp_const_int_2  |  16|   0|   16|          0|
    |void_Matrix_Vector_Activate_Batch_stream_stream_FixedPointWeightsSp_const_int_3  |  16|   0|   16|          0|
    +---------------------------------------------------------------------------------+----+----+-----+-----------+
    |Total                                                                            | 203|   0|  203|          0|
    +---------------------------------------------------------------------------------+----+----+-----+-----------+



================================================================
== Interface
================================================================
* Summary: 
+-----------------------+-----+-----+------------+---------------------------------------+--------------+
|       RTL Ports       | Dir | Bits|  Protocol  |             Source Object             |    C Type    |
+-----------------------+-----+-----+------------+---------------------------------------+--------------+
|ap_clk                 |   in|    1|  ap_ctrl_hs|  fc_finn_top_Pipeline_VITIS_LOOP_131_1|  return value|
|ap_rst                 |   in|    1|  ap_ctrl_hs|  fc_finn_top_Pipeline_VITIS_LOOP_131_1|  return value|
|ap_start               |   in|    1|  ap_ctrl_hs|  fc_finn_top_Pipeline_VITIS_LOOP_131_1|  return value|
|ap_done                |  out|    1|  ap_ctrl_hs|  fc_finn_top_Pipeline_VITIS_LOOP_131_1|  return value|
|ap_idle                |  out|    1|  ap_ctrl_hs|  fc_finn_top_Pipeline_VITIS_LOOP_131_1|  return value|
|ap_ready               |  out|    1|  ap_ctrl_hs|  fc_finn_top_Pipeline_VITIS_LOOP_131_1|  return value|
|in_stream_dout         |   in|    1|     ap_fifo|                              in_stream|       pointer|
|in_stream_empty_n      |   in|    1|     ap_fifo|                              in_stream|       pointer|
|in_stream_read         |  out|    1|     ap_fifo|                              in_stream|       pointer|
|out_stream_din         |  out|    1|     ap_fifo|                             out_stream|       pointer|
|out_stream_full_n      |   in|    1|     ap_fifo|                             out_stream|       pointer|
|out_stream_write       |  out|    1|     ap_fifo|                             out_stream|       pointer|
|fc_weights_0_address0  |  out|    5|   ap_memory|                           fc_weights_0|         array|
|fc_weights_0_ce0       |  out|    1|   ap_memory|                           fc_weights_0|         array|
|fc_weights_0_q0        |   in|    2|   ap_memory|                           fc_weights_0|         array|
+-----------------------+-----+-----+------------+---------------------------------------+--------------+

