

================================================================
== Vitis HLS Report for 'fc_finn_top_Pipeline_VITIS_LOOP_44_1'
================================================================
* Date:           Sat Apr 25 21:40:51 2026

* Version:        2023.1 (Build 3854077 on May  4 2023)
* Project:        fc_finn_prj
* Solution:       xcvu9p-flga2577-2-e (Vivado IP Flow Target)
* Product family: virtexuplus
* Target device:  xcvu9p-flga2577-2-e


================================================================
== Performance Estimates
================================================================
+ Timing: 
    * Summary: 
    +--------+----------+----------+------------+
    |  Clock |  Target  | Estimated| Uncertainty|
    +--------+----------+----------+------------+
    |ap_clk  |  10.00 ns|  1.314 ns|     2.70 ns|
    +--------+----------+----------+------------+

+ Latency: 
    * Summary: 
    +---------+---------+----------+----------+-----+-----+---------+
    |  Latency (cycles) |  Latency (absolute) |  Interval | Pipeline|
    |   min   |   max   |    min   |    max   | min | max |   Type  |
    +---------+---------+----------+----------+-----+-----+---------+
    |       10|       10|  0.100 us|  0.100 us|   10|   10|       no|
    +---------+---------+----------+----------+-----+-----+---------+

    + Detail: 
        * Instance: 
        N/A

        * Loop: 
        +-------------------+---------+---------+----------+-----------+-----------+------+----------+
        |                   |  Latency (cycles) | Iteration|  Initiation Interval  | Trip |          |
        |     Loop Name     |   min   |   max   |  Latency |  achieved |   target  | Count| Pipelined|
        +-------------------+---------+---------+----------+-----------+-----------+------+----------+
        |- VITIS_LOOP_44_1  |        8|        8|         2|          1|          1|     8|       yes|
        +-------------------+---------+---------+----------+-----------+-----------+------+----------+



================================================================
== Utilization Estimates
================================================================
* Summary: 
+---------------------+---------+------+---------+---------+-----+
|         Name        | BRAM_18K|  DSP |    FF   |   LUT   | URAM|
+---------------------+---------+------+---------+---------+-----+
|DSP                  |        -|     -|        -|        -|    -|
|Expression           |        -|     -|        0|       28|    -|
|FIFO                 |        -|     -|        -|        -|    -|
|Instance             |        -|     -|        0|       43|    -|
|Memory               |        -|     -|        -|        -|    -|
|Multiplexer          |        -|     -|        -|       45|    -|
|Register             |        -|     -|        8|        -|    -|
+---------------------+---------+------+---------+---------+-----+
|Total                |        0|     0|        8|      116|    0|
+---------------------+---------+------+---------+---------+-----+
|Available SLR        |     1440|  2280|   788160|   394080|  320|
+---------------------+---------+------+---------+---------+-----+
|Utilization SLR (%)  |        0|     0|       ~0|       ~0|    0|
+---------------------+---------+------+---------+---------+-----+
|Available            |     4320|  6840|  2364480|  1182240|  960|
+---------------------+---------+------+---------+---------+-----+
|Utilization (%)      |        0|     0|       ~0|       ~0|    0|
+---------------------+---------+------+---------+---------+-----+

+ Detail: 
    * Instance: 
    +------------------+---------------+---------+----+---+----+-----+
    |     Instance     |     Module    | BRAM_18K| DSP| FF| LUT| URAM|
    +------------------+---------------+---------+----+---+----+-----+
    |mux_8_3_1_1_1_U4  |mux_8_3_1_1_1  |        0|   0|  0|  43|    0|
    +------------------+---------------+---------+----+---+----+-----+
    |Total             |               |        0|   0|  0|  43|    0|
    +------------------+---------------+---------+----+---+----+-----+

    * DSP: 
    N/A

    * Memory: 
    N/A

    * FIFO: 
    N/A

    * Expression: 
    +---------------------------+----------+----+---+----+------------+------------+
    |       Variable Name       | Operation| DSP| FF| LUT| Bitwidth P0| Bitwidth P1|
    +---------------------------+----------+----+---+----+------------+------------+
    |add_ln44_fu_125_p2         |         +|   0|  0|  12|           4|           1|
    |ap_block_pp0_stage0_01001  |       and|   0|  0|   2|           1|           1|
    |icmp_ln44_fu_119_p2        |      icmp|   0|  0|  12|           4|           5|
    |ap_enable_pp0              |       xor|   0|  0|   2|           1|           2|
    +---------------------------+----------+----+---+----+------------+------------+
    |Total                      |          |   0|  0|  28|          10|           9|
    +---------------------------+----------+----+---+----+------------+------------+

    * Multiplexer: 
    +-------------------------+----+-----------+-----+-----------+
    |           Name          | LUT| Input Size| Bits| Total Bits|
    +-------------------------+----+-----------+-----+-----------+
    |ap_done_int              |   9|          2|    1|          2|
    |ap_enable_reg_pp0_iter1  |   9|          2|    1|          2|
    |ap_sig_allocacmp_i_2     |   9|          2|    4|          8|
    |i_fu_52                  |   9|          2|    4|          8|
    |in_stream_blk_n          |   9|          2|    1|          2|
    +-------------------------+----+-----------+-----+-----------+
    |Total                    |  45|         10|   11|         22|
    +-------------------------+----+-----------+-----+-----------+

    * Register: 
    +-------------------------+---+----+-----+-----------+
    |           Name          | FF| LUT| Bits| Const Bits|
    +-------------------------+---+----+-----+-----------+
    |ap_CS_fsm                |  1|   0|    1|          0|
    |ap_done_reg              |  1|   0|    1|          0|
    |ap_enable_reg_pp0_iter1  |  1|   0|    1|          0|
    |i_fu_52                  |  4|   0|    4|          0|
    |p_0_reg_172              |  1|   0|    1|          0|
    +-------------------------+---+----+-----+-----------+
    |Total                    |  8|   0|    8|          0|
    +-------------------------+---+----+-----+-----------+



================================================================
== Interface
================================================================
* Summary: 
+------------------+-----+-----+------------+--------------------------------------+--------------+
|     RTL Ports    | Dir | Bits|  Protocol  |             Source Object            |    C Type    |
+------------------+-----+-----+------------+--------------------------------------+--------------+
|ap_clk            |   in|    1|  ap_ctrl_hs|  fc_finn_top_Pipeline_VITIS_LOOP_44_1|  return value|
|ap_rst            |   in|    1|  ap_ctrl_hs|  fc_finn_top_Pipeline_VITIS_LOOP_44_1|  return value|
|ap_start          |   in|    1|  ap_ctrl_hs|  fc_finn_top_Pipeline_VITIS_LOOP_44_1|  return value|
|ap_done           |  out|    1|  ap_ctrl_hs|  fc_finn_top_Pipeline_VITIS_LOOP_44_1|  return value|
|ap_idle           |  out|    1|  ap_ctrl_hs|  fc_finn_top_Pipeline_VITIS_LOOP_44_1|  return value|
|ap_ready          |  out|    1|  ap_ctrl_hs|  fc_finn_top_Pipeline_VITIS_LOOP_44_1|  return value|
|in_stream_din     |  out|    1|     ap_fifo|                             in_stream|       pointer|
|in_stream_full_n  |   in|    1|     ap_fifo|                             in_stream|       pointer|
|in_stream_write   |  out|    1|     ap_fifo|                             in_stream|       pointer|
|in_0_load         |   in|    1|     ap_none|                             in_0_load|        scalar|
|in_1_load         |   in|    1|     ap_none|                             in_1_load|        scalar|
|in_2_load         |   in|    1|     ap_none|                             in_2_load|        scalar|
|in_3_load         |   in|    1|     ap_none|                             in_3_load|        scalar|
|in_4_load         |   in|    1|     ap_none|                             in_4_load|        scalar|
|in_5_load         |   in|    1|     ap_none|                             in_5_load|        scalar|
|in_6_load         |   in|    1|     ap_none|                             in_6_load|        scalar|
|in_7_load         |   in|    1|     ap_none|                             in_7_load|        scalar|
+------------------+-----+-----+------------+--------------------------------------+--------------+

