

================================================================
== Vitis HLS Report for 'load_weights_once_Pipeline_VITIS_LOOP_21_1_VITIS_LOOP_22_2'
================================================================
* Date:           Thu Apr 23 02:33:07 2026

* Version:        2023.1 (Build 3854077 on May  4 2023)
* Project:        fc_finn_prj
* Solution:       xcvu9p-flga2577-2-e (Vivado IP Flow Target)
* Product family: virtexuplus
* Target device:  xcvu9p-flga2577-2-e


================================================================
== Performance Estimates
================================================================
+ Timing: 
    * Summary: 
    +--------+----------+----------+------------+
    |  Clock |  Target  | Estimated| Uncertainty|
    +--------+----------+----------+------------+
    |ap_clk  |  10.00 ns|  2.405 ns|     2.70 ns|
    +--------+----------+----------+------------+

+ Latency: 
    * Summary: 
    +---------+---------+----------+----------+-----+-----+---------+
    |  Latency (cycles) |  Latency (absolute) |  Interval | Pipeline|
    |   min   |   max   |    min   |    max   | min | max |   Type  |
    +---------+---------+----------+----------+-----+-----+---------+
    |       34|       34|  0.340 us|  0.340 us|   34|   34|       no|
    +---------+---------+----------+----------+-----+-----+---------+

    + Detail: 
        * Instance: 
        N/A

        * Loop: 
        +-----------------------------------+---------+---------+----------+-----------+-----------+------+----------+
        |                                   |  Latency (cycles) | Iteration|  Initiation Interval  | Trip |          |
        |             Loop Name             |   min   |   max   |  Latency |  achieved |   target  | Count| Pipelined|
        +-----------------------------------+---------+---------+----------+-----------+-----------+------+----------+
        |- VITIS_LOOP_21_1_VITIS_LOOP_22_2  |       32|       32|         2|          1|          1|    32|       yes|
        +-----------------------------------+---------+---------+----------+-----------+-----------+------+----------+



================================================================
== Utilization Estimates
================================================================
* Summary: 
+---------------------+---------+------+---------+---------+-----+
|         Name        | BRAM_18K|  DSP |    FF   |   LUT   | URAM|
+---------------------+---------+------+---------+---------+-----+
|DSP                  |        -|     -|        -|        -|    -|
|Expression           |        -|     -|        0|       82|    -|
|FIFO                 |        -|     -|        -|        -|    -|
|Instance             |        -|     -|        -|        -|    -|
|Memory               |        0|     -|        2|        3|    -|
|Multiplexer          |        -|     -|        -|       72|    -|
|Register             |        -|     -|       21|        -|    -|
+---------------------+---------+------+---------+---------+-----+
|Total                |        0|     0|       23|      157|    0|
+---------------------+---------+------+---------+---------+-----+
|Available SLR        |     1440|  2280|   788160|   394080|  320|
+---------------------+---------+------+---------+---------+-----+
|Utilization SLR (%)  |        0|     0|       ~0|       ~0|    0|
+---------------------+---------+------+---------+---------+-----+
|Available            |     4320|  6840|  2364480|  1182240|  960|
+---------------------+---------+------+---------+---------+-----+
|Utilization (%)      |        0|     0|       ~0|       ~0|    0|
+---------------------+---------+------+---------+---------+-----+

+ Detail: 
    * Instance: 
    N/A

    * DSP: 
    N/A

    * Memory: 
    +--------+-----------------------------------------------------------------------------+---------+---+----+-----+------+-----+------+-------------+
    | Memory |                                    Module                                   | BRAM_18K| FF| LUT| URAM| Words| Bits| Banks| W*Bits*Banks|
    +--------+-----------------------------------------------------------------------------+---------+---+----+-----+------+-----+------+-------------+
    |FC_W_U  |load_weights_once_Pipeline_VITIS_LOOP_21_1_VITIS_LOOP_22_2_FC_W_ROM_AUTO_1R  |        0|  2|   3|    0|    32|    2|     1|           64|
    +--------+-----------------------------------------------------------------------------+---------+---+----+-----+------+-----+------+-------------+
    |Total   |                                                                             |        0|  2|   3|    0|    32|    2|     1|           64|
    +--------+-----------------------------------------------------------------------------+---------+---+----+-----+------+-----+------+-------------+

    * FIFO: 
    N/A

    * Expression: 
    +-------------------------+----------+----+---+----+------------+------------+
    |      Variable Name      | Operation| DSP| FF| LUT| Bitwidth P0| Bitwidth P1|
    +-------------------------+----------+----+---+----+------------+------------+
    |add_ln21_1_fu_105_p2     |         +|   0|  0|  13|           6|           1|
    |add_ln21_fu_117_p2       |         +|   0|  0|  10|           3|           1|
    |add_ln22_fu_172_p2       |         +|   0|  0|  12|           4|           1|
    |add_ln25_fu_161_p2       |         +|   0|  0|  12|           5|           5|
    |icmp_ln21_fu_99_p2       |      icmp|   0|  0|  14|           6|           7|
    |icmp_ln22_fu_123_p2      |      icmp|   0|  0|  12|           4|           5|
    |select_ln21_1_fu_137_p3  |    select|   0|  0|   3|           1|           3|
    |select_ln21_fu_129_p3    |    select|   0|  0|   4|           1|           1|
    |ap_enable_pp0            |       xor|   0|  0|   2|           1|           2|
    +-------------------------+----------+----+---+----+------------+------------+
    |Total                    |          |   0|  0|  82|          31|          26|
    +-------------------------+----------+----+---+----+------------+------------+

    * Multiplexer: 
    +--------------------------------------+----+-----------+-----+-----------+
    |                 Name                 | LUT| Input Size| Bits| Total Bits|
    +--------------------------------------+----+-----------+-----+-----------+
    |ap_done_int                           |   9|          2|    1|          2|
    |ap_enable_reg_pp0_iter1               |   9|          2|    1|          2|
    |ap_sig_allocacmp_col_load             |   9|          2|    4|          8|
    |ap_sig_allocacmp_indvar_flatten_load  |   9|          2|    6|         12|
    |ap_sig_allocacmp_row_load             |   9|          2|    3|          6|
    |col_fu_42                             |   9|          2|    4|          8|
    |indvar_flatten_fu_50                  |   9|          2|    6|         12|
    |row_fu_46                             |   9|          2|    3|          6|
    +--------------------------------------+----+-----------+-----+-----------+
    |Total                                 |  72|         16|   28|         56|
    +--------------------------------------+----+-----------+-----+-----------+

    * Register: 
    +-------------------------+---+----+-----+-----------+
    |           Name          | FF| LUT| Bits| Const Bits|
    +-------------------------+---+----+-----+-----------+
    |ap_CS_fsm                |  1|   0|    1|          0|
    |ap_done_reg              |  1|   0|    1|          0|
    |ap_enable_reg_pp0_iter1  |  1|   0|    1|          0|
    |col_fu_42                |  4|   0|    4|          0|
    |indvar_flatten_fu_50     |  6|   0|    6|          0|
    |row_fu_46                |  3|   0|    3|          0|
    |zext_ln25_1_reg_217      |  5|   0|   64|         59|
    +-------------------------+---+----+-----+-----------+
    |Total                    | 21|   0|   80|         59|
    +-------------------------+---+----+-----+-----------+



================================================================
== Interface
================================================================
* Summary: 
+-----------------------+-----+-----+------------+------------------------------------------------------------+--------------+
|       RTL Ports       | Dir | Bits|  Protocol  |                        Source Object                       |    C Type    |
+-----------------------+-----+-----+------------+------------------------------------------------------------+--------------+
|ap_clk                 |   in|    1|  ap_ctrl_hs|  load_weights_once_Pipeline_VITIS_LOOP_21_1_VITIS_LOOP_22_2|  return value|
|ap_rst                 |   in|    1|  ap_ctrl_hs|  load_weights_once_Pipeline_VITIS_LOOP_21_1_VITIS_LOOP_22_2|  return value|
|ap_start               |   in|    1|  ap_ctrl_hs|  load_weights_once_Pipeline_VITIS_LOOP_21_1_VITIS_LOOP_22_2|  return value|
|ap_done                |  out|    1|  ap_ctrl_hs|  load_weights_once_Pipeline_VITIS_LOOP_21_1_VITIS_LOOP_22_2|  return value|
|ap_idle                |  out|    1|  ap_ctrl_hs|  load_weights_once_Pipeline_VITIS_LOOP_21_1_VITIS_LOOP_22_2|  return value|
|ap_ready               |  out|    1|  ap_ctrl_hs|  load_weights_once_Pipeline_VITIS_LOOP_21_1_VITIS_LOOP_22_2|  return value|
|fc_weights_0_address0  |  out|    5|   ap_memory|                                                fc_weights_0|         array|
|fc_weights_0_ce0       |  out|    1|   ap_memory|                                                fc_weights_0|         array|
|fc_weights_0_we0       |  out|    1|   ap_memory|                                                fc_weights_0|         array|
|fc_weights_0_d0        |  out|    2|   ap_memory|                                                fc_weights_0|         array|
+-----------------------+-----+-----+------------+------------------------------------------------------------+--------------+

