

================================================================
== Vitis HLS Report for 'load_weights_once'
================================================================
* Date:           Thu Apr 23 02:33:07 2026

* Version:        2023.1 (Build 3854077 on May  4 2023)
* Project:        fc_finn_prj
* Solution:       xcvu9p-flga2577-2-e (Vivado IP Flow Target)
* Product family: virtexuplus
* Target device:  xcvu9p-flga2577-2-e


================================================================
== Performance Estimates
================================================================
+ Timing: 
    * Summary: 
    +--------+----------+----------+------------+
    |  Clock |  Target  | Estimated| Uncertainty|
    +--------+----------+----------+------------+
    |ap_clk  |  10.00 ns|  2.405 ns|     2.70 ns|
    +--------+----------+----------+------------+

+ Latency: 
    * Summary: 
    +---------+---------+-----------+----------+-----+-----+---------+
    |  Latency (cycles) |  Latency (absolute)  |  Interval | Pipeline|
    |   min   |   max   |    min    |    max   | min | max |   Type  |
    +---------+---------+-----------+----------+-----+-----+---------+
    |        1|       35|  10.000 ns|  0.350 us|    1|   35|       no|
    +---------+---------+-----------+----------+-----+-----+---------+

    + Detail: 
        * Instance: 
        +----------------------------------------------------------------------+------------------------------------------------------------+---------+---------+----------+----------+-----+-----+---------+
        |                                                                      |                                                            |  Latency (cycles) |  Latency (absolute) |  Interval | Pipeline|
        |                               Instance                               |                           Module                           |   min   |   max   |    min   |    max   | min | max |   Type  |
        +----------------------------------------------------------------------+------------------------------------------------------------+---------+---------+----------+----------+-----+-----+---------+
        |grp_load_weights_once_Pipeline_VITIS_LOOP_21_1_VITIS_LOOP_22_2_fu_10  |load_weights_once_Pipeline_VITIS_LOOP_21_1_VITIS_LOOP_22_2  |       34|       34|  0.340 us|  0.340 us|   34|   34|       no|
        +----------------------------------------------------------------------+------------------------------------------------------------+---------+---------+----------+----------+-----+-----+---------+

        * Loop: 
        N/A



================================================================
== Utilization Estimates
================================================================
* Summary: 
+---------------------+---------+------+---------+---------+-----+
|         Name        | BRAM_18K|  DSP |    FF   |   LUT   | URAM|
+---------------------+---------+------+---------+---------+-----+
|DSP                  |        -|     -|        -|        -|    -|
|Expression           |        -|     -|        0|        2|    -|
|FIFO                 |        -|     -|        -|        -|    -|
|Instance             |        0|     -|       23|      157|    -|
|Memory               |        -|     -|        -|        -|    -|
|Multiplexer          |        -|     -|        -|       14|    -|
|Register             |        -|     -|        5|        -|    -|
+---------------------+---------+------+---------+---------+-----+
|Total                |        0|     0|       28|      173|    0|
+---------------------+---------+------+---------+---------+-----+
|Available SLR        |     1440|  2280|   788160|   394080|  320|
+---------------------+---------+------+---------+---------+-----+
|Utilization SLR (%)  |        0|     0|       ~0|       ~0|    0|
+---------------------+---------+------+---------+---------+-----+
|Available            |     4320|  6840|  2364480|  1182240|  960|
+---------------------+---------+------+---------+---------+-----+
|Utilization (%)      |        0|     0|       ~0|       ~0|    0|
+---------------------+---------+------+---------+---------+-----+

+ Detail: 
    * Instance: 
    +----------------------------------------------------------------------+------------------------------------------------------------+---------+----+----+-----+-----+
    |                               Instance                               |                           Module                           | BRAM_18K| DSP| FF | LUT | URAM|
    +----------------------------------------------------------------------+------------------------------------------------------------+---------+----+----+-----+-----+
    |grp_load_weights_once_Pipeline_VITIS_LOOP_21_1_VITIS_LOOP_22_2_fu_10  |load_weights_once_Pipeline_VITIS_LOOP_21_1_VITIS_LOOP_22_2  |        0|   0|  23|  157|    0|
    +----------------------------------------------------------------------+------------------------------------------------------------+---------+----+----+-----+-----+
    |Total                                                                 |                                                            |        0|   0|  23|  157|    0|
    +----------------------------------------------------------------------+------------------------------------------------------------+---------+----+----+-----+-----+

    * DSP: 
    N/A

    * Memory: 
    N/A

    * FIFO: 
    N/A

    * Expression: 
    +---------------------------------+----------+----+---+----+------------+------------+
    |          Variable Name          | Operation| DSP| FF| LUT| Bitwidth P0| Bitwidth P1|
    +---------------------------------+----------+----+---+----+------------+------------+
    |ap_block_state2_on_subcall_done  |       and|   0|  0|   2|           1|           1|
    +---------------------------------+----------+----+---+----+------------+------------+
    |Total                            |          |   0|  0|   2|           1|           1|
    +---------------------------------+----------+----+---+----+------------+------------+

    * Multiplexer: 
    +-----------+----+-----------+-----+-----------+
    |    Name   | LUT| Input Size| Bits| Total Bits|
    +-----------+----+-----------+-----+-----------+
    |ap_NS_fsm  |  14|          3|    1|          3|
    +-----------+----+-----------+-----+-----------+
    |Total      |  14|          3|    1|          3|
    +-----------+----+-----------+-----+-----------+

    * Register: 
    +-----------------------------------------------------------------------------------+---+----+-----+-----------+
    |                                        Name                                       | FF| LUT| Bits| Const Bits|
    +-----------------------------------------------------------------------------------+---+----+-----+-----------+
    |ap_CS_fsm                                                                          |  2|   0|    2|          0|
    |grp_load_weights_once_Pipeline_VITIS_LOOP_21_1_VITIS_LOOP_22_2_fu_10_ap_start_reg  |  1|   0|    1|          0|
    |loaded                                                                             |  1|   0|    1|          0|
    |loaded_load_reg_28                                                                 |  1|   0|    1|          0|
    +-----------------------------------------------------------------------------------+---+----+-----+-----------+
    |Total                                                                              |  5|   0|    5|          0|
    +-----------------------------------------------------------------------------------+---+----+-----+-----------+



================================================================
== Interface
================================================================
* Summary: 
+-----------------------+-----+-----+------------+-------------------+--------------+
|       RTL Ports       | Dir | Bits|  Protocol  |   Source Object   |    C Type    |
+-----------------------+-----+-----+------------+-------------------+--------------+
|ap_clk                 |   in|    1|  ap_ctrl_hs|  load_weights_once|  return value|
|ap_rst                 |   in|    1|  ap_ctrl_hs|  load_weights_once|  return value|
|ap_start               |   in|    1|  ap_ctrl_hs|  load_weights_once|  return value|
|ap_done                |  out|    1|  ap_ctrl_hs|  load_weights_once|  return value|
|ap_idle                |  out|    1|  ap_ctrl_hs|  load_weights_once|  return value|
|ap_ready               |  out|    1|  ap_ctrl_hs|  load_weights_once|  return value|
|fc_weights_0_address0  |  out|    5|   ap_memory|       fc_weights_0|         array|
|fc_weights_0_ce0       |  out|    1|   ap_memory|       fc_weights_0|         array|
|fc_weights_0_we0       |  out|    1|   ap_memory|       fc_weights_0|         array|
|fc_weights_0_d0        |  out|    2|   ap_memory|       fc_weights_0|         array|
+-----------------------+-----+-----+------------+-------------------+--------------+

