#-----------------------------------------------------------
# xsim v2023.1 (64-bit)
# SW Build 3865809 on Sun May  7 15:04:56 MDT 2023
# IP Build 3864474 on Sun May  7 20:36:21 MDT 2023
# SharedData Build 3865790 on Sun May 07 13:33:03 MDT 2023
# Start of session at: Thu Feb 12 03:06:51 2026
# Process ID: 36675
# Current directory: /home/coder/Desktop/s2n2/convSNN/convSNN_hls/convSNN_fc1/xcvu9p-flga2577-2-e/sim/verilog
# Command line: xsim -mode tcl -source {xsim.dir/fc1_top/xsim_script.tcl}
# Log file: /home/coder/Desktop/s2n2/convSNN/convSNN_hls/convSNN_fc1/xcvu9p-flga2577-2-e/sim/verilog/xsim.log
# Journal file: /home/coder/Desktop/s2n2/convSNN/convSNN_hls/convSNN_fc1/xcvu9p-flga2577-2-e/sim/verilog/xsim.jou
# Running On: coder-kwlaial-kellylaijetnet, OS: Linux, CPU Frequency: 1996.201 MHz, CPU Physical cores: 16, Host memory: 1081702 MB
#-----------------------------------------------------------
source xsim.dir/fc1_top/xsim_script.tcl
# xsim {fc1_top} -autoloadwcfg -tclbatch {fc1_top.tcl}
Time resolution is 1 ps
source fc1_top.tcl
## run all
////////////////////////////////////////////////////////////////////////////////////
// Inter-Transaction Progress: Completed Transaction / Total Transaction
// Intra-Transaction Progress: Measured Latency / Latency Estimation * 100%
//
// RTL Simulation : "Inter-Transaction Progress" ["Intra-Transaction Progress"] @ "Simulation Time"
////////////////////////////////////////////////////////////////////////////////////
// RTL Simulation : 0 / 1 [n/a] @ "125000"
// RTL Simulation : 0 / 1 [n/a] @ "100000145000"
// RTL Simulation : 0 / 1 [n/a] @ "200000155000"
// RTL Simulation : 0 / 1 [n/a] @ "300000165000"
// RTL Simulation : 0 / 1 [n/a] @ "400000175000"
// RTL Simulation : 0 / 1 [n/a] @ "500000185000"
// RTL Simulation : 0 / 1 [n/a] @ "600000195000"
// RTL Simulation : 0 / 1 [n/a] @ "700000205000"
// RTL Simulation : 0 / 1 [n/a] @ "800000215000"
// RTL Simulation : 0 / 1 [n/a] @ "900000225000"
// RTL Simulation : 0 / 1 [n/a] @ "1000000235000"
// RTL Simulation : 0 / 1 [n/a] @ "1100000245000"
// RTL Simulation : 0 / 1 [n/a] @ "1200000255000"
// RTL Simulation : 0 / 1 [n/a] @ "1300000265000"
// RTL Simulation : 0 / 1 [n/a] @ "1400000275000"
// RTL Simulation : 0 / 1 [n/a] @ "1500000285000"
// RTL Simulation : 0 / 1 [n/a] @ "1600000295000"
// RTL Simulation : 0 / 1 [n/a] @ "1700000305000"
// RTL Simulation : 0 / 1 [n/a] @ "1800000315000"
// RTL Simulation : 0 / 1 [n/a] @ "1900000325000"
// RTL Simulation : 0 / 1 [n/a] @ "2000000335000"
// RTL Simulation : 0 / 1 [n/a] @ "2100000345000"
// RTL Simulation : 0 / 1 [n/a] @ "2200000355000"
// RTL Simulation : 0 / 1 [n/a] @ "2300000365000"
// RTL Simulation : 0 / 1 [n/a] @ "2400000375000"
// RTL Simulation : 0 / 1 [n/a] @ "2500000385000"
// RTL Simulation : 0 / 1 [n/a] @ "2600000395000"
// RTL Simulation : 0 / 1 [n/a] @ "2700000405000"
// RTL Simulation : 0 / 1 [n/a] @ "2800000415000"
// RTL Simulation : 0 / 1 [n/a] @ "2900000425000"
// RTL Simulation : 0 / 1 [n/a] @ "3000000435000"
// RTL Simulation : 0 / 1 [n/a] @ "3100000445000"
// RTL Simulation : 0 / 1 [n/a] @ "3200000455000"
// RTL Simulation : 0 / 1 [n/a] @ "3300000465000"
// RTL Simulation : 0 / 1 [n/a] @ "3400000475000"
// RTL Simulation : 0 / 1 [n/a] @ "3500000485000"
// RTL Simulation : 0 / 1 [n/a] @ "3600000495000"
// RTL Simulation : 0 / 1 [n/a] @ "3700000505000"
// RTL Simulation : 0 / 1 [n/a] @ "3800000515000"
// RTL Simulation : 0 / 1 [n/a] @ "3900000525000"
// RTL Simulation : 0 / 1 [n/a] @ "4000000535000"
// RTL Simulation : 0 / 1 [n/a] @ "4100000545000"
// RTL Simulation : 0 / 1 [n/a] @ "4200000555000"
// RTL Simulation : 0 / 1 [n/a] @ "4300000565000"
// RTL Simulation : 0 / 1 [n/a] @ "4400000575000"
// RTL Simulation : 0 / 1 [n/a] @ "4500000585000"
// RTL Simulation : 0 / 1 [n/a] @ "4600000595000"
// RTL Simulation : 0 / 1 [n/a] @ "4700000605000"
// RTL Simulation : 0 / 1 [n/a] @ "4800000615000"
// RTL Simulation : 0 / 1 [n/a] @ "4900000625000"
// RTL Simulation : 0 / 1 [n/a] @ "5000000635000"
// RTL Simulation : 0 / 1 [n/a] @ "5100000645000"
// RTL Simulation : 0 / 1 [n/a] @ "5200000655000"
// RTL Simulation : 0 / 1 [n/a] @ "5300000665000"
// RTL Simulation : 0 / 1 [n/a] @ "5400000675000"
// RTL Simulation : 0 / 1 [n/a] @ "5500000685000"
// RTL Simulation : 0 / 1 [n/a] @ "5600000695000"
// RTL Simulation : 0 / 1 [n/a] @ "5700000705000"
// RTL Simulation : 0 / 1 [n/a] @ "5800000715000"
// RTL Simulation : 0 / 1 [n/a] @ "5900000725000"
// RTL Simulation : 0 / 1 [n/a] @ "6000000735000"
// RTL Simulation : 0 / 1 [n/a] @ "6100000745000"
// RTL Simulation : 0 / 1 [n/a] @ "6200000755000"
// RTL Simulation : 0 / 1 [n/a] @ "6300000765000"
// RTL Simulation : 0 / 1 [n/a] @ "6400000775000"
// RTL Simulation : 0 / 1 [n/a] @ "6500000785000"
// RTL Simulation : 0 / 1 [n/a] @ "6600000795000"
// RTL Simulation : 0 / 1 [n/a] @ "6700000805000"
// RTL Simulation : 0 / 1 [n/a] @ "6800000815000"
// RTL Simulation : 0 / 1 [n/a] @ "6900000825000"
// RTL Simulation : 0 / 1 [n/a] @ "7000000835000"
// RTL Simulation : 0 / 1 [n/a] @ "7100000845000"
// RTL Simulation : 0 / 1 [n/a] @ "7200000855000"
// RTL Simulation : 0 / 1 [n/a] @ "7300000865000"
// RTL Simulation : 0 / 1 [n/a] @ "7400000875000"
// RTL Simulation : 0 / 1 [n/a] @ "7500000885000"
// RTL Simulation : 0 / 1 [n/a] @ "7600000895000"
// RTL Simulation : 0 / 1 [n/a] @ "7700000905000"
// RTL Simulation : 0 / 1 [n/a] @ "7800000915000"
// RTL Simulation : 0 / 1 [n/a] @ "7900000925000"
// RTL Simulation : 0 / 1 [n/a] @ "8000000935000"
// RTL Simulation : 0 / 1 [n/a] @ "8100000945000"
// RTL Simulation : 0 / 1 [n/a] @ "8200000955000"
// RTL Simulation : 0 / 1 [n/a] @ "8300000965000"
// RTL Simulation : 0 / 1 [n/a] @ "8400000975000"
// RTL Simulation : 0 / 1 [n/a] @ "8500000985000"
// RTL Simulation : 0 / 1 [n/a] @ "8600000995000"
// RTL Simulation : 0 / 1 [n/a] @ "8700001005000"
// RTL Simulation : 0 / 1 [n/a] @ "8800001015000"
// RTL Simulation : 0 / 1 [n/a] @ "8900001025000"
// RTL Simulation : 0 / 1 [n/a] @ "9000001035000"
// RTL Simulation : 0 / 1 [n/a] @ "9100001045000"
// RTL Simulation : 0 / 1 [n/a] @ "9200001055000"
// RTL Simulation : 0 / 1 [n/a] @ "9300001065000"
// RTL Simulation : 0 / 1 [n/a] @ "9400001075000"
// RTL Simulation : 0 / 1 [n/a] @ "9500001085000"
// RTL Simulation : 0 / 1 [n/a] @ "9600001095000"
// RTL Simulation : 0 / 1 [n/a] @ "9700001105000"
// RTL Simulation : 0 / 1 [n/a] @ "9800001115000"
// RTL Simulation : 0 / 1 [n/a] @ "9900001125000"
// RTL Simulation : 0 / 1 [n/a] @ "10000001135000"
// RTL Simulation : 0 / 1 [n/a] @ "10100001145000"
// RTL Simulation : 0 / 1 [n/a] @ "10200001155000"
// RTL Simulation : 0 / 1 [n/a] @ "10300001165000"
// RTL Simulation : 0 / 1 [n/a] @ "10400001175000"
// RTL Simulation : 0 / 1 [n/a] @ "10500001185000"
// RTL Simulation : 0 / 1 [n/a] @ "10600001195000"
// RTL Simulation : 0 / 1 [n/a] @ "10700001205000"
// RTL Simulation : 0 / 1 [n/a] @ "10800001215000"
// RTL Simulation : 0 / 1 [n/a] @ "10900001225000"
// RTL Simulation : 0 / 1 [n/a] @ "11000001235000"
// RTL Simulation : 0 / 1 [n/a] @ "11100001245000"
// RTL Simulation : 0 / 1 [n/a] @ "11200001255000"
// RTL Simulation : 0 / 1 [n/a] @ "11300001265000"
// RTL Simulation : 0 / 1 [n/a] @ "11400001275000"
// RTL Simulation : 0 / 1 [n/a] @ "11500001285000"
// RTL Simulation : 0 / 1 [n/a] @ "11600001295000"
// RTL Simulation : 0 / 1 [n/a] @ "11700001305000"
// RTL Simulation : 0 / 1 [n/a] @ "11800001315000"
// RTL Simulation : 0 / 1 [n/a] @ "11900001325000"
// RTL Simulation : 0 / 1 [n/a] @ "12000001335000"
// RTL Simulation : 0 / 1 [n/a] @ "12100001345000"
// RTL Simulation : 0 / 1 [n/a] @ "12200001355000"
// RTL Simulation : 0 / 1 [n/a] @ "12300001365000"
// RTL Simulation : 0 / 1 [n/a] @ "12400001375000"
// RTL Simulation : 0 / 1 [n/a] @ "12500001385000"
// RTL Simulation : 0 / 1 [n/a] @ "12600001395000"
// RTL Simulation : 0 / 1 [n/a] @ "12700001405000"
// RTL Simulation : 0 / 1 [n/a] @ "12800001415000"
// RTL Simulation : 0 / 1 [n/a] @ "12900001425000"
// RTL Simulation : 0 / 1 [n/a] @ "13000001435000"
// RTL Simulation : 0 / 1 [n/a] @ "13100001445000"
// RTL Simulation : 0 / 1 [n/a] @ "13200001455000"
// RTL Simulation : 0 / 1 [n/a] @ "13300001465000"
// RTL Simulation : 0 / 1 [n/a] @ "13400001475000"
// RTL Simulation : 0 / 1 [n/a] @ "13500001485000"
// RTL Simulation : 0 / 1 [n/a] @ "13600001495000"
// RTL Simulation : 0 / 1 [n/a] @ "13700001505000"
// RTL Simulation : 0 / 1 [n/a] @ "13800001515000"
// RTL Simulation : 0 / 1 [n/a] @ "13900001525000"
// RTL Simulation : 0 / 1 [n/a] @ "14000001535000"
// RTL Simulation : 0 / 1 [n/a] @ "14100001545000"
// RTL Simulation : 0 / 1 [n/a] @ "14200001555000"
// RTL Simulation : 0 / 1 [n/a] @ "14300001565000"
// RTL Simulation : 0 / 1 [n/a] @ "14400001575000"
// RTL Simulation : 0 / 1 [n/a] @ "14500001585000"
// RTL Simulation : 0 / 1 [n/a] @ "14600001595000"
// RTL Simulation : 0 / 1 [n/a] @ "14700001605000"
// RTL Simulation : 0 / 1 [n/a] @ "14800001615000"
// RTL Simulation : 0 / 1 [n/a] @ "14900001625000"
// RTL Simulation : 0 / 1 [n/a] @ "15000001635000"
// RTL Simulation : 0 / 1 [n/a] @ "15100001645000"
// RTL Simulation : 0 / 1 [n/a] @ "15200001655000"
// RTL Simulation : 0 / 1 [n/a] @ "15300001665000"
// RTL Simulation : 0 / 1 [n/a] @ "15400001675000"
// RTL Simulation : 0 / 1 [n/a] @ "15500001685000"
// RTL Simulation : 0 / 1 [n/a] @ "15600001695000"
// RTL Simulation : 0 / 1 [n/a] @ "15700001705000"
// RTL Simulation : 0 / 1 [n/a] @ "15800001715000"
// RTL Simulation : 0 / 1 [n/a] @ "15900001725000"
// RTL Simulation : 0 / 1 [n/a] @ "16000001735000"
// RTL Simulation : 0 / 1 [n/a] @ "16100001745000"
// RTL Simulation : 0 / 1 [n/a] @ "16200001755000"
// RTL Simulation : 0 / 1 [n/a] @ "16300001765000"
// RTL Simulation : 0 / 1 [n/a] @ "16400001775000"
// RTL Simulation : 0 / 1 [n/a] @ "16500001785000"
// RTL Simulation : 0 / 1 [n/a] @ "16600001795000"
// RTL Simulation : 0 / 1 [n/a] @ "16700001805000"
// RTL Simulation : 0 / 1 [n/a] @ "16800001815000"
// RTL Simulation : 0 / 1 [n/a] @ "16900001825000"
// RTL Simulation : 0 / 1 [n/a] @ "17000001835000"
// RTL Simulation : 0 / 1 [n/a] @ "17100001845000"
// RTL Simulation : 0 / 1 [n/a] @ "17200001855000"
// RTL Simulation : 0 / 1 [n/a] @ "17300001865000"
// RTL Simulation : 0 / 1 [n/a] @ "17400001875000"
// RTL Simulation : 0 / 1 [n/a] @ "17500001885000"
// RTL Simulation : 0 / 1 [n/a] @ "17600001895000"
// RTL Simulation : 0 / 1 [n/a] @ "17700001905000"
// RTL Simulation : 0 / 1 [n/a] @ "17800001915000"
// RTL Simulation : 0 / 1 [n/a] @ "17900001925000"
// RTL Simulation : 0 / 1 [n/a] @ "18000001935000"
// RTL Simulation : 0 / 1 [n/a] @ "18100001945000"
// RTL Simulation : 0 / 1 [n/a] @ "18200001955000"
// RTL Simulation : 0 / 1 [n/a] @ "18300001965000"
// RTL Simulation : 0 / 1 [n/a] @ "18400001975000"
// RTL Simulation : 0 / 1 [n/a] @ "18500001985000"
// RTL Simulation : 0 / 1 [n/a] @ "18600001995000"
// RTL Simulation : 0 / 1 [n/a] @ "18700002005000"
// RTL Simulation : 0 / 1 [n/a] @ "18800002015000"
// RTL Simulation : 0 / 1 [n/a] @ "18900002025000"
// RTL Simulation : 0 / 1 [n/a] @ "19000002035000"
// RTL Simulation : 0 / 1 [n/a] @ "19100002045000"
// RTL Simulation : 0 / 1 [n/a] @ "19200002055000"
// RTL Simulation : 0 / 1 [n/a] @ "19300002065000"
// RTL Simulation : 0 / 1 [n/a] @ "19400002075000"
// RTL Simulation : 0 / 1 [n/a] @ "19500002085000"
// RTL Simulation : 0 / 1 [n/a] @ "19600002095000"
// RTL Simulation : 0 / 1 [n/a] @ "19700002105000"
// RTL Simulation : 0 / 1 [n/a] @ "19800002115000"
// RTL Simulation : 0 / 1 [n/a] @ "19900002125000"
// RTL Simulation : 0 / 1 [n/a] @ "20000002135000"
// RTL Simulation : 0 / 1 [n/a] @ "20100002145000"
// RTL Simulation : 0 / 1 [n/a] @ "20200002155000"
// RTL Simulation : 0 / 1 [n/a] @ "20300002165000"
// RTL Simulation : 0 / 1 [n/a] @ "20400002175000"
// RTL Simulation : 0 / 1 [n/a] @ "20500002185000"
// RTL Simulation : 0 / 1 [n/a] @ "20600002195000"
// RTL Simulation : 0 / 1 [n/a] @ "20700002205000"
// RTL Simulation : 0 / 1 [n/a] @ "20800002215000"
// RTL Simulation : 0 / 1 [n/a] @ "20900002225000"
// RTL Simulation : 0 / 1 [n/a] @ "21000002235000"
// RTL Simulation : 0 / 1 [n/a] @ "21100002245000"
// RTL Simulation : 0 / 1 [n/a] @ "21200002255000"
// RTL Simulation : 0 / 1 [n/a] @ "21300002265000"
// RTL Simulation : 0 / 1 [n/a] @ "21400002275000"
// RTL Simulation : 0 / 1 [n/a] @ "21500002285000"
// RTL Simulation : 0 / 1 [n/a] @ "21600002295000"
// RTL Simulation : 0 / 1 [n/a] @ "21700002305000"
// RTL Simulation : 0 / 1 [n/a] @ "21800002315000"
// RTL Simulation : 0 / 1 [n/a] @ "21900002325000"
// RTL Simulation : 0 / 1 [n/a] @ "22000002335000"
// RTL Simulation : 0 / 1 [n/a] @ "22100002345000"
// RTL Simulation : 0 / 1 [n/a] @ "22200002355000"
// RTL Simulation : 0 / 1 [n/a] @ "22300002365000"
// RTL Simulation : 0 / 1 [n/a] @ "22400002375000"
// RTL Simulation : 0 / 1 [n/a] @ "22500002385000"
// RTL Simulation : 0 / 1 [n/a] @ "22600002395000"
// RTL Simulation : 0 / 1 [n/a] @ "22700002405000"
// RTL Simulation : 0 / 1 [n/a] @ "22800002415000"
// RTL Simulation : 0 / 1 [n/a] @ "22900002425000"
// RTL Simulation : 0 / 1 [n/a] @ "23000002435000"
// RTL Simulation : 0 / 1 [n/a] @ "23100002445000"
// RTL Simulation : 0 / 1 [n/a] @ "23200002455000"
// RTL Simulation : 0 / 1 [n/a] @ "23300002465000"
// RTL Simulation : 0 / 1 [n/a] @ "23400002475000"
// RTL Simulation : 0 / 1 [n/a] @ "23500002485000"
// RTL Simulation : 0 / 1 [n/a] @ "23600002495000"
// RTL Simulation : 0 / 1 [n/a] @ "23700002505000"
// RTL Simulation : 0 / 1 [n/a] @ "23800002515000"
// RTL Simulation : 0 / 1 [n/a] @ "23900002525000"
// RTL Simulation : 0 / 1 [n/a] @ "24000002535000"
// RTL Simulation : 0 / 1 [n/a] @ "24100002545000"
// RTL Simulation : 0 / 1 [n/a] @ "24200002555000"
// RTL Simulation : 0 / 1 [n/a] @ "24300002565000"
// RTL Simulation : 0 / 1 [n/a] @ "24400002575000"
// RTL Simulation : 0 / 1 [n/a] @ "24500002585000"
// RTL Simulation : 0 / 1 [n/a] @ "24600002595000"
// RTL Simulation : 0 / 1 [n/a] @ "24700002605000"
// RTL Simulation : 0 / 1 [n/a] @ "24800002615000"
// RTL Simulation : 0 / 1 [n/a] @ "24900002625000"
// RTL Simulation : 0 / 1 [n/a] @ "25000002635000"
// RTL Simulation : 0 / 1 [n/a] @ "25100002645000"
// RTL Simulation : 0 / 1 [n/a] @ "25200002655000"
// RTL Simulation : 0 / 1 [n/a] @ "25300002665000"
// RTL Simulation : 0 / 1 [n/a] @ "25400002675000"
// RTL Simulation : 0 / 1 [n/a] @ "25500002685000"
// RTL Simulation : 0 / 1 [n/a] @ "25600002695000"
// RTL Simulation : 0 / 1 [n/a] @ "25700002705000"
// RTL Simulation : 0 / 1 [n/a] @ "25800002715000"
// RTL Simulation : 0 / 1 [n/a] @ "25900002725000"
// RTL Simulation : 0 / 1 [n/a] @ "26000002735000"
// RTL Simulation : 0 / 1 [n/a] @ "26100002745000"
// RTL Simulation : 0 / 1 [n/a] @ "26200002755000"
// RTL Simulation : 0 / 1 [n/a] @ "26300002765000"
// RTL Simulation : 0 / 1 [n/a] @ "26400002775000"
// RTL Simulation : 0 / 1 [n/a] @ "26500002785000"
// RTL Simulation : 0 / 1 [n/a] @ "26600002795000"
// RTL Simulation : 0 / 1 [n/a] @ "26700002805000"
// RTL Simulation : 0 / 1 [n/a] @ "26800002815000"
// RTL Simulation : 0 / 1 [n/a] @ "26900002825000"
// RTL Simulation : 0 / 1 [n/a] @ "27000002835000"
// RTL Simulation : 0 / 1 [n/a] @ "27100002845000"
// RTL Simulation : 0 / 1 [n/a] @ "27200002855000"
// RTL Simulation : 0 / 1 [n/a] @ "27300002865000"
// RTL Simulation : 0 / 1 [n/a] @ "27400002875000"
// RTL Simulation : 0 / 1 [n/a] @ "27500002885000"
// RTL Simulation : 0 / 1 [n/a] @ "27600002895000"
// RTL Simulation : 0 / 1 [n/a] @ "27700002905000"
// RTL Simulation : 0 / 1 [n/a] @ "27800002915000"
// RTL Simulation : 0 / 1 [n/a] @ "27900002925000"
// RTL Simulation : 0 / 1 [n/a] @ "28000002935000"
// RTL Simulation : 0 / 1 [n/a] @ "28100002945000"
// RTL Simulation : 0 / 1 [n/a] @ "28200002955000"
// RTL Simulation : 0 / 1 [n/a] @ "28300002965000"
// RTL Simulation : 0 / 1 [n/a] @ "28400002975000"
// RTL Simulation : 0 / 1 [n/a] @ "28500002985000"
// RTL Simulation : 0 / 1 [n/a] @ "28600002995000"
// RTL Simulation : 0 / 1 [n/a] @ "28700003005000"
// RTL Simulation : 0 / 1 [n/a] @ "28800003015000"
// RTL Simulation : 0 / 1 [n/a] @ "28900003025000"
// RTL Simulation : 0 / 1 [n/a] @ "29000003035000"
// RTL Simulation : 0 / 1 [n/a] @ "29100003045000"
// RTL Simulation : 0 / 1 [n/a] @ "29200003055000"
// RTL Simulation : 0 / 1 [n/a] @ "29300003065000"
// RTL Simulation : 0 / 1 [n/a] @ "29400003075000"
// RTL Simulation : 0 / 1 [n/a] @ "29500003085000"
// RTL Simulation : 0 / 1 [n/a] @ "29600003095000"
// RTL Simulation : 0 / 1 [n/a] @ "29700003105000"
// RTL Simulation : 0 / 1 [n/a] @ "29800003115000"
// RTL Simulation : 0 / 1 [n/a] @ "29900003125000"
// RTL Simulation : 0 / 1 [n/a] @ "30000003135000"
// RTL Simulation : 0 / 1 [n/a] @ "30100003145000"
// RTL Simulation : 0 / 1 [n/a] @ "30200003155000"
// RTL Simulation : 0 / 1 [n/a] @ "30300003165000"
// RTL Simulation : 0 / 1 [n/a] @ "30400003175000"
// RTL Simulation : 0 / 1 [n/a] @ "30500003185000"
// RTL Simulation : 0 / 1 [n/a] @ "30600003195000"
// RTL Simulation : 0 / 1 [n/a] @ "30700003205000"
// RTL Simulation : 0 / 1 [n/a] @ "30800003215000"
// RTL Simulation : 0 / 1 [n/a] @ "30900003225000"
// RTL Simulation : 0 / 1 [n/a] @ "31000003235000"
// RTL Simulation : 0 / 1 [n/a] @ "31100003245000"
// RTL Simulation : 0 / 1 [n/a] @ "31200003255000"
// RTL Simulation : 0 / 1 [n/a] @ "31300003265000"
// RTL Simulation : 0 / 1 [n/a] @ "31400003275000"
// RTL Simulation : 0 / 1 [n/a] @ "31500003285000"
// RTL Simulation : 0 / 1 [n/a] @ "31600003295000"
// RTL Simulation : 0 / 1 [n/a] @ "31700003305000"
INFO: [Common 17-41] Interrupt caught. Command should exit soon.
run: Time (s): cpu = 00:00:00.99 ; elapsed = 02:13:50 . Memory (MB): peak = 1361.488 ; gain = 72.004 ; free physical = 516736 ; free virtual = 629890
INFO: [Common 17-344] 'run' was cancelled
xsim: Time (s): cpu = 00:00:01 ; elapsed = 02:13:52 . Memory (MB): peak = 1361.488 ; gain = 169.875 ; free physical = 516729 ; free virtual = 629882
INFO: [Common 17-344] 'source' was cancelled
