#-----------------------------------------------------------
# xsim v2023.1 (64-bit)
# SW Build 3865809 on Sun May  7 15:04:56 MDT 2023
# IP Build 3864474 on Sun May  7 20:36:21 MDT 2023
# SharedData Build 3865790 on Sun May 07 13:33:03 MDT 2023
# Start of session at: Thu Apr 23 02:42:22 2026
# Process ID: 300473
# Current directory: /home/coder/Desktop/s2n2/convSNN/convSNN_hls/fc_finn_prj/xcvu9p-flga2577-2-e/sim/verilog
# Command line: xsim -mode tcl -source {xsim.dir/fc_finn_top/xsim_script.tcl}
# Log file: /home/coder/Desktop/s2n2/convSNN/convSNN_hls/fc_finn_prj/xcvu9p-flga2577-2-e/sim/verilog/xsim.log
# Journal file: /home/coder/Desktop/s2n2/convSNN/convSNN_hls/fc_finn_prj/xcvu9p-flga2577-2-e/sim/verilog/xsim.jou
# Running On: coder-kwlaial-kellylaijetnet, OS: Linux, CPU Frequency: 3223.390 MHz, CPU Physical cores: 16, Host memory: 540851 MB
#-----------------------------------------------------------
source xsim.dir/fc_finn_top/xsim_script.tcl
# xsim {fc_finn_top} -autoloadwcfg -tclbatch {fc_finn_top.tcl}
Time resolution is 1 ps
source fc_finn_top.tcl
## run all
////////////////////////////////////////////////////////////////////////////////////
// Inter-Transaction Progress: Completed Transaction / Total Transaction
// Intra-Transaction Progress: Measured Latency / Latency Estimation * 100%
//
// RTL Simulation : "Inter-Transaction Progress" ["Intra-Transaction Progress"] @ "Simulation Time"
////////////////////////////////////////////////////////////////////////////////////
// RTL Simulation : 0 / 1 [0.00%] @ "125000"
// RTL Simulation : 1 / 1 [100.00%] @ "1005000"
////////////////////////////////////////////////////////////////////////////////////
$finish called at time : 1065 ns : File "/home/coder/Desktop/s2n2/convSNN/convSNN_hls/fc_finn_prj/xcvu9p-flga2577-2-e/sim/verilog/fc_finn_top.autotb.v" Line 886
## quit
INFO: [Common 17-206] Exiting xsim at Thu Apr 23 02:44:34 2026...
