

================================================================
== Vivado HLS Report for 'ConvolutionInputGene'
================================================================
* Date:           Thu Oct 16 02:18:48 2025

* Version:        2020.1 (Build 2897737 on Wed May 27 20:21:37 MDT 2020)
* Project:        convSNN_conv1
* Solution:       xc7a200t-fbg484-2
* Product family: artix7
* Target device:  xc7a200t-fbg484-2


================================================================
== Performance Estimates
================================================================
+ Timing: 
    * Summary: 
    +--------+----------+----------+------------+
    |  Clock |  Target  | Estimated| Uncertainty|
    +--------+----------+----------+------------+
    |ap_clk  | 10.00 ns | 6.880 ns |   1.25 ns  |
    +--------+----------+----------+------------+

+ Latency: 
    * Summary: 
    +---------+---------+----------+----------+-----+-----+---------+
    |  Latency (cycles) |  Latency (absolute) |  Interval | Pipeline|
    |   min   |   max   |    min   |    max   | min | max |   Type  |
    +---------+---------+----------+----------+-----+-----+---------+
    |        ?|        ?|         ?|         ?|    ?|    ?|   none  |
    +---------+---------+----------+----------+-----+-----+---------+

    + Detail: 
        * Instance: 
        N/A

        * Loop: 
        +----------+---------+---------+----------+-----------+-----------+------+----------+
        |          |  Latency (cycles) | Iteration|  Initiation Interval  | Trip |          |
        | Loop Name|   min   |   max   |  Latency |  achieved |   target  | Count| Pipelined|
        +----------+---------+---------+----------+-----------+-----------+------+----------+
        |- Loop 1  |        ?|        ?|         2|          1|          1|     ?|    yes   |
        +----------+---------+---------+----------+-----------+-----------+------+----------+



================================================================
== Utilization Estimates
================================================================
* Summary: 
+-----------------+---------+-------+--------+--------+-----+
|       Name      | BRAM_18K| DSP48E|   FF   |   LUT  | URAM|
+-----------------+---------+-------+--------+--------+-----+
|DSP              |        -|      -|       -|       -|    -|
|Expression       |        -|      2|       0|    1160|    -|
|FIFO             |        -|      -|       -|       -|    -|
|Instance         |        -|      -|       -|       -|    -|
|Memory           |        0|      -|      12|       2|    0|
|Multiplexer      |        -|      -|       -|     246|    -|
|Register         |        -|      -|     512|       -|    -|
+-----------------+---------+-------+--------+--------+-----+
|Total            |        0|      2|     524|    1408|    0|
+-----------------+---------+-------+--------+--------+-----+
|Available        |      730|    740|  269200|  134600|    0|
+-----------------+---------+-------+--------+--------+-----+
|Utilization (%)  |        0|   ~0  |   ~0   |       1|    0|
+-----------------+---------+-------+--------+--------+-----+

+ Detail: 
    * Instance: 
    N/A

    * DSP48E: 
    N/A

    * Memory: 
    +----------------+----------------------+---------+---+----+-----+------+-----+------+-------------+
    |     Memory     |        Module        | BRAM_18K| FF| LUT| URAM| Words| Bits| Banks| W*Bits*Banks|
    +----------------+----------------------+---------+---+----+-----+------+-----+------+-------------+
    |inputBuf_0_V_U  |ConvolutionInputGbkb  |        0|  6|   1|    0|    10|    3|     1|           30|
    |inputBuf_1_V_U  |ConvolutionInputGbkb  |        0|  6|   1|    0|    10|    3|     1|           30|
    +----------------+----------------------+---------+---+----+-----+------+-----+------+-------------+
    |Total           |                      |        0| 12|   2|    0|    20|    6|     2|           60|
    +----------------+----------------------+---------+---+----+-----+------+-----+------+-------------+

    * FIFO: 
    N/A

    * Expression: 
    +-----------------------------------+----------+-------+---+----+------------+------------+
    |           Variable Name           | Operation| DSP48E| FF| LUT| Bitwidth P0| Bitwidth P1|
    +-----------------------------------+----------+-------+---+----+------------+------------+
    |bound_fu_313_p2                    |     *    |      2|  0|  21|          32|           7|
    |add_ln196_fu_324_p2                |     +    |      0|  0|  46|          39|           1|
    |add_ln197_fu_618_p2                |     +    |      0|  0|  15|           7|           1|
    |add_ln220_fu_388_p2                |     +    |      0|  0|  32|          32|          32|
    |add_ln255_fu_527_p2                |     +    |      0|  0|  13|           4|           1|
    |count_simd_fu_406_p2               |     +    |      0|  0|  39|           1|          32|
    |counter_internal_blo_3_fu_566_p2   |     +    |      0|  0|  39|          32|           1|
    |current_block_write_7_fu_667_p2    |     +    |      0|  0|  39|          32|           1|
    |current_block_write_fu_709_p2      |     +    |      0|  0|  39|          32|           1|
    |current_line_in_bloc_fu_394_p2     |     +    |      0|  0|  32|          32|          32|
    |grp_fu_262_p2                      |     +    |      0|  0|  39|          32|           1|
    |inp_fu_591_p2                      |     +    |      0|  0|  39|          32|           1|
    |k_x_fu_423_p2                      |     +    |      0|  0|  39|          32|           1|
    |k_y_fu_382_p2                      |     +    |      0|  0|  39|           1|          32|
    |ofm_x_fu_457_p2                    |     +    |      0|  0|  39|          32|           1|
    |ofm_y_fu_477_p2                    |     +    |      0|  0|  39|          32|           1|
    |read_block_fu_607_p2               |     +    |      0|  0|  39|          32|           1|
    |and_ln245_fu_521_p2                |    and   |      0|  0|   2|           1|           1|
    |ap_block_pp0                       |    and   |      0|  0|   2|           1|           1|
    |ap_block_pp0_stage0_01001          |    and   |      0|  0|   2|           1|           1|
    |ap_condition_337                   |    and   |      0|  0|   2|           1|           1|
    |ap_condition_348                   |    and   |      0|  0|   2|           1|           1|
    |ap_condition_51                    |    and   |      0|  0|   2|           1|           1|
    |ap_enable_state3_pp0_iter0_stage0  |    and   |      0|  0|   2|           1|           1|
    |ap_enable_state4_pp0_iter1_stage0  |    and   |      0|  0|   2|           1|           1|
    |ap_predicate_op148_load_state4     |    and   |      0|  0|   2|           1|           1|
    |ap_predicate_op154_read_state4     |    and   |      0|  0|   2|           1|           1|
    |ap_predicate_op181_store_state4    |    and   |      0|  0|   2|           1|           1|
    |ap_predicate_op183_store_state4    |    and   |      0|  0|   2|           1|           1|
    |ap_predicate_op63_load_state3      |    and   |      0|  0|   2|           1|           1|
    |icmp_ln196_fu_319_p2               |   icmp   |      0|  0|  21|          39|          39|
    |icmp_ln197_fu_336_p2               |   icmp   |      0|  0|  11|           7|           6|
    |icmp_ln199_fu_355_p2               |   icmp   |      0|  0|  18|          32|           4|
    |icmp_ln205_fu_274_p2               |   icmp   |      0|  0|  18|          32|           4|
    |icmp_ln208_fu_715_p2               |   icmp   |      0|  0|  18|          32|           2|
    |icmp_ln215_fu_364_p2               |   icmp   |      0|  0|  18|          32|           4|
    |icmp_ln224_fu_412_p2               |   icmp   |      0|  0|  18|          32|           1|
    |icmp_ln227_fu_429_p2               |   icmp   |      0|  0|  18|          32|           1|
    |icmp_ln230_fu_443_p2               |   icmp   |      0|  0|  18|          32|           1|
    |icmp_ln233_fu_463_p2               |   icmp   |      0|  0|  18|          32|           4|
    |icmp_ln236_fu_483_p2               |   icmp   |      0|  0|  18|          32|           4|
    |icmp_ln245_fu_515_p2               |   icmp   |      0|  0|  18|          32|           4|
    |icmp_ln252_fu_268_p2               |   icmp   |      0|  0|  18|          32|           4|
    |icmp_ln257_fu_673_p2               |   icmp   |      0|  0|  18|          32|           2|
    |icmp_ln264_fu_572_p2               |   icmp   |      0|  0|  18|          32|           4|
    |ap_block_state1                    |    or    |      0|  0|   2|           1|           1|
    |ap_block_state4_pp0_stage0_iter1   |    or    |      0|  0|   2|           1|           1|
    |current_block_write_6_fu_721_p3    |  select  |      0|  0|  32|           1|           1|
    |current_block_write_8_fu_679_p3    |  select  |      0|  0|  32|           1|           1|
    |current_block_write_9_fu_687_p3    |  select  |      0|  0|  32|           1|          32|
    |i_fu_624_p3                        |  select  |      0|  0|   7|           1|           1|
    |out_V_V_din                        |  select  |      0|  0|   3|           1|           3|
    |read_block_3_fu_541_p3             |  select  |      0|  0|   4|           1|           4|
    |select_ln197_fu_342_p3             |  select  |      0|  0|  32|           1|           1|
    |select_ln236_1_fu_497_p3           |  select  |      0|  0|  32|           1|           1|
    |select_ln236_fu_489_p3             |  select  |      0|  0|  32|           1|           1|
    |select_ln252_fu_533_p3             |  select  |      0|  0|  32|           1|           1|
    |select_ln264_fu_578_p3             |  select  |      0|  0|  32|           1|           1|
    |ap_enable_pp0                      |    xor   |      0|  0|   2|           1|           2|
    |ap_enable_reg_pp0_iter1            |    xor   |      0|  0|   2|           2|           1|
    |xor_ln221_fu_639_p2                |    xor   |      0|  0|   2|           1|           1|
    +-----------------------------------+----------+-------+---+----+------------+------------+
    |Total                              |          |      2|  0|1160|         928|         297|
    +-----------------------------------+----------+-------+---+----+------------+------------+

    * Multiplexer: 
    +-----------------------------+----+-----------+-----+-----------+
    |             Name            | LUT| Input Size| Bits| Total Bits|
    +-----------------------------+----+-----------+-----+-----------+
    |ap_NS_fsm                    |  27|          5|    1|          5|
    |ap_done                      |   9|          2|    1|          2|
    |ap_enable_reg_pp0_iter1      |  15|          3|    1|          3|
    |count_simd_1_fu_92           |   9|          2|   32|         64|
    |counter_internal_blo_fu_104  |   9|          2|   32|         64|
    |current_block_write_5_fu_96  |  15|          3|   32|         96|
    |current_line_2_fu_100        |  15|          3|   32|         96|
    |i_0_i_reg_208                |   9|          2|    7|         14|
    |in_V_V_blk_n                 |   9|          2|    1|          2|
    |indvar_flatten_reg_197       |   9|          2|   39|         78|
    |inp_1_fu_84                  |  15|          3|   32|         96|
    |inputBuf_0_V_address1        |  15|          3|    4|         12|
    |inputBuf_1_V_address1        |  15|          3|    4|         12|
    |k_x_1_fu_88                  |   9|          2|   32|         64|
    |k_y_1_fu_80                  |   9|          2|   32|         64|
    |numReps_blk_n                |   9|          2|    1|          2|
    |ofm_x_1_fu_76                |   9|          2|   32|         64|
    |ofm_y_1_i_fu_72              |   9|          2|   32|         64|
    |out_V_V_blk_n                |   9|          2|    1|          2|
    |read_block_2_fu_68           |  21|          4|   32|        128|
    +-----------------------------+----+-----------+-----+-----------+
    |Total                        | 246|         51|  380|        932|
    +-----------------------------+----+-----------+-----+-----------+

    * Register: 
    +-----------------------------+----+----+-----+-----------+
    |             Name            | FF | LUT| Bits| Const Bits|
    +-----------------------------+----+----+-----+-----------+
    |and_ln245_reg_870            |   1|   0|    1|          0|
    |ap_CS_fsm                    |   4|   0|    4|          0|
    |ap_done_reg                  |   1|   0|    1|          0|
    |ap_enable_reg_pp0_iter0      |   1|   0|    1|          0|
    |ap_enable_reg_pp0_iter1      |   1|   0|    1|          0|
    |bound_reg_821                |  38|   0|   39|          1|
    |count_simd_1_fu_92           |  32|   0|   32|          0|
    |counter_internal_blo_fu_104  |  32|   0|   32|          0|
    |current_block_write_5_fu_96  |  32|   0|   32|          0|
    |current_line_2_fu_100        |  32|   0|   32|          0|
    |i_0_i_reg_208                |   7|   0|    7|          0|
    |icmp_ln199_reg_835           |   1|   0|    1|          0|
    |icmp_ln205_reg_879           |   1|   0|    1|          0|
    |icmp_ln215_reg_839           |   1|   0|    1|          0|
    |icmp_ln252_reg_874           |   1|   0|    1|          0|
    |indvar_flatten_reg_197       |  39|   0|   39|          0|
    |inp_1_fu_84                  |  32|   0|   32|          0|
    |k_x_1_fu_88                  |  32|   0|   32|          0|
    |k_y_1_fu_80                  |  32|   0|   32|          0|
    |k_y_1_load_reg_843           |  32|   0|   32|          0|
    |numReps_read_reg_816         |  32|   0|   32|          0|
    |ofm_x_1_fu_76                |  32|   0|   32|          0|
    |ofm_y_1_i_fu_72              |  32|   0|   32|          0|
    |read_block_2_fu_68           |  32|   0|   32|          0|
    |reg_286                      |  32|   0|   32|          0|
    +-----------------------------+----+----+-----+-----------+
    |Total                        | 512|   0|  513|          1|
    +-----------------------------+----+----+-----+-----------+



================================================================
== Interface
================================================================
* Summary: 
+-----------------+-----+-----+------------+----------------------+--------------+
|    RTL Ports    | Dir | Bits|  Protocol  |     Source Object    |    C Type    |
+-----------------+-----+-----+------------+----------------------+--------------+
|ap_clk           |  in |    1| ap_ctrl_hs | ConvolutionInputGene | return value |
|ap_rst           |  in |    1| ap_ctrl_hs | ConvolutionInputGene | return value |
|ap_start         |  in |    1| ap_ctrl_hs | ConvolutionInputGene | return value |
|ap_done          | out |    1| ap_ctrl_hs | ConvolutionInputGene | return value |
|ap_continue      |  in |    1| ap_ctrl_hs | ConvolutionInputGene | return value |
|ap_idle          | out |    1| ap_ctrl_hs | ConvolutionInputGene | return value |
|ap_ready         | out |    1| ap_ctrl_hs | ConvolutionInputGene | return value |
|in_V_V_dout      |  in |    3|   ap_fifo  |        in_V_V        |    pointer   |
|in_V_V_empty_n   |  in |    1|   ap_fifo  |        in_V_V        |    pointer   |
|in_V_V_read      | out |    1|   ap_fifo  |        in_V_V        |    pointer   |
|out_V_V_din      | out |    3|   ap_fifo  |        out_V_V       |    pointer   |
|out_V_V_full_n   |  in |    1|   ap_fifo  |        out_V_V       |    pointer   |
|out_V_V_write    | out |    1|   ap_fifo  |        out_V_V       |    pointer   |
|numReps_dout     |  in |   32|   ap_fifo  |        numReps       |    pointer   |
|numReps_empty_n  |  in |    1|   ap_fifo  |        numReps       |    pointer   |
|numReps_read     | out |    1|   ap_fifo  |        numReps       |    pointer   |
+-----------------+-----+-----+------------+----------------------+--------------+

