#-----------------------------------------------------------
# xsim v2020.1 (64-bit)
# SW Build 2902540 on Wed May 27 19:54:35 MDT 2020
# IP Build 2902112 on Wed May 27 22:43:36 MDT 2020
# Start of session at: Thu Sep 25 03:21:40 2025
# Process ID: 78059
# Current directory: /home/coder/Desktop/s2n2/convSNN/convSNN_hls/convSNN_fc1/new/sim/verilog
# Command line: xsim -mode tcl -source {xsim.dir/fc1_top/xsim_script.tcl}
# Log file: /home/coder/Desktop/s2n2/convSNN/convSNN_hls/convSNN_fc1/new/sim/verilog/xsim.log
# Journal file: /home/coder/Desktop/s2n2/convSNN/convSNN_hls/convSNN_fc1/new/sim/verilog/xsim.jou
#-----------------------------------------------------------
source xsim.dir/fc1_top/xsim_script.tcl
# xsim {fc1_top} -autoloadwcfg -tclbatch {fc1_top.tcl}
Vivado Simulator 2020.1
Time resolution is 1 ps
source fc1_top.tcl
## run all
////////////////////////////////////////////////////////////////////////////////////
// Inter-Transaction Progress: Completed Transaction / Total Transaction
// Intra-Transaction Progress: Measured Latency / Latency Estimation * 100%
//
// RTL Simulation : "Inter-Transaction Progress" ["Intra-Transaction Progress"] @ "Simulation Time"
////////////////////////////////////////////////////////////////////////////////////
// RTL Simulation : 0 / 1 [n/a] @ "125000"
// RTL Simulation : 1 / 1 [n/a] @ "32165000"
////////////////////////////////////////////////////////////////////////////////////
$finish called at time : 32205 ns : File "/home/coder/Desktop/s2n2/convSNN/convSNN_hls/convSNN_fc1/new/sim/verilog/fc1_top.autotb.v" Line 331
## quit
INFO: [Common 17-206] Exiting xsim at Thu Sep 25 03:21:57 2025...
