#-----------------------------------------------------------
# Vivado v2020.1 (64-bit)
# SW Build 2902540 on Wed May 27 19:54:35 MDT 2020
# IP Build 2902112 on Wed May 27 22:43:36 MDT 2020
# Start of session at: Tue Aug 12 02:42:43 2025
# Process ID: 5876
# Current directory: /home/coder/Desktop/s2n2/convSNN/convSNN_hls/solution1
# Command line: vivado -mode tcl
# Log file: /home/coder/Desktop/s2n2/convSNN/convSNN_hls/solution1/vivado.log
# Journal file: /home/coder/Desktop/s2n2/convSNN/convSNN_hls/solution1/vivado.jou
#-----------------------------------------------------------
cd /home/coder/Desktop/s2n2/convSNN/convSNN_hls/solution1/convSNN_hls/solution1/syn/verilog
ipx::package_project -root_dir ../../ip_conv1_lif_top -vendor user.org -library user -taxonomy /UserIP
ERROR: [Common 17-53] User Exception: No open project. Please create or open a project before executing this command.
create_project conv1_lif_ip_proj /home/coder/Desktop/s2n2/convSNN/ip_proj -part xczu28dr-ffvg1517-2-e
create_project: Time (s): cpu = 00:00:02 ; elapsed = 00:00:36 . Memory (MB): peak = 2173.652 ; gain = 0.023 ; free physical = 457524 ; free virtual = 765500
conv1_lif_ip_proj
add_files /home/coder/Desktop/s2n2/convSNN/convSNN_hls/solution1/convSNN_hls/solution1/syn/verilog
/home/coder/Desktop/s2n2/convSNN/convSNN_hls/solution1/convSNN_hls/solution1/syn/verilog/start_for_Block_ZJfO.v /home/coder/Desktop/s2n2/convSNN/convSNN_hls/solution1/convSNN_hls/solution1/syn/verilog/fifo_w32_d2_A.v /home/coder/Desktop/s2n2/convSNN/convSNN_hls/solution1/convSNN_hls/solution1/syn/verilog/fifo_w3_d2_A.v /home/coder/Desktop/s2n2/convSNN/convSNN_hls/solution1/convSNN_hls/solution1/syn/verilog/Matrix_Vector_ActdEe.v /home/coder/Desktop/s2n2/convSNN/convSNN_hls/solution1/convSNN_hls/solution1/syn/verilog/ConvolutionInputGbkb.v /home/coder/Desktop/s2n2/convSNN/convSNN_hls/solution1/convSNN_hls/solution1/syn/verilog/conv1_lif_top.v /home/coder/Desktop/s2n2/convSNN/convSNN_hls/solution1/convSNN_hls/solution1/syn/verilog/Matrix_Vector_Activa.v /home/coder/Desktop/s2n2/convSNN/convSNN_hls/solution1/convSNN_hls/solution1/syn/verilog/Block_ZN8ap_fixedIL.v /home/coder/Desktop/s2n2/convSNN/convSNN_hls/solution1/convSNN_hls/solution1/syn/verilog/ConvolutionInputGene.v /home/coder/Desktop/s2n2/convSNN/convSNN_hls/solution1/convSNN_hls/solution1/syn/verilog/conv1_lif_top_entry3.v
set_property top conv1_lif_top [current_fileset]
ipx::package_project -root_dir /home/coder/Desktop/s2n2/convSNN/ip_conv1_lif_top -vendor user.org -library user -taxonomy /UserIP
CRITICAL WARNING: [IP_Flow 19-459] IP file '/home/coder/Desktop/s2n2/convSNN/convSNN_hls/solution1/convSNN_hls/solution1/syn/verilog/Block_ZN8ap_fixedIL.v' appears to be outside of the project area '/home/coder/Desktop/s2n2/convSNN/ip_conv1_lif_top'. You can use the ipx::package_project -import_files option to copy remote files into the IP directory.
CRITICAL WARNING: [IP_Flow 19-459] IP file '/home/coder/Desktop/s2n2/convSNN/convSNN_hls/solution1/convSNN_hls/solution1/syn/verilog/ConvolutionInputGbkb.v' appears to be outside of the project area '/home/coder/Desktop/s2n2/convSNN/ip_conv1_lif_top'. You can use the ipx::package_project -import_files option to copy remote files into the IP directory.
CRITICAL WARNING: [IP_Flow 19-459] IP file '/home/coder/Desktop/s2n2/convSNN/convSNN_hls/solution1/convSNN_hls/solution1/syn/verilog/ConvolutionInputGene.v' appears to be outside of the project area '/home/coder/Desktop/s2n2/convSNN/ip_conv1_lif_top'. You can use the ipx::package_project -import_files option to copy remote files into the IP directory.
CRITICAL WARNING: [IP_Flow 19-459] IP file '/home/coder/Desktop/s2n2/convSNN/convSNN_hls/solution1/convSNN_hls/solution1/syn/verilog/Matrix_Vector_ActdEe.v' appears to be outside of the project area '/home/coder/Desktop/s2n2/convSNN/ip_conv1_lif_top'. You can use the ipx::package_project -import_files option to copy remote files into the IP directory.
CRITICAL WARNING: [IP_Flow 19-459] IP file '/home/coder/Desktop/s2n2/convSNN/convSNN_hls/solution1/convSNN_hls/solution1/syn/verilog/Matrix_Vector_Activa.v' appears to be outside of the project area '/home/coder/Desktop/s2n2/convSNN/ip_conv1_lif_top'. You can use the ipx::package_project -import_files option to copy remote files into the IP directory.
CRITICAL WARNING: [IP_Flow 19-459] IP file '/home/coder/Desktop/s2n2/convSNN/convSNN_hls/solution1/convSNN_hls/solution1/syn/verilog/conv1_lif_top_entry3.v' appears to be outside of the project area '/home/coder/Desktop/s2n2/convSNN/ip_conv1_lif_top'. You can use the ipx::package_project -import_files option to copy remote files into the IP directory.
CRITICAL WARNING: [IP_Flow 19-459] IP file '/home/coder/Desktop/s2n2/convSNN/convSNN_hls/solution1/convSNN_hls/solution1/syn/verilog/fifo_w32_d2_A.v' appears to be outside of the project area '/home/coder/Desktop/s2n2/convSNN/ip_conv1_lif_top'. You can use the ipx::package_project -import_files option to copy remote files into the IP directory.
CRITICAL WARNING: [IP_Flow 19-459] IP file '/home/coder/Desktop/s2n2/convSNN/convSNN_hls/solution1/convSNN_hls/solution1/syn/verilog/fifo_w3_d2_A.v' appears to be outside of the project area '/home/coder/Desktop/s2n2/convSNN/ip_conv1_lif_top'. You can use the ipx::package_project -import_files option to copy remote files into the IP directory.
CRITICAL WARNING: [IP_Flow 19-459] IP file '/home/coder/Desktop/s2n2/convSNN/convSNN_hls/solution1/convSNN_hls/solution1/syn/verilog/start_for_Block_ZJfO.v' appears to be outside of the project area '/home/coder/Desktop/s2n2/convSNN/ip_conv1_lif_top'. You can use the ipx::package_project -import_files option to copy remote files into the IP directory.
CRITICAL WARNING: [IP_Flow 19-459] IP file '/home/coder/Desktop/s2n2/convSNN/convSNN_hls/solution1/convSNN_hls/solution1/syn/verilog/conv1_lif_top.v' appears to be outside of the project area '/home/coder/Desktop/s2n2/convSNN/ip_conv1_lif_top'. You can use the ipx::package_project -import_files option to copy remote files into the IP directory.
CRITICAL WARNING: [IP_Flow 19-459] IP file '/home/coder/Desktop/s2n2/convSNN/convSNN_hls/solution1/convSNN_hls/solution1/syn/verilog/Block_ZN8ap_fixedIL.v' appears to be outside of the project area '/home/coder/Desktop/s2n2/convSNN/ip_conv1_lif_top'. You can use the ipx::package_project -import_files option to copy remote files into the IP directory.
CRITICAL WARNING: [IP_Flow 19-459] IP file '/home/coder/Desktop/s2n2/convSNN/convSNN_hls/solution1/convSNN_hls/solution1/syn/verilog/ConvolutionInputGbkb.v' appears to be outside of the project area '/home/coder/Desktop/s2n2/convSNN/ip_conv1_lif_top'. You can use the ipx::package_project -import_files option to copy remote files into the IP directory.
CRITICAL WARNING: [IP_Flow 19-459] IP file '/home/coder/Desktop/s2n2/convSNN/convSNN_hls/solution1/convSNN_hls/solution1/syn/verilog/ConvolutionInputGene.v' appears to be outside of the project area '/home/coder/Desktop/s2n2/convSNN/ip_conv1_lif_top'. You can use the ipx::package_project -import_files option to copy remote files into the IP directory.
CRITICAL WARNING: [IP_Flow 19-459] IP file '/home/coder/Desktop/s2n2/convSNN/convSNN_hls/solution1/convSNN_hls/solution1/syn/verilog/Matrix_Vector_ActdEe.v' appears to be outside of the project area '/home/coder/Desktop/s2n2/convSNN/ip_conv1_lif_top'. You can use the ipx::package_project -import_files option to copy remote files into the IP directory.
CRITICAL WARNING: [IP_Flow 19-459] IP file '/home/coder/Desktop/s2n2/convSNN/convSNN_hls/solution1/convSNN_hls/solution1/syn/verilog/Matrix_Vector_Activa.v' appears to be outside of the project area '/home/coder/Desktop/s2n2/convSNN/ip_conv1_lif_top'. You can use the ipx::package_project -import_files option to copy remote files into the IP directory.
CRITICAL WARNING: [IP_Flow 19-459] IP file '/home/coder/Desktop/s2n2/convSNN/convSNN_hls/solution1/convSNN_hls/solution1/syn/verilog/conv1_lif_top_entry3.v' appears to be outside of the project area '/home/coder/Desktop/s2n2/convSNN/ip_conv1_lif_top'. You can use the ipx::package_project -import_files option to copy remote files into the IP directory.
CRITICAL WARNING: [IP_Flow 19-459] IP file '/home/coder/Desktop/s2n2/convSNN/convSNN_hls/solution1/convSNN_hls/solution1/syn/verilog/fifo_w32_d2_A.v' appears to be outside of the project area '/home/coder/Desktop/s2n2/convSNN/ip_conv1_lif_top'. You can use the ipx::package_project -import_files option to copy remote files into the IP directory.
CRITICAL WARNING: [IP_Flow 19-459] IP file '/home/coder/Desktop/s2n2/convSNN/convSNN_hls/solution1/convSNN_hls/solution1/syn/verilog/fifo_w3_d2_A.v' appears to be outside of the project area '/home/coder/Desktop/s2n2/convSNN/ip_conv1_lif_top'. You can use the ipx::package_project -import_files option to copy remote files into the IP directory.
CRITICAL WARNING: [IP_Flow 19-459] IP file '/home/coder/Desktop/s2n2/convSNN/convSNN_hls/solution1/convSNN_hls/solution1/syn/verilog/start_for_Block_ZJfO.v' appears to be outside of the project area '/home/coder/Desktop/s2n2/convSNN/ip_conv1_lif_top'. You can use the ipx::package_project -import_files option to copy remote files into the IP directory.
CRITICAL WARNING: [IP_Flow 19-459] IP file '/home/coder/Desktop/s2n2/convSNN/convSNN_hls/solution1/convSNN_hls/solution1/syn/verilog/conv1_lif_top.v' appears to be outside of the project area '/home/coder/Desktop/s2n2/convSNN/ip_conv1_lif_top'. You can use the ipx::package_project -import_files option to copy remote files into the IP directory.
INFO: [IP_Flow 19-234] Refreshing IP repositories
INFO: [IP_Flow 19-1704] No user IP repositories specified
INFO: [IP_Flow 19-2313] Loaded Vivado IP repository '/tools/Xilinx2/Vivado/2020.1/data/ip'.
INFO: [IP_Flow 19-5107] Inferred bus interface 'ap_rst' of definition 'xilinx.com:signal:reset:1.0' (from Xilinx Repository).
INFO: [IP_Flow 19-5107] Inferred bus interface 'ap_clk' of definition 'xilinx.com:signal:clock:1.0' (from Xilinx Repository).
INFO: [IP_Flow 19-4728] Bus Interface 'ap_clk': Added interface parameter 'ASSOCIATED_RESET' with value 'ap_rst'.
WARNING: [IP_Flow 19-5905] All packaged files should be located below the IP definition file (xml)
WARNING: [IP_Flow 19-5905] All packaged files should be located below the IP definition file (xml)
WARNING: [IP_Flow 19-5905] All packaged files should be located below the IP definition file (xml)
WARNING: [IP_Flow 19-5905] All packaged files should be located below the IP definition file (xml)
WARNING: [IP_Flow 19-5905] All packaged files should be located below the IP definition file (xml)
WARNING: [IP_Flow 19-5905] All packaged files should be located below the IP definition file (xml)
WARNING: [IP_Flow 19-5905] All packaged files should be located below the IP definition file (xml)
WARNING: [IP_Flow 19-5905] All packaged files should be located below the IP definition file (xml)
WARNING: [IP_Flow 19-5905] All packaged files should be located below the IP definition file (xml)
WARNING: [IP_Flow 19-5905] All packaged files should be located below the IP definition file (xml)
WARNING: [IP_Flow 19-5905] All packaged files should be located below the IP definition file (xml)
WARNING: [IP_Flow 19-5905] All packaged files should be located below the IP definition file (xml)
WARNING: [IP_Flow 19-5905] All packaged files should be located below the IP definition file (xml)
WARNING: [IP_Flow 19-5905] All packaged files should be located below the IP definition file (xml)
WARNING: [IP_Flow 19-5905] All packaged files should be located below the IP definition file (xml)
WARNING: [IP_Flow 19-5905] All packaged files should be located below the IP definition file (xml)
WARNING: [IP_Flow 19-5905] All packaged files should be located below the IP definition file (xml)
WARNING: [IP_Flow 19-5905] All packaged files should be located below the IP definition file (xml)
WARNING: [IP_Flow 19-5905] All packaged files should be located below the IP definition file (xml)
WARNING: [IP_Flow 19-5905] All packaged files should be located below the IP definition file (xml)
WARNING: [IP_Flow 19-5661] Bus Interface 'ap_clk' does not have any bus interfaces associated with it.
INFO: [IP_Flow 19-2181] Payment Required is not set for this core.
INFO: [IP_Flow 19-2187] The Product Guide file is missing.
ipx::package_project: Time (s): cpu = 00:00:03 ; elapsed = 00:01:42 . Memory (MB): peak = 2173.664 ; gain = 0.012 ; free physical = 457321 ; free virtual = 764789
component component_1
set_property name conv1_lif_top [ipx::current_core]
set_property display_name "CONV1 LIF Top IP" [ipx::current_core]
set_property version 1.0 [ipx::current_core]
ipx::check_integrity [ipx::current_core]
WARNING: [IP_Flow 19-5905] All packaged files should be located below the IP definition file (xml)
WARNING: [IP_Flow 19-5905] All packaged files should be located below the IP definition file (xml)
WARNING: [IP_Flow 19-5905] All packaged files should be located below the IP definition file (xml)
WARNING: [IP_Flow 19-5905] All packaged files should be located below the IP definition file (xml)
WARNING: [IP_Flow 19-5905] All packaged files should be located below the IP definition file (xml)
WARNING: [IP_Flow 19-5905] All packaged files should be located below the IP definition file (xml)
WARNING: [IP_Flow 19-5905] All packaged files should be located below the IP definition file (xml)
WARNING: [IP_Flow 19-5905] All packaged files should be located below the IP definition file (xml)
WARNING: [IP_Flow 19-5905] All packaged files should be located below the IP definition file (xml)
WARNING: [IP_Flow 19-5905] All packaged files should be located below the IP definition file (xml)
WARNING: [IP_Flow 19-5905] All packaged files should be located below the IP definition file (xml)
WARNING: [IP_Flow 19-5905] All packaged files should be located below the IP definition file (xml)
WARNING: [IP_Flow 19-5905] All packaged files should be located below the IP definition file (xml)
WARNING: [IP_Flow 19-5905] All packaged files should be located below the IP definition file (xml)
WARNING: [IP_Flow 19-5905] All packaged files should be located below the IP definition file (xml)
WARNING: [IP_Flow 19-5905] All packaged files should be located below the IP definition file (xml)
WARNING: [IP_Flow 19-5905] All packaged files should be located below the IP definition file (xml)
WARNING: [IP_Flow 19-5905] All packaged files should be located below the IP definition file (xml)
WARNING: [IP_Flow 19-5905] All packaged files should be located below the IP definition file (xml)
WARNING: [IP_Flow 19-5905] All packaged files should be located below the IP definition file (xml)
WARNING: [IP_Flow 19-5661] Bus Interface 'ap_clk' does not have any bus interfaces associated with it.
INFO: [IP_Flow 19-2181] Payment Required is not set for this core.
INFO: [IP_Flow 19-2187] The Product Guide file is missing.
INFO: [Ipptcl 7-1486] check_integrity: Integrity check passed.
1
ipx::save_core [ipx::current_core]
1
set_property ip_repo_paths /home/coder/Desktop/s2n2/convSNN/ip_conv1_lif_top [current_project]
update_ip_catalog
INFO: [IP_Flow 19-234] Refreshing IP repositories
INFO: [IP_Flow 19-1700] Loaded user IP repository '/home/coder/Desktop/s2n2/convSNN/ip_conv1_lif_top'.
1
exit
INFO: [Common 17-206] Exiting Vivado at Tue Aug 12 02:54:06 2025...
