

================================================================
== Vivado HLS Report for 'Block_ZN8ap_fixedIL'
================================================================
* Date:           Tue Aug 12 04:25:44 2025

* Version:        2020.1 (Build 2897737 on Wed May 27 20:21:37 MDT 2020)
* Project:        convSNN_hls
* Solution:       solution1
* Product family: zynquplus
* Target device:  xczu28dr-ffvg1517-2-e


================================================================
== Performance Estimates
================================================================
+ Timing: 
    * Summary: 
    +--------+----------+----------+------------+
    |  Clock |  Target  | Estimated| Uncertainty|
    +--------+----------+----------+------------+
    |ap_clk  | 10.00 ns | 1.838 ns |   1.25 ns  |
    +--------+----------+----------+------------+

+ Latency: 
    * Summary: 
    +---------+---------+----------+----------+-----+-----+---------+
    |  Latency (cycles) |  Latency (absolute) |  Interval | Pipeline|
    |   min   |   max   |    min   |    max   | min | max |   Type  |
    +---------+---------+----------+----------+-----+-----+---------+
    |        0|        0|   0 ns   |   0 ns   |    0|    0|   none  |
    +---------+---------+----------+----------+-----+-----+---------+

    + Detail: 
        * Instance: 
        N/A

        * Loop: 
        N/A



================================================================
== Utilization Estimates
================================================================
* Summary: 
+-----------------+---------+-------+--------+--------+-----+
|       Name      | BRAM_18K| DSP48E|   FF   |   LUT  | URAM|
+-----------------+---------+-------+--------+--------+-----+
|DSP              |        -|      -|       -|       -|    -|
|Expression       |        -|      -|       0|       2|    -|
|FIFO             |        -|      -|       -|       -|    -|
|Instance         |        -|      -|       -|       -|    -|
|Memory           |        -|      -|       -|       -|    -|
|Multiplexer      |        -|      -|       -|      27|    -|
|Register         |        -|      -|      26|       -|    -|
+-----------------+---------+-------+--------+--------+-----+
|Total            |        0|      0|      26|      29|    0|
+-----------------+---------+-------+--------+--------+-----+
|Available        |     2160|   4272|  850560|  425280|   80|
+-----------------+---------+-------+--------+--------+-----+
|Utilization (%)  |        0|      0|   ~0   |   ~0   |    0|
+-----------------+---------+-------+--------+--------+-----+

+ Detail: 
    * Instance: 
    N/A

    * DSP48E: 
    N/A

    * Memory: 
    N/A

    * FIFO: 
    N/A

    * Expression: 
    +-----------------+----------+-------+---+----+------------+------------+
    |  Variable Name  | Operation| DSP48E| FF| LUT| Bitwidth P0| Bitwidth P1|
    +-----------------+----------+-------+---+----+------------+------------+
    |ap_block_state1  |    or    |      0|  0|   2|           1|           1|
    +-----------------+----------+-------+---+----+------------+------------+
    |Total            |          |      0|  0|   2|           1|           1|
    +-----------------+----------+-------+---+----+------------+------------+

    * Multiplexer: 
    +---------------+----+-----------+-----+-----------+
    |      Name     | LUT| Input Size| Bits| Total Bits|
    +---------------+----+-----------+-----+-----------+
    |ap_done        |   9|          2|    1|          2|
    |ap_return      |   9|          2|   24|         48|
    |numReps_blk_n  |   9|          2|    1|          2|
    +---------------+----+-----------+-----+-----------+
    |Total          |  27|          6|   26|         52|
    +---------------+----+-----------+-----+-----------+

    * Register: 
    +----------------+----+----+-----+-----------+
    |      Name      | FF | LUT| Bits| Const Bits|
    +----------------+----+----+-----+-----------+
    |ap_CS_fsm       |   1|   0|    1|          0|
    |ap_done_reg     |   1|   0|    1|          0|
    |ap_return_preg  |  24|   0|   32|          8|
    +----------------+----+----+-----+-----------+
    |Total           |  26|   0|   34|          8|
    +----------------+----+----+-----+-----------+



================================================================
== Interface
================================================================
* Summary: 
+-----------------+-----+-----+------------+----------------------+--------------+
|    RTL Ports    | Dir | Bits|  Protocol  |     Source Object    |    C Type    |
+-----------------+-----+-----+------------+----------------------+--------------+
|ap_clk           |  in |    1| ap_ctrl_hs | Block__ZN8ap_fixedIL | return value |
|ap_rst           |  in |    1| ap_ctrl_hs | Block__ZN8ap_fixedIL | return value |
|ap_start         |  in |    1| ap_ctrl_hs | Block__ZN8ap_fixedIL | return value |
|ap_done          | out |    1| ap_ctrl_hs | Block__ZN8ap_fixedIL | return value |
|ap_continue      |  in |    1| ap_ctrl_hs | Block__ZN8ap_fixedIL | return value |
|ap_idle          | out |    1| ap_ctrl_hs | Block__ZN8ap_fixedIL | return value |
|ap_ready         | out |    1| ap_ctrl_hs | Block__ZN8ap_fixedIL | return value |
|ap_return        | out |   32| ap_ctrl_hs | Block__ZN8ap_fixedIL | return value |
|numReps_dout     |  in |   32|   ap_fifo  |        numReps       |    pointer   |
|numReps_empty_n  |  in |    1|   ap_fifo  |        numReps       |    pointer   |
|numReps_read     | out |    1|   ap_fifo  |        numReps       |    pointer   |
+-----------------+-----+-----+------------+----------------------+--------------+

