

================================================================
== Vivado HLS Report for 'ConvolutionInputGene'
================================================================
* Date:           Fri Aug 22 19:54:04 2025

* Version:        2020.1 (Build 2897737 on Wed May 27 20:21:37 MDT 2020)
* Project:        convSNN_hls
* Solution:       solution1
* Product family: zynquplus
* Target device:  xczu28dr-ffvg1517-2-e


================================================================
== Performance Estimates
================================================================
+ Timing: 
    * Summary: 
    +--------+----------+----------+------------+
    |  Clock |  Target  | Estimated| Uncertainty|
    +--------+----------+----------+------------+
    |ap_clk  | 10.00 ns | 3.226 ns |   1.25 ns  |
    +--------+----------+----------+------------+

+ Latency: 
    * Summary: 
    +---------+---------+----------+----------+-----+-----+---------+
    |  Latency (cycles) |  Latency (absolute) |  Interval | Pipeline|
    |   min   |   max   |    min   |    max   | min | max |   Type  |
    +---------+---------+----------+----------+-----+-----+---------+
    |        ?|        ?|         ?|         ?|    ?|    ?|   none  |
    +---------+---------+----------+----------+-----+-----+---------+

    + Detail: 
        * Instance: 
        N/A

        * Loop: 
        +----------+---------+---------+----------+-----------+-----------+------+----------+
        |          |  Latency (cycles) | Iteration|  Initiation Interval  | Trip |          |
        | Loop Name|   min   |   max   |  Latency |  achieved |   target  | Count| Pipelined|
        +----------+---------+---------+----------+-----------+-----------+------+----------+
        |- Loop 1  |        ?|        ?|         2|          1|          1|     ?|    yes   |
        +----------+---------+---------+----------+-----------+-----------+------+----------+



================================================================
== Utilization Estimates
================================================================
* Summary: 
+-----------------+---------+-------+--------+--------+-----+
|       Name      | BRAM_18K| DSP48E|   FF   |   LUT  | URAM|
+-----------------+---------+-------+--------+--------+-----+
|DSP              |        -|      -|       -|       -|    -|
|Expression       |        -|      -|       0|    1226|    -|
|FIFO             |        -|      -|       -|       -|    -|
|Instance         |        -|      -|       -|       -|    -|
|Memory           |        0|      -|      12|       2|    0|
|Multiplexer      |        -|      -|       -|     240|    -|
|Register         |        -|      -|     482|       -|    -|
+-----------------+---------+-------+--------+--------+-----+
|Total            |        0|      0|     494|    1468|    0|
+-----------------+---------+-------+--------+--------+-----+
|Available        |     2160|   4272|  850560|  425280|   80|
+-----------------+---------+-------+--------+--------+-----+
|Utilization (%)  |        0|      0|   ~0   |   ~0   |    0|
+-----------------+---------+-------+--------+--------+-----+

+ Detail: 
    * Instance: 
    N/A

    * DSP48E: 
    N/A

    * Memory: 
    +----------------+----------------------+---------+---+----+-----+------+-----+------+-------------+
    |     Memory     |        Module        | BRAM_18K| FF| LUT| URAM| Words| Bits| Banks| W*Bits*Banks|
    +----------------+----------------------+---------+---+----+-----+------+-----+------+-------------+
    |inputBuf_0_V_U  |ConvolutionInputGbkb  |        0|  6|   1|    0|    16|    3|     1|           48|
    |inputBuf_1_V_U  |ConvolutionInputGbkb  |        0|  6|   1|    0|    16|    3|     1|           48|
    +----------------+----------------------+---------+---+----+-----+------+-----+------+-------------+
    |Total           |                      |        0| 12|   2|    0|    32|    6|     2|           96|
    +----------------+----------------------+---------+---+----+-----+------+-----+------+-------------+

    * FIFO: 
    N/A

    * Expression: 
    +-----------------------------------+----------+-------+---+----+------------+------------+
    |           Variable Name           | Operation| DSP48E| FF| LUT| Bitwidth P0| Bitwidth P1|
    +-----------------------------------+----------+-------+---+----+------------+------------+
    |add_ln196_fu_357_p2                |     +    |      0|  0|  48|          41|           1|
    |add_ln197_fu_671_p2                |     +    |      0|  0|  16|           9|           1|
    |add_ln220_fu_431_p2                |     +    |      0|  0|  32|          32|          32|
    |add_ln255_fu_580_p2                |     +    |      0|  0|  15|           5|           1|
    |bound_fu_326_p2                    |     +    |      0|  0|  48|          41|          41|
    |count_simd_fu_449_p2               |     +    |      0|  0|  39|           1|          32|
    |counter_internal_blo_3_fu_619_p2   |     +    |      0|  0|  39|          32|           1|
    |current_block_write_7_fu_720_p2    |     +    |      0|  0|  39|          32|           1|
    |current_block_write_fu_762_p2      |     +    |      0|  0|  39|          32|           1|
    |current_line_in_bloc_fu_437_p2     |     +    |      0|  0|  32|          32|          32|
    |grp_fu_274_p2                      |     +    |      0|  0|  39|          32|           1|
    |inp_fu_644_p2                      |     +    |      0|  0|  39|          32|           1|
    |k_x_fu_466_p2                      |     +    |      0|  0|  39|          32|           1|
    |k_y_fu_425_p2                      |     +    |      0|  0|  39|           1|          32|
    |ofm_x_fu_500_p2                    |     +    |      0|  0|  39|          32|           1|
    |ofm_y_fu_520_p2                    |     +    |      0|  0|  39|          32|           1|
    |read_block_fu_660_p2               |     +    |      0|  0|  39|          32|           1|
    |and_ln245_fu_574_p2                |    and   |      0|  0|   2|           1|           1|
    |ap_block_pp0                       |    and   |      0|  0|   2|           1|           1|
    |ap_block_pp0_stage0_01001          |    and   |      0|  0|   2|           1|           1|
    |ap_condition_330                   |    and   |      0|  0|   2|           1|           1|
    |ap_condition_341                   |    and   |      0|  0|   2|           1|           1|
    |ap_condition_50                    |    and   |      0|  0|   2|           1|           1|
    |ap_enable_state2_pp0_iter0_stage0  |    and   |      0|  0|   2|           1|           1|
    |ap_enable_state3_pp0_iter1_stage0  |    and   |      0|  0|   2|           1|           1|
    |ap_predicate_op152_load_state3     |    and   |      0|  0|   2|           1|           1|
    |ap_predicate_op158_read_state3     |    and   |      0|  0|   2|           1|           1|
    |ap_predicate_op185_store_state3    |    and   |      0|  0|   2|           1|           1|
    |ap_predicate_op187_store_state3    |    and   |      0|  0|   2|           1|           1|
    |ap_predicate_op66_load_state2      |    and   |      0|  0|   2|           1|           1|
    |icmp_ln196_fu_352_p2               |   icmp   |      0|  0|  24|          41|          41|
    |icmp_ln197_fu_369_p2               |   icmp   |      0|  0|  13|           9|           9|
    |icmp_ln199_fu_398_p2               |   icmp   |      0|  0|  20|          28|           1|
    |icmp_ln205_fu_286_p2               |   icmp   |      0|  0|  20|          32|           5|
    |icmp_ln208_fu_768_p2               |   icmp   |      0|  0|  20|          32|           2|
    |icmp_ln215_fu_407_p2               |   icmp   |      0|  0|  20|          32|           4|
    |icmp_ln224_fu_455_p2               |   icmp   |      0|  0|  20|          32|           1|
    |icmp_ln227_fu_472_p2               |   icmp   |      0|  0|  20|          32|           1|
    |icmp_ln230_fu_486_p2               |   icmp   |      0|  0|  20|          32|           1|
    |icmp_ln233_fu_506_p2               |   icmp   |      0|  0|  20|          32|           5|
    |icmp_ln236_fu_526_p2               |   icmp   |      0|  0|  20|          32|           5|
    |icmp_ln245_fu_568_p2               |   icmp   |      0|  0|  20|          28|           1|
    |icmp_ln252_fu_280_p2               |   icmp   |      0|  0|  20|          32|           5|
    |icmp_ln257_fu_726_p2               |   icmp   |      0|  0|  20|          32|           2|
    |icmp_ln264_fu_625_p2               |   icmp   |      0|  0|  20|          32|           4|
    |ap_block_state1                    |    or    |      0|  0|   2|           1|           1|
    |ap_block_state3_pp0_stage0_iter1   |    or    |      0|  0|   2|           1|           1|
    |current_block_write_6_fu_774_p3    |  select  |      0|  0|  32|           1|           1|
    |current_block_write_8_fu_732_p3    |  select  |      0|  0|  32|           1|           1|
    |current_block_write_9_fu_740_p3    |  select  |      0|  0|  32|           1|          32|
    |i_fu_677_p3                        |  select  |      0|  0|   9|           1|           1|
    |out_V_V_din                        |  select  |      0|  0|   3|           1|           3|
    |read_block_3_fu_594_p3             |  select  |      0|  0|   5|           1|           5|
    |select_ln197_fu_375_p3             |  select  |      0|  0|  32|           1|           1|
    |select_ln236_1_fu_540_p3           |  select  |      0|  0|  32|           1|           1|
    |select_ln236_fu_532_p3             |  select  |      0|  0|  32|           1|           1|
    |select_ln252_fu_586_p3             |  select  |      0|  0|  32|           1|           1|
    |select_ln264_fu_631_p3             |  select  |      0|  0|  32|           1|           1|
    |ap_enable_pp0                      |    xor   |      0|  0|   2|           1|           2|
    |ap_enable_reg_pp0_iter1            |    xor   |      0|  0|   2|           2|           1|
    |xor_ln221_fu_692_p2                |    xor   |      0|  0|   2|           1|           1|
    +-----------------------------------+----------+-------+---+----+------------+------------+
    |Total                              |          |      0|  0|1226|         938|         335|
    +-----------------------------------+----------+-------+---+----+------------+------------+

    * Multiplexer: 
    +------------------------------+----+-----------+-----+-----------+
    |             Name             | LUT| Input Size| Bits| Total Bits|
    +------------------------------+----+-----------+-----+-----------+
    |ap_NS_fsm                     |  21|          4|    1|          4|
    |ap_done                       |   9|          2|    1|          2|
    |ap_enable_reg_pp0_iter1       |  15|          3|    1|          3|
    |count_simd_1_fu_104           |   9|          2|   32|         64|
    |counter_internal_blo_fu_116   |   9|          2|   32|         64|
    |current_block_write_5_fu_108  |  15|          3|   32|         96|
    |current_line_2_fu_112         |  15|          3|   32|         96|
    |i_0_i_reg_220                 |   9|          2|    9|         18|
    |in_V_V_blk_n                  |   9|          2|    1|          2|
    |indvar_flatten_reg_209        |   9|          2|   41|         82|
    |inp_1_fu_96                   |  15|          3|   32|         96|
    |inputBuf_0_V_address1         |  15|          3|    4|         12|
    |inputBuf_1_V_address1         |  15|          3|    4|         12|
    |k_x_1_fu_100                  |   9|          2|   32|         64|
    |k_y_1_fu_92                   |   9|          2|   32|         64|
    |numReps_blk_n                 |   9|          2|    1|          2|
    |ofm_x_1_fu_88                 |   9|          2|   32|         64|
    |ofm_y_1_i_fu_84               |   9|          2|   32|         64|
    |out_V_V_blk_n                 |   9|          2|    1|          2|
    |read_block_2_fu_80            |  21|          4|   32|        128|
    +------------------------------+----+-----------+-----+-----------+
    |Total                         | 240|         50|  384|        939|
    +------------------------------+----+-----------+-----+-----------+

    * Register: 
    +------------------------------+----+----+-----+-----------+
    |             Name             | FF | LUT| Bits| Const Bits|
    +------------------------------+----+----+-----+-----------+
    |and_ln245_reg_918             |   1|   0|    1|          0|
    |ap_CS_fsm                     |   3|   0|    3|          0|
    |ap_done_reg                   |   1|   0|    1|          0|
    |ap_enable_reg_pp0_iter0       |   1|   0|    1|          0|
    |ap_enable_reg_pp0_iter1       |   1|   0|    1|          0|
    |bound_reg_869                 |  37|   0|   41|          4|
    |count_simd_1_fu_104           |  32|   0|   32|          0|
    |counter_internal_blo_fu_116   |  32|   0|   32|          0|
    |current_block_write_5_fu_108  |  32|   0|   32|          0|
    |current_line_2_fu_112         |  32|   0|   32|          0|
    |i_0_i_reg_220                 |   9|   0|    9|          0|
    |icmp_ln199_reg_883            |   1|   0|    1|          0|
    |icmp_ln205_reg_927            |   1|   0|    1|          0|
    |icmp_ln215_reg_887            |   1|   0|    1|          0|
    |icmp_ln252_reg_922            |   1|   0|    1|          0|
    |indvar_flatten_reg_209        |  41|   0|   41|          0|
    |inp_1_fu_96                   |  32|   0|   32|          0|
    |k_x_1_fu_100                  |  32|   0|   32|          0|
    |k_y_1_fu_92                   |  32|   0|   32|          0|
    |k_y_1_load_reg_891            |  32|   0|   32|          0|
    |ofm_x_1_fu_88                 |  32|   0|   32|          0|
    |ofm_y_1_i_fu_84               |  32|   0|   32|          0|
    |read_block_2_fu_80            |  32|   0|   32|          0|
    |reg_298                       |  32|   0|   32|          0|
    +------------------------------+----+----+-----+-----------+
    |Total                         | 482|   0|  486|          4|
    +------------------------------+----+----+-----+-----------+



================================================================
== Interface
================================================================
* Summary: 
+-----------------+-----+-----+------------+----------------------+--------------+
|    RTL Ports    | Dir | Bits|  Protocol  |     Source Object    |    C Type    |
+-----------------+-----+-----+------------+----------------------+--------------+
|ap_clk           |  in |    1| ap_ctrl_hs | ConvolutionInputGene | return value |
|ap_rst           |  in |    1| ap_ctrl_hs | ConvolutionInputGene | return value |
|ap_start         |  in |    1| ap_ctrl_hs | ConvolutionInputGene | return value |
|ap_done          | out |    1| ap_ctrl_hs | ConvolutionInputGene | return value |
|ap_continue      |  in |    1| ap_ctrl_hs | ConvolutionInputGene | return value |
|ap_idle          | out |    1| ap_ctrl_hs | ConvolutionInputGene | return value |
|ap_ready         | out |    1| ap_ctrl_hs | ConvolutionInputGene | return value |
|in_V_V_dout      |  in |    3|   ap_fifo  |        in_V_V        |    pointer   |
|in_V_V_empty_n   |  in |    1|   ap_fifo  |        in_V_V        |    pointer   |
|in_V_V_read      | out |    1|   ap_fifo  |        in_V_V        |    pointer   |
|out_V_V_din      | out |    3|   ap_fifo  |        out_V_V       |    pointer   |
|out_V_V_full_n   |  in |    1|   ap_fifo  |        out_V_V       |    pointer   |
|out_V_V_write    | out |    1|   ap_fifo  |        out_V_V       |    pointer   |
|numReps_dout     |  in |   32|   ap_fifo  |        numReps       |    pointer   |
|numReps_empty_n  |  in |    1|   ap_fifo  |        numReps       |    pointer   |
|numReps_read     | out |    1|   ap_fifo  |        numReps       |    pointer   |
+-----------------+-----+-----+------------+----------------------+--------------+

