

================================================================
== Vitis HLS Report for 'Matrix_Vector_Activate_Batch_Pipeline_VITIS_LOOP_147_1'
================================================================
* Date:           Sun Feb 22 04:32:16 2026

* Version:        2023.2 (Build 4023990 on Oct 11 2023)
* Project:        convSNN_fc1
* Solution:       xcvu9p-flga2577-2-e (Vivado IP Flow Target)
* Product family: virtexuplus
* Target device:  xcvu9p-flga2577-2-e


================================================================
== Performance Estimates
================================================================
+ Timing: 
    * Summary: 
    +--------+----------+----------+------------+
    |  Clock |  Target  | Estimated| Uncertainty|
    +--------+----------+----------+------------+
    |ap_clk  |  10.00 ns|  2.374 ns|     2.70 ns|
    +--------+----------+----------+------------+

+ Latency: 
    * Summary: 
    +---------+---------+----------+----------+-----+-----+---------+
    |  Latency (cycles) |  Latency (absolute) |  Interval | Pipeline|
    |   min   |   max   |    min   |    max   | min | max |   Type  |
    +---------+---------+----------+----------+-----+-----+---------+
    |        ?|        ?|         ?|         ?|    ?|    ?|       no|
    +---------+---------+----------+----------+-----+-----+---------+

    + Detail: 
        * Instance: 
        N/A

        * Loop: 
        +--------------------+---------+---------+----------+-----------+-----------+------+----------+
        |                    |  Latency (cycles) | Iteration|  Initiation Interval  | Trip |          |
        |      Loop Name     |   min   |   max   |  Latency |  achieved |   target  | Count| Pipelined|
        +--------------------+---------+---------+----------+-----------+-----------+------+----------+
        |- VITIS_LOOP_147_1  |        ?|        ?|         2|          1|          1|     ?|       yes|
        +--------------------+---------+---------+----------+-----------+-----------+------+----------+

============================================================
+ Verbose Summary: Synthesis Manager
============================================================
InlineROM: 1
ExposeGlobal: 0
============================================================
+ Verbose Summary: CDFG Model
============================================================
IsTopModel: 0
ResetActiveHigh: 1
IsCombinational: 0
IsDatapathOnly: 0
HasWiredReturn: 1
HasMFsm: 2
HasVarLatency: 1
IsPipeline: 0
IsRtlPipelined: 0
IsInstanceOverlapped: 0
IsDontTouch: 0
HasImplIP: 0
IsGatedGlobalClock: 0

+ Individual pipeline summary: 
  * Pipeline-0: initiation interval (II) = 1, depth = 3


============================================================
+ Verbose Summary: Schedule
============================================================
* Number of FSM states : 3
* Pipeline : 1
  Pipeline-0 : II = 1, D = 3, States = { 1 2 3 }
* Dataflow Pipeline: 0

* FSM state transitions: 
1 --> 2 
2 --> 3 
3 --> 

* FSM state operations: 

State 1 <SV = 0> <Delay = 0.38>
ST_1 : Operation 5 [1/1] (0.00ns)   --->   "%sf = alloca i32 1" [/home/coder/Desktop/s2n2/finn-hlslib-lif/mvau.hpp:140]   --->   Operation 5 'alloca' 'sf' <Predicate = true> <Delay = 0.00>
ST_1 : Operation 6 [1/1] (0.00ns)   --->   "%i = alloca i32 1" [/home/coder/Desktop/s2n2/finn-hlslib-lif/mvau.hpp:147]   --->   Operation 6 'alloca' 'i' <Predicate = true> <Delay = 0.00>
ST_1 : Operation 7 [1/1] (0.00ns)   --->   "%nf = alloca i32 1" [/home/coder/Desktop/s2n2/finn-hlslib-lif/mvau.hpp:139]   --->   Operation 7 'alloca' 'nf' <Predicate = true> <Delay = 0.00>
ST_1 : Operation 8 [1/1] (0.00ns)   --->   "%specinterface_ln0 = specinterface void @_ssdm_op_SpecInterface, i16 %in_r, void @empty_0, i32 0, i32 0, void @empty, i32 0, i32 0, void @empty, void @empty, void @empty, i32 0, i32 0, i32 0, i32 0, void @empty, void @empty, i32 4294967295, i32 0"   --->   Operation 8 'specinterface' 'specinterface_ln0' <Predicate = true> <Delay = 0.00>
ST_1 : Operation 9 [1/1] (0.00ns)   --->   "%specinterface_ln0 = specinterface void @_ssdm_op_SpecInterface, i8 %out_r, void @empty_0, i32 0, i32 0, void @empty, i32 0, i32 0, void @empty, void @empty, void @empty, i32 0, i32 0, i32 0, i32 0, void @empty, void @empty, i32 4294967295, i32 0"   --->   Operation 9 'specinterface' 'specinterface_ln0' <Predicate = true> <Delay = 0.00>
ST_1 : Operation 10 [1/1] (0.00ns)   --->   "%mul_read = read i32 @_ssdm_op_Read.ap_auto.i32, i32 %mul" [/home/coder/Desktop/s2n2/finn-hlslib-lif/mvau.hpp:115]   --->   Operation 10 'read' 'mul_read' <Predicate = true> <Delay = 0.00>
ST_1 : Operation 11 [1/1] (0.38ns)   --->   "%store_ln139 = store i32 0, i32 %nf" [/home/coder/Desktop/s2n2/finn-hlslib-lif/mvau.hpp:139]   --->   Operation 11 'store' 'store_ln139' <Predicate = true> <Delay = 0.38>
ST_1 : Operation 12 [1/1] (0.38ns)   --->   "%store_ln147 = store i32 0, i32 %i" [/home/coder/Desktop/s2n2/finn-hlslib-lif/mvau.hpp:147]   --->   Operation 12 'store' 'store_ln147' <Predicate = true> <Delay = 0.38>
ST_1 : Operation 13 [1/1] (0.38ns)   --->   "%store_ln140 = store i32 0, i32 %sf" [/home/coder/Desktop/s2n2/finn-hlslib-lif/mvau.hpp:140]   --->   Operation 13 'store' 'store_ln140' <Predicate = true> <Delay = 0.38>
ST_1 : Operation 14 [1/1] (0.00ns)   --->   "%br_ln0 = br void %for.body"   --->   Operation 14 'br' 'br_ln0' <Predicate = true> <Delay = 0.00>

State 2 <SV = 1> <Delay = 2.37>
ST_2 : Operation 15 [1/1] (0.00ns)   --->   "%i_1 = load i32 %i" [/home/coder/Desktop/s2n2/finn-hlslib-lif/mvau.hpp:147]   --->   Operation 15 'load' 'i_1' <Predicate = true> <Delay = 0.00>
ST_2 : Operation 16 [1/1] (0.00ns)   --->   "%nf_2 = load i32 %nf" [/home/coder/Desktop/s2n2/finn-hlslib-lif/mvau.hpp:212]   --->   Operation 16 'load' 'nf_2' <Predicate = true> <Delay = 0.00>
ST_2 : Operation 17 [1/1] (0.88ns)   --->   "%icmp_ln147 = icmp_eq  i32 %i_1, i32 %mul_read" [/home/coder/Desktop/s2n2/finn-hlslib-lif/mvau.hpp:147]   --->   Operation 17 'icmp' 'icmp_ln147' <Predicate = true> <Delay = 0.88> <CoreInst = "Cmp">   --->   Core 9 'Cmp' <Latency = 0> <II = 1> <Delay = 0.88> <FuncUnit> <Opcode : 'icmp'> <InPorts = 2> <OutPorts = 1>
ST_2 : Operation 18 [1/1] (0.88ns)   --->   "%i_2 = add i32 %i_1, i32 1" [/home/coder/Desktop/s2n2/finn-hlslib-lif/mvau.hpp:147]   --->   Operation 18 'add' 'i_2' <Predicate = true> <Delay = 0.88> <CoreInst = "Adder">   --->   Core 1 'Adder' <Latency = 0> <II = 1> <Delay = 0.88> <FuncUnit> <Opcode : 'add' 'sub'> <InPorts = 2> <OutPorts = 1>
ST_2 : Operation 19 [1/1] (0.00ns)   --->   "%br_ln147 = br i1 %icmp_ln147, void %for.body.split, void %for.end97.loopexit.exitStub" [/home/coder/Desktop/s2n2/finn-hlslib-lif/mvau.hpp:147]   --->   Operation 19 'br' 'br_ln147' <Predicate = true> <Delay = 0.00>
ST_2 : Operation 20 [1/1] (0.00ns)   --->   "%specpipeline_ln148 = specpipeline void @_ssdm_op_SpecPipeline, i32 1, i32 0, i32 0, i32 0, void @empty" [/home/coder/Desktop/s2n2/finn-hlslib-lif/mvau.hpp:148]   --->   Operation 20 'specpipeline' 'specpipeline_ln148' <Predicate = (!icmp_ln147)> <Delay = 0.00>
ST_2 : Operation 21 [1/1] (0.00ns)   --->   "%specloopname_ln147 = specloopname void @_ssdm_op_SpecLoopName, void @empty_3" [/home/coder/Desktop/s2n2/finn-hlslib-lif/mvau.hpp:147]   --->   Operation 21 'specloopname' 'specloopname_ln147' <Predicate = (!icmp_ln147)> <Delay = 0.00>
ST_2 : Operation 22 [1/1] (0.88ns)   --->   "%icmp_ln150 = icmp_eq  i32 %nf_2, i32 0" [/home/coder/Desktop/s2n2/finn-hlslib-lif/mvau.hpp:150]   --->   Operation 22 'icmp' 'icmp_ln150' <Predicate = (!icmp_ln147)> <Delay = 0.88> <CoreInst = "Cmp">   --->   Core 9 'Cmp' <Latency = 0> <II = 1> <Delay = 0.88> <FuncUnit> <Opcode : 'icmp'> <InPorts = 2> <OutPorts = 1>
ST_2 : Operation 23 [1/1] (0.00ns)   --->   "%br_ln150 = br i1 %icmp_ln150, void %if.end.i.7.15, void %if.then" [/home/coder/Desktop/s2n2/finn-hlslib-lif/mvau.hpp:150]   --->   Operation 23 'br' 'br_ln150' <Predicate = (!icmp_ln147)> <Delay = 0.00>
ST_2 : Operation 24 [1/1] (0.00ns)   --->   "%sf_load = load i32 %sf" [/home/coder/Desktop/s2n2/finn-hlslib-lif/mvau.hpp:197]   --->   Operation 24 'load' 'sf_load' <Predicate = (!icmp_ln147)> <Delay = 0.00>
ST_2 : Operation 25 [1/1] (0.88ns)   --->   "%sf_1 = add i32 %sf_load, i32 1" [/home/coder/Desktop/s2n2/finn-hlslib-lif/mvau.hpp:197]   --->   Operation 25 'add' 'sf_1' <Predicate = (!icmp_ln147)> <Delay = 0.88> <CoreInst = "Adder">   --->   Core 1 'Adder' <Latency = 0> <II = 1> <Delay = 0.88> <FuncUnit> <Opcode : 'add' 'sub'> <InPorts = 2> <OutPorts = 1>
ST_2 : Operation 26 [1/1] (0.88ns)   --->   "%icmp_ln197 = icmp_eq  i32 %sf_1, i32 20" [/home/coder/Desktop/s2n2/finn-hlslib-lif/mvau.hpp:197]   --->   Operation 26 'icmp' 'icmp_ln197' <Predicate = (!icmp_ln147)> <Delay = 0.88> <CoreInst = "Cmp">   --->   Core 9 'Cmp' <Latency = 0> <II = 1> <Delay = 0.88> <FuncUnit> <Opcode : 'icmp'> <InPorts = 2> <OutPorts = 1>
ST_2 : Operation 27 [1/1] (0.00ns)   --->   "%br_ln197 = br i1 %icmp_ln197, void %if.end.i.7.15.for.inc95_crit_edge, void %VITIS_LOOP_200_4" [/home/coder/Desktop/s2n2/finn-hlslib-lif/mvau.hpp:197]   --->   Operation 27 'br' 'br_ln197' <Predicate = (!icmp_ln147)> <Delay = 0.00>
ST_2 : Operation 28 [1/1] (0.38ns)   --->   "%store_ln140 = store i32 %sf_1, i32 %sf" [/home/coder/Desktop/s2n2/finn-hlslib-lif/mvau.hpp:140]   --->   Operation 28 'store' 'store_ln140' <Predicate = (!icmp_ln147 & !icmp_ln197)> <Delay = 0.38>
ST_2 : Operation 29 [1/1] (0.00ns)   --->   "%br_ln197 = br void %for.inc95" [/home/coder/Desktop/s2n2/finn-hlslib-lif/mvau.hpp:197]   --->   Operation 29 'br' 'br_ln197' <Predicate = (!icmp_ln147 & !icmp_ln197)> <Delay = 0.00>
ST_2 : Operation 30 [1/1] (0.88ns)   --->   "%nf_4 = add i32 %nf_2, i32 1" [/home/coder/Desktop/s2n2/finn-hlslib-lif/mvau.hpp:212]   --->   Operation 30 'add' 'nf_4' <Predicate = (!icmp_ln147 & icmp_ln197)> <Delay = 0.88> <CoreInst = "Adder">   --->   Core 1 'Adder' <Latency = 0> <II = 1> <Delay = 0.88> <FuncUnit> <Opcode : 'add' 'sub'> <InPorts = 2> <OutPorts = 1>
ST_2 : Operation 31 [1/1] (0.88ns)   --->   "%icmp_ln212 = icmp_eq  i32 %nf_4, i32 8" [/home/coder/Desktop/s2n2/finn-hlslib-lif/mvau.hpp:212]   --->   Operation 31 'icmp' 'icmp_ln212' <Predicate = (!icmp_ln147 & icmp_ln197)> <Delay = 0.88> <CoreInst = "Cmp">   --->   Core 9 'Cmp' <Latency = 0> <II = 1> <Delay = 0.88> <FuncUnit> <Opcode : 'icmp'> <InPorts = 2> <OutPorts = 1>
ST_2 : Operation 32 [1/1] (0.22ns)   --->   "%nf_5 = select i1 %icmp_ln212, i32 0, i32 %nf_4" [/home/coder/Desktop/s2n2/finn-hlslib-lif/mvau.hpp:212]   --->   Operation 32 'select' 'nf_5' <Predicate = (!icmp_ln147 & icmp_ln197)> <Delay = 0.22> <CoreInst = "Sel">   --->   Core 73 'Sel' <Latency = 0> <II = 1> <Delay = 0.22> <FuncUnit> <Opcode : 'select'> <InPorts = 3> <OutPorts = 1>
ST_2 : Operation 33 [1/1] (0.38ns)   --->   "%store_ln139 = store i32 %nf_5, i32 %nf" [/home/coder/Desktop/s2n2/finn-hlslib-lif/mvau.hpp:139]   --->   Operation 33 'store' 'store_ln139' <Predicate = (!icmp_ln147 & icmp_ln197)> <Delay = 0.38>
ST_2 : Operation 34 [1/1] (0.38ns)   --->   "%store_ln140 = store i32 0, i32 %sf" [/home/coder/Desktop/s2n2/finn-hlslib-lif/mvau.hpp:140]   --->   Operation 34 'store' 'store_ln140' <Predicate = (!icmp_ln147 & icmp_ln197)> <Delay = 0.38>
ST_2 : Operation 35 [1/1] (0.38ns)   --->   "%store_ln147 = store i32 %i_2, i32 %i" [/home/coder/Desktop/s2n2/finn-hlslib-lif/mvau.hpp:147]   --->   Operation 35 'store' 'store_ln147' <Predicate = (!icmp_ln147)> <Delay = 0.38>
ST_2 : Operation 36 [1/1] (0.00ns)   --->   "%br_ln147 = br void %for.body" [/home/coder/Desktop/s2n2/finn-hlslib-lif/mvau.hpp:147]   --->   Operation 36 'br' 'br_ln147' <Predicate = (!icmp_ln147)> <Delay = 0.00>
ST_2 : Operation 41 [1/1] (0.00ns)   --->   "%ret_ln0 = ret"   --->   Operation 41 'ret' 'ret_ln0' <Predicate = (icmp_ln147)> <Delay = 0.00>

State 3 <SV = 2> <Delay = 1.42>
ST_3 : Operation 37 [1/1] (1.42ns)   --->   "%p_0 = read i16 @_ssdm_op_Read.ap_fifo.volatile.i16P0A, i16 %in_r" [/home/coder/Desktop/s2n2/finn-hlslib-lif/mvau.hpp:152]   --->   Operation 37 'read' 'p_0' <Predicate = (icmp_ln150)> <Delay = 1.42> <CoreInst = "FIFO">   --->   Core 78 'FIFO' <Latency = 0> <II = 1> <Delay = 1.42> <Storage> <Opcode : 'read' 'write' 'nbread' 'nbwrite'> <Ports = 0> <Width = -1> <Depth = -1> <FIFO>
ST_3 : Operation 38 [1/1] (0.00ns)   --->   "%br_ln154 = br void %if.end.i.7.15" [/home/coder/Desktop/s2n2/finn-hlslib-lif/mvau.hpp:154]   --->   Operation 38 'br' 'br_ln154' <Predicate = (icmp_ln150)> <Delay = 0.00>
ST_3 : Operation 39 [1/1] (1.42ns)   --->   "%write_ln207 = write void @_ssdm_op_Write.ap_fifo.volatile.i8P0A, i8 %out_r, i8 0" [/home/coder/Desktop/s2n2/finn-hlslib-lif/mvau.hpp:207]   --->   Operation 39 'write' 'write_ln207' <Predicate = (icmp_ln197)> <Delay = 1.42> <CoreInst = "FIFO">   --->   Core 78 'FIFO' <Latency = 0> <II = 1> <Delay = 1.42> <Storage> <Opcode : 'read' 'write' 'nbread' 'nbwrite'> <Ports = 0> <Width = -1> <Depth = -1> <FIFO>
ST_3 : Operation 40 [1/1] (0.00ns)   --->   "%br_ln216 = br void %for.inc95" [/home/coder/Desktop/s2n2/finn-hlslib-lif/mvau.hpp:216]   --->   Operation 40 'br' 'br_ln216' <Predicate = (icmp_ln197)> <Delay = 0.00>


============================================================
+ Verbose Summary: Timing violations
============================================================
Target clock period: 10.000ns, clock uncertainty: 2.700ns.

 <State 1>: 0.387ns
The critical path consists of the following:
	'alloca' operation 32 bit ('nf', /home/coder/Desktop/s2n2/finn-hlslib-lif/mvau.hpp:139) [6]  (0.000 ns)
	'store' operation 0 bit ('store_ln139', /home/coder/Desktop/s2n2/finn-hlslib-lif/mvau.hpp:139) of constant 0 on local variable 'nf', /home/coder/Desktop/s2n2/finn-hlslib-lif/mvau.hpp:139 [10]  (0.387 ns)

 <State 2>: 2.374ns
The critical path consists of the following:
	'load' operation 32 bit ('nf', /home/coder/Desktop/s2n2/finn-hlslib-lif/mvau.hpp:212) on local variable 'nf', /home/coder/Desktop/s2n2/finn-hlslib-lif/mvau.hpp:139 [16]  (0.000 ns)
	'add' operation 32 bit ('nf', /home/coder/Desktop/s2n2/finn-hlslib-lif/mvau.hpp:212) [38]  (0.880 ns)
	'icmp' operation 1 bit ('icmp_ln212', /home/coder/Desktop/s2n2/finn-hlslib-lif/mvau.hpp:212) [39]  (0.880 ns)
	'select' operation 32 bit ('nf', /home/coder/Desktop/s2n2/finn-hlslib-lif/mvau.hpp:212) [40]  (0.227 ns)
	'store' operation 0 bit ('store_ln139', /home/coder/Desktop/s2n2/finn-hlslib-lif/mvau.hpp:139) of variable 'nf', /home/coder/Desktop/s2n2/finn-hlslib-lif/mvau.hpp:212 on local variable 'nf', /home/coder/Desktop/s2n2/finn-hlslib-lif/mvau.hpp:139 [41]  (0.387 ns)

 <State 3>: 1.428ns
The critical path consists of the following:
	fifo read operation ('p_0', /home/coder/Desktop/s2n2/finn-hlslib-lif/mvau.hpp:152) on port 'in_r' (/home/coder/Desktop/s2n2/finn-hlslib-lif/mvau.hpp:152) [26]  (1.428 ns)


============================================================
+ Verbose Summary: Binding
============================================================
N/A
* FSMD analyzer results:
  - Output states:
 - Input state : 
  - Chain level:
	State 1
	State 2
	State 3


============================================================
+ Verbose Summary: Datapath Resource usage 
============================================================
N/A
