

================================================================
== Vitis HLS Report for 'conv1_lif_top_Pipeline_VITIS_LOOP_29_2_VITIS_LOOP_30_3'
================================================================
* Date:           Wed Mar 18 18:51:27 2026

* Version:        2023.1 (Build 3854077 on May  4 2023)
* Project:        convSNN_conv1
* Solution:       solution1 (Vivado IP Flow Target)
* Product family: virtexuplus
* Target device:  xcvu9p-flga2577-2-e


================================================================
== Performance Estimates
================================================================
+ Timing: 
    * Summary: 
    +--------+----------+----------+------------+
    |  Clock |  Target  | Estimated| Uncertainty|
    +--------+----------+----------+------------+
    |ap_clk  |  10.00 ns|  2.127 ns|     2.70 ns|
    +--------+----------+----------+------------+

+ Latency: 
    * Summary: 
    +---------+---------+----------+----------+-----+-----+---------+
    |  Latency (cycles) |  Latency (absolute) |  Interval | Pipeline|
    |   min   |   max   |    min   |    max   | min | max |   Type  |
    +---------+---------+----------+----------+-----+-----+---------+
    |       32|       32|  0.320 us|  0.320 us|   32|   32|       no|
    +---------+---------+----------+----------+-----+-----+---------+

    + Detail: 
        * Instance: 
        N/A

        * Loop: 
        +-----------------------------------+---------+---------+----------+-----------+-----------+------+----------+
        |                                   |  Latency (cycles) | Iteration|  Initiation Interval  | Trip |          |
        |             Loop Name             |   min   |   max   |  Latency |  achieved |   target  | Count| Pipelined|
        +-----------------------------------+---------+---------+----------+-----------+-----------+------+----------+
        |- VITIS_LOOP_29_2_VITIS_LOOP_30_3  |       30|       30|         2|          1|          1|    30|       yes|
        +-----------------------------------+---------+---------+----------+-----------+-----------+------+----------+



================================================================
== Utilization Estimates
================================================================
* Summary: 
+---------------------+---------+------+---------+---------+-----+
|         Name        | BRAM_18K|  DSP |    FF   |   LUT   | URAM|
+---------------------+---------+------+---------+---------+-----+
|DSP                  |        -|     -|        -|        -|    -|
|Expression           |        -|     -|        0|       64|    -|
|FIFO                 |        -|     -|        -|        -|    -|
|Instance             |        -|     -|        -|        -|    -|
|Memory               |        -|     -|        -|        -|    -|
|Multiplexer          |        -|     -|        -|       63|    -|
|Register             |        -|     -|       14|        -|    -|
+---------------------+---------+------+---------+---------+-----+
|Total                |        0|     0|       14|      127|    0|
+---------------------+---------+------+---------+---------+-----+
|Available SLR        |     1440|  2280|   788160|   394080|  320|
+---------------------+---------+------+---------+---------+-----+
|Utilization SLR (%)  |        0|     0|       ~0|       ~0|    0|
+---------------------+---------+------+---------+---------+-----+
|Available            |     4320|  6840|  2364480|  1182240|  960|
+---------------------+---------+------+---------+---------+-----+
|Utilization (%)      |        0|     0|       ~0|       ~0|    0|
+---------------------+---------+------+---------+---------+-----+

+ Detail: 
    * Instance: 
    N/A

    * DSP: 
    N/A

    * Memory: 
    N/A

    * FIFO: 
    N/A

    * Expression: 
    +---------------------------+----------+----+---+----+------------+------------+
    |       Variable Name       | Operation| DSP| FF| LUT| Bitwidth P0| Bitwidth P1|
    +---------------------------+----------+----+---+----+------------+------------+
    |add_ln29_1_fu_166_p2       |         +|   0|  0|  12|           4|           1|
    |add_ln29_fu_135_p2         |         +|   0|  0|  12|           5|           1|
    |add_ln30_fu_194_p2         |         +|   0|  0|   9|           2|           1|
    |ap_block_pp0_stage0_11001  |       and|   0|  0|   2|           1|           1|
    |icmp_ln29_fu_129_p2        |      icmp|   0|  0|  12|           5|           3|
    |icmp_ln30_fu_152_p2        |      icmp|   0|  0|   9|           2|           2|
    |select_ln29_1_fu_172_p3    |    select|   0|  0|   4|           1|           4|
    |select_ln29_fu_158_p3      |    select|   0|  0|   2|           1|           1|
    |ap_enable_pp0              |       xor|   0|  0|   2|           1|           2|
    +---------------------------+----------+----+---+----+------------+------------+
    |Total                      |          |   0|  0|  64|          22|          16|
    +---------------------------+----------+----+---+----+------------+------------+

    * Multiplexer: 
    +--------------------------------------+----+-----------+-----+-----------+
    |                 Name                 | LUT| Input Size| Bits| Total Bits|
    +--------------------------------------+----+-----------+-----+-----------+
    |ap_done_int                           |   9|          2|    1|          2|
    |ap_enable_reg_pp0_iter1               |   9|          2|    1|          2|
    |ap_sig_allocacmp_indvar_flatten_load  |   9|          2|    5|         10|
    |ic_fu_54                              |   9|          2|    2|          4|
    |in_r_blk_n                            |   9|          2|    1|          2|
    |indvar_flatten_fu_62                  |   9|          2|    5|         10|
    |p_fu_58                               |   9|          2|    4|          8|
    +--------------------------------------+----+-----------+-----+-----------+
    |Total                                 |  63|         14|   19|         38|
    +--------------------------------------+----+-----------+-----+-----------+

    * Register: 
    +-------------------------+---+----+-----+-----------+
    |           Name          | FF| LUT| Bits| Const Bits|
    +-------------------------+---+----+-----+-----------+
    |ap_CS_fsm                |  1|   0|    1|          0|
    |ap_done_reg              |  1|   0|    1|          0|
    |ap_enable_reg_pp0_iter1  |  1|   0|    1|          0|
    |ic_fu_54                 |  2|   0|    2|          0|
    |indvar_flatten_fu_62     |  5|   0|    5|          0|
    |p_fu_58                  |  4|   0|    4|          0|
    +-------------------------+---+----+-----+-----------+
    |Total                    | 14|   0|   14|          0|
    +-------------------------+---+----+-----+-----------+



================================================================
== Interface
================================================================
* Summary: 
+--------------+-----+-----+------------+--------------------------------------------------------+--------------+
|   RTL Ports  | Dir | Bits|  Protocol  |                      Source Object                     |    C Type    |
+--------------+-----+-----+------------+--------------------------------------------------------+--------------+
|ap_clk        |   in|    1|  ap_ctrl_hs|  conv1_lif_top_Pipeline_VITIS_LOOP_29_2_VITIS_LOOP_30_3|  return value|
|ap_rst        |   in|    1|  ap_ctrl_hs|  conv1_lif_top_Pipeline_VITIS_LOOP_29_2_VITIS_LOOP_30_3|  return value|
|ap_start      |   in|    1|  ap_ctrl_hs|  conv1_lif_top_Pipeline_VITIS_LOOP_29_2_VITIS_LOOP_30_3|  return value|
|ap_done       |  out|    1|  ap_ctrl_hs|  conv1_lif_top_Pipeline_VITIS_LOOP_29_2_VITIS_LOOP_30_3|  return value|
|ap_idle       |  out|    1|  ap_ctrl_hs|  conv1_lif_top_Pipeline_VITIS_LOOP_29_2_VITIS_LOOP_30_3|  return value|
|ap_ready      |  out|    1|  ap_ctrl_hs|  conv1_lif_top_Pipeline_VITIS_LOOP_29_2_VITIS_LOOP_30_3|  return value|
|in_r_dout     |   in|   32|     ap_fifo|                                                    in_r|       pointer|
|in_r_empty_n  |   in|    1|     ap_fifo|                                                    in_r|       pointer|
|in_r_read     |  out|    1|     ap_fifo|                                                    in_r|       pointer|
|x_address0    |  out|    4|   ap_memory|                                                       x|         array|
|x_ce0         |  out|    1|   ap_memory|                                                       x|         array|
|x_we0         |  out|    1|   ap_memory|                                                       x|         array|
|x_d0          |  out|   32|   ap_memory|                                                       x|         array|
|x_2_address0  |  out|    4|   ap_memory|                                                     x_2|         array|
|x_2_ce0       |  out|    1|   ap_memory|                                                     x_2|         array|
|x_2_we0       |  out|    1|   ap_memory|                                                     x_2|         array|
|x_2_d0        |  out|   32|   ap_memory|                                                     x_2|         array|
|x_1_address0  |  out|    4|   ap_memory|                                                     x_1|         array|
|x_1_ce0       |  out|    1|   ap_memory|                                                     x_1|         array|
|x_1_we0       |  out|    1|   ap_memory|                                                     x_1|         array|
|x_1_d0        |  out|   32|   ap_memory|                                                     x_1|         array|
+--------------+-----+-----+------------+--------------------------------------------------------+--------------+

