

================================================================
== Vitis HLS Report for 'conv1_lif_top'
================================================================
* Date:           Wed Mar 18 18:51:37 2026

* Version:        2023.1 (Build 3854077 on May  4 2023)
* Project:        convSNN_conv1
* Solution:       solution1 (Vivado IP Flow Target)
* Product family: virtexuplus
* Target device:  xcvu9p-flga2577-2-e


================================================================
== Performance Estimates
================================================================
+ Timing: 
    * Summary: 
    +--------+----------+----------+------------+
    |  Clock |  Target  | Estimated| Uncertainty|
    +--------+----------+----------+------------+
    |ap_clk  |  10.00 ns|  7.015 ns|     2.70 ns|
    +--------+----------+----------+------------+

+ Latency: 
    * Summary: 
    +---------+---------+----------+----------+-----+-----+---------+
    |  Latency (cycles) |  Latency (absolute) |  Interval | Pipeline|
    |   min   |   max   |    min   |    max   | min | max |   Type  |
    +---------+---------+----------+----------+-----+-----+---------+
    |        ?|        ?|         ?|         ?|    ?|    ?|       no|
    +---------+---------+----------+----------+-----+-----+---------+

    + Detail: 
        * Instance: 
        +-------------------------------------------------------------------+--------------------------------------------------------+---------+---------+----------+----------+-----+-----+---------+
        |                                                                   |                                                        |  Latency (cycles) |  Latency (absolute) |  Interval | Pipeline|
        |                              Instance                             |                         Module                         |   min   |   max   |    min   |    max   | min | max |   Type  |
        +-------------------------------------------------------------------+--------------------------------------------------------+---------+---------+----------+----------+-----+-----+---------+
        |grp_conv1_lif_top_Pipeline_VITIS_LOOP_29_2_VITIS_LOOP_30_3_fu_324  |conv1_lif_top_Pipeline_VITIS_LOOP_29_2_VITIS_LOOP_30_3  |       32|       32|  0.320 us|  0.320 us|   32|   32|       no|
        |grp_conv1_lif_top_Pipeline_VITIS_LOOP_46_4_VITIS_LOOP_47_5_fu_333  |conv1_lif_top_Pipeline_VITIS_LOOP_46_4_VITIS_LOOP_47_5  |      322|      322|  3.220 us|  3.220 us|  322|  322|       no|
        |grp_conv1_lif_top_Pipeline_VITIS_LOOP_58_6_VITIS_LOOP_59_7_fu_401  |conv1_lif_top_Pipeline_VITIS_LOOP_58_6_VITIS_LOOP_59_7  |      220|      220|  2.200 us|  2.200 us|  220|  220|       no|
        +-------------------------------------------------------------------+--------------------------------------------------------+---------+---------+----------+----------+-----+-----+---------+

        * Loop: 
        +-------------------+---------+---------+----------+-----------+-----------+------+----------+
        |                   |  Latency (cycles) | Iteration|  Initiation Interval  | Trip |          |
        |     Loop Name     |   min   |   max   |  Latency |  achieved |   target  | Count| Pipelined|
        +-------------------+---------+---------+----------+-----------+-----------+------+----------+
        |- VITIS_LOOP_21_1  |        ?|        ?|       580|          -|          -|     ?|        no|
        +-------------------+---------+---------+----------+-----------+-----------+------+----------+



================================================================
== Utilization Estimates
================================================================
* Summary: 
+---------------------+---------+------+---------+---------+-----+
|         Name        | BRAM_18K|  DSP |    FF   |   LUT   | URAM|
+---------------------+---------+------+---------+---------+-----+
|DSP                  |        -|     -|        -|        -|    -|
|Expression           |        -|     -|        0|       78|    -|
|FIFO                 |        -|     -|        -|        -|    -|
|Instance             |        -|   704|    58503|    50993|    -|
|Memory               |        0|     -|     1184|     1251|    0|
|Multiplexer          |        -|     -|        -|     4341|    -|
|Register             |        -|     -|       42|        -|    -|
+---------------------+---------+------+---------+---------+-----+
|Total                |        0|   704|    59729|    56663|    0|
+---------------------+---------+------+---------+---------+-----+
|Available SLR        |     1440|  2280|   788160|   394080|  320|
+---------------------+---------+------+---------+---------+-----+
|Utilization SLR (%)  |        0|    30|        7|       14|    0|
+---------------------+---------+------+---------+---------+-----+
|Available            |     4320|  6840|  2364480|  1182240|  960|
+---------------------+---------+------+---------+---------+-----+
|Utilization (%)      |        0|    10|        2|        4|    0|
+---------------------+---------+------+---------+---------+-----+

+ Detail: 
    * Instance: 
    +-------------------------------------------------------------------+--------------------------------------------------------+---------+-----+-------+-------+-----+
    |                              Instance                             |                         Module                         | BRAM_18K| DSP |   FF  |  LUT  | URAM|
    +-------------------------------------------------------------------+--------------------------------------------------------+---------+-----+-------+-------+-----+
    |grp_conv1_lif_top_Pipeline_VITIS_LOOP_29_2_VITIS_LOOP_30_3_fu_324  |conv1_lif_top_Pipeline_VITIS_LOOP_29_2_VITIS_LOOP_30_3  |        0|    0|     14|    127|    0|
    |grp_conv1_lif_top_Pipeline_VITIS_LOOP_46_4_VITIS_LOOP_47_5_fu_333  |conv1_lif_top_Pipeline_VITIS_LOOP_46_4_VITIS_LOOP_47_5  |        0|    0|     21|    142|    0|
    |grp_conv1_lif_top_Pipeline_VITIS_LOOP_58_6_VITIS_LOOP_59_7_fu_401  |conv1_lif_top_Pipeline_VITIS_LOOP_58_6_VITIS_LOOP_59_7  |        0|  704|  58468|  50724|    0|
    +-------------------------------------------------------------------+--------------------------------------------------------+---------+-----+-------+-------+-----+
    |Total                                                              |                                                        |        0|  704|  58503|  50993|    0|
    +-------------------------------------------------------------------+--------------------------------------------------------+---------+-----+-------+-------+-----+

    * DSP: 
    N/A

    * Memory: 
    +---------------+------------------------+---------+----+----+-----+------+-----+------+-------------+
    |     Memory    |         Module         | BRAM_18K| FF | LUT| URAM| Words| Bits| Banks| W*Bits*Banks|
    +---------------+------------------------+---------+----+----+-----+------+-----+------+-------------+
    |mem_U          |mem_RAM_AUTO_1R1W       |        0|  32|  33|    0|    10|   32|     1|          320|
    |mem_1_U        |mem_RAM_AUTO_1R1W       |        0|  32|  33|    0|    10|   32|     1|          320|
    |mem_2_U        |mem_RAM_AUTO_1R1W       |        0|  32|  33|    0|    10|   32|     1|          320|
    |mem_3_U        |mem_RAM_AUTO_1R1W       |        0|  32|  33|    0|    10|   32|     1|          320|
    |mem_4_U        |mem_RAM_AUTO_1R1W       |        0|  32|  33|    0|    10|   32|     1|          320|
    |mem_5_U        |mem_RAM_AUTO_1R1W       |        0|  32|  33|    0|    10|   32|     1|          320|
    |mem_6_U        |mem_RAM_AUTO_1R1W       |        0|  32|  33|    0|    10|   32|     1|          320|
    |mem_7_U        |mem_RAM_AUTO_1R1W       |        0|  32|  33|    0|    10|   32|     1|          320|
    |mem_8_U        |mem_RAM_AUTO_1R1W       |        0|  32|  33|    0|    10|   32|     1|          320|
    |mem_9_U        |mem_RAM_AUTO_1R1W       |        0|  32|  33|    0|    10|   32|     1|          320|
    |mem_10_U       |mem_RAM_AUTO_1R1W       |        0|  32|  33|    0|    10|   32|     1|          320|
    |mem_11_U       |mem_RAM_AUTO_1R1W       |        0|  32|  33|    0|    10|   32|     1|          320|
    |mem_12_U       |mem_RAM_AUTO_1R1W       |        0|  32|  33|    0|    10|   32|     1|          320|
    |mem_13_U       |mem_RAM_AUTO_1R1W       |        0|  32|  33|    0|    10|   32|     1|          320|
    |mem_14_U       |mem_RAM_AUTO_1R1W       |        0|  32|  33|    0|    10|   32|     1|          320|
    |mem_15_U       |mem_RAM_AUTO_1R1W       |        0|  32|  33|    0|    10|   32|     1|          320|
    |mem_16_U       |mem_RAM_AUTO_1R1W       |        0|  32|  33|    0|    10|   32|     1|          320|
    |mem_17_U       |mem_RAM_AUTO_1R1W       |        0|  32|  33|    0|    10|   32|     1|          320|
    |mem_18_U       |mem_RAM_AUTO_1R1W       |        0|  32|  33|    0|    10|   32|     1|          320|
    |mem_19_U       |mem_RAM_AUTO_1R1W       |        0|  32|  33|    0|    10|   32|     1|          320|
    |mem_20_U       |mem_RAM_AUTO_1R1W       |        0|  32|  33|    0|    10|   32|     1|          320|
    |mem_21_U       |mem_RAM_AUTO_1R1W       |        0|  32|  33|    0|    10|   32|     1|          320|
    |mem_22_U       |mem_RAM_AUTO_1R1W       |        0|  32|  33|    0|    10|   32|     1|          320|
    |mem_23_U       |mem_RAM_AUTO_1R1W       |        0|  32|  33|    0|    10|   32|     1|          320|
    |mem_24_U       |mem_RAM_AUTO_1R1W       |        0|  32|  33|    0|    10|   32|     1|          320|
    |mem_25_U       |mem_RAM_AUTO_1R1W       |        0|  32|  33|    0|    10|   32|     1|          320|
    |mem_26_U       |mem_RAM_AUTO_1R1W       |        0|  32|  33|    0|    10|   32|     1|          320|
    |mem_27_U       |mem_RAM_AUTO_1R1W       |        0|  32|  33|    0|    10|   32|     1|          320|
    |mem_28_U       |mem_RAM_AUTO_1R1W       |        0|  32|  33|    0|    10|   32|     1|          320|
    |mem_29_U       |mem_RAM_AUTO_1R1W       |        0|  32|  33|    0|    10|   32|     1|          320|
    |mem_30_U       |mem_RAM_AUTO_1R1W       |        0|  32|  33|    0|    10|   32|     1|          320|
    |mem_31_U       |mem_RAM_AUTO_1R1W       |        0|  32|  33|    0|    10|   32|     1|          320|
    |prev_spk_U     |prev_spk_RAM_AUTO_1R1W  |        0|   2|   3|    0|    10|    1|     1|           10|
    |prev_spk_1_U   |prev_spk_RAM_AUTO_1R1W  |        0|   2|   3|    0|    10|    1|     1|           10|
    |prev_spk_2_U   |prev_spk_RAM_AUTO_1R1W  |        0|   2|   3|    0|    10|    1|     1|           10|
    |prev_spk_3_U   |prev_spk_RAM_AUTO_1R1W  |        0|   2|   3|    0|    10|    1|     1|           10|
    |prev_spk_4_U   |prev_spk_RAM_AUTO_1R1W  |        0|   2|   3|    0|    10|    1|     1|           10|
    |prev_spk_5_U   |prev_spk_RAM_AUTO_1R1W  |        0|   2|   3|    0|    10|    1|     1|           10|
    |prev_spk_6_U   |prev_spk_RAM_AUTO_1R1W  |        0|   2|   3|    0|    10|    1|     1|           10|
    |prev_spk_7_U   |prev_spk_RAM_AUTO_1R1W  |        0|   2|   3|    0|    10|    1|     1|           10|
    |prev_spk_8_U   |prev_spk_RAM_AUTO_1R1W  |        0|   2|   3|    0|    10|    1|     1|           10|
    |prev_spk_9_U   |prev_spk_RAM_AUTO_1R1W  |        0|   2|   3|    0|    10|    1|     1|           10|
    |prev_spk_10_U  |prev_spk_RAM_AUTO_1R1W  |        0|   2|   3|    0|    10|    1|     1|           10|
    |prev_spk_11_U  |prev_spk_RAM_AUTO_1R1W  |        0|   2|   3|    0|    10|    1|     1|           10|
    |prev_spk_12_U  |prev_spk_RAM_AUTO_1R1W  |        0|   2|   3|    0|    10|    1|     1|           10|
    |prev_spk_13_U  |prev_spk_RAM_AUTO_1R1W  |        0|   2|   3|    0|    10|    1|     1|           10|
    |prev_spk_14_U  |prev_spk_RAM_AUTO_1R1W  |        0|   2|   3|    0|    10|    1|     1|           10|
    |prev_spk_15_U  |prev_spk_RAM_AUTO_1R1W  |        0|   2|   3|    0|    10|    1|     1|           10|
    |prev_spk_16_U  |prev_spk_RAM_AUTO_1R1W  |        0|   2|   3|    0|    10|    1|     1|           10|
    |prev_spk_17_U  |prev_spk_RAM_AUTO_1R1W  |        0|   2|   3|    0|    10|    1|     1|           10|
    |prev_spk_18_U  |prev_spk_RAM_AUTO_1R1W  |        0|   2|   3|    0|    10|    1|     1|           10|
    |prev_spk_19_U  |prev_spk_RAM_AUTO_1R1W  |        0|   2|   3|    0|    10|    1|     1|           10|
    |prev_spk_20_U  |prev_spk_RAM_AUTO_1R1W  |        0|   2|   3|    0|    10|    1|     1|           10|
    |prev_spk_21_U  |prev_spk_RAM_AUTO_1R1W  |        0|   2|   3|    0|    10|    1|     1|           10|
    |prev_spk_22_U  |prev_spk_RAM_AUTO_1R1W  |        0|   2|   3|    0|    10|    1|     1|           10|
    |prev_spk_23_U  |prev_spk_RAM_AUTO_1R1W  |        0|   2|   3|    0|    10|    1|     1|           10|
    |prev_spk_24_U  |prev_spk_RAM_AUTO_1R1W  |        0|   2|   3|    0|    10|    1|     1|           10|
    |prev_spk_25_U  |prev_spk_RAM_AUTO_1R1W  |        0|   2|   3|    0|    10|    1|     1|           10|
    |prev_spk_26_U  |prev_spk_RAM_AUTO_1R1W  |        0|   2|   3|    0|    10|    1|     1|           10|
    |prev_spk_27_U  |prev_spk_RAM_AUTO_1R1W  |        0|   2|   3|    0|    10|    1|     1|           10|
    |prev_spk_28_U  |prev_spk_RAM_AUTO_1R1W  |        0|   2|   3|    0|    10|    1|     1|           10|
    |prev_spk_29_U  |prev_spk_RAM_AUTO_1R1W  |        0|   2|   3|    0|    10|    1|     1|           10|
    |prev_spk_30_U  |prev_spk_RAM_AUTO_1R1W  |        0|   2|   3|    0|    10|    1|     1|           10|
    |prev_spk_31_U  |prev_spk_RAM_AUTO_1R1W  |        0|   2|   3|    0|    10|    1|     1|           10|
    |x_U            |x_RAM_AUTO_1R1W         |        0|  32|  33|    0|    10|   32|     1|          320|
    |x_1_U          |x_RAM_AUTO_1R1W         |        0|  32|  33|    0|    10|   32|     1|          320|
    |x_2_U          |x_RAM_AUTO_1R1W         |        0|  32|  33|    0|    10|   32|     1|          320|
    +---------------+------------------------+---------+----+----+-----+------+-----+------+-------------+
    |Total          |                        |        0|1184|1251|    0|   670| 1152|    67|        11520|
    +---------------+------------------------+---------+----+----+-----+------+-----+------+-------------+

    * FIFO: 
    N/A

    * Expression: 
    +---------------------+----------+----+---+----+------------+------------+
    |    Variable Name    | Operation| DSP| FF| LUT| Bitwidth P0| Bitwidth P1|
    +---------------------+----------+----+---+----+------------+------------+
    |evt_2_fu_487_p2      |         +|   0|  0|  39|          32|           1|
    |icmp_ln21_fu_482_p2  |      icmp|   0|  0|  39|          32|          32|
    +---------------------+----------+----+---+----+------------+------------+
    |Total                |          |   0|  0|  78|          64|          33|
    +---------------------+----------+----+---+----+------------+------------+

    * Multiplexer: 
    +----------------------+----+-----------+-----+-----------+
    |         Name         | LUT| Input Size| Bits| Total Bits|
    +----------------------+----+-----------+-----+-----------+
    |ap_NS_fsm             |  43|          8|    1|          8|
    |evt_fu_46             |   9|          2|   32|         64|
    |in_r_read             |   9|          2|    1|          2|
    |mem_10_address0       |  14|          3|    4|         12|
    |mem_10_ce0            |  14|          3|    1|          3|
    |mem_10_ce1            |   9|          2|    1|          2|
    |mem_10_d0             |  14|          3|   32|         96|
    |mem_10_we0            |  14|          3|    1|          3|
    |mem_11_address0       |  14|          3|    4|         12|
    |mem_11_ce0            |  14|          3|    1|          3|
    |mem_11_ce1            |   9|          2|    1|          2|
    |mem_11_d0             |  14|          3|   32|         96|
    |mem_11_we0            |  14|          3|    1|          3|
    |mem_12_address0       |  14|          3|    4|         12|
    |mem_12_ce0            |  14|          3|    1|          3|
    |mem_12_ce1            |   9|          2|    1|          2|
    |mem_12_d0             |  14|          3|   32|         96|
    |mem_12_we0            |  14|          3|    1|          3|
    |mem_13_address0       |  14|          3|    4|         12|
    |mem_13_ce0            |  14|          3|    1|          3|
    |mem_13_ce1            |   9|          2|    1|          2|
    |mem_13_d0             |  14|          3|   32|         96|
    |mem_13_we0            |  14|          3|    1|          3|
    |mem_14_address0       |  14|          3|    4|         12|
    |mem_14_ce0            |  14|          3|    1|          3|
    |mem_14_ce1            |   9|          2|    1|          2|
    |mem_14_d0             |  14|          3|   32|         96|
    |mem_14_we0            |  14|          3|    1|          3|
    |mem_15_address0       |  14|          3|    4|         12|
    |mem_15_ce0            |  14|          3|    1|          3|
    |mem_15_ce1            |   9|          2|    1|          2|
    |mem_15_d0             |  14|          3|   32|         96|
    |mem_15_we0            |  14|          3|    1|          3|
    |mem_16_address0       |  14|          3|    4|         12|
    |mem_16_ce0            |  14|          3|    1|          3|
    |mem_16_ce1            |   9|          2|    1|          2|
    |mem_16_d0             |  14|          3|   32|         96|
    |mem_16_we0            |  14|          3|    1|          3|
    |mem_17_address0       |  14|          3|    4|         12|
    |mem_17_ce0            |  14|          3|    1|          3|
    |mem_17_ce1            |   9|          2|    1|          2|
    |mem_17_d0             |  14|          3|   32|         96|
    |mem_17_we0            |  14|          3|    1|          3|
    |mem_18_address0       |  14|          3|    4|         12|
    |mem_18_ce0            |  14|          3|    1|          3|
    |mem_18_ce1            |   9|          2|    1|          2|
    |mem_18_d0             |  14|          3|   32|         96|
    |mem_18_we0            |  14|          3|    1|          3|
    |mem_19_address0       |  14|          3|    4|         12|
    |mem_19_ce0            |  14|          3|    1|          3|
    |mem_19_ce1            |   9|          2|    1|          2|
    |mem_19_d0             |  14|          3|   32|         96|
    |mem_19_we0            |  14|          3|    1|          3|
    |mem_1_address0        |  14|          3|    4|         12|
    |mem_1_ce0             |  14|          3|    1|          3|
    |mem_1_ce1             |   9|          2|    1|          2|
    |mem_1_d0              |  14|          3|   32|         96|
    |mem_1_we0             |  14|          3|    1|          3|
    |mem_20_address0       |  14|          3|    4|         12|
    |mem_20_ce0            |  14|          3|    1|          3|
    |mem_20_ce1            |   9|          2|    1|          2|
    |mem_20_d0             |  14|          3|   32|         96|
    |mem_20_we0            |  14|          3|    1|          3|
    |mem_21_address0       |  14|          3|    4|         12|
    |mem_21_ce0            |  14|          3|    1|          3|
    |mem_21_ce1            |   9|          2|    1|          2|
    |mem_21_d0             |  14|          3|   32|         96|
    |mem_21_we0            |  14|          3|    1|          3|
    |mem_22_address0       |  14|          3|    4|         12|
    |mem_22_ce0            |  14|          3|    1|          3|
    |mem_22_ce1            |   9|          2|    1|          2|
    |mem_22_d0             |  14|          3|   32|         96|
    |mem_22_we0            |  14|          3|    1|          3|
    |mem_23_address0       |  14|          3|    4|         12|
    |mem_23_ce0            |  14|          3|    1|          3|
    |mem_23_ce1            |   9|          2|    1|          2|
    |mem_23_d0             |  14|          3|   32|         96|
    |mem_23_we0            |  14|          3|    1|          3|
    |mem_24_address0       |  14|          3|    4|         12|
    |mem_24_ce0            |  14|          3|    1|          3|
    |mem_24_ce1            |   9|          2|    1|          2|
    |mem_24_d0             |  14|          3|   32|         96|
    |mem_24_we0            |  14|          3|    1|          3|
    |mem_25_address0       |  14|          3|    4|         12|
    |mem_25_ce0            |  14|          3|    1|          3|
    |mem_25_ce1            |   9|          2|    1|          2|
    |mem_25_d0             |  14|          3|   32|         96|
    |mem_25_we0            |  14|          3|    1|          3|
    |mem_26_address0       |  14|          3|    4|         12|
    |mem_26_ce0            |  14|          3|    1|          3|
    |mem_26_ce1            |   9|          2|    1|          2|
    |mem_26_d0             |  14|          3|   32|         96|
    |mem_26_we0            |  14|          3|    1|          3|
    |mem_27_address0       |  14|          3|    4|         12|
    |mem_27_ce0            |  14|          3|    1|          3|
    |mem_27_ce1            |   9|          2|    1|          2|
    |mem_27_d0             |  14|          3|   32|         96|
    |mem_27_we0            |  14|          3|    1|          3|
    |mem_28_address0       |  14|          3|    4|         12|
    |mem_28_ce0            |  14|          3|    1|          3|
    |mem_28_ce1            |   9|          2|    1|          2|
    |mem_28_d0             |  14|          3|   32|         96|
    |mem_28_we0            |  14|          3|    1|          3|
    |mem_29_address0       |  14|          3|    4|         12|
    |mem_29_ce0            |  14|          3|    1|          3|
    |mem_29_ce1            |   9|          2|    1|          2|
    |mem_29_d0             |  14|          3|   32|         96|
    |mem_29_we0            |  14|          3|    1|          3|
    |mem_2_address0        |  14|          3|    4|         12|
    |mem_2_ce0             |  14|          3|    1|          3|
    |mem_2_ce1             |   9|          2|    1|          2|
    |mem_2_d0              |  14|          3|   32|         96|
    |mem_2_we0             |  14|          3|    1|          3|
    |mem_30_address0       |  14|          3|    4|         12|
    |mem_30_ce0            |  14|          3|    1|          3|
    |mem_30_ce1            |   9|          2|    1|          2|
    |mem_30_d0             |  14|          3|   32|         96|
    |mem_30_we0            |  14|          3|    1|          3|
    |mem_31_address0       |  14|          3|    4|         12|
    |mem_31_ce0            |  14|          3|    1|          3|
    |mem_31_ce1            |   9|          2|    1|          2|
    |mem_31_d0             |  14|          3|   32|         96|
    |mem_31_we0            |  14|          3|    1|          3|
    |mem_3_address0        |  14|          3|    4|         12|
    |mem_3_ce0             |  14|          3|    1|          3|
    |mem_3_ce1             |   9|          2|    1|          2|
    |mem_3_d0              |  14|          3|   32|         96|
    |mem_3_we0             |  14|          3|    1|          3|
    |mem_4_address0        |  14|          3|    4|         12|
    |mem_4_ce0             |  14|          3|    1|          3|
    |mem_4_ce1             |   9|          2|    1|          2|
    |mem_4_d0              |  14|          3|   32|         96|
    |mem_4_we0             |  14|          3|    1|          3|
    |mem_5_address0        |  14|          3|    4|         12|
    |mem_5_ce0             |  14|          3|    1|          3|
    |mem_5_ce1             |   9|          2|    1|          2|
    |mem_5_d0              |  14|          3|   32|         96|
    |mem_5_we0             |  14|          3|    1|          3|
    |mem_6_address0        |  14|          3|    4|         12|
    |mem_6_ce0             |  14|          3|    1|          3|
    |mem_6_ce1             |   9|          2|    1|          2|
    |mem_6_d0              |  14|          3|   32|         96|
    |mem_6_we0             |  14|          3|    1|          3|
    |mem_7_address0        |  14|          3|    4|         12|
    |mem_7_ce0             |  14|          3|    1|          3|
    |mem_7_ce1             |   9|          2|    1|          2|
    |mem_7_d0              |  14|          3|   32|         96|
    |mem_7_we0             |  14|          3|    1|          3|
    |mem_8_address0        |  14|          3|    4|         12|
    |mem_8_ce0             |  14|          3|    1|          3|
    |mem_8_ce1             |   9|          2|    1|          2|
    |mem_8_d0              |  14|          3|   32|         96|
    |mem_8_we0             |  14|          3|    1|          3|
    |mem_9_address0        |  14|          3|    4|         12|
    |mem_9_ce0             |  14|          3|    1|          3|
    |mem_9_ce1             |   9|          2|    1|          2|
    |mem_9_d0              |  14|          3|   32|         96|
    |mem_9_we0             |  14|          3|    1|          3|
    |mem_address0          |  14|          3|    4|         12|
    |mem_ce0               |  14|          3|    1|          3|
    |mem_ce1               |   9|          2|    1|          2|
    |mem_d0                |  14|          3|   32|         96|
    |mem_we0               |  14|          3|    1|          3|
    |out_r_write           |   9|          2|    1|          2|
    |prev_spk_10_address0  |  14|          3|    4|         12|
    |prev_spk_10_ce0       |  14|          3|    1|          3|
    |prev_spk_10_ce1       |   9|          2|    1|          2|
    |prev_spk_10_d0        |  14|          3|    1|          3|
    |prev_spk_10_we0       |  14|          3|    1|          3|
    |prev_spk_11_address0  |  14|          3|    4|         12|
    |prev_spk_11_ce0       |  14|          3|    1|          3|
    |prev_spk_11_ce1       |   9|          2|    1|          2|
    |prev_spk_11_d0        |  14|          3|    1|          3|
    |prev_spk_11_we0       |  14|          3|    1|          3|
    |prev_spk_12_address0  |  14|          3|    4|         12|
    |prev_spk_12_ce0       |  14|          3|    1|          3|
    |prev_spk_12_ce1       |   9|          2|    1|          2|
    |prev_spk_12_d0        |  14|          3|    1|          3|
    |prev_spk_12_we0       |  14|          3|    1|          3|
    |prev_spk_13_address0  |  14|          3|    4|         12|
    |prev_spk_13_ce0       |  14|          3|    1|          3|
    |prev_spk_13_ce1       |   9|          2|    1|          2|
    |prev_spk_13_d0        |  14|          3|    1|          3|
    |prev_spk_13_we0       |  14|          3|    1|          3|
    |prev_spk_14_address0  |  14|          3|    4|         12|
    |prev_spk_14_ce0       |  14|          3|    1|          3|
    |prev_spk_14_ce1       |   9|          2|    1|          2|
    |prev_spk_14_d0        |  14|          3|    1|          3|
    |prev_spk_14_we0       |  14|          3|    1|          3|
    |prev_spk_15_address0  |  14|          3|    4|         12|
    |prev_spk_15_ce0       |  14|          3|    1|          3|
    |prev_spk_15_ce1       |   9|          2|    1|          2|
    |prev_spk_15_d0        |  14|          3|    1|          3|
    |prev_spk_15_we0       |  14|          3|    1|          3|
    |prev_spk_16_address0  |  14|          3|    4|         12|
    |prev_spk_16_ce0       |  14|          3|    1|          3|
    |prev_spk_16_ce1       |   9|          2|    1|          2|
    |prev_spk_16_d0        |  14|          3|    1|          3|
    |prev_spk_16_we0       |  14|          3|    1|          3|
    |prev_spk_17_address0  |  14|          3|    4|         12|
    |prev_spk_17_ce0       |  14|          3|    1|          3|
    |prev_spk_17_ce1       |   9|          2|    1|          2|
    |prev_spk_17_d0        |  14|          3|    1|          3|
    |prev_spk_17_we0       |  14|          3|    1|          3|
    |prev_spk_18_address0  |  14|          3|    4|         12|
    |prev_spk_18_ce0       |  14|          3|    1|          3|
    |prev_spk_18_ce1       |   9|          2|    1|          2|
    |prev_spk_18_d0        |  14|          3|    1|          3|
    |prev_spk_18_we0       |  14|          3|    1|          3|
    |prev_spk_19_address0  |  14|          3|    4|         12|
    |prev_spk_19_ce0       |  14|          3|    1|          3|
    |prev_spk_19_ce1       |   9|          2|    1|          2|
    |prev_spk_19_d0        |  14|          3|    1|          3|
    |prev_spk_19_we0       |  14|          3|    1|          3|
    |prev_spk_1_address0   |  14|          3|    4|         12|
    |prev_spk_1_ce0        |  14|          3|    1|          3|
    |prev_spk_1_ce1        |   9|          2|    1|          2|
    |prev_spk_1_d0         |  14|          3|    1|          3|
    |prev_spk_1_we0        |  14|          3|    1|          3|
    |prev_spk_20_address0  |  14|          3|    4|         12|
    |prev_spk_20_ce0       |  14|          3|    1|          3|
    |prev_spk_20_ce1       |   9|          2|    1|          2|
    |prev_spk_20_d0        |  14|          3|    1|          3|
    |prev_spk_20_we0       |  14|          3|    1|          3|
    |prev_spk_21_address0  |  14|          3|    4|         12|
    |prev_spk_21_ce0       |  14|          3|    1|          3|
    |prev_spk_21_ce1       |   9|          2|    1|          2|
    |prev_spk_21_d0        |  14|          3|    1|          3|
    |prev_spk_21_we0       |  14|          3|    1|          3|
    |prev_spk_22_address0  |  14|          3|    4|         12|
    |prev_spk_22_ce0       |  14|          3|    1|          3|
    |prev_spk_22_ce1       |   9|          2|    1|          2|
    |prev_spk_22_d0        |  14|          3|    1|          3|
    |prev_spk_22_we0       |  14|          3|    1|          3|
    |prev_spk_23_address0  |  14|          3|    4|         12|
    |prev_spk_23_ce0       |  14|          3|    1|          3|
    |prev_spk_23_ce1       |   9|          2|    1|          2|
    |prev_spk_23_d0        |  14|          3|    1|          3|
    |prev_spk_23_we0       |  14|          3|    1|          3|
    |prev_spk_24_address0  |  14|          3|    4|         12|
    |prev_spk_24_ce0       |  14|          3|    1|          3|
    |prev_spk_24_ce1       |   9|          2|    1|          2|
    |prev_spk_24_d0        |  14|          3|    1|          3|
    |prev_spk_24_we0       |  14|          3|    1|          3|
    |prev_spk_25_address0  |  14|          3|    4|         12|
    |prev_spk_25_ce0       |  14|          3|    1|          3|
    |prev_spk_25_ce1       |   9|          2|    1|          2|
    |prev_spk_25_d0        |  14|          3|    1|          3|
    |prev_spk_25_we0       |  14|          3|    1|          3|
    |prev_spk_26_address0  |  14|          3|    4|         12|
    |prev_spk_26_ce0       |  14|          3|    1|          3|
    |prev_spk_26_ce1       |   9|          2|    1|          2|
    |prev_spk_26_d0        |  14|          3|    1|          3|
    |prev_spk_26_we0       |  14|          3|    1|          3|
    |prev_spk_27_address0  |  14|          3|    4|         12|
    |prev_spk_27_ce0       |  14|          3|    1|          3|
    |prev_spk_27_ce1       |   9|          2|    1|          2|
    |prev_spk_27_d0        |  14|          3|    1|          3|
    |prev_spk_27_we0       |  14|          3|    1|          3|
    |prev_spk_28_address0  |  14|          3|    4|         12|
    |prev_spk_28_ce0       |  14|          3|    1|          3|
    |prev_spk_28_ce1       |   9|          2|    1|          2|
    |prev_spk_28_d0        |  14|          3|    1|          3|
    |prev_spk_28_we0       |  14|          3|    1|          3|
    |prev_spk_29_address0  |  14|          3|    4|         12|
    |prev_spk_29_ce0       |  14|          3|    1|          3|
    |prev_spk_29_ce1       |   9|          2|    1|          2|
    |prev_spk_29_d0        |  14|          3|    1|          3|
    |prev_spk_29_we0       |  14|          3|    1|          3|
    |prev_spk_2_address0   |  14|          3|    4|         12|
    |prev_spk_2_ce0        |  14|          3|    1|          3|
    |prev_spk_2_ce1        |   9|          2|    1|          2|
    |prev_spk_2_d0         |  14|          3|    1|          3|
    |prev_spk_2_we0        |  14|          3|    1|          3|
    |prev_spk_30_address0  |  14|          3|    4|         12|
    |prev_spk_30_ce0       |  14|          3|    1|          3|
    |prev_spk_30_ce1       |   9|          2|    1|          2|
    |prev_spk_30_d0        |  14|          3|    1|          3|
    |prev_spk_30_we0       |  14|          3|    1|          3|
    |prev_spk_31_address0  |  14|          3|    4|         12|
    |prev_spk_31_ce0       |  14|          3|    1|          3|
    |prev_spk_31_ce1       |   9|          2|    1|          2|
    |prev_spk_31_d0        |  14|          3|    1|          3|
    |prev_spk_31_we0       |  14|          3|    1|          3|
    |prev_spk_3_address0   |  14|          3|    4|         12|
    |prev_spk_3_ce0        |  14|          3|    1|          3|
    |prev_spk_3_ce1        |   9|          2|    1|          2|
    |prev_spk_3_d0         |  14|          3|    1|          3|
    |prev_spk_3_we0        |  14|          3|    1|          3|
    |prev_spk_4_address0   |  14|          3|    4|         12|
    |prev_spk_4_ce0        |  14|          3|    1|          3|
    |prev_spk_4_ce1        |   9|          2|    1|          2|
    |prev_spk_4_d0         |  14|          3|    1|          3|
    |prev_spk_4_we0        |  14|          3|    1|          3|
    |prev_spk_5_address0   |  14|          3|    4|         12|
    |prev_spk_5_ce0        |  14|          3|    1|          3|
    |prev_spk_5_ce1        |   9|          2|    1|          2|
    |prev_spk_5_d0         |  14|          3|    1|          3|
    |prev_spk_5_we0        |  14|          3|    1|          3|
    |prev_spk_6_address0   |  14|          3|    4|         12|
    |prev_spk_6_ce0        |  14|          3|    1|          3|
    |prev_spk_6_ce1        |   9|          2|    1|          2|
    |prev_spk_6_d0         |  14|          3|    1|          3|
    |prev_spk_6_we0        |  14|          3|    1|          3|
    |prev_spk_7_address0   |  14|          3|    4|         12|
    |prev_spk_7_ce0        |  14|          3|    1|          3|
    |prev_spk_7_ce1        |   9|          2|    1|          2|
    |prev_spk_7_d0         |  14|          3|    1|          3|
    |prev_spk_7_we0        |  14|          3|    1|          3|
    |prev_spk_8_address0   |  14|          3|    4|         12|
    |prev_spk_8_ce0        |  14|          3|    1|          3|
    |prev_spk_8_ce1        |   9|          2|    1|          2|
    |prev_spk_8_d0         |  14|          3|    1|          3|
    |prev_spk_8_we0        |  14|          3|    1|          3|
    |prev_spk_9_address0   |  14|          3|    4|         12|
    |prev_spk_9_ce0        |  14|          3|    1|          3|
    |prev_spk_9_ce1        |   9|          2|    1|          2|
    |prev_spk_9_d0         |  14|          3|    1|          3|
    |prev_spk_9_we0        |  14|          3|    1|          3|
    |prev_spk_address0     |  14|          3|    4|         12|
    |prev_spk_ce0          |  14|          3|    1|          3|
    |prev_spk_ce1          |   9|          2|    1|          2|
    |prev_spk_d0           |  14|          3|    1|          3|
    |prev_spk_we0          |  14|          3|    1|          3|
    |x_1_address0          |  14|          3|    4|         12|
    |x_1_ce0               |  14|          3|    1|          3|
    |x_1_we0               |   9|          2|    1|          2|
    |x_2_address0          |  14|          3|    4|         12|
    |x_2_ce0               |  14|          3|    1|          3|
    |x_2_we0               |   9|          2|    1|          2|
    |x_address0            |  14|          3|    4|         12|
    |x_ce0                 |  14|          3|    1|          3|
    |x_we0                 |   9|          2|    1|          2|
    +----------------------+----+-----------+-----+-----------+
    |Total                 |4341|        934| 1557|       4575|
    +----------------------+----+-----------+-----+-----------+

    * Register: 
    +--------------------------------------------------------------------------------+----+----+-----+-----------+
    |                                      Name                                      | FF | LUT| Bits| Const Bits|
    +--------------------------------------------------------------------------------+----+----+-----+-----------+
    |ap_CS_fsm                                                                       |   7|   0|    7|          0|
    |evt_fu_46                                                                       |  32|   0|   32|          0|
    |grp_conv1_lif_top_Pipeline_VITIS_LOOP_29_2_VITIS_LOOP_30_3_fu_324_ap_start_reg  |   1|   0|    1|          0|
    |grp_conv1_lif_top_Pipeline_VITIS_LOOP_46_4_VITIS_LOOP_47_5_fu_333_ap_start_reg  |   1|   0|    1|          0|
    |grp_conv1_lif_top_Pipeline_VITIS_LOOP_58_6_VITIS_LOOP_59_7_fu_401_ap_start_reg  |   1|   0|    1|          0|
    +--------------------------------------------------------------------------------+----+----+-----+-----------+
    |Total                                                                           |  42|   0|   42|          0|
    +--------------------------------------------------------------------------------+----+----+-----+-----------+



================================================================
== Interface
================================================================
* Summary: 
+--------------+-----+-----+------------+---------------+--------------+
|   RTL Ports  | Dir | Bits|  Protocol  | Source Object |    C Type    |
+--------------+-----+-----+------------+---------------+--------------+
|ap_clk        |   in|    1|  ap_ctrl_hs|  conv1_lif_top|  return value|
|ap_rst        |   in|    1|  ap_ctrl_hs|  conv1_lif_top|  return value|
|ap_start      |   in|    1|  ap_ctrl_hs|  conv1_lif_top|  return value|
|ap_done       |  out|    1|  ap_ctrl_hs|  conv1_lif_top|  return value|
|ap_idle       |  out|    1|  ap_ctrl_hs|  conv1_lif_top|  return value|
|ap_ready      |  out|    1|  ap_ctrl_hs|  conv1_lif_top|  return value|
|in_r_dout     |   in|   32|     ap_fifo|           in_r|       pointer|
|in_r_empty_n  |   in|    1|     ap_fifo|           in_r|       pointer|
|in_r_read     |  out|    1|     ap_fifo|           in_r|       pointer|
|out_r_din     |  out|   32|     ap_fifo|          out_r|       pointer|
|out_r_full_n  |   in|    1|     ap_fifo|          out_r|       pointer|
|out_r_write   |  out|    1|     ap_fifo|          out_r|       pointer|
|numEvents     |   in|   32|     ap_none|      numEvents|        scalar|
+--------------+-----+-----+------------+---------------+--------------+

