==============================================================
Vitis HLS - High-Level Synthesis from C, C++ and OpenCL v2021.2 (64-bit)
Copyright 1986-2021 Xilinx, Inc. All Rights Reserved.
==============================================================
INFO: [HLS 200-1505] Using default flow_target 'vivado'
INFO: [HLS 200-1510] Running: set_part xcvu9p-flga2577-2-e 
INFO: [HLS 200-1611] Setting target device to 'xcvu9p-flga2577-2-e'
INFO: [HLS 200-1510] Running: create_clock -period 10 -name default 
INFO: [SYN 201-201] Setting up clock 'default' with a period of 10ns.
INFO: [HLS 200-1510] Running: csim_design -clean -O 
INFO: [SIM 211-2] *************** CSIM start ***************
INFO: [SIM 211-4] CSIM will launch GCC as the compiler.
INFO: [SIM 211-1] CSim done with 0 errors.
INFO: [SIM 211-3] *************** CSIM finish ***************
INFO: [HLS 200-111] Finished Command csim_design CPU user time: 5.52 seconds. CPU system time: 1.33 seconds. Elapsed time: 6.88 seconds; current allocated memory: -933.109 MB.
INFO: [HLS 200-1510] Running: csynth_design 
INFO: [HLS 200-111] Finished File checks and directory preparation: CPU user time: 0.01 seconds. CPU system time: 0 seconds. Elapsed time: 0.01 seconds; current allocated memory: 419.379 MB.
INFO: [HLS 200-10] Analyzing design file '/home/coder/Desktop/s2n2/convSNN/fc2_top.cpp' ... 
WARNING: [HLS 207-5523] 'Resource pragma' is deprecated, use 'bind_op/bind_storage pragma' instead (/home/coder/Desktop/s2n2/finn-hlslib-lif/slidingwindow.h:75:9)
WARNING: [HLS 207-5523] 'Resource pragma' is deprecated, use 'bind_op/bind_storage pragma' instead (/home/coder/Desktop/s2n2/finn-hlslib-lif/slidingwindow.h:97:9)
WARNING: [HLS 207-5523] 'Resource pragma' is deprecated, use 'bind_op/bind_storage pragma' instead (/home/coder/Desktop/s2n2/finn-hlslib-lif/slidingwindow.h:119:9)
WARNING: [HLS 207-5523] 'Resource pragma' is deprecated, use 'bind_op/bind_storage pragma' instead (/home/coder/Desktop/s2n2/finn-hlslib-lif/slidingwindow.h:141:9)
WARNING: [HLS 207-5523] 'Resource pragma' is deprecated, use 'bind_op/bind_storage pragma' instead (/home/coder/Desktop/s2n2/finn-hlslib-lif/maxpool.h:296:9)
WARNING: [HLS 207-5523] 'Resource pragma' is deprecated, use 'bind_op/bind_storage pragma' instead (/home/coder/Desktop/s2n2/finn-hlslib-lif/mac.hpp:116:9)
WARNING: [HLS 207-5523] 'Resource pragma' is deprecated, use 'bind_op/bind_storage pragma' instead (/home/coder/Desktop/s2n2/finn-hlslib-lif/mac.hpp:142:9)
WARNING: [HLS 214-113] Either use an argument of the function or declare the variable inside the dataflow loop body (/home/coder/Desktop/s2n2/convSNN/fc2_top.cpp:40:9)
WARNING: [HLS 214-113] Either use an argument of the function or declare the variable inside the dataflow loop body (/home/coder/Desktop/s2n2/convSNN/fc2_top.cpp:41:9)
WARNING: [HLS 214-113] Either use an argument of the function or declare the variable inside the dataflow loop body (/home/coder/Desktop/s2n2/convSNN/fc2_top.cpp:44:9)
WARNING: [HLS 200-471] Dataflow form checks found 3 issue(s) in file /home/coder/Desktop/s2n2/convSNN/fc2_top.cpp
WARNING: [HLS 207-4069] variable templates are a C++14 extension (/tools/Xilinx/Vitis_HLS/2021.2/common/technology/autopilot/ap_axi_sdata.h:97:45)
WARNING: [HLS 207-4069] variable templates are a C++14 extension (/tools/Xilinx/Vitis_HLS/2021.2/common/technology/autopilot/ap_axi_sdata.h:107:23)
WARNING: [HLS 207-5287] unused parameter 'reps' (/home/coder/Desktop/s2n2/finn-hlslib-lif/streamtools.h:837:77)
WARNING: [HLS 207-5287] unused parameter 'reps' (/home/coder/Desktop/s2n2/finn-hlslib-lif/streamtools.h:869:78)
WARNING: [HLS 207-5287] unused parameter 'mmv' (/home/coder/Desktop/s2n2/finn-hlslib-lif/interpret.hpp:149:53)
WARNING: [HLS 207-5287] unused parameter 'mmv' (/home/coder/Desktop/s2n2/finn-hlslib-lif/interpret.hpp:166:58)
WARNING: [HLS 207-5287] unused parameter 'mmv' (/home/coder/Desktop/s2n2/finn-hlslib-lif/interpret.hpp:209:56)
WARNING: [HLS 207-5287] unused parameter 'flag' (/home/coder/Desktop/s2n2/finn-hlslib-lif/interpret.hpp:209:72)
WARNING: [HLS 207-5287] unused parameter 'mmv' (/home/coder/Desktop/s2n2/finn-hlslib-lif/interpret.hpp:213:53)
WARNING: [HLS 207-5287] unused parameter 'mmv' (/home/coder/Desktop/s2n2/finn-hlslib-lif/interpret.hpp:218:30)
WARNING: [HLS 207-5287] unused parameter 'mmv' (/home/coder/Desktop/s2n2/finn-hlslib-lif/interpret.hpp:240:53)
WARNING: [HLS 207-5287] unused parameter 'mmv' (/home/coder/Desktop/s2n2/finn-hlslib-lif/interpret.hpp:262:39)
WARNING: [HLS 207-5287] unused parameter 'flag' (/home/coder/Desktop/s2n2/finn-hlslib-lif/interpret.hpp:273:72)
WARNING: [HLS 207-5287] unused parameter 'mmv' (/home/coder/Desktop/s2n2/finn-hlslib-lif/interpret.hpp:300:52)
WARNING: [HLS 207-5287] unused parameter 'decay' (/home/coder/Desktop/s2n2/finn-hlslib-lif/mvau.hpp:115:16)
WARNING: [HLS 207-5287] unused parameter 'r' (/home/coder/Desktop/s2n2/finn-hlslib-lif/mvau.hpp:117:16)
WARNING: [HLS 207-5287] unused parameter 'nf' (/home/coder/Desktop/s2n2/finn-hlslib-lif/activations.hpp:68:26)
WARNING: [HLS 207-5287] unused parameter 'pe' (/home/coder/Desktop/s2n2/finn-hlslib-lif/activations.hpp:68:45)
WARNING: [HLS 207-5287] unused parameter 'nf' (/home/coder/Desktop/s2n2/finn-hlslib-lif/activations.hpp:86:29)
WARNING: [HLS 207-5287] unused parameter 'pe' (/home/coder/Desktop/s2n2/finn-hlslib-lif/activations.hpp:86:48)
WARNING: [HLS 207-5287] unused parameter 'nf' (/home/coder/Desktop/s2n2/finn-hlslib-lif/activations.hpp:108:32)
WARNING: [HLS 207-5287] unused parameter 'pe' (/home/coder/Desktop/s2n2/finn-hlslib-lif/activations.hpp:108:51)
WARNING: [HLS 207-5287] unused parameter 'nf' (/home/coder/Desktop/s2n2/finn-hlslib-lif/activations.hpp:131:26)
WARNING: [HLS 207-5287] unused parameter 'pe' (/home/coder/Desktop/s2n2/finn-hlslib-lif/activations.hpp:131:45)
WARNING: [HLS 207-5287] unused parameter 'nf' (/home/coder/Desktop/s2n2/finn-hlslib-lif/activations.hpp:170:26)
WARNING: [HLS 207-5287] unused parameter 'pe' (/home/coder/Desktop/s2n2/finn-hlslib-lif/activations.hpp:170:45)
INFO: [HLS 200-111] Finished Source Code Analysis and Preprocessing: CPU user time: 6.74 seconds. CPU system time: 1.03 seconds. Elapsed time: 10.76 seconds; current allocated memory: 421.949 MB.
INFO: [HLS 200-777] Using interface defaults for 'Vivado' flow target.
INFO: [HLS 214-284] Auto array partition mode is set into default.
INFO: [HLS 214-131] Inlining function 'FixedPointWeightsSp<8u, ap_int<32>, 5u, 8u>::TileIndex::TileIndex(FixedPointWeightsSp<8u, ap_int<32>, 5u, 8u> const&, unsigned int, ap_uint<8>)' into 'FixedPointWeightsSp<8u, ap_int<32>, 5u, 8u>::weights(unsigned int, ap_uint<8>) const' (/home/coder/Desktop/s2n2/finn-hlslib-lif/weights.hpp:216:9)
INFO: [HLS 214-131] Inlining function 'Slice<ap_uint<1>, 1u>::Container<ap_uint<5> >::operator ap_uint<5> const&() const' into 'void Matrix_Vector_Activate_Batch<64u, 5u, 8u, 8u, 5u, 1u, Slice<ap_uint<1>, 1u>, Slice<ap_uint<1>, 1u>, Identity, ap_fixed<16, 6, (ap_q_mode)5, (ap_o_mode)3, 0>, 16u, 6u, 1u, ap_uint<64>, ap_uint<5>, FixedPointWeightsSp<8u, ap_int<32>, 5u, 8u>, DebugThresholdActivation<ap_fixed<16, 6, (ap_q_mode)5, (ap_o_mode)3, 0> >, ap_resource_dsp>(hls::stream<ap_uint<64>, 0>&, hls::stream<ap_uint<5>, 0>&, FixedPointWeightsSp<8u, ap_int<32>, 5u, 8u> const&, DebugThresholdActivation<ap_fixed<16, 6, (ap_q_mode)5, (ap_o_mode)3, 0> > const&, ap_fixed<16, 6, (ap_q_mode)5, (ap_o_mode)3, 0>, int, ap_resource_dsp const&)' (/home/coder/Desktop/s2n2/finn-hlslib-lif/mvau.hpp:207:17)
INFO: [HLS 214-131] Inlining function 'Slice<ap_uint<1>, 1u>::Container<ap_uint<5> >::operator[](unsigned int) const' into 'void Matrix_Vector_Activate_Batch<64u, 5u, 8u, 8u, 5u, 1u, Slice<ap_uint<1>, 1u>, Slice<ap_uint<1>, 1u>, Identity, ap_fixed<16, 6, (ap_q_mode)5, (ap_o_mode)3, 0>, 16u, 6u, 1u, ap_uint<64>, ap_uint<5>, FixedPointWeightsSp<8u, ap_int<32>, 5u, 8u>, DebugThresholdActivation<ap_fixed<16, 6, (ap_q_mode)5, (ap_o_mode)3, 0> >, ap_resource_dsp>(hls::stream<ap_uint<64>, 0>&, hls::stream<ap_uint<5>, 0>&, FixedPointWeightsSp<8u, ap_int<32>, 5u, 8u> const&, DebugThresholdActivation<ap_fixed<16, 6, (ap_q_mode)5, (ap_o_mode)3, 0> > const&, ap_fixed<16, 6, (ap_q_mode)5, (ap_o_mode)3, 0>, int, ap_resource_dsp const&)' (/home/coder/Desktop/s2n2/finn-hlslib-lif/mvau.hpp:203:8)
INFO: [HLS 214-131] Inlining function 'FixedPointWeightsSp<8u, ap_int<32>, 5u, 8u>::TileIndex::operator[](unsigned int) const' into 'void Matrix_Vector_Activate_Batch<64u, 5u, 8u, 8u, 5u, 1u, Slice<ap_uint<1>, 1u>, Slice<ap_uint<1>, 1u>, Identity, ap_fixed<16, 6, (ap_q_mode)5, (ap_o_mode)3, 0>, 16u, 6u, 1u, ap_uint<64>, ap_uint<5>, FixedPointWeightsSp<8u, ap_int<32>, 5u, 8u>, DebugThresholdActivation<ap_fixed<16, 6, (ap_q_mode)5, (ap_o_mode)3, 0> >, ap_resource_dsp>(hls::stream<ap_uint<64>, 0>&, hls::stream<ap_uint<5>, 0>&, FixedPointWeightsSp<8u, ap_int<32>, 5u, 8u> const&, DebugThresholdActivation<ap_fixed<16, 6, (ap_q_mode)5, (ap_o_mode)3, 0> > const&, ap_fixed<16, 6, (ap_q_mode)5, (ap_o_mode)3, 0>, int, ap_resource_dsp const&)' (/home/coder/Desktop/s2n2/finn-hlslib-lif/mvau.hpp:189:21)
INFO: [HLS 214-131] Inlining function 'FixedPointWeightsSp<8u, ap_int<32>, 5u, 8u>::TileIndex::operator[](unsigned int) const' into 'void Matrix_Vector_Activate_Batch<64u, 5u, 8u, 8u, 5u, 1u, Slice<ap_uint<1>, 1u>, Slice<ap_uint<1>, 1u>, Identity, ap_fixed<16, 6, (ap_q_mode)5, (ap_o_mode)3, 0>, 16u, 6u, 1u, ap_uint<64>, ap_uint<5>, FixedPointWeightsSp<8u, ap_int<32>, 5u, 8u>, DebugThresholdActivation<ap_fixed<16, 6, (ap_q_mode)5, (ap_o_mode)3, 0> >, ap_resource_dsp>(hls::stream<ap_uint<64>, 0>&, hls::stream<ap_uint<5>, 0>&, FixedPointWeightsSp<8u, ap_int<32>, 5u, 8u> const&, DebugThresholdActivation<ap_fixed<16, 6, (ap_q_mode)5, (ap_o_mode)3, 0> > const&, ap_fixed<16, 6, (ap_q_mode)5, (ap_o_mode)3, 0>, int, ap_resource_dsp const&)' (/home/coder/Desktop/s2n2/finn-hlslib-lif/mvau.hpp:186:57)
INFO: [HLS 214-131] Inlining function 'FixedPointWeightsSp<8u, ap_int<32>, 5u, 8u>::weights(unsigned int, ap_uint<8>) const' into 'void Matrix_Vector_Activate_Batch<64u, 5u, 8u, 8u, 5u, 1u, Slice<ap_uint<1>, 1u>, Slice<ap_uint<1>, 1u>, Identity, ap_fixed<16, 6, (ap_q_mode)5, (ap_o_mode)3, 0>, 16u, 6u, 1u, ap_uint<64>, ap_uint<5>, FixedPointWeightsSp<8u, ap_int<32>, 5u, 8u>, DebugThresholdActivation<ap_fixed<16, 6, (ap_q_mode)5, (ap_o_mode)3, 0> >, ap_resource_dsp>(hls::stream<ap_uint<64>, 0>&, hls::stream<ap_uint<5>, 0>&, FixedPointWeightsSp<8u, ap_int<32>, 5u, 8u> const&, DebugThresholdActivation<ap_fixed<16, 6, (ap_q_mode)5, (ap_o_mode)3, 0> > const&, ap_fixed<16, 6, (ap_q_mode)5, (ap_o_mode)3, 0>, int, ap_resource_dsp const&)' (/home/coder/Desktop/s2n2/finn-hlslib-lif/mvau.hpp:178:29)
INFO: [HLS 214-291] Loop 'VITIS_LOOP_166_2' is marked as complete unroll implied by the pipeline pragma (/home/coder/Desktop/s2n2/finn-hlslib-lif/mvau.hpp:166:24)
INFO: [HLS 214-291] Loop 'VITIS_LOOP_184_3' is marked as complete unroll implied by the pipeline pragma (/home/coder/Desktop/s2n2/finn-hlslib-lif/mvau.hpp:184:23)
INFO: [HLS 214-291] Loop 'VITIS_LOOP_200_1' is marked as complete unroll implied by the pipeline pragma (/home/coder/Desktop/s2n2/finn-hlslib-lif/weights.hpp:200:25)
INFO: [HLS 214-291] Loop 'VITIS_LOOP_200_4' is marked as complete unroll implied by the pipeline pragma (/home/coder/Desktop/s2n2/finn-hlslib-lif/mvau.hpp:200:25)
INFO: [HLS 214-186] Unrolling loop 'VITIS_LOOP_166_2' (/home/coder/Desktop/s2n2/finn-hlslib-lif/mvau.hpp:166:24) in function 'Matrix_Vector_Activate_Batch<64u, 5u, 8u, 8u, 5u, 1u, Slice<ap_uint<1>, 1u>, Slice<ap_uint<1>, 1u>, Identity, ap_fixed<16, 6, (ap_q_mode)5, (ap_o_mode)3, 0>, 16u, 6u, 1u, ap_uint<64>, ap_uint<5>, FixedPointWeightsSp<8u, ap_int<32>, 5u, 8u>, DebugThresholdActivation<ap_fixed<16, 6, (ap_q_mode)5, (ap_o_mode)3, 0> >, ap_resource_dsp>' completely with a factor of 5 (/home/coder/Desktop/s2n2/finn-hlslib-lif/mvau.hpp:117:0)
INFO: [HLS 214-186] Unrolling loop 'VITIS_LOOP_184_3' (/home/coder/Desktop/s2n2/finn-hlslib-lif/mvau.hpp:184:23) in function 'Matrix_Vector_Activate_Batch<64u, 5u, 8u, 8u, 5u, 1u, Slice<ap_uint<1>, 1u>, Slice<ap_uint<1>, 1u>, Identity, ap_fixed<16, 6, (ap_q_mode)5, (ap_o_mode)3, 0>, 16u, 6u, 1u, ap_uint<64>, ap_uint<5>, FixedPointWeightsSp<8u, ap_int<32>, 5u, 8u>, DebugThresholdActivation<ap_fixed<16, 6, (ap_q_mode)5, (ap_o_mode)3, 0> >, ap_resource_dsp>' completely with a factor of 5 (/home/coder/Desktop/s2n2/finn-hlslib-lif/mvau.hpp:117:0)
INFO: [HLS 214-186] Unrolling loop 'VITIS_LOOP_200_1' (/home/coder/Desktop/s2n2/finn-hlslib-lif/weights.hpp:200:25) in function 'Matrix_Vector_Activate_Batch<64u, 5u, 8u, 8u, 5u, 1u, Slice<ap_uint<1>, 1u>, Slice<ap_uint<1>, 1u>, Identity, ap_fixed<16, 6, (ap_q_mode)5, (ap_o_mode)3, 0>, 16u, 6u, 1u, ap_uint<64>, ap_uint<5>, FixedPointWeightsSp<8u, ap_int<32>, 5u, 8u>, DebugThresholdActivation<ap_fixed<16, 6, (ap_q_mode)5, (ap_o_mode)3, 0> >, ap_resource_dsp>' completely with a factor of 8 (/home/coder/Desktop/s2n2/finn-hlslib-lif/mvau.hpp:117:0)
INFO: [HLS 214-186] Unrolling loop 'VITIS_LOOP_200_4' (/home/coder/Desktop/s2n2/finn-hlslib-lif/mvau.hpp:200:25) in function 'Matrix_Vector_Activate_Batch<64u, 5u, 8u, 8u, 5u, 1u, Slice<ap_uint<1>, 1u>, Slice<ap_uint<1>, 1u>, Identity, ap_fixed<16, 6, (ap_q_mode)5, (ap_o_mode)3, 0>, 16u, 6u, 1u, ap_uint<64>, ap_uint<5>, FixedPointWeightsSp<8u, ap_int<32>, 5u, 8u>, DebugThresholdActivation<ap_fixed<16, 6, (ap_q_mode)5, (ap_o_mode)3, 0> >, ap_resource_dsp>' completely with a factor of 5 (/home/coder/Desktop/s2n2/finn-hlslib-lif/mvau.hpp:117:0)
INFO: [HLS 214-241] Aggregating fifo (hls::stream) variable 'out' with compact=bit mode in 5-bits (/home/coder/Desktop/s2n2/convSNN/fc2_top.cpp:21:0)
INFO: [HLS 214-241] Aggregating fifo (hls::stream) variable 'in' with compact=bit mode in 64-bits (/home/coder/Desktop/s2n2/convSNN/fc2_top.cpp:21:0)
INFO: [HLS 214-270] Starting automatic array partition analysis...
INFO: [HLS 214-270] Inferring complete partitioning for array 'weights_fc2' on dimension 1 (/home/coder/Desktop/s2n2/convSNN/fc2_top.cpp:17:0)
INFO: [HLS 214-131] Inlining function '_llvm.fpga.pack.none.i64.s_struct.ssdm_int<64, false>s' into '_llvm.fpga.unpack.bits.s_struct.ap_uint<64>s.i64.1'
INFO: [HLS 214-131] Inlining function '_llvm.fpga.unpack.bits.s_struct.ap_uint<64>s.i64.1' into 'void Matrix_Vector_Activate_Batch<64u, 5u, 8u, 8u, 5u, 1u, Slice<ap_uint<1>, 1u>, Slice<ap_uint<1>, 1u>, Identity, ap_fixed<16, 6, (ap_q_mode)5, (ap_o_mode)3, 0>, 16u, 6u, 1u, ap_uint<64>, ap_uint<5>, FixedPointWeightsSp<8u, ap_int<32>, 5u, 8u>, DebugThresholdActivation<ap_fixed<16, 6, (ap_q_mode)5, (ap_o_mode)3, 0> >, ap_resource_dsp>(hls::stream<ap_uint<64>, 0>&, hls::stream<ap_uint<5>, 0>&, FixedPointWeightsSp<8u, ap_int<32>, 5u, 8u> const&, DebugThresholdActivation<ap_fixed<16, 6, (ap_q_mode)5, (ap_o_mode)3, 0> > const&, ap_fixed<16, 6, (ap_q_mode)5, (ap_o_mode)3, 0>, int, ap_resource_dsp const&) (.1)' (/tools/Xilinx/Vitis_HLS/2021.2/common/technology/autopilot/hls_stream_39.h:144:9)
INFO: [HLS 200-111] Finished Compiling Optimization and Transform: CPU user time: 3.42 seconds. CPU system time: 0.71 seconds. Elapsed time: 5.89 seconds; current allocated memory: 423.160 MB.
INFO: [HLS 200-111] Finished Checking Pragmas: CPU user time: 0 seconds. CPU system time: 0 seconds. Elapsed time: 0 seconds; current allocated memory: 423.160 MB.
INFO: [HLS 200-10] Starting code transformations ...
INFO: [HLS 200-111] Finished Standard Transforms: CPU user time: 0.08 seconds. CPU system time: 0.02 seconds. Elapsed time: 0.16 seconds; current allocated memory: 441.066 MB.
INFO: [HLS 200-10] Checking synthesizability ...
INFO: [XFORM 203-602] Inlining function 'DebugThresholdActivation<ap_fixed<16, 6, (ap_q_mode)5, (ap_o_mode)3, 0> >::operator()' into 'Matrix_Vector_Activate_Batch<64u, 5u, 8u, 8u, 5u, 1u, Slice<ap_uint<1>, 1u>, Slice<ap_uint<1>, 1u>, Identity, ap_fixed<16, 6, (ap_q_mode)5, (ap_o_mode)3, 0>, 16u, 6u, 1u, ap_uint<64>, ap_uint<5>, FixedPointWeightsSp<8u, ap_int<32>, 5u, 8u>, DebugThresholdActivation<ap_fixed<16, 6, (ap_q_mode)5, (ap_o_mode)3, 0> >, ap_resource_dsp>' (/home/coder/Desktop/s2n2/finn-hlslib-lif/mvau.hpp:202) automatically.
INFO: [HLS 200-111] Finished Checking Synthesizability: CPU user time: 0.12 seconds. CPU system time: 0.01 seconds. Elapsed time: 0.17 seconds; current allocated memory: 458.613 MB.
INFO: [XFORM 203-101] Partitioning array 'weights_fc2.m_weights.V'  in dimension 1 completely.
WARNING: [HLS 200-786] Detected dataflow-on-top in function  'fc2_top' (/home/coder/Desktop/s2n2/convSNN/fc2_top.cpp:24:1)  with default interface mode 'ap_ctrl_hs'. Overlapped execution of successive kernel calls will not happen unless interface mode 'ap_ctrl_chain' is used (or 'ap_ctrl_none' for a purely data-driven design).
INFO: [XFORM 203-712] Applying dataflow to function 'fc2_top' (/home/coder/Desktop/s2n2/convSNN/fc2_top.cpp:24:1), detected/extracted 1 process function(s): 
	 'Matrix_Vector_Activate_Batch<64u, 5u, 8u, 8u, 5u, 1u, Slice<ap_uint<1>, 1u>, Slice<ap_uint<1>, 1u>, Identity, ap_fixed<16, 6, (ap_q_mode)5, (ap_o_mode)3, 0>, 16u, 6u, 1u, ap_uint<64>, ap_uint<5>, FixedPointWeightsSp<8u, ap_int<32>, 5u, 8u>, DebugThresholdActivation<ap_fixed<16, 6, (ap_q_mode)5, (ap_o_mode)3, 0> >, ap_resource_dsp>'.
INFO: [HLS 200-111]==============================================================
Vitis HLS - High-Level Synthesis from C, C++ and OpenCL v2021.2 (64-bit)
Copyright 1986-2021 Xilinx, Inc. All Rights Reserved.
==============================================================
INFO: [SYN 201-201] Setting up clock 'default' with a period of 10ns.
INFO: [HLS 200-1611] Setting target device to 'xcvu9p-flga2577-2-e'
INFO: [HLS 200-1505] Using flow_target 'vivado'
INFO: [HLS 200-1464] Running solution command: config_export -format=ip_catalog
INFO: [HLS 200-1464] Running solution command: config_export -version=2.0.1
INFO: [HLS 200-1510] Running: set_part xcvu9p-flga2577-2-e 
INFO: [HLS 200-1510] Running: create_clock -period 10 -name default 
INFO: [HLS 200-1510] Running: csim_design -clean -O 
INFO: [SIM 211-2] *************** CSIM start ***************
INFO: [SIM 211-4] CSIM will launch GCC as the compiler.
INFO: [SIM 211-1] CSim done with 0 errors.
INFO: [SIM 211-3] *************** CSIM finish ***************
INFO: [HLS 200-111] Finished Command csim_design CPU user time: 6.92 seconds. CPU system time: 1.71 seconds. Elapsed time: 31.86 seconds; current allocated memory: 1.676 MB.
INFO: [HLS 200-1510] Running: csynth_design 
INFO: [HLS 200-111] Finished File checks and directory preparation: CPU user time: 0 seconds. CPU system time: 0.01 seconds. Elapsed time: 0.01 seconds; current allocated memory: 420.293 MB.
INFO: [HLS 200-10] Analyzing design file '/home/coder/Desktop/s2n2/convSNN/fc2_top.cpp' ... 
WARNING: [HLS 207-5523] 'Resource pragma' is deprecated, use 'bind_op/bind_storage pragma' instead (/home/coder/Desktop/s2n2/finn-hlslib-lif/slidingwindow.h:75:9)
WARNING: [HLS 207-5523] 'Resource pragma' is deprecated, use 'bind_op/bind_storage pragma' instead (/home/coder/Desktop/s2n2/finn-hlslib-lif/slidingwindow.h:97:9)
WARNING: [HLS 207-5523] 'Resource pragma' is deprecated, use 'bind_op/bind_storage pragma' instead (/home/coder/Desktop/s2n2/finn-hlslib-lif/slidingwindow.h:119:9)
WARNING: [HLS 207-5523] 'Resource pragma' is deprecated, use 'bind_op/bind_storage pragma' instead (/home/coder/Desktop/s2n2/finn-hlslib-lif/slidingwindow.h:141:9)
WARNING: [HLS 207-5523] 'Resource pragma' is deprecated, use 'bind_op/bind_storage pragma' instead (/home/coder/Desktop/s2n2/finn-hlslib-lif/maxpool.h:296:9)
WARNING: [HLS 207-5523] 'Resource pragma' is deprecated, use 'bind_op/bind_storage pragma' instead (/home/coder/Desktop/s2n2/finn-hlslib-lif/mac.hpp:116:9)
WARNING: [HLS 207-5523] 'Resource pragma' is deprecated, use 'bind_op/bind_storage pragma' instead (/home/coder/Desktop/s2n2/finn-hlslib-lif/mac.hpp:142:9)
WARNING: [HLS 214-113] Either use an argument of the function or declare the variable inside the dataflow loop body (/home/coder/Desktop/s2n2/convSNN/fc2_top.cpp:40:9)
WARNING: [HLS 214-113] Either use an argument of the function or declare the variable inside the dataflow loop body (/home/coder/Desktop/s2n2/convSNN/fc2_top.cpp:41:9)
WARNING: [HLS 214-113] Either use an argument of the function or declare the variable inside the dataflow loop body (/home/coder/Desktop/s2n2/convSNN/fc2_top.cpp:44:9)
WARNING: [HLS 200-471] Dataflow form checks found 3 issue(s) in file /home/coder/Desktop/s2n2/convSNN/fc2_top.cpp
WARNING: [HLS 207-4069] variable templates are a C++14 extension (/tools/Xilinx/Vitis_HLS/2021.2/common/technology/autopilot/ap_axi_sdata.h:97:45)
WARNING: [HLS 207-4069] variable templates are a C++14 extension (/tools/Xilinx/Vitis_HLS/2021.2/common/technology/autopilot/ap_axi_sdata.h:107:23)
WARNING: [HLS 207-5287] unused parameter 'reps' (/home/coder/Desktop/s2n2/finn-hlslib-lif/streamtools.h:837:77)
WARNING: [HLS 207-5287] unused parameter 'reps' (/home/coder/Desktop/s2n2/finn-hlslib-lif/streamtools.h:869:78)
WARNING: [HLS 207-5287] unused parameter 'mmv' (/home/coder/Desktop/s2n2/finn-hlslib-lif/interpret.hpp:149:53)
WARNING: [HLS 207-5287] unused parameter 'mmv' (/home/coder/Desktop/s2n2/finn-hlslib-lif/interpret.hpp:166:58)
WARNING: [HLS 207-5287] unused parameter 'mmv' (/home/coder/Desktop/s2n2/finn-hlslib-lif/interpret.hpp:209:56)
WARNING: [HLS 207-5287] unused parameter 'flag' (/home/coder/Desktop/s2n2/finn-hlslib-lif/interpret.hpp:209:72)
WARNING: [HLS 207-5287] unused parameter 'mmv' (/home/coder/Desktop/s2n2/finn-hlslib-lif/interpret.hpp:213:53)
WARNING: [HLS 207-5287] unused parameter 'mmv' (/home/coder/Desktop/s2n2/finn-hlslib-lif/interpret.hpp:218:30)
WARNING: [HLS 207-5287] unused parameter 'mmv' (/home/coder/Desktop/s2n2/finn-hlslib-lif/interpret.hpp:240:53)
WARNING: [HLS 207-5287] unused parameter 'mmv' (/home/coder/Desktop/s2n2/finn-hlslib-lif/interpret.hpp:262:39)
WARNING: [HLS 207-5287] unused parameter 'flag' (/home/coder/Desktop/s2n2/finn-hlslib-lif/interpret.hpp:273:72)
WARNING: [HLS 207-5287] unused parameter 'mmv' (/home/coder/Desktop/s2n2/finn-hlslib-lif/interpret.hpp:300:52)
WARNING: [HLS 207-5287] unused parameter 'decay' (/home/coder/Desktop/s2n2/finn-hlslib-lif/mvau.hpp:115:16)
WARNING: [HLS 207-5287] unused parameter 'r' (/home/coder/Desktop/s2n2/finn-hlslib-lif/mvau.hpp:117:16)
WARNING: [HLS 207-5287] unused parameter 'nf' (/home/coder/Desktop/s2n2/finn-hlslib-lif/activations.hpp:68:26)
WARNING: [HLS 207-5287] unused parameter 'pe' (/home/coder/Desktop/s2n2/finn-hlslib-lif/activations.hpp:68:45)
WARNING: [HLS 207-5287] unused parameter 'nf' (/home/coder/Desktop/s2n2/finn-hlslib-lif/activations.hpp:86:29)
WARNING: [HLS 207-5287] unused parameter 'pe' (/home/coder/Desktop/s2n2/finn-hlslib-lif/activations.hpp:86:48)
WARNING: [HLS 207-5287] unused parameter 'nf' (/home/coder/Desktop/s2n2/finn-hlslib-lif/activations.hpp:108:32)
WARNING: [HLS 207-5287] unused parameter 'pe' (/home/coder/Desktop/s2n2/finn-hlslib-lif/activations.hpp:108:51)
WARNING: [HLS 207-5287] unused parameter 'nf' (/home/coder/Desktop/s2n2/finn-hlslib-lif/activations.hpp:131:26)
WARNING: [HLS 207-5287] unused parameter 'pe' (/home/coder/Desktop/s2n2/finn-hlslib-lif/activations.hpp:131:45)
WARNING: [HLS 207-5287] unused parameter 'nf' (/home/coder/Desktop/s2n2/finn-hlslib-lif/activations.hpp:170:26)
WARNING: [HLS 207-5287] unused parameter 'pe' (/home/coder/Desktop/s2n2/finn-hlslib-lif/activations.hpp:170:45)
INFO: [HLS 200-111] Finished Source Code Analysis and Preprocessing: CPU user time: 9.3 seconds. CPU system time: 1.52 seconds. Elapsed time: 37.25 seconds; current allocated memory: 422.512 MB.
INFO: [HLS 200-777] Using interface defaults for 'Vivado' flow target.
INFO: [HLS 214-284] Auto array partition mode is set into default.
INFO: [HLS 214-131] Inlining function 'FixedPointWeightsSp<8u, ap_int<32>, 5u, 8u>::TileIndex::TileIndex(FixedPointWeightsSp<8u, ap_int<32>, 5u, 8u> const&, unsigned int, ap_uint<8>)' into 'FixedPointWeightsSp<8u, ap_int<32>, 5u, 8u>::weights(unsigned int, ap_uint<8>) const' (/home/coder/Desktop/s2n2/finn-hlslib-lif/weights.hpp:216:9)
INFO: [HLS 214-131] Inlining function 'Slice<ap_uint<1>, 1u>::Container<ap_uint<5> >::operator ap_uint<5> const&() const' into 'void Matrix_Vector_Activate_Batch<64u, 5u, 8u, 8u, 5u, 1u, Slice<ap_uint<1>, 1u>, Slice<ap_uint<1>, 1u>, Identity, ap_fixed<16, 6, (ap_q_mode)5, (ap_o_mode)3, 0>, 16u, 6u, 1u, ap_uint<64>, ap_uint<5>, FixedPointWeightsSp<8u, ap_int<32>, 5u, 8u>, DebugThresholdActivation<ap_fixed<16, 6, (ap_q_mode)5, (ap_o_mode)3, 0> >, ap_resource_dsp>(hls::stream<ap_uint<64>, 0>&, hls::stream<ap_uint<5>, 0>&, FixedPointWeightsSp<8u, ap_int<32>, 5u, 8u> const&, DebugThresholdActivation<ap_fixed<16, 6, (ap_q_mode)5, (ap_o_mode)3, 0> > const&, ap_fixed<16, 6, (ap_q_mode)5, (ap_o_mode)3, 0>, int, ap_resource_dsp const&)' (/home/coder/Desktop/s2n2/finn-hlslib-lif/mvau.hpp:207:17)
INFO: [HLS 214-131] Inlining function 'Slice<ap_uint<1>, 1u>::Container<ap_uint<5> >::operator[](unsigned int) const' into 'void Matrix_Vector_Activate_Batch<64u, 5u, 8u, 8u, 5u, 1u, Slice<ap_uint<1>, 1u>, Slice<ap_uint<1>, 1u>, Identity, ap_fixed<16, 6, (ap_q_mode)5, (ap_o_mode)3, 0>, 16u, 6u, 1u, ap_uint<64>, ap_uint<5>, FixedPointWeightsSp<8u, ap_int<32>, 5u, 8u>, DebugThresholdActivation<ap_fixed<16, 6, (ap_q_mode)5, (ap_o_mode)3, 0> >, ap_resource_dsp>(hls::stream<ap_uint<64>, 0>&, hls::stream<ap_uint<5>, 0>&, FixedPointWeightsSp<8u, ap_int<32>, 5u, 8u> const&, DebugThresholdActivation<ap_fixed<16, 6, (ap_q_mode)5, (ap_o_mode)3, 0> > const&, ap_fixed<16, 6, (ap_q_mode)5, (ap_o_mode)3, 0>, int, ap_resource_dsp const&)' (/home/coder/Desktop/s2n2/finn-hlslib-lif/mvau.hpp:203:8)
INFO: [HLS 214-131] Inlining function 'FixedPointWeightsSp<8u, ap_int<32>, 5u, 8u>::TileIndex::operator[](unsigned int) const' into 'void Matrix_Vector_Activate_Batch<64u, 5u, 8u, 8u, 5u, 1u, Slice<ap_uint<1>, 1u>, Slice<ap_uint<1>, 1u>, Identity, ap_fixed<16, 6, (ap_q_mode)5, (ap_o_mode)3, 0>, 16u, 6u, 1u, ap_uint<64>, ap_uint<5>, FixedPointWeightsSp<8u, ap_int<32>, 5u, 8u>, DebugThresholdActivation<ap_fixed<16, 6, (ap_q_mode)5, (ap_o_mode)3, 0> >, ap_resource_dsp>(hls::stream<ap_uint<64>, 0>&, hls::stream<ap_uint<5>, 0>&, FixedPointWeightsSp<8u, ap_int<32>, 5u, 8u> const&, DebugThresholdActivation<ap_fixed<16, 6, (ap_q_mode)5, (ap_o_mode)3, 0> > const&, ap_fixed<16, 6, (ap_q_mode)5, (ap_o_mode)3, 0>, int, ap_resource_dsp const&)' (/home/coder/Desktop/s2n2/finn-hlslib-lif/mvau.hpp:189:21)
INFO: [HLS 214-131] Inlining function 'FixedPointWeightsSp<8u, ap_int<32>, 5u, 8u>::TileIndex::operator[](unsigned int) const' into 'void Matrix_Vector_Activate_Batch<64u, 5u, 8u, 8u, 5u, 1u, Slice<ap_uint<1>, 1u>, Slice<ap_uint<1>, 1u>, Identity, ap_fixed<16, 6, (ap_q_mode)5, (ap_o_mode)3, 0>, 16u, 6u, 1u, ap_uint<64>, ap_uint<5>, FixedPointWeightsSp<8u, ap_int<32>, 5u, 8u>, DebugThresholdActivation<ap_fixed<16, 6, (ap_q_mode)5, (ap_o_mode)3, 0> >, ap_resource_dsp>(hls::stream<ap_uint<64>, 0>&, hls::stream<ap_uint<5>, 0>&, FixedPointWeightsSp<8u, ap_int<32>, 5u, 8u> const&, DebugThresholdActivation<ap_fixed<16, 6, (ap_q_mode)5, (ap_o_mode)3, 0> > const&, ap_fixed<16, 6, (ap_q_mode)5, (ap_o_mode)3, 0>, int, ap_resource_dsp const&)' (/home/coder/Desktop/s2n2/finn-hlslib-lif/mvau.hpp:186:57)
INFO: [HLS 214-131] Inlining function 'FixedPointWeightsSp<8u, ap_int<32>, 5u, 8u>::weights(unsigned int, ap_uint<8>) const' into 'void Matrix_Vector_Activate_Batch<64u, 5u, 8u, 8u, 5u, 1u, Slice<ap_uint<1>, 1u>, Slice<ap_uint<1>, 1u>, Identity, ap_fixed<16, 6, (ap_q_mode)5, (ap_o_mode)3, 0>, 16u, 6u, 1u, ap_uint<64>, ap_uint<5>, FixedPointWeightsSp<8u, ap_int<32>, 5u, 8u>, DebugThresholdActivation<ap_fixed<16, 6, (ap_q_mode)5, (ap_o_mode)3, 0> >, ap_resource_dsp>(hls::stream<ap_uint<64>, 0>&, hls::stream<ap_uint<5>, 0>&, FixedPointWeightsSp<8u, ap_int<32>, 5u, 8u> const&, DebugThresholdActivation<ap_fixed<16, 6, (ap_q_mode)5, (ap_o_mode)3, 0> > const&, ap_fixed<16, 6, (ap_q_mode)5, (ap_o_mode)3, 0>, int, ap_resource_dsp const&)' (/home/coder/Desktop/s2n2/finn-hlslib-lif/mvau.hpp:178:29)
INFO: [HLS 214-291] Loop 'VITIS_LOOP_166_2' is marked as complete unroll implied by the pipeline pragma (/home/coder/Desktop/s2n2/finn-hlslib-lif/mvau.hpp:166:24)
INFO: [HLS 214-291] Loop 'VITIS_LOOP_184_3' is marked as complete unroll implied by the pipeline pragma (/home/coder/Desktop/s2n2/finn-hlslib-lif/mvau.hpp:184:23)
INFO: [HLS 214-291] Loop 'VITIS_LOOP_200_1' is marked as complete unroll implied by the pipeline pragma (/home/coder/Desktop/s2n2/finn-hlslib-lif/weights.hpp:200:25)
INFO: [HLS 214-291] Loop 'VITIS_LOOP_200_4' is marked as complete unroll implied by the pipeline pragma (/home/coder/Desktop/s2n2/finn-hlslib-lif/mvau.hpp:200:25)
INFO: [HLS 214-186] Unrolling loop 'VITIS_LOOP_166_2' (/home/coder/Desktop/s2n2/finn-hlslib-lif/mvau.hpp:166:24) in function 'Matrix_Vector_Activate_Batch<64u, 5u, 8u, 8u, 5u, 1u, Slice<ap_uint<1>, 1u>, Slice<ap_uint<1>, 1u>, Identity, ap_fixed<16, 6, (ap_q_mode)5, (ap_o_mode)3, 0>, 16u, 6u, 1u, ap_uint<64>, ap_uint<5>, FixedPointWeightsSp<8u, ap_int<32>, 5u, 8u>, DebugThresholdActivation<ap_fixed<16, 6, (ap_q_mode)5, (ap_o_mode)3, 0> >, ap_resource_dsp>' completely with a factor of 5 (/home/coder/Desktop/s2n2/finn-hlslib-lif/mvau.hpp:117:0)
INFO: [HLS 214-186] Unrolling loop 'VITIS_LOOP_184_3' (/home/coder/Desktop/s2n2/finn-hlslib-lif/mvau.hpp:184:23) in function 'Matrix_Vector_Activate_Batch<64u, 5u, 8u, 8u, 5u, 1u, Slice<ap_uint<1>, 1u>, Slice<ap_uint<1>, 1u>, Identity, ap_fixed<16, 6, (ap_q_mode)5, (ap_o_mode)3, 0>, 16u, 6u, 1u, ap_uint<64>, ap_uint<5>, FixedPointWeightsSp<8u, ap_int<32>, 5u, 8u>, DebugThresholdActivation<ap_fixed<16, 6, (ap_q_mode)5, (ap_o_mode)3, 0> >, ap_resource_dsp>' completely with a factor of 5 (/home/coder/Desktop/s2n2/finn-hlslib-lif/mvau.hpp:117:0)
INFO: [HLS 214-186] Unrolling loop 'VITIS_LOOP_200_1' (/home/coder/Desktop/s2n2/finn-hlslib-lif/weights.hpp:200:25) in function 'Matrix_Vector_Activate_Batch<64u, 5u, 8u, 8u, 5u, 1u, Slice<ap_uint<1>, 1u>, Slice<ap_uint<1>, 1u>, Identity, ap_fixed<16, 6, (ap_q_mode)5, (ap_o_mode)3, 0>, 16u, 6u, 1u, ap_uint<64>, ap_uint<5>, FixedPointWeightsSp<8u, ap_int<32>, 5u, 8u>, DebugThresholdActivation<ap_fixed<16, 6, (ap_q_mode)5, (ap_o_mode)3, 0> >, ap_resource_dsp>' completely with a factor of 8 (/home/coder/Desktop/s2n2/finn-hlslib-lif/mvau.hpp:117:0)
INFO: [HLS 214-186] Unrolling loop 'VITIS_LOOP_200_4' (/home/coder/Desktop/s2n2/finn-hlslib-lif/mvau.hpp:200:25) in function 'Matrix_Vector_Activate_Batch<64u, 5u, 8u, 8u, 5u, 1u, Slice<ap_uint<1>, 1u>, Slice<ap_uint<1>, 1u>, Identity, ap_fixed<16, 6, (ap_q_mode)5, (ap_o_mode)3, 0>, 16u, 6u, 1u, ap_uint<64>, ap_uint<5>, FixedPointWeightsSp<8u, ap_int<32>, 5u, 8u>, DebugThresholdActivation<ap_fixed<16, 6, (ap_q_mode)5, (ap_o_mode)3, 0> >, ap_resource_dsp>' completely with a factor of 5 (/home/coder/Desktop/s2n2/finn-hlslib-lif/mvau.hpp:117:0)
INFO: [HLS 214-241] Aggregating fifo (hls::stream) variable 'out' with compact=bit mode in 5-bits (/home/coder/Desktop/s2n2/convSNN/fc2_top.cpp:21:0)
INFO: [HLS 214-241] Aggregating fifo (hls::stream) variable 'in' with compact=bit mode in 64-bits (/home/coder/Desktop/s2n2/convSNN/fc2_top.cpp:21:0)
INFO: [HLS 214-270] Starting automatic array partition analysis...
INFO: [HLS 214-270] Inferring complete partitioning for array 'weights_fc2' on dimension 1 (/home/coder/Desktop/s2n2/convSNN/fc2_top.cpp:17:0)
INFO: [HLS 214-131] Inlining function '_llvm.fpga.pack.none.i64.s_struct.ssdm_int<64, false>s' into '_llvm.fpga.unpack.bits.s_struct.ap_uint<64>s.i64.1'
INFO: [HLS 214-131] Inlining function '_llvm.fpga.unpack.bits.s_struct.ap_uint<64>s.i64.1' into 'void Matrix_Vector_Activate_Batch<64u, 5u, 8u, 8u, 5u, 1u, Slice<ap_uint<1>, 1u>, Slice<ap_uint<1>, 1u>, Identity, ap_fixed<16, 6, (ap_q_mode)5, (ap_o_mode)3, 0>, 16u, 6u, 1u, ap_uint<64>, ap_uint<5>, FixedPointWeightsSp<8u, ap_int<32>, 5u, 8u>, DebugThresholdActivation<ap_fixed<16, 6, (ap_q_mode)5, (ap_o_mode)3, 0> >, ap_resource_dsp>(hls::stream<ap_uint<64>, 0>&, hls::stream<ap_uint<5>, 0>&, FixedPointWeightsSp<8u, ap_int<32>, 5u, 8u> const&, DebugThresholdActivation<ap_fixed<16, 6, (ap_q_mode)5, (ap_o_mode)3, 0> > const&, ap_fixed<16, 6, (ap_q_mode)5, (ap_o_mode)3, 0>, int, ap_resource_dsp const&) (.1)' (/tools/Xilinx/Vitis_HLS/2021.2/common/technology/autopilot/hls_stream_39.h:144:9)
INFO: [HLS 200-111] Finished Compiling Optimization and Transform: CPU user time: 5.07 seconds. CPU system time: 0.91 seconds. Elapsed time: 16.42 seconds; current allocated memory: 423.707 MB.
INFO: [HLS 200-111] Finished Checking Pragmas: CPU user time: 0.01 seconds. CPU system time: 0 seconds. Elapsed time: 0 seconds; current allocated memory: 423.707 MB.
INFO: [HLS 200-10] Starting code transformations ...
INFO: [HLS 200-111] Finished Standard Transforms: CPU user time: 0.11 seconds. CPU system time: 0.06 seconds. Elapsed time: 0.45 seconds; current allocated memory: 441.828 MB.
INFO: [HLS 200-10] Checking synthesizability ...
INFO: [XFORM 203-602] Inlining function 'DebugThresholdActivation<ap_fixed<16, 6, (ap_q_mode)5, (ap_o_mode)3, 0> >::operator()' into 'Matrix_Vector_Activate_Batch<64u, 5u, 8u, 8u, 5u, 1u, Slice<ap_uint<1>, 1u>, Slice<ap_uint<1>, 1u>, Identity, ap_fixed<16, 6, (ap_q_mode)5, (ap_o_mode)3, 0>, 16u, 6u, 1u, ap_uint<64>, ap_uint<5>, FixedPointWeightsSp<8u, ap_int<32>, 5u, 8u>, DebugThresholdActivation<ap_fixed<16, 6, (ap_q_mode)5, (ap_o_mode)3, 0> >, ap_resource_dsp>' (/home/coder/Desktop/s2n2/finn-hlslib-lif/mvau.hpp:202) automatically.
INFO: [HLS 200-111] Finished Checking Synthesizability: CPU user time: 0.25 seconds. CPU system time: 0.02 seconds. Elapsed time: 0.39 seconds; current allocated memory: 459.383 MB.
INFO: [XFORM 203-101] Partitioning array 'weights_fc2.m_weights.V'  in dimension 1 completely.
WARNING: [HLS 200-786] Detected dataflow-on-top in function  'fc2_top' (/home/coder/Desktop/s2n2/convSNN/fc2_top.cpp:24:1)  with default interface mode 'ap_ctrl_hs'. Overlapped execution of successive kernel calls will not happen unless interface mode 'ap_ctrl_chain' is used (or 'ap_ctrl_none' for a purely data-driven design).
==============================================================
Vitis HLS - High-Level Synthesis from C, C++ and OpenCL v2023.2 (64-bit)
Tool Version Limit: 2023.10
Copyright 1986-2022 Xilinx, Inc. All Rights Reserved.
Copyright 2022-2023 Advanced Micro Devices, Inc. All Rights Reserved.

==============================================================
INFO: [SYN 201-201] Setting up clock 'default' with a period of 10ns.
INFO: [HLS 200-1611] Setting target device to 'xcvu9p-flga2577-2-e'
INFO: [HLS 200-1505] Using flow_target 'vivado'
INFO: [HLS 200-1464] Running solution command: config_export -format=ip_catalog
INFO: [HLS 200-1464] Running solution command: config_export -version=2.0.1
INFO: [HLS 200-1510] Running: set_part xcvu9p-flga2577-2-e 
INFO: [HLS 200-1510] Running: create_clock -period 10 -name default 
INFO: [HLS 200-1510] Running: csim_design -clean -O 
INFO: [SIM 211-2] *************** CSIM start ***************
INFO: [SIM 211-4] CSIM will launch GCC as the compiler.
INFO: [HLS 200-2036] Building optimized C Simulation binaries
ERROR: [SIM 211-100] CSim failed with errors.
INFO: [SIM 211-3] *************** CSIM finish ***************
INFO: [HLS 200-111] Finished Command csim_design CPU user time: 6.53 seconds. CPU system time: 1.28 seconds. Elapsed time: 9 seconds; current allocated memory: 2.793 MB.
==============================================================
Vitis HLS - High-Level Synthesis from C, C++ and OpenCL v2023.2 (64-bit)
Tool Version Limit: 2023.10
Copyright 1986-2022 Xilinx, Inc. All Rights Reserved.
Copyright 2022-2023 Advanced Micro Devices, Inc. All Rights Reserved.

==============================================================
INFO: [SYN 201-201] Setting up clock 'default' with a period of 10ns.
INFO: [HLS 200-1611] Setting target device to 'xcvu9p-flga2577-2-e'
INFO: [HLS 200-1505] Using flow_target 'vivado'
INFO: [HLS 200-1464] Running solution command: config_export -format=ip_catalog
INFO: [HLS 200-1464] Running solution command: config_export -version=2.0.1
INFO: [HLS 200-1510] Running: set_part xcvu9p-flga2577-2-e 
INFO: [HLS 200-1510] Running: create_clock -period 10 -name default 
INFO: [HLS 200-1510] Running: csim_design -clean -O 
INFO: [SIM 211-2] *************** CSIM start ***************
INFO: [SIM 211-4] CSIM will launch GCC as the compiler.
INFO: [HLS 200-2036] Building optimized C Simulation binaries
ERROR: [SIM 211-100] CSim failed with errors.
INFO: [SIM 211-3] *************** CSIM finish ***************
INFO: [HLS 200-111] Finished Command csim_design CPU user time: 6.27 seconds. CPU system time: 1.35 seconds. Elapsed time: 8.71 seconds; current allocated memory: 2.793 MB.
==============================================================
Vitis HLS - High-Level Synthesis from C, C++ and OpenCL v2023.2 (64-bit)
Tool Version Limit: 2023.10
Copyright 1986-2022 Xilinx, Inc. All Rights Reserved.
Copyright 2022-2023 Advanced Micro Devices, Inc. All Rights Reserved.

==============================================================
INFO: [SYN 201-201] Setting up clock 'default' with a period of 10ns.
INFO: [HLS 200-1611] Setting target device to 'xcvu9p-flga2577-2-e'
INFO: [HLS 200-1505] Using flow_target 'vivado'
INFO: [HLS 200-1464] Running solution command: config_export -format=ip_catalog
INFO: [HLS 200-1464] Running solution command: config_export -version=2.0.1
INFO: [HLS 200-1510] Running: set_part xcvu9p-flga2577-2-e 
INFO: [HLS 200-1510] Running: create_clock -period 10 -name default 
INFO: [HLS 200-1510] Running: csim_design -clean -O 
INFO: [SIM 211-2] *************** CSIM start ***************
INFO: [SIM 211-4] CSIM will launch GCC as the compiler.
INFO: [HLS 200-2036] Building optimized C Simulation binaries
INFO: [SIM 211-1] CSim done with 0 errors.
INFO: [SIM 211-3] *************** CSIM finish ***************
INFO: [HLS 200-111] Finished Command csim_design CPU user time: 6.47 seconds. CPU system time: 1.64 seconds. Elapsed time: 93.34 seconds; current allocated memory: 3.547 MB.
INFO: [HLS 200-1510] Running: csynth_design 
INFO: [HLS 200-111] Finished File checks and directory preparation: CPU user time: 0.09 seconds. CPU system time: 0.02 seconds. Elapsed time: 0.12 seconds; current allocated memory: 308.820 MB.
INFO: [HLS 200-10] Analyzing design file '/home/coder/Desktop/s2n2/convSNN/fc2_top.cpp' ... 
WARNING: [HLS 207-5536] 'Resource pragma' is deprecated, use 'bind_op/bind_storage pragma' instead (/home/coder/Desktop/s2n2/finn-hlslib-lif/slidingwindow.h:75:9)
WARNING: [HLS 207-5536] 'Resource pragma' is deprecated, use 'bind_op/bind_storage pragma' instead (/home/coder/Desktop/s2n2/finn-hlslib-lif/slidingwindow.h:97:9)
WARNING: [HLS 207-5536] 'Resource pragma' is deprecated, use 'bind_op/bind_storage pragma' instead (/home/coder/Desktop/s2n2/finn-hlslib-lif/slidingwindow.h:119:9)
WARNING: [HLS 207-5536] 'Resource pragma' is deprecated, use 'bind_op/bind_storage pragma' instead (/home/coder/Desktop/s2n2/finn-hlslib-lif/slidingwindow.h:141:9)
WARNING: [HLS 207-5536] 'Resource pragma' is deprecated, use 'bind_op/bind_storage pragma' instead (/home/coder/Desktop/s2n2/finn-hlslib-lif/maxpool.h:296:9)
WARNING: [HLS 207-5536] 'Resource pragma' is deprecated, use 'bind_op/bind_storage pragma' instead (/home/coder/Desktop/s2n2/finn-hlslib-lif/mac.hpp:116:9)
WARNING: [HLS 207-5536] 'Resource pragma' is deprecated, use 'bind_op/bind_storage pragma' instead (/home/coder/Desktop/s2n2/finn-hlslib-lif/mac.hpp:142:9)
WARNING: [HLS 214-113] Either use an argument of the function or declare the variable inside the dataflow loop body (/home/coder/Desktop/s2n2/convSNN/fc2_top.cpp:56:9)
WARNING: [HLS 214-113] Either use an argument of the function or declare the variable inside the dataflow loop body (/home/coder/Desktop/s2n2/convSNN/fc2_top.cpp:57:9)
WARNING: [HLS 214-113] Either use an argument of the function or declare the variable inside the dataflow loop body (/home/coder/Desktop/s2n2/convSNN/fc2_top.cpp:58:9)
WARNING: [HLS 214-113] Either use an argument of the function or declare the variable inside the dataflow loop body (/home/coder/Desktop/s2n2/convSNN/fc2_top.cpp:59:9)
WARNING: [HLS 214-113] Either use an argument of the function or declare the variable inside the dataflow loop body (/home/coder/Desktop/s2n2/convSNN/fc2_top.cpp:61:9)
WARNING: [HLS 214-113] Either use an argument of the function or declare the variable inside the dataflow loop body (/home/coder/Desktop/s2n2/convSNN/fc2_top.cpp:62:9)
WARNING: [HLS 200-471] Dataflow form checks found 6 issue(s) in file /home/coder/Desktop/s2n2/convSNN/fc2_top.cpp
WARNING: [HLS 207-5292] unused parameter 'reps' (/home/coder/Desktop/s2n2/finn-hlslib-lif/streamtools.h:837:77)
WARNING: [HLS 207-5292] unused parameter 'reps' (/home/coder/Desktop/s2n2/finn-hlslib-lif/streamtools.h:869:78)
WARNING: [HLS 207-5292] unused parameter 'mmv' (/home/coder/Desktop/s2n2/finn-hlslib-lif/interpret.hpp:149:53)
WARNING: [HLS 207-5292] unused parameter 'mmv' (/home/coder/Desktop/s2n2/finn-hlslib-lif/interpret.hpp:166:58)
WARNING: [HLS 207-5292] unused parameter 'mmv' (/home/coder/Desktop/s2n2/finn-hlslib-lif/interpret.hpp:209:56)
WARNING: [HLS 207-5292] unused parameter 'flag' (/home/coder/Desktop/s2n2/finn-hlslib-lif/interpret.hpp:209:72)
WARNING: [HLS 207-5292] unused parameter 'mmv' (/home/coder/Desktop/s2n2/finn-hlslib-lif/interpret.hpp:213:53)
WARNING: [HLS 207-5292] unused parameter 'mmv' (/home/coder/Desktop/s2n2/finn-hlslib-lif/interpret.hpp:218:30)
WARNING: [HLS 207-5292] unused parameter 'mmv' (/home/coder/Desktop/s2n2/finn-hlslib-lif/interpret.hpp:240:53)
WARNING: [HLS 207-5292] unused parameter 'mmv' (/home/coder/Desktop/s2n2/finn-hlslib-lif/interpret.hpp:262:39)
WARNING: [HLS 207-5292] unused parameter 'flag' (/home/coder/Desktop/s2n2/finn-hlslib-lif/interpret.hpp:273:72)
WARNING: [HLS 207-5292] unused parameter 'mmv' (/home/coder/Desktop/s2n2/finn-hlslib-lif/interpret.hpp:300:52)
WARNING: [HLS 207-5292] unused parameter 'decay' (/home/coder/Desktop/s2n2/finn-hlslib-lif/mvau.hpp:115:16)
WARNING: [HLS 207-5292] unused parameter 'r' (/home/coder/Desktop/s2n2/finn-hlslib-lif/mvau.hpp:117:16)
WARNING: [HLS 207-5292] unused parameter 'nf' (/home/coder/Desktop/s2n2/finn-hlslib-lif/activations.hpp:68:26)
WARNING: [HLS 207-5292] unused parameter 'pe' (/home/coder/Desktop/s2n2/finn-hlslib-lif/activations.hpp:68:45)
WARNING: [HLS 207-5292] unused parameter 'nf' (/home/coder/Desktop/s2n2/finn-hlslib-lif/activations.hpp:86:29)
WARNING: [HLS 207-5292] unused parameter 'pe' (/home/coder/Desktop/s2n2/finn-hlslib-lif/activations.hpp:86:48)
WARNING: [HLS 207-5292] unused parameter 'nf' (/home/coder/Desktop/s2n2/finn-hlslib-lif/activations.hpp:108:32)
WARNING: [HLS 207-5292] unused parameter 'pe' (/home/coder/Desktop/s2n2/finn-hlslib-lif/activations.hpp:108:51)
WARNING: [HLS 207-5292] unused parameter 'nf' (/home/coder/Desktop/s2n2/finn-hlslib-lif/activations.hpp:131:26)
WARNING: [HLS 207-5292] unused parameter 'pe' (/home/coder/Desktop/s2n2/finn-hlslib-lif/activations.hpp:131:45)
WARNING: [HLS 207-5292] unused parameter 'nf' (/home/coder/Desktop/s2n2/finn-hlslib-lif/activations.hpp:170:26)
WARNING: [HLS 207-5292] unused parameter 'pe' (/home/coder/Desktop/s2n2/finn-hlslib-lif/activations.hpp:170:45)
INFO: [HLS 200-111] Finished Source Code Analysis and Preprocessing: CPU user time: 7.66 seconds. CPU system time: 1.26 seconds. Elapsed time: 31.51 seconds; current allocated memory: 310.996 MB.
INFO: [HLS 200-777] Using interface defaults for 'Vivado' flow target.
INFO: [HLS 200-1995] There were 3,520 instructions in the design after the 'Compile/Link' phase of compilation. See the Design Size Report for more details: /home/coder/Desktop/s2n2/convSNN/convSNN_hls/convSNN_fc2/xcvu9p-flga2577-2-e/syn/report/csynth_design_size.rpt
INFO: [HLS 200-1995] There were 2,309 instructions in the design after the 'Unroll/Inline (step 1)' phase of compilation. See the Design Size Report for more details: /home/coder/Desktop/s2n2/convSNN/convSNN_hls/convSNN_fc2/xcvu9p-flga2577-2-e/syn/report/csynth_design_size.rpt
INFO: [HLS 200-1995] There were 547 instructions in the design after the 'Unroll/Inline (step 2)' phase of compilation. See the Design Size Report for more details: /home/coder/Desktop/s2n2/convSNN/convSNN_hls/convSNN_fc2/xcvu9p-flga2577-2-e/syn/report/csynth_design_size.rpt
INFO: [HLS 200-1995] There were 540 instructions in the design after the 'Unroll/Inline (step 3)' phase of compilation. See the Design Size Report for more details: /home/coder/Desktop/s2n2/convSNN/convSNN_hls/convSNN_fc2/xcvu9p-flga2577-2-e/syn/report/csynth_design_size.rpt
INFO: [HLS 200-1995] There were 438 instructions in the design after the 'Unroll/Inline (step 4)' phase of compilation. See the Design Size Report for more details: /home/coder/Desktop/s2n2/convSNN/convSNN_hls/convSNN_fc2/xcvu9p-flga2577-2-e/syn/report/csynth_design_size.rpt
INFO: [HLS 200-1995] There were 21 instructions in the design after the 'Array/Struct (step 1)' phase of compilation. See the Design Size Report for more details: /home/coder/Desktop/s2n2/convSNN/convSNN_hls/convSNN_fc2/xcvu9p-flga2577-2-e/syn/report/csynth_design_size.rpt
INFO: [HLS 200-1995] There were 21 instructions in the design after the 'Array/Struct (step 2)' phase of compilation. See the Design Size Report for more details: /home/coder/Desktop/s2n2/convSNN/convSNN_hls/convSNN_fc2/xcvu9p-flga2577-2-e/syn/report/csynth_design_size.rpt
INFO: [HLS 200-1995] There were 23 instructions in the design after the 'Array/Struct (step 3)' phase of compilation. See the Design Size Report for more details: /home/coder/Desktop/s2n2/convSNN/convSNN_hls/convSNN_fc2/xcvu9p-flga2577-2-e/syn/report/csynth_design_size.rpt
INFO: [HLS 200-1995] There were 24 instructions in the design after the 'Array/Struct (step 4)' phase of compilation. See the Design Size Report for more details: /home/coder/Desktop/s2n2/convSNN/convSNN_hls/convSNN_fc2/xcvu9p-flga2577-2-e/syn/report/csynth_design_size.rpt
INFO: [HLS 200-1995] There were 22 instructions in the design after the 'Array/Struct (step 5)' phase of compilation. See the Design Size Report for more details: /home/coder/Desktop/s2n2/convSNN/convSNN_hls/convSNN_fc2/xcvu9p-flga2577-2-e/syn/report/csynth_design_size.rpt
INFO: [HLS 200-1995] There were 20 instructions in the design after the 'Performance (step 1)' phase of compilation. See the Design Size Report for more details: /home/coder/Desktop/s2n2/convSNN/convSNN_hls/convSNN_fc2/xcvu9p-flga2577-2-e/syn/report/csynth_design_size.rpt
INFO: [HLS 200-1995] There were 19 instructions in the design after the 'Performance (step 2)' phase of compilation. See the Design Size Report for more details: /home/coder/Desktop/s2n2/convSNN/convSNN_hls/convSNN_fc2/xcvu9p-flga2577-2-e/syn/report/csynth_design_size.rpt
INFO: [HLS 200-1995] There were 19 instructions in the design after the 'Performance (step 3)' phase of compilation. See the Design Size Report for more details: /home/coder/Desktop/s2n2/convSNN/convSNN_hls/convSNN_fc2/xcvu9p-flga2577-2-e/syn/report/csynth_design_size.rpt
INFO: [HLS 200-1995] There were 19 instructions in the design after the 'Performance (step 4)' phase of compilation. See the Design Size Report for more details: /home/coder/Desktop/s2n2/convSNN/convSNN_hls/convSNN_fc2/xcvu9p-flga2577-2-e/syn/report/csynth_design_size.rpt
INFO: [HLS 200-1995] There were 27 instructions in the design after the 'HW Transforms (step 1)' phase of compilation. See the Design Size Report for more details: /home/coder/Desktop/s2n2/convSNN/convSNN_hls/convSNN_fc2/xcvu9p-flga2577-2-e/syn/report/csynth_design_size.rpt
INFO: [HLS 200-1995] There were 34 instructions in the design after the 'HW Transforms (step 2)' phase of compilation. See the Design Size Report for more details: /home/coder/Desktop/s2n2/convSNN/convSNN_hls/convSNN_fc2/xcvu9p-flga2577-2-e/syn/report/csynth_design_size.rpt
INFO: [HLS 214-131] Inlining function 'FixedPointWeightsSp<8u, ap_int<32>, 5u, 8u>::TileIndex::TileIndex(FixedPointWeightsSp<8u, ap_int<32>, 5u, 8u> const&, unsigned int, ap_uint<8>)' into 'FixedPointWeightsSp<8u, ap_int<32>, 5u, 8u>::weights(unsigned int, ap_uint<8>) const' (/home/coder/Desktop/s2n2/finn-hlslib-lif/weights.hpp:216:9)
INFO: [HLS 214-131] Inlining function 'Slice<ap_uint<1>, 1u>::Container<ap_uint<5> >::operator ap_uint<5> const&() const' into 'void Matrix_Vector_Activate_Batch<64u, 5u, 8u, 8u, 5u, 1u, Slice<ap_uint<1>, 1u>, Slice<ap_uint<1>, 1u>, Identity, ap_fixed<16, 6, (ap_q_mode)5, (ap_o_mode)3, 0>, 16u, 6u, 1u, ap_uint<8>, ap_uint<5>, FixedPointWeightsSp<8u, ap_int<32>, 5u, 8u>, DebugThresholdActivation<ap_fixed<16, 6, (ap_q_mode)5, (ap_o_mode)3, 0> >, ap_resource_dsp>(hls::stream<ap_uint<8>, 0>&, hls::stream<ap_uint<5>, 0>&, FixedPointWeightsSp<8u, ap_int<32>, 5u, 8u> const&, DebugThresholdActivation<ap_fixed<16, 6, (ap_q_mode)5, (ap_o_mode)3, 0> > const&, ap_fixed<16, 6, (ap_q_mode)5, (ap_o_mode)3, 0>, int, ap_resource_dsp const&)' (/home/coder/Desktop/s2n2/finn-hlslib-lif/mvau.hpp:207:17)
INFO: [HLS 214-131] Inlining function 'Slice<ap_uint<1>, 1u>::Container<ap_uint<5> >::operator[](unsigned int) const' into 'void Matrix_Vector_Activate_Batch<64u, 5u, 8u, 8u, 5u, 1u, Slice<ap_uint<1>, 1u>, Slice<ap_uint<1>, 1u>, Identity, ap_fixed<16, 6, (ap_q_mode)5, (ap_o_mode)3, 0>, 16u, 6u, 1u, ap_uint<8>, ap_uint<5>, FixedPointWeightsSp<8u, ap_int<32>, 5u, 8u>, DebugThresholdActivation<ap_fixed<16, 6, (ap_q_mode)5, (ap_o_mode)3, 0> >, ap_resource_dsp>(hls::stream<ap_uint<8>, 0>&, hls::stream<ap_uint<5>, 0>&, FixedPointWeightsSp<8u, ap_int<32>, 5u, 8u> const&, DebugThresholdActivation<ap_fixed<16, 6, (ap_q_mode)5, (ap_o_mode)3, 0> > const&, ap_fixed<16, 6, (ap_q_mode)5, (ap_o_mode)3, 0>, int, ap_resource_dsp const&)' (/home/coder/Desktop/s2n2/finn-hlslib-lif/mvau.hpp:203:8)
INFO: [HLS 214-131] Inlining function 'FixedPointWeightsSp<8u, ap_int<32>, 5u, 8u>::TileIndex::operator[](unsigned int) const' into 'void Matrix_Vector_Activate_Batch<64u, 5u, 8u, 8u, 5u, 1u, Slice<ap_uint<1>, 1u>, Slice<ap_uint<1>, 1u>, Identity, ap_fixed<16, 6, (ap_q_mode)5, (ap_o_mode)3, 0>, 16u, 6u, 1u, ap_uint<8>, ap_uint<5>, FixedPointWeightsSp<8u, ap_int<32>, 5u, 8u>, DebugThresholdActivation<ap_fixed<16, 6, (ap_q_mode)5, (ap_o_mode)3, 0> >, ap_resource_dsp>(hls::stream<ap_uint<8>, 0>&, hls::stream<ap_uint<5>, 0>&, FixedPointWeightsSp<8u, ap_int<32>, 5u, 8u> const&, DebugThresholdActivation<ap_fixed<16, 6, (ap_q_mode)5, (ap_o_mode)3, 0> > const&, ap_fixed<16, 6, (ap_q_mode)5, (ap_o_mode)3, 0>, int, ap_resource_dsp const&)' (/home/coder/Desktop/s2n2/finn-hlslib-lif/mvau.hpp:189:21)
INFO: [HLS 214-131] Inlining function 'FixedPointWeightsSp<8u, ap_int<32>, 5u, 8u>::TileIndex::operator[](unsigned int) const' into 'void Matrix_Vector_Activate_Batch<64u, 5u, 8u, 8u, 5u, 1u, Slice<ap_uint<1>, 1u>, Slice<ap_uint<1>, 1u>, Identity, ap_fixed<16, 6, (ap_q_mode)5, (ap_o_mode)3, 0>, 16u, 6u, 1u, ap_uint<8>, ap_uint<5>, FixedPointWeightsSp<8u, ap_int<32>, 5u, 8u>, DebugThresholdActivation<ap_fixed<16, 6, (ap_q_mode)5, (ap_o_mode)3, 0> >, ap_resource_dsp>(hls::stream<ap_uint<8>, 0>&, hls::stream<ap_uint<5>, 0>&, FixedPointWeightsSp<8u, ap_int<32>, 5u, 8u> const&, DebugThresholdActivation<ap_fixed<16, 6, (ap_q_mode)5, (ap_o_mode)3, 0> > const&, ap_fixed<16, 6, (ap_q_mode)5, (ap_o_mode)3, 0>, int, ap_resource_dsp const&)' (/home/coder/Desktop/s2n2/finn-hlslib-lif/mvau.hpp:186:57)
INFO: [HLS 214-131] Inlining function 'FixedPointWeightsSp<8u, ap_int<32>, 5u, 8u>::weights(unsigned int, ap_uint<8>) const' into 'void Matrix_Vector_Activate_Batch<64u, 5u, 8u, 8u, 5u, 1u, Slice<ap_uint<1>, 1u>, Slice<ap_uint<1>, 1u>, Identity, ap_fixed<16, 6, (ap_q_mode)5, (ap_o_mode)3, 0>, 16u, 6u, 1u, ap_uint<8>, ap_uint<5>, FixedPointWeightsSp<8u, ap_int<32>, 5u, 8u>, DebugThresholdActivation<ap_fixed<16, 6, (ap_q_mode)5, (ap_o_mode)3, 0> >, ap_resource_dsp>(hls::stream<ap_uint<8>, 0>&, hls::stream<ap_uint<5>, 0>&, FixedPointWeightsSp<8u, ap_int<32>, 5u, 8u> const&, DebugThresholdActivation<ap_fixed<16, 6, (ap_q_mode)5, (ap_o_mode)3, 0> > const&, ap_fixed<16, 6, (ap_q_mode)5, (ap_o_mode)3, 0>, int, ap_resource_dsp const&)' (/home/coder/Desktop/s2n2/finn-hlslib-lif/mvau.hpp:178:29)
INFO: [HLS 214-291] Loop 'VITIS_LOOP_166_2' is marked as complete unroll implied by the pipeline pragma (/home/coder/Desktop/s2n2/finn-hlslib-lif/mvau.hpp:166:24)
INFO: [HLS 214-291] Loop 'VITIS_LOOP_184_3' is marked as complete unroll implied by the pipeline pragma (/home/coder/Desktop/s2n2/finn-hlslib-lif/mvau.hpp:184:23)
INFO: [HLS 214-291] Loop 'VITIS_LOOP_200_1' is marked as complete unroll implied by the pipeline pragma (/home/coder/Desktop/s2n2/finn-hlslib-lif/weights.hpp:200:25)
INFO: [HLS 214-291] Loop 'VITIS_LOOP_200_4' is marked as complete unroll implied by the pipeline pragma (/home/coder/Desktop/s2n2/finn-hlslib-lif/mvau.hpp:200:25)
INFO: [HLS 214-186] Unrolling loop 'VITIS_LOOP_166_2' (/home/coder/Desktop/s2n2/finn-hlslib-lif/mvau.hpp:166:24) in function 'Matrix_Vector_Activate_Batch<64u, 5u, 8u, 8u, 5u, 1u, Slice<ap_uint<1>, 1u>, Slice<ap_uint<1>, 1u>, Identity, ap_fixed<16, 6, (ap_q_mode)5, (ap_o_mode)3, 0>, 16u, 6u, 1u, ap_uint<8>, ap_uint<5>, FixedPointWeightsSp<8u, ap_int<32>, 5u, 8u>, DebugThresholdActivation<ap_fixed<16, 6, (ap_q_mode)5, (ap_o_mode)3, 0> >, ap_resource_dsp>' completely with a factor of 5 (/home/coder/Desktop/s2n2/finn-hlslib-lif/mvau.hpp:117:0)
INFO: [HLS 214-186] Unrolling loop 'VITIS_LOOP_184_3' (/home/coder/Desktop/s2n2/finn-hlslib-lif/mvau.hpp:184:23) in function 'Matrix_Vector_Activate_Batch<64u, 5u, 8u, 8u, 5u, 1u, Slice<ap_uint<1>, 1u>, Slice<ap_uint<1>, 1u>, Identity, ap_fixed<16, 6, (ap_q_mode)5, (ap_o_mode)3, 0>, 16u, 6u, 1u, ap_uint<8>, ap_uint<5>, FixedPointWeightsSp<8u, ap_int<32>, 5u, 8u>, DebugThresholdActivation<ap_fixed<16, 6, (ap_q_mode)5, (ap_o_mode)3, 0> >, ap_resource_dsp>' completely with a factor of 5 (/home/coder/Desktop/s2n2/finn-hlslib-lif/mvau.hpp:117:0)
INFO: [HLS 214-186] Unrolling loop 'VITIS_LOOP_200_1' (/home/coder/Desktop/s2n2/finn-hlslib-lif/weights.hpp:200:25) in function 'Matrix_Vector_Activate_Batch<64u, 5u, 8u, 8u, 5u, 1u, Slice<ap_uint<1>, 1u>, Slice<ap_uint<1>, 1u>, Identity, ap_fixed<16, 6, (ap_q_mode)5, (ap_o_mode)3, 0>, 16u, 6u, 1u, ap_uint<8>, ap_uint<5>, FixedPointWeightsSp<8u, ap_int<32>, 5u, 8u>, DebugThresholdActivation<ap_fixed<16, 6, (ap_q_mode)5, (ap_o_mode)3, 0> >, ap_resource_dsp>' completely with a factor of 8 (/home/coder/Desktop/s2n2/finn-hlslib-lif/mvau.hpp:117:0)
INFO: [HLS 214-186] Unrolling loop 'VITIS_LOOP_200_4' (/home/coder/Desktop/s2n2/finn-hlslib-lif/mvau.hpp:200:25) in function 'Matrix_Vector_Activate_Batch<64u, 5u, 8u, 8u, 5u, 1u, Slice<ap_uint<1>, 1u>, Slice<ap_uint<1>, 1u>, Identity, ap_fixed<16, 6, (ap_q_mode)5, (ap_o_mode)3, 0>, 16u, 6u, 1u, ap_uint<8>, ap_uint<5>, FixedPointWeightsSp<8u, ap_int<32>, 5u, 8u>, DebugThresholdActivation<ap_fixed<16, 6, (ap_q_mode)5, (ap_o_mode)3, 0> >, ap_resource_dsp>' completely with a factor of 5 (/home/coder/Desktop/s2n2/finn-hlslib-lif/mvau.hpp:117:0)
INFO: [HLS 214-178] Inlining function 'DebugThresholdActivation<ap_fixed<16, 6, (ap_q_mode)5, (ap_o_mode)3, 0> >::operator()(ap_fixed<16, 6, (ap_q_mode)5, (ap_o_mode)3, 0>) const' into 'void Matrix_Vector_Activate_Batch<64u, 5u, 8u, 8u, 5u, 1u, Slice<ap_uint<1>, 1u>, Slice<ap_uint<1>, 1u>, Identity, ap_fixed<16, 6, (ap_q_mode)5, (ap_o_mode)3, 0>, 16u, 6u, 1u, ap_uint<8>, ap_uint<5>, FixedPointWeightsSp<8u, ap_int<32>, 5u, 8u>, DebugThresholdActivation<ap_fixed<16, 6, (ap_q_mode)5, (ap_o_mode)3, 0> >, ap_resource_dsp>(hls::stream<ap_uint<8>, 0>&, hls::stream<ap_uint<5>, 0>&, FixedPointWeightsSp<8u, ap_int<32>, 5u, 8u> const&, DebugThresholdActivation<ap_fixed<16, 6, (ap_q_mode)5, (ap_o_mode)3, 0> > const&, ap_fixed<16, 6, (ap_q_mode)5, (ap_o_mode)3, 0>, int, ap_resource_dsp const&)' (/home/coder/Desktop/s2n2/finn-hlslib-lif/mvau.hpp:117:0)
INFO: [HLS 214-178] Inlining function 'WidthAdjustedInputStream<8u, 8u, 8u>::WidthAdjustedInputStream(hls::stream<ap_uint<8>, 0>&, unsigned int)' into 'fc2_top(hls::stream<ap_uint<8>, 0>&, hls::stream<ap_uint<5>, 0>&, unsigned int)' (/home/coder/Desktop/s2n2/convSNN/fc2_top.cpp:25:0)
INFO: [HLS 214-178] Inlining function 'WidthAdjustedOutputStream<5u, 5u, 1u>::WidthAdjustedOutputStream(hls::stream<ap_uint<5>, 0>&, unsigned int)' into 'fc2_top(hls::stream<ap_uint<8>, 0>&, hls::stream<ap_uint<5>, 0>&, unsigned int)' (/home/coder/Desktop/s2n2/convSNN/fc2_top.cpp:25:0)
INFO: [HLS 214-178] Inlining function 'WidthAdjustedInputStream<8u, 8u, 8u>::operator hls::stream<ap_uint<8>, 0>&()' into 'fc2_top(hls::stream<ap_uint<8>, 0>&, hls::stream<ap_uint<5>, 0>&, unsigned int)' (/home/coder/Desktop/s2n2/convSNN/fc2_top.cpp:25:0)
INFO: [HLS 214-178] Inlining function 'WidthAdjustedOutputStream<5u, 5u, 1u>::operator hls::stream<ap_uint<5>, 0>&()' into 'fc2_top(hls::stream<ap_uint<8>, 0>&, hls::stream<ap_uint<5>, 0>&, unsigned int)' (/home/coder/Desktop/s2n2/convSNN/fc2_top.cpp:25:0)
INFO: [HLS 214-241] Aggregating fifo (hls::stream) variable 'out' with compact=bit mode in 5-bits (/home/coder/Desktop/s2n2/convSNN/fc2_top.cpp:25:0)
INFO: [HLS 214-241] Aggregating fifo (hls::stream) variable 'in' with compact=bit mode in 8-bits (/home/coder/Desktop/s2n2/convSNN/fc2_top.cpp:25:0)
INFO: [HLS 200-111] Finished Compiling Optimization and Transform: CPU user time: 3.03 seconds. CPU system time: 0.99 seconds. Elapsed time: 16.63 seconds; current allocated memory: 312.410 MB.
INFO: [HLS 200-111] Finished Checking Pragmas: CPU user time: 0 seconds. CPU system time: 0 seconds. Elapsed time: 0 seconds; current allocated memory: 312.410 MB.
INFO: [HLS 200-10] Starting code transformations ...
INFO: [HLS 200-111] Finished Standard Transforms: CPU user time: 0.03 seconds. CPU system time: 0 seconds. Elapsed time: 0.05 seconds; current allocated memory: 313.168 MB.
INFO: [HLS 200-10] Checking synthesizability ...
INFO: [HLS 200-111] Finished Checking Synthesizability: CPU user time: 0.02 seconds. CPU system time: 0 seconds. Elapsed time: 0.06 seconds; current allocated memory: 314.426 MB.
INFO: [XFORM 203-712] Applying dataflow to function 'fc2_top' (/home/coder/Desktop/s2n2/convSNN/fc2_top.cpp:21:1), detected/extracted 1 process function(s): 
	 'Matrix_Vector_Activate_Batch<64u, 5u, 8u, 8u, 5u, 1u, Slice<ap_uint<1>, 1u>, Slice<ap_uint<1>, 1u>, Identity, ap_fixed<16, 6, (ap_q_mode)5, (ap_o_mode)3, 0>, 16u, 6u, 1u, ap_uint<8>, ap_uint<5>, FixedPointWeightsSp<8u, ap_int<32>, 5u, 8u>, DebugThresholdActivation<ap_fixed<16, 6, (ap_q_mode)5, (ap_o_mode)3, 0> >, ap_resource_dsp>'.
INFO: [HLS 200-111] Finished Loop, function and other optimizations: CPU user time: 0.05 seconds. CPU system time: 0.01 seconds. Elapsed time: 0.06 seconds; current allocated memory: 337.211 MB.
INFO: [HLS 200-111] Finished Architecture Synthesis: CPU user time: 0.03 seconds. CPU system time: 0 seconds. Elapsed time: 0.04 seconds; current allocated memory: 337.746 MB.
INFO: [HLS 200-10] Starting hardware synthesis ...
INFO: [HLS 200-10] Synthesizing 'fc2_top' ...
INFO: [HLS 200-10] ----------------------------------------------------------------
INFO: [HLS 200-42] -- Implementing module 'Matrix_Vector_Activate_Batch' 
INFO: [HLS 200-10] ----------------------------------------------------------------
INFO: [SCHED 204-11] Starting scheduling ...
INFO: [SCHED 204-61] Pipelining loop 'VITIS_LOOP_147_1'.
INFO: [HLS 200-1470] Pipelining result : Target II = 1, Final II = 1, Depth = 2, loop 'VITIS_LOOP_147_1'
INFO: [SCHED 204-11] Finished scheduling.
INFO: [HLS 200-111] Finished Scheduling: CPU user time: 0.06 seconds. CPU system time: 0.03 seconds. Elapsed time: 1.24 seconds; current allocated memory: 339.203 MB.
INFO: [BIND 205-100] Starting micro-architecture generation ...
INFO: [BIND 205-101] Performing variable lifetime analysis.
INFO: [BIND 205-101] Exploring resource sharing.
INFO: [BIND 205-101] Binding ...
INFO: [BIND 205-100] Finished micro-architecture generation.
INFO: [HLS 200-111] Finished Binding: CPU user time: 0.03 seconds. CPU system time: 0.01 seconds. Elapsed time: 0.16 seconds; current allocated memory: 339.203 MB.
INFO: [HLS 200-10] ----------------------------------------------------------------
INFO: [HLS 200-42] -- Implementing module 'fc2_top' 
INFO: [HLS 200-10] ----------------------------------------------------------------
INFO: [SCHED 204-11] Starting scheduling ...
INFO: [SCHED 204-11] Finished scheduling.
INFO: [HLS 200-111] Finished Scheduling: CPU user time: 0.02 seconds. CPU system time: 0.01 seconds. Elapsed time: 0.25 seconds; current allocated memory: 339.203 MB.
INFO: [BIND 205-100] Starting micro-architecture generation ...
INFO: [BIND 205-101] Performing variable lifetime analysis.
INFO: [BIND 205-101] Exploring resource sharing.
INFO: [BIND 205-101] Binding ...
INFO: [BIND 205-100] Finished micro-architecture generation.
INFO: [HLS 200-111] Finished Binding: CPU user time: 0.02 seconds. CPU system time: 0 seconds. Elapsed time: 0.06 seconds; current allocated memory: 339.203 MB.
INFO: [HLS 200-10] ----------------------------------------------------------------
INFO: [HLS 200-10] -- Generating RTL for module 'Matrix_Vector_Activate_Batch' 
INFO: [HLS 200-10] ----------------------------------------------------------------
INFO: [HLS 200-1030] Apply Unified Pipeline Control on module 'Matrix_Vector_Activate_Batch' pipeline 'VITIS_LOOP_147_1' pipeline type 'loop pipeline'
INFO: [RTGEN 206-100] Finished creating RTL model for 'Matrix_Vector_Activate_Batch'.
INFO: [HLS 200-111] Finished Creating RTL model: CPU user time: 0.02 seconds. CPU system time: 0.01 seconds. Elapsed time: 0.08 seconds; current allocated memory: 339.203 MB.
INFO: [HLS 200-10] ----------------------------------------------------------------
INFO: [HLS 200-10] -- Generating RTL for module 'fc2_top' 
INFO: [HLS 200-10] ----------------------------------------------------------------
INFO: [RTGEN 206-500] Setting interface mode on port 'fc2_top/in_r' to 'ap_fifo'.
INFO: [RTGEN 206-500] Setting interface mode on port 'fc2_top/out_r' to 'ap_fifo'.
INFO: [RTGEN 206-500] Setting interface mode on port 'fc2_top/numReps' to 'ap_none'.
INFO: [RTGEN 206-500] Setting interface mode on function 'fc2_top' to 'ap_ctrl_hs'.
WARNING: [HLS 200-656] Deadlocks can occur since process Matrix_Vector_Activate_Batch is instantiated in a dataflow region with ap_ctrl_none or without start propagation and contains an auto-rewind pipeline.
INFO: [RTGEN 206-100] Finished creating RTL model for 'fc2_top'.
INFO: [HLS 200-111] Finished Creating RTL model: CPU user time: 0.06 seconds. CPU system time: 0.01 seconds. Elapsed time: 0.36 seconds; current allocated memory: 339.707 MB.
INFO: [HLS 200-111] Finished Generating all RTL models: CPU user time: 0.21 seconds. CPU system time: 0.04 seconds. Elapsed time: 1.81 seconds; current allocated memory: 342.383 MB.
INFO: [HLS 200-111] Finished Updating report files: CPU user time: 0.44 seconds. CPU system time: 0.04 seconds. Elapsed time: 0.74 seconds; current allocated memory: 349.238 MB.
INFO: [VHDL 208-304] Generating VHDL RTL for fc2_top.
INFO: [VLOG 209-307] Generating Verilog RTL for fc2_top.
INFO: [HLS 200-790] **** Loop Constraint Status: All loop constraints were satisfied.
INFO: [HLS 200-789] **** Estimated Fmax: 371.06 MHz
INFO: [HLS 200-111] Finished Command csynth_design CPU user time: 11.79 seconds. CPU system time: 2.43 seconds. Elapsed time: 53.49 seconds; current allocated memory: 40.418 MB.
INFO: [HLS 200-1510] Running: export_design -format ip_catalog -version 2.0.1 
INFO: [IMPL 213-8] Exporting RTL as a Vivado IP.
INFO: [HLS 200-802] Generated output file convSNN_fc2/xcvu9p-flga2577-2-e/impl/export.zip
INFO: [HLS 200-111] Finished Command export_design CPU user time: 15.72 seconds. CPU system time: 3.07 seconds. Elapsed time: 346.41 seconds; current allocated memory: 4.789 MB.
