#-----------------------------------------------------------
# xsim v2020.1 (64-bit)
# SW Build 2902540 on Wed May 27 19:54:35 MDT 2020
# IP Build 2902112 on Wed May 27 22:43:36 MDT 2020
# Start of session at: Thu Oct  2 04:44:27 2025
# Process ID: 195849
# Current directory: /home/coder/Desktop/s2n2/convSNN/convSNN_hls/convSNN_conv1/new/sim/verilog
# Command line: xsim -mode tcl -source {xsim.dir/conv1_lif_top/xsim_script.tcl}
# Log file: /home/coder/Desktop/s2n2/convSNN/convSNN_hls/convSNN_conv1/new/sim/verilog/xsim.log
# Journal file: /home/coder/Desktop/s2n2/convSNN/convSNN_hls/convSNN_conv1/new/sim/verilog/xsim.jou
#-----------------------------------------------------------
source xsim.dir/conv1_lif_top/xsim_script.tcl
# xsim {conv1_lif_top} -autoloadwcfg -tclbatch {conv1_lif_top.tcl}
Vivado Simulator 2020.1
Time resolution is 1 ps
source conv1_lif_top.tcl
## run all
////////////////////////////////////////////////////////////////////////////////////
// Inter-Transaction Progress: Completed Transaction / Total Transaction
// Intra-Transaction Progress: Measured Latency / Latency Estimation * 100%
//
// RTL Simulation : "Inter-Transaction Progress" ["Intra-Transaction Progress"] @ "Simulation Time"
////////////////////////////////////////////////////////////////////////////////////
// RTL Simulation : 0 / 1 [n/a] @ "125000"
// RTL Simulation : 1 / 1 [n/a] @ "41615000"
////////////////////////////////////////////////////////////////////////////////////
$finish called at time : 41655 ns : File "/home/coder/Desktop/s2n2/convSNN/convSNN_hls/convSNN_conv1/new/sim/verilog/conv1_lif_top.autotb.v" Line 331
## quit
INFO: [Common 17-206] Exiting xsim at Thu Oct  2 04:44:42 2025...
