Vivado Simulator v2023.1
Copyright 1986-2022 Xilinx, Inc. All Rights Reserved.
Copyright 2022-2023 Advanced Micro Devices, Inc. All Rights Reserved.
Running: /tools/Xilinx/Vivado/2023.1/bin/unwrapped/lnx64.o/xelab xil_defaultlib.apatb_conv2x2_top_top glbl -Oenable_linking_all_libraries -prj conv2x2_top.prj -L smartconnect_v1_0 -L axi_protocol_checker_v1_1_12 -L axi_protocol_checker_v1_1_13 -L axis_protocol_checker_v1_1_11 -L axis_protocol_checker_v1_1_12 -L xil_defaultlib -L unisims_ver -L xpm -L floating_point_v7_1_15 -L floating_point_v7_0_20 --lib ieee_proposed=./ieee_proposed -s conv2x2_top 
Multi-threading is on. Using 126 slave threads.
WARNING: [XSIM 43-3431] One or more environment variables have been detected which affect the operation of the C compiler. These are typically not set in standard installations and are not tested by Xilinx, however they may be appropriate for your system, so the flow will attempt to continue.  If errors occur, try running xelab with the "-mt off -v 1" switches to see more information from the C compiler. The following environment variables have been detected:
    LIBRARY_PATH
INFO: [VRFC 10-2263] Analyzing SystemVerilog file "/home/coder/Desktop/s2n2/convSNN/convSNN_hls/conv2x2_prj/xcvu9p-flga2577-2-e/sim/verilog/glbl.v" into library work
INFO: [VRFC 10-311] analyzing module glbl
INFO: [VRFC 10-2263] Analyzing SystemVerilog file "/home/coder/Desktop/s2n2/convSNN/convSNN_hls/conv2x2_prj/xcvu9p-flga2577-2-e/sim/verilog/conv2x2_top.autotb.v" into library xil_defaultlib
INFO: [VRFC 10-311] analyzing module apatb_conv2x2_top_top
INFO: [VRFC 10-2263] Analyzing SystemVerilog file "/home/coder/Desktop/s2n2/convSNN/convSNN_hls/conv2x2_prj/xcvu9p-flga2577-2-e/sim/verilog/conv2x2_top_load_weights_once.v" into library xil_defaultlib
INFO: [VRFC 10-311] analyzing module conv2x2_top_load_weights_once
INFO: [VRFC 10-2263] Analyzing SystemVerilog file "/home/coder/Desktop/s2n2/convSNN/convSNN_hls/conv2x2_prj/xcvu9p-flga2577-2-e/sim/verilog/conv2x2_top_conv2x2_top_Pipeline_VITIS_LOOP_77_1.v" into library xil_defaultlib
INFO: [VRFC 10-311] analyzing module conv2x2_top_conv2x2_top_Pipeline_VITIS_LOOP_77_1
INFO: [VRFC 10-2263] Analyzing SystemVerilog file "/home/coder/Desktop/s2n2/convSNN/convSNN_hls/conv2x2_prj/xcvu9p-flga2577-2-e/sim/verilog/conv2x2_top_conv2x2_top_Pipeline_VITIS_LOOP_197_2.v" into library xil_defaultlib
INFO: [VRFC 10-311] analyzing module conv2x2_top_conv2x2_top_Pipeline_VITIS_LOOP_197_2
INFO: [VRFC 10-2263] Analyzing SystemVerilog file "/home/coder/Desktop/s2n2/convSNN/convSNN_hls/conv2x2_prj/xcvu9p-flga2577-2-e/sim/verilog/conv2x2_top_conv2x2_top_Pipeline_VITIS_LOOP_131_1.v" into library xil_defaultlib
INFO: [VRFC 10-311] analyzing module conv2x2_top_conv2x2_top_Pipeline_VITIS_LOOP_131_1
INFO: [VRFC 10-2263] Analyzing SystemVerilog file "/home/coder/Desktop/s2n2/convSNN/convSNN_hls/conv2x2_prj/xcvu9p-flga2577-2-e/sim/verilog/conv2x2_top_conv2x2_top_Pipeline_VITIS_LOOP_121_2.v" into library xil_defaultlib
INFO: [VRFC 10-311] analyzing module conv2x2_top_conv2x2_top_Pipeline_VITIS_LOOP_121_2
INFO: [VRFC 10-2263] Analyzing SystemVerilog file "/home/coder/Desktop/s2n2/convSNN/convSNN_hls/conv2x2_prj/xcvu9p-flga2577-2-e/sim/verilog/conv2x2_top.v" into library xil_defaultlib
INFO: [VRFC 10-311] analyzing module conv2x2_top
INFO: [VRFC 10-2263] Analyzing SystemVerilog file "/home/coder/Desktop/s2n2/convSNN/convSNN_hls/conv2x2_prj/xcvu9p-flga2577-2-e/sim/verilog/conv2x2_top_flow_control_loop_pipe_sequential_init.v" into library xil_defaultlib
INFO: [VRFC 10-311] analyzing module conv2x2_top_flow_control_loop_pipe_sequential_init
INFO: [VRFC 10-2263] Analyzing SystemVerilog file "/home/coder/Desktop/s2n2/convSNN/convSNN_hls/conv2x2_prj/xcvu9p-flga2577-2-e/sim/verilog/conv2x2_top_inputBuf_RAM_2P_AUTO_1R1W.v" into library xil_defaultlib
INFO: [VRFC 10-311] analyzing module conv2x2_top_inputBuf_RAM_2P_AUTO_1R1W
INFO: [VRFC 10-2263] Analyzing SystemVerilog file "/home/coder/Desktop/s2n2/convSNN/convSNN_hls/conv2x2_prj/xcvu9p-flga2577-2-e/sim/verilog/conv2x2_top_fifo_w1_d256_S.v" into library xil_defaultlib
INFO: [VRFC 10-311] analyzing module conv2x2_top_fifo_w1_d256_S
INFO: [VRFC 10-311] analyzing module conv2x2_top_fifo_w1_d256_S_ShiftReg
INFO: [VRFC 10-2263] Analyzing SystemVerilog file "/home/coder/Desktop/s2n2/convSNN/convSNN_hls/conv2x2_prj/xcvu9p-flga2577-2-e/sim/verilog/conv2x2_top_fifo_w1_d8_S.v" into library xil_defaultlib
INFO: [VRFC 10-311] analyzing module conv2x2_top_fifo_w1_d8_S
INFO: [VRFC 10-311] analyzing module conv2x2_top_fifo_w1_d8_S_ShiftReg
INFO: [VRFC 10-2263] Analyzing SystemVerilog file "/home/coder/Desktop/s2n2/convSNN/convSNN_hls/conv2x2_prj/xcvu9p-flga2577-2-e/sim/verilog/conv2x2_top_fifo_w1_d2_S.v" into library xil_defaultlib
INFO: [VRFC 10-311] analyzing module conv2x2_top_fifo_w1_d2_S
INFO: [VRFC 10-311] analyzing module conv2x2_top_fifo_w1_d2_S_ShiftReg
INFO: [VRFC 10-2263] Analyzing SystemVerilog file "/home/coder/Desktop/s2n2/convSNN/convSNN_hls/conv2x2_prj/xcvu9p-flga2577-2-e/sim/verilog/conv2x2_top_mux_4_2_1_1_1.v" into library xil_defaultlib
INFO: [VRFC 10-311] analyzing module conv2x2_top_mux_4_2_1_1_1
INFO: [VRFC 10-2263] Analyzing SystemVerilog file "/home/coder/Desktop/s2n2/convSNN/convSNN_hls/conv2x2_prj/xcvu9p-flga2577-2-e/sim/verilog/conv2x2_top_mux_2_1_1_1_1.v" into library xil_defaultlib
INFO: [VRFC 10-311] analyzing module conv2x2_top_mux_2_1_1_1_1
INFO: [VRFC 10-2263] Analyzing SystemVerilog file "/home/coder/Desktop/s2n2/convSNN/convSNN_hls/conv2x2_prj/xcvu9p-flga2577-2-e/sim/verilog/conv2x2_top_mux_4_2_16_1_1.v" into library xil_defaultlib
INFO: [VRFC 10-311] analyzing module conv2x2_top_mux_4_2_16_1_1
INFO: [VRFC 10-2263] Analyzing SystemVerilog file "/home/coder/Desktop/s2n2/convSNN/convSNN_hls/conv2x2_prj/xcvu9p-flga2577-2-e/sim/verilog/dataflow_monitor.sv" into library xil_defaultlib
INFO: [VRFC 10-311] analyzing module dataflow_monitor
Starting static elaboration
Pass Through NonSizing Optimizer
Completed static elaboration
Starting simulation data flow analysis
Completed simulation data flow analysis
Time Resolution for simulation is 1ps
Compiling package xil_defaultlib.$unit_dataflow_monitor_sv
Compiling module xil_defaultlib.conv2x2_top_inputBuf_RAM_2P_AUTO...
Compiling module xil_defaultlib.conv2x2_top_mux_4_2_1_1_1(ID=1,d...
Compiling module xil_defaultlib.conv2x2_top_flow_control_loop_pi...
Compiling module xil_defaultlib.conv2x2_top_conv2x2_top_Pipeline...
Compiling module xil_defaultlib.conv2x2_top_mux_2_1_1_1_1(ID=1,d...
Compiling module xil_defaultlib.conv2x2_top_conv2x2_top_Pipeline...
Compiling module xil_defaultlib.conv2x2_top_load_weights_once
Compiling module xil_defaultlib.conv2x2_top_mux_4_2_16_1_1(ID=1,...
Compiling module xil_defaultlib.conv2x2_top_conv2x2_top_Pipeline...
Compiling module xil_defaultlib.conv2x2_top_conv2x2_top_Pipeline...
Compiling module xil_defaultlib.conv2x2_top_fifo_w1_d2_S_ShiftRe...
Compiling module xil_defaultlib.conv2x2_top_fifo_w1_d2_S
Compiling module xil_defaultlib.conv2x2_top_fifo_w1_d8_S_ShiftRe...
Compiling module xil_defaultlib.conv2x2_top_fifo_w1_d8_S
Compiling module xil_defaultlib.conv2x2_top
Compiling module xil_defaultlib.nodf_module_intf
Compiling module xil_defaultlib.upc_loop_intf(FSM_WIDTH=1)
Compiling module xil_defaultlib.dataflow_monitor_1
Compiling module xil_defaultlib.apatb_conv2x2_top_top
Compiling module work.glbl
Built simulation snapshot conv2x2_top

****** xsim v2023.1 (64-bit)
  **** SW Build 3865809 on Sun May  7 15:04:56 MDT 2023
  **** IP Build 3864474 on Sun May  7 20:36:21 MDT 2023
  **** SharedData Build 3865790 on Sun May 07 13:33:03 MDT 2023
    ** Copyright 1986-2022 Xilinx, Inc. All Rights Reserved.
    ** Copyright 2022-2023 Advanced Micro Devices, Inc. All Rights Reserved.

source xsim.dir/conv2x2_top/xsim_script.tcl
# xsim {conv2x2_top} -autoloadwcfg -tclbatch {conv2x2_top.tcl}
Time resolution is 1 ps
source conv2x2_top.tcl
## run all
////////////////////////////////////////////////////////////////////////////////////
// Inter-Transaction Progress: Completed Transaction / Total Transaction
// Intra-Transaction Progress: Measured Latency / Latency Estimation * 100%
//
// RTL Simulation : "Inter-Transaction Progress" ["Intra-Transaction Progress"] @ "Simulation Time"
////////////////////////////////////////////////////////////////////////////////////
// RTL Simulation : 0 / 1 [0.00%] @ "125000"
// RTL Simulation : 0 / 1 [27027027.03%] @ "100000145000"
// RTL Simulation : 0 / 1 [54054056.76%] @ "200000155000"
// RTL Simulation : 0 / 1 [81081086.49%] @ "300000165000"
// RTL Simulation : 0 / 1 [108108116.22%] @ "400000175000"
// RTL Simulation : 0 / 1 [135135145.95%] @ "500000185000"
// RTL Simulation : 0 / 1 [162162175.68%] @ "600000195000"
// RTL Simulation : 0 / 1 [189189205.41%] @ "700000205000"
// RTL Simulation : 0 / 1 [216216235.14%] @ "800000215000"
// RTL Simulation : 0 / 1 [243243264.86%] @ "900000225000"
// RTL Simulation : 0 / 1 [270270294.59%] @ "1000000235000"
// RTL Simulation : 0 / 1 [297297324.32%] @ "1100000245000"
// RTL Simulation : 0 / 1 [324324354.05%] @ "1200000255000"
// RTL Simulation : 0 / 1 [351351383.78%] @ "1300000265000"
// RTL Simulation : 0 / 1 [378378413.51%] @ "1400000275000"
// RTL Simulation : 0 / 1 [405405443.24%] @ "1500000285000"
// RTL Simulation : 0 / 1 [432432472.97%] @ "1600000295000"
// RTL Simulation : 0 / 1 [459459502.70%] @ "1700000305000"
