#-----------------------------------------------------------
# Vivado v2020.1 (64-bit)
# SW Build 2902540 on Wed May 27 19:54:35 MDT 2020
# IP Build 2902112 on Wed May 27 22:43:36 MDT 2020
# Start of session at: Tue Aug 12 04:28:51 2025
# Process ID: 9925
# Current directory: /home/coder/Desktop/s2n2/convSNN/convSNN_hls/solution1/convSNN_hls/solution1/impl/ip
# Command line: vivado -notrace -mode batch -source run_ippack.tcl
# Log file: /home/coder/Desktop/s2n2/convSNN/convSNN_hls/solution1/convSNN_hls/solution1/impl/ip/vivado.log
# Journal file: /home/coder/Desktop/s2n2/convSNN/convSNN_hls/solution1/convSNN_hls/solution1/impl/ip/vivado.jou
#-----------------------------------------------------------
source run_ippack.tcl -notrace
ipx::create_core: Time (s): cpu = 00:00:02 ; elapsed = 00:00:36 . Memory (MB): peak = 2040.676 ; gain = 0.023 ; free physical = 456985 ; free virtual = 757364
bad lexical cast: source type value could not be interpreted as target
    while executing
"rdi::set_property core_revision 2508120428 {component component_1}"
    invoked from within
"set_property core_revision $Revision $core"
    (file "run_ippack.tcl" line 818)
INFO: [Common 17-206] Exiting Vivado at Tue Aug 12 04:30:10 2025...
