

================================================================
== Vitis HLS Report for 'fc_finn_top_Pipeline_VITIS_LOOP_44_1'
================================================================
* Date:           Sat Apr 25 21:40:45 2026

* Version:        2023.1 (Build 3854077 on May  4 2023)
* Project:        fc_finn_prj
* Solution:       xcvu9p-flga2577-2-e (Vivado IP Flow Target)
* Product family: virtexuplus
* Target device:  xcvu9p-flga2577-2-e


================================================================
== Performance Estimates
================================================================
+ Timing: 
    * Summary: 
    +--------+----------+----------+------------+
    |  Clock |  Target  | Estimated| Uncertainty|
    +--------+----------+----------+------------+
    |ap_clk  |  10.00 ns|  1.314 ns|     2.70 ns|
    +--------+----------+----------+------------+

+ Latency: 
    * Summary: 
    +---------+---------+----------+----------+-----+-----+---------+
    |  Latency (cycles) |  Latency (absolute) |  Interval | Pipeline|
    |   min   |   max   |    min   |    max   | min | max |   Type  |
    +---------+---------+----------+----------+-----+-----+---------+
    |       10|       10|  0.100 us|  0.100 us|   10|   10|       no|
    +---------+---------+----------+----------+-----+-----+---------+

    + Detail: 
        * Instance: 
        N/A

        * Loop: 
        +-------------------+---------+---------+----------+-----------+-----------+------+----------+
        |                   |  Latency (cycles) | Iteration|  Initiation Interval  | Trip |          |
        |     Loop Name     |   min   |   max   |  Latency |  achieved |   target  | Count| Pipelined|
        +-------------------+---------+---------+----------+-----------+-----------+------+----------+
        |- VITIS_LOOP_44_1  |        8|        8|         2|          1|          1|     8|       yes|
        +-------------------+---------+---------+----------+-----------+-----------+------+----------+

============================================================
+ Verbose Summary: Synthesis Manager
============================================================
InlineROM: 1
ExposeGlobal: 0
============================================================
+ Verbose Summary: CDFG Model
============================================================
IsTopModel: 0
ResetActiveHigh: 1
IsCombinational: 0
IsDatapathOnly: 0
HasWiredReturn: 1
HasMFsm: 2
HasVarLatency: 1
IsPipeline: 0
IsRtlPipelined: 0
IsInstanceOverlapped: 0
IsDontTouch: 0
HasImplIP: 0
IsGatedGlobalClock: 0

+ Individual pipeline summary: 
  * Pipeline-0: initiation interval (II) = 1, depth = 2


============================================================
+ Verbose Summary: Schedule
============================================================
* Number of FSM states : 2
* Pipeline : 1
  Pipeline-0 : II = 1, D = 2, States = { 1 2 }
* Dataflow Pipeline: 0

* FSM state transitions: 
1 --> 2 
2 --> 

* FSM state operations: 

State 1 <SV = 0> <Delay = 1.09>
ST_1 : Operation 5 [1/1] (0.00ns)   --->   "%i = alloca i32 1"   --->   Operation 5 'alloca' 'i' <Predicate = true> <Delay = 0.00>
ST_1 : Operation 6 [1/1] (0.00ns)   --->   "%specinterface_ln0 = specinterface void @_ssdm_op_SpecInterface, i1 %in_stream, void @empty_1, i32 0, i32 0, void @empty_2, i32 0, i32 0, void @empty_2, void @empty_2, void @empty_2, i32 0, i32 0, i32 0, i32 0, void @empty_2, void @empty_2, i32 4294967295, i32 0"   --->   Operation 6 'specinterface' 'specinterface_ln0' <Predicate = true> <Delay = 0.00>
ST_1 : Operation 7 [1/1] (0.00ns)   --->   "%in_7_load_read = read i1 @_ssdm_op_Read.ap_auto.i1, i1 %in_7_load"   --->   Operation 7 'read' 'in_7_load_read' <Predicate = true> <Delay = 0.00>
ST_1 : Operation 8 [1/1] (0.00ns)   --->   "%in_6_load_read = read i1 @_ssdm_op_Read.ap_auto.i1, i1 %in_6_load"   --->   Operation 8 'read' 'in_6_load_read' <Predicate = true> <Delay = 0.00>
ST_1 : Operation 9 [1/1] (0.00ns)   --->   "%in_5_load_read = read i1 @_ssdm_op_Read.ap_auto.i1, i1 %in_5_load"   --->   Operation 9 'read' 'in_5_load_read' <Predicate = true> <Delay = 0.00>
ST_1 : Operation 10 [1/1] (0.00ns)   --->   "%in_4_load_read = read i1 @_ssdm_op_Read.ap_auto.i1, i1 %in_4_load"   --->   Operation 10 'read' 'in_4_load_read' <Predicate = true> <Delay = 0.00>
ST_1 : Operation 11 [1/1] (0.00ns)   --->   "%in_3_load_read = read i1 @_ssdm_op_Read.ap_auto.i1, i1 %in_3_load"   --->   Operation 11 'read' 'in_3_load_read' <Predicate = true> <Delay = 0.00>
ST_1 : Operation 12 [1/1] (0.00ns)   --->   "%in_2_load_read = read i1 @_ssdm_op_Read.ap_auto.i1, i1 %in_2_load"   --->   Operation 12 'read' 'in_2_load_read' <Predicate = true> <Delay = 0.00>
ST_1 : Operation 13 [1/1] (0.00ns)   --->   "%in_1_load_read = read i1 @_ssdm_op_Read.ap_auto.i1, i1 %in_1_load"   --->   Operation 13 'read' 'in_1_load_read' <Predicate = true> <Delay = 0.00>
ST_1 : Operation 14 [1/1] (0.00ns)   --->   "%in_0_load_read = read i1 @_ssdm_op_Read.ap_auto.i1, i1 %in_0_load"   --->   Operation 14 'read' 'in_0_load_read' <Predicate = true> <Delay = 0.00>
ST_1 : Operation 15 [1/1] (0.38ns)   --->   "%store_ln0 = store i4 0, i4 %i"   --->   Operation 15 'store' 'store_ln0' <Predicate = true> <Delay = 0.38>
ST_1 : Operation 16 [1/1] (0.00ns)   --->   "%br_ln0 = br void %for.inc"   --->   Operation 16 'br' 'br_ln0' <Predicate = true> <Delay = 0.00>
ST_1 : Operation 17 [1/1] (0.00ns)   --->   "%i_2 = load i4 %i" [/home/coder/Desktop/s2n2/convSNN/fc_finn_top.cpp:44]   --->   Operation 17 'load' 'i_2' <Predicate = true> <Delay = 0.00>
ST_1 : Operation 18 [1/1] (0.70ns)   --->   "%icmp_ln44 = icmp_eq  i4 %i_2, i4 8" [/home/coder/Desktop/s2n2/convSNN/fc_finn_top.cpp:44]   --->   Operation 18 'icmp' 'icmp_ln44' <Predicate = true> <Delay = 0.70> <CoreInst = "Cmp">   --->   Core 9 'Cmp' <Latency = 0> <II = 1> <Delay = 0.70> <FuncUnit> <Opcode : 'icmp'> <InPorts = 2> <OutPorts = 1>
ST_1 : Operation 19 [1/1] (0.70ns)   --->   "%add_ln44 = add i4 %i_2, i4 1" [/home/coder/Desktop/s2n2/convSNN/fc_finn_top.cpp:44]   --->   Operation 19 'add' 'add_ln44' <Predicate = true> <Delay = 0.70> <CoreInst = "Adder">   --->   Core 1 'Adder' <Latency = 0> <II = 1> <Delay = 0.70> <FuncUnit> <Opcode : 'add' 'sub'> <InPorts = 2> <OutPorts = 1>
ST_1 : Operation 20 [1/1] (0.00ns)   --->   "%br_ln44 = br i1 %icmp_ln44, void %for.inc.split, void %for.body.i.preheader.exitStub" [/home/coder/Desktop/s2n2/convSNN/fc_finn_top.cpp:44]   --->   Operation 20 'br' 'br_ln44' <Predicate = true> <Delay = 0.00>
ST_1 : Operation 21 [1/1] (0.00ns)   --->   "%trunc_ln44 = trunc i4 %i_2" [/home/coder/Desktop/s2n2/convSNN/fc_finn_top.cpp:44]   --->   Operation 21 'trunc' 'trunc_ln44' <Predicate = (!icmp_ln44)> <Delay = 0.00>
ST_1 : Operation 22 [1/1] (0.58ns)   --->   "%p_0 = mux i1 @_ssdm_op_Mux.ap_auto.8i1.i3, i1 %in_0_load_read, i1 %in_1_load_read, i1 %in_2_load_read, i1 %in_3_load_read, i1 %in_4_load_read, i1 %in_5_load_read, i1 %in_6_load_read, i1 %in_7_load_read, i3 %trunc_ln44" [/home/coder/Desktop/s2n2/convSNN/fc_finn_top.cpp:46]   --->   Operation 22 'mux' 'p_0' <Predicate = (!icmp_ln44)> <Delay = 0.58> <CoreInst = "Multiplexer">   --->   Core 76 'Multiplexer' <Latency = 0> <II = 1> <Delay = 0.58> <FuncUnit> <Opcode : 'mux'> <InPorts = 2> <OutPorts = 1>
ST_1 : Operation 23 [1/1] (0.38ns)   --->   "%store_ln44 = store i4 %add_ln44, i4 %i" [/home/coder/Desktop/s2n2/convSNN/fc_finn_top.cpp:44]   --->   Operation 23 'store' 'store_ln44' <Predicate = (!icmp_ln44)> <Delay = 0.38>
ST_1 : Operation 29 [1/1] (0.00ns)   --->   "%ret_ln0 = ret"   --->   Operation 29 'ret' 'ret_ln0' <Predicate = (icmp_ln44)> <Delay = 0.00>

State 2 <SV = 1> <Delay = 1.31>
ST_2 : Operation 24 [1/1] (0.00ns)   --->   "%specpipeline_ln45 = specpipeline void @_ssdm_op_SpecPipeline, i32 1, i32 0, i32 0, i32 0, void @empty_2" [/home/coder/Desktop/s2n2/convSNN/fc_finn_top.cpp:45]   --->   Operation 24 'specpipeline' 'specpipeline_ln45' <Predicate = true> <Delay = 0.00>
ST_2 : Operation 25 [1/1] (0.00ns)   --->   "%speclooptripcount_ln44 = speclooptripcount void @_ssdm_op_SpecLoopTripCount, i64 8, i64 8, i64 8" [/home/coder/Desktop/s2n2/convSNN/fc_finn_top.cpp:44]   --->   Operation 25 'speclooptripcount' 'speclooptripcount_ln44' <Predicate = true> <Delay = 0.00>
ST_2 : Operation 26 [1/1] (0.00ns)   --->   "%specloopname_ln44 = specloopname void @_ssdm_op_SpecLoopName, void @empty_6" [/home/coder/Desktop/s2n2/convSNN/fc_finn_top.cpp:44]   --->   Operation 26 'specloopname' 'specloopname_ln44' <Predicate = true> <Delay = 0.00>
ST_2 : Operation 27 [1/1] (1.31ns)   --->   "%write_ln46 = write void @_ssdm_op_Write.ap_fifo.volatile.i1P0A, i1 %in_stream, i1 %p_0" [/home/coder/Desktop/s2n2/convSNN/fc_finn_top.cpp:46]   --->   Operation 27 'write' 'write_ln46' <Predicate = true> <Delay = 1.31> <CoreInst = "FIFO_SRL">   --->   Core 81 'FIFO_SRL' <Latency = 0> <II = 1> <Delay = 1.31> <Storage> <Opcode : 'read' 'write' 'nbread' 'nbwrite'> <Ports = 0> <Width = 1> <Depth = 8> <FIFO>
ST_2 : Operation 28 [1/1] (0.00ns)   --->   "%br_ln44 = br void %for.inc" [/home/coder/Desktop/s2n2/convSNN/fc_finn_top.cpp:44]   --->   Operation 28 'br' 'br_ln44' <Predicate = true> <Delay = 0.00>


============================================================
+ Verbose Summary: Binding
============================================================
STG Binding: 
---------------- STG Properties BEGIN ----------------
- Is combinational: 0
- Is one-state seq: 0
- Is datapath-only: 0
- Is pipelined: 0
- Is top level: 0
Port [ Return ] is wired: 1; IO mode=ap_ctrl_hs:ce=0
Port [ in_0_load]:  wired=1; compound=0; hidden=0; nouse=0; global=0; static=0; extern=0; dir=0; type=0; pingpong=0; private_global=0; IO mode=ap_none:ce=0
Port [ in_1_load]:  wired=1; compound=0; hidden=0; nouse=0; global=0; static=0; extern=0; dir=0; type=0; pingpong=0; private_global=0; IO mode=ap_none:ce=0
Port [ in_2_load]:  wired=1; compound=0; hidden=0; nouse=0; global=0; static=0; extern=0; dir=0; type=0; pingpong=0; private_global=0; IO mode=ap_none:ce=0
Port [ in_3_load]:  wired=1; compound=0; hidden=0; nouse=0; global=0; static=0; extern=0; dir=0; type=0; pingpong=0; private_global=0; IO mode=ap_none:ce=0
Port [ in_4_load]:  wired=1; compound=0; hidden=0; nouse=0; global=0; static=0; extern=0; dir=0; type=0; pingpong=0; private_global=0; IO mode=ap_none:ce=0
Port [ in_5_load]:  wired=1; compound=0; hidden=0; nouse=0; global=0; static=0; extern=0; dir=0; type=0; pingpong=0; private_global=0; IO mode=ap_none:ce=0
Port [ in_6_load]:  wired=1; compound=0; hidden=0; nouse=0; global=0; static=0; extern=0; dir=0; type=0; pingpong=0; private_global=0; IO mode=ap_none:ce=0
Port [ in_7_load]:  wired=1; compound=0; hidden=0; nouse=0; global=0; static=0; extern=0; dir=0; type=0; pingpong=0; private_global=0; IO mode=ap_none:ce=0
Port [ in_stream]:  wired=1; compound=1; hidden=0; nouse=0; global=0; static=0; extern=0; dir=1; type=3; pingpong=0; private_global=0; IO mode=ap_fifo:ce=0
---------------- STG Properties END ------------------

---------------- Datapath Model BEGIN ----------------

<LifeTime>
<method=bitvector/>
i                      (alloca           ) [ 010]
specinterface_ln0      (specinterface    ) [ 000]
in_7_load_read         (read             ) [ 000]
in_6_load_read         (read             ) [ 000]
in_5_load_read         (read             ) [ 000]
in_4_load_read         (read             ) [ 000]
in_3_load_read         (read             ) [ 000]
in_2_load_read         (read             ) [ 000]
in_1_load_read         (read             ) [ 000]
in_0_load_read         (read             ) [ 000]
store_ln0              (store            ) [ 000]
br_ln0                 (br               ) [ 000]
i_2                    (load             ) [ 000]
icmp_ln44              (icmp             ) [ 010]
add_ln44               (add              ) [ 000]
br_ln44                (br               ) [ 000]
trunc_ln44             (trunc            ) [ 000]
p_0                    (mux              ) [ 011]
store_ln44             (store            ) [ 000]
specpipeline_ln45      (specpipeline     ) [ 000]
speclooptripcount_ln44 (speclooptripcount) [ 000]
specloopname_ln44      (specloopname     ) [ 000]
write_ln46             (write            ) [ 000]
br_ln44                (br               ) [ 000]
ret_ln0                (ret              ) [ 000]
</LifeTime>

<model>

<comp_list>
<comp id="0" class="1000" name="in_0_load">
<pin_list>
<pin id="1" dir="1" index="0" bw="1" slack="0"/>
</pin_list>
<bind>
<StgValue><ssdm name="in_0_load"/></StgValue>
</bind>
</comp>

<comp id="2" class="1000" name="in_1_load">
<pin_list>
<pin id="3" dir="1" index="0" bw="1" slack="0"/>
</pin_list>
<bind>
<StgValue><ssdm name="in_1_load"/></StgValue>
</bind>
</comp>

<comp id="4" class="1000" name="in_2_load">
<pin_list>
<pin id="5" dir="1" index="0" bw="1" slack="0"/>
</pin_list>
<bind>
<StgValue><ssdm name="in_2_load"/></StgValue>
</bind>
</comp>

<comp id="6" class="1000" name="in_3_load">
<pin_list>
<pin id="7" dir="1" index="0" bw="1" slack="0"/>
</pin_list>
<bind>
<StgValue><ssdm name="in_3_load"/></StgValue>
</bind>
</comp>

<comp id="8" class="1000" name="in_4_load">
<pin_list>
<pin id="9" dir="1" index="0" bw="1" slack="0"/>
</pin_list>
<bind>
<StgValue><ssdm name="in_4_load"/></StgValue>
</bind>
</comp>

<comp id="10" class="1000" name="in_5_load">
<pin_list>
<pin id="11" dir="1" index="0" bw="1" slack="0"/>
</pin_list>
<bind>
<StgValue><ssdm name="in_5_load"/></StgValue>
</bind>
</comp>

<comp id="12" class="1000" name="in_6_load">
<pin_list>
<pin id="13" dir="1" index="0" bw="1" slack="0"/>
</pin_list>
<bind>
<StgValue><ssdm name="in_6_load"/></StgValue>
</bind>
</comp>

<comp id="14" class="1000" name="in_7_load">
<pin_list>
<pin id="15" dir="1" index="0" bw="1" slack="0"/>
</pin_list>
<bind>
<StgValue><ssdm name="in_7_load"/></StgValue>
</bind>
</comp>

<comp id="16" class="1000" name="in_stream">
<pin_list>
<pin id="17" dir="1" index="0" bw="1" slack="0"/>
</pin_list>
<bind>
<StgValue><ssdm name="in_stream"/></StgValue>
</bind>
</comp>

<comp id="18" class="1001" name="const_18">
<pin_list>
<pin id="19" dir="1" index="0" bw="1" slack="0"/>
</pin_list>
<bind>
<StgValue><ssdm name=""/></StgValue>
</bind>
</comp>

<comp id="20" class="1001" name="const_20">
<pin_list>
<pin id="21" dir="1" index="0" bw="1" slack="2147483647"/>
</pin_list>
<bind>
<StgValue><ssdm name="_ssdm_op_SpecInterface"/></StgValue>
</bind>
</comp>

<comp id="22" class="1001" name="const_22">
<pin_list>
<pin id="23" dir="1" index="0" bw="1" slack="2147483647"/>
</pin_list>
<bind>
<StgValue><ssdm name="empty_1"/></StgValue>
</bind>
</comp>

<comp id="24" class="1001" name="const_24">
<pin_list>
<pin id="25" dir="1" index="0" bw="1" slack="2147483647"/>
</pin_list>
<bind>
<StgValue><ssdm name=""/></StgValue>
</bind>
</comp>

<comp id="26" class="1001" name="const_26">
<pin_list>
<pin id="27" dir="1" index="0" bw="1" slack="2147483647"/>
</pin_list>
<bind>
<StgValue><ssdm name="empty_2"/></StgValue>
</bind>
</comp>

<comp id="28" class="1001" name="const_28">
<pin_list>
<pin id="29" dir="1" index="0" bw="1" slack="2147483647"/>
</pin_list>
<bind>
<StgValue><ssdm name=""/></StgValue>
</bind>
</comp>

<comp id="30" class="1001" name="const_30">
<pin_list>
<pin id="31" dir="1" index="0" bw="1" slack="0"/>
</pin_list>
<bind>
<StgValue><ssdm name="_ssdm_op_Read.ap_auto.i1"/></StgValue>
</bind>
</comp>

<comp id="32" class="1001" name="const_32">
<pin_list>
<pin id="33" dir="1" index="0" bw="1" slack="0"/>
</pin_list>
<bind>
<StgValue><ssdm name=""/></StgValue>
</bind>
</comp>

<comp id="34" class="1001" name="const_34">
<pin_list>
<pin id="35" dir="1" index="0" bw="1" slack="0"/>
</pin_list>
<bind>
<StgValue><ssdm name=""/></StgValue>
</bind>
</comp>

<comp id="36" class="1001" name="const_36">
<pin_list>
<pin id="37" dir="1" index="0" bw="1" slack="0"/>
</pin_list>
<bind>
<StgValue><ssdm name=""/></StgValue>
</bind>
</comp>

<comp id="38" class="1001" name="const_38">
<pin_list>
<pin id="39" dir="1" index="0" bw="1" slack="0"/>
</pin_list>
<bind>
<StgValue><ssdm name="_ssdm_op_Mux.ap_auto.8i1.i3"/></StgValue>
</bind>
</comp>

<comp id="40" class="1001" name="const_40">
<pin_list>
<pin id="41" dir="1" index="0" bw="1" slack="2147483647"/>
</pin_list>
<bind>
<StgValue><ssdm name="_ssdm_op_SpecPipeline"/></StgValue>
</bind>
</comp>

<comp id="42" class="1001" name="const_42">
<pin_list>
<pin id="43" dir="1" index="0" bw="1" slack="2147483647"/>
</pin_list>
<bind>
<StgValue><ssdm name="_ssdm_op_SpecLoopTripCount"/></StgValue>
</bind>
</comp>

<comp id="44" class="1001" name="const_44">
<pin_list>
<pin id="45" dir="1" index="0" bw="1" slack="2147483647"/>
</pin_list>
<bind>
<StgValue><ssdm name=""/></StgValue>
</bind>
</comp>

<comp id="46" class="1001" name="const_46">
<pin_list>
<pin id="47" dir="1" index="0" bw="1" slack="2147483647"/>
</pin_list>
<bind>
<StgValue><ssdm name="_ssdm_op_SpecLoopName"/></StgValue>
</bind>
</comp>

<comp id="48" class="1001" name="const_48">
<pin_list>
<pin id="49" dir="1" index="0" bw="1" slack="2147483647"/>
</pin_list>
<bind>
<StgValue><ssdm name="empty_6"/></StgValue>
</bind>
</comp>

<comp id="50" class="1001" name="const_50">
<pin_list>
<pin id="51" dir="1" index="0" bw="1" slack="0"/>
</pin_list>
<bind>
<StgValue><ssdm name="_ssdm_op_Write.ap_fifo.volatile.i1P0A"/></StgValue>
</bind>
</comp>

<comp id="52" class="1004" name="i_fu_52">
<pin_list>
<pin id="53" dir="0" index="0" bw="1" slack="0"/>
<pin id="54" dir="1" index="1" bw="4" slack="0"/>
</pin_list>
<bind>
<opcode="alloca(26) " fcode="alloca"/>
<opset="i/1 "/>
</bind>
</comp>

<comp id="56" class="1004" name="in_7_load_read_read_fu_56">
<pin_list>
<pin id="57" dir="0" index="0" bw="1" slack="0"/>
<pin id="58" dir="0" index="1" bw="1" slack="0"/>
<pin id="59" dir="1" index="2" bw="1" slack="0"/>
</pin_list>
<bind>
<opcode="read(1150) " fcode="read"/>
<opset="in_7_load_read/1 "/>
</bind>
</comp>

<comp id="62" class="1004" name="in_6_load_read_read_fu_62">
<pin_list>
<pin id="63" dir="0" index="0" bw="1" slack="0"/>
<pin id="64" dir="0" index="1" bw="1" slack="0"/>
<pin id="65" dir="1" index="2" bw="1" slack="0"/>
</pin_list>
<bind>
<opcode="read(1150) " fcode="read"/>
<opset="in_6_load_read/1 "/>
</bind>
</comp>

<comp id="68" class="1004" name="in_5_load_read_read_fu_68">
<pin_list>
<pin id="69" dir="0" index="0" bw="1" slack="0"/>
<pin id="70" dir="0" index="1" bw="1" slack="0"/>
<pin id="71" dir="1" index="2" bw="1" slack="0"/>
</pin_list>
<bind>
<opcode="read(1150) " fcode="read"/>
<opset="in_5_load_read/1 "/>
</bind>
</comp>

<comp id="74" class="1004" name="in_4_load_read_read_fu_74">
<pin_list>
<pin id="75" dir="0" index="0" bw="1" slack="0"/>
<pin id="76" dir="0" index="1" bw="1" slack="0"/>
<pin id="77" dir="1" index="2" bw="1" slack="0"/>
</pin_list>
<bind>
<opcode="read(1150) " fcode="read"/>
<opset="in_4_load_read/1 "/>
</bind>
</comp>

<comp id="80" class="1004" name="in_3_load_read_read_fu_80">
<pin_list>
<pin id="81" dir="0" index="0" bw="1" slack="0"/>
<pin id="82" dir="0" index="1" bw="1" slack="0"/>
<pin id="83" dir="1" index="2" bw="1" slack="0"/>
</pin_list>
<bind>
<opcode="read(1150) " fcode="read"/>
<opset="in_3_load_read/1 "/>
</bind>
</comp>

<comp id="86" class="1004" name="in_2_load_read_read_fu_86">
<pin_list>
<pin id="87" dir="0" index="0" bw="1" slack="0"/>
<pin id="88" dir="0" index="1" bw="1" slack="0"/>
<pin id="89" dir="1" index="2" bw="1" slack="0"/>
</pin_list>
<bind>
<opcode="read(1150) " fcode="read"/>
<opset="in_2_load_read/1 "/>
</bind>
</comp>

<comp id="92" class="1004" name="in_1_load_read_read_fu_92">
<pin_list>
<pin id="93" dir="0" index="0" bw="1" slack="0"/>
<pin id="94" dir="0" index="1" bw="1" slack="0"/>
<pin id="95" dir="1" index="2" bw="1" slack="0"/>
</pin_list>
<bind>
<opcode="read(1150) " fcode="read"/>
<opset="in_1_load_read/1 "/>
</bind>
</comp>

<comp id="98" class="1004" name="in_0_load_read_read_fu_98">
<pin_list>
<pin id="99" dir="0" index="0" bw="1" slack="0"/>
<pin id="100" dir="0" index="1" bw="1" slack="0"/>
<pin id="101" dir="1" index="2" bw="1" slack="0"/>
</pin_list>
<bind>
<opcode="read(1150) " fcode="read"/>
<opset="in_0_load_read/1 "/>
</bind>
</comp>

<comp id="104" class="1004" name="write_ln46_write_fu_104">
<pin_list>
<pin id="105" dir="0" index="0" bw="0" slack="0"/>
<pin id="106" dir="0" index="1" bw="1" slack="0"/>
<pin id="107" dir="0" index="2" bw="1" slack="1"/>
<pin id="108" dir="1" index="3" bw="0" slack="2147483647"/>
</pin_list>
<bind>
<opcode="write(1151) " fcode="write"/>
<opset="write_ln46/2 "/>
</bind>
</comp>

<comp id="111" class="1004" name="store_ln0_store_fu_111">
<pin_list>
<pin id="112" dir="0" index="0" bw="1" slack="0"/>
<pin id="113" dir="0" index="1" bw="4" slack="0"/>
<pin id="114" dir="1" index="2" bw="0" slack="2147483647"/>
</pin_list>
<bind>
<opcode="store(28) " fcode="store"/>
<opset="store_ln0/1 "/>
</bind>
</comp>

<comp id="116" class="1004" name="i_2_load_fu_116">
<pin_list>
<pin id="117" dir="0" index="0" bw="4" slack="0"/>
<pin id="118" dir="1" index="1" bw="4" slack="0"/>
</pin_list>
<bind>
<opcode="load(27) " fcode="load"/>
<opset="i_2/1 "/>
</bind>
</comp>

<comp id="119" class="1004" name="icmp_ln44_fu_119">
<pin_list>
<pin id="120" dir="0" index="0" bw="4" slack="0"/>
<pin id="121" dir="0" index="1" bw="4" slack="0"/>
<pin id="122" dir="1" index="2" bw="1" slack="2147483647"/>
</pin_list>
<bind>
<opcode="icmp(45) " fcode="icmp"/>
<opset="icmp_ln44/1 "/>
</bind>
</comp>

<comp id="125" class="1004" name="add_ln44_fu_125">
<pin_list>
<pin id="126" dir="0" index="0" bw="4" slack="0"/>
<pin id="127" dir="0" index="1" bw="1" slack="0"/>
<pin id="128" dir="1" index="2" bw="4" slack="0"/>
</pin_list>
<bind>
<opcode="add(8) " fcode="add"/>
<opset="add_ln44/1 "/>
</bind>
</comp>

<comp id="131" class="1004" name="trunc_ln44_fu_131">
<pin_list>
<pin id="132" dir="0" index="0" bw="4" slack="0"/>
<pin id="133" dir="1" index="1" bw="3" slack="0"/>
</pin_list>
<bind>
<opcode="trunc(33) " fcode="trunc"/>
<opset="trunc_ln44/1 "/>
</bind>
</comp>

<comp id="135" class="1004" name="p_0_fu_135">
<pin_list>
<pin id="136" dir="0" index="0" bw="1" slack="0"/>
<pin id="137" dir="0" index="1" bw="1" slack="0"/>
<pin id="138" dir="0" index="2" bw="1" slack="0"/>
<pin id="139" dir="0" index="3" bw="1" slack="0"/>
<pin id="140" dir="0" index="4" bw="1" slack="0"/>
<pin id="141" dir="0" index="5" bw="1" slack="0"/>
<pin id="142" dir="0" index="6" bw="1" slack="0"/>
<pin id="143" dir="0" index="7" bw="1" slack="0"/>
<pin id="144" dir="0" index="8" bw="1" slack="0"/>
<pin id="145" dir="0" index="9" bw="3" slack="0"/>
<pin id="146" dir="1" index="10" bw="1" slack="1"/>
</pin_list>
<bind>
<opcode="mux(1196) " fcode="mux"/>
<opset="p_0/1 "/>
</bind>
</comp>

<comp id="157" class="1004" name="store_ln44_store_fu_157">
<pin_list>
<pin id="158" dir="0" index="0" bw="4" slack="0"/>
<pin id="159" dir="0" index="1" bw="4" slack="0"/>
<pin id="160" dir="1" index="2" bw="0" slack="2147483647"/>
</pin_list>
<bind>
<opcode="store(28) " fcode="store"/>
<opset="store_ln44/1 "/>
</bind>
</comp>

<comp id="162" class="1005" name="i_reg_162">
<pin_list>
<pin id="163" dir="0" index="0" bw="4" slack="0"/>
<pin id="164" dir="1" index="1" bw="4" slack="0"/>
</pin_list>
<bind>
<opset="i "/>
</bind>
</comp>

<comp id="172" class="1005" name="p_0_reg_172">
<pin_list>
<pin id="173" dir="0" index="0" bw="1" slack="1"/>
<pin id="174" dir="1" index="1" bw="1" slack="1"/>
</pin_list>
<bind>
<opset="p_0 "/>
</bind>
</comp>

</comp_list>

<net_list>
<net id="55"><net_src comp="18" pin="0"/><net_sink comp="52" pin=0"/></net>

<net id="60"><net_src comp="30" pin="0"/><net_sink comp="56" pin=0"/></net>

<net id="61"><net_src comp="14" pin="0"/><net_sink comp="56" pin=1"/></net>

<net id="66"><net_src comp="30" pin="0"/><net_sink comp="62" pin=0"/></net>

<net id="67"><net_src comp="12" pin="0"/><net_sink comp="62" pin=1"/></net>

<net id="72"><net_src comp="30" pin="0"/><net_sink comp="68" pin=0"/></net>

<net id="73"><net_src comp="10" pin="0"/><net_sink comp="68" pin=1"/></net>

<net id="78"><net_src comp="30" pin="0"/><net_sink comp="74" pin=0"/></net>

<net id="79"><net_src comp="8" pin="0"/><net_sink comp="74" pin=1"/></net>

<net id="84"><net_src comp="30" pin="0"/><net_sink comp="80" pin=0"/></net>

<net id="85"><net_src comp="6" pin="0"/><net_sink comp="80" pin=1"/></net>

<net id="90"><net_src comp="30" pin="0"/><net_sink comp="86" pin=0"/></net>

<net id="91"><net_src comp="4" pin="0"/><net_sink comp="86" pin=1"/></net>

<net id="96"><net_src comp="30" pin="0"/><net_sink comp="92" pin=0"/></net>

<net id="97"><net_src comp="2" pin="0"/><net_sink comp="92" pin=1"/></net>

<net id="102"><net_src comp="30" pin="0"/><net_sink comp="98" pin=0"/></net>

<net id="103"><net_src comp="0" pin="0"/><net_sink comp="98" pin=1"/></net>

<net id="109"><net_src comp="50" pin="0"/><net_sink comp="104" pin=0"/></net>

<net id="110"><net_src comp="16" pin="0"/><net_sink comp="104" pin=1"/></net>

<net id="115"><net_src comp="32" pin="0"/><net_sink comp="111" pin=0"/></net>

<net id="123"><net_src comp="116" pin="1"/><net_sink comp="119" pin=0"/></net>

<net id="124"><net_src comp="34" pin="0"/><net_sink comp="119" pin=1"/></net>

<net id="129"><net_src comp="116" pin="1"/><net_sink comp="125" pin=0"/></net>

<net id="130"><net_src comp="36" pin="0"/><net_sink comp="125" pin=1"/></net>

<net id="134"><net_src comp="116" pin="1"/><net_sink comp="131" pin=0"/></net>

<net id="147"><net_src comp="38" pin="0"/><net_sink comp="135" pin=0"/></net>

<net id="148"><net_src comp="98" pin="2"/><net_sink comp="135" pin=1"/></net>

<net id="149"><net_src comp="92" pin="2"/><net_sink comp="135" pin=2"/></net>

<net id="150"><net_src comp="86" pin="2"/><net_sink comp="135" pin=3"/></net>

<net id="151"><net_src comp="80" pin="2"/><net_sink comp="135" pin=4"/></net>

<net id="152"><net_src comp="74" pin="2"/><net_sink comp="135" pin=5"/></net>

<net id="153"><net_src comp="68" pin="2"/><net_sink comp="135" pin=6"/></net>

<net id="154"><net_src comp="62" pin="2"/><net_sink comp="135" pin=7"/></net>

<net id="155"><net_src comp="56" pin="2"/><net_sink comp="135" pin=8"/></net>

<net id="156"><net_src comp="131" pin="1"/><net_sink comp="135" pin=9"/></net>

<net id="161"><net_src comp="125" pin="2"/><net_sink comp="157" pin=0"/></net>

<net id="165"><net_src comp="52" pin="1"/><net_sink comp="162" pin=0"/></net>

<net id="166"><net_src comp="162" pin="1"/><net_sink comp="111" pin=1"/></net>

<net id="167"><net_src comp="162" pin="1"/><net_sink comp="116" pin=0"/></net>

<net id="168"><net_src comp="162" pin="1"/><net_sink comp="157" pin=1"/></net>

<net id="175"><net_src comp="135" pin="10"/><net_sink comp="172" pin=0"/></net>

<net id="176"><net_src comp="172" pin="1"/><net_sink comp="104" pin=2"/></net>

</net_list>

</model> 
---------------- Datapath Model END ------------------

* FSMD analyzer results:
  - Output states:
	Port: in_stream | {2 }
 - Input state : 
	Port: fc_finn_top_Pipeline_VITIS_LOOP_44_1 : in_0_load | {1 }
	Port: fc_finn_top_Pipeline_VITIS_LOOP_44_1 : in_1_load | {1 }
	Port: fc_finn_top_Pipeline_VITIS_LOOP_44_1 : in_2_load | {1 }
	Port: fc_finn_top_Pipeline_VITIS_LOOP_44_1 : in_3_load | {1 }
	Port: fc_finn_top_Pipeline_VITIS_LOOP_44_1 : in_4_load | {1 }
	Port: fc_finn_top_Pipeline_VITIS_LOOP_44_1 : in_5_load | {1 }
	Port: fc_finn_top_Pipeline_VITIS_LOOP_44_1 : in_6_load | {1 }
	Port: fc_finn_top_Pipeline_VITIS_LOOP_44_1 : in_7_load | {1 }
  - Chain level:
	State 1
		store_ln0 : 1
		i_2 : 1
		icmp_ln44 : 2
		add_ln44 : 2
		br_ln44 : 3
		trunc_ln44 : 2
		p_0 : 3
		store_ln44 : 3
	State 2


============================================================
+ Verbose Summary: Datapath Resource usage 
============================================================

* Functional unit list:
|----------|---------------------------|---------|---------|
| Operation|      Functional Unit      |    FF   |   LUT   |
|----------|---------------------------|---------|---------|
|    mux   |         p_0_fu_135        |    0    |    43   |
|----------|---------------------------|---------|---------|
|   icmp   |      icmp_ln44_fu_119     |    0    |    12   |
|----------|---------------------------|---------|---------|
|    add   |      add_ln44_fu_125      |    0    |    12   |
|----------|---------------------------|---------|---------|
|          | in_7_load_read_read_fu_56 |    0    |    0    |
|          | in_6_load_read_read_fu_62 |    0    |    0    |
|          | in_5_load_read_read_fu_68 |    0    |    0    |
|   read   | in_4_load_read_read_fu_74 |    0    |    0    |
|          | in_3_load_read_read_fu_80 |    0    |    0    |
|          | in_2_load_read_read_fu_86 |    0    |    0    |
|          | in_1_load_read_read_fu_92 |    0    |    0    |
|          | in_0_load_read_read_fu_98 |    0    |    0    |
|----------|---------------------------|---------|---------|
|   write  |  write_ln46_write_fu_104  |    0    |    0    |
|----------|---------------------------|---------|---------|
|   trunc  |     trunc_ln44_fu_131     |    0    |    0    |
|----------|---------------------------|---------|---------|
|   Total  |                           |    0    |    67   |
|----------|---------------------------|---------|---------|

Memories:
N/A

* Register list:
+-----------+--------+
|           |   FF   |
+-----------+--------+
| i_reg_162 |    4   |
|p_0_reg_172|    1   |
+-----------+--------+
|   Total   |    5   |
+-----------+--------+

* Multiplexer (MUX) list: 
|--------|------|------|------|--------|
|  Comp  |  Pin | Size |  BW  | S x BW |
|--------|------|------|------|--------|
|  Total |      |      |      |    0   |
|--------|------|------|------|--------|



* Summary:
+-----------+--------+--------+
|           |   FF   |   LUT  |
+-----------+--------+--------+
|  Function |    0   |   67   |
|   Memory  |    -   |    -   |
|Multiplexer|    -   |    -   |
|  Register |    5   |    -   |
+-----------+--------+--------+
|   Total   |    5   |   67   |
+-----------+--------+--------+
