

================================================================
== Vitis HLS Report for 'fc_finn_top_Pipeline_VITIS_LOOP_131_1'
================================================================
* Date:           Thu Apr 23 02:33:03 2026

* Version:        2023.1 (Build 3854077 on May  4 2023)
* Project:        fc_finn_prj
* Solution:       xcvu9p-flga2577-2-e (Vivado IP Flow Target)
* Product family: virtexuplus
* Target device:  xcvu9p-flga2577-2-e


================================================================
== Performance Estimates
================================================================
+ Timing: 
    * Summary: 
    +--------+----------+----------+------------+
    |  Clock |  Target  | Estimated| Uncertainty|
    +--------+----------+----------+------------+
    |ap_clk  |  10.00 ns|  3.658 ns|     2.70 ns|
    +--------+----------+----------+------------+

+ Latency: 
    * Summary: 
    +---------+---------+----------+----------+-----+-----+---------+
    |  Latency (cycles) |  Latency (absolute) |  Interval | Pipeline|
    |   min   |   max   |    min   |    max   | min | max |   Type  |
    +---------+---------+----------+----------+-----+-----+---------+
    |       34|       34|  0.340 us|  0.340 us|   34|   34|       no|
    +---------+---------+----------+----------+-----+-----+---------+

    + Detail: 
        * Instance: 
        N/A

        * Loop: 
        +--------------------+---------+---------+----------+-----------+-----------+------+----------+
        |                    |  Latency (cycles) | Iteration|  Initiation Interval  | Trip |          |
        |      Loop Name     |   min   |   max   |  Latency |  achieved |   target  | Count| Pipelined|
        +--------------------+---------+---------+----------+-----------+-----------+------+----------+
        |- VITIS_LOOP_131_1  |       32|       32|         2|          1|          1|    32|       yes|
        +--------------------+---------+---------+----------+-----------+-----------+------+----------+

============================================================
+ Verbose Summary: Synthesis Manager
============================================================
InlineROM: 1
ExposeGlobal: 0
============================================================
+ Verbose Summary: CDFG Model
============================================================
IsTopModel: 0
ResetActiveHigh: 1
IsCombinational: 0
IsDatapathOnly: 0
HasWiredReturn: 1
HasMFsm: 2
HasVarLatency: 1
IsPipeline: 0
IsRtlPipelined: 0
IsInstanceOverlapped: 0
IsDontTouch: 0
HasImplIP: 0
IsGatedGlobalClock: 0

+ Individual pipeline summary: 
  * Pipeline-0: initiation interval (II) = 1, depth = 3


============================================================
+ Verbose Summary: Schedule
============================================================
* Number of FSM states : 3
* Pipeline : 1
  Pipeline-0 : II = 1, D = 3, States = { 1 2 3 }
* Dataflow Pipeline: 0

* FSM state transitions: 
1 --> 2 
2 --> 3 
3 --> 

* FSM state operations: 

State 1 <SV = 0> <Delay = 0.41>
ST_1 : Operation 5 [1/1] (0.00ns)   --->   "%sf = alloca i32 1"   --->   Operation 5 'alloca' 'sf' <Predicate = true> <Delay = 0.00>
ST_1 : Operation 6 [1/1] (0.00ns)   --->   "%tile = alloca i32 1"   --->   Operation 6 'alloca' 'tile' <Predicate = true> <Delay = 0.00>
ST_1 : Operation 7 [1/1] (0.00ns)   --->   "%i_1 = alloca i32 1"   --->   Operation 7 'alloca' 'i_1' <Predicate = true> <Delay = 0.00>
ST_1 : Operation 8 [1/1] (0.00ns)   --->   "%conv_i2_i13_i = alloca i32 1"   --->   Operation 8 'alloca' 'conv_i2_i13_i' <Predicate = true> <Delay = 0.00>
ST_1 : Operation 9 [1/1] (0.00ns)   --->   "%inputBuf = alloca i32 1"   --->   Operation 9 'alloca' 'inputBuf' <Predicate = true> <Delay = 0.00>
ST_1 : Operation 10 [1/1] (0.00ns)   --->   "%inputBuf_1 = alloca i32 1"   --->   Operation 10 'alloca' 'inputBuf_1' <Predicate = true> <Delay = 0.00>
ST_1 : Operation 11 [1/1] (0.00ns)   --->   "%inputBuf_2 = alloca i32 1"   --->   Operation 11 'alloca' 'inputBuf_2' <Predicate = true> <Delay = 0.00>
ST_1 : Operation 12 [1/1] (0.00ns)   --->   "%inputBuf_3 = alloca i32 1"   --->   Operation 12 'alloca' 'inputBuf_3' <Predicate = true> <Delay = 0.00>
ST_1 : Operation 13 [1/1] (0.00ns)   --->   "%inputBuf_4 = alloca i32 1"   --->   Operation 13 'alloca' 'inputBuf_4' <Predicate = true> <Delay = 0.00>
ST_1 : Operation 14 [1/1] (0.00ns)   --->   "%inputBuf_5 = alloca i32 1"   --->   Operation 14 'alloca' 'inputBuf_5' <Predicate = true> <Delay = 0.00>
ST_1 : Operation 15 [1/1] (0.00ns)   --->   "%inputBuf_6 = alloca i32 1"   --->   Operation 15 'alloca' 'inputBuf_6' <Predicate = true> <Delay = 0.00>
ST_1 : Operation 16 [1/1] (0.00ns)   --->   "%inputBuf_7 = alloca i32 1"   --->   Operation 16 'alloca' 'inputBuf_7' <Predicate = true> <Delay = 0.00>
ST_1 : Operation 17 [1/1] (0.00ns)   --->   "%nf = alloca i32 1"   --->   Operation 17 'alloca' 'nf' <Predicate = true> <Delay = 0.00>
ST_1 : Operation 18 [1/1] (0.00ns)   --->   "%specinterface_ln0 = specinterface void @_ssdm_op_SpecInterface, i1 %out_stream, void @empty_1, i32 0, i32 0, void @empty_2, i32 0, i32 0, void @empty_2, void @empty_2, void @empty_2, i32 0, i32 0, i32 0, i32 0, void @empty_2, void @empty_2, i32 4294967295, i32 0"   --->   Operation 18 'specinterface' 'specinterface_ln0' <Predicate = true> <Delay = 0.00>
ST_1 : Operation 19 [1/1] (0.00ns)   --->   "%specinterface_ln0 = specinterface void @_ssdm_op_SpecInterface, i1 %in_stream, void @empty_1, i32 0, i32 0, void @empty_2, i32 0, i32 0, void @empty_2, void @empty_2, void @empty_2, i32 0, i32 0, i32 0, i32 0, void @empty_2, void @empty_2, i32 4294967295, i32 0"   --->   Operation 19 'specinterface' 'specinterface_ln0' <Predicate = true> <Delay = 0.00>
ST_1 : Operation 20 [1/1] (0.38ns)   --->   "%store_ln0 = store i32 0, i32 %nf"   --->   Operation 20 'store' 'store_ln0' <Predicate = true> <Delay = 0.38>
ST_1 : Operation 21 [1/1] (0.38ns)   --->   "%store_ln0 = store i6 0, i6 %i_1"   --->   Operation 21 'store' 'store_ln0' <Predicate = true> <Delay = 0.38>
ST_1 : Operation 22 [1/1] (0.41ns)   --->   "%store_ln0 = store i32 0, i32 %tile"   --->   Operation 22 'store' 'store_ln0' <Predicate = true> <Delay = 0.41>
ST_1 : Operation 23 [1/1] (0.38ns)   --->   "%store_ln0 = store i32 0, i32 %sf"   --->   Operation 23 'store' 'store_ln0' <Predicate = true> <Delay = 0.38>
ST_1 : Operation 24 [1/1] (0.00ns)   --->   "%br_ln0 = br void %for.body.i"   --->   Operation 24 'br' 'br_ln0' <Predicate = true> <Delay = 0.00>

State 2 <SV = 1> <Delay = 2.40>
ST_2 : Operation 25 [1/1] (0.00ns)   --->   "%sf_2 = load i32 %sf" [/home/coder/Documents/s2n2/finn-hlslib-lif/mvau.hpp:123->/home/coder/Desktop/s2n2/convSNN/fc_finn_top.cpp:58]   --->   Operation 25 'load' 'sf_2' <Predicate = true> <Delay = 0.00>
ST_2 : Operation 26 [1/1] (0.00ns)   --->   "%i = load i6 %i_1" [/home/coder/Documents/s2n2/finn-hlslib-lif/mvau.hpp:131->/home/coder/Desktop/s2n2/convSNN/fc_finn_top.cpp:58]   --->   Operation 26 'load' 'i' <Predicate = true> <Delay = 0.00>
ST_2 : Operation 27 [1/1] (0.00ns)   --->   "%nf_3 = load i32 %nf" [/home/coder/Documents/s2n2/finn-hlslib-lif/mvau.hpp:123->/home/coder/Desktop/s2n2/convSNN/fc_finn_top.cpp:58]   --->   Operation 27 'load' 'nf_3' <Predicate = true> <Delay = 0.00>
ST_2 : Operation 28 [1/1] (0.70ns)   --->   "%icmp_ln131 = icmp_eq  i6 %i, i6 32" [/home/coder/Documents/s2n2/finn-hlslib-lif/mvau.hpp:131->/home/coder/Desktop/s2n2/convSNN/fc_finn_top.cpp:58]   --->   Operation 28 'icmp' 'icmp_ln131' <Predicate = true> <Delay = 0.70> <CoreInst = "Cmp">   --->   Core 9 'Cmp' <Latency = 0> <II = 1> <Delay = 0.70> <FuncUnit> <Opcode : 'icmp'> <InPorts = 2> <OutPorts = 1>
ST_2 : Operation 29 [1/1] (0.70ns)   --->   "%i_3 = add i6 %i, i6 1" [/home/coder/Documents/s2n2/finn-hlslib-lif/mvau.hpp:131->/home/coder/Desktop/s2n2/convSNN/fc_finn_top.cpp:58]   --->   Operation 29 'add' 'i_3' <Predicate = true> <Delay = 0.70> <CoreInst = "Adder">   --->   Core 1 'Adder' <Latency = 0> <II = 1> <Delay = 0.70> <FuncUnit> <Opcode : 'add' 'sub'> <InPorts = 2> <OutPorts = 1>
ST_2 : Operation 30 [1/1] (0.00ns)   --->   "%br_ln131 = br i1 %icmp_ln131, void %for.body.i.split, void %for.inc10.preheader.exitStub" [/home/coder/Documents/s2n2/finn-hlslib-lif/mvau.hpp:131->/home/coder/Desktop/s2n2/convSNN/fc_finn_top.cpp:58]   --->   Operation 30 'br' 'br_ln131' <Predicate = true> <Delay = 0.00>
ST_2 : Operation 31 [1/1] (0.00ns)   --->   "%specpipeline_ln132 = specpipeline void @_ssdm_op_SpecPipeline, i32 1, i32 0, i32 0, i32 0, void @empty_2" [/home/coder/Documents/s2n2/finn-hlslib-lif/mvau.hpp:132->/home/coder/Desktop/s2n2/convSNN/fc_finn_top.cpp:58]   --->   Operation 31 'specpipeline' 'specpipeline_ln132' <Predicate = (!icmp_ln131)> <Delay = 0.00>
ST_2 : Operation 32 [1/1] (0.00ns)   --->   "%speclooptripcount_ln111 = speclooptripcount void @_ssdm_op_SpecLoopTripCount, i64 32, i64 32, i64 32" [/home/coder/Documents/s2n2/finn-hlslib-lif/mvau.hpp:111->/home/coder/Desktop/s2n2/convSNN/fc_finn_top.cpp:58]   --->   Operation 32 'speclooptripcount' 'speclooptripcount_ln111' <Predicate = (!icmp_ln131)> <Delay = 0.00>
ST_2 : Operation 33 [1/1] (0.00ns)   --->   "%specloopname_ln131 = specloopname void @_ssdm_op_SpecLoopName, void @empty_5" [/home/coder/Documents/s2n2/finn-hlslib-lif/mvau.hpp:131->/home/coder/Desktop/s2n2/convSNN/fc_finn_top.cpp:58]   --->   Operation 33 'specloopname' 'specloopname_ln131' <Predicate = (!icmp_ln131)> <Delay = 0.00>
ST_2 : Operation 34 [1/1] (0.00ns)   --->   "%trunc_ln123 = trunc i32 %sf_2" [/home/coder/Documents/s2n2/finn-hlslib-lif/mvau.hpp:123->/home/coder/Desktop/s2n2/convSNN/fc_finn_top.cpp:58]   --->   Operation 34 'trunc' 'trunc_ln123' <Predicate = (!icmp_ln131)> <Delay = 0.00>
ST_2 : Operation 35 [1/1] (0.00ns)   --->   "%trunc_ln123_1 = trunc i32 %nf_3" [/home/coder/Documents/s2n2/finn-hlslib-lif/mvau.hpp:123->/home/coder/Desktop/s2n2/convSNN/fc_finn_top.cpp:58]   --->   Operation 35 'trunc' 'trunc_ln123_1' <Predicate = (!icmp_ln131)> <Delay = 0.00>
ST_2 : Operation 36 [1/1] (0.88ns)   --->   "%icmp_ln134 = icmp_eq  i32 %nf_3, i32 0" [/home/coder/Documents/s2n2/finn-hlslib-lif/mvau.hpp:134->/home/coder/Desktop/s2n2/convSNN/fc_finn_top.cpp:58]   --->   Operation 36 'icmp' 'icmp_ln134' <Predicate = (!icmp_ln131)> <Delay = 0.88> <CoreInst = "Cmp">   --->   Core 9 'Cmp' <Latency = 0> <II = 1> <Delay = 0.88> <FuncUnit> <Opcode : 'icmp'> <InPorts = 2> <OutPorts = 1>
ST_2 : Operation 37 [1/1] (0.00ns)   --->   "%br_ln134 = br i1 %icmp_ln134, void %if.else.i, void %if.then.i" [/home/coder/Documents/s2n2/finn-hlslib-lif/mvau.hpp:134->/home/coder/Desktop/s2n2/convSNN/fc_finn_top.cpp:58]   --->   Operation 37 'br' 'br_ln134' <Predicate = (!icmp_ln131)> <Delay = 0.00>
ST_2 : Operation 38 [1/1] (0.00ns)   --->   "%tile_load = load i32 %tile" [/home/coder/Documents/s2n2/finn-hlslib-lif/mvau.hpp:171->/home/coder/Desktop/s2n2/convSNN/fc_finn_top.cpp:58]   --->   Operation 38 'load' 'tile_load' <Predicate = (!icmp_ln131)> <Delay = 0.00>
ST_2 : Operation 39 [1/1] (0.88ns)   --->   "%icmp_ln149 = icmp_eq  i32 %sf_2, i32 0" [/home/coder/Documents/s2n2/finn-hlslib-lif/mvau.hpp:149->/home/coder/Desktop/s2n2/convSNN/fc_finn_top.cpp:58]   --->   Operation 39 'icmp' 'icmp_ln149' <Predicate = (!icmp_ln131)> <Delay = 0.88> <CoreInst = "Cmp">   --->   Core 9 'Cmp' <Latency = 0> <II = 1> <Delay = 0.88> <FuncUnit> <Opcode : 'icmp'> <InPorts = 2> <OutPorts = 1>
ST_2 : Operation 40 [1/1] (0.00ns)   --->   "%idxprom4_i_i = zext i32 %tile_load" [/home/coder/Documents/s2n2/finn-hlslib-lif/mvau.hpp:171->/home/coder/Desktop/s2n2/convSNN/fc_finn_top.cpp:58]   --->   Operation 40 'zext' 'idxprom4_i_i' <Predicate = (!icmp_ln131)> <Delay = 0.00>
ST_2 : Operation 41 [1/1] (0.00ns)   --->   "%fc_weights_0_addr = getelementptr i2 %fc_weights_0, i64 0, i64 %idxprom4_i_i" [/home/coder/Documents/s2n2/finn-hlslib-lif/mvau.hpp:171->/home/coder/Desktop/s2n2/convSNN/fc_finn_top.cpp:58]   --->   Operation 41 'getelementptr' 'fc_weights_0_addr' <Predicate = (!icmp_ln131)> <Delay = 0.00>
ST_2 : Operation 42 [2/2] (0.63ns)   --->   "%value = load i5 %fc_weights_0_addr" [/home/coder/Documents/s2n2/finn-hlslib-lif/weights.hpp:204->/home/coder/Documents/s2n2/finn-hlslib-lif/mvau.hpp:165->/home/coder/Desktop/s2n2/convSNN/fc_finn_top.cpp:58]   --->   Operation 42 'load' 'value' <Predicate = (!icmp_ln131)> <Delay = 0.63> <CoreInst = "RAM">   --->   Core 83 'RAM' <Latency = 1> <II = 1> <Delay = 0.63> <Storage> <Opcode : 'load' 'store'> <Ports = 2> <Width = 2> <Depth = 32> <RAM>
ST_2 : Operation 43 [1/1] (0.88ns)   --->   "%tile_1 = add i32 %tile_load, i32 1" [/home/coder/Documents/s2n2/finn-hlslib-lif/mvau.hpp:171->/home/coder/Desktop/s2n2/convSNN/fc_finn_top.cpp:58]   --->   Operation 43 'add' 'tile_1' <Predicate = (!icmp_ln131)> <Delay = 0.88> <CoreInst = "Adder">   --->   Core 1 'Adder' <Latency = 0> <II = 1> <Delay = 0.88> <FuncUnit> <Opcode : 'add' 'sub'> <InPorts = 2> <OutPorts = 1>
ST_2 : Operation 44 [1/1] (0.88ns)   --->   "%sf_3 = add i32 %sf_2, i32 1" [/home/coder/Documents/s2n2/finn-hlslib-lif/mvau.hpp:172->/home/coder/Desktop/s2n2/convSNN/fc_finn_top.cpp:58]   --->   Operation 44 'add' 'sf_3' <Predicate = (!icmp_ln131)> <Delay = 0.88> <CoreInst = "Adder">   --->   Core 1 'Adder' <Latency = 0> <II = 1> <Delay = 0.88> <FuncUnit> <Opcode : 'add' 'sub'> <InPorts = 2> <OutPorts = 1>
ST_2 : Operation 45 [1/1] (0.88ns)   --->   "%icmp_ln172 = icmp_eq  i32 %sf_3, i32 8" [/home/coder/Documents/s2n2/finn-hlslib-lif/mvau.hpp:172->/home/coder/Desktop/s2n2/convSNN/fc_finn_top.cpp:58]   --->   Operation 45 'icmp' 'icmp_ln172' <Predicate = (!icmp_ln131)> <Delay = 0.88> <CoreInst = "Cmp">   --->   Core 9 'Cmp' <Latency = 0> <II = 1> <Delay = 0.88> <FuncUnit> <Opcode : 'icmp'> <InPorts = 2> <OutPorts = 1>
ST_2 : Operation 46 [1/1] (0.00ns)   --->   "%br_ln172 = br i1 %icmp_ln172, void %if.end.i_ifconv.for.inc93.i_crit_edge, void %for.body57.i" [/home/coder/Documents/s2n2/finn-hlslib-lif/mvau.hpp:172->/home/coder/Desktop/s2n2/convSNN/fc_finn_top.cpp:58]   --->   Operation 46 'br' 'br_ln172' <Predicate = (!icmp_ln131)> <Delay = 0.00>
ST_2 : Operation 47 [1/1] (0.41ns)   --->   "%store_ln172 = store i32 %tile_1, i32 %tile" [/home/coder/Documents/s2n2/finn-hlslib-lif/mvau.hpp:172->/home/coder/Desktop/s2n2/convSNN/fc_finn_top.cpp:58]   --->   Operation 47 'store' 'store_ln172' <Predicate = (!icmp_ln131 & !icmp_ln172)> <Delay = 0.41>
ST_2 : Operation 48 [1/1] (0.38ns)   --->   "%store_ln172 = store i32 %sf_3, i32 %sf" [/home/coder/Documents/s2n2/finn-hlslib-lif/mvau.hpp:172->/home/coder/Desktop/s2n2/convSNN/fc_finn_top.cpp:58]   --->   Operation 48 'store' 'store_ln172' <Predicate = (!icmp_ln131 & !icmp_ln172)> <Delay = 0.38>
ST_2 : Operation 49 [1/1] (0.00ns)   --->   "%br_ln172 = br void %for.inc93.i" [/home/coder/Documents/s2n2/finn-hlslib-lif/mvau.hpp:172->/home/coder/Desktop/s2n2/convSNN/fc_finn_top.cpp:58]   --->   Operation 49 'br' 'br_ln172' <Predicate = (!icmp_ln131 & !icmp_ln172)> <Delay = 0.00>
ST_2 : Operation 50 [1/1] (0.88ns)   --->   "%nf_4 = add i32 %nf_3, i32 1" [/home/coder/Documents/s2n2/finn-hlslib-lif/mvau.hpp:192->/home/coder/Desktop/s2n2/convSNN/fc_finn_top.cpp:58]   --->   Operation 50 'add' 'nf_4' <Predicate = (!icmp_ln131 & icmp_ln172)> <Delay = 0.88> <CoreInst = "Adder">   --->   Core 1 'Adder' <Latency = 0> <II = 1> <Delay = 0.88> <FuncUnit> <Opcode : 'add' 'sub'> <InPorts = 2> <OutPorts = 1>
ST_2 : Operation 51 [1/1] (0.88ns)   --->   "%icmp_ln192 = icmp_eq  i32 %nf_4, i32 4" [/home/coder/Documents/s2n2/finn-hlslib-lif/mvau.hpp:192->/home/coder/Desktop/s2n2/convSNN/fc_finn_top.cpp:58]   --->   Operation 51 'icmp' 'icmp_ln192' <Predicate = (!icmp_ln131 & icmp_ln172)> <Delay = 0.88> <CoreInst = "Cmp">   --->   Core 9 'Cmp' <Latency = 0> <II = 1> <Delay = 0.88> <FuncUnit> <Opcode : 'icmp'> <InPorts = 2> <OutPorts = 1>
ST_2 : Operation 52 [1/1] (0.22ns)   --->   "%nf_5 = select i1 %icmp_ln192, i32 0, i32 %nf_4" [/home/coder/Documents/s2n2/finn-hlslib-lif/mvau.hpp:192->/home/coder/Desktop/s2n2/convSNN/fc_finn_top.cpp:58]   --->   Operation 52 'select' 'nf_5' <Predicate = (!icmp_ln131 & icmp_ln172)> <Delay = 0.22> <CoreInst = "Sel">   --->   Core 73 'Sel' <Latency = 0> <II = 1> <Delay = 0.22> <FuncUnit> <Opcode : 'select'> <InPorts = 3> <OutPorts = 1>
ST_2 : Operation 53 [1/1] (0.22ns)   --->   "%tile_2 = select i1 %icmp_ln192, i32 0, i32 %tile_1" [/home/coder/Documents/s2n2/finn-hlslib-lif/mvau.hpp:192->/home/coder/Desktop/s2n2/convSNN/fc_finn_top.cpp:58]   --->   Operation 53 'select' 'tile_2' <Predicate = (!icmp_ln131 & icmp_ln172)> <Delay = 0.22> <CoreInst = "Sel">   --->   Core 73 'Sel' <Latency = 0> <II = 1> <Delay = 0.22> <FuncUnit> <Opcode : 'select'> <InPorts = 3> <OutPorts = 1>
ST_2 : Operation 54 [1/1] (0.38ns)   --->   "%store_ln196 = store i32 %nf_5, i32 %nf" [/home/coder/Documents/s2n2/finn-hlslib-lif/mvau.hpp:196->/home/coder/Desktop/s2n2/convSNN/fc_finn_top.cpp:58]   --->   Operation 54 'store' 'store_ln196' <Predicate = (!icmp_ln131 & icmp_ln172)> <Delay = 0.38>
ST_2 : Operation 55 [1/1] (0.41ns)   --->   "%store_ln196 = store i32 %tile_2, i32 %tile" [/home/coder/Documents/s2n2/finn-hlslib-lif/mvau.hpp:196->/home/coder/Desktop/s2n2/convSNN/fc_finn_top.cpp:58]   --->   Operation 55 'store' 'store_ln196' <Predicate = (!icmp_ln131 & icmp_ln172)> <Delay = 0.41>
ST_2 : Operation 56 [1/1] (0.38ns)   --->   "%store_ln196 = store i32 0, i32 %sf" [/home/coder/Documents/s2n2/finn-hlslib-lif/mvau.hpp:196->/home/coder/Desktop/s2n2/convSNN/fc_finn_top.cpp:58]   --->   Operation 56 'store' 'store_ln196' <Predicate = (!icmp_ln131 & icmp_ln172)> <Delay = 0.38>
ST_2 : Operation 57 [1/1] (0.38ns)   --->   "%store_ln131 = store i6 %i_3, i6 %i_1" [/home/coder/Documents/s2n2/finn-hlslib-lif/mvau.hpp:131->/home/coder/Desktop/s2n2/convSNN/fc_finn_top.cpp:58]   --->   Operation 57 'store' 'store_ln131' <Predicate = (!icmp_ln131)> <Delay = 0.38>
ST_2 : Operation 129 [1/1] (0.00ns)   --->   "%ret_ln0 = ret"   --->   Operation 129 'ret' 'ret_ln0' <Predicate = (icmp_ln131)> <Delay = 0.00>

State 3 <SV = 2> <Delay = 3.65>
ST_3 : Operation 58 [1/1] (0.00ns)   --->   "%inputBuf_load = load i1 %inputBuf" [/home/coder/Documents/s2n2/finn-hlslib-lif/mvau.hpp:142->/home/coder/Desktop/s2n2/convSNN/fc_finn_top.cpp:58]   --->   Operation 58 'load' 'inputBuf_load' <Predicate = (!icmp_ln131 & !icmp_ln134)> <Delay = 0.00>
ST_3 : Operation 59 [1/1] (0.00ns)   --->   "%inputBuf_1_load = load i1 %inputBuf_1" [/home/coder/Documents/s2n2/finn-hlslib-lif/mvau.hpp:142->/home/coder/Desktop/s2n2/convSNN/fc_finn_top.cpp:58]   --->   Operation 59 'load' 'inputBuf_1_load' <Predicate = (!icmp_ln131 & !icmp_ln134)> <Delay = 0.00>
ST_3 : Operation 60 [1/1] (0.00ns)   --->   "%inputBuf_2_load = load i1 %inputBuf_2" [/home/coder/Documents/s2n2/finn-hlslib-lif/mvau.hpp:142->/home/coder/Desktop/s2n2/convSNN/fc_finn_top.cpp:58]   --->   Operation 60 'load' 'inputBuf_2_load' <Predicate = (!icmp_ln131 & !icmp_ln134)> <Delay = 0.00>
ST_3 : Operation 61 [1/1] (0.00ns)   --->   "%inputBuf_3_load = load i1 %inputBuf_3" [/home/coder/Documents/s2n2/finn-hlslib-lif/mvau.hpp:142->/home/coder/Desktop/s2n2/convSNN/fc_finn_top.cpp:58]   --->   Operation 61 'load' 'inputBuf_3_load' <Predicate = (!icmp_ln131 & !icmp_ln134)> <Delay = 0.00>
ST_3 : Operation 62 [1/1] (0.00ns)   --->   "%inputBuf_4_load = load i1 %inputBuf_4" [/home/coder/Documents/s2n2/finn-hlslib-lif/mvau.hpp:142->/home/coder/Desktop/s2n2/convSNN/fc_finn_top.cpp:58]   --->   Operation 62 'load' 'inputBuf_4_load' <Predicate = (!icmp_ln131 & !icmp_ln134)> <Delay = 0.00>
ST_3 : Operation 63 [1/1] (0.00ns)   --->   "%inputBuf_5_load = load i1 %inputBuf_5" [/home/coder/Documents/s2n2/finn-hlslib-lif/mvau.hpp:142->/home/coder/Desktop/s2n2/convSNN/fc_finn_top.cpp:58]   --->   Operation 63 'load' 'inputBuf_5_load' <Predicate = (!icmp_ln131 & !icmp_ln134)> <Delay = 0.00>
ST_3 : Operation 64 [1/1] (0.00ns)   --->   "%inputBuf_6_load = load i1 %inputBuf_6" [/home/coder/Documents/s2n2/finn-hlslib-lif/mvau.hpp:142->/home/coder/Desktop/s2n2/convSNN/fc_finn_top.cpp:58]   --->   Operation 64 'load' 'inputBuf_6_load' <Predicate = (!icmp_ln131 & !icmp_ln134)> <Delay = 0.00>
ST_3 : Operation 65 [1/1] (0.00ns)   --->   "%inputBuf_7_load = load i1 %inputBuf_7" [/home/coder/Documents/s2n2/finn-hlslib-lif/mvau.hpp:142->/home/coder/Desktop/s2n2/convSNN/fc_finn_top.cpp:58]   --->   Operation 65 'load' 'inputBuf_7_load' <Predicate = (!icmp_ln131 & !icmp_ln134)> <Delay = 0.00>
ST_3 : Operation 66 [1/1] (0.58ns)   --->   "%inElem_1 = mux i1 @_ssdm_op_Mux.ap_auto.8i1.i3, i1 %inputBuf_load, i1 %inputBuf_1_load, i1 %inputBuf_2_load, i1 %inputBuf_3_load, i1 %inputBuf_4_load, i1 %inputBuf_5_load, i1 %inputBuf_6_load, i1 %inputBuf_7_load, i3 %trunc_ln123" [/home/coder/Documents/s2n2/finn-hlslib-lif/mvau.hpp:142->/home/coder/Desktop/s2n2/convSNN/fc_finn_top.cpp:58]   --->   Operation 66 'mux' 'inElem_1' <Predicate = (!icmp_ln131 & !icmp_ln134)> <Delay = 0.58> <CoreInst = "Multiplexer">   --->   Core 76 'Multiplexer' <Latency = 0> <II = 1> <Delay = 0.58> <FuncUnit> <Opcode : 'mux'> <InPorts = 2> <OutPorts = 1>
ST_3 : Operation 67 [1/1] (0.38ns)   --->   "%br_ln0 = br void %if.end.i_ifconv"   --->   Operation 67 'br' 'br_ln0' <Predicate = (!icmp_ln131 & !icmp_ln134)> <Delay = 0.38>
ST_3 : Operation 68 [1/1] (1.31ns)   --->   "%inputBuf_9 = read i1 @_ssdm_op_Read.ap_fifo.volatile.i1P0A, i1 %in_stream" [/home/coder/Documents/s2n2/finn-hlslib-lif/mvau.hpp:136->/home/coder/Desktop/s2n2/convSNN/fc_finn_top.cpp:58]   --->   Operation 68 'read' 'inputBuf_9' <Predicate = (!icmp_ln131 & icmp_ln134)> <Delay = 1.31> <CoreInst = "FIFO_SRL">   --->   Core 81 'FIFO_SRL' <Latency = 0> <II = 1> <Delay = 1.31> <Storage> <Opcode : 'read' 'write' 'nbread' 'nbwrite'> <Ports = 0> <Width = 1> <Depth = 8> <FIFO>
ST_3 : Operation 69 [1/1] (0.67ns)   --->   "%switch_ln138 = switch i3 %trunc_ln123, void %arrayidx.i.case.7, i3 0, void %if.then.i.if.end.i_ifconv_crit_edge2, i3 1, void %arrayidx.i.case.1, i3 2, void %arrayidx.i.case.2, i3 3, void %arrayidx.i.case.3, i3 4, void %arrayidx.i.case.4, i3 5, void %arrayidx.i.case.5, i3 6, void %if.then.i.if.end.i_ifconv_crit_edge" [/home/coder/Documents/s2n2/finn-hlslib-lif/mvau.hpp:138->/home/coder/Desktop/s2n2/convSNN/fc_finn_top.cpp:58]   --->   Operation 69 'switch' 'switch_ln138' <Predicate = (!icmp_ln131 & icmp_ln134)> <Delay = 0.67>
ST_3 : Operation 70 [1/1] (0.00ns)   --->   "%store_ln138 = store i1 %inputBuf_9, i1 %inputBuf_6" [/home/coder/Documents/s2n2/finn-hlslib-lif/mvau.hpp:138->/home/coder/Desktop/s2n2/convSNN/fc_finn_top.cpp:58]   --->   Operation 70 'store' 'store_ln138' <Predicate = (!icmp_ln131 & icmp_ln134 & trunc_ln123 == 6)> <Delay = 0.00>
ST_3 : Operation 71 [1/1] (0.38ns)   --->   "%br_ln138 = br void %if.end.i_ifconv" [/home/coder/Documents/s2n2/finn-hlslib-lif/mvau.hpp:138->/home/coder/Desktop/s2n2/convSNN/fc_finn_top.cpp:58]   --->   Operation 71 'br' 'br_ln138' <Predicate = (!icmp_ln131 & icmp_ln134 & trunc_ln123 == 6)> <Delay = 0.38>
ST_3 : Operation 72 [1/1] (0.00ns)   --->   "%store_ln138 = store i1 %inputBuf_9, i1 %inputBuf_5" [/home/coder/Documents/s2n2/finn-hlslib-lif/mvau.hpp:138->/home/coder/Desktop/s2n2/convSNN/fc_finn_top.cpp:58]   --->   Operation 72 'store' 'store_ln138' <Predicate = (!icmp_ln131 & icmp_ln134 & trunc_ln123 == 5)> <Delay = 0.00>
ST_3 : Operation 73 [1/1] (0.38ns)   --->   "%br_ln138 = br void %if.end.i_ifconv" [/home/coder/Documents/s2n2/finn-hlslib-lif/mvau.hpp:138->/home/coder/Desktop/s2n2/convSNN/fc_finn_top.cpp:58]   --->   Operation 73 'br' 'br_ln138' <Predicate = (!icmp_ln131 & icmp_ln134 & trunc_ln123 == 5)> <Delay = 0.38>
ST_3 : Operation 74 [1/1] (0.00ns)   --->   "%store_ln138 = store i1 %inputBuf_9, i1 %inputBuf_4" [/home/coder/Documents/s2n2/finn-hlslib-lif/mvau.hpp:138->/home/coder/Desktop/s2n2/convSNN/fc_finn_top.cpp:58]   --->   Operation 74 'store' 'store_ln138' <Predicate = (!icmp_ln131 & icmp_ln134 & trunc_ln123 == 4)> <Delay = 0.00>
ST_3 : Operation 75 [1/1] (0.38ns)   --->   "%br_ln138 = br void %if.end.i_ifconv" [/home/coder/Documents/s2n2/finn-hlslib-lif/mvau.hpp:138->/home/coder/Desktop/s2n2/convSNN/fc_finn_top.cpp:58]   --->   Operation 75 'br' 'br_ln138' <Predicate = (!icmp_ln131 & icmp_ln134 & trunc_ln123 == 4)> <Delay = 0.38>
ST_3 : Operation 76 [1/1] (0.00ns)   --->   "%store_ln138 = store i1 %inputBuf_9, i1 %inputBuf_3" [/home/coder/Documents/s2n2/finn-hlslib-lif/mvau.hpp:138->/home/coder/Desktop/s2n2/convSNN/fc_finn_top.cpp:58]   --->   Operation 76 'store' 'store_ln138' <Predicate = (!icmp_ln131 & icmp_ln134 & trunc_ln123 == 3)> <Delay = 0.00>
ST_3 : Operation 77 [1/1] (0.38ns)   --->   "%br_ln138 = br void %if.end.i_ifconv" [/home/coder/Documents/s2n2/finn-hlslib-lif/mvau.hpp:138->/home/coder/Desktop/s2n2/convSNN/fc_finn_top.cpp:58]   --->   Operation 77 'br' 'br_ln138' <Predicate = (!icmp_ln131 & icmp_ln134 & trunc_ln123 == 3)> <Delay = 0.38>
ST_3 : Operation 78 [1/1] (0.00ns)   --->   "%store_ln138 = store i1 %inputBuf_9, i1 %inputBuf_2" [/home/coder/Documents/s2n2/finn-hlslib-lif/mvau.hpp:138->/home/coder/Desktop/s2n2/convSNN/fc_finn_top.cpp:58]   --->   Operation 78 'store' 'store_ln138' <Predicate = (!icmp_ln131 & icmp_ln134 & trunc_ln123 == 2)> <Delay = 0.00>
ST_3 : Operation 79 [1/1] (0.38ns)   --->   "%br_ln138 = br void %if.end.i_ifconv" [/home/coder/Documents/s2n2/finn-hlslib-lif/mvau.hpp:138->/home/coder/Desktop/s2n2/convSNN/fc_finn_top.cpp:58]   --->   Operation 79 'br' 'br_ln138' <Predicate = (!icmp_ln131 & icmp_ln134 & trunc_ln123 == 2)> <Delay = 0.38>
ST_3 : Operation 80 [1/1] (0.00ns)   --->   "%store_ln138 = store i1 %inputBuf_9, i1 %inputBuf_1" [/home/coder/Documents/s2n2/finn-hlslib-lif/mvau.hpp:138->/home/coder/Desktop/s2n2/convSNN/fc_finn_top.cpp:58]   --->   Operation 80 'store' 'store_ln138' <Predicate = (!icmp_ln131 & icmp_ln134 & trunc_ln123 == 1)> <Delay = 0.00>
ST_3 : Operation 81 [1/1] (0.38ns)   --->   "%br_ln138 = br void %if.end.i_ifconv" [/home/coder/Documents/s2n2/finn-hlslib-lif/mvau.hpp:138->/home/coder/Desktop/s2n2/convSNN/fc_finn_top.cpp:58]   --->   Operation 81 'br' 'br_ln138' <Predicate = (!icmp_ln131 & icmp_ln134 & trunc_ln123 == 1)> <Delay = 0.38>
ST_3 : Operation 82 [1/1] (0.00ns)   --->   "%store_ln138 = store i1 %inputBuf_9, i1 %inputBuf" [/home/coder/Documents/s2n2/finn-hlslib-lif/mvau.hpp:138->/home/coder/Desktop/s2n2/convSNN/fc_finn_top.cpp:58]   --->   Operation 82 'store' 'store_ln138' <Predicate = (!icmp_ln131 & icmp_ln134 & trunc_ln123 == 0)> <Delay = 0.00>
ST_3 : Operation 83 [1/1] (0.38ns)   --->   "%br_ln138 = br void %if.end.i_ifconv" [/home/coder/Documents/s2n2/finn-hlslib-lif/mvau.hpp:138->/home/coder/Desktop/s2n2/convSNN/fc_finn_top.cpp:58]   --->   Operation 83 'br' 'br_ln138' <Predicate = (!icmp_ln131 & icmp_ln134 & trunc_ln123 == 0)> <Delay = 0.38>
ST_3 : Operation 84 [1/1] (0.00ns)   --->   "%store_ln138 = store i1 %inputBuf_9, i1 %inputBuf_7" [/home/coder/Documents/s2n2/finn-hlslib-lif/mvau.hpp:138->/home/coder/Desktop/s2n2/convSNN/fc_finn_top.cpp:58]   --->   Operation 84 'store' 'store_ln138' <Predicate = (!icmp_ln131 & icmp_ln134 & trunc_ln123 == 7)> <Delay = 0.00>
ST_3 : Operation 85 [1/1] (0.38ns)   --->   "%br_ln138 = br void %if.end.i_ifconv" [/home/coder/Documents/s2n2/finn-hlslib-lif/mvau.hpp:138->/home/coder/Desktop/s2n2/convSNN/fc_finn_top.cpp:58]   --->   Operation 85 'br' 'br_ln138' <Predicate = (!icmp_ln131 & icmp_ln134 & trunc_ln123 == 7)> <Delay = 0.38>
ST_3 : Operation 86 [1/1] (0.00ns)   --->   "%inElem = phi i1 %inElem_1, void %if.else.i, i1 %inputBuf_9, void %arrayidx.i.case.7, i1 %inputBuf_9, void %arrayidx.i.case.5, i1 %inputBuf_9, void %arrayidx.i.case.4, i1 %inputBuf_9, void %arrayidx.i.case.3, i1 %inputBuf_9, void %arrayidx.i.case.2, i1 %inputBuf_9, void %arrayidx.i.case.1, i1 %inputBuf_9, void %if.then.i.if.end.i_ifconv_crit_edge, i1 %inputBuf_9, void %if.then.i.if.end.i_ifconv_crit_edge2"   --->   Operation 86 'phi' 'inElem' <Predicate = true> <Delay = 0.00>
ST_3 : Operation 87 [1/1] (0.00ns)   --->   "%conv_i2_i13_i_load = load i16 %conv_i2_i13_i" [/home/coder/Documents/s2n2/finn-hlslib-lif/mvau.hpp:149->/home/coder/Desktop/s2n2/convSNN/fc_finn_top.cpp:58]   --->   Operation 87 'load' 'conv_i2_i13_i_load' <Predicate = (!icmp_ln149)> <Delay = 0.00>
ST_3 : Operation 88 [1/1] (0.00ns)   --->   "%void_Matrix_Vector_Activate_Batch_stream_stream_FixedPointWeightsSp_const_int_4 = load i16 %void_Matrix_Vector_Activate_Batch_stream_stream_FixedPointWeightsSp_const_int_3" [/home/coder/Documents/s2n2/finn-hlslib-lif/mvau.hpp:153->/home/coder/Desktop/s2n2/convSNN/fc_finn_top.cpp:58]   --->   Operation 88 'load' 'void_Matrix_Vector_Activate_Batch_stream_stream_FixedPointWeightsSp_const_int_4' <Predicate = (icmp_ln149)> <Delay = 0.00>
ST_3 : Operation 89 [1/1] (0.00ns)   --->   "%void_Matrix_Vector_Activate_Batch_stream_stream_FixedPointWeightsSp_const_int_5 = load i16 %void_Matrix_Vector_Activate_Batch_stream_stream_FixedPointWeightsSp_const_int_2" [/home/coder/Documents/s2n2/finn-hlslib-lif/mvau.hpp:153->/home/coder/Desktop/s2n2/convSNN/fc_finn_top.cpp:58]   --->   Operation 89 'load' 'void_Matrix_Vector_Activate_Batch_stream_stream_FixedPointWeightsSp_const_int_5' <Predicate = (icmp_ln149)> <Delay = 0.00>
ST_3 : Operation 90 [1/1] (0.00ns)   --->   "%void_Matrix_Vector_Activate_Batch_stream_stream_FixedPointWeightsSp_const_int_6 = load i16 %void_Matrix_Vector_Activate_Batch_stream_stream_FixedPointWeightsSp_const_int_1" [/home/coder/Documents/s2n2/finn-hlslib-lif/mvau.hpp:153->/home/coder/Desktop/s2n2/convSNN/fc_finn_top.cpp:58]   --->   Operation 90 'load' 'void_Matrix_Vector_Activate_Batch_stream_stream_FixedPointWeightsSp_const_int_6' <Predicate = (icmp_ln149)> <Delay = 0.00>
ST_3 : Operation 91 [1/1] (0.00ns)   --->   "%void_Matrix_Vector_Activate_Batch_stream_stream_FixedPointWeightsSp_const_int_7 = load i16 %void_Matrix_Vector_Activate_Batch_stream_stream_FixedPointWeightsSp_const_int" [/home/coder/Documents/s2n2/finn-hlslib-lif/mvau.hpp:153->/home/coder/Desktop/s2n2/convSNN/fc_finn_top.cpp:58]   --->   Operation 91 'load' 'void_Matrix_Vector_Activate_Batch_stream_stream_FixedPointWeightsSp_const_int_7' <Predicate = (icmp_ln149)> <Delay = 0.00>
ST_3 : Operation 92 [1/1] (0.45ns)   --->   "%temp = mux i16 @_ssdm_op_Mux.ap_auto.4i16.i2, i16 %void_Matrix_Vector_Activate_Batch_stream_stream_FixedPointWeightsSp_const_int_4, i16 %void_Matrix_Vector_Activate_Batch_stream_stream_FixedPointWeightsSp_const_int_5, i16 %void_Matrix_Vector_Activate_Batch_stream_stream_FixedPointWeightsSp_const_int_6, i16 %void_Matrix_Vector_Activate_Batch_stream_stream_FixedPointWeightsSp_const_int_7, i2 %trunc_ln123_1" [/home/coder/Documents/s2n2/finn-hlslib-lif/mvau.hpp:153->/home/coder/Desktop/s2n2/convSNN/fc_finn_top.cpp:58]   --->   Operation 92 'mux' 'temp' <Predicate = (icmp_ln149)> <Delay = 0.45> <CoreInst = "Multiplexer">   --->   Core 76 'Multiplexer' <Latency = 0> <II = 1> <Delay = 0.45> <FuncUnit> <Opcode : 'mux'> <InPorts = 2> <OutPorts = 1>
ST_3 : Operation 93 [1/1] (0.00ns)   --->   "%trunc_ln3 = partselect i12 @_ssdm_op_PartSelect.i12.i16.i32.i32, i16 %temp, i32 3, i32 14" [/home/coder/Documents/s2n2/finn-hlslib-lif/mvau.hpp:155->/home/coder/Desktop/s2n2/convSNN/fc_finn_top.cpp:58]   --->   Operation 93 'partselect' 'trunc_ln3' <Predicate = (icmp_ln149)> <Delay = 0.00>
ST_3 : Operation 94 [1/1] (0.00ns)   --->   "%sext_ln155 = sext i12 %trunc_ln3" [/home/coder/Documents/s2n2/finn-hlslib-lif/mvau.hpp:155->/home/coder/Desktop/s2n2/convSNN/fc_finn_top.cpp:58]   --->   Operation 94 'sext' 'sext_ln155' <Predicate = (icmp_ln149)> <Delay = 0.00>
ST_3 : Operation 95 [1/1] (0.78ns)   --->   "%temp_1 = sub i16 %temp, i16 %sext_ln155" [/home/coder/Documents/s2n2/finn-hlslib-lif/mvau.hpp:155->/home/coder/Desktop/s2n2/convSNN/fc_finn_top.cpp:58]   --->   Operation 95 'sub' 'temp_1' <Predicate = (icmp_ln149)> <Delay = 0.78> <CoreInst = "Adder">   --->   Core 1 'Adder' <Latency = 0> <II = 1> <Delay = 0.78> <FuncUnit> <Opcode : 'add' 'sub'> <InPorts = 2> <OutPorts = 1>
ST_3 : Operation 96 [1/1] (0.00ns) (grouped into LUT with out node add_ln165)   --->   "%select_ln149 = select i1 %icmp_ln149, i16 %temp_1, i16 %conv_i2_i13_i_load" [/home/coder/Documents/s2n2/finn-hlslib-lif/mvau.hpp:149->/home/coder/Desktop/s2n2/convSNN/fc_finn_top.cpp:58]   --->   Operation 96 'select' 'select_ln149' <Predicate = true> <Delay = 0.00> <CoreInst = "Sel">   --->   Core 73 'Sel' <Latency = 0> <II = 1> <Delay = 0.24> <FuncUnit> <Opcode : 'select'> <InPorts = 3> <OutPorts = 1>
ST_3 : Operation 97 [1/2] (0.63ns)   --->   "%value = load i5 %fc_weights_0_addr" [/home/coder/Documents/s2n2/finn-hlslib-lif/weights.hpp:204->/home/coder/Documents/s2n2/finn-hlslib-lif/mvau.hpp:165->/home/coder/Desktop/s2n2/convSNN/fc_finn_top.cpp:58]   --->   Operation 97 'load' 'value' <Predicate = true> <Delay = 0.63> <CoreInst = "RAM">   --->   Core 83 'RAM' <Latency = 1> <II = 1> <Delay = 0.63> <Storage> <Opcode : 'load' 'store'> <Ports = 2> <Width = 2> <Depth = 32> <RAM>
ST_3 : Operation 98 [1/1] (0.00ns) (grouped into LUT with out node add_ln165)   --->   "%temp_3 = select i1 %inElem, i2 %value, i2 0" [/home/coder/Documents/s2n2/finn-hlslib-lif/mvau.hpp:142->/home/coder/Desktop/s2n2/convSNN/fc_finn_top.cpp:58]   --->   Operation 98 'select' 'temp_3' <Predicate = true> <Delay = 0.00> <CoreInst = "Sel">   --->   Core 73 'Sel' <Latency = 0> <II = 1> <Delay = 0.27> <FuncUnit> <Opcode : 'select'> <InPorts = 3> <OutPorts = 1>
ST_3 : Operation 99 [1/1] (0.00ns) (grouped into LUT with out node add_ln165)   --->   "%tmp_2 = bitconcatenate i12 @_ssdm_op_BitConcatenate.i12.i2.i10, i2 %temp_3, i10 0" [/home/coder/Documents/s2n2/finn-hlslib-lif/mvau.hpp:165->/home/coder/Desktop/s2n2/convSNN/fc_finn_top.cpp:58]   --->   Operation 99 'bitconcatenate' 'tmp_2' <Predicate = true> <Delay = 0.00>
ST_3 : Operation 100 [1/1] (0.00ns) (grouped into LUT with out node add_ln165)   --->   "%sext_ln165 = sext i12 %tmp_2" [/home/coder/Documents/s2n2/finn-hlslib-lif/mvau.hpp:165->/home/coder/Desktop/s2n2/convSNN/fc_finn_top.cpp:58]   --->   Operation 100 'sext' 'sext_ln165' <Predicate = true> <Delay = 0.00>
ST_3 : Operation 101 [1/1] (0.78ns) (out node of the LUT)   --->   "%add_ln165 = add i16 %sext_ln165, i16 %select_ln149" [/home/coder/Documents/s2n2/finn-hlslib-lif/mvau.hpp:165->/home/coder/Desktop/s2n2/convSNN/fc_finn_top.cpp:58]   --->   Operation 101 'add' 'add_ln165' <Predicate = true> <Delay = 0.78> <CoreInst = "Adder">   --->   Core 1 'Adder' <Latency = 0> <II = 1> <Delay = 0.78> <FuncUnit> <Opcode : 'add' 'sub'> <InPorts = 2> <OutPorts = 1>
ST_3 : Operation 102 [1/1] (0.78ns)   --->   "%icmp_ln179 = icmp_sgt  i16 %add_ln165, i16 0" [/home/coder/Documents/s2n2/finn-hlslib-lif/mvau.hpp:179->/home/coder/Desktop/s2n2/convSNN/fc_finn_top.cpp:58]   --->   Operation 102 'icmp' 'icmp_ln179' <Predicate = (icmp_ln172)> <Delay = 0.78> <CoreInst = "Cmp">   --->   Core 9 'Cmp' <Latency = 0> <II = 1> <Delay = 0.78> <FuncUnit> <Opcode : 'icmp'> <InPorts = 2> <OutPorts = 1>
ST_3 : Operation 103 [1/1] (0.00ns)   --->   "%br_ln179 = br i1 %icmp_ln179, void %if.else71.i, void %_ZN8ap_fixedILi16ELi6EL9ap_q_mode5EL9ap_o_mode3ELi0EEC2Ei.exit.i" [/home/coder/Documents/s2n2/finn-hlslib-lif/mvau.hpp:179->/home/coder/Desktop/s2n2/convSNN/fc_finn_top.cpp:58]   --->   Operation 103 'br' 'br_ln179' <Predicate = (icmp_ln172)> <Delay = 0.00>
ST_3 : Operation 104 [1/1] (0.66ns)   --->   "%switch_ln184 = switch i2 %trunc_ln123_1, void %arrayidx702.i.case.3, i2 0, void %arrayidx702.i.case.0, i2 1, void %arrayidx702.i.case.1, i2 2, void %arrayidx702.i.case.2" [/home/coder/Documents/s2n2/finn-hlslib-lif/mvau.hpp:184->/home/coder/Desktop/s2n2/convSNN/fc_finn_top.cpp:58]   --->   Operation 104 'switch' 'switch_ln184' <Predicate = (icmp_ln172 & !icmp_ln179)> <Delay = 0.66>
ST_3 : Operation 105 [1/1] (0.38ns)   --->   "%store_ln184 = store i16 %add_ln165, i16 %void_Matrix_Vector_Activate_Batch_stream_stream_FixedPointWeightsSp_const_int_1" [/home/coder/Documents/s2n2/finn-hlslib-lif/mvau.hpp:184->/home/coder/Desktop/s2n2/convSNN/fc_finn_top.cpp:58]   --->   Operation 105 'store' 'store_ln184' <Predicate = (icmp_ln172 & !icmp_ln179 & trunc_ln123_1 == 2)> <Delay = 0.38>
ST_3 : Operation 106 [1/1] (0.00ns)   --->   "%br_ln184 = br void %arrayidx702.i.exit" [/home/coder/Documents/s2n2/finn-hlslib-lif/mvau.hpp:184->/home/coder/Desktop/s2n2/convSNN/fc_finn_top.cpp:58]   --->   Operation 106 'br' 'br_ln184' <Predicate = (icmp_ln172 & !icmp_ln179 & trunc_ln123_1 == 2)> <Delay = 0.00>
ST_3 : Operation 107 [1/1] (0.38ns)   --->   "%store_ln184 = store i16 %add_ln165, i16 %void_Matrix_Vector_Activate_Batch_stream_stream_FixedPointWeightsSp_const_int_2" [/home/coder/Documents/s2n2/finn-hlslib-lif/mvau.hpp:184->/home/coder/Desktop/s2n2/convSNN/fc_finn_top.cpp:58]   --->   Operation 107 'store' 'store_ln184' <Predicate = (icmp_ln172 & !icmp_ln179 & trunc_ln123_1 == 1)> <Delay = 0.38>
ST_3 : Operation 108 [1/1] (0.00ns)   --->   "%br_ln184 = br void %arrayidx702.i.exit" [/home/coder/Documents/s2n2/finn-hlslib-lif/mvau.hpp:184->/home/coder/Desktop/s2n2/convSNN/fc_finn_top.cpp:58]   --->   Operation 108 'br' 'br_ln184' <Predicate = (icmp_ln172 & !icmp_ln179 & trunc_ln123_1 == 1)> <Delay = 0.00>
ST_3 : Operation 109 [1/1] (0.38ns)   --->   "%store_ln184 = store i16 %add_ln165, i16 %void_Matrix_Vector_Activate_Batch_stream_stream_FixedPointWeightsSp_const_int_3" [/home/coder/Documents/s2n2/finn-hlslib-lif/mvau.hpp:184->/home/coder/Desktop/s2n2/convSNN/fc_finn_top.cpp:58]   --->   Operation 109 'store' 'store_ln184' <Predicate = (icmp_ln172 & !icmp_ln179 & trunc_ln123_1 == 0)> <Delay = 0.38>
ST_3 : Operation 110 [1/1] (0.00ns)   --->   "%br_ln184 = br void %arrayidx702.i.exit" [/home/coder/Documents/s2n2/finn-hlslib-lif/mvau.hpp:184->/home/coder/Desktop/s2n2/convSNN/fc_finn_top.cpp:58]   --->   Operation 110 'br' 'br_ln184' <Predicate = (icmp_ln172 & !icmp_ln179 & trunc_ln123_1 == 0)> <Delay = 0.00>
ST_3 : Operation 111 [1/1] (0.38ns)   --->   "%store_ln184 = store i16 %add_ln165, i16 %void_Matrix_Vector_Activate_Batch_stream_stream_FixedPointWeightsSp_const_int" [/home/coder/Documents/s2n2/finn-hlslib-lif/mvau.hpp:184->/home/coder/Desktop/s2n2/convSNN/fc_finn_top.cpp:58]   --->   Operation 111 'store' 'store_ln184' <Predicate = (icmp_ln172 & !icmp_ln179 & trunc_ln123_1 == 3)> <Delay = 0.38>
ST_3 : Operation 112 [1/1] (0.00ns)   --->   "%br_ln184 = br void %arrayidx702.i.exit" [/home/coder/Documents/s2n2/finn-hlslib-lif/mvau.hpp:184->/home/coder/Desktop/s2n2/convSNN/fc_finn_top.cpp:58]   --->   Operation 112 'br' 'br_ln184' <Predicate = (icmp_ln172 & !icmp_ln179 & trunc_ln123_1 == 3)> <Delay = 0.00>
ST_3 : Operation 113 [1/1] (0.38ns)   --->   "%br_ln0 = br void %for.inc83.i"   --->   Operation 113 'br' 'br_ln0' <Predicate = (!icmp_ln131 & icmp_ln172 & !icmp_ln179)> <Delay = 0.38>
ST_3 : Operation 114 [1/1] (0.66ns)   --->   "%switch_ln181 = switch i2 %trunc_ln123_1, void %arrayidx702.i.case.37, i2 0, void %arrayidx702.i.case.04, i2 1, void %arrayidx702.i.case.15, i2 2, void %arrayidx702.i.case.26" [/home/coder/Documents/s2n2/finn-hlslib-lif/mvau.hpp:181->/home/coder/Desktop/s2n2/convSNN/fc_finn_top.cpp:58]   --->   Operation 114 'switch' 'switch_ln181' <Predicate = (icmp_ln172 & icmp_ln179)> <Delay = 0.66>
ST_3 : Operation 115 [1/1] (0.38ns)   --->   "%store_ln181 = store i16 0, i16 %void_Matrix_Vector_Activate_Batch_stream_stream_FixedPointWeightsSp_const_int_1" [/home/coder/Documents/s2n2/finn-hlslib-lif/mvau.hpp:181->/home/coder/Desktop/s2n2/convSNN/fc_finn_top.cpp:58]   --->   Operation 115 'store' 'store_ln181' <Predicate = (icmp_ln172 & icmp_ln179 & trunc_ln123_1 == 2)> <Delay = 0.38>
ST_3 : Operation 116 [1/1] (0.00ns)   --->   "%br_ln181 = br void %arrayidx702.i.exit3" [/home/coder/Documents/s2n2/finn-hlslib-lif/mvau.hpp:181->/home/coder/Desktop/s2n2/convSNN/fc_finn_top.cpp:58]   --->   Operation 116 'br' 'br_ln181' <Predicate = (icmp_ln172 & icmp_ln179 & trunc_ln123_1 == 2)> <Delay = 0.00>
ST_3 : Operation 117 [1/1] (0.38ns)   --->   "%store_ln181 = store i16 0, i16 %void_Matrix_Vector_Activate_Batch_stream_stream_FixedPointWeightsSp_const_int_2" [/home/coder/Documents/s2n2/finn-hlslib-lif/mvau.hpp:181->/home/coder/Desktop/s2n2/convSNN/fc_finn_top.cpp:58]   --->   Operation 117 'store' 'store_ln181' <Predicate = (icmp_ln172 & icmp_ln179 & trunc_ln123_1 == 1)> <Delay = 0.38>
ST_3 : Operation 118 [1/1] (0.00ns)   --->   "%br_ln181 = br void %arrayidx702.i.exit3" [/home/coder/Documents/s2n2/finn-hlslib-lif/mvau.hpp:181->/home/coder/Desktop/s2n2/convSNN/fc_finn_top.cpp:58]   --->   Operation 118 'br' 'br_ln181' <Predicate = (icmp_ln172 & icmp_ln179 & trunc_ln123_1 == 1)> <Delay = 0.00>
ST_3 : Operation 119 [1/1] (0.38ns)   --->   "%store_ln181 = store i16 0, i16 %void_Matrix_Vector_Activate_Batch_stream_stream_FixedPointWeightsSp_const_int_3" [/home/coder/Documents/s2n2/finn-hlslib-lif/mvau.hpp:181->/home/coder/Desktop/s2n2/convSNN/fc_finn_top.cpp:58]   --->   Operation 119 'store' 'store_ln181' <Predicate = (icmp_ln172 & icmp_ln179 & trunc_ln123_1 == 0)> <Delay = 0.38>
ST_3 : Operation 120 [1/1] (0.00ns)   --->   "%br_ln181 = br void %arrayidx702.i.exit3" [/home/coder/Documents/s2n2/finn-hlslib-lif/mvau.hpp:181->/home/coder/Desktop/s2n2/convSNN/fc_finn_top.cpp:58]   --->   Operation 120 'br' 'br_ln181' <Predicate = (icmp_ln172 & icmp_ln179 & trunc_ln123_1 == 0)> <Delay = 0.00>
ST_3 : Operation 121 [1/1] (0.38ns)   --->   "%store_ln181 = store i16 0, i16 %void_Matrix_Vector_Activate_Batch_stream_stream_FixedPointWeightsSp_const_int" [/home/coder/Documents/s2n2/finn-hlslib-lif/mvau.hpp:181->/home/coder/Desktop/s2n2/convSNN/fc_finn_top.cpp:58]   --->   Operation 121 'store' 'store_ln181' <Predicate = (icmp_ln172 & icmp_ln179 & trunc_ln123_1 == 3)> <Delay = 0.38>
ST_3 : Operation 122 [1/1] (0.00ns)   --->   "%br_ln181 = br void %arrayidx702.i.exit3" [/home/coder/Documents/s2n2/finn-hlslib-lif/mvau.hpp:181->/home/coder/Desktop/s2n2/convSNN/fc_finn_top.cpp:58]   --->   Operation 122 'br' 'br_ln181' <Predicate = (icmp_ln172 & icmp_ln179 & trunc_ln123_1 == 3)> <Delay = 0.00>
ST_3 : Operation 123 [1/1] (0.38ns)   --->   "%br_ln182 = br void %for.inc83.i" [/home/coder/Documents/s2n2/finn-hlslib-lif/mvau.hpp:182->/home/coder/Desktop/s2n2/convSNN/fc_finn_top.cpp:58]   --->   Operation 123 'br' 'br_ln182' <Predicate = (!icmp_ln131 & icmp_ln172 & icmp_ln179)> <Delay = 0.38>
ST_3 : Operation 124 [1/1] (0.00ns)   --->   "%outElem = phi i1 1, void %arrayidx702.i.exit3, i1 0, void %arrayidx702.i.exit"   --->   Operation 124 'phi' 'outElem' <Predicate = (icmp_ln172)> <Delay = 0.00>
ST_3 : Operation 125 [1/1] (1.31ns)   --->   "%write_ln187 = write void @_ssdm_op_Write.ap_fifo.volatile.i1P0A, i1 %out_stream, i1 %outElem" [/home/coder/Documents/s2n2/finn-hlslib-lif/mvau.hpp:187->/home/coder/Desktop/s2n2/convSNN/fc_finn_top.cpp:58]   --->   Operation 125 'write' 'write_ln187' <Predicate = (icmp_ln172)> <Delay = 1.31> <CoreInst = "FIFO_SRL">   --->   Core 81 'FIFO_SRL' <Latency = 0> <II = 1> <Delay = 1.31> <Storage> <Opcode : 'read' 'write' 'nbread' 'nbwrite'> <Ports = 0> <Width = 1> <Depth = 8> <FIFO>
ST_3 : Operation 126 [1/1] (0.00ns)   --->   "%br_ln196 = br void %for.inc93.i" [/home/coder/Documents/s2n2/finn-hlslib-lif/mvau.hpp:196->/home/coder/Desktop/s2n2/convSNN/fc_finn_top.cpp:58]   --->   Operation 126 'br' 'br_ln196' <Predicate = (icmp_ln172)> <Delay = 0.00>
ST_3 : Operation 127 [1/1] (0.00ns)   --->   "%store_ln131 = store i16 %add_ln165, i16 %conv_i2_i13_i" [/home/coder/Documents/s2n2/finn-hlslib-lif/mvau.hpp:131->/home/coder/Desktop/s2n2/convSNN/fc_finn_top.cpp:58]   --->   Operation 127 'store' 'store_ln131' <Predicate = true> <Delay = 0.00>
ST_3 : Operation 128 [1/1] (0.00ns)   --->   "%br_ln131 = br void %for.body.i" [/home/coder/Documents/s2n2/finn-hlslib-lif/mvau.hpp:131->/home/coder/Desktop/s2n2/convSNN/fc_finn_top.cpp:58]   --->   Operation 128 'br' 'br_ln131' <Predicate = true> <Delay = 0.00>


============================================================
+ Verbose Summary: Timing violations
============================================================
Target clock period: 10.000ns, clock uncertainty: 2.700ns.

 <State 1>: 0.420ns
The critical path consists of the following:
	'alloca' operation ('tile') [9]  (0.000 ns)
	'store' operation ('store_ln0') of constant 0 on local variable 'tile' [25]  (0.420 ns)

 <State 2>: 2.407ns
The critical path consists of the following:
	'load' operation ('nf', /home/coder/Documents/s2n2/finn-hlslib-lif/mvau.hpp:123->/home/coder/Desktop/s2n2/convSNN/fc_finn_top.cpp:58) on local variable 'nf' [31]  (0.000 ns)
	'add' operation ('nf', /home/coder/Documents/s2n2/finn-hlslib-lif/mvau.hpp:192->/home/coder/Desktop/s2n2/convSNN/fc_finn_top.cpp:58) [148]  (0.880 ns)
	'icmp' operation ('icmp_ln192', /home/coder/Documents/s2n2/finn-hlslib-lif/mvau.hpp:192->/home/coder/Desktop/s2n2/convSNN/fc_finn_top.cpp:58) [149]  (0.880 ns)
	'select' operation ('tile', /home/coder/Documents/s2n2/finn-hlslib-lif/mvau.hpp:192->/home/coder/Desktop/s2n2/convSNN/fc_finn_top.cpp:58) [151]  (0.227 ns)
	'store' operation ('store_ln196', /home/coder/Documents/s2n2/finn-hlslib-lif/mvau.hpp:196->/home/coder/Desktop/s2n2/convSNN/fc_finn_top.cpp:58) of variable 'tile', /home/coder/Documents/s2n2/finn-hlslib-lif/mvau.hpp:192->/home/coder/Desktop/s2n2/convSNN/fc_finn_top.cpp:58 on local variable 'tile' [153]  (0.420 ns)

 <State 3>: 3.658ns
The critical path consists of the following:
	fifo read operation ('inputBuf', /home/coder/Documents/s2n2/finn-hlslib-lif/mvau.hpp:136->/home/coder/Desktop/s2n2/convSNN/fc_finn_top.cpp:58) on port 'in_stream' (/home/coder/Documents/s2n2/finn-hlslib-lif/mvau.hpp:136->/home/coder/Desktop/s2n2/convSNN/fc_finn_top.cpp:58) [55]  (1.314 ns)
	multiplexor before 'phi' operation ('inputBuf') with incoming values : ('inElem', /home/coder/Documents/s2n2/finn-hlslib-lif/mvau.hpp:142->/home/coder/Desktop/s2n2/convSNN/fc_finn_top.cpp:58) ('inputBuf', /home/coder/Documents/s2n2/finn-hlslib-lif/mvau.hpp:136->/home/coder/Desktop/s2n2/convSNN/fc_finn_top.cpp:58) [82]  (0.387 ns)
	'phi' operation ('inputBuf') with incoming values : ('inElem', /home/coder/Documents/s2n2/finn-hlslib-lif/mvau.hpp:142->/home/coder/Desktop/s2n2/convSNN/fc_finn_top.cpp:58) ('inputBuf', /home/coder/Documents/s2n2/finn-hlslib-lif/mvau.hpp:136->/home/coder/Desktop/s2n2/convSNN/fc_finn_top.cpp:58) [82]  (0.000 ns)
	'select' operation ('temp', /home/coder/Documents/s2n2/finn-hlslib-lif/mvau.hpp:142->/home/coder/Desktop/s2n2/convSNN/fc_finn_top.cpp:58) [98]  (0.000 ns)
	'add' operation ('add_ln165', /home/coder/Documents/s2n2/finn-hlslib-lif/mvau.hpp:165->/home/coder/Desktop/s2n2/convSNN/fc_finn_top.cpp:58) [101]  (0.785 ns)
	'icmp' operation ('icmp_ln179', /home/coder/Documents/s2n2/finn-hlslib-lif/mvau.hpp:179->/home/coder/Desktop/s2n2/convSNN/fc_finn_top.cpp:58) [111]  (0.785 ns)
	blocking operation 0.387 ns on control path)


============================================================
+ Verbose Summary: Binding
============================================================
N/A
* FSMD analyzer results:
  - Output states:
 - Input state : 
  - Chain level:
	State 1
	State 2
	State 3


============================================================
+ Verbose Summary: Datapath Resource usage 
============================================================
N/A
