

================================================================
== Vitis HLS Report for 'fc_finn_top_Pipeline_VITIS_LOOP_44_1'
================================================================
* Date:           Sat Apr 25 21:40:45 2026

* Version:        2023.1 (Build 3854077 on May  4 2023)
* Project:        fc_finn_prj
* Solution:       xcvu9p-flga2577-2-e (Vivado IP Flow Target)
* Product family: virtexuplus
* Target device:  xcvu9p-flga2577-2-e


================================================================
== Performance Estimates
================================================================
+ Timing: 
    * Summary: 
    +--------+----------+----------+------------+
    |  Clock |  Target  | Estimated| Uncertainty|
    +--------+----------+----------+------------+
    |ap_clk  |  10.00 ns|  1.314 ns|     2.70 ns|
    +--------+----------+----------+------------+

+ Latency: 
    * Summary: 
    +---------+---------+----------+----------+-----+-----+---------+
    |  Latency (cycles) |  Latency (absolute) |  Interval | Pipeline|
    |   min   |   max   |    min   |    max   | min | max |   Type  |
    +---------+---------+----------+----------+-----+-----+---------+
    |       10|       10|  0.100 us|  0.100 us|   10|   10|       no|
    +---------+---------+----------+----------+-----+-----+---------+

    + Detail: 
        * Instance: 
        N/A

        * Loop: 
        +-------------------+---------+---------+----------+-----------+-----------+------+----------+
        |                   |  Latency (cycles) | Iteration|  Initiation Interval  | Trip |          |
        |     Loop Name     |   min   |   max   |  Latency |  achieved |   target  | Count| Pipelined|
        +-------------------+---------+---------+----------+-----------+-----------+------+----------+
        |- VITIS_LOOP_44_1  |        8|        8|         2|          1|          1|     8|       yes|
        +-------------------+---------+---------+----------+-----------+-----------+------+----------+

============================================================
+ Verbose Summary: Synthesis Manager
============================================================
InlineROM: 1
ExposeGlobal: 0
============================================================
+ Verbose Summary: CDFG Model
============================================================
IsTopModel: 0
ResetActiveHigh: 1
IsCombinational: 0
IsDatapathOnly: 0
HasWiredReturn: 1
HasMFsm: 2
HasVarLatency: 1
IsPipeline: 0
IsRtlPipelined: 0
IsInstanceOverlapped: 0
IsDontTouch: 0
HasImplIP: 0
IsGatedGlobalClock: 0

+ Individual pipeline summary: 
  * Pipeline-0: initiation interval (II) = 1, depth = 2


============================================================
+ Verbose Summary: Schedule
============================================================
* Number of FSM states : 2
* Pipeline : 1
  Pipeline-0 : II = 1, D = 2, States = { 1 2 }
* Dataflow Pipeline: 0

* FSM state transitions: 
1 --> 2 
2 --> 

* FSM state operations: 

State 1 <SV = 0> <Delay = 1.09>
ST_1 : Operation 5 [1/1] (0.00ns)   --->   "%i = alloca i32 1"   --->   Operation 5 'alloca' 'i' <Predicate = true> <Delay = 0.00>
ST_1 : Operation 6 [1/1] (0.00ns)   --->   "%specinterface_ln0 = specinterface void @_ssdm_op_SpecInterface, i1 %in_stream, void @empty_1, i32 0, i32 0, void @empty_2, i32 0, i32 0, void @empty_2, void @empty_2, void @empty_2, i32 0, i32 0, i32 0, i32 0, void @empty_2, void @empty_2, i32 4294967295, i32 0"   --->   Operation 6 'specinterface' 'specinterface_ln0' <Predicate = true> <Delay = 0.00>
ST_1 : Operation 7 [1/1] (0.00ns)   --->   "%in_7_load_read = read i1 @_ssdm_op_Read.ap_auto.i1, i1 %in_7_load"   --->   Operation 7 'read' 'in_7_load_read' <Predicate = true> <Delay = 0.00>
ST_1 : Operation 8 [1/1] (0.00ns)   --->   "%in_6_load_read = read i1 @_ssdm_op_Read.ap_auto.i1, i1 %in_6_load"   --->   Operation 8 'read' 'in_6_load_read' <Predicate = true> <Delay = 0.00>
ST_1 : Operation 9 [1/1] (0.00ns)   --->   "%in_5_load_read = read i1 @_ssdm_op_Read.ap_auto.i1, i1 %in_5_load"   --->   Operation 9 'read' 'in_5_load_read' <Predicate = true> <Delay = 0.00>
ST_1 : Operation 10 [1/1] (0.00ns)   --->   "%in_4_load_read = read i1 @_ssdm_op_Read.ap_auto.i1, i1 %in_4_load"   --->   Operation 10 'read' 'in_4_load_read' <Predicate = true> <Delay = 0.00>
ST_1 : Operation 11 [1/1] (0.00ns)   --->   "%in_3_load_read = read i1 @_ssdm_op_Read.ap_auto.i1, i1 %in_3_load"   --->   Operation 11 'read' 'in_3_load_read' <Predicate = true> <Delay = 0.00>
ST_1 : Operation 12 [1/1] (0.00ns)   --->   "%in_2_load_read = read i1 @_ssdm_op_Read.ap_auto.i1, i1 %in_2_load"   --->   Operation 12 'read' 'in_2_load_read' <Predicate = true> <Delay = 0.00>
ST_1 : Operation 13 [1/1] (0.00ns)   --->   "%in_1_load_read = read i1 @_ssdm_op_Read.ap_auto.i1, i1 %in_1_load"   --->   Operation 13 'read' 'in_1_load_read' <Predicate = true> <Delay = 0.00>
ST_1 : Operation 14 [1/1] (0.00ns)   --->   "%in_0_load_read = read i1 @_ssdm_op_Read.ap_auto.i1, i1 %in_0_load"   --->   Operation 14 'read' 'in_0_load_read' <Predicate = true> <Delay = 0.00>
ST_1 : Operation 15 [1/1] (0.38ns)   --->   "%store_ln0 = store i4 0, i4 %i"   --->   Operation 15 'store' 'store_ln0' <Predicate = true> <Delay = 0.38>
ST_1 : Operation 16 [1/1] (0.00ns)   --->   "%br_ln0 = br void %for.inc"   --->   Operation 16 'br' 'br_ln0' <Predicate = true> <Delay = 0.00>
ST_1 : Operation 17 [1/1] (0.00ns)   --->   "%i_2 = load i4 %i" [/home/coder/Desktop/s2n2/convSNN/fc_finn_top.cpp:44]   --->   Operation 17 'load' 'i_2' <Predicate = true> <Delay = 0.00>
ST_1 : Operation 18 [1/1] (0.70ns)   --->   "%icmp_ln44 = icmp_eq  i4 %i_2, i4 8" [/home/coder/Desktop/s2n2/convSNN/fc_finn_top.cpp:44]   --->   Operation 18 'icmp' 'icmp_ln44' <Predicate = true> <Delay = 0.70> <CoreInst = "Cmp">   --->   Core 9 'Cmp' <Latency = 0> <II = 1> <Delay = 0.70> <FuncUnit> <Opcode : 'icmp'> <InPorts = 2> <OutPorts = 1>
ST_1 : Operation 19 [1/1] (0.70ns)   --->   "%add_ln44 = add i4 %i_2, i4 1" [/home/coder/Desktop/s2n2/convSNN/fc_finn_top.cpp:44]   --->   Operation 19 'add' 'add_ln44' <Predicate = true> <Delay = 0.70> <CoreInst = "Adder">   --->   Core 1 'Adder' <Latency = 0> <II = 1> <Delay = 0.70> <FuncUnit> <Opcode : 'add' 'sub'> <InPorts = 2> <OutPorts = 1>
ST_1 : Operation 20 [1/1] (0.00ns)   --->   "%br_ln44 = br i1 %icmp_ln44, void %for.inc.split, void %for.body.i.preheader.exitStub" [/home/coder/Desktop/s2n2/convSNN/fc_finn_top.cpp:44]   --->   Operation 20 'br' 'br_ln44' <Predicate = true> <Delay = 0.00>
ST_1 : Operation 21 [1/1] (0.00ns)   --->   "%trunc_ln44 = trunc i4 %i_2" [/home/coder/Desktop/s2n2/convSNN/fc_finn_top.cpp:44]   --->   Operation 21 'trunc' 'trunc_ln44' <Predicate = (!icmp_ln44)> <Delay = 0.00>
ST_1 : Operation 22 [1/1] (0.58ns)   --->   "%p_0 = mux i1 @_ssdm_op_Mux.ap_auto.8i1.i3, i1 %in_0_load_read, i1 %in_1_load_read, i1 %in_2_load_read, i1 %in_3_load_read, i1 %in_4_load_read, i1 %in_5_load_read, i1 %in_6_load_read, i1 %in_7_load_read, i3 %trunc_ln44" [/home/coder/Desktop/s2n2/convSNN/fc_finn_top.cpp:46]   --->   Operation 22 'mux' 'p_0' <Predicate = (!icmp_ln44)> <Delay = 0.58> <CoreInst = "Multiplexer">   --->   Core 76 'Multiplexer' <Latency = 0> <II = 1> <Delay = 0.58> <FuncUnit> <Opcode : 'mux'> <InPorts = 2> <OutPorts = 1>
ST_1 : Operation 23 [1/1] (0.38ns)   --->   "%store_ln44 = store i4 %add_ln44, i4 %i" [/home/coder/Desktop/s2n2/convSNN/fc_finn_top.cpp:44]   --->   Operation 23 'store' 'store_ln44' <Predicate = (!icmp_ln44)> <Delay = 0.38>
ST_1 : Operation 29 [1/1] (0.00ns)   --->   "%ret_ln0 = ret"   --->   Operation 29 'ret' 'ret_ln0' <Predicate = (icmp_ln44)> <Delay = 0.00>

State 2 <SV = 1> <Delay = 1.31>
ST_2 : Operation 24 [1/1] (0.00ns)   --->   "%specpipeline_ln45 = specpipeline void @_ssdm_op_SpecPipeline, i32 1, i32 0, i32 0, i32 0, void @empty_2" [/home/coder/Desktop/s2n2/convSNN/fc_finn_top.cpp:45]   --->   Operation 24 'specpipeline' 'specpipeline_ln45' <Predicate = true> <Delay = 0.00>
ST_2 : Operation 25 [1/1] (0.00ns)   --->   "%speclooptripcount_ln44 = speclooptripcount void @_ssdm_op_SpecLoopTripCount, i64 8, i64 8, i64 8" [/home/coder/Desktop/s2n2/convSNN/fc_finn_top.cpp:44]   --->   Operation 25 'speclooptripcount' 'speclooptripcount_ln44' <Predicate = true> <Delay = 0.00>
ST_2 : Operation 26 [1/1] (0.00ns)   --->   "%specloopname_ln44 = specloopname void @_ssdm_op_SpecLoopName, void @empty_6" [/home/coder/Desktop/s2n2/convSNN/fc_finn_top.cpp:44]   --->   Operation 26 'specloopname' 'specloopname_ln44' <Predicate = true> <Delay = 0.00>
ST_2 : Operation 27 [1/1] (1.31ns)   --->   "%write_ln46 = write void @_ssdm_op_Write.ap_fifo.volatile.i1P0A, i1 %in_stream, i1 %p_0" [/home/coder/Desktop/s2n2/convSNN/fc_finn_top.cpp:46]   --->   Operation 27 'write' 'write_ln46' <Predicate = true> <Delay = 1.31> <CoreInst = "FIFO_SRL">   --->   Core 81 'FIFO_SRL' <Latency = 0> <II = 1> <Delay = 1.31> <Storage> <Opcode : 'read' 'write' 'nbread' 'nbwrite'> <Ports = 0> <Width = 1> <Depth = 8> <FIFO>
ST_2 : Operation 28 [1/1] (0.00ns)   --->   "%br_ln44 = br void %for.inc" [/home/coder/Desktop/s2n2/convSNN/fc_finn_top.cpp:44]   --->   Operation 28 'br' 'br_ln44' <Predicate = true> <Delay = 0.00>


============================================================
+ Verbose Summary: Timing violations
============================================================
Target clock period: 10.000ns, clock uncertainty: 2.700ns.

 <State 1>: 1.095ns
The critical path consists of the following:
	'alloca' operation ('i') [10]  (0.000 ns)
	'load' operation ('i', /home/coder/Desktop/s2n2/convSNN/fc_finn_top.cpp:44) on local variable 'i' [23]  (0.000 ns)
	'add' operation ('add_ln44', /home/coder/Desktop/s2n2/convSNN/fc_finn_top.cpp:44) [25]  (0.708 ns)
	'store' operation ('store_ln44', /home/coder/Desktop/s2n2/convSNN/fc_finn_top.cpp:44) of variable 'add_ln44', /home/coder/Desktop/s2n2/convSNN/fc_finn_top.cpp:44 on local variable 'i' [34]  (0.387 ns)

 <State 2>: 1.314ns
The critical path consists of the following:
	fifo write operation ('write_ln46', /home/coder/Desktop/s2n2/convSNN/fc_finn_top.cpp:46) on port 'in_stream' (/home/coder/Desktop/s2n2/convSNN/fc_finn_top.cpp:46) [33]  (1.314 ns)


============================================================
+ Verbose Summary: Binding
============================================================
N/A
* FSMD analyzer results:
  - Output states:
 - Input state : 
  - Chain level:
	State 1
	State 2


============================================================
+ Verbose Summary: Datapath Resource usage 
============================================================
N/A
