

================================================================
== Vitis HLS Report for 'fc_finn_top'
================================================================
* Date:           Sat Apr 25 21:40:55 2026

* Version:        2023.1 (Build 3854077 on May  4 2023)
* Project:        fc_finn_prj
* Solution:       xcvu9p-flga2577-2-e (Vivado IP Flow Target)
* Product family: virtexuplus
* Target device:  xcvu9p-flga2577-2-e


================================================================
== Performance Estimates
================================================================
+ Timing: 
    * Summary: 
    +--------+----------+----------+------------+
    |  Clock |  Target  | Estimated| Uncertainty|
    +--------+----------+----------+------------+
    |ap_clk  |  10.00 ns|  3.658 ns|     2.70 ns|
    +--------+----------+----------+------------+

+ Latency: 
    * Summary: 
    +---------+---------+----------+----------+-----+-----+---------+
    |  Latency (cycles) |  Latency (absolute) |  Interval | Pipeline|
    |   min   |   max   |    min   |    max   | min | max |   Type  |
    +---------+---------+----------+----------+-----+-----+---------+
    |       60|       94|  0.600 us|  0.940 us|   61|   95|       no|
    +---------+---------+----------+----------+-----+-----+---------+

    + Detail: 
        * Instance: 
        +--------------------------------------------------+---------------------------------------+---------+---------+-----------+-----------+-----+-----+---------+
        |                                                  |                                       |  Latency (cycles) |   Latency (absolute)  |  Interval | Pipeline|
        |                     Instance                     |                 Module                |   min   |   max   |    min    |    max    | min | max |   Type  |
        +--------------------------------------------------+---------------------------------------+---------+---------+-----------+-----------+-----+-----+---------+
        |grp_load_weights_once_fu_138                      |load_weights_once                      |        1|       35|  10.000 ns|   0.350 us|    1|   35|       no|
        |grp_fc_finn_top_Pipeline_VITIS_LOOP_44_1_fu_148   |fc_finn_top_Pipeline_VITIS_LOOP_44_1   |       10|       10|   0.100 us|   0.100 us|   10|   10|       no|
        |grp_fc_finn_top_Pipeline_VITIS_LOOP_131_1_fu_161  |fc_finn_top_Pipeline_VITIS_LOOP_131_1  |       34|       34|   0.340 us|   0.340 us|   34|   34|       no|
        |grp_fc_finn_top_Pipeline_VITIS_LOOP_79_2_fu_177   |fc_finn_top_Pipeline_VITIS_LOOP_79_2   |        6|        6|  60.000 ns|  60.000 ns|    6|    6|       no|
        +--------------------------------------------------+---------------------------------------+---------+---------+-----------+-----------+-----+-----+---------+

        * Loop: 
        N/A



================================================================
== Utilization Estimates
================================================================
* Summary: 
+---------------------+---------+------+---------+---------+-----+
|         Name        | BRAM_18K|  DSP |    FF   |   LUT   | URAM|
+---------------------+---------+------+---------+---------+-----+
|DSP                  |        -|     -|        -|        -|    -|
|Expression           |        -|     -|        -|        -|    -|
|FIFO                 |        -|     -|       12|       30|    -|
|Instance             |        0|     -|      247|     1044|    -|
|Memory               |        0|     -|        2|        3|    0|
|Multiplexer          |        -|     -|        -|      132|    -|
|Register             |        -|     -|       14|        -|    -|
+---------------------+---------+------+---------+---------+-----+
|Total                |        0|     0|      275|     1209|    0|
+---------------------+---------+------+---------+---------+-----+
|Available SLR        |     1440|  2280|   788160|   394080|  320|
+---------------------+---------+------+---------+---------+-----+
|Utilization SLR (%)  |        0|     0|       ~0|       ~0|    0|
+---------------------+---------+------+---------+---------+-----+
|Available            |     4320|  6840|  2364480|  1182240|  960|
+---------------------+---------+------+---------+---------+-----+
|Utilization (%)      |        0|     0|       ~0|       ~0|    0|
+---------------------+---------+------+---------+---------+-----+

+ Detail: 
    * Instance: 
    +--------------------------------------------------+---------------------------------------+---------+----+-----+-----+-----+
    |                     Instance                     |                 Module                | BRAM_18K| DSP|  FF | LUT | URAM|
    +--------------------------------------------------+---------------------------------------+---------+----+-----+-----+-----+
    |grp_fc_finn_top_Pipeline_VITIS_LOOP_131_1_fu_161  |fc_finn_top_Pipeline_VITIS_LOOP_131_1  |        0|   0|  203|  684|    0|
    |grp_fc_finn_top_Pipeline_VITIS_LOOP_44_1_fu_148   |fc_finn_top_Pipeline_VITIS_LOOP_44_1   |        0|   0|    8|  116|    0|
    |grp_fc_finn_top_Pipeline_VITIS_LOOP_79_2_fu_177   |fc_finn_top_Pipeline_VITIS_LOOP_79_2   |        0|   0|    8|   71|    0|
    |grp_load_weights_once_fu_138                      |load_weights_once                      |        0|   0|   28|  173|    0|
    +--------------------------------------------------+---------------------------------------+---------+----+-----+-----+-----+
    |Total                                             |                                       |        0|   0|  247| 1044|    0|
    +--------------------------------------------------+---------------------------------------+---------+----+-----+-----+-----+

    * DSP: 
    N/A

    * Memory: 
    +----------------+----------------------------+---------+---+----+-----+------+-----+------+-------------+
    |     Memory     |           Module           | BRAM_18K| FF| LUT| URAM| Words| Bits| Banks| W*Bits*Banks|
    +----------------+----------------------------+---------+---+----+-----+------+-----+------+-------------+
    |fc_weights_0_U  |fc_weights_0_RAM_AUTO_1R1W  |        0|  2|   3|    0|    32|    2|     1|           64|
    +----------------+----------------------------+---------+---+----+-----+------+-----+------+-------------+
    |Total           |                            |        0|  2|   3|    0|    32|    2|     1|           64|
    +----------------+----------------------------+---------+---+----+-----+------+-----+------+-------------+

    * FIFO: 
    +-------------------+---------+---+----+-----+------+-----+---------+
    |        Name       | BRAM_18K| FF| LUT| URAM| Depth| Bits| Size:D*B|
    +-------------------+---------+---+----+-----+------+-----+---------+
    |in_stream_fifo_U   |        0|  6|   0|    -|     8|    1|        8|
    |out_stream_fifo_U  |        0|  6|   0|    -|     8|    1|        8|
    +-------------------+---------+---+----+-----+------+-----+---------+
    |Total              |        0| 12|   0|    0|    16|    2|       16|
    +-------------------+---------+---+----+-----+------+-----+---------+

    * Expression: 
    N/A

    * Multiplexer: 
    +-----------------------+----+-----------+-----+-----------+
    |          Name         | LUT| Input Size| Bits| Total Bits|
    +-----------------------+----+-----------+-----+-----------+
    |ap_NS_fsm              |  59|         11|    1|         11|
    |fc_weights_0_address0  |  14|          3|    5|         15|
    |fc_weights_0_ce0       |  14|          3|    1|          3|
    |fc_weights_0_we0       |   9|          2|    1|          2|
    |in_stream_read         |   9|          2|    1|          2|
    |in_stream_write        |   9|          2|    1|          2|
    |out_stream_read        |   9|          2|    1|          2|
    |out_stream_write       |   9|          2|    1|          2|
    +-----------------------+----+-----------+-----+-----------+
    |Total                  | 132|         27|   12|         39|
    +-----------------------+----+-----------+-----+-----------+

    * Register: 
    +---------------------------------------------------------------+----+----+-----+-----------+
    |                              Name                             | FF | LUT| Bits| Const Bits|
    +---------------------------------------------------------------+----+----+-----+-----------+
    |ap_CS_fsm                                                      |  10|   0|   10|          0|
    |grp_fc_finn_top_Pipeline_VITIS_LOOP_131_1_fu_161_ap_start_reg  |   1|   0|    1|          0|
    |grp_fc_finn_top_Pipeline_VITIS_LOOP_44_1_fu_148_ap_start_reg   |   1|   0|    1|          0|
    |grp_fc_finn_top_Pipeline_VITIS_LOOP_79_2_fu_177_ap_start_reg   |   1|   0|    1|          0|
    |grp_load_weights_once_fu_138_ap_start_reg                      |   1|   0|    1|          0|
    +---------------------------------------------------------------+----+----+-----+-----------+
    |Total                                                          |  14|   0|   14|          0|
    +---------------------------------------------------------------+----+----+-----+-----------+



================================================================
== Interface
================================================================
* Summary: 
+--------------+-----+-----+------------+--------------+--------------+
|   RTL Ports  | Dir | Bits|  Protocol  | Source Object|    C Type    |
+--------------+-----+-----+------------+--------------+--------------+
|ap_clk        |   in|    1|  ap_ctrl_hs|   fc_finn_top|  return value|
|ap_rst        |   in|    1|  ap_ctrl_hs|   fc_finn_top|  return value|
|ap_start      |   in|    1|  ap_ctrl_hs|   fc_finn_top|  return value|
|ap_done       |  out|    1|  ap_ctrl_hs|   fc_finn_top|  return value|
|ap_idle       |  out|    1|  ap_ctrl_hs|   fc_finn_top|  return value|
|ap_ready      |  out|    1|  ap_ctrl_hs|   fc_finn_top|  return value|
|in_0          |   in|    1|     ap_none|          in_0|       pointer|
|in_1          |   in|    1|     ap_none|          in_1|       pointer|
|in_2          |   in|    1|     ap_none|          in_2|       pointer|
|in_3          |   in|    1|     ap_none|          in_3|       pointer|
|in_4          |   in|    1|     ap_none|          in_4|       pointer|
|in_5          |   in|    1|     ap_none|          in_5|       pointer|
|in_6          |   in|    1|     ap_none|          in_6|       pointer|
|in_7          |   in|    1|     ap_none|          in_7|       pointer|
|out_0         |  out|    1|      ap_vld|         out_0|       pointer|
|out_0_ap_vld  |  out|    1|      ap_vld|         out_0|       pointer|
|out_1         |  out|    1|      ap_vld|         out_1|       pointer|
|out_1_ap_vld  |  out|    1|      ap_vld|         out_1|       pointer|
|out_2         |  out|    1|      ap_vld|         out_2|       pointer|
|out_2_ap_vld  |  out|    1|      ap_vld|         out_2|       pointer|
|out_3         |  out|    1|      ap_vld|         out_3|       pointer|
|out_3_ap_vld  |  out|    1|      ap_vld|         out_3|       pointer|
+--------------+-----+-----+------------+--------------+--------------+

============================================================
+ Verbose Summary: Synthesis Manager
============================================================
InlineROM: 1
ExposeGlobal: 0
============================================================
+ Verbose Summary: CDFG Model
============================================================
IsTopModel: 1
ResetActiveHigh: 1
IsCombinational: 2
IsDatapathOnly: 2
HasWiredReturn: 1
HasMFsm: 0
HasVarLatency: 1
IsPipeline: 0
IsRtlPipelined: 0
IsInstanceOverlapped: 0
IsDontTouch: 0
HasImplIP: 0
IsGatedGlobalClock: 0


============================================================
+ Verbose Summary: Schedule
============================================================
* Number of FSM states : 10
* Pipeline : 0
* Dataflow Pipeline: 0

* FSM state transitions: 
1 --> 2 
2 --> 3 
3 --> 4 
4 --> 5 
5 --> 6 
6 --> 7 
7 --> 8 
8 --> 9 
9 --> 10 
10 --> 

* FSM state operations: 

State 1 <SV = 0> <Delay = 0.00>
ST_1 : Operation 11 [1/1] (0.00ns)   --->   "%in_stream = alloca i64 1" [/home/coder/Desktop/s2n2/convSNN/fc_finn_top.cpp:39]   --->   Operation 11 'alloca' 'in_stream' <Predicate = true> <Delay = 0.00> <CoreInst = "FIFO_SRL">   --->   Core 81 'FIFO_SRL' <Latency = 0> <II = 1> <Delay = 1.31> <Storage> <Opcode : 'read' 'write' 'nbread' 'nbwrite'> <Ports = 0> <Width = 1> <Depth = 8> <FIFO>
ST_1 : Operation 12 [1/1] (0.00ns)   --->   "%out_stream = alloca i64 1" [/home/coder/Desktop/s2n2/convSNN/fc_finn_top.cpp:40]   --->   Operation 12 'alloca' 'out_stream' <Predicate = true> <Delay = 0.00> <CoreInst = "FIFO_SRL">   --->   Core 81 'FIFO_SRL' <Latency = 0> <II = 1> <Delay = 1.31> <Storage> <Opcode : 'read' 'write' 'nbread' 'nbwrite'> <Ports = 0> <Width = 1> <Depth = 8> <FIFO>
ST_1 : Operation 13 [2/2] (0.00ns)   --->   "%call_ln37 = call void @load_weights_once, i1 %loaded, i2 %FC_W, i2 %fc_weights_0" [/home/coder/Desktop/s2n2/convSNN/fc_finn_top.cpp:37]   --->   Operation 13 'call' 'call_ln37' <Predicate = true> <Delay = 0.00> <CoreType = "Generic">   --->   Core 0 '' <Latency = 0> <II = 1> <Delay = 1.00> <Generic> <Opcode : >

State 2 <SV = 1> <Delay = 0.00>
ST_2 : Operation 14 [1/2] (0.00ns)   --->   "%call_ln37 = call void @load_weights_once, i1 %loaded, i2 %FC_W, i2 %fc_weights_0" [/home/coder/Desktop/s2n2/convSNN/fc_finn_top.cpp:37]   --->   Operation 14 'call' 'call_ln37' <Predicate = true> <Delay = 0.00> <CoreType = "Generic">   --->   Core 0 '' <Latency = 0> <II = 1> <Delay = 1.00> <Generic> <Opcode : >
ST_2 : Operation 15 [1/1] (0.00ns)   --->   "%in_0_read = read i1 @_ssdm_op_Read.ap_auto.i1P0A, i1 %in_0"   --->   Operation 15 'read' 'in_0_read' <Predicate = true> <Delay = 0.00>
ST_2 : Operation 16 [1/1] (0.00ns)   --->   "%in_1_read = read i1 @_ssdm_op_Read.ap_auto.i1P0A, i1 %in_1"   --->   Operation 16 'read' 'in_1_read' <Predicate = true> <Delay = 0.00>
ST_2 : Operation 17 [1/1] (0.00ns)   --->   "%in_2_read = read i1 @_ssdm_op_Read.ap_auto.i1P0A, i1 %in_2"   --->   Operation 17 'read' 'in_2_read' <Predicate = true> <Delay = 0.00>
ST_2 : Operation 18 [1/1] (0.00ns)   --->   "%in_3_read = read i1 @_ssdm_op_Read.ap_auto.i1P0A, i1 %in_3"   --->   Operation 18 'read' 'in_3_read' <Predicate = true> <Delay = 0.00>
ST_2 : Operation 19 [1/1] (0.00ns)   --->   "%in_4_read = read i1 @_ssdm_op_Read.ap_auto.i1P0A, i1 %in_4"   --->   Operation 19 'read' 'in_4_read' <Predicate = true> <Delay = 0.00>
ST_2 : Operation 20 [1/1] (0.00ns)   --->   "%in_5_read = read i1 @_ssdm_op_Read.ap_auto.i1P0A, i1 %in_5"   --->   Operation 20 'read' 'in_5_read' <Predicate = true> <Delay = 0.00>
ST_2 : Operation 21 [1/1] (0.00ns)   --->   "%in_6_read = read i1 @_ssdm_op_Read.ap_auto.i1P0A, i1 %in_6"   --->   Operation 21 'read' 'in_6_read' <Predicate = true> <Delay = 0.00>
ST_2 : Operation 22 [1/1] (0.00ns)   --->   "%in_7_read = read i1 @_ssdm_op_Read.ap_auto.i1P0A, i1 %in_7"   --->   Operation 22 'read' 'in_7_read' <Predicate = true> <Delay = 0.00>

State 3 <SV = 2> <Delay = 0.58>
ST_3 : Operation 23 [1/1] (0.00ns)   --->   "%empty_14 = wait i32 @_ssdm_op_Wait"   --->   Operation 23 'wait' 'empty_14' <Predicate = true> <Delay = 0.00>
ST_3 : Operation 24 [2/2] (0.58ns)   --->   "%call_ln0 = call void @fc_finn_top_Pipeline_VITIS_LOOP_44_1, i1 %in_0_read, i1 %in_1_read, i1 %in_2_read, i1 %in_3_read, i1 %in_4_read, i1 %in_5_read, i1 %in_6_read, i1 %in_7_read, i1 %in_stream"   --->   Operation 24 'call' 'call_ln0' <Predicate = true> <Delay = 0.58> <CoreType = "Generic">   --->   Core 0 '' <Latency = 0> <II = 1> <Delay = 1.00> <Generic> <Opcode : >

State 4 <SV = 3> <Delay = 0.00>
ST_4 : Operation 25 [1/2] (0.00ns)   --->   "%call_ln0 = call void @fc_finn_top_Pipeline_VITIS_LOOP_44_1, i1 %in_0_read, i1 %in_1_read, i1 %in_2_read, i1 %in_3_read, i1 %in_4_read, i1 %in_5_read, i1 %in_6_read, i1 %in_7_read, i1 %in_stream"   --->   Operation 25 'call' 'call_ln0' <Predicate = true> <Delay = 0.00> <CoreType = "Generic">   --->   Core 0 '' <Latency = 0> <II = 1> <Delay = 1.00> <Generic> <Opcode : >

State 5 <SV = 4> <Delay = 0.00>
ST_5 : Operation 26 [1/1] (0.00ns)   --->   "%empty_15 = wait i32 @_ssdm_op_Wait"   --->   Operation 26 'wait' 'empty_15' <Predicate = true> <Delay = 0.00>

State 6 <SV = 5> <Delay = 0.00>
ST_6 : Operation 27 [1/1] (0.00ns)   --->   "%empty_16 = wait i32 @_ssdm_op_Wait"   --->   Operation 27 'wait' 'empty_16' <Predicate = true> <Delay = 0.00>
ST_6 : Operation 28 [2/2] (0.00ns)   --->   "%call_ln0 = call void @fc_finn_top_Pipeline_VITIS_LOOP_131_1, i1 %in_stream, i1 %out_stream, i16 %void_Matrix_Vector_Activate_Batch_stream_stream_FixedPointWeightsSp_const_int_3, i16 %void_Matrix_Vector_Activate_Batch_stream_stream_FixedPointWeightsSp_const_int_2, i16 %void_Matrix_Vector_Activate_Batch_stream_stream_FixedPointWeightsSp_const_int_1, i16 %void_Matrix_Vector_Activate_Batch_stream_stream_FixedPointWeightsSp_const_int, i2 %fc_weights_0"   --->   Operation 28 'call' 'call_ln0' <Predicate = true> <Delay = 0.00> <CoreType = "Generic">   --->   Core 0 '' <Latency = 0> <II = 1> <Delay = 1.00> <Generic> <Opcode : >

State 7 <SV = 6> <Delay = 0.00>
ST_7 : Operation 29 [1/2] (0.00ns)   --->   "%call_ln0 = call void @fc_finn_top_Pipeline_VITIS_LOOP_131_1, i1 %in_stream, i1 %out_stream, i16 %void_Matrix_Vector_Activate_Batch_stream_stream_FixedPointWeightsSp_const_int_3, i16 %void_Matrix_Vector_Activate_Batch_stream_stream_FixedPointWeightsSp_const_int_2, i16 %void_Matrix_Vector_Activate_Batch_stream_stream_FixedPointWeightsSp_const_int_1, i16 %void_Matrix_Vector_Activate_Batch_stream_stream_FixedPointWeightsSp_const_int, i2 %fc_weights_0"   --->   Operation 29 'call' 'call_ln0' <Predicate = true> <Delay = 0.00> <CoreType = "Generic">   --->   Core 0 '' <Latency = 0> <II = 1> <Delay = 1.00> <Generic> <Opcode : >

State 8 <SV = 7> <Delay = 0.00>
ST_8 : Operation 30 [1/1] (0.00ns)   --->   "%empty_17 = wait i32 @_ssdm_op_Wait"   --->   Operation 30 'wait' 'empty_17' <Predicate = true> <Delay = 0.00>

State 9 <SV = 8> <Delay = 0.00>
ST_9 : Operation 31 [1/1] (0.00ns)   --->   "%empty_18 = wait i32 @_ssdm_op_Wait"   --->   Operation 31 'wait' 'empty_18' <Predicate = true> <Delay = 0.00>
ST_9 : Operation 32 [2/2] (0.00ns)   --->   "%call_ln0 = call void @fc_finn_top_Pipeline_VITIS_LOOP_79_2, i1 %out_0, i1 %out_3, i1 %out_2, i1 %out_1, i1 %out_stream"   --->   Operation 32 'call' 'call_ln0' <Predicate = true> <Delay = 0.00> <CoreType = "Generic">   --->   Core 0 '' <Latency = 0> <II = 1> <Delay = 1.00> <Generic> <Opcode : >

State 10 <SV = 9> <Delay = 1.31>
ST_10 : Operation 33 [1/1] (0.00ns)   --->   "%spectopmodule_ln33 = spectopmodule void @_ssdm_op_SpecTopModule, void @empty" [/home/coder/Desktop/s2n2/convSNN/fc_finn_top.cpp:33]   --->   Operation 33 'spectopmodule' 'spectopmodule_ln33' <Predicate = true> <Delay = 0.00>
ST_10 : Operation 34 [1/1] (0.00ns)   --->   "%specbitsmap_ln0 = specbitsmap void @_ssdm_op_SpecBitsMap, i1 %in_0"   --->   Operation 34 'specbitsmap' 'specbitsmap_ln0' <Predicate = true> <Delay = 0.00>
ST_10 : Operation 35 [1/1] (0.00ns)   --->   "%specinterface_ln0 = specinterface void @_ssdm_op_SpecInterface, i1 %in_0, void @empty_3, i32 0, i32 0, void @empty_2, i32 0, i32 0, void @empty_2, void @empty_2, void @empty_2, i32 0, i32 0, i32 0, i32 0, void @empty_2, void @empty_2, i32 4294967295, i32 0"   --->   Operation 35 'specinterface' 'specinterface_ln0' <Predicate = true> <Delay = 0.00>
ST_10 : Operation 36 [1/1] (0.00ns)   --->   "%specbitsmap_ln0 = specbitsmap void @_ssdm_op_SpecBitsMap, i1 %in_1"   --->   Operation 36 'specbitsmap' 'specbitsmap_ln0' <Predicate = true> <Delay = 0.00>
ST_10 : Operation 37 [1/1] (0.00ns)   --->   "%specinterface_ln0 = specinterface void @_ssdm_op_SpecInterface, i1 %in_1, void @empty_3, i32 0, i32 0, void @empty_2, i32 0, i32 0, void @empty_2, void @empty_2, void @empty_2, i32 0, i32 0, i32 0, i32 0, void @empty_2, void @empty_2, i32 4294967295, i32 0"   --->   Operation 37 'specinterface' 'specinterface_ln0' <Predicate = true> <Delay = 0.00>
ST_10 : Operation 38 [1/1] (0.00ns)   --->   "%specbitsmap_ln0 = specbitsmap void @_ssdm_op_SpecBitsMap, i1 %in_2"   --->   Operation 38 'specbitsmap' 'specbitsmap_ln0' <Predicate = true> <Delay = 0.00>
ST_10 : Operation 39 [1/1] (0.00ns)   --->   "%specinterface_ln0 = specinterface void @_ssdm_op_SpecInterface, i1 %in_2, void @empty_3, i32 0, i32 0, void @empty_2, i32 0, i32 0, void @empty_2, void @empty_2, void @empty_2, i32 0, i32 0, i32 0, i32 0, void @empty_2, void @empty_2, i32 4294967295, i32 0"   --->   Operation 39 'specinterface' 'specinterface_ln0' <Predicate = true> <Delay = 0.00>
ST_10 : Operation 40 [1/1] (0.00ns)   --->   "%specbitsmap_ln0 = specbitsmap void @_ssdm_op_SpecBitsMap, i1 %in_3"   --->   Operation 40 'specbitsmap' 'specbitsmap_ln0' <Predicate = true> <Delay = 0.00>
ST_10 : Operation 41 [1/1] (0.00ns)   --->   "%specinterface_ln0 = specinterface void @_ssdm_op_SpecInterface, i1 %in_3, void @empty_3, i32 0, i32 0, void @empty_2, i32 0, i32 0, void @empty_2, void @empty_2, void @empty_2, i32 0, i32 0, i32 0, i32 0, void @empty_2, void @empty_2, i32 4294967295, i32 0"   --->   Operation 41 'specinterface' 'specinterface_ln0' <Predicate = true> <Delay = 0.00>
ST_10 : Operation 42 [1/1] (0.00ns)   --->   "%specbitsmap_ln0 = specbitsmap void @_ssdm_op_SpecBitsMap, i1 %in_4"   --->   Operation 42 'specbitsmap' 'specbitsmap_ln0' <Predicate = true> <Delay = 0.00>
ST_10 : Operation 43 [1/1] (0.00ns)   --->   "%specinterface_ln0 = specinterface void @_ssdm_op_SpecInterface, i1 %in_4, void @empty_3, i32 0, i32 0, void @empty_2, i32 0, i32 0, void @empty_2, void @empty_2, void @empty_2, i32 0, i32 0, i32 0, i32 0, void @empty_2, void @empty_2, i32 4294967295, i32 0"   --->   Operation 43 'specinterface' 'specinterface_ln0' <Predicate = true> <Delay = 0.00>
ST_10 : Operation 44 [1/1] (0.00ns)   --->   "%specbitsmap_ln0 = specbitsmap void @_ssdm_op_SpecBitsMap, i1 %in_5"   --->   Operation 44 'specbitsmap' 'specbitsmap_ln0' <Predicate = true> <Delay = 0.00>
ST_10 : Operation 45 [1/1] (0.00ns)   --->   "%specinterface_ln0 = specinterface void @_ssdm_op_SpecInterface, i1 %in_5, void @empty_3, i32 0, i32 0, void @empty_2, i32 0, i32 0, void @empty_2, void @empty_2, void @empty_2, i32 0, i32 0, i32 0, i32 0, void @empty_2, void @empty_2, i32 4294967295, i32 0"   --->   Operation 45 'specinterface' 'specinterface_ln0' <Predicate = true> <Delay = 0.00>
ST_10 : Operation 46 [1/1] (0.00ns)   --->   "%specbitsmap_ln0 = specbitsmap void @_ssdm_op_SpecBitsMap, i1 %in_6"   --->   Operation 46 'specbitsmap' 'specbitsmap_ln0' <Predicate = true> <Delay = 0.00>
ST_10 : Operation 47 [1/1] (0.00ns)   --->   "%specinterface_ln0 = specinterface void @_ssdm_op_SpecInterface, i1 %in_6, void @empty_3, i32 0, i32 0, void @empty_2, i32 0, i32 0, void @empty_2, void @empty_2, void @empty_2, i32 0, i32 0, i32 0, i32 0, void @empty_2, void @empty_2, i32 4294967295, i32 0"   --->   Operation 47 'specinterface' 'specinterface_ln0' <Predicate = true> <Delay = 0.00>
ST_10 : Operation 48 [1/1] (0.00ns)   --->   "%specbitsmap_ln0 = specbitsmap void @_ssdm_op_SpecBitsMap, i1 %in_7"   --->   Operation 48 'specbitsmap' 'specbitsmap_ln0' <Predicate = true> <Delay = 0.00>
ST_10 : Operation 49 [1/1] (0.00ns)   --->   "%specinterface_ln0 = specinterface void @_ssdm_op_SpecInterface, i1 %in_7, void @empty_3, i32 0, i32 0, void @empty_2, i32 0, i32 0, void @empty_2, void @empty_2, void @empty_2, i32 0, i32 0, i32 0, i32 0, void @empty_2, void @empty_2, i32 4294967295, i32 0"   --->   Operation 49 'specinterface' 'specinterface_ln0' <Predicate = true> <Delay = 0.00>
ST_10 : Operation 50 [1/1] (0.00ns)   --->   "%specbitsmap_ln0 = specbitsmap void @_ssdm_op_SpecBitsMap, i1 %out_0"   --->   Operation 50 'specbitsmap' 'specbitsmap_ln0' <Predicate = true> <Delay = 0.00>
ST_10 : Operation 51 [1/1] (0.00ns)   --->   "%specinterface_ln0 = specinterface void @_ssdm_op_SpecInterface, i1 %out_0, void @empty_3, i32 0, i32 0, void @empty_2, i32 0, i32 0, void @empty_2, void @empty_2, void @empty_2, i32 0, i32 0, i32 0, i32 0, void @empty_2, void @empty_2, i32 4294967295, i32 0"   --->   Operation 51 'specinterface' 'specinterface_ln0' <Predicate = true> <Delay = 0.00>
ST_10 : Operation 52 [1/1] (0.00ns)   --->   "%specbitsmap_ln0 = specbitsmap void @_ssdm_op_SpecBitsMap, i1 %out_1"   --->   Operation 52 'specbitsmap' 'specbitsmap_ln0' <Predicate = true> <Delay = 0.00>
ST_10 : Operation 53 [1/1] (0.00ns)   --->   "%specinterface_ln0 = specinterface void @_ssdm_op_SpecInterface, i1 %out_1, void @empty_3, i32 0, i32 0, void @empty_2, i32 0, i32 0, void @empty_2, void @empty_2, void @empty_2, i32 0, i32 0, i32 0, i32 0, void @empty_2, void @empty_2, i32 4294967295, i32 0"   --->   Operation 53 'specinterface' 'specinterface_ln0' <Predicate = true> <Delay = 0.00>
ST_10 : Operation 54 [1/1] (0.00ns)   --->   "%specbitsmap_ln0 = specbitsmap void @_ssdm_op_SpecBitsMap, i1 %out_2"   --->   Operation 54 'specbitsmap' 'specbitsmap_ln0' <Predicate = true> <Delay = 0.00>
ST_10 : Operation 55 [1/1] (0.00ns)   --->   "%specinterface_ln0 = specinterface void @_ssdm_op_SpecInterface, i1 %out_2, void @empty_3, i32 0, i32 0, void @empty_2, i32 0, i32 0, void @empty_2, void @empty_2, void @empty_2, i32 0, i32 0, i32 0, i32 0, void @empty_2, void @empty_2, i32 4294967295, i32 0"   --->   Operation 55 'specinterface' 'specinterface_ln0' <Predicate = true> <Delay = 0.00>
ST_10 : Operation 56 [1/1] (0.00ns)   --->   "%specbitsmap_ln0 = specbitsmap void @_ssdm_op_SpecBitsMap, i1 %out_3"   --->   Operation 56 'specbitsmap' 'specbitsmap_ln0' <Predicate = true> <Delay = 0.00>
ST_10 : Operation 57 [1/1] (0.00ns)   --->   "%specinterface_ln0 = specinterface void @_ssdm_op_SpecInterface, i1 %out_3, void @empty_3, i32 0, i32 0, void @empty_2, i32 0, i32 0, void @empty_2, void @empty_2, void @empty_2, i32 0, i32 0, i32 0, i32 0, void @empty_2, void @empty_2, i32 4294967295, i32 0"   --->   Operation 57 'specinterface' 'specinterface_ln0' <Predicate = true> <Delay = 0.00>
ST_10 : Operation 58 [1/1] (0.00ns)   --->   "%empty = specchannel i32 @_ssdm_op_SpecChannel, void @in_stream_str, i32 1, void @p_str, void @p_str, i32 8, i32 8, i1 %in_stream, i1 %in_stream"   --->   Operation 58 'specchannel' 'empty' <Predicate = true> <Delay = 0.00>
ST_10 : Operation 59 [1/1] (0.00ns)   --->   "%specinterface_ln0 = specinterface void @_ssdm_op_SpecInterface, i1 %in_stream, void @empty_1, i32 0, i32 0, void @empty_2, i32 0, i32 0, void @empty_2, void @empty_2, void @empty_2, i32 0, i32 0, i32 0, i32 0, void @empty_2, void @empty_2, i32 4294967295, i32 0"   --->   Operation 59 'specinterface' 'specinterface_ln0' <Predicate = true> <Delay = 0.00>
ST_10 : Operation 60 [1/1] (0.00ns)   --->   "%empty_13 = specchannel i32 @_ssdm_op_SpecChannel, void @out_stream_str, i32 1, void @p_str, void @p_str, i32 8, i32 8, i1 %out_stream, i1 %out_stream"   --->   Operation 60 'specchannel' 'empty_13' <Predicate = true> <Delay = 0.00>
ST_10 : Operation 61 [1/1] (0.00ns)   --->   "%specinterface_ln0 = specinterface void @_ssdm_op_SpecInterface, i1 %out_stream, void @empty_1, i32 0, i32 0, void @empty_2, i32 0, i32 0, void @empty_2, void @empty_2, void @empty_2, i32 0, i32 0, i32 0, i32 0, void @empty_2, void @empty_2, i32 4294967295, i32 0"   --->   Operation 61 'specinterface' 'specinterface_ln0' <Predicate = true> <Delay = 0.00>
ST_10 : Operation 62 [1/2] (1.31ns)   --->   "%call_ln0 = call void @fc_finn_top_Pipeline_VITIS_LOOP_79_2, i1 %out_0, i1 %out_3, i1 %out_2, i1 %out_1, i1 %out_stream"   --->   Operation 62 'call' 'call_ln0' <Predicate = true> <Delay = 1.31> <CoreType = "Generic">   --->   Core 0 '' <Latency = 0> <II = 1> <Delay = 1.00> <Generic> <Opcode : >
ST_10 : Operation 63 [1/1] (0.00ns)   --->   "%ret_ln83 = ret" [/home/coder/Desktop/s2n2/convSNN/fc_finn_top.cpp:83]   --->   Operation 63 'ret' 'ret_ln83' <Predicate = true> <Delay = 0.00>


============================================================
+ Verbose Summary: Binding
============================================================
STG Binding: 
---------------- STG Properties BEGIN ----------------
- Is combinational: 0
- Is one-state seq: 0
- Is datapath-only: 0
- Is pipelined: 0
- Is top level: 1
Port [ Return ] is wired: 1; IO mode=ap_ctrl_hs:ce=0
Port [ in_0]:  wired=1; compound=0; hidden=0; nouse=0; global=0; static=0; extern=0; dir=0; type=0; pingpong=0; private_global=0; IO mode=ap_none:ce=0
Port [ in_1]:  wired=1; compound=0; hidden=0; nouse=0; global=0; static=0; extern=0; dir=0; type=0; pingpong=0; private_global=0; IO mode=ap_none:ce=0
Port [ in_2]:  wired=1; compound=0; hidden=0; nouse=0; global=0; static=0; extern=0; dir=0; type=0; pingpong=0; private_global=0; IO mode=ap_none:ce=0
Port [ in_3]:  wired=1; compound=0; hidden=0; nouse=0; global=0; static=0; extern=0; dir=0; type=0; pingpong=0; private_global=0; IO mode=ap_none:ce=0
Port [ in_4]:  wired=1; compound=0; hidden=0; nouse=0; global=0; static=0; extern=0; dir=0; type=0; pingpong=0; private_global=0; IO mode=ap_none:ce=0
Port [ in_5]:  wired=1; compound=0; hidden=0; nouse=0; global=0; static=0; extern=0; dir=0; type=0; pingpong=0; private_global=0; IO mode=ap_none:ce=0
Port [ in_6]:  wired=1; compound=0; hidden=0; nouse=0; global=0; static=0; extern=0; dir=0; type=0; pingpong=0; private_global=0; IO mode=ap_none:ce=0
Port [ in_7]:  wired=1; compound=0; hidden=0; nouse=0; global=0; static=0; extern=0; dir=0; type=0; pingpong=0; private_global=0; IO mode=ap_none:ce=0
Port [ out_0]:  wired=1; compound=0; hidden=0; nouse=0; global=0; static=0; extern=0; dir=1; type=0; pingpong=0; private_global=0; IO mode=ap_vld:ce=0
Port [ out_1]:  wired=1; compound=0; hidden=0; nouse=0; global=0; static=0; extern=0; dir=1; type=0; pingpong=0; private_global=0; IO mode=ap_vld:ce=0
Port [ out_2]:  wired=1; compound=0; hidden=0; nouse=0; global=0; static=0; extern=0; dir=1; type=0; pingpong=0; private_global=0; IO mode=ap_vld:ce=0
Port [ out_3]:  wired=1; compound=0; hidden=0; nouse=0; global=0; static=0; extern=0; dir=1; type=0; pingpong=0; private_global=0; IO mode=ap_vld:ce=0
Port [ loaded]:  wired=0; compound=0; hidden=1; nouse=1; global=1; static=1; extern=0; dir=2; type=0; pingpong=0; private_global=0; IO mode=ap_ovld:ce=0
Port [ FC_W]:  wired=0; compound=1; hidden=1; nouse=1; global=1; static=1; extern=0; dir=0; type=1; pingpong=0; private_global=0; MemPort=[1]; IO mode=ap_memory:ce=0
Port [ fc_weights_0]:  wired=0; compound=1; hidden=1; nouse=0; global=1; static=1; extern=0; dir=2; type=1; pingpong=0; private_global=1; MemPort=[23]; IO mode=ap_memory:ce=0
Port [ void_Matrix_Vector_Activate_Batch_stream_stream_FixedPointWeightsSp_const_int_3]:  wired=0; compound=0; hidden=1; nouse=1; global=1; static=1; extern=0; dir=2; type=0; pingpong=0; private_global=0; IO mode=ap_ovld:ce=0
Port [ void_Matrix_Vector_Activate_Batch_stream_stream_FixedPointWeightsSp_const_int_2]:  wired=0; compound=0; hidden=1; nouse=1; global=1; static=1; extern=0; dir=2; type=0; pingpong=0; private_global=0; IO mode=ap_ovld:ce=0
Port [ void_Matrix_Vector_Activate_Batch_stream_stream_FixedPointWeightsSp_const_int_1]:  wired=0; compound=0; hidden=1; nouse=1; global=1; static=1; extern=0; dir=2; type=0; pingpong=0; private_global=0; IO mode=ap_ovld:ce=0
Port [ void_Matrix_Vector_Activate_Batch_stream_stream_FixedPointWeightsSp_const_int]:  wired=0; compound=0; hidden=1; nouse=1; global=1; static=1; extern=0; dir=2; type=0; pingpong=0; private_global=0; IO mode=ap_ovld:ce=0
---------------- STG Properties END ------------------

---------------- Datapath Model BEGIN ----------------

<LifeTime>
<method=bitvector/>
in_stream          (alloca       ) [ 00111111111]
out_stream         (alloca       ) [ 00111111111]
call_ln37          (call         ) [ 00000000000]
in_0_read          (read         ) [ 00011000000]
in_1_read          (read         ) [ 00011000000]
in_2_read          (read         ) [ 00011000000]
in_3_read          (read         ) [ 00011000000]
in_4_read          (read         ) [ 00011000000]
in_5_read          (read         ) [ 00011000000]
in_6_read          (read         ) [ 00011000000]
in_7_read          (read         ) [ 00011000000]
empty_14           (wait         ) [ 00000000000]
call_ln0           (call         ) [ 00000000000]
empty_15           (wait         ) [ 00000000000]
empty_16           (wait         ) [ 00000000000]
call_ln0           (call         ) [ 00000000000]
empty_17           (wait         ) [ 00000000000]
empty_18           (wait         ) [ 00000000000]
spectopmodule_ln33 (spectopmodule) [ 00000000000]
specbitsmap_ln0    (specbitsmap  ) [ 00000000000]
specinterface_ln0  (specinterface) [ 00000000000]
specbitsmap_ln0    (specbitsmap  ) [ 00000000000]
specinterface_ln0  (specinterface) [ 00000000000]
specbitsmap_ln0    (specbitsmap  ) [ 00000000000]
specinterface_ln0  (specinterface) [ 00000000000]
specbitsmap_ln0    (specbitsmap  ) [ 00000000000]
specinterface_ln0  (specinterface) [ 00000000000]
specbitsmap_ln0    (specbitsmap  ) [ 00000000000]
specinterface_ln0  (specinterface) [ 00000000000]
specbitsmap_ln0    (specbitsmap  ) [ 00000000000]
specinterface_ln0  (specinterface) [ 00000000000]
specbitsmap_ln0    (specbitsmap  ) [ 00000000000]
specinterface_ln0  (specinterface) [ 00000000000]
specbitsmap_ln0    (specbitsmap  ) [ 00000000000]
specinterface_ln0  (specinterface) [ 00000000000]
specbitsmap_ln0    (specbitsmap  ) [ 00000000000]
specinterface_ln0  (specinterface) [ 00000000000]
specbitsmap_ln0    (specbitsmap  ) [ 00000000000]
specinterface_ln0  (specinterface) [ 00000000000]
specbitsmap_ln0    (specbitsmap  ) [ 00000000000]
specinterface_ln0  (specinterface) [ 00000000000]
specbitsmap_ln0    (specbitsmap  ) [ 00000000000]
specinterface_ln0  (specinterface) [ 00000000000]
empty              (specchannel  ) [ 00000000000]
specinterface_ln0  (specinterface) [ 00000000000]
empty_13           (specchannel  ) [ 00000000000]
specinterface_ln0  (specinterface) [ 00000000000]
call_ln0           (call         ) [ 00000000000]
ret_ln83           (ret          ) [ 00000000000]
</LifeTime>

<model>

<comp_list>
<comp id="0" class="1000" name="in_0">
<pin_list>
<pin id="1" dir="1" index="0" bw="1" slack="0"/>
</pin_list>
<bind>
<StgValue><ssdm name="in_0"/></StgValue>
</bind>
</comp>

<comp id="2" class="1000" name="in_1">
<pin_list>
<pin id="3" dir="1" index="0" bw="1" slack="0"/>
</pin_list>
<bind>
<StgValue><ssdm name="in_1"/></StgValue>
</bind>
</comp>

<comp id="4" class="1000" name="in_2">
<pin_list>
<pin id="5" dir="1" index="0" bw="1" slack="0"/>
</pin_list>
<bind>
<StgValue><ssdm name="in_2"/></StgValue>
</bind>
</comp>

<comp id="6" class="1000" name="in_3">
<pin_list>
<pin id="7" dir="1" index="0" bw="1" slack="0"/>
</pin_list>
<bind>
<StgValue><ssdm name="in_3"/></StgValue>
</bind>
</comp>

<comp id="8" class="1000" name="in_4">
<pin_list>
<pin id="9" dir="1" index="0" bw="1" slack="0"/>
</pin_list>
<bind>
<StgValue><ssdm name="in_4"/></StgValue>
</bind>
</comp>

<comp id="10" class="1000" name="in_5">
<pin_list>
<pin id="11" dir="1" index="0" bw="1" slack="0"/>
</pin_list>
<bind>
<StgValue><ssdm name="in_5"/></StgValue>
</bind>
</comp>

<comp id="12" class="1000" name="in_6">
<pin_list>
<pin id="13" dir="1" index="0" bw="1" slack="0"/>
</pin_list>
<bind>
<StgValue><ssdm name="in_6"/></StgValue>
</bind>
</comp>

<comp id="14" class="1000" name="in_7">
<pin_list>
<pin id="15" dir="1" index="0" bw="1" slack="0"/>
</pin_list>
<bind>
<StgValue><ssdm name="in_7"/></StgValue>
</bind>
</comp>

<comp id="16" class="1000" name="out_0">
<pin_list>
<pin id="17" dir="1" index="0" bw="1" slack="0"/>
</pin_list>
<bind>
<StgValue><ssdm name="out_0"/></StgValue>
</bind>
</comp>

<comp id="18" class="1000" name="out_1">
<pin_list>
<pin id="19" dir="1" index="0" bw="1" slack="0"/>
</pin_list>
<bind>
<StgValue><ssdm name="out_1"/></StgValue>
</bind>
</comp>

<comp id="20" class="1000" name="out_2">
<pin_list>
<pin id="21" dir="1" index="0" bw="1" slack="0"/>
</pin_list>
<bind>
<StgValue><ssdm name="out_2"/></StgValue>
</bind>
</comp>

<comp id="22" class="1000" name="out_3">
<pin_list>
<pin id="23" dir="1" index="0" bw="1" slack="0"/>
</pin_list>
<bind>
<StgValue><ssdm name="out_3"/></StgValue>
</bind>
</comp>

<comp id="24" class="1000" name="loaded">
<pin_list>
<pin id="25" dir="1" index="0" bw="1" slack="0"/>
</pin_list>
<bind>
<StgValue><ssdm name="loaded"/></StgValue>
</bind>
</comp>

<comp id="26" class="1000" name="FC_W">
<pin_list>
<pin id="27" dir="1" index="0" bw="1" slack="0"/>
</pin_list>
<bind>
<StgValue><ssdm name="FC_W"/><MemPortTyVec>1 </MemPortTyVec>
</StgValue>
</bind>
</comp>

<comp id="28" class="1000" name="fc_weights_0">
<pin_list>
<pin id="29" dir="1" index="0" bw="1" slack="0"/>
</pin_list>
<bind>
<StgValue><ssdm name="fc_weights_0"/><MemPortTyVec>2 3 </MemPortTyVec>
</StgValue>
</bind>
</comp>

<comp id="30" class="1000" name="void_Matrix_Vector_Activate_Batch_stream_stream_FixedPointWeightsSp_const_int_3">
<pin_list>
<pin id="31" dir="1" index="0" bw="1" slack="0"/>
</pin_list>
<bind>
<StgValue><ssdm name="void_Matrix_Vector_Activate_Batch_stream_stream_FixedPointWeightsSp_const_int_3"/></StgValue>
</bind>
</comp>

<comp id="32" class="1000" name="void_Matrix_Vector_Activate_Batch_stream_stream_FixedPointWeightsSp_const_int_2">
<pin_list>
<pin id="33" dir="1" index="0" bw="1" slack="0"/>
</pin_list>
<bind>
<StgValue><ssdm name="void_Matrix_Vector_Activate_Batch_stream_stream_FixedPointWeightsSp_const_int_2"/></StgValue>
</bind>
</comp>

<comp id="34" class="1000" name="void_Matrix_Vector_Activate_Batch_stream_stream_FixedPointWeightsSp_const_int_1">
<pin_list>
<pin id="35" dir="1" index="0" bw="1" slack="0"/>
</pin_list>
<bind>
<StgValue><ssdm name="void_Matrix_Vector_Activate_Batch_stream_stream_FixedPointWeightsSp_const_int_1"/></StgValue>
</bind>
</comp>

<comp id="36" class="1000" name="void_Matrix_Vector_Activate_Batch_stream_stream_FixedPointWeightsSp_const_int">
<pin_list>
<pin id="37" dir="1" index="0" bw="1" slack="0"/>
</pin_list>
<bind>
<StgValue><ssdm name="void_Matrix_Vector_Activate_Batch_stream_stream_FixedPointWeightsSp_const_int"/></StgValue>
</bind>
</comp>

<comp id="38" class="1001" name="const_38">
<pin_list>
<pin id="39" dir="1" index="0" bw="1" slack="0"/>
</pin_list>
<bind>
<StgValue><ssdm name=""/></StgValue>
</bind>
</comp>

<comp id="40" class="1001" name="const_40">
<pin_list>
<pin id="41" dir="1" index="0" bw="1" slack="0"/>
</pin_list>
<bind>
<StgValue><ssdm name="load_weights_once"/></StgValue>
</bind>
</comp>

<comp id="42" class="1001" name="const_42">
<pin_list>
<pin id="43" dir="1" index="0" bw="1" slack="0"/>
</pin_list>
<bind>
<StgValue><ssdm name="_ssdm_op_Read.ap_auto.i1P0A"/></StgValue>
</bind>
</comp>

<comp id="44" class="1001" name="const_44">
<pin_list>
<pin id="45" dir="1" index="0" bw="1" slack="2147483647"/>
</pin_list>
<bind>
<StgValue><ssdm name="_ssdm_op_Wait"/></StgValue>
</bind>
</comp>

<comp id="46" class="1001" name="const_46">
<pin_list>
<pin id="47" dir="1" index="0" bw="1" slack="0"/>
</pin_list>
<bind>
<StgValue><ssdm name="fc_finn_top_Pipeline_VITIS_LOOP_44_1"/></StgValue>
</bind>
</comp>

<comp id="48" class="1001" name="const_48">
<pin_list>
<pin id="49" dir="1" index="0" bw="1" slack="0"/>
</pin_list>
<bind>
<StgValue><ssdm name="fc_finn_top_Pipeline_VITIS_LOOP_131_1"/></StgValue>
</bind>
</comp>

<comp id="50" class="1001" name="const_50">
<pin_list>
<pin id="51" dir="1" index="0" bw="1" slack="0"/>
</pin_list>
<bind>
<StgValue><ssdm name="fc_finn_top_Pipeline_VITIS_LOOP_79_2"/></StgValue>
</bind>
</comp>

<comp id="52" class="1001" name="const_52">
<pin_list>
<pin id="53" dir="1" index="0" bw="1" slack="2147483647"/>
</pin_list>
<bind>
<StgValue><ssdm name="_ssdm_op_SpecTopModule"/></StgValue>
</bind>
</comp>

<comp id="54" class="1001" name="const_54">
<pin_list>
<pin id="55" dir="1" index="0" bw="1" slack="2147483647"/>
</pin_list>
<bind>
<StgValue><ssdm name="empty"/></StgValue>
</bind>
</comp>

<comp id="56" class="1001" name="const_56">
<pin_list>
<pin id="57" dir="1" index="0" bw="1" slack="2147483647"/>
</pin_list>
<bind>
<StgValue><ssdm name="_ssdm_op_SpecBitsMap"/></StgValue>
</bind>
</comp>

<comp id="58" class="1001" name="const_58">
<pin_list>
<pin id="59" dir="1" index="0" bw="1" slack="2147483647"/>
</pin_list>
<bind>
<StgValue><ssdm name="_ssdm_op_SpecInterface"/></StgValue>
</bind>
</comp>

<comp id="60" class="1001" name="const_60">
<pin_list>
<pin id="61" dir="1" index="0" bw="1" slack="2147483647"/>
</pin_list>
<bind>
<StgValue><ssdm name="empty_3"/></StgValue>
</bind>
</comp>

<comp id="62" class="1001" name="const_62">
<pin_list>
<pin id="63" dir="1" index="0" bw="1" slack="2147483647"/>
</pin_list>
<bind>
<StgValue><ssdm name=""/></StgValue>
</bind>
</comp>

<comp id="64" class="1001" name="const_64">
<pin_list>
<pin id="65" dir="1" index="0" bw="1" slack="2147483647"/>
</pin_list>
<bind>
<StgValue><ssdm name="empty_2"/></StgValue>
</bind>
</comp>

<comp id="66" class="1001" name="const_66">
<pin_list>
<pin id="67" dir="1" index="0" bw="1" slack="2147483647"/>
</pin_list>
<bind>
<StgValue><ssdm name=""/></StgValue>
</bind>
</comp>

<comp id="68" class="1001" name="const_68">
<pin_list>
<pin id="69" dir="1" index="0" bw="1" slack="2147483647"/>
</pin_list>
<bind>
<StgValue><ssdm name="_ssdm_op_SpecChannel"/></StgValue>
</bind>
</comp>

<comp id="70" class="1001" name="const_70">
<pin_list>
<pin id="71" dir="1" index="0" bw="1" slack="2147483647"/>
</pin_list>
<bind>
<StgValue><ssdm name="in_stream_str"/></StgValue>
</bind>
</comp>

<comp id="72" class="1001" name="const_72">
<pin_list>
<pin id="73" dir="1" index="0" bw="1" slack="2147483647"/>
</pin_list>
<bind>
<StgValue><ssdm name=""/></StgValue>
</bind>
</comp>

<comp id="74" class="1001" name="const_74">
<pin_list>
<pin id="75" dir="1" index="0" bw="1" slack="2147483647"/>
</pin_list>
<bind>
<StgValue><ssdm name="p_str"/></StgValue>
</bind>
</comp>

<comp id="76" class="1001" name="const_76">
<pin_list>
<pin id="77" dir="1" index="0" bw="1" slack="2147483647"/>
</pin_list>
<bind>
<StgValue><ssdm name=""/></StgValue>
</bind>
</comp>

<comp id="78" class="1001" name="const_78">
<pin_list>
<pin id="79" dir="1" index="0" bw="1" slack="2147483647"/>
</pin_list>
<bind>
<StgValue><ssdm name="empty_1"/></StgValue>
</bind>
</comp>

<comp id="80" class="1001" name="const_80">
<pin_list>
<pin id="81" dir="1" index="0" bw="1" slack="2147483647"/>
</pin_list>
<bind>
<StgValue><ssdm name="out_stream_str"/></StgValue>
</bind>
</comp>

<comp id="82" class="1004" name="in_stream_fu_82">
<pin_list>
<pin id="83" dir="0" index="0" bw="1" slack="0"/>
<pin id="84" dir="1" index="1" bw="1" slack="2"/>
</pin_list>
<bind>
<opcode="alloca(26) " fcode="alloca"/>
<opset="in_stream/1 "/>
</bind>
</comp>

<comp id="86" class="1004" name="out_stream_fu_86">
<pin_list>
<pin id="87" dir="0" index="0" bw="1" slack="0"/>
<pin id="88" dir="1" index="1" bw="1" slack="5"/>
</pin_list>
<bind>
<opcode="alloca(26) " fcode="alloca"/>
<opset="out_stream/1 "/>
</bind>
</comp>

<comp id="90" class="1004" name="in_0_read_read_fu_90">
<pin_list>
<pin id="91" dir="0" index="0" bw="1" slack="0"/>
<pin id="92" dir="0" index="1" bw="1" slack="0"/>
<pin id="93" dir="1" index="2" bw="1" slack="1"/>
</pin_list>
<bind>
<opcode="read(1150) " fcode="read"/>
<opset="in_0_read/2 "/>
</bind>
</comp>

<comp id="96" class="1004" name="in_1_read_read_fu_96">
<pin_list>
<pin id="97" dir="0" index="0" bw="1" slack="0"/>
<pin id="98" dir="0" index="1" bw="1" slack="0"/>
<pin id="99" dir="1" index="2" bw="1" slack="1"/>
</pin_list>
<bind>
<opcode="read(1150) " fcode="read"/>
<opset="in_1_read/2 "/>
</bind>
</comp>

<comp id="102" class="1004" name="in_2_read_read_fu_102">
<pin_list>
<pin id="103" dir="0" index="0" bw="1" slack="0"/>
<pin id="104" dir="0" index="1" bw="1" slack="0"/>
<pin id="105" dir="1" index="2" bw="1" slack="1"/>
</pin_list>
<bind>
<opcode="read(1150) " fcode="read"/>
<opset="in_2_read/2 "/>
</bind>
</comp>

<comp id="108" class="1004" name="in_3_read_read_fu_108">
<pin_list>
<pin id="109" dir="0" index="0" bw="1" slack="0"/>
<pin id="110" dir="0" index="1" bw="1" slack="0"/>
<pin id="111" dir="1" index="2" bw="1" slack="1"/>
</pin_list>
<bind>
<opcode="read(1150) " fcode="read"/>
<opset="in_3_read/2 "/>
</bind>
</comp>

<comp id="114" class="1004" name="in_4_read_read_fu_114">
<pin_list>
<pin id="115" dir="0" index="0" bw="1" slack="0"/>
<pin id="116" dir="0" index="1" bw="1" slack="0"/>
<pin id="117" dir="1" index="2" bw="1" slack="1"/>
</pin_list>
<bind>
<opcode="read(1150) " fcode="read"/>
<opset="in_4_read/2 "/>
</bind>
</comp>

<comp id="120" class="1004" name="in_5_read_read_fu_120">
<pin_list>
<pin id="121" dir="0" index="0" bw="1" slack="0"/>
<pin id="122" dir="0" index="1" bw="1" slack="0"/>
<pin id="123" dir="1" index="2" bw="1" slack="1"/>
</pin_list>
<bind>
<opcode="read(1150) " fcode="read"/>
<opset="in_5_read/2 "/>
</bind>
</comp>

<comp id="126" class="1004" name="in_6_read_read_fu_126">
<pin_list>
<pin id="127" dir="0" index="0" bw="1" slack="0"/>
<pin id="128" dir="0" index="1" bw="1" slack="0"/>
<pin id="129" dir="1" index="2" bw="1" slack="1"/>
</pin_list>
<bind>
<opcode="read(1150) " fcode="read"/>
<opset="in_6_read/2 "/>
</bind>
</comp>

<comp id="132" class="1004" name="in_7_read_read_fu_132">
<pin_list>
<pin id="133" dir="0" index="0" bw="1" slack="0"/>
<pin id="134" dir="0" index="1" bw="1" slack="0"/>
<pin id="135" dir="1" index="2" bw="1" slack="1"/>
</pin_list>
<bind>
<opcode="read(1150) " fcode="read"/>
<opset="in_7_read/2 "/>
</bind>
</comp>

<comp id="138" class="1004" name="grp_load_weights_once_fu_138">
<pin_list>
<pin id="139" dir="0" index="0" bw="0" slack="0"/>
<pin id="140" dir="0" index="1" bw="1" slack="0"/>
<pin id="141" dir="0" index="2" bw="2" slack="0"/>
<pin id="142" dir="0" index="3" bw="2" slack="0"/>
<pin id="143" dir="1" index="4" bw="0" slack="2147483647"/>
</pin_list>
<bind>
<opcode="call(48) " fcode="call"/>
<opset="call_ln37/1 "/>
</bind>
</comp>

<comp id="148" class="1004" name="grp_fc_finn_top_Pipeline_VITIS_LOOP_44_1_fu_148">
<pin_list>
<pin id="149" dir="0" index="0" bw="0" slack="0"/>
<pin id="150" dir="0" index="1" bw="1" slack="1"/>
<pin id="151" dir="0" index="2" bw="1" slack="1"/>
<pin id="152" dir="0" index="3" bw="1" slack="1"/>
<pin id="153" dir="0" index="4" bw="1" slack="1"/>
<pin id="154" dir="0" index="5" bw="1" slack="1"/>
<pin id="155" dir="0" index="6" bw="1" slack="1"/>
<pin id="156" dir="0" index="7" bw="1" slack="1"/>
<pin id="157" dir="0" index="8" bw="1" slack="1"/>
<pin id="158" dir="0" index="9" bw="1" slack="2"/>
<pin id="159" dir="1" index="10" bw="0" slack="2147483647"/>
</pin_list>
<bind>
<opcode="call(48) " fcode="call"/>
<opset="call_ln0/3 "/>
</bind>
</comp>

<comp id="161" class="1004" name="grp_fc_finn_top_Pipeline_VITIS_LOOP_131_1_fu_161">
<pin_list>
<pin id="162" dir="0" index="0" bw="0" slack="0"/>
<pin id="163" dir="0" index="1" bw="1" slack="5"/>
<pin id="164" dir="0" index="2" bw="1" slack="5"/>
<pin id="165" dir="0" index="3" bw="16" slack="0"/>
<pin id="166" dir="0" index="4" bw="16" slack="0"/>
<pin id="167" dir="0" index="5" bw="16" slack="0"/>
<pin id="168" dir="0" index="6" bw="16" slack="0"/>
<pin id="169" dir="0" index="7" bw="2" slack="0"/>
<pin id="170" dir="1" index="8" bw="0" slack="2147483647"/>
</pin_list>
<bind>
<opcode="call(48) " fcode="call"/>
<opset="call_ln0/6 "/>
</bind>
</comp>

<comp id="177" class="1004" name="grp_fc_finn_top_Pipeline_VITIS_LOOP_79_2_fu_177">
<pin_list>
<pin id="178" dir="0" index="0" bw="0" slack="0"/>
<pin id="179" dir="0" index="1" bw="1" slack="0"/>
<pin id="180" dir="0" index="2" bw="1" slack="0"/>
<pin id="181" dir="0" index="3" bw="1" slack="0"/>
<pin id="182" dir="0" index="4" bw="1" slack="0"/>
<pin id="183" dir="0" index="5" bw="1" slack="8"/>
<pin id="184" dir="1" index="6" bw="0" slack="2147483647"/>
</pin_list>
<bind>
<opcode="call(48) " fcode="call"/>
<opset="call_ln0/9 "/>
</bind>
</comp>

<comp id="190" class="1005" name="in_stream_reg_190">
<pin_list>
<pin id="191" dir="0" index="0" bw="1" slack="2"/>
<pin id="192" dir="1" index="1" bw="1" slack="2"/>
</pin_list>
<bind>
<opset="in_stream "/>
</bind>
</comp>

<comp id="196" class="1005" name="out_stream_reg_196">
<pin_list>
<pin id="197" dir="0" index="0" bw="1" slack="5"/>
<pin id="198" dir="1" index="1" bw="1" slack="5"/>
</pin_list>
<bind>
<opset="out_stream "/>
</bind>
</comp>

<comp id="202" class="1005" name="in_0_read_reg_202">
<pin_list>
<pin id="203" dir="0" index="0" bw="1" slack="1"/>
<pin id="204" dir="1" index="1" bw="1" slack="1"/>
</pin_list>
<bind>
<opset="in_0_read "/>
</bind>
</comp>

<comp id="207" class="1005" name="in_1_read_reg_207">
<pin_list>
<pin id="208" dir="0" index="0" bw="1" slack="1"/>
<pin id="209" dir="1" index="1" bw="1" slack="1"/>
</pin_list>
<bind>
<opset="in_1_read "/>
</bind>
</comp>

<comp id="212" class="1005" name="in_2_read_reg_212">
<pin_list>
<pin id="213" dir="0" index="0" bw="1" slack="1"/>
<pin id="214" dir="1" index="1" bw="1" slack="1"/>
</pin_list>
<bind>
<opset="in_2_read "/>
</bind>
</comp>

<comp id="217" class="1005" name="in_3_read_reg_217">
<pin_list>
<pin id="218" dir="0" index="0" bw="1" slack="1"/>
<pin id="219" dir="1" index="1" bw="1" slack="1"/>
</pin_list>
<bind>
<opset="in_3_read "/>
</bind>
</comp>

<comp id="222" class="1005" name="in_4_read_reg_222">
<pin_list>
<pin id="223" dir="0" index="0" bw="1" slack="1"/>
<pin id="224" dir="1" index="1" bw="1" slack="1"/>
</pin_list>
<bind>
<opset="in_4_read "/>
</bind>
</comp>

<comp id="227" class="1005" name="in_5_read_reg_227">
<pin_list>
<pin id="228" dir="0" index="0" bw="1" slack="1"/>
<pin id="229" dir="1" index="1" bw="1" slack="1"/>
</pin_list>
<bind>
<opset="in_5_read "/>
</bind>
</comp>

<comp id="232" class="1005" name="in_6_read_reg_232">
<pin_list>
<pin id="233" dir="0" index="0" bw="1" slack="1"/>
<pin id="234" dir="1" index="1" bw="1" slack="1"/>
</pin_list>
<bind>
<opset="in_6_read "/>
</bind>
</comp>

<comp id="237" class="1005" name="in_7_read_reg_237">
<pin_list>
<pin id="238" dir="0" index="0" bw="1" slack="1"/>
<pin id="239" dir="1" index="1" bw="1" slack="1"/>
</pin_list>
<bind>
<opset="in_7_read "/>
</bind>
</comp>

</comp_list>

<net_list>
<net id="85"><net_src comp="38" pin="0"/><net_sink comp="82" pin=0"/></net>

<net id="89"><net_src comp="38" pin="0"/><net_sink comp="86" pin=0"/></net>

<net id="94"><net_src comp="42" pin="0"/><net_sink comp="90" pin=0"/></net>

<net id="95"><net_src comp="0" pin="0"/><net_sink comp="90" pin=1"/></net>

<net id="100"><net_src comp="42" pin="0"/><net_sink comp="96" pin=0"/></net>

<net id="101"><net_src comp="2" pin="0"/><net_sink comp="96" pin=1"/></net>

<net id="106"><net_src comp="42" pin="0"/><net_sink comp="102" pin=0"/></net>

<net id="107"><net_src comp="4" pin="0"/><net_sink comp="102" pin=1"/></net>

<net id="112"><net_src comp="42" pin="0"/><net_sink comp="108" pin=0"/></net>

<net id="113"><net_src comp="6" pin="0"/><net_sink comp="108" pin=1"/></net>

<net id="118"><net_src comp="42" pin="0"/><net_sink comp="114" pin=0"/></net>

<net id="119"><net_src comp="8" pin="0"/><net_sink comp="114" pin=1"/></net>

<net id="124"><net_src comp="42" pin="0"/><net_sink comp="120" pin=0"/></net>

<net id="125"><net_src comp="10" pin="0"/><net_sink comp="120" pin=1"/></net>

<net id="130"><net_src comp="42" pin="0"/><net_sink comp="126" pin=0"/></net>

<net id="131"><net_src comp="12" pin="0"/><net_sink comp="126" pin=1"/></net>

<net id="136"><net_src comp="42" pin="0"/><net_sink comp="132" pin=0"/></net>

<net id="137"><net_src comp="14" pin="0"/><net_sink comp="132" pin=1"/></net>

<net id="144"><net_src comp="40" pin="0"/><net_sink comp="138" pin=0"/></net>

<net id="145"><net_src comp="24" pin="0"/><net_sink comp="138" pin=1"/></net>

<net id="146"><net_src comp="26" pin="0"/><net_sink comp="138" pin=2"/></net>

<net id="147"><net_src comp="28" pin="0"/><net_sink comp="138" pin=3"/></net>

<net id="160"><net_src comp="46" pin="0"/><net_sink comp="148" pin=0"/></net>

<net id="171"><net_src comp="48" pin="0"/><net_sink comp="161" pin=0"/></net>

<net id="172"><net_src comp="30" pin="0"/><net_sink comp="161" pin=3"/></net>

<net id="173"><net_src comp="32" pin="0"/><net_sink comp="161" pin=4"/></net>

<net id="174"><net_src comp="34" pin="0"/><net_sink comp="161" pin=5"/></net>

<net id="175"><net_src comp="36" pin="0"/><net_sink comp="161" pin=6"/></net>

<net id="176"><net_src comp="28" pin="0"/><net_sink comp="161" pin=7"/></net>

<net id="185"><net_src comp="50" pin="0"/><net_sink comp="177" pin=0"/></net>

<net id="186"><net_src comp="16" pin="0"/><net_sink comp="177" pin=1"/></net>

<net id="187"><net_src comp="22" pin="0"/><net_sink comp="177" pin=2"/></net>

<net id="188"><net_src comp="20" pin="0"/><net_sink comp="177" pin=3"/></net>

<net id="189"><net_src comp="18" pin="0"/><net_sink comp="177" pin=4"/></net>

<net id="193"><net_src comp="82" pin="1"/><net_sink comp="190" pin=0"/></net>

<net id="194"><net_src comp="190" pin="1"/><net_sink comp="148" pin=9"/></net>

<net id="195"><net_src comp="190" pin="1"/><net_sink comp="161" pin=1"/></net>

<net id="199"><net_src comp="86" pin="1"/><net_sink comp="196" pin=0"/></net>

<net id="200"><net_src comp="196" pin="1"/><net_sink comp="161" pin=2"/></net>

<net id="201"><net_src comp="196" pin="1"/><net_sink comp="177" pin=5"/></net>

<net id="205"><net_src comp="90" pin="2"/><net_sink comp="202" pin=0"/></net>

<net id="206"><net_src comp="202" pin="1"/><net_sink comp="148" pin=1"/></net>

<net id="210"><net_src comp="96" pin="2"/><net_sink comp="207" pin=0"/></net>

<net id="211"><net_src comp="207" pin="1"/><net_sink comp="148" pin=2"/></net>

<net id="215"><net_src comp="102" pin="2"/><net_sink comp="212" pin=0"/></net>

<net id="216"><net_src comp="212" pin="1"/><net_sink comp="148" pin=3"/></net>

<net id="220"><net_src comp="108" pin="2"/><net_sink comp="217" pin=0"/></net>

<net id="221"><net_src comp="217" pin="1"/><net_sink comp="148" pin=4"/></net>

<net id="225"><net_src comp="114" pin="2"/><net_sink comp="222" pin=0"/></net>

<net id="226"><net_src comp="222" pin="1"/><net_sink comp="148" pin=5"/></net>

<net id="230"><net_src comp="120" pin="2"/><net_sink comp="227" pin=0"/></net>

<net id="231"><net_src comp="227" pin="1"/><net_sink comp="148" pin=6"/></net>

<net id="235"><net_src comp="126" pin="2"/><net_sink comp="232" pin=0"/></net>

<net id="236"><net_src comp="232" pin="1"/><net_sink comp="148" pin=7"/></net>

<net id="240"><net_src comp="132" pin="2"/><net_sink comp="237" pin=0"/></net>

<net id="241"><net_src comp="237" pin="1"/><net_sink comp="148" pin=8"/></net>

</net_list>

</model> 
---------------- Datapath Model END ------------------

* FSMD analyzer results:
  - Output states:
	Port: out_0 | {9 10 }
	Port: out_1 | {9 10 }
	Port: out_2 | {9 10 }
	Port: out_3 | {9 10 }
	Port: loaded | {1 2 }
	Port: fc_weights_0 | {1 2 }
	Port: void_Matrix_Vector_Activate_Batch_stream_stream_FixedPointWeightsSp_const_int_3 | {6 7 }
	Port: void_Matrix_Vector_Activate_Batch_stream_stream_FixedPointWeightsSp_const_int_2 | {6 7 }
	Port: void_Matrix_Vector_Activate_Batch_stream_stream_FixedPointWeightsSp_const_int_1 | {6 7 }
	Port: void_Matrix_Vector_Activate_Batch_stream_stream_FixedPointWeightsSp_const_int | {6 7 }
 - Input state : 
	Port: fc_finn_top : in_0 | {2 }
	Port: fc_finn_top : in_1 | {2 }
	Port: fc_finn_top : in_2 | {2 }
	Port: fc_finn_top : in_3 | {2 }
	Port: fc_finn_top : in_4 | {2 }
	Port: fc_finn_top : in_5 | {2 }
	Port: fc_finn_top : in_6 | {2 }
	Port: fc_finn_top : in_7 | {2 }
	Port: fc_finn_top : loaded | {1 2 }
	Port: fc_finn_top : FC_W | {1 2 }
	Port: fc_finn_top : fc_weights_0 | {6 7 }
	Port: fc_finn_top : void_Matrix_Vector_Activate_Batch_stream_stream_FixedPointWeightsSp_const_int_3 | {6 7 }
	Port: fc_finn_top : void_Matrix_Vector_Activate_Batch_stream_stream_FixedPointWeightsSp_const_int_2 | {6 7 }
	Port: fc_finn_top : void_Matrix_Vector_Activate_Batch_stream_stream_FixedPointWeightsSp_const_int_1 | {6 7 }
	Port: fc_finn_top : void_Matrix_Vector_Activate_Batch_stream_stream_FixedPointWeightsSp_const_int | {6 7 }
  - Chain level:
	State 1
	State 2
	State 3
	State 4
	State 5
	State 6
	State 7
	State 8
	State 9
	State 10


============================================================
+ Verbose Summary: Datapath Resource usage 
============================================================

* Functional unit list:
|----------|--------------------------------------------------|---------|---------|---------|
| Operation|                  Functional Unit                 |  Delay  |    FF   |   LUT   |
|----------|--------------------------------------------------|---------|---------|---------|
|          |           grp_load_weights_once_fu_138           |  0.387  |    83   |    88   |
|   call   |  grp_fc_finn_top_Pipeline_VITIS_LOOP_44_1_fu_148 |    0    |    5    |    67   |
|          | grp_fc_finn_top_Pipeline_VITIS_LOOP_131_1_fu_161 |  0.387  |   142   |   522   |
|          |  grp_fc_finn_top_Pipeline_VITIS_LOOP_79_2_fu_177 |    0    |    5    |    20   |
|----------|--------------------------------------------------|---------|---------|---------|
|          |               in_0_read_read_fu_90               |    0    |    0    |    0    |
|          |               in_1_read_read_fu_96               |    0    |    0    |    0    |
|          |               in_2_read_read_fu_102              |    0    |    0    |    0    |
|   read   |               in_3_read_read_fu_108              |    0    |    0    |    0    |
|          |               in_4_read_read_fu_114              |    0    |    0    |    0    |
|          |               in_5_read_read_fu_120              |    0    |    0    |    0    |
|          |               in_6_read_read_fu_126              |    0    |    0    |    0    |
|          |               in_7_read_read_fu_132              |    0    |    0    |    0    |
|----------|--------------------------------------------------|---------|---------|---------|
|   Total  |                                                  |  0.774  |   235   |   697   |
|----------|--------------------------------------------------|---------|---------|---------|

Memories:
+------------+--------+--------+--------+--------+
|            |  BRAM  |   FF   |   LUT  |  URAM  |
+------------+--------+--------+--------+--------+
|    FC_W    |    0   |    2   |    3   |    -   |
|fc_weights_0|    0   |    2   |    3   |    0   |
+------------+--------+--------+--------+--------+
|    Total   |    0   |    4   |    6   |    0   |
+------------+--------+--------+--------+--------+

* Register list:
+------------------+--------+
|                  |   FF   |
+------------------+--------+
| in_0_read_reg_202|    1   |
| in_1_read_reg_207|    1   |
| in_2_read_reg_212|    1   |
| in_3_read_reg_217|    1   |
| in_4_read_reg_222|    1   |
| in_5_read_reg_227|    1   |
| in_6_read_reg_232|    1   |
| in_7_read_reg_237|    1   |
| in_stream_reg_190|    1   |
|out_stream_reg_196|    1   |
+------------------+--------+
|       Total      |   10   |
+------------------+--------+

* Multiplexer (MUX) list: 
|--------|------|------|------|--------|
|  Comp  |  Pin | Size |  BW  | S x BW |
|--------|------|------|------|--------|
|  Total |      |      |      |    0   |
|--------|------|------|------|--------|



* Summary:
+-----------+--------+--------+--------+--------+--------+
|           |  BRAM  |  Delay |   FF   |   LUT  |  URAM  |
+-----------+--------+--------+--------+--------+--------+
|  Function |    -   |    0   |   235  |   697  |    -   |
|   Memory  |    0   |    -   |    4   |    6   |    0   |
|Multiplexer|    -   |    -   |    -   |    -   |    -   |
|  Register |    -   |    -   |   10   |    -   |    -   |
+-----------+--------+--------+--------+--------+--------+
|   Total   |    0   |    0   |   249  |   703  |    0   |
+-----------+--------+--------+--------+--------+--------+
