

================================================================
== Vitis HLS Report for 'load_weights_once_Pipeline_VITIS_LOOP_21_1_VITIS_LOOP_22_2'
================================================================
* Date:           Sat Apr 25 21:40:49 2026

* Version:        2023.1 (Build 3854077 on May  4 2023)
* Project:        fc_finn_prj
* Solution:       xcvu9p-flga2577-2-e (Vivado IP Flow Target)
* Product family: virtexuplus
* Target device:  xcvu9p-flga2577-2-e


================================================================
== Performance Estimates
================================================================
+ Timing: 
    * Summary: 
    +--------+----------+----------+------------+
    |  Clock |  Target  | Estimated| Uncertainty|
    +--------+----------+----------+------------+
    |ap_clk  |  10.00 ns|  2.405 ns|     2.70 ns|
    +--------+----------+----------+------------+

+ Latency: 
    * Summary: 
    +---------+---------+----------+----------+-----+-----+---------+
    |  Latency (cycles) |  Latency (absolute) |  Interval | Pipeline|
    |   min   |   max   |    min   |    max   | min | max |   Type  |
    +---------+---------+----------+----------+-----+-----+---------+
    |       34|       34|  0.340 us|  0.340 us|   34|   34|       no|
    +---------+---------+----------+----------+-----+-----+---------+

    + Detail: 
        * Instance: 
        N/A

        * Loop: 
        +-----------------------------------+---------+---------+----------+-----------+-----------+------+----------+
        |                                   |  Latency (cycles) | Iteration|  Initiation Interval  | Trip |          |
        |             Loop Name             |   min   |   max   |  Latency |  achieved |   target  | Count| Pipelined|
        +-----------------------------------+---------+---------+----------+-----------+-----------+------+----------+
        |- VITIS_LOOP_21_1_VITIS_LOOP_22_2  |       32|       32|         2|          1|          1|    32|       yes|
        +-----------------------------------+---------+---------+----------+-----------+-----------+------+----------+



================================================================
== Utilization Estimates
================================================================
* Summary: 
+---------------------+---------+------+---------+---------+-----+
|         Name        | BRAM_18K|  DSP |    FF   |   LUT   | URAM|
+---------------------+---------+------+---------+---------+-----+
|DSP                  |        -|     -|        -|        -|    -|
|Expression           |        -|     -|        0|       82|    -|
|FIFO                 |        -|     -|        -|        -|    -|
|Instance             |        -|     -|        -|        -|    -|
|Memory               |        0|     -|        2|        3|    -|
|Multiplexer          |        -|     -|        -|       72|    -|
|Register             |        -|     -|       21|        -|    -|
+---------------------+---------+------+---------+---------+-----+
|Total                |        0|     0|       23|      157|    0|
+---------------------+---------+------+---------+---------+-----+
|Available SLR        |     1440|  2280|   788160|   394080|  320|
+---------------------+---------+------+---------+---------+-----+
|Utilization SLR (%)  |        0|     0|       ~0|       ~0|    0|
+---------------------+---------+------+---------+---------+-----+
|Available            |     4320|  6840|  2364480|  1182240|  960|
+---------------------+---------+------+---------+---------+-----+
|Utilization (%)      |        0|     0|       ~0|       ~0|    0|
+---------------------+---------+------+---------+---------+-----+

+ Detail: 
    * Instance: 
    N/A

    * DSP: 
    N/A

    * Memory: 
    +--------+-----------------------------------------------------------------------------+---------+---+----+-----+------+-----+------+-------------+
    | Memory |                                    Module                                   | BRAM_18K| FF| LUT| URAM| Words| Bits| Banks| W*Bits*Banks|
    +--------+-----------------------------------------------------------------------------+---------+---+----+-----+------+-----+------+-------------+
    |FC_W_U  |load_weights_once_Pipeline_VITIS_LOOP_21_1_VITIS_LOOP_22_2_FC_W_ROM_AUTO_1R  |        0|  2|   3|    0|    32|    2|     1|           64|
    +--------+-----------------------------------------------------------------------------+---------+---+----+-----+------+-----+------+-------------+
    |Total   |                                                                             |        0|  2|   3|    0|    32|    2|     1|           64|
    +--------+-----------------------------------------------------------------------------+---------+---+----+-----+------+-----+------+-------------+

    * FIFO: 
    N/A

    * Expression: 
    +-------------------------+----------+----+---+----+------------+------------+
    |      Variable Name      | Operation| DSP| FF| LUT| Bitwidth P0| Bitwidth P1|
    +-------------------------+----------+----+---+----+------------+------------+
    |add_ln21_1_fu_105_p2     |         +|   0|  0|  13|           6|           1|
    |add_ln21_fu_117_p2       |         +|   0|  0|  10|           3|           1|
    |add_ln22_fu_172_p2       |         +|   0|  0|  12|           4|           1|
    |add_ln25_fu_161_p2       |         +|   0|  0|  12|           5|           5|
    |icmp_ln21_fu_99_p2       |      icmp|   0|  0|  14|           6|           7|
    |icmp_ln22_fu_123_p2      |      icmp|   0|  0|  12|           4|           5|
    |select_ln21_1_fu_137_p3  |    select|   0|  0|   3|           1|           3|
    |select_ln21_fu_129_p3    |    select|   0|  0|   4|           1|           1|
    |ap_enable_pp0            |       xor|   0|  0|   2|           1|           2|
    +-------------------------+----------+----+---+----+------------+------------+
    |Total                    |          |   0|  0|  82|          31|          26|
    +-------------------------+----------+----+---+----+------------+------------+

    * Multiplexer: 
    +--------------------------------------+----+-----------+-----+-----------+
    |                 Name                 | LUT| Input Size| Bits| Total Bits|
    +--------------------------------------+----+-----------+-----+-----------+
    |ap_done_int                           |   9|          2|    1|          2|
    |ap_enable_reg_pp0_iter1               |   9|          2|    1|          2|
    |ap_sig_allocacmp_col_load             |   9|          2|    4|          8|
    |ap_sig_allocacmp_indvar_flatten_load  |   9|          2|    6|         12|
    |ap_sig_allocacmp_row_load             |   9|          2|    3|          6|
    |col_fu_42                             |   9|          2|    4|          8|
    |indvar_flatten_fu_50                  |   9|          2|    6|         12|
    |row_fu_46                             |   9|          2|    3|          6|
    +--------------------------------------+----+-----------+-----+-----------+
    |Total                                 |  72|         16|   28|         56|
    +--------------------------------------+----+-----------+-----+-----------+

    * Register: 
    +-------------------------+---+----+-----+-----------+
    |           Name          | FF| LUT| Bits| Const Bits|
    +-------------------------+---+----+-----+-----------+
    |ap_CS_fsm                |  1|   0|    1|          0|
    |ap_done_reg              |  1|   0|    1|          0|
    |ap_enable_reg_pp0_iter1  |  1|   0|    1|          0|
    |col_fu_42                |  4|   0|    4|          0|
    |indvar_flatten_fu_50     |  6|   0|    6|          0|
    |row_fu_46                |  3|   0|    3|          0|
    |zext_ln25_1_reg_217      |  5|   0|   64|         59|
    +-------------------------+---+----+-----+-----------+
    |Total                    | 21|   0|   80|         59|
    +-------------------------+---+----+-----+-----------+



================================================================
== Interface
================================================================
* Summary: 
+-----------------------+-----+-----+------------+------------------------------------------------------------+--------------+
|       RTL Ports       | Dir | Bits|  Protocol  |                        Source Object                       |    C Type    |
+-----------------------+-----+-----+------------+------------------------------------------------------------+--------------+
|ap_clk                 |   in|    1|  ap_ctrl_hs|  load_weights_once_Pipeline_VITIS_LOOP_21_1_VITIS_LOOP_22_2|  return value|
|ap_rst                 |   in|    1|  ap_ctrl_hs|  load_weights_once_Pipeline_VITIS_LOOP_21_1_VITIS_LOOP_22_2|  return value|
|ap_start               |   in|    1|  ap_ctrl_hs|  load_weights_once_Pipeline_VITIS_LOOP_21_1_VITIS_LOOP_22_2|  return value|
|ap_done                |  out|    1|  ap_ctrl_hs|  load_weights_once_Pipeline_VITIS_LOOP_21_1_VITIS_LOOP_22_2|  return value|
|ap_idle                |  out|    1|  ap_ctrl_hs|  load_weights_once_Pipeline_VITIS_LOOP_21_1_VITIS_LOOP_22_2|  return value|
|ap_ready               |  out|    1|  ap_ctrl_hs|  load_weights_once_Pipeline_VITIS_LOOP_21_1_VITIS_LOOP_22_2|  return value|
|fc_weights_0_address0  |  out|    5|   ap_memory|                                                fc_weights_0|         array|
|fc_weights_0_ce0       |  out|    1|   ap_memory|                                                fc_weights_0|         array|
|fc_weights_0_we0       |  out|    1|   ap_memory|                                                fc_weights_0|         array|
|fc_weights_0_d0        |  out|    2|   ap_memory|                                                fc_weights_0|         array|
+-----------------------+-----+-----+------------+------------------------------------------------------------+--------------+

============================================================
+ Verbose Summary: Synthesis Manager
============================================================
InlineROM: 1
ExposeGlobal: 0
============================================================
+ Verbose Summary: CDFG Model
============================================================
IsTopModel: 0
ResetActiveHigh: 1
IsCombinational: 2
IsDatapathOnly: 2
HasWiredReturn: 1
HasMFsm: 2
HasVarLatency: 1
IsPipeline: 0
IsRtlPipelined: 0
IsInstanceOverlapped: 0
IsDontTouch: 0
HasImplIP: 0
IsGatedGlobalClock: 0

+ Individual pipeline summary: 
  * Pipeline-0: initiation interval (II) = 1, depth = 2


============================================================
+ Verbose Summary: Schedule
============================================================
* Number of FSM states : 2
* Pipeline : 1
  Pipeline-0 : II = 1, D = 2, States = { 1 2 }
* Dataflow Pipeline: 0

* FSM state transitions: 
1 --> 2 
2 --> 

* FSM state operations: 

State 1 <SV = 0> <Delay = 2.40>
ST_1 : Operation 5 [1/1] (0.00ns)   --->   "%col = alloca i32 1"   --->   Operation 5 'alloca' 'col' <Predicate = true> <Delay = 0.00>
ST_1 : Operation 6 [1/1] (0.00ns)   --->   "%row = alloca i32 1"   --->   Operation 6 'alloca' 'row' <Predicate = true> <Delay = 0.00>
ST_1 : Operation 7 [1/1] (0.00ns)   --->   "%indvar_flatten = alloca i32 1"   --->   Operation 7 'alloca' 'indvar_flatten' <Predicate = true> <Delay = 0.00>
ST_1 : Operation 8 [1/1] (0.38ns)   --->   "%store_ln0 = store i6 0, i6 %indvar_flatten"   --->   Operation 8 'store' 'store_ln0' <Predicate = true> <Delay = 0.38>
ST_1 : Operation 9 [1/1] (0.38ns)   --->   "%store_ln0 = store i3 0, i3 %row"   --->   Operation 9 'store' 'store_ln0' <Predicate = true> <Delay = 0.38>
ST_1 : Operation 10 [1/1] (0.38ns)   --->   "%store_ln0 = store i4 0, i4 %col"   --->   Operation 10 'store' 'store_ln0' <Predicate = true> <Delay = 0.38>
ST_1 : Operation 11 [1/1] (0.00ns)   --->   "%br_ln0 = br void %for.inc"   --->   Operation 11 'br' 'br_ln0' <Predicate = true> <Delay = 0.00>
ST_1 : Operation 12 [1/1] (0.00ns)   --->   "%indvar_flatten_load = load i6 %indvar_flatten" [/home/coder/Desktop/s2n2/convSNN/fc_finn_top.cpp:21]   --->   Operation 12 'load' 'indvar_flatten_load' <Predicate = true> <Delay = 0.00>
ST_1 : Operation 13 [1/1] (0.70ns)   --->   "%icmp_ln21 = icmp_eq  i6 %indvar_flatten_load, i6 32" [/home/coder/Desktop/s2n2/convSNN/fc_finn_top.cpp:21]   --->   Operation 13 'icmp' 'icmp_ln21' <Predicate = true> <Delay = 0.70> <CoreInst = "Cmp">   --->   Core 9 'Cmp' <Latency = 0> <II = 1> <Delay = 0.70> <FuncUnit> <Opcode : 'icmp'> <InPorts = 2> <OutPorts = 1>
ST_1 : Operation 14 [1/1] (0.70ns)   --->   "%add_ln21_1 = add i6 %indvar_flatten_load, i6 1" [/home/coder/Desktop/s2n2/convSNN/fc_finn_top.cpp:21]   --->   Operation 14 'add' 'add_ln21_1' <Predicate = true> <Delay = 0.70> <CoreInst = "Adder">   --->   Core 1 'Adder' <Latency = 0> <II = 1> <Delay = 0.70> <FuncUnit> <Opcode : 'add' 'sub'> <InPorts = 2> <OutPorts = 1>
ST_1 : Operation 15 [1/1] (0.00ns)   --->   "%br_ln21 = br i1 %icmp_ln21, void %for.inc9, void %for.end11.exitStub" [/home/coder/Desktop/s2n2/convSNN/fc_finn_top.cpp:21]   --->   Operation 15 'br' 'br_ln21' <Predicate = true> <Delay = 0.00>
ST_1 : Operation 16 [1/1] (0.00ns)   --->   "%col_load = load i4 %col" [/home/coder/Desktop/s2n2/convSNN/fc_finn_top.cpp:22]   --->   Operation 16 'load' 'col_load' <Predicate = (!icmp_ln21)> <Delay = 0.00>
ST_1 : Operation 17 [1/1] (0.00ns)   --->   "%row_load = load i3 %row" [/home/coder/Desktop/s2n2/convSNN/fc_finn_top.cpp:21]   --->   Operation 17 'load' 'row_load' <Predicate = (!icmp_ln21)> <Delay = 0.00>
ST_1 : Operation 18 [1/1] (0.57ns)   --->   "%add_ln21 = add i3 %row_load, i3 1" [/home/coder/Desktop/s2n2/convSNN/fc_finn_top.cpp:21]   --->   Operation 18 'add' 'add_ln21' <Predicate = (!icmp_ln21)> <Delay = 0.57> <CoreInst = "Adder">   --->   Core 1 'Adder' <Latency = 0> <II = 1> <Delay = 0.57> <FuncUnit> <Opcode : 'add' 'sub'> <InPorts = 2> <OutPorts = 1>
ST_1 : Operation 19 [1/1] (0.70ns)   --->   "%icmp_ln22 = icmp_eq  i4 %col_load, i4 8" [/home/coder/Desktop/s2n2/convSNN/fc_finn_top.cpp:22]   --->   Operation 19 'icmp' 'icmp_ln22' <Predicate = (!icmp_ln21)> <Delay = 0.70> <CoreInst = "Cmp">   --->   Core 9 'Cmp' <Latency = 0> <II = 1> <Delay = 0.70> <FuncUnit> <Opcode : 'icmp'> <InPorts = 2> <OutPorts = 1>
ST_1 : Operation 20 [1/1] (0.35ns)   --->   "%select_ln21 = select i1 %icmp_ln22, i4 0, i4 %col_load" [/home/coder/Desktop/s2n2/convSNN/fc_finn_top.cpp:21]   --->   Operation 20 'select' 'select_ln21' <Predicate = (!icmp_ln21)> <Delay = 0.35> <CoreInst = "Sel">   --->   Core 73 'Sel' <Latency = 0> <II = 1> <Delay = 0.35> <FuncUnit> <Opcode : 'select'> <InPorts = 3> <OutPorts = 1>
ST_1 : Operation 21 [1/1] (0.27ns)   --->   "%select_ln21_1 = select i1 %icmp_ln22, i3 %add_ln21, i3 %row_load" [/home/coder/Desktop/s2n2/convSNN/fc_finn_top.cpp:21]   --->   Operation 21 'select' 'select_ln21_1' <Predicate = (!icmp_ln21)> <Delay = 0.27> <CoreInst = "Sel">   --->   Core 73 'Sel' <Latency = 0> <II = 1> <Delay = 0.27> <FuncUnit> <Opcode : 'select'> <InPorts = 3> <OutPorts = 1>
ST_1 : Operation 22 [1/1] (0.00ns)   --->   "%trunc_ln25 = trunc i3 %select_ln21_1" [/home/coder/Desktop/s2n2/convSNN/fc_finn_top.cpp:25]   --->   Operation 22 'trunc' 'trunc_ln25' <Predicate = (!icmp_ln21)> <Delay = 0.00>
ST_1 : Operation 23 [1/1] (0.00ns)   --->   "%tmp = bitconcatenate i5 @_ssdm_op_BitConcatenate.i5.i2.i3, i2 %trunc_ln25, i3 0" [/home/coder/Desktop/s2n2/convSNN/fc_finn_top.cpp:25]   --->   Operation 23 'bitconcatenate' 'tmp' <Predicate = (!icmp_ln21)> <Delay = 0.00>
ST_1 : Operation 24 [1/1] (0.00ns)   --->   "%zext_ln25 = zext i4 %select_ln21" [/home/coder/Desktop/s2n2/convSNN/fc_finn_top.cpp:25]   --->   Operation 24 'zext' 'zext_ln25' <Predicate = (!icmp_ln21)> <Delay = 0.00>
ST_1 : Operation 25 [1/1] (0.70ns)   --->   "%add_ln25 = add i5 %tmp, i5 %zext_ln25" [/home/coder/Desktop/s2n2/convSNN/fc_finn_top.cpp:25]   --->   Operation 25 'add' 'add_ln25' <Predicate = (!icmp_ln21)> <Delay = 0.70> <CoreInst = "Adder">   --->   Core 1 'Adder' <Latency = 0> <II = 1> <Delay = 0.70> <FuncUnit> <Opcode : 'add' 'sub'> <InPorts = 2> <OutPorts = 1>
ST_1 : Operation 26 [1/1] (0.00ns)   --->   "%zext_ln25_1 = zext i5 %add_ln25" [/home/coder/Desktop/s2n2/convSNN/fc_finn_top.cpp:25]   --->   Operation 26 'zext' 'zext_ln25_1' <Predicate = (!icmp_ln21)> <Delay = 0.00>
ST_1 : Operation 27 [1/1] (0.00ns)   --->   "%FC_W_addr = getelementptr i2 %FC_W, i64 0, i64 %zext_ln25_1" [/home/coder/Desktop/s2n2/convSNN/fc_finn_top.cpp:25]   --->   Operation 27 'getelementptr' 'FC_W_addr' <Predicate = (!icmp_ln21)> <Delay = 0.00>
ST_1 : Operation 28 [2/2] (0.63ns)   --->   "%w = load i5 %FC_W_addr" [/home/coder/Desktop/s2n2/convSNN/fc_finn_top.cpp:25]   --->   Operation 28 'load' 'w' <Predicate = (!icmp_ln21)> <Delay = 0.63> <CoreInst = "ROM">   --->   Core 101 'ROM' <Latency = 1> <II = 1> <Delay = 0.63> <Storage> <Opcode : 'load'> <Ports = 0> <Width = 2> <Depth = 32> <ROM>
ST_1 : Operation 29 [1/1] (0.70ns)   --->   "%add_ln22 = add i4 %select_ln21, i4 1" [/home/coder/Desktop/s2n2/convSNN/fc_finn_top.cpp:22]   --->   Operation 29 'add' 'add_ln22' <Predicate = (!icmp_ln21)> <Delay = 0.70> <CoreInst = "Adder">   --->   Core 1 'Adder' <Latency = 0> <II = 1> <Delay = 0.70> <FuncUnit> <Opcode : 'add' 'sub'> <InPorts = 2> <OutPorts = 1>
ST_1 : Operation 30 [1/1] (0.38ns)   --->   "%store_ln22 = store i6 %add_ln21_1, i6 %indvar_flatten" [/home/coder/Desktop/s2n2/convSNN/fc_finn_top.cpp:22]   --->   Operation 30 'store' 'store_ln22' <Predicate = (!icmp_ln21)> <Delay = 0.38>
ST_1 : Operation 31 [1/1] (0.38ns)   --->   "%store_ln22 = store i3 %select_ln21_1, i3 %row" [/home/coder/Desktop/s2n2/convSNN/fc_finn_top.cpp:22]   --->   Operation 31 'store' 'store_ln22' <Predicate = (!icmp_ln21)> <Delay = 0.38>
ST_1 : Operation 32 [1/1] (0.38ns)   --->   "%store_ln22 = store i4 %add_ln22, i4 %col" [/home/coder/Desktop/s2n2/convSNN/fc_finn_top.cpp:22]   --->   Operation 32 'store' 'store_ln22' <Predicate = (!icmp_ln21)> <Delay = 0.38>
ST_1 : Operation 41 [1/1] (0.00ns)   --->   "%ret_ln0 = ret"   --->   Operation 41 'ret' 'ret_ln0' <Predicate = (icmp_ln21)> <Delay = 0.00>

State 2 <SV = 1> <Delay = 1.27>
ST_2 : Operation 33 [1/1] (0.00ns)   --->   "%specloopname_ln0 = specloopname void @_ssdm_op_SpecLoopName, void @VITIS_LOOP_21_1_VITIS_LOOP_22_2_str"   --->   Operation 33 'specloopname' 'specloopname_ln0' <Predicate = true> <Delay = 0.00>
ST_2 : Operation 34 [1/1] (0.00ns)   --->   "%speclooptripcount_ln0 = speclooptripcount void @_ssdm_op_SpecLoopTripCount, i64 32, i64 32, i64 32"   --->   Operation 34 'speclooptripcount' 'speclooptripcount_ln0' <Predicate = true> <Delay = 0.00>
ST_2 : Operation 35 [1/1] (0.00ns)   --->   "%specpipeline_ln23 = specpipeline void @_ssdm_op_SpecPipeline, i32 1, i32 0, i32 0, i32 0, void @empty_2" [/home/coder/Desktop/s2n2/convSNN/fc_finn_top.cpp:23]   --->   Operation 35 'specpipeline' 'specpipeline_ln23' <Predicate = true> <Delay = 0.00>
ST_2 : Operation 36 [1/1] (0.00ns)   --->   "%specloopname_ln22 = specloopname void @_ssdm_op_SpecLoopName, void @empty_0" [/home/coder/Desktop/s2n2/convSNN/fc_finn_top.cpp:22]   --->   Operation 36 'specloopname' 'specloopname_ln22' <Predicate = true> <Delay = 0.00>
ST_2 : Operation 37 [1/2] (0.63ns)   --->   "%w = load i5 %FC_W_addr" [/home/coder/Desktop/s2n2/convSNN/fc_finn_top.cpp:25]   --->   Operation 37 'load' 'w' <Predicate = true> <Delay = 0.63> <CoreInst = "ROM">   --->   Core 101 'ROM' <Latency = 1> <II = 1> <Delay = 0.63> <Storage> <Opcode : 'load'> <Ports = 0> <Width = 2> <Depth = 32> <ROM>
ST_2 : Operation 38 [1/1] (0.00ns)   --->   "%fc_weights_0_addr = getelementptr i2 %fc_weights_0, i64 0, i64 %zext_ln25_1" [/home/coder/Desktop/s2n2/convSNN/fc_finn_top.cpp:26]   --->   Operation 38 'getelementptr' 'fc_weights_0_addr' <Predicate = true> <Delay = 0.00>
ST_2 : Operation 39 [1/1] (0.63ns)   --->   "%store_ln26 = store i2 %w, i5 %fc_weights_0_addr" [/home/coder/Desktop/s2n2/convSNN/fc_finn_top.cpp:26]   --->   Operation 39 'store' 'store_ln26' <Predicate = true> <Delay = 0.63> <CoreInst = "RAM">   --->   Core 83 'RAM' <Latency = 1> <II = 1> <Delay = 0.63> <Storage> <Opcode : 'load' 'store'> <Ports = 2> <Width = 2> <Depth = 32> <RAM>
ST_2 : Operation 40 [1/1] (0.00ns)   --->   "%br_ln22 = br void %for.inc" [/home/coder/Desktop/s2n2/convSNN/fc_finn_top.cpp:22]   --->   Operation 40 'br' 'br_ln22' <Predicate = true> <Delay = 0.00>


============================================================
+ Verbose Summary: Binding
============================================================
STG Binding: 
---------------- STG Properties BEGIN ----------------
- Is combinational: 0
- Is one-state seq: 0
- Is datapath-only: 0
- Is pipelined: 0
- Is top level: 0
Port [ Return ] is wired: 1; IO mode=ap_ctrl_hs:ce=0
Port [ FC_W]:  wired=0; compound=1; hidden=1; nouse=0; global=1; static=1; extern=0; dir=0; type=1; pingpong=0; private_global=1; MemPort=[1]; IO mode=ap_memory:ce=0
Port [ fc_weights_0]:  wired=1; compound=1; hidden=0; nouse=0; global=1; static=1; extern=0; dir=1; type=1; pingpong=0; private_global=0; MemPort=[03]; IO mode=ap_memory:ce=0
---------------- STG Properties END ------------------

---------------- Datapath Model BEGIN ----------------

<LifeTime>
<method=bitvector/>
col                   (alloca           ) [ 010]
row                   (alloca           ) [ 010]
indvar_flatten        (alloca           ) [ 010]
store_ln0             (store            ) [ 000]
store_ln0             (store            ) [ 000]
store_ln0             (store            ) [ 000]
br_ln0                (br               ) [ 000]
indvar_flatten_load   (load             ) [ 000]
icmp_ln21             (icmp             ) [ 010]
add_ln21_1            (add              ) [ 000]
br_ln21               (br               ) [ 000]
col_load              (load             ) [ 000]
row_load              (load             ) [ 000]
add_ln21              (add              ) [ 000]
icmp_ln22             (icmp             ) [ 000]
select_ln21           (select           ) [ 000]
select_ln21_1         (select           ) [ 000]
trunc_ln25            (trunc            ) [ 000]
tmp                   (bitconcatenate   ) [ 000]
zext_ln25             (zext             ) [ 000]
add_ln25              (add              ) [ 000]
zext_ln25_1           (zext             ) [ 011]
FC_W_addr             (getelementptr    ) [ 011]
add_ln22              (add              ) [ 000]
store_ln22            (store            ) [ 000]
store_ln22            (store            ) [ 000]
store_ln22            (store            ) [ 000]
specloopname_ln0      (specloopname     ) [ 000]
speclooptripcount_ln0 (speclooptripcount) [ 000]
specpipeline_ln23     (specpipeline     ) [ 000]
specloopname_ln22     (specloopname     ) [ 000]
w                     (load             ) [ 000]
fc_weights_0_addr     (getelementptr    ) [ 000]
store_ln26            (store            ) [ 000]
br_ln22               (br               ) [ 000]
ret_ln0               (ret              ) [ 000]
</LifeTime>

<model>

<comp_list>
<comp id="0" class="1000" name="FC_W">
<pin_list>
<pin id="1" dir="1" index="0" bw="1" slack="0"/>
</pin_list>
<bind>
<StgValue><ssdm name="FC_W"/><MemPortTyVec>1 </MemPortTyVec>
</StgValue>
</bind>
</comp>

<comp id="2" class="1000" name="fc_weights_0">
<pin_list>
<pin id="3" dir="1" index="0" bw="1" slack="0"/>
</pin_list>
<bind>
<StgValue><ssdm name="fc_weights_0"/><MemPortTyVec>0 3 </MemPortTyVec>
</StgValue>
</bind>
</comp>

<comp id="4" class="1001" name="const_4">
<pin_list>
<pin id="5" dir="1" index="0" bw="1" slack="0"/>
</pin_list>
<bind>
<StgValue><ssdm name=""/></StgValue>
</bind>
</comp>

<comp id="6" class="1001" name="const_6">
<pin_list>
<pin id="7" dir="1" index="0" bw="1" slack="0"/>
</pin_list>
<bind>
<StgValue><ssdm name=""/></StgValue>
</bind>
</comp>

<comp id="8" class="1001" name="const_8">
<pin_list>
<pin id="9" dir="1" index="0" bw="1" slack="0"/>
</pin_list>
<bind>
<StgValue><ssdm name=""/></StgValue>
</bind>
</comp>

<comp id="10" class="1001" name="const_10">
<pin_list>
<pin id="11" dir="1" index="0" bw="1" slack="0"/>
</pin_list>
<bind>
<StgValue><ssdm name=""/></StgValue>
</bind>
</comp>

<comp id="12" class="1001" name="const_12">
<pin_list>
<pin id="13" dir="1" index="0" bw="1" slack="0"/>
</pin_list>
<bind>
<StgValue><ssdm name=""/></StgValue>
</bind>
</comp>

<comp id="14" class="1001" name="const_14">
<pin_list>
<pin id="15" dir="1" index="0" bw="1" slack="0"/>
</pin_list>
<bind>
<StgValue><ssdm name=""/></StgValue>
</bind>
</comp>

<comp id="16" class="1001" name="const_16">
<pin_list>
<pin id="17" dir="1" index="0" bw="1" slack="0"/>
</pin_list>
<bind>
<StgValue><ssdm name=""/></StgValue>
</bind>
</comp>

<comp id="18" class="1001" name="const_18">
<pin_list>
<pin id="19" dir="1" index="0" bw="1" slack="0"/>
</pin_list>
<bind>
<StgValue><ssdm name=""/></StgValue>
</bind>
</comp>

<comp id="20" class="1001" name="const_20">
<pin_list>
<pin id="21" dir="1" index="0" bw="1" slack="0"/>
</pin_list>
<bind>
<StgValue><ssdm name="_ssdm_op_BitConcatenate.i5.i2.i3"/></StgValue>
</bind>
</comp>

<comp id="22" class="1001" name="const_22">
<pin_list>
<pin id="23" dir="1" index="0" bw="1" slack="0"/>
</pin_list>
<bind>
<StgValue><ssdm name=""/></StgValue>
</bind>
</comp>

<comp id="24" class="1001" name="const_24">
<pin_list>
<pin id="25" dir="1" index="0" bw="1" slack="0"/>
</pin_list>
<bind>
<StgValue><ssdm name=""/></StgValue>
</bind>
</comp>

<comp id="26" class="1001" name="const_26">
<pin_list>
<pin id="27" dir="1" index="0" bw="1" slack="2147483647"/>
</pin_list>
<bind>
<StgValue><ssdm name="_ssdm_op_SpecLoopName"/></StgValue>
</bind>
</comp>

<comp id="28" class="1001" name="const_28">
<pin_list>
<pin id="29" dir="1" index="0" bw="1" slack="2147483647"/>
</pin_list>
<bind>
<StgValue><ssdm name="VITIS_LOOP_21_1_VITIS_LOOP_22_2_str"/></StgValue>
</bind>
</comp>

<comp id="30" class="1001" name="const_30">
<pin_list>
<pin id="31" dir="1" index="0" bw="1" slack="2147483647"/>
</pin_list>
<bind>
<StgValue><ssdm name="_ssdm_op_SpecLoopTripCount"/></StgValue>
</bind>
</comp>

<comp id="32" class="1001" name="const_32">
<pin_list>
<pin id="33" dir="1" index="0" bw="1" slack="2147483647"/>
</pin_list>
<bind>
<StgValue><ssdm name=""/></StgValue>
</bind>
</comp>

<comp id="34" class="1001" name="const_34">
<pin_list>
<pin id="35" dir="1" index="0" bw="1" slack="2147483647"/>
</pin_list>
<bind>
<StgValue><ssdm name="_ssdm_op_SpecPipeline"/></StgValue>
</bind>
</comp>

<comp id="36" class="1001" name="const_36">
<pin_list>
<pin id="37" dir="1" index="0" bw="1" slack="2147483647"/>
</pin_list>
<bind>
<StgValue><ssdm name=""/></StgValue>
</bind>
</comp>

<comp id="38" class="1001" name="const_38">
<pin_list>
<pin id="39" dir="1" index="0" bw="1" slack="2147483647"/>
</pin_list>
<bind>
<StgValue><ssdm name="empty_2"/></StgValue>
</bind>
</comp>

<comp id="40" class="1001" name="const_40">
<pin_list>
<pin id="41" dir="1" index="0" bw="1" slack="2147483647"/>
</pin_list>
<bind>
<StgValue><ssdm name="empty_0"/></StgValue>
</bind>
</comp>

<comp id="42" class="1004" name="col_fu_42">
<pin_list>
<pin id="43" dir="0" index="0" bw="1" slack="0"/>
<pin id="44" dir="1" index="1" bw="4" slack="0"/>
</pin_list>
<bind>
<opcode="alloca(26) " fcode="alloca"/>
<opset="col/1 "/>
</bind>
</comp>

<comp id="46" class="1004" name="row_fu_46">
<pin_list>
<pin id="47" dir="0" index="0" bw="1" slack="0"/>
<pin id="48" dir="1" index="1" bw="3" slack="0"/>
</pin_list>
<bind>
<opcode="alloca(26) " fcode="alloca"/>
<opset="row/1 "/>
</bind>
</comp>

<comp id="50" class="1004" name="indvar_flatten_fu_50">
<pin_list>
<pin id="51" dir="0" index="0" bw="1" slack="0"/>
<pin id="52" dir="1" index="1" bw="6" slack="0"/>
</pin_list>
<bind>
<opcode="alloca(26) " fcode="alloca"/>
<opset="indvar_flatten/1 "/>
</bind>
</comp>

<comp id="54" class="1004" name="FC_W_addr_gep_fu_54">
<pin_list>
<pin id="55" dir="0" index="0" bw="2" slack="0"/>
<pin id="56" dir="0" index="1" bw="1" slack="0"/>
<pin id="57" dir="0" index="2" bw="5" slack="0"/>
<pin id="58" dir="1" index="3" bw="5" slack="0"/>
</pin_list>
<bind>
<opcode="getelementptr(29) " fcode="getelementptr"/>
<opset="FC_W_addr/1 "/>
</bind>
</comp>

<comp id="61" class="1004" name="grp_access_fu_61">
<pin_list>
<pin id="62" dir="0" index="0" bw="5" slack="0"/>
<pin id="63" dir="0" index="1" bw="2" slack="2147483647"/>
<pin id="64" dir="0" index="2" bw="0" slack="2147483647"/>
<pin id="65" dir="1" index="3" bw="2" slack="0"/>
</pin_list>
<bind>
<opcode="load(27) " fcode="load"/>
<opset="w/1 "/>
</bind>
</comp>

<comp id="67" class="1004" name="fc_weights_0_addr_gep_fu_67">
<pin_list>
<pin id="68" dir="0" index="0" bw="2" slack="0"/>
<pin id="69" dir="0" index="1" bw="1" slack="0"/>
<pin id="70" dir="0" index="2" bw="5" slack="1"/>
<pin id="71" dir="1" index="3" bw="5" slack="0"/>
</pin_list>
<bind>
<opcode="getelementptr(29) " fcode="getelementptr"/>
<opset="fc_weights_0_addr/2 "/>
</bind>
</comp>

<comp id="74" class="1004" name="store_ln26_access_fu_74">
<pin_list>
<pin id="75" dir="0" index="0" bw="5" slack="0"/>
<pin id="76" dir="0" index="1" bw="2" slack="0"/>
<pin id="77" dir="0" index="2" bw="0" slack="2147483647"/>
<pin id="78" dir="1" index="3" bw="2" slack="2147483647"/>
</pin_list>
<bind>
<opcode="store(28) " fcode="store"/>
<opset="store_ln26/2 "/>
</bind>
</comp>

<comp id="81" class="1004" name="store_ln0_store_fu_81">
<pin_list>
<pin id="82" dir="0" index="0" bw="1" slack="0"/>
<pin id="83" dir="0" index="1" bw="6" slack="0"/>
<pin id="84" dir="1" index="2" bw="0" slack="2147483647"/>
</pin_list>
<bind>
<opcode="store(28) " fcode="store"/>
<opset="store_ln0/1 "/>
</bind>
</comp>

<comp id="86" class="1004" name="store_ln0_store_fu_86">
<pin_list>
<pin id="87" dir="0" index="0" bw="1" slack="0"/>
<pin id="88" dir="0" index="1" bw="3" slack="0"/>
<pin id="89" dir="1" index="2" bw="0" slack="2147483647"/>
</pin_list>
<bind>
<opcode="store(28) " fcode="store"/>
<opset="store_ln0/1 "/>
</bind>
</comp>

<comp id="91" class="1004" name="store_ln0_store_fu_91">
<pin_list>
<pin id="92" dir="0" index="0" bw="1" slack="0"/>
<pin id="93" dir="0" index="1" bw="4" slack="0"/>
<pin id="94" dir="1" index="2" bw="0" slack="2147483647"/>
</pin_list>
<bind>
<opcode="store(28) " fcode="store"/>
<opset="store_ln0/1 "/>
</bind>
</comp>

<comp id="96" class="1004" name="indvar_flatten_load_load_fu_96">
<pin_list>
<pin id="97" dir="0" index="0" bw="6" slack="0"/>
<pin id="98" dir="1" index="1" bw="6" slack="0"/>
</pin_list>
<bind>
<opcode="load(27) " fcode="load"/>
<opset="indvar_flatten_load/1 "/>
</bind>
</comp>

<comp id="99" class="1004" name="icmp_ln21_fu_99">
<pin_list>
<pin id="100" dir="0" index="0" bw="6" slack="0"/>
<pin id="101" dir="0" index="1" bw="6" slack="0"/>
<pin id="102" dir="1" index="2" bw="1" slack="2147483647"/>
</pin_list>
<bind>
<opcode="icmp(45) " fcode="icmp"/>
<opset="icmp_ln21/1 "/>
</bind>
</comp>

<comp id="105" class="1004" name="add_ln21_1_fu_105">
<pin_list>
<pin id="106" dir="0" index="0" bw="6" slack="0"/>
<pin id="107" dir="0" index="1" bw="1" slack="0"/>
<pin id="108" dir="1" index="2" bw="6" slack="0"/>
</pin_list>
<bind>
<opcode="add(8) " fcode="add"/>
<opset="add_ln21_1/1 "/>
</bind>
</comp>

<comp id="111" class="1004" name="col_load_load_fu_111">
<pin_list>
<pin id="112" dir="0" index="0" bw="4" slack="0"/>
<pin id="113" dir="1" index="1" bw="4" slack="0"/>
</pin_list>
<bind>
<opcode="load(27) " fcode="load"/>
<opset="col_load/1 "/>
</bind>
</comp>

<comp id="114" class="1004" name="row_load_load_fu_114">
<pin_list>
<pin id="115" dir="0" index="0" bw="3" slack="0"/>
<pin id="116" dir="1" index="1" bw="3" slack="0"/>
</pin_list>
<bind>
<opcode="load(27) " fcode="load"/>
<opset="row_load/1 "/>
</bind>
</comp>

<comp id="117" class="1004" name="add_ln21_fu_117">
<pin_list>
<pin id="118" dir="0" index="0" bw="3" slack="0"/>
<pin id="119" dir="0" index="1" bw="1" slack="0"/>
<pin id="120" dir="1" index="2" bw="3" slack="0"/>
</pin_list>
<bind>
<opcode="add(8) " fcode="add"/>
<opset="add_ln21/1 "/>
</bind>
</comp>

<comp id="123" class="1004" name="icmp_ln22_fu_123">
<pin_list>
<pin id="124" dir="0" index="0" bw="4" slack="0"/>
<pin id="125" dir="0" index="1" bw="4" slack="0"/>
<pin id="126" dir="1" index="2" bw="1" slack="0"/>
</pin_list>
<bind>
<opcode="icmp(45) " fcode="icmp"/>
<opset="icmp_ln22/1 "/>
</bind>
</comp>

<comp id="129" class="1004" name="select_ln21_fu_129">
<pin_list>
<pin id="130" dir="0" index="0" bw="1" slack="0"/>
<pin id="131" dir="0" index="1" bw="4" slack="0"/>
<pin id="132" dir="0" index="2" bw="4" slack="0"/>
<pin id="133" dir="1" index="3" bw="4" slack="0"/>
</pin_list>
<bind>
<opcode="select(49) " fcode="select"/>
<opset="select_ln21/1 "/>
</bind>
</comp>

<comp id="137" class="1004" name="select_ln21_1_fu_137">
<pin_list>
<pin id="138" dir="0" index="0" bw="1" slack="0"/>
<pin id="139" dir="0" index="1" bw="3" slack="0"/>
<pin id="140" dir="0" index="2" bw="3" slack="0"/>
<pin id="141" dir="1" index="3" bw="3" slack="0"/>
</pin_list>
<bind>
<opcode="select(49) " fcode="select"/>
<opset="select_ln21_1/1 "/>
</bind>
</comp>

<comp id="145" class="1004" name="trunc_ln25_fu_145">
<pin_list>
<pin id="146" dir="0" index="0" bw="3" slack="0"/>
<pin id="147" dir="1" index="1" bw="2" slack="0"/>
</pin_list>
<bind>
<opcode="trunc(33) " fcode="trunc"/>
<opset="trunc_ln25/1 "/>
</bind>
</comp>

<comp id="149" class="1004" name="tmp_fu_149">
<pin_list>
<pin id="150" dir="0" index="0" bw="5" slack="0"/>
<pin id="151" dir="0" index="1" bw="2" slack="0"/>
<pin id="152" dir="0" index="2" bw="1" slack="0"/>
<pin id="153" dir="1" index="3" bw="5" slack="0"/>
</pin_list>
<bind>
<opcode="bitconcatenate(1004) " fcode="bitconcatenate"/>
<opset="tmp/1 "/>
</bind>
</comp>

<comp id="157" class="1004" name="zext_ln25_fu_157">
<pin_list>
<pin id="158" dir="0" index="0" bw="4" slack="0"/>
<pin id="159" dir="1" index="1" bw="5" slack="0"/>
</pin_list>
<bind>
<opcode="zext(34) " fcode="zext"/>
<opset="zext_ln25/1 "/>
</bind>
</comp>

<comp id="161" class="1004" name="add_ln25_fu_161">
<pin_list>
<pin id="162" dir="0" index="0" bw="5" slack="0"/>
<pin id="163" dir="0" index="1" bw="4" slack="0"/>
<pin id="164" dir="1" index="2" bw="5" slack="0"/>
</pin_list>
<bind>
<opcode="add(8) " fcode="add"/>
<opset="add_ln25/1 "/>
</bind>
</comp>

<comp id="167" class="1004" name="zext_ln25_1_fu_167">
<pin_list>
<pin id="168" dir="0" index="0" bw="5" slack="0"/>
<pin id="169" dir="1" index="1" bw="64" slack="0"/>
</pin_list>
<bind>
<opcode="zext(34) " fcode="zext"/>
<opset="zext_ln25_1/1 "/>
</bind>
</comp>

<comp id="172" class="1004" name="add_ln22_fu_172">
<pin_list>
<pin id="173" dir="0" index="0" bw="4" slack="0"/>
<pin id="174" dir="0" index="1" bw="1" slack="0"/>
<pin id="175" dir="1" index="2" bw="4" slack="0"/>
</pin_list>
<bind>
<opcode="add(8) " fcode="add"/>
<opset="add_ln22/1 "/>
</bind>
</comp>

<comp id="178" class="1004" name="store_ln22_store_fu_178">
<pin_list>
<pin id="179" dir="0" index="0" bw="6" slack="0"/>
<pin id="180" dir="0" index="1" bw="6" slack="0"/>
<pin id="181" dir="1" index="2" bw="0" slack="2147483647"/>
</pin_list>
<bind>
<opcode="store(28) " fcode="store"/>
<opset="store_ln22/1 "/>
</bind>
</comp>

<comp id="183" class="1004" name="store_ln22_store_fu_183">
<pin_list>
<pin id="184" dir="0" index="0" bw="3" slack="0"/>
<pin id="185" dir="0" index="1" bw="3" slack="0"/>
<pin id="186" dir="1" index="2" bw="0" slack="2147483647"/>
</pin_list>
<bind>
<opcode="store(28) " fcode="store"/>
<opset="store_ln22/1 "/>
</bind>
</comp>

<comp id="188" class="1004" name="store_ln22_store_fu_188">
<pin_list>
<pin id="189" dir="0" index="0" bw="4" slack="0"/>
<pin id="190" dir="0" index="1" bw="4" slack="0"/>
<pin id="191" dir="1" index="2" bw="0" slack="2147483647"/>
</pin_list>
<bind>
<opcode="store(28) " fcode="store"/>
<opset="store_ln22/1 "/>
</bind>
</comp>

<comp id="193" class="1005" name="col_reg_193">
<pin_list>
<pin id="194" dir="0" index="0" bw="4" slack="0"/>
<pin id="195" dir="1" index="1" bw="4" slack="0"/>
</pin_list>
<bind>
<opset="col "/>
</bind>
</comp>

<comp id="200" class="1005" name="row_reg_200">
<pin_list>
<pin id="201" dir="0" index="0" bw="3" slack="0"/>
<pin id="202" dir="1" index="1" bw="3" slack="0"/>
</pin_list>
<bind>
<opset="row "/>
</bind>
</comp>

<comp id="207" class="1005" name="indvar_flatten_reg_207">
<pin_list>
<pin id="208" dir="0" index="0" bw="6" slack="0"/>
<pin id="209" dir="1" index="1" bw="6" slack="0"/>
</pin_list>
<bind>
<opset="indvar_flatten "/>
</bind>
</comp>

<comp id="217" class="1005" name="zext_ln25_1_reg_217">
<pin_list>
<pin id="218" dir="0" index="0" bw="64" slack="1"/>
<pin id="219" dir="1" index="1" bw="64" slack="1"/>
</pin_list>
<bind>
<opset="zext_ln25_1 "/>
</bind>
</comp>

<comp id="222" class="1005" name="FC_W_addr_reg_222">
<pin_list>
<pin id="223" dir="0" index="0" bw="5" slack="1"/>
<pin id="224" dir="1" index="1" bw="5" slack="1"/>
</pin_list>
<bind>
<opset="FC_W_addr "/>
</bind>
</comp>

</comp_list>

<net_list>
<net id="45"><net_src comp="4" pin="0"/><net_sink comp="42" pin=0"/></net>

<net id="49"><net_src comp="4" pin="0"/><net_sink comp="46" pin=0"/></net>

<net id="53"><net_src comp="4" pin="0"/><net_sink comp="50" pin=0"/></net>

<net id="59"><net_src comp="0" pin="0"/><net_sink comp="54" pin=0"/></net>

<net id="60"><net_src comp="22" pin="0"/><net_sink comp="54" pin=1"/></net>

<net id="66"><net_src comp="54" pin="3"/><net_sink comp="61" pin=0"/></net>

<net id="72"><net_src comp="2" pin="0"/><net_sink comp="67" pin=0"/></net>

<net id="73"><net_src comp="22" pin="0"/><net_sink comp="67" pin=1"/></net>

<net id="79"><net_src comp="61" pin="3"/><net_sink comp="74" pin=1"/></net>

<net id="80"><net_src comp="67" pin="3"/><net_sink comp="74" pin=0"/></net>

<net id="85"><net_src comp="6" pin="0"/><net_sink comp="81" pin=0"/></net>

<net id="90"><net_src comp="8" pin="0"/><net_sink comp="86" pin=0"/></net>

<net id="95"><net_src comp="10" pin="0"/><net_sink comp="91" pin=0"/></net>

<net id="103"><net_src comp="96" pin="1"/><net_sink comp="99" pin=0"/></net>

<net id="104"><net_src comp="12" pin="0"/><net_sink comp="99" pin=1"/></net>

<net id="109"><net_src comp="96" pin="1"/><net_sink comp="105" pin=0"/></net>

<net id="110"><net_src comp="14" pin="0"/><net_sink comp="105" pin=1"/></net>

<net id="121"><net_src comp="114" pin="1"/><net_sink comp="117" pin=0"/></net>

<net id="122"><net_src comp="16" pin="0"/><net_sink comp="117" pin=1"/></net>

<net id="127"><net_src comp="111" pin="1"/><net_sink comp="123" pin=0"/></net>

<net id="128"><net_src comp="18" pin="0"/><net_sink comp="123" pin=1"/></net>

<net id="134"><net_src comp="123" pin="2"/><net_sink comp="129" pin=0"/></net>

<net id="135"><net_src comp="10" pin="0"/><net_sink comp="129" pin=1"/></net>

<net id="136"><net_src comp="111" pin="1"/><net_sink comp="129" pin=2"/></net>

<net id="142"><net_src comp="123" pin="2"/><net_sink comp="137" pin=0"/></net>

<net id="143"><net_src comp="117" pin="2"/><net_sink comp="137" pin=1"/></net>

<net id="144"><net_src comp="114" pin="1"/><net_sink comp="137" pin=2"/></net>

<net id="148"><net_src comp="137" pin="3"/><net_sink comp="145" pin=0"/></net>

<net id="154"><net_src comp="20" pin="0"/><net_sink comp="149" pin=0"/></net>

<net id="155"><net_src comp="145" pin="1"/><net_sink comp="149" pin=1"/></net>

<net id="156"><net_src comp="8" pin="0"/><net_sink comp="149" pin=2"/></net>

<net id="160"><net_src comp="129" pin="3"/><net_sink comp="157" pin=0"/></net>

<net id="165"><net_src comp="149" pin="3"/><net_sink comp="161" pin=0"/></net>

<net id="166"><net_src comp="157" pin="1"/><net_sink comp="161" pin=1"/></net>

<net id="170"><net_src comp="161" pin="2"/><net_sink comp="167" pin=0"/></net>

<net id="171"><net_src comp="167" pin="1"/><net_sink comp="54" pin=2"/></net>

<net id="176"><net_src comp="129" pin="3"/><net_sink comp="172" pin=0"/></net>

<net id="177"><net_src comp="24" pin="0"/><net_sink comp="172" pin=1"/></net>

<net id="182"><net_src comp="105" pin="2"/><net_sink comp="178" pin=0"/></net>

<net id="187"><net_src comp="137" pin="3"/><net_sink comp="183" pin=0"/></net>

<net id="192"><net_src comp="172" pin="2"/><net_sink comp="188" pin=0"/></net>

<net id="196"><net_src comp="42" pin="1"/><net_sink comp="193" pin=0"/></net>

<net id="197"><net_src comp="193" pin="1"/><net_sink comp="91" pin=1"/></net>

<net id="198"><net_src comp="193" pin="1"/><net_sink comp="111" pin=0"/></net>

<net id="199"><net_src comp="193" pin="1"/><net_sink comp="188" pin=1"/></net>

<net id="203"><net_src comp="46" pin="1"/><net_sink comp="200" pin=0"/></net>

<net id="204"><net_src comp="200" pin="1"/><net_sink comp="86" pin=1"/></net>

<net id="205"><net_src comp="200" pin="1"/><net_sink comp="114" pin=0"/></net>

<net id="206"><net_src comp="200" pin="1"/><net_sink comp="183" pin=1"/></net>

<net id="210"><net_src comp="50" pin="1"/><net_sink comp="207" pin=0"/></net>

<net id="211"><net_src comp="207" pin="1"/><net_sink comp="81" pin=1"/></net>

<net id="212"><net_src comp="207" pin="1"/><net_sink comp="96" pin=0"/></net>

<net id="213"><net_src comp="207" pin="1"/><net_sink comp="178" pin=1"/></net>

<net id="220"><net_src comp="167" pin="1"/><net_sink comp="217" pin=0"/></net>

<net id="221"><net_src comp="217" pin="1"/><net_sink comp="67" pin=2"/></net>

<net id="225"><net_src comp="54" pin="3"/><net_sink comp="222" pin=0"/></net>

<net id="226"><net_src comp="222" pin="1"/><net_sink comp="61" pin=0"/></net>

</net_list>

</model> 
---------------- Datapath Model END ------------------

* FSMD analyzer results:
  - Output states:
	Port: FC_W | {}
	Port: fc_weights_0 | {2 }
 - Input state : 
	Port: load_weights_once_Pipeline_VITIS_LOOP_21_1_VITIS_LOOP_22_2 : FC_W | {1 2 }
	Port: load_weights_once_Pipeline_VITIS_LOOP_21_1_VITIS_LOOP_22_2 : fc_weights_0 | {}
  - Chain level:
	State 1
		store_ln0 : 1
		store_ln0 : 1
		store_ln0 : 1
		indvar_flatten_load : 1
		icmp_ln21 : 2
		add_ln21_1 : 2
		br_ln21 : 3
		col_load : 1
		row_load : 1
		add_ln21 : 2
		icmp_ln22 : 2
		select_ln21 : 3
		select_ln21_1 : 3
		trunc_ln25 : 4
		tmp : 5
		zext_ln25 : 4
		add_ln25 : 6
		zext_ln25_1 : 7
		FC_W_addr : 8
		w : 9
		add_ln22 : 4
		store_ln22 : 3
		store_ln22 : 4
		store_ln22 : 5
	State 2
		store_ln26 : 1


============================================================
+ Verbose Summary: Datapath Resource usage 
============================================================

* Functional unit list:
|----------|----------------------|---------|---------|
| Operation|    Functional Unit   |    FF   |   LUT   |
|----------|----------------------|---------|---------|
|          |   add_ln21_1_fu_105  |    0    |    13   |
|    add   |    add_ln21_fu_117   |    0    |    10   |
|          |    add_ln25_fu_161   |    0    |    12   |
|          |    add_ln22_fu_172   |    0    |    12   |
|----------|----------------------|---------|---------|
|   icmp   |    icmp_ln21_fu_99   |    0    |    13   |
|          |   icmp_ln22_fu_123   |    0    |    12   |
|----------|----------------------|---------|---------|
|  select  |  select_ln21_fu_129  |    0    |    4    |
|          | select_ln21_1_fu_137 |    0    |    3    |
|----------|----------------------|---------|---------|
|   trunc  |   trunc_ln25_fu_145  |    0    |    0    |
|----------|----------------------|---------|---------|
|bitconcatenate|      tmp_fu_149      |    0    |    0    |
|----------|----------------------|---------|---------|
|   zext   |   zext_ln25_fu_157   |    0    |    0    |
|          |  zext_ln25_1_fu_167  |    0    |    0    |
|----------|----------------------|---------|---------|
|   Total  |                      |    0    |    79   |
|----------|----------------------|---------|---------|

Memories:
N/A

* Register list:
+----------------------+--------+
|                      |   FF   |
+----------------------+--------+
|   FC_W_addr_reg_222  |    5   |
|      col_reg_193     |    4   |
|indvar_flatten_reg_207|    6   |
|      row_reg_200     |    3   |
|  zext_ln25_1_reg_217 |   64   |
+----------------------+--------+
|         Total        |   82   |
+----------------------+--------+

* Multiplexer (MUX) list: 
|------------------|------|------|------|--------||---------||---------|
|       Comp       |  Pin | Size |  BW  | S x BW ||  Delay  ||   LUT   |
|------------------|------|------|------|--------||---------||---------|
| grp_access_fu_61 |  p0  |   2  |   5  |   10   ||    9    |
|------------------|------|------|------|--------||---------||---------|
|       Total      |      |      |      |   10   ||  0.387  ||    9    |
|------------------|------|------|------|--------||---------||---------|



* Summary:
+-----------+--------+--------+--------+
|           |  Delay |   FF   |   LUT  |
+-----------+--------+--------+--------+
|  Function |    -   |    0   |   79   |
|   Memory  |    -   |    -   |    -   |
|Multiplexer|    0   |    -   |    9   |
|  Register |    -   |   82   |    -   |
+-----------+--------+--------+--------+
|   Total   |    0   |   82   |   88   |
+-----------+--------+--------+--------+
