

================================================================
== Vitis HLS Report for 'load_weights_once_Pipeline_VITIS_LOOP_21_1_VITIS_LOOP_22_2'
================================================================
* Date:           Sat Apr 25 21:40:43 2026

* Version:        2023.1 (Build 3854077 on May  4 2023)
* Project:        fc_finn_prj
* Solution:       xcvu9p-flga2577-2-e (Vivado IP Flow Target)
* Product family: virtexuplus
* Target device:  xcvu9p-flga2577-2-e


================================================================
== Performance Estimates
================================================================
+ Timing: 
    * Summary: 
    +--------+----------+----------+------------+
    |  Clock |  Target  | Estimated| Uncertainty|
    +--------+----------+----------+------------+
    |ap_clk  |  10.00 ns|  2.405 ns|     2.70 ns|
    +--------+----------+----------+------------+

+ Latency: 
    * Summary: 
    +---------+---------+----------+----------+-----+-----+---------+
    |  Latency (cycles) |  Latency (absolute) |  Interval | Pipeline|
    |   min   |   max   |    min   |    max   | min | max |   Type  |
    +---------+---------+----------+----------+-----+-----+---------+
    |       34|       34|  0.340 us|  0.340 us|   34|   34|       no|
    +---------+---------+----------+----------+-----+-----+---------+

    + Detail: 
        * Instance: 
        N/A

        * Loop: 
        +-----------------------------------+---------+---------+----------+-----------+-----------+------+----------+
        |                                   |  Latency (cycles) | Iteration|  Initiation Interval  | Trip |          |
        |             Loop Name             |   min   |   max   |  Latency |  achieved |   target  | Count| Pipelined|
        +-----------------------------------+---------+---------+----------+-----------+-----------+------+----------+
        |- VITIS_LOOP_21_1_VITIS_LOOP_22_2  |       32|       32|         2|          1|          1|    32|       yes|
        +-----------------------------------+---------+---------+----------+-----------+-----------+------+----------+

============================================================
+ Verbose Summary: Synthesis Manager
============================================================
InlineROM: 1
ExposeGlobal: 0
============================================================
+ Verbose Summary: CDFG Model
============================================================
IsTopModel: 0
ResetActiveHigh: 1
IsCombinational: 0
IsDatapathOnly: 0
HasWiredReturn: 1
HasMFsm: 2
HasVarLatency: 1
IsPipeline: 0
IsRtlPipelined: 0
IsInstanceOverlapped: 0
IsDontTouch: 0
HasImplIP: 0
IsGatedGlobalClock: 0

+ Individual pipeline summary: 
  * Pipeline-0: initiation interval (II) = 1, depth = 2


============================================================
+ Verbose Summary: Schedule
============================================================
* Number of FSM states : 2
* Pipeline : 1
  Pipeline-0 : II = 1, D = 2, States = { 1 2 }
* Dataflow Pipeline: 0

* FSM state transitions: 
1 --> 2 
2 --> 

* FSM state operations: 

State 1 <SV = 0> <Delay = 2.40>
ST_1 : Operation 5 [1/1] (0.00ns)   --->   "%col = alloca i32 1"   --->   Operation 5 'alloca' 'col' <Predicate = true> <Delay = 0.00>
ST_1 : Operation 6 [1/1] (0.00ns)   --->   "%row = alloca i32 1"   --->   Operation 6 'alloca' 'row' <Predicate = true> <Delay = 0.00>
ST_1 : Operation 7 [1/1] (0.00ns)   --->   "%indvar_flatten = alloca i32 1"   --->   Operation 7 'alloca' 'indvar_flatten' <Predicate = true> <Delay = 0.00>
ST_1 : Operation 8 [1/1] (0.38ns)   --->   "%store_ln0 = store i6 0, i6 %indvar_flatten"   --->   Operation 8 'store' 'store_ln0' <Predicate = true> <Delay = 0.38>
ST_1 : Operation 9 [1/1] (0.38ns)   --->   "%store_ln0 = store i3 0, i3 %row"   --->   Operation 9 'store' 'store_ln0' <Predicate = true> <Delay = 0.38>
ST_1 : Operation 10 [1/1] (0.38ns)   --->   "%store_ln0 = store i4 0, i4 %col"   --->   Operation 10 'store' 'store_ln0' <Predicate = true> <Delay = 0.38>
ST_1 : Operation 11 [1/1] (0.00ns)   --->   "%br_ln0 = br void %for.inc"   --->   Operation 11 'br' 'br_ln0' <Predicate = true> <Delay = 0.00>
ST_1 : Operation 12 [1/1] (0.00ns)   --->   "%indvar_flatten_load = load i6 %indvar_flatten" [/home/coder/Desktop/s2n2/convSNN/fc_finn_top.cpp:21]   --->   Operation 12 'load' 'indvar_flatten_load' <Predicate = true> <Delay = 0.00>
ST_1 : Operation 13 [1/1] (0.70ns)   --->   "%icmp_ln21 = icmp_eq  i6 %indvar_flatten_load, i6 32" [/home/coder/Desktop/s2n2/convSNN/fc_finn_top.cpp:21]   --->   Operation 13 'icmp' 'icmp_ln21' <Predicate = true> <Delay = 0.70> <CoreInst = "Cmp">   --->   Core 9 'Cmp' <Latency = 0> <II = 1> <Delay = 0.70> <FuncUnit> <Opcode : 'icmp'> <InPorts = 2> <OutPorts = 1>
ST_1 : Operation 14 [1/1] (0.70ns)   --->   "%add_ln21_1 = add i6 %indvar_flatten_load, i6 1" [/home/coder/Desktop/s2n2/convSNN/fc_finn_top.cpp:21]   --->   Operation 14 'add' 'add_ln21_1' <Predicate = true> <Delay = 0.70> <CoreInst = "Adder">   --->   Core 1 'Adder' <Latency = 0> <II = 1> <Delay = 0.70> <FuncUnit> <Opcode : 'add' 'sub'> <InPorts = 2> <OutPorts = 1>
ST_1 : Operation 15 [1/1] (0.00ns)   --->   "%br_ln21 = br i1 %icmp_ln21, void %for.inc9, void %for.end11.exitStub" [/home/coder/Desktop/s2n2/convSNN/fc_finn_top.cpp:21]   --->   Operation 15 'br' 'br_ln21' <Predicate = true> <Delay = 0.00>
ST_1 : Operation 16 [1/1] (0.00ns)   --->   "%col_load = load i4 %col" [/home/coder/Desktop/s2n2/convSNN/fc_finn_top.cpp:22]   --->   Operation 16 'load' 'col_load' <Predicate = (!icmp_ln21)> <Delay = 0.00>
ST_1 : Operation 17 [1/1] (0.00ns)   --->   "%row_load = load i3 %row" [/home/coder/Desktop/s2n2/convSNN/fc_finn_top.cpp:21]   --->   Operation 17 'load' 'row_load' <Predicate = (!icmp_ln21)> <Delay = 0.00>
ST_1 : Operation 18 [1/1] (0.57ns)   --->   "%add_ln21 = add i3 %row_load, i3 1" [/home/coder/Desktop/s2n2/convSNN/fc_finn_top.cpp:21]   --->   Operation 18 'add' 'add_ln21' <Predicate = (!icmp_ln21)> <Delay = 0.57> <CoreInst = "Adder">   --->   Core 1 'Adder' <Latency = 0> <II = 1> <Delay = 0.57> <FuncUnit> <Opcode : 'add' 'sub'> <InPorts = 2> <OutPorts = 1>
ST_1 : Operation 19 [1/1] (0.70ns)   --->   "%icmp_ln22 = icmp_eq  i4 %col_load, i4 8" [/home/coder/Desktop/s2n2/convSNN/fc_finn_top.cpp:22]   --->   Operation 19 'icmp' 'icmp_ln22' <Predicate = (!icmp_ln21)> <Delay = 0.70> <CoreInst = "Cmp">   --->   Core 9 'Cmp' <Latency = 0> <II = 1> <Delay = 0.70> <FuncUnit> <Opcode : 'icmp'> <InPorts = 2> <OutPorts = 1>
ST_1 : Operation 20 [1/1] (0.35ns)   --->   "%select_ln21 = select i1 %icmp_ln22, i4 0, i4 %col_load" [/home/coder/Desktop/s2n2/convSNN/fc_finn_top.cpp:21]   --->   Operation 20 'select' 'select_ln21' <Predicate = (!icmp_ln21)> <Delay = 0.35> <CoreInst = "Sel">   --->   Core 73 'Sel' <Latency = 0> <II = 1> <Delay = 0.35> <FuncUnit> <Opcode : 'select'> <InPorts = 3> <OutPorts = 1>
ST_1 : Operation 21 [1/1] (0.27ns)   --->   "%select_ln21_1 = select i1 %icmp_ln22, i3 %add_ln21, i3 %row_load" [/home/coder/Desktop/s2n2/convSNN/fc_finn_top.cpp:21]   --->   Operation 21 'select' 'select_ln21_1' <Predicate = (!icmp_ln21)> <Delay = 0.27> <CoreInst = "Sel">   --->   Core 73 'Sel' <Latency = 0> <II = 1> <Delay = 0.27> <FuncUnit> <Opcode : 'select'> <InPorts = 3> <OutPorts = 1>
ST_1 : Operation 22 [1/1] (0.00ns)   --->   "%trunc_ln25 = trunc i3 %select_ln21_1" [/home/coder/Desktop/s2n2/convSNN/fc_finn_top.cpp:25]   --->   Operation 22 'trunc' 'trunc_ln25' <Predicate = (!icmp_ln21)> <Delay = 0.00>
ST_1 : Operation 23 [1/1] (0.00ns)   --->   "%tmp = bitconcatenate i5 @_ssdm_op_BitConcatenate.i5.i2.i3, i2 %trunc_ln25, i3 0" [/home/coder/Desktop/s2n2/convSNN/fc_finn_top.cpp:25]   --->   Operation 23 'bitconcatenate' 'tmp' <Predicate = (!icmp_ln21)> <Delay = 0.00>
ST_1 : Operation 24 [1/1] (0.00ns)   --->   "%zext_ln25 = zext i4 %select_ln21" [/home/coder/Desktop/s2n2/convSNN/fc_finn_top.cpp:25]   --->   Operation 24 'zext' 'zext_ln25' <Predicate = (!icmp_ln21)> <Delay = 0.00>
ST_1 : Operation 25 [1/1] (0.70ns)   --->   "%add_ln25 = add i5 %tmp, i5 %zext_ln25" [/home/coder/Desktop/s2n2/convSNN/fc_finn_top.cpp:25]   --->   Operation 25 'add' 'add_ln25' <Predicate = (!icmp_ln21)> <Delay = 0.70> <CoreInst = "Adder">   --->   Core 1 'Adder' <Latency = 0> <II = 1> <Delay = 0.70> <FuncUnit> <Opcode : 'add' 'sub'> <InPorts = 2> <OutPorts = 1>
ST_1 : Operation 26 [1/1] (0.00ns)   --->   "%zext_ln25_1 = zext i5 %add_ln25" [/home/coder/Desktop/s2n2/convSNN/fc_finn_top.cpp:25]   --->   Operation 26 'zext' 'zext_ln25_1' <Predicate = (!icmp_ln21)> <Delay = 0.00>
ST_1 : Operation 27 [1/1] (0.00ns)   --->   "%FC_W_addr = getelementptr i2 %FC_W, i64 0, i64 %zext_ln25_1" [/home/coder/Desktop/s2n2/convSNN/fc_finn_top.cpp:25]   --->   Operation 27 'getelementptr' 'FC_W_addr' <Predicate = (!icmp_ln21)> <Delay = 0.00>
ST_1 : Operation 28 [2/2] (0.63ns)   --->   "%w = load i5 %FC_W_addr" [/home/coder/Desktop/s2n2/convSNN/fc_finn_top.cpp:25]   --->   Operation 28 'load' 'w' <Predicate = (!icmp_ln21)> <Delay = 0.63> <CoreInst = "ROM">   --->   Core 101 'ROM' <Latency = 1> <II = 1> <Delay = 0.63> <Storage> <Opcode : 'load'> <Ports = 0> <Width = 2> <Depth = 32> <ROM>
ST_1 : Operation 29 [1/1] (0.70ns)   --->   "%add_ln22 = add i4 %select_ln21, i4 1" [/home/coder/Desktop/s2n2/convSNN/fc_finn_top.cpp:22]   --->   Operation 29 'add' 'add_ln22' <Predicate = (!icmp_ln21)> <Delay = 0.70> <CoreInst = "Adder">   --->   Core 1 'Adder' <Latency = 0> <II = 1> <Delay = 0.70> <FuncUnit> <Opcode : 'add' 'sub'> <InPorts = 2> <OutPorts = 1>
ST_1 : Operation 30 [1/1] (0.38ns)   --->   "%store_ln22 = store i6 %add_ln21_1, i6 %indvar_flatten" [/home/coder/Desktop/s2n2/convSNN/fc_finn_top.cpp:22]   --->   Operation 30 'store' 'store_ln22' <Predicate = (!icmp_ln21)> <Delay = 0.38>
ST_1 : Operation 31 [1/1] (0.38ns)   --->   "%store_ln22 = store i3 %select_ln21_1, i3 %row" [/home/coder/Desktop/s2n2/convSNN/fc_finn_top.cpp:22]   --->   Operation 31 'store' 'store_ln22' <Predicate = (!icmp_ln21)> <Delay = 0.38>
ST_1 : Operation 32 [1/1] (0.38ns)   --->   "%store_ln22 = store i4 %add_ln22, i4 %col" [/home/coder/Desktop/s2n2/convSNN/fc_finn_top.cpp:22]   --->   Operation 32 'store' 'store_ln22' <Predicate = (!icmp_ln21)> <Delay = 0.38>
ST_1 : Operation 41 [1/1] (0.00ns)   --->   "%ret_ln0 = ret"   --->   Operation 41 'ret' 'ret_ln0' <Predicate = (icmp_ln21)> <Delay = 0.00>

State 2 <SV = 1> <Delay = 1.27>
ST_2 : Operation 33 [1/1] (0.00ns)   --->   "%specloopname_ln0 = specloopname void @_ssdm_op_SpecLoopName, void @VITIS_LOOP_21_1_VITIS_LOOP_22_2_str"   --->   Operation 33 'specloopname' 'specloopname_ln0' <Predicate = true> <Delay = 0.00>
ST_2 : Operation 34 [1/1] (0.00ns)   --->   "%speclooptripcount_ln0 = speclooptripcount void @_ssdm_op_SpecLoopTripCount, i64 32, i64 32, i64 32"   --->   Operation 34 'speclooptripcount' 'speclooptripcount_ln0' <Predicate = true> <Delay = 0.00>
ST_2 : Operation 35 [1/1] (0.00ns)   --->   "%specpipeline_ln23 = specpipeline void @_ssdm_op_SpecPipeline, i32 1, i32 0, i32 0, i32 0, void @empty_2" [/home/coder/Desktop/s2n2/convSNN/fc_finn_top.cpp:23]   --->   Operation 35 'specpipeline' 'specpipeline_ln23' <Predicate = true> <Delay = 0.00>
ST_2 : Operation 36 [1/1] (0.00ns)   --->   "%specloopname_ln22 = specloopname void @_ssdm_op_SpecLoopName, void @empty_0" [/home/coder/Desktop/s2n2/convSNN/fc_finn_top.cpp:22]   --->   Operation 36 'specloopname' 'specloopname_ln22' <Predicate = true> <Delay = 0.00>
ST_2 : Operation 37 [1/2] (0.63ns)   --->   "%w = load i5 %FC_W_addr" [/home/coder/Desktop/s2n2/convSNN/fc_finn_top.cpp:25]   --->   Operation 37 'load' 'w' <Predicate = true> <Delay = 0.63> <CoreInst = "ROM">   --->   Core 101 'ROM' <Latency = 1> <II = 1> <Delay = 0.63> <Storage> <Opcode : 'load'> <Ports = 0> <Width = 2> <Depth = 32> <ROM>
ST_2 : Operation 38 [1/1] (0.00ns)   --->   "%fc_weights_0_addr = getelementptr i2 %fc_weights_0, i64 0, i64 %zext_ln25_1" [/home/coder/Desktop/s2n2/convSNN/fc_finn_top.cpp:26]   --->   Operation 38 'getelementptr' 'fc_weights_0_addr' <Predicate = true> <Delay = 0.00>
ST_2 : Operation 39 [1/1] (0.63ns)   --->   "%store_ln26 = store i2 %w, i5 %fc_weights_0_addr" [/home/coder/Desktop/s2n2/convSNN/fc_finn_top.cpp:26]   --->   Operation 39 'store' 'store_ln26' <Predicate = true> <Delay = 0.63> <CoreInst = "RAM">   --->   Core 83 'RAM' <Latency = 1> <II = 1> <Delay = 0.63> <Storage> <Opcode : 'load' 'store'> <Ports = 2> <Width = 2> <Depth = 32> <RAM>
ST_2 : Operation 40 [1/1] (0.00ns)   --->   "%br_ln22 = br void %for.inc" [/home/coder/Desktop/s2n2/convSNN/fc_finn_top.cpp:22]   --->   Operation 40 'br' 'br_ln22' <Predicate = true> <Delay = 0.00>


============================================================
+ Verbose Summary: Timing violations
============================================================
Target clock period: 10.000ns, clock uncertainty: 2.700ns.

 <State 1>: 2.405ns
The critical path consists of the following:
	'alloca' operation ('col') [3]  (0.000 ns)
	'load' operation ('col_load', /home/coder/Desktop/s2n2/convSNN/fc_finn_top.cpp:22) on local variable 'col' [16]  (0.000 ns)
	'icmp' operation ('icmp_ln22', /home/coder/Desktop/s2n2/convSNN/fc_finn_top.cpp:22) [21]  (0.708 ns)
	'select' operation ('select_ln21', /home/coder/Desktop/s2n2/convSNN/fc_finn_top.cpp:21) [22]  (0.351 ns)
	'add' operation ('add_ln25', /home/coder/Desktop/s2n2/convSNN/fc_finn_top.cpp:25) [27]  (0.707 ns)
	'getelementptr' operation ('FC_W_addr', /home/coder/Desktop/s2n2/convSNN/fc_finn_top.cpp:25) [29]  (0.000 ns)
	'load' operation ('w', /home/coder/Desktop/s2n2/convSNN/fc_finn_top.cpp:25) on array 'FC_W' [32]  (0.639 ns)

 <State 2>: 1.278ns
The critical path consists of the following:
	'load' operation ('w', /home/coder/Desktop/s2n2/convSNN/fc_finn_top.cpp:25) on array 'FC_W' [32]  (0.639 ns)
	'store' operation ('store_ln26', /home/coder/Desktop/s2n2/convSNN/fc_finn_top.cpp:26) of variable 'w', /home/coder/Desktop/s2n2/convSNN/fc_finn_top.cpp:25 on array 'fc_weights_0' [34]  (0.639 ns)


============================================================
+ Verbose Summary: Binding
============================================================
N/A
* FSMD analyzer results:
  - Output states:
 - Input state : 
  - Chain level:
	State 1
	State 2


============================================================
+ Verbose Summary: Datapath Resource usage 
============================================================
N/A
