

================================================================
== Vitis HLS Report for 'Matrix_Vector_Activate_Batch'
================================================================
* Date:           Sat Apr 25 23:13:01 2026

* Version:        2023.1 (Build 3854077 on May  4 2023)
* Project:        fc_finn_prj
* Solution:       xcvu9p-flga2577-2-e (Vivado IP Flow Target)
* Product family: virtexuplus
* Target device:  xcvu9p-flga2577-2-e


================================================================
== Performance Estimates
================================================================
+ Timing: 
    * Summary: 
    +--------+----------+----------+------------+
    |  Clock |  Target  | Estimated| Uncertainty|
    +--------+----------+----------+------------+
    |ap_clk  |  10.00 ns|  3.195 ns|     2.70 ns|
    +--------+----------+----------+------------+

+ Latency: 
    * Summary: 
    +---------+---------+----------+----------+-----+-----+---------+
    |  Latency (cycles) |  Latency (absolute) |  Interval | Pipeline|
    |   min   |   max   |    min   |    max   | min | max |   Type  |
    +---------+---------+----------+----------+-----+-----+---------+
    |        ?|        ?|         ?|         ?|    ?|    ?|       no|
    +---------+---------+----------+----------+-----+-----+---------+

    + Detail: 
        * Instance: 
        N/A

        * Loop: 
        +--------------------+---------+---------+----------+-----------+-----------+------+----------+
        |                    |  Latency (cycles) | Iteration|  Initiation Interval  | Trip |          |
        |      Loop Name     |   min   |   max   |  Latency |  achieved |   target  | Count| Pipelined|
        +--------------------+---------+---------+----------+-----------+-----------+------+----------+
        |- VITIS_LOOP_131_1  |        ?|        ?|         2|          1|          1|     ?|       yes|
        +--------------------+---------+---------+----------+-----------+-----------+------+----------+

============================================================
+ Verbose Summary: Synthesis Manager
============================================================
InlineROM: 1
ExposeGlobal: 0
============================================================
+ Verbose Summary: CDFG Model
============================================================
IsTopModel: 0
ResetActiveHigh: 1
IsCombinational: 2
IsDatapathOnly: 0
HasWiredReturn: 1
HasMFsm: 2
HasVarLatency: 1
IsPipeline: 0
IsRtlPipelined: 0
IsInstanceOverlapped: 0
IsDontTouch: 0
HasImplIP: 0
IsGatedGlobalClock: 0

+ Individual pipeline summary: 
  * Pipeline-0: initiation interval (II) = 1, depth = 2


============================================================
+ Verbose Summary: Schedule
============================================================
* Number of FSM states : 2
* Pipeline : 1
  Pipeline-0 : II = 1, D = 2, States = { 1 2 }
* Dataflow Pipeline: 0

* FSM state transitions: 
1 --> 2 
2 --> 

* FSM state operations: 

State 1 <SV = 0> <Delay = 2.43>
ST_1 : Operation 5 [1/1] (0.00ns)   --->   "%sf = alloca i32 1"   --->   Operation 5 'alloca' 'sf' <Predicate = true> <Delay = 0.00>
ST_1 : Operation 6 [1/1] (0.00ns)   --->   "%tile = alloca i32 1"   --->   Operation 6 'alloca' 'tile' <Predicate = true> <Delay = 0.00>
ST_1 : Operation 7 [1/1] (0.00ns)   --->   "%i = alloca i32 1"   --->   Operation 7 'alloca' 'i' <Predicate = true> <Delay = 0.00>
ST_1 : Operation 8 [1/1] (0.00ns)   --->   "%conv_i2_i14 = alloca i32 1"   --->   Operation 8 'alloca' 'conv_i2_i14' <Predicate = true> <Delay = 0.00>
ST_1 : Operation 9 [1/1] (0.00ns)   --->   "%inputBuf = alloca i32 1"   --->   Operation 9 'alloca' 'inputBuf' <Predicate = true> <Delay = 0.00>
ST_1 : Operation 10 [1/1] (0.00ns)   --->   "%inputBuf_1 = alloca i32 1"   --->   Operation 10 'alloca' 'inputBuf_1' <Predicate = true> <Delay = 0.00>
ST_1 : Operation 11 [1/1] (0.00ns)   --->   "%inputBuf_2 = alloca i32 1"   --->   Operation 11 'alloca' 'inputBuf_2' <Predicate = true> <Delay = 0.00>
ST_1 : Operation 12 [1/1] (0.00ns)   --->   "%inputBuf_3 = alloca i32 1"   --->   Operation 12 'alloca' 'inputBuf_3' <Predicate = true> <Delay = 0.00>
ST_1 : Operation 13 [1/1] (0.00ns)   --->   "%inputBuf_4 = alloca i32 1"   --->   Operation 13 'alloca' 'inputBuf_4' <Predicate = true> <Delay = 0.00>
ST_1 : Operation 14 [1/1] (0.00ns)   --->   "%inputBuf_5 = alloca i32 1"   --->   Operation 14 'alloca' 'inputBuf_5' <Predicate = true> <Delay = 0.00>
ST_1 : Operation 15 [1/1] (0.00ns)   --->   "%inputBuf_6 = alloca i32 1"   --->   Operation 15 'alloca' 'inputBuf_6' <Predicate = true> <Delay = 0.00>
ST_1 : Operation 16 [1/1] (0.00ns)   --->   "%inputBuf_7 = alloca i32 1"   --->   Operation 16 'alloca' 'inputBuf_7' <Predicate = true> <Delay = 0.00>
ST_1 : Operation 17 [1/1] (0.00ns)   --->   "%nf = alloca i32 1"   --->   Operation 17 'alloca' 'nf' <Predicate = true> <Delay = 0.00>
ST_1 : Operation 18 [1/1] (0.00ns)   --->   "%specinterface_ln0 = specinterface void @_ssdm_op_SpecInterface, i1 %out_r, void @empty_0, i32 0, i32 0, void @empty, i32 0, i32 0, void @empty, void @empty, void @empty, i32 0, i32 0, i32 0, i32 0, void @empty, void @empty, i32 4294967295, i32 0"   --->   Operation 18 'specinterface' 'specinterface_ln0' <Predicate = true> <Delay = 0.00>
ST_1 : Operation 19 [1/1] (0.00ns)   --->   "%specinterface_ln0 = specinterface void @_ssdm_op_SpecInterface, i1 %in_r, void @empty_0, i32 0, i32 0, void @empty, i32 0, i32 0, void @empty, void @empty, void @empty, i32 0, i32 0, i32 0, i32 0, void @empty, void @empty, i32 4294967295, i32 0"   --->   Operation 19 'specinterface' 'specinterface_ln0' <Predicate = true> <Delay = 0.00>
ST_1 : Operation 20 [1/1] (0.00ns)   --->   "%reps_read = read i32 @_ssdm_op_Read.ap_auto.i32, i32 %reps" [/home/coder/Documents/s2n2/finn-hlslib-lif/mvau.hpp:98]   --->   Operation 20 'read' 'reps_read' <Predicate = true> <Delay = 0.00>
ST_1 : Operation 21 [1/1] (0.00ns)   --->   "%empty = shl i32 %reps_read, i32 5" [/home/coder/Documents/s2n2/finn-hlslib-lif/mvau.hpp:98]   --->   Operation 21 'shl' 'empty' <Predicate = true> <Delay = 0.00>
ST_1 : Operation 22 [1/1] (0.38ns)   --->   "%store_ln131 = store i32 0, i32 %nf" [/home/coder/Documents/s2n2/finn-hlslib-lif/mvau.hpp:131]   --->   Operation 22 'store' 'store_ln131' <Predicate = true> <Delay = 0.38>
ST_1 : Operation 23 [1/1] (0.38ns)   --->   "%store_ln131 = store i32 0, i32 %i" [/home/coder/Documents/s2n2/finn-hlslib-lif/mvau.hpp:131]   --->   Operation 23 'store' 'store_ln131' <Predicate = true> <Delay = 0.38>
ST_1 : Operation 24 [1/1] (0.41ns)   --->   "%store_ln131 = store i32 0, i32 %tile" [/home/coder/Documents/s2n2/finn-hlslib-lif/mvau.hpp:131]   --->   Operation 24 'store' 'store_ln131' <Predicate = true> <Delay = 0.41>
ST_1 : Operation 25 [1/1] (0.38ns)   --->   "%store_ln131 = store i32 0, i32 %sf" [/home/coder/Documents/s2n2/finn-hlslib-lif/mvau.hpp:131]   --->   Operation 25 'store' 'store_ln131' <Predicate = true> <Delay = 0.38>
ST_1 : Operation 26 [1/1] (0.00ns)   --->   "%br_ln131 = br void %for.body" [/home/coder/Documents/s2n2/finn-hlslib-lif/mvau.hpp:131]   --->   Operation 26 'br' 'br_ln131' <Predicate = true> <Delay = 0.00>
ST_1 : Operation 27 [1/1] (0.00ns)   --->   "%sf_1 = load i32 %sf" [/home/coder/Documents/s2n2/finn-hlslib-lif/mvau.hpp:123]   --->   Operation 27 'load' 'sf_1' <Predicate = true> <Delay = 0.00>
ST_1 : Operation 28 [1/1] (0.00ns)   --->   "%i_1 = load i32 %i" [/home/coder/Documents/s2n2/finn-hlslib-lif/mvau.hpp:131]   --->   Operation 28 'load' 'i_1' <Predicate = true> <Delay = 0.00>
ST_1 : Operation 29 [1/1] (0.00ns)   --->   "%nf_2 = load i32 %nf" [/home/coder/Documents/s2n2/finn-hlslib-lif/mvau.hpp:123]   --->   Operation 29 'load' 'nf_2' <Predicate = true> <Delay = 0.00>
ST_1 : Operation 30 [1/1] (0.88ns)   --->   "%icmp_ln131 = icmp_eq  i32 %i_1, i32 %empty" [/home/coder/Documents/s2n2/finn-hlslib-lif/mvau.hpp:131]   --->   Operation 30 'icmp' 'icmp_ln131' <Predicate = true> <Delay = 0.88> <CoreInst = "Cmp">   --->   Core 9 'Cmp' <Latency = 0> <II = 1> <Delay = 0.88> <FuncUnit> <Opcode : 'icmp'> <InPorts = 2> <OutPorts = 1>
ST_1 : Operation 31 [1/1] (0.88ns)   --->   "%i_2 = add i32 %i_1, i32 1" [/home/coder/Documents/s2n2/finn-hlslib-lif/mvau.hpp:131]   --->   Operation 31 'add' 'i_2' <Predicate = true> <Delay = 0.88> <CoreInst = "Adder">   --->   Core 1 'Adder' <Latency = 0> <II = 1> <Delay = 0.88> <FuncUnit> <Opcode : 'add' 'sub'> <InPorts = 2> <OutPorts = 1>
ST_1 : Operation 32 [1/1] (0.00ns)   --->   "%br_ln131 = br i1 %icmp_ln131, void %for.body.split, void %for.end95.loopexit" [/home/coder/Documents/s2n2/finn-hlslib-lif/mvau.hpp:131]   --->   Operation 32 'br' 'br_ln131' <Predicate = true> <Delay = 0.00>
ST_1 : Operation 33 [1/1] (0.00ns)   --->   "%specpipeline_ln132 = specpipeline void @_ssdm_op_SpecPipeline, i32 1, i32 0, i32 0, i32 0, void @empty" [/home/coder/Documents/s2n2/finn-hlslib-lif/mvau.hpp:132]   --->   Operation 33 'specpipeline' 'specpipeline_ln132' <Predicate = (!icmp_ln131)> <Delay = 0.00>
ST_1 : Operation 34 [1/1] (0.00ns)   --->   "%specloopname_ln131 = specloopname void @_ssdm_op_SpecLoopName, void @empty_3" [/home/coder/Documents/s2n2/finn-hlslib-lif/mvau.hpp:131]   --->   Operation 34 'specloopname' 'specloopname_ln131' <Predicate = (!icmp_ln131)> <Delay = 0.00>
ST_1 : Operation 35 [1/1] (0.00ns)   --->   "%trunc_ln123 = trunc i32 %sf_1" [/home/coder/Documents/s2n2/finn-hlslib-lif/mvau.hpp:123]   --->   Operation 35 'trunc' 'trunc_ln123' <Predicate = (!icmp_ln131)> <Delay = 0.00>
ST_1 : Operation 36 [1/1] (0.00ns)   --->   "%trunc_ln123_1 = trunc i32 %nf_2" [/home/coder/Documents/s2n2/finn-hlslib-lif/mvau.hpp:123]   --->   Operation 36 'trunc' 'trunc_ln123_1' <Predicate = (!icmp_ln131)> <Delay = 0.00>
ST_1 : Operation 37 [1/1] (0.88ns)   --->   "%icmp_ln134 = icmp_eq  i32 %nf_2, i32 0" [/home/coder/Documents/s2n2/finn-hlslib-lif/mvau.hpp:134]   --->   Operation 37 'icmp' 'icmp_ln134' <Predicate = (!icmp_ln131)> <Delay = 0.88> <CoreInst = "Cmp">   --->   Core 9 'Cmp' <Latency = 0> <II = 1> <Delay = 0.88> <FuncUnit> <Opcode : 'icmp'> <InPorts = 2> <OutPorts = 1>
ST_1 : Operation 38 [1/1] (0.00ns)   --->   "%br_ln134 = br i1 %icmp_ln134, void %if.else, void %if.then" [/home/coder/Documents/s2n2/finn-hlslib-lif/mvau.hpp:134]   --->   Operation 38 'br' 'br_ln134' <Predicate = (!icmp_ln131)> <Delay = 0.00>
ST_1 : Operation 39 [1/1] (0.00ns)   --->   "%inputBuf_load = load i1 %inputBuf" [/home/coder/Documents/s2n2/finn-hlslib-lif/mvau.hpp:142]   --->   Operation 39 'load' 'inputBuf_load' <Predicate = (!icmp_ln131 & !icmp_ln134)> <Delay = 0.00>
ST_1 : Operation 40 [1/1] (0.00ns)   --->   "%inputBuf_1_load = load i1 %inputBuf_1" [/home/coder/Documents/s2n2/finn-hlslib-lif/mvau.hpp:142]   --->   Operation 40 'load' 'inputBuf_1_load' <Predicate = (!icmp_ln131 & !icmp_ln134)> <Delay = 0.00>
ST_1 : Operation 41 [1/1] (0.00ns)   --->   "%inputBuf_2_load = load i1 %inputBuf_2" [/home/coder/Documents/s2n2/finn-hlslib-lif/mvau.hpp:142]   --->   Operation 41 'load' 'inputBuf_2_load' <Predicate = (!icmp_ln131 & !icmp_ln134)> <Delay = 0.00>
ST_1 : Operation 42 [1/1] (0.00ns)   --->   "%inputBuf_3_load = load i1 %inputBuf_3" [/home/coder/Documents/s2n2/finn-hlslib-lif/mvau.hpp:142]   --->   Operation 42 'load' 'inputBuf_3_load' <Predicate = (!icmp_ln131 & !icmp_ln134)> <Delay = 0.00>
ST_1 : Operation 43 [1/1] (0.00ns)   --->   "%inputBuf_4_load = load i1 %inputBuf_4" [/home/coder/Documents/s2n2/finn-hlslib-lif/mvau.hpp:142]   --->   Operation 43 'load' 'inputBuf_4_load' <Predicate = (!icmp_ln131 & !icmp_ln134)> <Delay = 0.00>
ST_1 : Operation 44 [1/1] (0.00ns)   --->   "%inputBuf_5_load = load i1 %inputBuf_5" [/home/coder/Documents/s2n2/finn-hlslib-lif/mvau.hpp:142]   --->   Operation 44 'load' 'inputBuf_5_load' <Predicate = (!icmp_ln131 & !icmp_ln134)> <Delay = 0.00>
ST_1 : Operation 45 [1/1] (0.00ns)   --->   "%inputBuf_6_load = load i1 %inputBuf_6" [/home/coder/Documents/s2n2/finn-hlslib-lif/mvau.hpp:142]   --->   Operation 45 'load' 'inputBuf_6_load' <Predicate = (!icmp_ln131 & !icmp_ln134)> <Delay = 0.00>
ST_1 : Operation 46 [1/1] (0.00ns)   --->   "%inputBuf_7_load = load i1 %inputBuf_7" [/home/coder/Documents/s2n2/finn-hlslib-lif/mvau.hpp:142]   --->   Operation 46 'load' 'inputBuf_7_load' <Predicate = (!icmp_ln131 & !icmp_ln134)> <Delay = 0.00>
ST_1 : Operation 47 [1/1] (0.58ns)   --->   "%inElem_1 = mux i1 @_ssdm_op_Mux.ap_auto.8i1.i3, i1 %inputBuf_load, i1 %inputBuf_1_load, i1 %inputBuf_2_load, i1 %inputBuf_3_load, i1 %inputBuf_4_load, i1 %inputBuf_5_load, i1 %inputBuf_6_load, i1 %inputBuf_7_load, i3 %trunc_ln123" [/home/coder/Documents/s2n2/finn-hlslib-lif/mvau.hpp:142]   --->   Operation 47 'mux' 'inElem_1' <Predicate = (!icmp_ln131 & !icmp_ln134)> <Delay = 0.58> <CoreInst = "Multiplexer">   --->   Core 76 'Multiplexer' <Latency = 0> <II = 1> <Delay = 0.58> <FuncUnit> <Opcode : 'mux'> <InPorts = 2> <OutPorts = 1>
ST_1 : Operation 48 [1/1] (0.38ns)   --->   "%br_ln0 = br void %if.end_ifconv"   --->   Operation 48 'br' 'br_ln0' <Predicate = (!icmp_ln131 & !icmp_ln134)> <Delay = 0.38>
ST_1 : Operation 49 [1/1] (1.42ns)   --->   "%inElem = read i1 @_ssdm_op_Read.ap_fifo.volatile.i1P0A, i1 %in_r" [/home/coder/Documents/s2n2/finn-hlslib-lif/mvau.hpp:136]   --->   Operation 49 'read' 'inElem' <Predicate = (!icmp_ln131 & icmp_ln134)> <Delay = 1.42> <CoreInst = "FIFO">   --->   Core 78 'FIFO' <Latency = 0> <II = 1> <Delay = 1.42> <Storage> <Opcode : 'read' 'write' 'nbread' 'nbwrite'> <Ports = 0> <Width = -1> <Depth = -1> <FIFO>
ST_1 : Operation 50 [1/1] (0.67ns)   --->   "%switch_ln138 = switch i3 %trunc_ln123, void %arrayidx.case.7, i3 0, void %arrayidx.case.0, i3 1, void %arrayidx.case.1, i3 2, void %arrayidx.case.2, i3 3, void %arrayidx.case.3, i3 4, void %arrayidx.case.4, i3 5, void %arrayidx.case.5, i3 6, void %if.then.if.end_ifconv_crit_edge" [/home/coder/Documents/s2n2/finn-hlslib-lif/mvau.hpp:138]   --->   Operation 50 'switch' 'switch_ln138' <Predicate = (!icmp_ln131 & icmp_ln134)> <Delay = 0.67>
ST_1 : Operation 51 [1/1] (0.00ns)   --->   "%store_ln138 = store i1 %inElem, i1 %inputBuf_6" [/home/coder/Documents/s2n2/finn-hlslib-lif/mvau.hpp:138]   --->   Operation 51 'store' 'store_ln138' <Predicate = (!icmp_ln131 & icmp_ln134 & trunc_ln123 == 6)> <Delay = 0.00>
ST_1 : Operation 52 [1/1] (0.38ns)   --->   "%br_ln138 = br void %if.end_ifconv" [/home/coder/Documents/s2n2/finn-hlslib-lif/mvau.hpp:138]   --->   Operation 52 'br' 'br_ln138' <Predicate = (!icmp_ln131 & icmp_ln134 & trunc_ln123 == 6)> <Delay = 0.38>
ST_1 : Operation 53 [1/1] (0.00ns)   --->   "%store_ln138 = store i1 %inElem, i1 %inputBuf_5" [/home/coder/Documents/s2n2/finn-hlslib-lif/mvau.hpp:138]   --->   Operation 53 'store' 'store_ln138' <Predicate = (!icmp_ln131 & icmp_ln134 & trunc_ln123 == 5)> <Delay = 0.00>
ST_1 : Operation 54 [1/1] (0.38ns)   --->   "%br_ln138 = br void %if.end_ifconv" [/home/coder/Documents/s2n2/finn-hlslib-lif/mvau.hpp:138]   --->   Operation 54 'br' 'br_ln138' <Predicate = (!icmp_ln131 & icmp_ln134 & trunc_ln123 == 5)> <Delay = 0.38>
ST_1 : Operation 55 [1/1] (0.00ns)   --->   "%store_ln138 = store i1 %inElem, i1 %inputBuf_4" [/home/coder/Documents/s2n2/finn-hlslib-lif/mvau.hpp:138]   --->   Operation 55 'store' 'store_ln138' <Predicate = (!icmp_ln131 & icmp_ln134 & trunc_ln123 == 4)> <Delay = 0.00>
ST_1 : Operation 56 [1/1] (0.38ns)   --->   "%br_ln138 = br void %if.end_ifconv" [/home/coder/Documents/s2n2/finn-hlslib-lif/mvau.hpp:138]   --->   Operation 56 'br' 'br_ln138' <Predicate = (!icmp_ln131 & icmp_ln134 & trunc_ln123 == 4)> <Delay = 0.38>
ST_1 : Operation 57 [1/1] (0.00ns)   --->   "%store_ln138 = store i1 %inElem, i1 %inputBuf_3" [/home/coder/Documents/s2n2/finn-hlslib-lif/mvau.hpp:138]   --->   Operation 57 'store' 'store_ln138' <Predicate = (!icmp_ln131 & icmp_ln134 & trunc_ln123 == 3)> <Delay = 0.00>
ST_1 : Operation 58 [1/1] (0.38ns)   --->   "%br_ln138 = br void %if.end_ifconv" [/home/coder/Documents/s2n2/finn-hlslib-lif/mvau.hpp:138]   --->   Operation 58 'br' 'br_ln138' <Predicate = (!icmp_ln131 & icmp_ln134 & trunc_ln123 == 3)> <Delay = 0.38>
ST_1 : Operation 59 [1/1] (0.00ns)   --->   "%store_ln138 = store i1 %inElem, i1 %inputBuf_2" [/home/coder/Documents/s2n2/finn-hlslib-lif/mvau.hpp:138]   --->   Operation 59 'store' 'store_ln138' <Predicate = (!icmp_ln131 & icmp_ln134 & trunc_ln123 == 2)> <Delay = 0.00>
ST_1 : Operation 60 [1/1] (0.38ns)   --->   "%br_ln138 = br void %if.end_ifconv" [/home/coder/Documents/s2n2/finn-hlslib-lif/mvau.hpp:138]   --->   Operation 60 'br' 'br_ln138' <Predicate = (!icmp_ln131 & icmp_ln134 & trunc_ln123 == 2)> <Delay = 0.38>
ST_1 : Operation 61 [1/1] (0.00ns)   --->   "%store_ln138 = store i1 %inElem, i1 %inputBuf_1" [/home/coder/Documents/s2n2/finn-hlslib-lif/mvau.hpp:138]   --->   Operation 61 'store' 'store_ln138' <Predicate = (!icmp_ln131 & icmp_ln134 & trunc_ln123 == 1)> <Delay = 0.00>
ST_1 : Operation 62 [1/1] (0.38ns)   --->   "%br_ln138 = br void %if.end_ifconv" [/home/coder/Documents/s2n2/finn-hlslib-lif/mvau.hpp:138]   --->   Operation 62 'br' 'br_ln138' <Predicate = (!icmp_ln131 & icmp_ln134 & trunc_ln123 == 1)> <Delay = 0.38>
ST_1 : Operation 63 [1/1] (0.00ns)   --->   "%store_ln138 = store i1 %inElem, i1 %inputBuf" [/home/coder/Documents/s2n2/finn-hlslib-lif/mvau.hpp:138]   --->   Operation 63 'store' 'store_ln138' <Predicate = (!icmp_ln131 & icmp_ln134 & trunc_ln123 == 0)> <Delay = 0.00>
ST_1 : Operation 64 [1/1] (0.38ns)   --->   "%br_ln138 = br void %if.end_ifconv" [/home/coder/Documents/s2n2/finn-hlslib-lif/mvau.hpp:138]   --->   Operation 64 'br' 'br_ln138' <Predicate = (!icmp_ln131 & icmp_ln134 & trunc_ln123 == 0)> <Delay = 0.38>
ST_1 : Operation 65 [1/1] (0.00ns)   --->   "%store_ln138 = store i1 %inElem, i1 %inputBuf_7" [/home/coder/Documents/s2n2/finn-hlslib-lif/mvau.hpp:138]   --->   Operation 65 'store' 'store_ln138' <Predicate = (!icmp_ln131 & icmp_ln134 & trunc_ln123 == 7)> <Delay = 0.00>
ST_1 : Operation 66 [1/1] (0.38ns)   --->   "%br_ln138 = br void %if.end_ifconv" [/home/coder/Documents/s2n2/finn-hlslib-lif/mvau.hpp:138]   --->   Operation 66 'br' 'br_ln138' <Predicate = (!icmp_ln131 & icmp_ln134 & trunc_ln123 == 7)> <Delay = 0.38>
ST_1 : Operation 67 [1/1] (0.00ns)   --->   "%tile_load = load i32 %tile" [/home/coder/Documents/s2n2/finn-hlslib-lif/mvau.hpp:171]   --->   Operation 67 'load' 'tile_load' <Predicate = (!icmp_ln131)> <Delay = 0.00>
ST_1 : Operation 68 [1/1] (0.88ns)   --->   "%icmp_ln149 = icmp_eq  i32 %sf_1, i32 0" [/home/coder/Documents/s2n2/finn-hlslib-lif/mvau.hpp:149]   --->   Operation 68 'icmp' 'icmp_ln149' <Predicate = (!icmp_ln131)> <Delay = 0.88> <CoreInst = "Cmp">   --->   Core 9 'Cmp' <Latency = 0> <II = 1> <Delay = 0.88> <FuncUnit> <Opcode : 'icmp'> <InPorts = 2> <OutPorts = 1>
ST_1 : Operation 69 [1/1] (0.00ns)   --->   "%idxprom4_i = zext i32 %tile_load" [/home/coder/Documents/s2n2/finn-hlslib-lif/mvau.hpp:171]   --->   Operation 69 'zext' 'idxprom4_i' <Predicate = (!icmp_ln131)> <Delay = 0.00>
ST_1 : Operation 70 [1/1] (0.00ns)   --->   "%fc_weights_0_addr = getelementptr i2 %fc_weights_0, i64 0, i64 %idxprom4_i" [/home/coder/Documents/s2n2/finn-hlslib-lif/mvau.hpp:171]   --->   Operation 70 'getelementptr' 'fc_weights_0_addr' <Predicate = (!icmp_ln131)> <Delay = 0.00>
ST_1 : Operation 71 [2/2] (0.63ns)   --->   "%value = load i5 %fc_weights_0_addr" [/home/coder/Documents/s2n2/finn-hlslib-lif/weights.hpp:204->/home/coder/Documents/s2n2/finn-hlslib-lif/mvau.hpp:165]   --->   Operation 71 'load' 'value' <Predicate = (!icmp_ln131)> <Delay = 0.63> <CoreInst = "ROM">   --->   Core 101 'ROM' <Latency = 1> <II = 1> <Delay = 0.63> <Storage> <Opcode : 'load'> <Ports = 0> <Width = 2> <Depth = 32> <ROM>
ST_1 : Operation 72 [1/1] (0.88ns)   --->   "%tile_1 = add i32 %tile_load, i32 1" [/home/coder/Documents/s2n2/finn-hlslib-lif/mvau.hpp:171]   --->   Operation 72 'add' 'tile_1' <Predicate = (!icmp_ln131)> <Delay = 0.88> <CoreInst = "Adder">   --->   Core 1 'Adder' <Latency = 0> <II = 1> <Delay = 0.88> <FuncUnit> <Opcode : 'add' 'sub'> <InPorts = 2> <OutPorts = 1>
ST_1 : Operation 73 [1/1] (0.88ns)   --->   "%sf_2 = add i32 %sf_1, i32 1" [/home/coder/Documents/s2n2/finn-hlslib-lif/mvau.hpp:172]   --->   Operation 73 'add' 'sf_2' <Predicate = (!icmp_ln131)> <Delay = 0.88> <CoreInst = "Adder">   --->   Core 1 'Adder' <Latency = 0> <II = 1> <Delay = 0.88> <FuncUnit> <Opcode : 'add' 'sub'> <InPorts = 2> <OutPorts = 1>
ST_1 : Operation 74 [1/1] (0.88ns)   --->   "%icmp_ln172 = icmp_eq  i32 %sf_2, i32 8" [/home/coder/Documents/s2n2/finn-hlslib-lif/mvau.hpp:172]   --->   Operation 74 'icmp' 'icmp_ln172' <Predicate = (!icmp_ln131)> <Delay = 0.88> <CoreInst = "Cmp">   --->   Core 9 'Cmp' <Latency = 0> <II = 1> <Delay = 0.88> <FuncUnit> <Opcode : 'icmp'> <InPorts = 2> <OutPorts = 1>
ST_1 : Operation 75 [1/1] (0.00ns)   --->   "%br_ln172 = br i1 %icmp_ln172, void %if.end_ifconv.for.inc93_crit_edge, void %for.body57" [/home/coder/Documents/s2n2/finn-hlslib-lif/mvau.hpp:172]   --->   Operation 75 'br' 'br_ln172' <Predicate = (!icmp_ln131)> <Delay = 0.00>
ST_1 : Operation 76 [1/1] (0.41ns)   --->   "%store_ln172 = store i32 %tile_1, i32 %tile" [/home/coder/Documents/s2n2/finn-hlslib-lif/mvau.hpp:172]   --->   Operation 76 'store' 'store_ln172' <Predicate = (!icmp_ln131 & !icmp_ln172)> <Delay = 0.41>
ST_1 : Operation 77 [1/1] (0.38ns)   --->   "%store_ln172 = store i32 %sf_2, i32 %sf" [/home/coder/Documents/s2n2/finn-hlslib-lif/mvau.hpp:172]   --->   Operation 77 'store' 'store_ln172' <Predicate = (!icmp_ln131 & !icmp_ln172)> <Delay = 0.38>
ST_1 : Operation 78 [1/1] (0.00ns)   --->   "%br_ln172 = br void %for.inc93" [/home/coder/Documents/s2n2/finn-hlslib-lif/mvau.hpp:172]   --->   Operation 78 'br' 'br_ln172' <Predicate = (!icmp_ln131 & !icmp_ln172)> <Delay = 0.00>
ST_1 : Operation 79 [1/1] (0.88ns)   --->   "%nf_4 = add i32 %nf_2, i32 1" [/home/coder/Documents/s2n2/finn-hlslib-lif/mvau.hpp:192]   --->   Operation 79 'add' 'nf_4' <Predicate = (!icmp_ln131 & icmp_ln172)> <Delay = 0.88> <CoreInst = "Adder">   --->   Core 1 'Adder' <Latency = 0> <II = 1> <Delay = 0.88> <FuncUnit> <Opcode : 'add' 'sub'> <InPorts = 2> <OutPorts = 1>
ST_1 : Operation 80 [1/1] (0.88ns)   --->   "%icmp_ln192 = icmp_eq  i32 %nf_4, i32 4" [/home/coder/Documents/s2n2/finn-hlslib-lif/mvau.hpp:192]   --->   Operation 80 'icmp' 'icmp_ln192' <Predicate = (!icmp_ln131 & icmp_ln172)> <Delay = 0.88> <CoreInst = "Cmp">   --->   Core 9 'Cmp' <Latency = 0> <II = 1> <Delay = 0.88> <FuncUnit> <Opcode : 'icmp'> <InPorts = 2> <OutPorts = 1>
ST_1 : Operation 81 [1/1] (0.22ns)   --->   "%nf_5 = select i1 %icmp_ln192, i32 0, i32 %nf_4" [/home/coder/Documents/s2n2/finn-hlslib-lif/mvau.hpp:192]   --->   Operation 81 'select' 'nf_5' <Predicate = (!icmp_ln131 & icmp_ln172)> <Delay = 0.22> <CoreInst = "Sel">   --->   Core 73 'Sel' <Latency = 0> <II = 1> <Delay = 0.22> <FuncUnit> <Opcode : 'select'> <InPorts = 3> <OutPorts = 1>
ST_1 : Operation 82 [1/1] (0.22ns)   --->   "%tile_2 = select i1 %icmp_ln192, i32 0, i32 %tile_1" [/home/coder/Documents/s2n2/finn-hlslib-lif/mvau.hpp:192]   --->   Operation 82 'select' 'tile_2' <Predicate = (!icmp_ln131 & icmp_ln172)> <Delay = 0.22> <CoreInst = "Sel">   --->   Core 73 'Sel' <Latency = 0> <II = 1> <Delay = 0.22> <FuncUnit> <Opcode : 'select'> <InPorts = 3> <OutPorts = 1>
ST_1 : Operation 83 [1/1] (0.38ns)   --->   "%store_ln196 = store i32 %nf_5, i32 %nf" [/home/coder/Documents/s2n2/finn-hlslib-lif/mvau.hpp:196]   --->   Operation 83 'store' 'store_ln196' <Predicate = (!icmp_ln131 & icmp_ln172)> <Delay = 0.38>
ST_1 : Operation 84 [1/1] (0.41ns)   --->   "%store_ln196 = store i32 %tile_2, i32 %tile" [/home/coder/Documents/s2n2/finn-hlslib-lif/mvau.hpp:196]   --->   Operation 84 'store' 'store_ln196' <Predicate = (!icmp_ln131 & icmp_ln172)> <Delay = 0.41>
ST_1 : Operation 85 [1/1] (0.38ns)   --->   "%store_ln196 = store i32 0, i32 %sf" [/home/coder/Documents/s2n2/finn-hlslib-lif/mvau.hpp:196]   --->   Operation 85 'store' 'store_ln196' <Predicate = (!icmp_ln131 & icmp_ln172)> <Delay = 0.38>
ST_1 : Operation 86 [1/1] (0.38ns)   --->   "%store_ln131 = store i32 %i_2, i32 %i" [/home/coder/Documents/s2n2/finn-hlslib-lif/mvau.hpp:131]   --->   Operation 86 'store' 'store_ln131' <Predicate = (!icmp_ln131)> <Delay = 0.38>
ST_1 : Operation 130 [1/1] (0.00ns)   --->   "%ret_ln198 = ret" [/home/coder/Documents/s2n2/finn-hlslib-lif/mvau.hpp:198]   --->   Operation 130 'ret' 'ret_ln198' <Predicate = (icmp_ln131)> <Delay = 0.00>

State 2 <SV = 1> <Delay = 3.19>
ST_2 : Operation 87 [1/1] (0.00ns)   --->   "%inElem_2 = phi i1 %inElem_1, void %if.else, i1 %inElem, void %arrayidx.case.7, i1 %inElem, void %arrayidx.case.5, i1 %inElem, void %arrayidx.case.4, i1 %inElem, void %arrayidx.case.3, i1 %inElem, void %arrayidx.case.2, i1 %inElem, void %arrayidx.case.1, i1 %inElem, void %arrayidx.case.0, i1 %inElem, void %if.then.if.end_ifconv_crit_edge"   --->   Operation 87 'phi' 'inElem_2' <Predicate = true> <Delay = 0.00>
ST_2 : Operation 88 [1/1] (0.00ns)   --->   "%conv_i2_i14_load = load i16 %conv_i2_i14" [/home/coder/Documents/s2n2/finn-hlslib-lif/mvau.hpp:149]   --->   Operation 88 'load' 'conv_i2_i14_load' <Predicate = (!icmp_ln149)> <Delay = 0.00>
ST_2 : Operation 89 [1/1] (0.00ns)   --->   "%void_Matrix_Vector_Activate_Batch_stream_stream_FixedPointWeightsSp_const_int_4 = load i16 %void_Matrix_Vector_Activate_Batch_stream_stream_FixedPointWeightsSp_const_int_3" [/home/coder/Documents/s2n2/finn-hlslib-lif/mvau.hpp:153]   --->   Operation 89 'load' 'void_Matrix_Vector_Activate_Batch_stream_stream_FixedPointWeightsSp_const_int_4' <Predicate = (icmp_ln149)> <Delay = 0.00>
ST_2 : Operation 90 [1/1] (0.00ns)   --->   "%void_Matrix_Vector_Activate_Batch_stream_stream_FixedPointWeightsSp_const_int_5 = load i16 %void_Matrix_Vector_Activate_Batch_stream_stream_FixedPointWeightsSp_const_int_2" [/home/coder/Documents/s2n2/finn-hlslib-lif/mvau.hpp:153]   --->   Operation 90 'load' 'void_Matrix_Vector_Activate_Batch_stream_stream_FixedPointWeightsSp_const_int_5' <Predicate = (icmp_ln149)> <Delay = 0.00>
ST_2 : Operation 91 [1/1] (0.00ns)   --->   "%void_Matrix_Vector_Activate_Batch_stream_stream_FixedPointWeightsSp_const_int_6 = load i16 %void_Matrix_Vector_Activate_Batch_stream_stream_FixedPointWeightsSp_const_int_1" [/home/coder/Documents/s2n2/finn-hlslib-lif/mvau.hpp:153]   --->   Operation 91 'load' 'void_Matrix_Vector_Activate_Batch_stream_stream_FixedPointWeightsSp_const_int_6' <Predicate = (icmp_ln149)> <Delay = 0.00>
ST_2 : Operation 92 [1/1] (0.00ns)   --->   "%void_Matrix_Vector_Activate_Batch_stream_stream_FixedPointWeightsSp_const_int_7 = load i16 %void_Matrix_Vector_Activate_Batch_stream_stream_FixedPointWeightsSp_const_int" [/home/coder/Documents/s2n2/finn-hlslib-lif/mvau.hpp:153]   --->   Operation 92 'load' 'void_Matrix_Vector_Activate_Batch_stream_stream_FixedPointWeightsSp_const_int_7' <Predicate = (icmp_ln149)> <Delay = 0.00>
ST_2 : Operation 93 [1/1] (0.45ns)   --->   "%temp = mux i16 @_ssdm_op_Mux.ap_auto.4i16.i2, i16 %void_Matrix_Vector_Activate_Batch_stream_stream_FixedPointWeightsSp_const_int_4, i16 %void_Matrix_Vector_Activate_Batch_stream_stream_FixedPointWeightsSp_const_int_5, i16 %void_Matrix_Vector_Activate_Batch_stream_stream_FixedPointWeightsSp_const_int_6, i16 %void_Matrix_Vector_Activate_Batch_stream_stream_FixedPointWeightsSp_const_int_7, i2 %trunc_ln123_1" [/home/coder/Documents/s2n2/finn-hlslib-lif/mvau.hpp:153]   --->   Operation 93 'mux' 'temp' <Predicate = (icmp_ln149)> <Delay = 0.45> <CoreInst = "Multiplexer">   --->   Core 76 'Multiplexer' <Latency = 0> <II = 1> <Delay = 0.45> <FuncUnit> <Opcode : 'mux'> <InPorts = 2> <OutPorts = 1>
ST_2 : Operation 94 [1/1] (0.00ns)   --->   "%trunc_ln1 = partselect i12 @_ssdm_op_PartSelect.i12.i16.i32.i32, i16 %temp, i32 3, i32 14" [/home/coder/Documents/s2n2/finn-hlslib-lif/mvau.hpp:155]   --->   Operation 94 'partselect' 'trunc_ln1' <Predicate = (icmp_ln149)> <Delay = 0.00>
ST_2 : Operation 95 [1/1] (0.00ns)   --->   "%sext_ln155 = sext i12 %trunc_ln1" [/home/coder/Documents/s2n2/finn-hlslib-lif/mvau.hpp:155]   --->   Operation 95 'sext' 'sext_ln155' <Predicate = (icmp_ln149)> <Delay = 0.00>
ST_2 : Operation 96 [1/1] (0.78ns)   --->   "%temp_1 = sub i16 %temp, i16 %sext_ln155" [/home/coder/Documents/s2n2/finn-hlslib-lif/mvau.hpp:155]   --->   Operation 96 'sub' 'temp_1' <Predicate = (icmp_ln149)> <Delay = 0.78> <CoreInst = "Adder">   --->   Core 1 'Adder' <Latency = 0> <II = 1> <Delay = 0.78> <FuncUnit> <Opcode : 'add' 'sub'> <InPorts = 2> <OutPorts = 1>
ST_2 : Operation 97 [1/1] (0.00ns) (grouped into LUT with out node add_ln165)   --->   "%select_ln149 = select i1 %icmp_ln149, i16 %temp_1, i16 %conv_i2_i14_load" [/home/coder/Documents/s2n2/finn-hlslib-lif/mvau.hpp:149]   --->   Operation 97 'select' 'select_ln149' <Predicate = true> <Delay = 0.00> <CoreInst = "Sel">   --->   Core 73 'Sel' <Latency = 0> <II = 1> <Delay = 0.24> <FuncUnit> <Opcode : 'select'> <InPorts = 3> <OutPorts = 1>
ST_2 : Operation 98 [1/2] (0.63ns)   --->   "%value = load i5 %fc_weights_0_addr" [/home/coder/Documents/s2n2/finn-hlslib-lif/weights.hpp:204->/home/coder/Documents/s2n2/finn-hlslib-lif/mvau.hpp:165]   --->   Operation 98 'load' 'value' <Predicate = true> <Delay = 0.63> <CoreInst = "ROM">   --->   Core 101 'ROM' <Latency = 1> <II = 1> <Delay = 0.63> <Storage> <Opcode : 'load'> <Ports = 0> <Width = 2> <Depth = 32> <ROM>
ST_2 : Operation 99 [1/1] (0.00ns) (grouped into LUT with out node add_ln165)   --->   "%temp_3 = select i1 %inElem_2, i2 %value, i2 0" [/home/coder/Documents/s2n2/finn-hlslib-lif/mvau.hpp:142]   --->   Operation 99 'select' 'temp_3' <Predicate = true> <Delay = 0.00> <CoreInst = "Sel">   --->   Core 73 'Sel' <Latency = 0> <II = 1> <Delay = 0.27> <FuncUnit> <Opcode : 'select'> <InPorts = 3> <OutPorts = 1>
ST_2 : Operation 100 [1/1] (0.00ns) (grouped into LUT with out node add_ln165)   --->   "%tmp_1 = bitconcatenate i12 @_ssdm_op_BitConcatenate.i12.i2.i10, i2 %temp_3, i10 0" [/home/coder/Documents/s2n2/finn-hlslib-lif/mvau.hpp:165]   --->   Operation 100 'bitconcatenate' 'tmp_1' <Predicate = true> <Delay = 0.00>
ST_2 : Operation 101 [1/1] (0.00ns) (grouped into LUT with out node add_ln165)   --->   "%sext_ln165 = sext i12 %tmp_1" [/home/coder/Documents/s2n2/finn-hlslib-lif/mvau.hpp:165]   --->   Operation 101 'sext' 'sext_ln165' <Predicate = true> <Delay = 0.00>
ST_2 : Operation 102 [1/1] (0.78ns) (out node of the LUT)   --->   "%add_ln165 = add i16 %sext_ln165, i16 %select_ln149" [/home/coder/Documents/s2n2/finn-hlslib-lif/mvau.hpp:165]   --->   Operation 102 'add' 'add_ln165' <Predicate = true> <Delay = 0.78> <CoreInst = "Adder">   --->   Core 1 'Adder' <Latency = 0> <II = 1> <Delay = 0.78> <FuncUnit> <Opcode : 'add' 'sub'> <InPorts = 2> <OutPorts = 1>
ST_2 : Operation 103 [1/1] (0.78ns)   --->   "%icmp_ln179 = icmp_sgt  i16 %add_ln165, i16 0" [/home/coder/Documents/s2n2/finn-hlslib-lif/mvau.hpp:179]   --->   Operation 103 'icmp' 'icmp_ln179' <Predicate = (icmp_ln172)> <Delay = 0.78> <CoreInst = "Cmp">   --->   Core 9 'Cmp' <Latency = 0> <II = 1> <Delay = 0.78> <FuncUnit> <Opcode : 'icmp'> <InPorts = 2> <OutPorts = 1>
ST_2 : Operation 104 [1/1] (0.00ns)   --->   "%br_ln179 = br i1 %icmp_ln179, void %if.else71, void %_ZN8ap_fixedILi16ELi6EL9ap_q_mode5EL9ap_o_mode3ELi0EEC2Ei.exit" [/home/coder/Documents/s2n2/finn-hlslib-lif/mvau.hpp:179]   --->   Operation 104 'br' 'br_ln179' <Predicate = (icmp_ln172)> <Delay = 0.00>
ST_2 : Operation 105 [1/1] (0.66ns)   --->   "%switch_ln184 = switch i2 %trunc_ln123_1, void %arrayidx811.case.35, i2 0, void %arrayidx811.case.02, i2 1, void %arrayidx811.case.13, i2 2, void %arrayidx811.case.24" [/home/coder/Documents/s2n2/finn-hlslib-lif/mvau.hpp:184]   --->   Operation 105 'switch' 'switch_ln184' <Predicate = (icmp_ln172 & !icmp_ln179)> <Delay = 0.66>
ST_2 : Operation 106 [1/1] (0.38ns)   --->   "%store_ln184 = store i16 %add_ln165, i16 %void_Matrix_Vector_Activate_Batch_stream_stream_FixedPointWeightsSp_const_int_1" [/home/coder/Documents/s2n2/finn-hlslib-lif/mvau.hpp:184]   --->   Operation 106 'store' 'store_ln184' <Predicate = (icmp_ln172 & !icmp_ln179 & trunc_ln123_1 == 2)> <Delay = 0.38>
ST_2 : Operation 107 [1/1] (0.00ns)   --->   "%br_ln184 = br void %arrayidx811.exit1" [/home/coder/Documents/s2n2/finn-hlslib-lif/mvau.hpp:184]   --->   Operation 107 'br' 'br_ln184' <Predicate = (icmp_ln172 & !icmp_ln179 & trunc_ln123_1 == 2)> <Delay = 0.00>
ST_2 : Operation 108 [1/1] (0.38ns)   --->   "%store_ln184 = store i16 %add_ln165, i16 %void_Matrix_Vector_Activate_Batch_stream_stream_FixedPointWeightsSp_const_int_2" [/home/coder/Documents/s2n2/finn-hlslib-lif/mvau.hpp:184]   --->   Operation 108 'store' 'store_ln184' <Predicate = (icmp_ln172 & !icmp_ln179 & trunc_ln123_1 == 1)> <Delay = 0.38>
ST_2 : Operation 109 [1/1] (0.00ns)   --->   "%br_ln184 = br void %arrayidx811.exit1" [/home/coder/Documents/s2n2/finn-hlslib-lif/mvau.hpp:184]   --->   Operation 109 'br' 'br_ln184' <Predicate = (icmp_ln172 & !icmp_ln179 & trunc_ln123_1 == 1)> <Delay = 0.00>
ST_2 : Operation 110 [1/1] (0.38ns)   --->   "%store_ln184 = store i16 %add_ln165, i16 %void_Matrix_Vector_Activate_Batch_stream_stream_FixedPointWeightsSp_const_int_3" [/home/coder/Documents/s2n2/finn-hlslib-lif/mvau.hpp:184]   --->   Operation 110 'store' 'store_ln184' <Predicate = (icmp_ln172 & !icmp_ln179 & trunc_ln123_1 == 0)> <Delay = 0.38>
ST_2 : Operation 111 [1/1] (0.00ns)   --->   "%br_ln184 = br void %arrayidx811.exit1" [/home/coder/Documents/s2n2/finn-hlslib-lif/mvau.hpp:184]   --->   Operation 111 'br' 'br_ln184' <Predicate = (icmp_ln172 & !icmp_ln179 & trunc_ln123_1 == 0)> <Delay = 0.00>
ST_2 : Operation 112 [1/1] (0.38ns)   --->   "%store_ln184 = store i16 %add_ln165, i16 %void_Matrix_Vector_Activate_Batch_stream_stream_FixedPointWeightsSp_const_int" [/home/coder/Documents/s2n2/finn-hlslib-lif/mvau.hpp:184]   --->   Operation 112 'store' 'store_ln184' <Predicate = (icmp_ln172 & !icmp_ln179 & trunc_ln123_1 == 3)> <Delay = 0.38>
ST_2 : Operation 113 [1/1] (0.00ns)   --->   "%br_ln184 = br void %arrayidx811.exit1" [/home/coder/Documents/s2n2/finn-hlslib-lif/mvau.hpp:184]   --->   Operation 113 'br' 'br_ln184' <Predicate = (icmp_ln172 & !icmp_ln179 & trunc_ln123_1 == 3)> <Delay = 0.00>
ST_2 : Operation 114 [1/1] (0.38ns)   --->   "%br_ln0 = br void %for.inc83"   --->   Operation 114 'br' 'br_ln0' <Predicate = (!icmp_ln131 & icmp_ln172 & !icmp_ln179)> <Delay = 0.38>
ST_2 : Operation 115 [1/1] (0.66ns)   --->   "%switch_ln181 = switch i2 %trunc_ln123_1, void %arrayidx811.case.3, i2 0, void %arrayidx811.case.0, i2 1, void %arrayidx811.case.1, i2 2, void %arrayidx811.case.2" [/home/coder/Documents/s2n2/finn-hlslib-lif/mvau.hpp:181]   --->   Operation 115 'switch' 'switch_ln181' <Predicate = (icmp_ln172 & icmp_ln179)> <Delay = 0.66>
ST_2 : Operation 116 [1/1] (0.38ns)   --->   "%store_ln181 = store i16 0, i16 %void_Matrix_Vector_Activate_Batch_stream_stream_FixedPointWeightsSp_const_int_1" [/home/coder/Documents/s2n2/finn-hlslib-lif/mvau.hpp:181]   --->   Operation 116 'store' 'store_ln181' <Predicate = (icmp_ln172 & icmp_ln179 & trunc_ln123_1 == 2)> <Delay = 0.38>
ST_2 : Operation 117 [1/1] (0.00ns)   --->   "%br_ln181 = br void %arrayidx811.exit" [/home/coder/Documents/s2n2/finn-hlslib-lif/mvau.hpp:181]   --->   Operation 117 'br' 'br_ln181' <Predicate = (icmp_ln172 & icmp_ln179 & trunc_ln123_1 == 2)> <Delay = 0.00>
ST_2 : Operation 118 [1/1] (0.38ns)   --->   "%store_ln181 = store i16 0, i16 %void_Matrix_Vector_Activate_Batch_stream_stream_FixedPointWeightsSp_const_int_2" [/home/coder/Documents/s2n2/finn-hlslib-lif/mvau.hpp:181]   --->   Operation 118 'store' 'store_ln181' <Predicate = (icmp_ln172 & icmp_ln179 & trunc_ln123_1 == 1)> <Delay = 0.38>
ST_2 : Operation 119 [1/1] (0.00ns)   --->   "%br_ln181 = br void %arrayidx811.exit" [/home/coder/Documents/s2n2/finn-hlslib-lif/mvau.hpp:181]   --->   Operation 119 'br' 'br_ln181' <Predicate = (icmp_ln172 & icmp_ln179 & trunc_ln123_1 == 1)> <Delay = 0.00>
ST_2 : Operation 120 [1/1] (0.38ns)   --->   "%store_ln181 = store i16 0, i16 %void_Matrix_Vector_Activate_Batch_stream_stream_FixedPointWeightsSp_const_int_3" [/home/coder/Documents/s2n2/finn-hlslib-lif/mvau.hpp:181]   --->   Operation 120 'store' 'store_ln181' <Predicate = (icmp_ln172 & icmp_ln179 & trunc_ln123_1 == 0)> <Delay = 0.38>
ST_2 : Operation 121 [1/1] (0.00ns)   --->   "%br_ln181 = br void %arrayidx811.exit" [/home/coder/Documents/s2n2/finn-hlslib-lif/mvau.hpp:181]   --->   Operation 121 'br' 'br_ln181' <Predicate = (icmp_ln172 & icmp_ln179 & trunc_ln123_1 == 0)> <Delay = 0.00>
ST_2 : Operation 122 [1/1] (0.38ns)   --->   "%store_ln181 = store i16 0, i16 %void_Matrix_Vector_Activate_Batch_stream_stream_FixedPointWeightsSp_const_int" [/home/coder/Documents/s2n2/finn-hlslib-lif/mvau.hpp:181]   --->   Operation 122 'store' 'store_ln181' <Predicate = (icmp_ln172 & icmp_ln179 & trunc_ln123_1 == 3)> <Delay = 0.38>
ST_2 : Operation 123 [1/1] (0.00ns)   --->   "%br_ln181 = br void %arrayidx811.exit" [/home/coder/Documents/s2n2/finn-hlslib-lif/mvau.hpp:181]   --->   Operation 123 'br' 'br_ln181' <Predicate = (icmp_ln172 & icmp_ln179 & trunc_ln123_1 == 3)> <Delay = 0.00>
ST_2 : Operation 124 [1/1] (0.38ns)   --->   "%br_ln182 = br void %for.inc83" [/home/coder/Documents/s2n2/finn-hlslib-lif/mvau.hpp:182]   --->   Operation 124 'br' 'br_ln182' <Predicate = (!icmp_ln131 & icmp_ln172 & icmp_ln179)> <Delay = 0.38>
ST_2 : Operation 125 [1/1] (0.00ns)   --->   "%outElem = phi i1 1, void %arrayidx811.exit, i1 0, void %arrayidx811.exit1"   --->   Operation 125 'phi' 'outElem' <Predicate = (icmp_ln172)> <Delay = 0.00>
ST_2 : Operation 126 [1/1] (1.42ns)   --->   "%write_ln187 = write void @_ssdm_op_Write.ap_fifo.volatile.i1P0A, i1 %out_r, i1 %outElem" [/home/coder/Documents/s2n2/finn-hlslib-lif/mvau.hpp:187]   --->   Operation 126 'write' 'write_ln187' <Predicate = (icmp_ln172)> <Delay = 1.42> <CoreInst = "FIFO">   --->   Core 78 'FIFO' <Latency = 0> <II = 1> <Delay = 1.42> <Storage> <Opcode : 'read' 'write' 'nbread' 'nbwrite'> <Ports = 0> <Width = -1> <Depth = -1> <FIFO>
ST_2 : Operation 127 [1/1] (0.00ns)   --->   "%br_ln196 = br void %for.inc93" [/home/coder/Documents/s2n2/finn-hlslib-lif/mvau.hpp:196]   --->   Operation 127 'br' 'br_ln196' <Predicate = (icmp_ln172)> <Delay = 0.00>
ST_2 : Operation 128 [1/1] (0.00ns)   --->   "%store_ln131 = store i16 %add_ln165, i16 %conv_i2_i14" [/home/coder/Documents/s2n2/finn-hlslib-lif/mvau.hpp:131]   --->   Operation 128 'store' 'store_ln131' <Predicate = true> <Delay = 0.00>
ST_2 : Operation 129 [1/1] (0.00ns)   --->   "%br_ln131 = br void %for.body" [/home/coder/Documents/s2n2/finn-hlslib-lif/mvau.hpp:131]   --->   Operation 129 'br' 'br_ln131' <Predicate = true> <Delay = 0.00>


============================================================
+ Verbose Summary: Timing violations
============================================================
Target clock period: 10.000ns, clock uncertainty: 2.700ns.

 <State 1>: 2.430ns
The critical path consists of the following:
	'alloca' operation ('nf') [21]  (0.000 ns)
	'load' operation ('nf', /home/coder/Documents/s2n2/finn-hlslib-lif/mvau.hpp:123) on local variable 'nf' [34]  (0.000 ns)
	'add' operation ('nf', /home/coder/Documents/s2n2/finn-hlslib-lif/mvau.hpp:192) [150]  (0.880 ns)
	'icmp' operation ('icmp_ln192', /home/coder/Documents/s2n2/finn-hlslib-lif/mvau.hpp:192) [151]  (0.880 ns)
	'select' operation ('tile', /home/coder/Documents/s2n2/finn-hlslib-lif/mvau.hpp:192) [153]  (0.227 ns)
	'store' operation ('store_ln196', /home/coder/Documents/s2n2/finn-hlslib-lif/mvau.hpp:196) of variable 'tile', /home/coder/Documents/s2n2/finn-hlslib-lif/mvau.hpp:192 on local variable 'tile' [155]  (0.420 ns)
	blocking operation 0.0231429 ns on control path)

 <State 2>: 3.195ns
The critical path consists of the following:
	'load' operation ('void_Matrix_Vector_Activate_Batch_stream_stream_FixedPointWeightsSp_const_int_4', /home/coder/Documents/s2n2/finn-hlslib-lif/mvau.hpp:153) on static variable 'void_Matrix_Vector_Activate_Batch_stream_stream_FixedPointWeightsSp_const_int_3' [88]  (0.000 ns)
	'mux' operation ('temp', /home/coder/Documents/s2n2/finn-hlslib-lif/mvau.hpp:153) [92]  (0.453 ns)
	'sub' operation ('temp', /home/coder/Documents/s2n2/finn-hlslib-lif/mvau.hpp:155) [95]  (0.785 ns)
	'select' operation ('select_ln149', /home/coder/Documents/s2n2/finn-hlslib-lif/mvau.hpp:149) [96]  (0.000 ns)
	'add' operation ('add_ln165', /home/coder/Documents/s2n2/finn-hlslib-lif/mvau.hpp:165) [103]  (0.785 ns)
	'icmp' operation ('icmp_ln179', /home/coder/Documents/s2n2/finn-hlslib-lif/mvau.hpp:179) [113]  (0.785 ns)
	blocking operation 0.387 ns on control path)


============================================================
+ Verbose Summary: Binding
============================================================
N/A
* FSMD analyzer results:
  - Output states:
 - Input state : 
  - Chain level:
	State 1
	State 2


============================================================
+ Verbose Summary: Datapath Resource usage 
============================================================
N/A
