

================================================================
== Vivado HLS Report for 'StreamingMaxPool_Pre'
================================================================
* Date:           Thu Jul 10 17:54:12 2025

* Version:        2020.1 (Build 2897737 on Wed May 27 20:21:37 MDT 2020)
* Project:        hls-syn-pool
* Solution:       sol1
* Product family: zynquplus
* Target device:  xczu3eg-sbva484-1-i


================================================================
== Performance Estimates
================================================================
+ Timing: 
    * Summary: 
    +--------+---------+----------+------------+
    |  Clock |  Target | Estimated| Uncertainty|
    +--------+---------+----------+------------+
    |ap_clk  | 5.00 ns | 3.428 ns |   0.62 ns  |
    +--------+---------+----------+------------+

+ Latency: 
    * Summary: 
    +---------+---------+----------+----------+-----+-----+---------+
    |  Latency (cycles) |  Latency (absolute) |  Interval | Pipeline|
    |   min   |   max   |    min   |    max   | min | max |   Type  |
    +---------+---------+----------+----------+-----+-----+---------+
    |      682|      682| 3.410 us | 3.410 us |  682|  682|   none  |
    +---------+---------+----------+----------+-----+-----+---------+

    + Detail: 
        * Instance: 
        N/A

        * Loop: 
        +-------------+---------+---------+----------+-----------+-----------+------+----------+
        |             |  Latency (cycles) | Iteration|  Initiation Interval  | Trip |          |
        |  Loop Name  |   min   |   max   |  Latency |  achieved |   target  | Count| Pipelined|
        +-------------+---------+---------+----------+-----------+-----------+------+----------+
        |- Loop 1     |        8|        8|         1|          -|          -|     8|    no    |
        |- Loop 2     |      672|      672|        84|          -|          -|     8|    no    |
        | + Loop 2.1  |       64|       64|         2|          2|          1|    32|    yes   |
        | + Loop 2.2  |       16|       16|         2|          -|          -|     8|    no    |
        +-------------+---------+---------+----------+-----------+-----------+------+----------+



================================================================
== Utilization Estimates
================================================================
* Summary: 
+-----------------+---------+-------+--------+-------+-----+
|       Name      | BRAM_18K| DSP48E|   FF   |  LUT  | URAM|
+-----------------+---------+-------+--------+-------+-----+
|DSP              |        -|      -|       -|      -|    -|
|Expression       |        -|      -|       0|    317|    -|
|FIFO             |        -|      -|       -|      -|    -|
|Instance         |        -|      -|       -|      -|    -|
|Memory           |        0|      -|      96|     16|    0|
|Multiplexer      |        -|      -|       -|    797|    -|
|Register         |        -|      -|     106|      -|    -|
+-----------------+---------+-------+--------+-------+-----+
|Total            |        0|      0|     202|   1130|    0|
+-----------------+---------+-------+--------+-------+-----+
|Available        |      432|    360|  141120|  70560|    0|
+-----------------+---------+-------+--------+-------+-----+
|Utilization (%)  |        0|      0|   ~0   |      1|    0|
+-----------------+---------+-------+--------+-------+-----+

+ Detail: 
    * Instance: 
    N/A

    * DSP48E: 
    N/A

    * Memory: 
    +------------+----------------------+---------+---+----+-----+------+-----+------+-------------+
    |   Memory   |        Module        | BRAM_18K| FF| LUT| URAM| Words| Bits| Banks| W*Bits*Banks|
    +------------+----------------------+---------+---+----+-----+------+-----+------+-------------+
    |buf_0_V_U   |StreamingMaxPool_bkb  |        0|  6|   1|    0|     8|    3|     1|           24|
    |buf_1_V_U   |StreamingMaxPool_bkb  |        0|  6|   1|    0|     8|    3|     1|           24|
    |buf_2_V_U   |StreamingMaxPool_bkb  |        0|  6|   1|    0|     8|    3|     1|           24|
    |buf_3_V_U   |StreamingMaxPool_bkb  |        0|  6|   1|    0|     8|    3|     1|           24|
    |buf_4_V_U   |StreamingMaxPool_bkb  |        0|  6|   1|    0|     8|    3|     1|           24|
    |buf_5_V_U   |StreamingMaxPool_bkb  |        0|  6|   1|    0|     8|    3|     1|           24|
    |buf_6_V_U   |StreamingMaxPool_bkb  |        0|  6|   1|    0|     8|    3|     1|           24|
    |buf_7_V_U   |StreamingMaxPool_bkb  |        0|  6|   1|    0|     8|    3|     1|           24|
    |buf_8_V_U   |StreamingMaxPool_bkb  |        0|  6|   1|    0|     8|    3|     1|           24|
    |buf_9_V_U   |StreamingMaxPool_bkb  |        0|  6|   1|    0|     8|    3|     1|           24|
    |buf_10_V_U  |StreamingMaxPool_bkb  |        0|  6|   1|    0|     8|    3|     1|           24|
    |buf_11_V_U  |StreamingMaxPool_bkb  |        0|  6|   1|    0|     8|    3|     1|           24|
    |buf_12_V_U  |StreamingMaxPool_bkb  |        0|  6|   1|    0|     8|    3|     1|           24|
    |buf_13_V_U  |StreamingMaxPool_bkb  |        0|  6|   1|    0|     8|    3|     1|           24|
    |buf_14_V_U  |StreamingMaxPool_bkb  |        0|  6|   1|    0|     8|    3|     1|           24|
    |buf_15_V_U  |StreamingMaxPool_bkb  |        0|  6|   1|    0|     8|    3|     1|           24|
    +------------+----------------------+---------+---+----+-----+------+-----+------+-------------+
    |Total       |                      |        0| 96|  16|    0|   128|   48|    16|          384|
    +------------+----------------------+---------+---+----+-----+------+-----+------+-------------+

    * FIFO: 
    N/A

    * Expression: 
    +---------------------------+----------+-------+---+----+------------+------------+
    |       Variable Name       | Operation| DSP48E| FF| LUT| Bitwidth P0| Bitwidth P1|
    +---------------------------+----------+-------+---+----+------------+------------+
    |add_ln153_fu_766_p2        |     +    |      0|  0|  15|           6|           1|
    |add_ln154_1_fu_1122_p2     |     +    |      0|  0|  15|           6|           1|
    |add_ln156_fu_1104_p2       |     +    |      0|  0|   9|           2|           1|
    |i_fu_722_p2                |     +    |      0|  0|  12|           4|           1|
    |outpix_fu_1141_p2          |     +    |      0|  0|  12|           4|           1|
    |xp_fu_804_p2               |     +    |      0|  0|  12|           1|           4|
    |yp_fu_754_p2               |     +    |      0|  0|  12|           4|           1|
    |and_ln154_fu_798_p2        |    and   |      0|  0|   2|           1|           1|
    |icmp_ln145_fu_716_p2       |   icmp   |      0|  0|  11|           4|           5|
    |icmp_ln152_fu_748_p2       |   icmp   |      0|  0|  11|           4|           5|
    |icmp_ln153_fu_760_p2       |   icmp   |      0|  0|  11|           6|           7|
    |icmp_ln154_fu_772_p2       |   icmp   |      0|  0|  11|           6|           5|
    |icmp_ln156_fu_792_p2       |   icmp   |      0|  0|   9|           2|           3|
    |icmp_ln172_fu_1135_p2      |   icmp   |      0|  0|  11|           4|           5|
    |icmp_ln895_10_fu_1013_p2   |   icmp   |      0|  0|   9|           3|           3|
    |icmp_ln895_11_fu_1030_p2   |   icmp   |      0|  0|   9|           3|           3|
    |icmp_ln895_12_fu_1047_p2   |   icmp   |      0|  0|   9|           3|           3|
    |icmp_ln895_13_fu_1064_p2   |   icmp   |      0|  0|   9|           3|           3|
    |icmp_ln895_14_fu_1081_p2   |   icmp   |      0|  0|   9|           3|           3|
    |icmp_ln895_15_fu_1098_p2   |   icmp   |      0|  0|   9|           3|           3|
    |icmp_ln895_1_fu_860_p2     |   icmp   |      0|  0|   9|           3|           3|
    |icmp_ln895_2_fu_877_p2     |   icmp   |      0|  0|   9|           3|           3|
    |icmp_ln895_3_fu_894_p2     |   icmp   |      0|  0|   9|           3|           3|
    |icmp_ln895_4_fu_911_p2     |   icmp   |      0|  0|   9|           3|           3|
    |icmp_ln895_5_fu_928_p2     |   icmp   |      0|  0|   9|           3|           3|
    |icmp_ln895_6_fu_945_p2     |   icmp   |      0|  0|   9|           3|           3|
    |icmp_ln895_7_fu_962_p2     |   icmp   |      0|  0|   9|           3|           3|
    |icmp_ln895_8_fu_979_p2     |   icmp   |      0|  0|   9|           3|           3|
    |icmp_ln895_9_fu_996_p2     |   icmp   |      0|  0|   9|           3|           3|
    |icmp_ln895_fu_843_p2       |   icmp   |      0|  0|   9|           3|           3|
    |or_ln156_fu_1110_p2        |    or    |      0|  0|   2|           1|           1|
    |kx_fu_1114_p3              |  select  |      0|  0|   2|           1|           1|
    |select_ln154_1_fu_1128_p3  |  select  |      0|  0|   6|           1|           1|
    |select_ln154_fu_778_p3     |  select  |      0|  0|   4|           1|           1|
    |select_ln164_fu_810_p3     |  select  |      0|  0|   4|           1|           4|
    |xor_ln154_fu_786_p2        |    xor   |      0|  0|   2|           1|           2|
    +---------------------------+----------+-------+---+----+------------+------------+
    |Total                      |          |      0|  0| 317|         108|          99|
    +---------------------------+----------+-------+---+----+------------+------------+

    * Multiplexer: 
    +--------------------------+----+-----------+-----+-----------+
    |           Name           | LUT| Input Size| Bits| Total Bits|
    +--------------------------+----+-----------+-----+-----------+
    |ap_NS_fsm                 |  44|          9|    1|          9|
    |buf_0_V_address0          |  27|          5|    3|         15|
    |buf_0_V_d0                |  15|          3|    3|          9|
    |buf_10_V_address0         |  27|          5|    3|         15|
    |buf_10_V_d0               |  15|          3|    3|          9|
    |buf_11_V_address0         |  27|          5|    3|         15|
    |buf_11_V_d0               |  15|          3|    3|          9|
    |buf_12_V_address0         |  27|          5|    3|         15|
    |buf_12_V_d0               |  15|          3|    3|          9|
    |buf_13_V_address0         |  27|          5|    3|         15|
    |buf_13_V_d0               |  15|          3|    3|          9|
    |buf_14_V_address0         |  27|          5|    3|         15|
    |buf_14_V_d0               |  15|          3|    3|          9|
    |buf_15_V_address0         |  27|          5|    3|         15|
    |buf_15_V_d0               |  15|          3|    3|          9|
    |buf_1_V_address0          |  27|          5|    3|         15|
    |buf_1_V_d0                |  15|          3|    3|          9|
    |buf_2_V_address0          |  27|          5|    3|         15|
    |buf_2_V_d0                |  15|          3|    3|          9|
    |buf_3_V_address0          |  27|          5|    3|         15|
    |buf_3_V_d0                |  15|          3|    3|          9|
    |buf_4_V_address0          |  27|          5|    3|         15|
    |buf_4_V_d0                |  15|          3|    3|          9|
    |buf_5_V_address0          |  27|          5|    3|         15|
    |buf_5_V_d0                |  15|          3|    3|          9|
    |buf_6_V_address0          |  27|          5|    3|         15|
    |buf_6_V_d0                |  15|          3|    3|          9|
    |buf_7_V_address0          |  27|          5|    3|         15|
    |buf_7_V_d0                |  15|          3|    3|          9|
    |buf_8_V_address0          |  27|          5|    3|         15|
    |buf_8_V_d0                |  15|          3|    3|          9|
    |buf_9_V_address0          |  27|          5|    3|         15|
    |buf_9_V_d0                |  15|          3|    3|          9|
    |i_0_reg_637               |   9|          2|    4|          8|
    |in_V_V_blk_n              |   9|          2|    1|          2|
    |indvar_flatten45_reg_659  |   9|          2|    6|         12|
    |indvar_flatten_reg_670    |   9|          2|    6|         12|
    |kx_0_reg_693              |   9|          2|    2|          4|
    |out_V_V_blk_n             |   9|          2|    1|          2|
    |outpix_0_reg_705          |   9|          2|    4|          8|
    |xp_0_reg_682              |   9|          2|    4|          8|
    |yp_0_reg_648              |   9|          2|    4|          8|
    +--------------------------+----+-----------+-----+-----------+
    |Total                     | 797|        155|  129|        457|
    +--------------------------+----+-----------+-----+-----------+

    * Register: 
    +--------------------------+---+----+-----+-----------+
    |           Name           | FF| LUT| Bits| Const Bits|
    +--------------------------+---+----+-----+-----------+
    |add_ln153_reg_1224        |  6|   0|    6|          0|
    |and_ln154_reg_1235        |  1|   0|    1|          0|
    |ap_CS_fsm                 |  8|   0|    8|          0|
    |buf_0_V_addr_2_reg_1245   |  3|   0|    3|          0|
    |buf_10_V_addr_2_reg_1295  |  3|   0|    3|          0|
    |buf_11_V_addr_2_reg_1300  |  3|   0|    3|          0|
    |buf_12_V_addr_2_reg_1305  |  3|   0|    3|          0|
    |buf_13_V_addr_2_reg_1310  |  3|   0|    3|          0|
    |buf_14_V_addr_2_reg_1315  |  3|   0|    3|          0|
    |buf_15_V_addr_2_reg_1320  |  3|   0|    3|          0|
    |buf_1_V_addr_2_reg_1250   |  3|   0|    3|          0|
    |buf_2_V_addr_2_reg_1255   |  3|   0|    3|          0|
    |buf_3_V_addr_2_reg_1260   |  3|   0|    3|          0|
    |buf_4_V_addr_2_reg_1265   |  3|   0|    3|          0|
    |buf_5_V_addr_2_reg_1270   |  3|   0|    3|          0|
    |buf_6_V_addr_2_reg_1275   |  3|   0|    3|          0|
    |buf_7_V_addr_2_reg_1280   |  3|   0|    3|          0|
    |buf_8_V_addr_2_reg_1285   |  3|   0|    3|          0|
    |buf_9_V_addr_2_reg_1290   |  3|   0|    3|          0|
    |i_0_reg_637               |  4|   0|    4|          0|
    |icmp_ln154_reg_1229       |  1|   0|    1|          0|
    |indvar_flatten45_reg_659  |  6|   0|    6|          0|
    |indvar_flatten_reg_670    |  6|   0|    6|          0|
    |kx_0_reg_693              |  2|   0|    2|          0|
    |outpix_0_reg_705          |  4|   0|    4|          0|
    |outpix_reg_1386           |  4|   0|    4|          0|
    |select_ln164_reg_1240     |  4|   0|    4|          0|
    |xp_0_reg_682              |  4|   0|    4|          0|
    |yp_0_reg_648              |  4|   0|    4|          0|
    |yp_reg_1216               |  4|   0|    4|          0|
    +--------------------------+---+----+-----+-----------+
    |Total                     |106|   0|  106|          0|
    +--------------------------+---+----+-----+-----------+



================================================================
== Interface
================================================================
* Summary: 
+----------------+-----+-----+------------+----------------------+--------------+
|    RTL Ports   | Dir | Bits|  Protocol  |     Source Object    |    C Type    |
+----------------+-----+-----+------------+----------------------+--------------+
|ap_clk          |  in |    1| ap_ctrl_hs | StreamingMaxPool_Pre | return value |
|ap_rst          |  in |    1| ap_ctrl_hs | StreamingMaxPool_Pre | return value |
|ap_start        |  in |    1| ap_ctrl_hs | StreamingMaxPool_Pre | return value |
|ap_done         | out |    1| ap_ctrl_hs | StreamingMaxPool_Pre | return value |
|ap_idle         | out |    1| ap_ctrl_hs | StreamingMaxPool_Pre | return value |
|ap_ready        | out |    1| ap_ctrl_hs | StreamingMaxPool_Pre | return value |
|in_V_V_dout     |  in |   48|   ap_fifo  |        in_V_V        |    pointer   |
|in_V_V_empty_n  |  in |    1|   ap_fifo  |        in_V_V        |    pointer   |
|in_V_V_read     | out |    1|   ap_fifo  |        in_V_V        |    pointer   |
|out_V_V_din     | out |   48|   ap_fifo  |        out_V_V       |    pointer   |
|out_V_V_full_n  |  in |    1|   ap_fifo  |        out_V_V       |    pointer   |
|out_V_V_write   | out |    1|   ap_fifo  |        out_V_V       |    pointer   |
+----------------+-----+-----+------------+----------------------+--------------+

