

================================================================
== Vivado HLS Report for 'conv1_lif_top_entry3'
================================================================
* Date:           Thu Sep 25 03:20:31 2025

* Version:        2020.1 (Build 2897737 on Wed May 27 20:21:37 MDT 2020)
* Project:        convSNN_conv1
* Solution:       new
* Product family: virtexuplus
* Target device:  xcvu9p-flga2577-2-e


================================================================
== Performance Estimates
================================================================
+ Timing: 
    * Summary: 
    +--------+----------+----------+------------+
    |  Clock |  Target  | Estimated| Uncertainty|
    +--------+----------+----------+------------+
    |ap_clk  | 10.00 ns | 1.458 ns |   1.25 ns  |
    +--------+----------+----------+------------+

+ Latency: 
    * Summary: 
    +---------+---------+----------+----------+-----+-----+---------+
    |  Latency (cycles) |  Latency (absolute) |  Interval | Pipeline|
    |   min   |   max   |    min   |    max   | min | max |   Type  |
    +---------+---------+----------+----------+-----+-----+---------+
    |        0|        0|   0 ns   |   0 ns   |    0|    0|   none  |
    +---------+---------+----------+----------+-----+-----+---------+

    + Detail: 
        * Instance: 
        N/A

        * Loop: 
        N/A



================================================================
== Utilization Estimates
================================================================
* Summary: 
+---------------------+---------+-------+---------+---------+-----+
|         Name        | BRAM_18K| DSP48E|    FF   |   LUT   | URAM|
+---------------------+---------+-------+---------+---------+-----+
|DSP                  |        -|      -|        -|        -|    -|
|Expression           |        -|      -|        0|        2|    -|
|FIFO                 |        -|      -|        -|        -|    -|
|Instance             |        -|      -|        -|        -|    -|
|Memory               |        -|      -|        -|        -|    -|
|Multiplexer          |        -|      -|        -|       36|    -|
|Register             |        -|      -|        3|        -|    -|
+---------------------+---------+-------+---------+---------+-----+
|Total                |        0|      0|        3|       38|    0|
+---------------------+---------+-------+---------+---------+-----+
|Available SLR        |     1440|   2280|   788160|   394080|  320|
+---------------------+---------+-------+---------+---------+-----+
|Utilization SLR (%)  |        0|      0|    ~0   |    ~0   |    0|
+---------------------+---------+-------+---------+---------+-----+
|Available            |     4320|   6840|  2364480|  1182240|  960|
+---------------------+---------+-------+---------+---------+-----+
|Utilization (%)      |        0|      0|    ~0   |    ~0   |    0|
+---------------------+---------+-------+---------+---------+-----+

+ Detail: 
    * Instance: 
    N/A

    * DSP48E: 
    N/A

    * Memory: 
    N/A

    * FIFO: 
    N/A

    * Expression: 
    +-----------------+----------+-------+---+----+------------+------------+
    |  Variable Name  | Operation| DSP48E| FF| LUT| Bitwidth P0| Bitwidth P1|
    +-----------------+----------+-------+---+----+------------+------------+
    |ap_block_state1  |    or    |      0|  0|   2|           1|           1|
    +-----------------+----------+-------+---+----+------------+------------+
    |Total            |          |      0|  0|   2|           1|           1|
    +-----------------+----------+-------+---+----+------------+------------+

    * Multiplexer: 
    +--------------------+----+-----------+-----+-----------+
    |        Name        | LUT| Input Size| Bits| Total Bits|
    +--------------------+----+-----------+-----+-----------+
    |ap_done             |   9|          2|    1|          2|
    |numReps_out1_blk_n  |   9|          2|    1|          2|
    |numReps_out_blk_n   |   9|          2|    1|          2|
    |real_start          |   9|          2|    1|          2|
    +--------------------+----+-----------+-----+-----------+
    |Total               |  36|          8|    4|          8|
    +--------------------+----+-----------+-----+-----------+

    * Register: 
    +----------------+---+----+-----+-----------+
    |      Name      | FF| LUT| Bits| Const Bits|
    +----------------+---+----+-----+-----------+
    |ap_CS_fsm       |  1|   0|    1|          0|
    |ap_done_reg     |  1|   0|    1|          0|
    |start_once_reg  |  1|   0|    1|          0|
    +----------------+---+----+-----+-----------+
    |Total           |  3|   0|    3|          0|
    +----------------+---+----+-----+-----------+



================================================================
== Interface
================================================================
* Summary: 
+---------------------+-----+-----+------------+----------------------+--------------+
|      RTL Ports      | Dir | Bits|  Protocol  |     Source Object    |    C Type    |
+---------------------+-----+-----+------------+----------------------+--------------+
|ap_clk               |  in |    1| ap_ctrl_hs | conv1_lif_top.entry3 | return value |
|ap_rst               |  in |    1| ap_ctrl_hs | conv1_lif_top.entry3 | return value |
|ap_start             |  in |    1| ap_ctrl_hs | conv1_lif_top.entry3 | return value |
|start_full_n         |  in |    1| ap_ctrl_hs | conv1_lif_top.entry3 | return value |
|ap_done              | out |    1| ap_ctrl_hs | conv1_lif_top.entry3 | return value |
|ap_continue          |  in |    1| ap_ctrl_hs | conv1_lif_top.entry3 | return value |
|ap_idle              | out |    1| ap_ctrl_hs | conv1_lif_top.entry3 | return value |
|ap_ready             | out |    1| ap_ctrl_hs | conv1_lif_top.entry3 | return value |
|start_out            | out |    1| ap_ctrl_hs | conv1_lif_top.entry3 | return value |
|start_write          | out |    1| ap_ctrl_hs | conv1_lif_top.entry3 | return value |
|numReps              |  in |   32|   ap_none  |        numReps       |    scalar    |
|numReps_out_din      | out |   32|   ap_fifo  |      numReps_out     |    pointer   |
|numReps_out_full_n   |  in |    1|   ap_fifo  |      numReps_out     |    pointer   |
|numReps_out_write    | out |    1|   ap_fifo  |      numReps_out     |    pointer   |
|numReps_out1_din     | out |   32|   ap_fifo  |     numReps_out1     |    pointer   |
|numReps_out1_full_n  |  in |    1|   ap_fifo  |     numReps_out1     |    pointer   |
|numReps_out1_write   | out |    1|   ap_fifo  |     numReps_out1     |    pointer   |
+---------------------+-----+-----+------------+----------------------+--------------+

