

================================================================
== Vivado HLS Report for 'ConvolutionInputGene'
================================================================
* Date:           Thu Sep 25 03:20:31 2025

* Version:        2020.1 (Build 2897737 on Wed May 27 20:21:37 MDT 2020)
* Project:        convSNN_conv1
* Solution:       new
* Product family: virtexuplus
* Target device:  xcvu9p-flga2577-2-e


================================================================
== Performance Estimates
================================================================
+ Timing: 
    * Summary: 
    +--------+----------+----------+------------+
    |  Clock |  Target  | Estimated| Uncertainty|
    +--------+----------+----------+------------+
    |ap_clk  | 10.00 ns | 4.628 ns |   1.25 ns  |
    +--------+----------+----------+------------+

+ Latency: 
    * Summary: 
    +---------+---------+----------+----------+-----+-----+---------+
    |  Latency (cycles) |  Latency (absolute) |  Interval | Pipeline|
    |   min   |   max   |    min   |    max   | min | max |   Type  |
    +---------+---------+----------+----------+-----+-----+---------+
    |        ?|        ?|         ?|         ?|    ?|    ?|   none  |
    +---------+---------+----------+----------+-----+-----+---------+

    + Detail: 
        * Instance: 
        N/A

        * Loop: 
        +----------+---------+---------+----------+-----------+-----------+------+----------+
        |          |  Latency (cycles) | Iteration|  Initiation Interval  | Trip |          |
        | Loop Name|   min   |   max   |  Latency |  achieved |   target  | Count| Pipelined|
        +----------+---------+---------+----------+-----------+-----------+------+----------+
        |- Loop 1  |        ?|        ?|         2|          1|          1|     ?|    yes   |
        +----------+---------+---------+----------+-----------+-----------+------+----------+



================================================================
== Utilization Estimates
================================================================
* Summary: 
+---------------------+---------+-------+---------+---------+-----+
|         Name        | BRAM_18K| DSP48E|    FF   |   LUT   | URAM|
+---------------------+---------+-------+---------+---------+-----+
|DSP                  |        -|      -|        -|        -|    -|
|Expression           |        -|      2|        0|     1184|    -|
|FIFO                 |        -|      -|        -|        -|    -|
|Instance             |        -|      -|        -|        -|    -|
|Memory               |        0|      -|       12|        2|    0|
|Multiplexer          |        -|      -|        -|      240|    -|
|Register             |        -|      -|      479|        -|    -|
+---------------------+---------+-------+---------+---------+-----+
|Total                |        0|      2|      491|     1426|    0|
+---------------------+---------+-------+---------+---------+-----+
|Available SLR        |     1440|   2280|   788160|   394080|  320|
+---------------------+---------+-------+---------+---------+-----+
|Utilization SLR (%)  |        0|   ~0  |    ~0   |    ~0   |    0|
+---------------------+---------+-------+---------+---------+-----+
|Available            |     4320|   6840|  2364480|  1182240|  960|
+---------------------+---------+-------+---------+---------+-----+
|Utilization (%)      |        0|   ~0  |    ~0   |    ~0   |    0|
+---------------------+---------+-------+---------+---------+-----+

+ Detail: 
    * Instance: 
    N/A

    * DSP48E: 
    N/A

    * Memory: 
    +----------------+----------------------+---------+---+----+-----+------+-----+------+-------------+
    |     Memory     |        Module        | BRAM_18K| FF| LUT| URAM| Words| Bits| Banks| W*Bits*Banks|
    +----------------+----------------------+---------+---+----+-----+------+-----+------+-------------+
    |inputBuf_0_V_U  |ConvolutionInputGbkb  |        0|  6|   1|    0|    10|    3|     1|           30|
    |inputBuf_1_V_U  |ConvolutionInputGbkb  |        0|  6|   1|    0|    10|    3|     1|           30|
    +----------------+----------------------+---------+---+----+-----+------+-----+------+-------------+
    |Total           |                      |        0| 12|   2|    0|    20|    6|     2|           60|
    +----------------+----------------------+---------+---+----+-----+------+-----+------+-------------+

    * FIFO: 
    N/A

    * Expression: 
    +-----------------------------------+----------+-------+---+----+------------+------------+
    |           Variable Name           | Operation| DSP48E| FF| LUT| Bitwidth P0| Bitwidth P1|
    +-----------------------------------+----------+-------+---+----+------------+------------+
    |bound_fu_294_p2                    |     *    |      2|  0|  20|          32|           7|
    |add_ln196_fu_325_p2                |     +    |      0|  0|  46|          39|           1|
    |add_ln197_fu_619_p2                |     +    |      0|  0|  15|           7|           1|
    |add_ln220_fu_389_p2                |     +    |      0|  0|  32|          32|          32|
    |add_ln255_fu_528_p2                |     +    |      0|  0|  12|           4|           1|
    |count_simd_fu_407_p2               |     +    |      0|  0|  39|           1|          32|
    |counter_internal_blo_3_fu_567_p2   |     +    |      0|  0|  39|          32|           1|
    |current_block_write_7_fu_668_p2    |     +    |      0|  0|  39|          32|           1|
    |current_block_write_fu_710_p2      |     +    |      0|  0|  39|          32|           1|
    |current_line_in_bloc_fu_395_p2     |     +    |      0|  0|  32|          32|          32|
    |grp_fu_262_p2                      |     +    |      0|  0|  39|          32|           1|
    |inp_fu_592_p2                      |     +    |      0|  0|  39|          32|           1|
    |k_x_fu_424_p2                      |     +    |      0|  0|  39|          32|           1|
    |k_y_fu_383_p2                      |     +    |      0|  0|  39|           1|          32|
    |ofm_x_fu_458_p2                    |     +    |      0|  0|  39|          32|           1|
    |ofm_y_fu_478_p2                    |     +    |      0|  0|  39|          32|           1|
    |read_block_fu_608_p2               |     +    |      0|  0|  39|          32|           1|
    |and_ln245_fu_522_p2                |    and   |      0|  0|   2|           1|           1|
    |ap_block_pp0                       |    and   |      0|  0|   2|           1|           1|
    |ap_block_pp0_stage0_01001          |    and   |      0|  0|   2|           1|           1|
    |ap_condition_330                   |    and   |      0|  0|   2|           1|           1|
    |ap_condition_341                   |    and   |      0|  0|   2|           1|           1|
    |ap_condition_50                    |    and   |      0|  0|   2|           1|           1|
    |ap_enable_state2_pp0_iter0_stage0  |    and   |      0|  0|   2|           1|           1|
    |ap_enable_state3_pp0_iter1_stage0  |    and   |      0|  0|   2|           1|           1|
    |ap_predicate_op147_load_state3     |    and   |      0|  0|   2|           1|           1|
    |ap_predicate_op153_read_state3     |    and   |      0|  0|   2|           1|           1|
    |ap_predicate_op180_store_state3    |    and   |      0|  0|   2|           1|           1|
    |ap_predicate_op182_store_state3    |    and   |      0|  0|   2|           1|           1|
    |ap_predicate_op62_load_state2      |    and   |      0|  0|   2|           1|           1|
    |icmp_ln196_fu_320_p2               |   icmp   |      0|  0|  21|          39|          39|
    |icmp_ln197_fu_337_p2               |   icmp   |      0|  0|  11|           7|           6|
    |icmp_ln199_fu_356_p2               |   icmp   |      0|  0|  20|          32|           4|
    |icmp_ln205_fu_274_p2               |   icmp   |      0|  0|  20|          32|           4|
    |icmp_ln208_fu_716_p2               |   icmp   |      0|  0|  20|          32|           2|
    |icmp_ln215_fu_365_p2               |   icmp   |      0|  0|  20|          32|           4|
    |icmp_ln224_fu_413_p2               |   icmp   |      0|  0|  20|          32|           1|
    |icmp_ln227_fu_430_p2               |   icmp   |      0|  0|  20|          32|           1|
    |icmp_ln230_fu_444_p2               |   icmp   |      0|  0|  20|          32|           1|
    |icmp_ln233_fu_464_p2               |   icmp   |      0|  0|  20|          32|           4|
    |icmp_ln236_fu_484_p2               |   icmp   |      0|  0|  20|          32|           4|
    |icmp_ln245_fu_516_p2               |   icmp   |      0|  0|  20|          32|           4|
    |icmp_ln252_fu_268_p2               |   icmp   |      0|  0|  20|          32|           4|
    |icmp_ln257_fu_674_p2               |   icmp   |      0|  0|  20|          32|           2|
    |icmp_ln264_fu_573_p2               |   icmp   |      0|  0|  20|          32|           4|
    |ap_block_state1                    |    or    |      0|  0|   2|           1|           1|
    |ap_block_state3_pp0_stage0_iter1   |    or    |      0|  0|   2|           1|           1|
    |current_block_write_6_fu_722_p3    |  select  |      0|  0|  32|           1|           1|
    |current_block_write_8_fu_680_p3    |  select  |      0|  0|  32|           1|           1|
    |current_block_write_9_fu_688_p3    |  select  |      0|  0|  32|           1|          32|
    |i_fu_625_p3                        |  select  |      0|  0|   7|           1|           1|
    |out_V_V_din                        |  select  |      0|  0|   3|           1|           3|
    |read_block_3_fu_542_p3             |  select  |      0|  0|   4|           1|           4|
    |select_ln197_fu_343_p3             |  select  |      0|  0|  32|           1|           1|
    |select_ln236_1_fu_498_p3           |  select  |      0|  0|  32|           1|           1|
    |select_ln236_fu_490_p3             |  select  |      0|  0|  32|           1|           1|
    |select_ln252_fu_534_p3             |  select  |      0|  0|  32|           1|           1|
    |select_ln264_fu_579_p3             |  select  |      0|  0|  32|           1|           1|
    |ap_enable_pp0                      |    xor   |      0|  0|   2|           1|           2|
    |ap_enable_reg_pp0_iter1            |    xor   |      0|  0|   2|           2|           1|
    |xor_ln221_fu_640_p2                |    xor   |      0|  0|   2|           1|           1|
    +-----------------------------------+----------+-------+---+----+------------+------------+
    |Total                              |          |      2|  0|1184|         928|         297|
    +-----------------------------------+----------+-------+---+----+------------+------------+

    * Multiplexer: 
    +-----------------------------+----+-----------+-----+-----------+
    |             Name            | LUT| Input Size| Bits| Total Bits|
    +-----------------------------+----+-----------+-----+-----------+
    |ap_NS_fsm                    |  21|          4|    1|          4|
    |ap_done                      |   9|          2|    1|          2|
    |ap_enable_reg_pp0_iter1      |  15|          3|    1|          3|
    |count_simd_1_fu_92           |   9|          2|   32|         64|
    |counter_internal_blo_fu_104  |   9|          2|   32|         64|
    |current_block_write_5_fu_96  |  15|          3|   32|         96|
    |current_line_2_fu_100        |  15|          3|   32|         96|
    |i_0_i_reg_208                |   9|          2|    7|         14|
    |in_V_V_blk_n                 |   9|          2|    1|          2|
    |indvar_flatten_reg_197       |   9|          2|   39|         78|
    |inp_1_fu_84                  |  15|          3|   32|         96|
    |inputBuf_0_V_address1        |  15|          3|    4|         12|
    |inputBuf_1_V_address1        |  15|          3|    4|         12|
    |k_x_1_fu_88                  |   9|          2|   32|         64|
    |k_y_1_fu_80                  |   9|          2|   32|         64|
    |numReps_blk_n                |   9|          2|    1|          2|
    |ofm_x_1_fu_76                |   9|          2|   32|         64|
    |ofm_y_1_i_fu_72              |   9|          2|   32|         64|
    |out_V_V_blk_n                |   9|          2|    1|          2|
    |read_block_2_fu_68           |  21|          4|   32|        128|
    +-----------------------------+----+-----------+-----+-----------+
    |Total                        | 240|         50|  380|        931|
    +-----------------------------+----+-----------+-----+-----------+

    * Register: 
    +-----------------------------+----+----+-----+-----------+
    |             Name            | FF | LUT| Bits| Const Bits|
    +-----------------------------+----+----+-----+-----------+
    |and_ln245_reg_866            |   1|   0|    1|          0|
    |ap_CS_fsm                    |   3|   0|    3|          0|
    |ap_done_reg                  |   1|   0|    1|          0|
    |ap_enable_reg_pp0_iter0      |   1|   0|    1|          0|
    |ap_enable_reg_pp0_iter1      |   1|   0|    1|          0|
    |bound_reg_817                |  38|   0|   39|          1|
    |count_simd_1_fu_92           |  32|   0|   32|          0|
    |counter_internal_blo_fu_104  |  32|   0|   32|          0|
    |current_block_write_5_fu_96  |  32|   0|   32|          0|
    |current_line_2_fu_100        |  32|   0|   32|          0|
    |i_0_i_reg_208                |   7|   0|    7|          0|
    |icmp_ln199_reg_831           |   1|   0|    1|          0|
    |icmp_ln205_reg_875           |   1|   0|    1|          0|
    |icmp_ln215_reg_835           |   1|   0|    1|          0|
    |icmp_ln252_reg_870           |   1|   0|    1|          0|
    |indvar_flatten_reg_197       |  39|   0|   39|          0|
    |inp_1_fu_84                  |  32|   0|   32|          0|
    |k_x_1_fu_88                  |  32|   0|   32|          0|
    |k_y_1_fu_80                  |  32|   0|   32|          0|
    |k_y_1_load_reg_839           |  32|   0|   32|          0|
    |ofm_x_1_fu_76                |  32|   0|   32|          0|
    |ofm_y_1_i_fu_72              |  32|   0|   32|          0|
    |read_block_2_fu_68           |  32|   0|   32|          0|
    |reg_286                      |  32|   0|   32|          0|
    +-----------------------------+----+----+-----+-----------+
    |Total                        | 479|   0|  480|          1|
    +-----------------------------+----+----+-----+-----------+



================================================================
== Interface
================================================================
* Summary: 
+-----------------+-----+-----+------------+----------------------+--------------+
|    RTL Ports    | Dir | Bits|  Protocol  |     Source Object    |    C Type    |
+-----------------+-----+-----+------------+----------------------+--------------+
|ap_clk           |  in |    1| ap_ctrl_hs | ConvolutionInputGene | return value |
|ap_rst           |  in |    1| ap_ctrl_hs | ConvolutionInputGene | return value |
|ap_start         |  in |    1| ap_ctrl_hs | ConvolutionInputGene | return value |
|ap_done          | out |    1| ap_ctrl_hs | ConvolutionInputGene | return value |
|ap_continue      |  in |    1| ap_ctrl_hs | ConvolutionInputGene | return value |
|ap_idle          | out |    1| ap_ctrl_hs | ConvolutionInputGene | return value |
|ap_ready         | out |    1| ap_ctrl_hs | ConvolutionInputGene | return value |
|in_V_V_dout      |  in |    3|   ap_fifo  |        in_V_V        |    pointer   |
|in_V_V_empty_n   |  in |    1|   ap_fifo  |        in_V_V        |    pointer   |
|in_V_V_read      | out |    1|   ap_fifo  |        in_V_V        |    pointer   |
|out_V_V_din      | out |    3|   ap_fifo  |        out_V_V       |    pointer   |
|out_V_V_full_n   |  in |    1|   ap_fifo  |        out_V_V       |    pointer   |
|out_V_V_write    | out |    1|   ap_fifo  |        out_V_V       |    pointer   |
|numReps_dout     |  in |   32|   ap_fifo  |        numReps       |    pointer   |
|numReps_empty_n  |  in |    1|   ap_fifo  |        numReps       |    pointer   |
|numReps_read     | out |    1|   ap_fifo  |        numReps       |    pointer   |
+-----------------+-----+-----+------------+----------------------+--------------+

