#-----------------------------------------------------------
# xsim v2020.1 (64-bit)
# SW Build 2902540 on Wed May 27 19:54:35 MDT 2020
# IP Build 2902112 on Wed May 27 22:43:36 MDT 2020
# Start of session at: Fri Jul 11 20:14:36 2025
# Process ID: 24551
# Current directory: /home/coder/Desktop/s2n2/convSNN/hls-syn-label_select/sol1/sim/verilog
# Command line: xsim -mode tcl -source {xsim.dir/Testbench_label_select/xsim_script.tcl}
# Log file: /home/coder/Desktop/s2n2/convSNN/hls-syn-label_select/sol1/sim/verilog/xsim.log
# Journal file: /home/coder/Desktop/s2n2/convSNN/hls-syn-label_select/sol1/sim/verilog/xsim.jou
#-----------------------------------------------------------
source xsim.dir/Testbench_label_select/xsim_script.tcl
# xsim {Testbench_label_select} -autoloadwcfg -tclbatch {Testbench_label_select.tcl}
Vivado Simulator 2020.1
Time resolution is 1 ps
source Testbench_label_select.tcl
## run all
////////////////////////////////////////////////////////////////////////////////////
// Inter-Transaction Progress: Completed Transaction / Total Transaction
// Intra-Transaction Progress: Measured Latency / Latency Estimation * 100%
//
// RTL Simulation : "Inter-Transaction Progress" ["Intra-Transaction Progress"] @ "Simulation Time"
////////////////////////////////////////////////////////////////////////////////////
// RTL Simulation : 0 / 1 [n/a] @ "113000"
// RTL Simulation : 1 / 1 [n/a] @ "298000"
////////////////////////////////////////////////////////////////////////////////////
$finish called at time : 317500 ps : File "/home/coder/Desktop/s2n2/convSNN/hls-syn-label_select/sol1/sim/verilog/Testbench_label_select.autotb.v" Line 331
## quit
INFO: [Common 17-206] Exiting xsim at Fri Jul 11 20:14:46 2025...
