==============================================================
Vitis HLS - High-Level Synthesis from C, C++ and OpenCL v2023.1 (64-bit)
Tool Version Limit: 2023.05
Copyright 1986-2022 Xilinx, Inc. All Rights Reserved.
Copyright 2022-2023 Advanced Micro Devices, Inc. All Rights Reserved.

==============================================================
INFO: [HLS 200-1505] Using default flow_target 'vivado'
INFO: [HLS 200-1510] Running: set_part xcvu9p-flga2577-2-e 
INFO: [HLS 200-1611] Setting target device to 'xcvu9p-flga2577-2-e'
INFO: [HLS 200-1510] Running: create_clock -period 10 -name default 
INFO: [SYN 201-201] Setting up clock 'default' with a period of 10ns.
INFO: [HLS 200-1510] Running: csim_design -clean -O 
WARNING: [HLS 200-1998] cannot find relative file path '../../conv1x1_tb.cpp' in directory(s): /home/coder/Desktop/s2n2/convSNN/convSNN_hls/conv1x1_prj/solution /home/coder/Desktop/s2n2/convSNN/convSNN_hls
INFO: [SIM 211-2] *************** CSIM start ***************
INFO: [SIM 211-4] CSIM will launch GCC as the compiler.
INFO: [HLS 200-2036] Building optimized C Simulation binaries
ERROR: [SIM 211-100] 'csim_design' failed: compilation error(s).
INFO: [SIM 211-3] *************** CSIM finish ***************
INFO: [HLS 200-111] Finished Command csim_design CPU user time: 1.48 seconds. CPU system time: 0.93 seconds. Elapsed time: 2.93 seconds; current allocated memory: 4.109 MB.
==============================================================
Vitis HLS - High-Level Synthesis from C, C++ and OpenCL v2023.1 (64-bit)
Tool Version Limit: 2023.05
Copyright 1986-2022 Xilinx, Inc. All Rights Reserved.
Copyright 2022-2023 Advanced Micro Devices, Inc. All Rights Reserved.

==============================================================
INFO: [SYN 201-201] Setting up clock 'default' with a period of 10ns.
INFO: [HLS 200-1611] Setting target device to 'xcvu9p-flga2577-2-e'
INFO: [HLS 200-1505] Using flow_target 'vivado'
INFO: [HLS 200-1510] Running: set_part xcvu9p-flga2577-2-e 
INFO: [HLS 200-1510] Running: create_clock -period 10 -name default 
INFO: [HLS 200-1510] Running: csim_design -clean -O 
WARNING: [HLS 200-1998] cannot find relative file path '../../conv1x1_tb.cpp' in directory(s): /home/coder/Desktop/s2n2/convSNN/convSNN_hls/conv1x1_prj/solution /home/coder/Desktop/s2n2/convSNN/convSNN_hls
INFO: [SIM 211-2] *************** CSIM start ***************
INFO: [SIM 211-4] CSIM will launch GCC as the compiler.
INFO: [HLS 200-2036] Building optimized C Simulation binaries
ERROR: [SIM 211-100] CSim failed with errors.
INFO: [SIM 211-3] *************** CSIM finish ***************
INFO: [HLS 200-111] Finished Command csim_design CPU user time: 1.74 seconds. CPU system time: 1.04 seconds. Elapsed time: 5.29 seconds; current allocated memory: 2.281 MB.
