

================================================================
== Vivado HLS Report for 'LabelSelect_Batch'
================================================================
* Date:           Fri Jul 11 20:14:07 2025

* Version:        2020.1 (Build 2897737 on Wed May 27 20:21:37 MDT 2020)
* Project:        hls-syn-label_select
* Solution:       sol1
* Product family: zynquplus
* Target device:  xczu3eg-sbva484-1-i


================================================================
== Performance Estimates
================================================================
+ Timing: 
    * Summary: 
    +--------+---------+----------+------------+
    |  Clock |  Target | Estimated| Uncertainty|
    +--------+---------+----------+------------+
    |ap_clk  | 5.00 ns | 6.430 ns |   0.62 ns  |
    +--------+---------+----------+------------+

+ Latency: 
    * Summary: 
    +---------+---------+----------+----------+-----+-----+---------+
    |  Latency (cycles) |  Latency (absolute) |  Interval | Pipeline|
    |   min   |   max   |    min   |    max   | min | max |   Type  |
    +---------+---------+----------+----------+-----+-----+---------+
    |        ?|        ?|         ?|         ?|    ?|    ?|   none  |
    +---------+---------+----------+----------+-----+-----+---------+

    + Detail: 
        * Instance: 
        N/A

        * Loop: 
        +-------------+---------+---------+----------+-----------+-----------+------+----------+
        |             |  Latency (cycles) | Iteration|  Initiation Interval  | Trip |          |
        |  Loop Name  |   min   |   max   |  Latency |  achieved |   target  | Count| Pipelined|
        +-------------+---------+---------+----------+-----------+-----------+------+----------+
        |- Loop 1     |        ?|        ?|        13|          -|          -|     ?|    no    |
        | + Loop 1.1  |        6|        6|         6|          1|          1|     2|    yes   |
        | + Loop 1.2  |        3|        3|         1|          -|          -|     3|    no    |
        +-------------+---------+---------+----------+-----------+-----------+------+----------+



================================================================
== Utilization Estimates
================================================================
* Summary: 
+-----------------+---------+-------+--------+-------+-----+
|       Name      | BRAM_18K| DSP48E|   FF   |  LUT  | URAM|
+-----------------+---------+-------+--------+-------+-----+
|DSP              |        -|      -|       -|      -|    -|
|Expression       |        -|      -|       0|    870|    -|
|FIFO             |        -|      -|       -|      -|    -|
|Instance         |        -|      -|       0|     15|    -|
|Memory           |        -|      -|       -|      -|    -|
|Multiplexer      |        -|      -|       -|    177|    -|
|Register         |        0|      -|    1092|    320|    -|
+-----------------+---------+-------+--------+-------+-----+
|Total            |        0|      0|    1092|   1382|    0|
+-----------------+---------+-------+--------+-------+-----+
|Available        |      432|    360|  141120|  70560|    0|
+-----------------+---------+-------+--------+-------+-----+
|Utilization (%)  |        0|      0|   ~0   |      1|    0|
+-----------------+---------+-------+--------+-------+-----+

+ Detail: 
    * Instance: 
    +-------------------------+----------------------+---------+-------+---+----+-----+
    |         Instance        |        Module        | BRAM_18K| DSP48E| FF| LUT| URAM|
    +-------------------------+----------------------+---------+-------+---+----+-----+
    |Testbench_label_sbkb_U5  |Testbench_label_sbkb  |        0|      0|  0|  15|    0|
    +-------------------------+----------------------+---------+-------+---+----+-----+
    |Total                    |                      |        0|      0|  0|  15|    0|
    +-------------------------+----------------------+---------+-------+---+----+-----+

    * DSP48E: 
    N/A

    * Memory: 
    N/A

    * FIFO: 
    N/A

    * Expression: 
    +----------------------------------+----------+-------+---+----+------------+------------+
    |           Variable Name          | Operation| DSP48E| FF| LUT| Bitwidth P0| Bitwidth P1|
    +----------------------------------+----------+-------+---+----+------------+------------+
    |block_fu_220_p2                   |     +    |      0|  0|   9|           2|           1|
    |idx_fu_477_p2                     |     +    |      0|  0|  12|           3|           4|
    |reps_fu_208_p2                    |     +    |      0|  0|  39|          32|           1|
    |toplabels_2_V_14_fu_522_p2        |     +    |      0|  0|  11|           1|           3|
    |toplabels_2_V_17_fu_567_p2        |     +    |      0|  0|  11|           2|           3|
    |toplabels_2_V_20_fu_612_p2        |     +    |      0|  0|  12|           2|           4|
    |toplabels_2_V_22_fu_664_p2        |     +    |      0|  0|  12|           3|           4|
    |topx_fu_745_p2                    |     +    |      0|  0|   9|           2|           1|
    |tmp_V_fu_757_p4                   |     -    |      0|  0|  11|           3|           2|
    |ap_block_pp0_stage0_11001         |    and   |      0|  0|   2|           1|           1|
    |ap_block_state10                  |    and   |      0|  0|   2|           1|           1|
    |ap_block_state4_pp0_stage0_iter1  |    and   |      0|  0|   2|           1|           1|
    |icmp_ln368_fu_203_p2              |   icmp   |      0|  0|  20|          32|          32|
    |icmp_ln374_fu_214_p2              |   icmp   |      0|  0|   9|           2|           3|
    |icmp_ln401_fu_739_p2              |   icmp   |      0|  0|   8|           2|           2|
    |icmp_ln895_10_fu_366_p2           |   icmp   |      0|  0|  13|          16|          16|
    |icmp_ln895_11_fu_306_p2           |   icmp   |      0|  0|  13|          16|          16|
    |icmp_ln895_12_fu_670_p2           |   icmp   |      0|  0|  13|          16|          16|
    |icmp_ln895_13_fu_459_p2           |   icmp   |      0|  0|  13|          16|          16|
    |icmp_ln895_14_fu_376_p2           |   icmp   |      0|  0|  13|          16|          16|
    |icmp_ln895_1_fu_311_p2            |   icmp   |      0|  0|  13|          16|          16|
    |icmp_ln895_2_fu_270_p2            |   icmp   |      0|  0|  13|          16|          16|
    |icmp_ln895_3_fu_407_p2            |   icmp   |      0|  0|  13|          16|          16|
    |icmp_ln895_4_fu_330_p2            |   icmp   |      0|  0|  13|          16|          16|
    |icmp_ln895_5_fu_282_p2            |   icmp   |      0|  0|  13|          16|          16|
    |icmp_ln895_6_fu_425_p2            |   icmp   |      0|  0|  13|          16|          16|
    |icmp_ln895_7_fu_348_p2            |   icmp   |      0|  0|  13|          16|          16|
    |icmp_ln895_8_fu_294_p2            |   icmp   |      0|  0|  13|          16|          16|
    |icmp_ln895_9_fu_443_p2            |   icmp   |      0|  0|  13|          16|          16|
    |icmp_ln895_fu_388_p2              |   icmp   |      0|  0|  13|          16|          16|
    |ap_block_state1                   |    or    |      0|  0|   2|           1|           1|
    |toplabels_0_V_11_fu_494_p3        |  select  |      0|  0|   4|           1|           4|
    |toplabels_0_V_12_fu_532_p3        |  select  |      0|  0|   4|           1|           4|
    |toplabels_0_V_13_fu_539_p3        |  select  |      0|  0|   4|           1|           4|
    |toplabels_0_V_14_fu_577_p3        |  select  |      0|  0|   4|           1|           4|
    |toplabels_0_V_15_fu_584_p3        |  select  |      0|  0|   4|           1|           4|
    |toplabels_0_V_16_fu_623_p3        |  select  |      0|  0|   4|           1|           4|
    |toplabels_0_V_17_fu_630_p3        |  select  |      0|  0|   4|           1|           4|
    |toplabels_0_V_18_fu_680_p3        |  select  |      0|  0|   4|           1|           4|
    |toplabels_0_V_19_fu_687_p3        |  select  |      0|  0|   4|           1|           4|
    |toplabels_0_V_fu_487_p3           |  select  |      0|  0|   4|           1|           4|
    |toplabels_1_V_11_fu_508_p3        |  select  |      0|  0|   4|           1|           4|
    |toplabels_1_V_12_fu_546_p3        |  select  |      0|  0|   4|           1|           4|
    |toplabels_1_V_13_fu_553_p3        |  select  |      0|  0|   4|           1|           4|
    |toplabels_1_V_14_fu_591_p3        |  select  |      0|  0|   4|           1|           4|
    |toplabels_1_V_15_fu_598_p3        |  select  |      0|  0|   4|           1|           4|
    |toplabels_1_V_16_fu_643_p3        |  select  |      0|  0|   4|           1|           4|
    |toplabels_1_V_17_fu_650_p3        |  select  |      0|  0|   4|           1|           4|
    |toplabels_1_V_18_fu_703_p3        |  select  |      0|  0|   4|           1|           4|
    |toplabels_1_V_19_fu_710_p3        |  select  |      0|  0|   4|           1|           4|
    |toplabels_1_V_fu_501_p3           |  select  |      0|  0|   4|           1|           4|
    |toplabels_2_V_13_fu_515_p3        |  select  |      0|  0|   4|           1|           4|
    |toplabels_2_V_16_fu_560_p3        |  select  |      0|  0|   4|           1|           4|
    |toplabels_2_V_19_fu_605_p3        |  select  |      0|  0|   4|           1|           4|
    |toplabels_2_V_21_fu_657_p3        |  select  |      0|  0|   4|           1|           4|
    |toplabels_2_V_23_fu_717_p3        |  select  |      0|  0|   4|           1|           4|
    |topval_0_V_10_fu_430_p3           |  select  |      0|  0|  16|           1|          16|
    |topval_0_V_11_fu_435_p3           |  select  |      0|  0|  16|           1|          16|
    |topval_0_V_14_fu_618_p3           |  select  |      0|  0|  16|           1|          16|
    |topval_0_V_15_fu_637_p3           |  select  |      0|  0|  16|           1|          16|
    |topval_0_V_18_fu_675_p3           |  select  |      0|  0|  16|           1|          16|
    |topval_0_V_19_fu_695_p3           |  select  |      0|  0|  16|           1|          16|
    |topval_0_V_2_fu_393_p3            |  select  |      0|  0|  16|           1|          16|
    |topval_0_V_3_fu_399_p3            |  select  |      0|  0|  16|           1|          16|
    |topval_0_V_6_fu_412_p3            |  select  |      0|  0|  16|           1|          16|
    |topval_0_V_7_fu_417_p3            |  select  |      0|  0|  16|           1|          16|
    |topval_1_V_10_fu_353_p3           |  select  |      0|  0|  16|           1|          16|
    |topval_1_V_14_fu_448_p3           |  select  |      0|  0|  16|           1|          16|
    |topval_1_V_18_fu_464_p3           |  select  |      0|  0|  16|           1|          16|
    |topval_1_V_19_fu_469_p3           |  select  |      0|  0|  16|           1|          16|
    |topval_1_V_20_fu_322_p3           |  select  |      0|  0|  16|           1|          16|
    |topval_1_V_21_fu_340_p3           |  select  |      0|  0|  16|           1|          16|
    |topval_1_V_22_fu_358_p3           |  select  |      0|  0|  16|           1|          16|
    |topval_1_V_23_fu_453_p3           |  select  |      0|  0|  16|           1|          16|
    |topval_1_V_2_fu_316_p3            |  select  |      0|  0|  16|           1|          16|
    |topval_1_V_6_fu_335_p3            |  select  |      0|  0|  16|           1|          16|
    |topval_2_V_10_fu_287_p3           |  select  |      0|  0|  16|           1|          16|
    |topval_2_V_11_fu_371_p3           |  select  |      0|  0|  16|           1|          16|
    |topval_2_V_8_fu_381_p3            |  select  |      0|  0|  16|           1|          16|
    |topval_2_V_9_fu_275_p3            |  select  |      0|  0|  16|           1|          16|
    |topval_2_V_fu_299_p3              |  select  |      0|  0|  16|           1|          16|
    |ap_enable_pp0                     |    xor   |      0|  0|   2|           1|           2|
    |ap_enable_reg_pp0_iter1           |    xor   |      0|  0|   2|           2|           1|
    +----------------------------------+----------+-------+---+----+------------+------------+
    |Total                             |          |      0|  0| 870|         383|         807|
    +----------------------------------+----------+-------+---+----+------------+------------+

    * Multiplexer: 
    +-----------------------------------------+----+-----------+-----+-----------+
    |                   Name                  | LUT| Input Size| Bits| Total Bits|
    +-----------------------------------------+----+-----------+-----+-----------+
    |ap_NS_fsm                                |  33|          6|    1|          6|
    |ap_done                                  |   9|          2|    1|          2|
    |ap_enable_reg_pp0_iter1                  |   9|          2|    1|          2|
    |ap_enable_reg_pp0_iter5                  |   9|          2|    1|          2|
    |ap_phi_mux_topval_0_V_phi_fu_140_p4      |   9|          2|   16|         32|
    |ap_phi_mux_topval_1_V_phi_fu_128_p4      |   9|          2|   16|         32|
    |ap_phi_mux_topval_V_0_0_i_phi_fu_152_p4  |   9|          2|   16|         32|
    |block_0_i_reg_172                        |   9|          2|    2|          4|
    |in_V_V_blk_n                             |   9|          2|    1|          2|
    |numReps_blk_n                            |   9|          2|    1|          2|
    |out_V_V_blk_n                            |   9|          2|    1|          2|
    |reps_0_i_reg_113                         |   9|          2|   32|         64|
    |toplabels_2_V_reg_160                    |   9|          2|    4|          8|
    |topval_0_V_reg_136                       |   9|          2|   16|         32|
    |topval_1_V_reg_124                       |   9|          2|   16|         32|
    |topval_V_0_0_i_reg_148                   |   9|          2|   16|         32|
    |topx3_0_i_reg_183                        |   9|          2|    2|          4|
    +-----------------------------------------+----+-----------+-----+-----------+
    |Total                                    | 177|         38|  143|        290|
    +-----------------------------------------+----+-----------+-----+-----------+

    * Register: 
    +-------------------------------------+----+----+-----+-----------+
    |                 Name                | FF | LUT| Bits| Const Bits|
    +-------------------------------------+----+----+-----+-----------+
    |ap_CS_fsm                            |   5|   0|    5|          0|
    |ap_done_reg                          |   1|   0|    1|          0|
    |ap_enable_reg_pp0_iter0              |   1|   0|    1|          0|
    |ap_enable_reg_pp0_iter1              |   1|   0|    1|          0|
    |ap_enable_reg_pp0_iter2              |   1|   0|    1|          0|
    |ap_enable_reg_pp0_iter3              |   1|   0|    1|          0|
    |ap_enable_reg_pp0_iter4              |   1|   0|    1|          0|
    |ap_enable_reg_pp0_iter5              |   1|   0|    1|          0|
    |block_0_i_reg_172                    |   2|   0|    2|          0|
    |icmp_ln374_reg_802                   |   1|   0|    1|          0|
    |icmp_ln895_10_reg_943                |   1|   0|    1|          0|
    |icmp_ln895_10_reg_943_pp0_iter4_reg  |   1|   0|    1|          0|
    |icmp_ln895_11_reg_898                |   1|   0|    1|          0|
    |icmp_ln895_13_reg_999                |   1|   0|    1|          0|
    |icmp_ln895_14_reg_956                |   1|   0|    1|          0|
    |icmp_ln895_14_reg_956_pp0_iter4_reg  |   1|   0|    1|          0|
    |icmp_ln895_1_reg_906                 |   1|   0|    1|          0|
    |icmp_ln895_1_reg_906_pp0_iter4_reg   |   1|   0|    1|          0|
    |icmp_ln895_2_reg_861                 |   1|   0|    1|          0|
    |icmp_ln895_3_reg_973                 |   1|   0|    1|          0|
    |icmp_ln895_4_reg_918                 |   1|   0|    1|          0|
    |icmp_ln895_4_reg_918_pp0_iter4_reg   |   1|   0|    1|          0|
    |icmp_ln895_5_reg_873                 |   1|   0|    1|          0|
    |icmp_ln895_6_reg_978                 |   1|   0|    1|          0|
    |icmp_ln895_7_reg_930                 |   1|   0|    1|          0|
    |icmp_ln895_7_reg_930_pp0_iter4_reg   |   1|   0|    1|          0|
    |icmp_ln895_8_reg_885                 |   1|   0|    1|          0|
    |icmp_ln895_9_reg_988                 |   1|   0|    1|          0|
    |icmp_ln895_reg_968                   |   1|   0|    1|          0|
    |numReps_read_reg_788                 |  32|   0|   32|          0|
    |reps_0_i_reg_113                     |  32|   0|   32|          0|
    |reps_reg_797                         |  32|   0|   32|          0|
    |toplabels_0_V_10_fu_82               |   4|   0|    4|          0|
    |toplabels_1_V_10_fu_86               |   4|   0|    4|          0|
    |toplabels_2_V_12_fu_90               |   4|   0|    4|          0|
    |toplabels_2_V_reg_160                |   4|   0|    4|          0|
    |topval_0_V_11_reg_983                |  16|   0|   16|          0|
    |topval_0_V_20_reg_811                |  16|   0|   16|          0|
    |topval_0_V_21_reg_821                |  16|   0|   16|          0|
    |topval_0_V_22_reg_831                |  16|   0|   16|          0|
    |topval_0_V_23_reg_841                |  16|   0|   16|          0|
    |topval_0_V_24_reg_851                |  16|   0|   16|          0|
    |topval_0_V_reg_136                   |  16|   0|   16|          0|
    |topval_1_V_20_reg_913                |  16|   0|   16|          0|
    |topval_1_V_21_reg_925                |  16|   0|   16|          0|
    |topval_1_V_22_reg_937                |  16|   0|   16|          0|
    |topval_1_V_22_reg_937_pp0_iter4_reg  |  16|   0|   16|          0|
    |topval_1_V_23_reg_994                |  16|   0|   16|          0|
    |topval_1_V_reg_124                   |  16|   0|   16|          0|
    |topval_2_V_10_reg_880                |  16|   0|   16|          0|
    |topval_2_V_11_reg_951                |  16|   0|   16|          0|
    |topval_2_V_9_reg_868                 |  16|   0|   16|          0|
    |topval_2_V_reg_892                   |  16|   0|   16|          0|
    |topval_2_V_reg_892_pp0_iter3_reg     |  16|   0|   16|          0|
    |topval_V_0_0_i_reg_148               |  16|   0|   16|          0|
    |topx3_0_i_reg_183                    |   2|   0|    2|          0|
    |icmp_ln374_reg_802                   |  64|  32|    1|          0|
    |icmp_ln895_11_reg_898                |  64|  32|    1|          0|
    |icmp_ln895_2_reg_861                 |  64|  32|    1|          0|
    |icmp_ln895_5_reg_873                 |  64|  32|    1|          0|
    |icmp_ln895_8_reg_885                 |  64|  32|    1|          0|
    |topval_0_V_20_reg_811                |  64|  32|   16|          0|
    |topval_0_V_21_reg_821                |  64|  32|   16|          0|
    |topval_0_V_22_reg_831                |  64|  32|   16|          0|
    |topval_0_V_23_reg_841                |  64|  32|   16|          0|
    |topval_0_V_24_reg_851                |  64|  32|   16|          0|
    +-------------------------------------+----+----+-----+-----------+
    |Total                                |1092| 320|  537|          0|
    +-------------------------------------+----+----+-----+-----------+



================================================================
== Interface
================================================================
* Summary: 
+-----------------+-----+-----+------------+-------------------+--------------+
|    RTL Ports    | Dir | Bits|  Protocol  |   Source Object   |    C Type    |
+-----------------+-----+-----+------------+-------------------+--------------+
|ap_clk           |  in |    1| ap_ctrl_hs | LabelSelect_Batch | return value |
|ap_rst           |  in |    1| ap_ctrl_hs | LabelSelect_Batch | return value |
|ap_start         |  in |    1| ap_ctrl_hs | LabelSelect_Batch | return value |
|ap_done          | out |    1| ap_ctrl_hs | LabelSelect_Batch | return value |
|ap_continue      |  in |    1| ap_ctrl_hs | LabelSelect_Batch | return value |
|ap_idle          | out |    1| ap_ctrl_hs | LabelSelect_Batch | return value |
|ap_ready         | out |    1| ap_ctrl_hs | LabelSelect_Batch | return value |
|in_V_V_dout      |  in |   80|   ap_fifo  |       in_V_V      |    pointer   |
|in_V_V_empty_n   |  in |    1|   ap_fifo  |       in_V_V      |    pointer   |
|in_V_V_read      | out |    1|   ap_fifo  |       in_V_V      |    pointer   |
|out_V_V_din      | out |    4|   ap_fifo  |      out_V_V      |    pointer   |
|out_V_V_full_n   |  in |    1|   ap_fifo  |      out_V_V      |    pointer   |
|out_V_V_write    | out |    1|   ap_fifo  |      out_V_V      |    pointer   |
|numReps_dout     |  in |   32|   ap_fifo  |      numReps      |    pointer   |
|numReps_empty_n  |  in |    1|   ap_fifo  |      numReps      |    pointer   |
|numReps_read     | out |    1|   ap_fifo  |      numReps      |    pointer   |
+-----------------+-----+-----+------------+-------------------+--------------+

