

================================================================
== Vivado HLS Report for 'StreamingDataWidthCo'
================================================================
* Date:           Fri Jul 11 20:14:06 2025

* Version:        2020.1 (Build 2897737 on Wed May 27 20:21:37 MDT 2020)
* Project:        hls-syn-label_select
* Solution:       sol1
* Product family: zynquplus
* Target device:  xczu3eg-sbva484-1-i


================================================================
== Performance Estimates
================================================================
+ Timing: 
    * Summary: 
    +--------+---------+----------+------------+
    |  Clock |  Target | Estimated| Uncertainty|
    +--------+---------+----------+------------+
    |ap_clk  | 5.00 ns | 4.334 ns |   0.62 ns  |
    +--------+---------+----------+------------+

+ Latency: 
    * Summary: 
    +---------+---------+----------+----------+-----+-----+---------+
    |  Latency (cycles) |  Latency (absolute) |  Interval | Pipeline|
    |   min   |   max   |    min   |    max   | min | max |   Type  |
    +---------+---------+----------+----------+-----+-----+---------+
    |        ?|        ?|         ?|         ?|    ?|    ?|   none  |
    +---------+---------+----------+----------+-----+-----+---------+

    + Detail: 
        * Instance: 
        N/A

        * Loop: 
        +----------+---------+---------+----------+-----------+-----------+------+----------+
        |          |  Latency (cycles) | Iteration|  Initiation Interval  | Trip |          |
        | Loop Name|   min   |   max   |  Latency |  achieved |   target  | Count| Pipelined|
        +----------+---------+---------+----------+-----------+-----------+------+----------+
        |- Loop 1  |        ?|        ?|         2|          1|          1|     ?|    yes   |
        +----------+---------+---------+----------+-----------+-----------+------+----------+



================================================================
== Utilization Estimates
================================================================
* Summary: 
+-----------------+---------+-------+--------+-------+-----+
|       Name      | BRAM_18K| DSP48E|   FF   |  LUT  | URAM|
+-----------------+---------+-------+--------+-------+-----+
|DSP              |        -|      -|       -|      -|    -|
|Expression       |        -|      -|       0|    167|    -|
|FIFO             |        -|      -|       -|      -|    -|
|Instance         |        -|      -|       -|      -|    -|
|Memory           |        -|      -|       -|      -|    -|
|Multiplexer      |        -|      -|       -|    108|    -|
|Register         |        -|      -|     168|      -|    -|
+-----------------+---------+-------+--------+-------+-----+
|Total            |        0|      0|     168|    275|    0|
+-----------------+---------+-------+--------+-------+-----+
|Available        |      432|    360|  141120|  70560|    0|
+-----------------+---------+-------+--------+-------+-----+
|Utilization (%)  |        0|      0|   ~0   |   ~0  |    0|
+-----------------+---------+-------+--------+-------+-----+

+ Detail: 
    * Instance: 
    N/A

    * DSP48E: 
    N/A

    * Memory: 
    N/A

    * FIFO: 
    N/A

    * Expression: 
    +----------------------------------+----------+-------+---+----+------------+------------+
    |           Variable Name          | Operation| DSP48E| FF| LUT| Bitwidth P0| Bitwidth P1|
    +----------------------------------+----------+-------+---+----+------------+------------+
    |i_fu_145_p2                       |     +    |      0|  0|  39|          32|           1|
    |t_fu_136_p2                       |     +    |      0|  0|  39|          32|           1|
    |totalIters_fu_125_p2              |     +    |      0|  0|  39|          32|          32|
    |ap_block_pp0_stage0_01001         |    and   |      0|  0|   2|           1|           1|
    |icmp_ln402_fu_131_p2              |   icmp   |      0|  0|  20|          32|          32|
    |icmp_ln411_fu_151_p2              |   icmp   |      0|  0|  20|          32|           3|
    |ap_block_state1                   |    or    |      0|  0|   2|           1|           1|
    |ap_block_state3_pp0_stage0_iter1  |    or    |      0|  0|   2|           1|           1|
    |ap_enable_pp0                     |    xor   |      0|  0|   2|           1|           2|
    |ap_enable_reg_pp0_iter1           |    xor   |      0|  0|   2|           2|           1|
    +----------------------------------+----------+-------+---+----+------------+------------+
    |Total                             |          |      0|  0| 167|         166|          75|
    +----------------------------------+----------+-------+---+----+------------+------------+

    * Multiplexer: 
    +-------------------------+----+-----------+-----+-----------+
    |           Name          | LUT| Input Size| Bits| Total Bits|
    +-------------------------+----+-----------+-----+-----------+
    |ap_NS_fsm                |  21|          4|    1|          4|
    |ap_done                  |   9|          2|    1|          2|
    |ap_enable_reg_pp0_iter1  |  15|          3|    1|          3|
    |i_1_fu_54                |   9|          2|   32|         64|
    |in_V_V_blk_n             |   9|          2|    1|          2|
    |numReps_out_blk_n        |   9|          2|    1|          2|
    |out_V_V_blk_n            |   9|          2|    1|          2|
    |r_V_reg_85               |   9|          2|   64|        128|
    |real_start               |   9|          2|    1|          2|
    |t_0_i_reg_97             |   9|          2|   32|         64|
    +-------------------------+----+-----------+-----+-----------+
    |Total                    | 108|         23|  135|        273|
    +-------------------------+----+-----------+-----+-----------+

    * Register: 
    +-------------------------+----+----+-----+-----------+
    |           Name          | FF | LUT| Bits| Const Bits|
    +-------------------------+----+----+-----+-----------+
    |ap_CS_fsm                |   3|   0|    3|          0|
    |ap_done_reg              |   1|   0|    1|          0|
    |ap_enable_reg_pp0_iter0  |   1|   0|    1|          0|
    |ap_enable_reg_pp0_iter1  |   1|   0|    1|          0|
    |i_1_fu_54                |  32|   0|   32|          0|
    |icmp_ln402_reg_201       |   1|   0|    1|          0|
    |icmp_ln411_reg_210       |   1|   0|    1|          0|
    |r_V_reg_85               |  64|   0|   64|          0|
    |start_once_reg           |   1|   0|    1|          0|
    |t_0_i_reg_97             |  32|   0|   32|          0|
    |totalIters_reg_196       |  31|   0|   32|          1|
    +-------------------------+----+----+-----+-----------+
    |Total                    | 168|   0|  169|          1|
    +-------------------------+----+----+-----+-----------+



================================================================
== Interface
================================================================
* Summary: 
+--------------------+-----+-----+------------+----------------------+--------------+
|      RTL Ports     | Dir | Bits|  Protocol  |     Source Object    |    C Type    |
+--------------------+-----+-----+------------+----------------------+--------------+
|ap_clk              |  in |    1| ap_ctrl_hs | StreamingDataWidthCo | return value |
|ap_rst              |  in |    1| ap_ctrl_hs | StreamingDataWidthCo | return value |
|ap_start            |  in |    1| ap_ctrl_hs | StreamingDataWidthCo | return value |
|start_full_n        |  in |    1| ap_ctrl_hs | StreamingDataWidthCo | return value |
|ap_done             | out |    1| ap_ctrl_hs | StreamingDataWidthCo | return value |
|ap_continue         |  in |    1| ap_ctrl_hs | StreamingDataWidthCo | return value |
|ap_idle             | out |    1| ap_ctrl_hs | StreamingDataWidthCo | return value |
|ap_ready            | out |    1| ap_ctrl_hs | StreamingDataWidthCo | return value |
|start_out           | out |    1| ap_ctrl_hs | StreamingDataWidthCo | return value |
|start_write         | out |    1| ap_ctrl_hs | StreamingDataWidthCo | return value |
|in_V_V_dout         |  in |   16|   ap_fifo  |        in_V_V        |    pointer   |
|in_V_V_empty_n      |  in |    1|   ap_fifo  |        in_V_V        |    pointer   |
|in_V_V_read         | out |    1|   ap_fifo  |        in_V_V        |    pointer   |
|out_V_V_din         | out |   80|   ap_fifo  |        out_V_V       |    pointer   |
|out_V_V_full_n      |  in |    1|   ap_fifo  |        out_V_V       |    pointer   |
|out_V_V_write       | out |    1|   ap_fifo  |        out_V_V       |    pointer   |
|numReps             |  in |   32|   ap_none  |        numReps       |    scalar    |
|numReps_out_din     | out |   32|   ap_fifo  |      numReps_out     |    pointer   |
|numReps_out_full_n  |  in |    1|   ap_fifo  |      numReps_out     |    pointer   |
|numReps_out_write   | out |    1|   ap_fifo  |      numReps_out     |    pointer   |
+--------------------+-----+-----+------------+----------------------+--------------+

