
Initializing FC2 weights...
[DEBUG] Tile = 0, Mask = 0b11111111
  [PE 0] Weight = 5 Accumulator before = -3.85547
  [PE 0] Accumulator after  = 1.14453
  [PE 1] Weight = 18 Accumulator before = 11.6348
  [PE 1] Accumulator after  = 29.6348
  [PE 2] Weight = -11 Accumulator before = 31.9971
  [PE 2] Accumulator after  = 20.9971
  [PE 3] Weight = -26 Accumulator before = 0
  [PE 3] Accumulator after  = -26
  [PE 4] Weight = 2 Accumulator before = -3.77344
  [PE 4] Accumulator after  = -1.77344
[DEBUG] Tile = 1, Mask = 0b11111111
  [PE 0] Weight = -15 Accumulator before = 1.14453
  [PE 0] Accumulator after  = -13.8555
  [PE 1] Weight = -12 Accumulator before = 29.6348
  [PE 1] Accumulator after  = 17.6348
  [PE 2] Weight = 0 Accumulator before = 20.9971
  [PE 2] Accumulator after  = 20.9971
  [PE 3] Weight = -21 Accumulator before = -26
  [PE 3] Accumulator after  = 17
  [PE 4] Weight = -81 Accumulator before = -1.77344
  [PE 4] Accumulator after  = -18.7734
[DEBUG] Tile = 2, Mask = 0b11111111
  [PE 0] Weight = 0 Accumulator before = -13.8555
  [PE 0] Accumulator after  = -13.8555
  [PE 1] Weight = -8 Accumulator before = 17.6348
  [PE 1] Accumulator after  = 9.63477
  [PE 2] Weight = -109 Accumulator before = 20.9971
  [PE 2] Accumulator after  = -24.0029
  [PE 3] Weight = -67 Accumulator before = 17
  [PE 3] Accumulator after  = 14
  [PE 4] Weight = -8 Accumulator before = -18.7734
  [PE 4] Accumulator after  = -26.7734
[DEBUG] Tile = 3, Mask = 0b11111111
  [PE 0] Weight = -38 Accumulator before = -13.8555
  [PE 0] Accumulator after  = 12.1445
  [PE 1] Weight = 2 Accumulator before = 9.63477
  [PE 1] Accumulator after  = 11.6348
  [PE 2] Weight = 1 Accumulator before = -24.0029
  [PE 2] Accumulator after  = -23.0029
  [PE 3] Weight = 8 Accumulator before = 14
  [PE 3] Accumulator after  = 22
  [PE 4] Weight = 1 Accumulator before = -26.7734
  [PE 4] Accumulator after  = -25.7734
[DEBUG] Tile = 4, Mask = 0b11111111
  [PE 0] Weight = 14 Accumulator before = 12.1445
  [PE 0] Accumulator after  = 26.1445
  [PE 1] Weight = 3 Accumulator before = 11.6348
  [PE 1] Accumulator after  = 14.6348
  [PE 2] Weight = 10 Accumulator before = -23.0029
  [PE 2] Accumulator after  = -13.0029
  [PE 3] Weight = -8 Accumulator before = 22
  [PE 3] Accumulator after  = 14
  [PE 4] Weight = -15 Accumulator before = -25.7734
  [PE 4] Accumulator after  = 23.2266
[DEBUG] Tile = 5, Mask = 0b11111111
  [PE 0] Weight = 29 Accumulator before = 26.1445
  [PE 0] Accumulator after  = -8.85547
  [PE 1] Weight = 32 Accumulator before = 14.6348
  [PE 1] Accumulator after  = -17.3652
  [PE 2] Weight = -82 Accumulator before = -13.0029
  [PE 2] Accumulator after  = -31.0029
  [PE 3] Weight = -25 Accumulator before = 14
  [PE 3] Accumulator after  = -11
  [PE 4] Weight = 5 Accumulator before = 23.2266
  [PE 4] Accumulator after  = 28.2266
[DEBUG] Tile = 6, Mask = 0b11111111
  [PE 0] Weight = -36 Accumulator before = -8.85547
  [PE 0] Accumulator after  = 19.1445
  [PE 1] Weight = -51 Accumulator before = -17.3652
  [PE 1] Accumulator after  = -4.36523
  [PE 2] Weight = 9 Accumulator before = -31.0029
  [PE 2] Accumulator after  = -22.0029
  [PE 3] Weight = 3 Accumulator before = -11
  [PE 3] Accumulator after  = -8
  [PE 4] Weight = 4 Accumulator before = 28.2266
  [PE 4] Accumulator after  = -31.7734
[DEBUG] Tile = 7, Mask = 0b11111111
  [PE 0] Weight = 26 Accumulator before = 19.1445
  [PE 0] Accumulator after  = -18.8555
  [PE 1] Weight = -8 Accumulator before = -4.36523
  [PE 1] Accumulator after  = -12.3652
  [PE 2] Weight = 10 Accumulator before = -22.0029
  [PE 2] Accumulator after  = -12.0029
  [PE 3] Weight = 6 Accumulator before = -8
  [PE 3] Accumulator after  = -2
  [PE 4] Weight = 2 Accumulator before = -31.7734
  [PE 4] Accumulator after  = -29.7734
[THRESHOLD DEBUG] acc=-18.8555 > threshold=0 => NO: no spike
[THRESHOLD DEBUG] acc=-12.3652 > threshold=0 => NO: no spike
[THRESHOLD DEBUG] acc=-12.0029 > threshold=0 => NO: no spike
[THRESHOLD DEBUG] acc=-2 > threshold=0 => NO: no spike
[THRESHOLD DEBUG] acc=-29.7734 > threshold=0 => NO: no spike
[DEBUG] Tile = 0, Mask = 0b11111111
  [PE 0] Weight = 5 Accumulator before = -20.498
  [PE 0] Accumulator after  = -15.498
  [PE 1] Weight = 18 Accumulator before = -10.8193
  [PE 1] Accumulator after  = 7.18066
  [PE 2] Weight = -11 Accumulator before = -10.502
  [PE 2] Accumulator after  = -21.502
  [PE 3] Weight = -26 Accumulator before = -1.75
  [PE 3] Accumulator after  = -27.75
  [PE 4] Weight = 2 Accumulator before = -30.0518
  [PE 4] Accumulator after  = -28.0518
[DEBUG] Tile = 1, Mask = 0b11111111
  [PE 0] Weight = -15 Accumulator before = -15.498
  [PE 0] Accumulator after  = -30.498
  [PE 1] Weight = -12 Accumulator before = 7.18066
  [PE 1] Accumulator after  = -4.81934
  [PE 2] Weight = 0 Accumulator before = -21.502
  [PE 2] Accumulator after  = -21.502
  [PE 3] Weight = -21 Accumulator before = -27.75
  [PE 3] Accumulator after  = 15.25
  [PE 4] Weight = -81 Accumulator before = -28.0518
  [PE 4] Accumulator after  = 18.9482
[DEBUG] Tile = 2, Mask = 0b11111111
  [PE 0] Weight = 0 Accumulator before = -30.498
  [PE 0] Accumulator after  = -30.498
  [PE 1] Weight = -8 Accumulator before = -4.81934
  [PE 1] Accumulator after  = -12.8193
  [PE 2] Weight = -109 Accumulator before = -21.502
  [PE 2] Accumulator after  = -2.50195
  [PE 3] Weight = -67 Accumulator before = 15.25
  [PE 3] Accumulator after  = 12.25
  [PE 4] Weight = -8 Accumulator before = 18.9482
  [PE 4] Accumulator after  = 10.9482
[DEBUG] Tile = 3, Mask = 0b11111111
  [PE 0] Weight = -38 Accumulator before = -30.498
  [PE 0] Accumulator after  = -4.49805
  [PE 1] Weight = 2 Accumulator before = -12.8193
  [PE 1] Accumulator after  = -10.8193
  [PE 2] Weight = 1 Accumulator before = -2.50195
  [PE 2] Accumulator after  = -1.50195
  [PE 3] Weight = 8 Accumulator before = 12.25
  [PE 3] Accumulator after  = 20.25
  [PE 4] Weight = 1 Accumulator before = 10.9482
  [PE 4] Accumulator after  = 11.9482
[DEBUG] Tile = 4, Mask = 0b11111111
  [PE 0] Weight = 14 Accumulator before = -4.49805
  [PE 0] Accumulator after  = 9.50195
  [PE 1] Weight = 3 Accumulator before = -10.8193
  [PE 1] Accumulator after  = -7.81934
  [PE 2] Weight = 10 Accumulator before = -1.50195
  [PE 2] Accumulator after  = 8.49805
  [PE 3] Weight = -8 Accumulator before = 20.25
  [PE 3] Accumulator after  = 12.25
  [PE 4] Weight = -15 Accumulator before = 11.9482
  [PE 4] Accumulator after  = -3.05176
[DEBUG] Tile = 5, Mask = 0b11111111
  [PE 0] Weight = 29 Accumulator before = 9.50195
  [PE 0] Accumulator after  = -25.498
  [PE 1] Weight = 32 Accumulator before = -7.81934
  [PE 1] Accumulator after  = 24.1807
  [PE 2] Weight = -82 Accumulator before = 8.49805
  [PE 2] Accumulator after  = -9.50195
  [PE 3] Weight = -25 Accumulator before = 12.25
  [PE 3] Accumulator after  = -12.75
  [PE 4] Weight = 5 Accumulator before = -3.05176
  [PE 4] Accumulator after  = 1.94824
[DEBUG] Tile = 6, Mask = 0b11111111
  [PE 0] Weight = -36 Accumulator before = -25.498
  [PE 0] Accumulator after  = 2.50195
  [PE 1] Weight = -51 Accumulator before = 24.1807
  [PE 1] Accumulator after  = -26.8193
  [PE 2] Weight = 9 Accumulator before = -9.50195
  [PE 2] Accumulator after  = -0.501953
  [PE 3] Weight = 3 Accumulator before = -12.75
  [PE 3] Accumulator after  = -9.75
  [PE 4] Weight = 4 Accumulator before = 1.94824
  [PE 4] Accumulator after  = 5.94824
[DEBUG] Tile = 7, Mask = 0b11111111
  [PE 0] Weight = 26 Accumulator before = 2.50195
  [PE 0] Accumulator after  = 28.502
  [PE 1] Weight = -8 Accumulator before = -26.8193
  [PE 1] Accumulator after  = 29.1807
  [PE 2] Weight = 10 Accumulator before = -0.501953
  [PE 2] Accumulator after  = 9.49805
  [PE 3] Weight = 6 Accumulator before = -9.75
  [PE 3] Accumulator after  = -3.75
  [PE 4] Weight = 2 Accumulator before = 5.94824
  [PE 4] Accumulator after  = 7.94824
[THRESHOLD DEBUG] acc=28.502 > threshold=0 => YES: SPIKE
[THRESHOLD DEBUG] acc=29.1807 > threshold=0 => YES: SPIKE
[THRESHOLD DEBUG] acc=9.49805 > threshold=0 => YES: SPIKE
[THRESHOLD DEBUG] acc=-3.75 > threshold=0 => NO: no spike
[THRESHOLD DEBUG] acc=7.94824 > threshold=0 => YES: SPIKE
[DEBUG] Tile = 0, Mask = 0b11111111
  [PE 0] Weight = 5 Accumulator before = 0
  [PE 0] Accumulator after  = 5
  [PE 1] Weight = 18 Accumulator before = 0
  [PE 1] Accumulator after  = 18
  [PE 2] Weight = -11 Accumulator before = 0
  [PE 2] Accumulator after  = -11
  [PE 3] Weight = -26 Accumulator before = -3.28125
  [PE 3] Accumulator after  = -29.2812
  [PE 4] Weight = 2 Accumulator before = 0
  [PE 4] Accumulator after  = 2
[DEBUG] Tile = 1, Mask = 0b11111111
  [PE 0] Weight = -15 Accumulator before = 5
  [PE 0] Accumulator after  = -10
  [PE 1] Weight = -12 Accumulator before = 18
  [PE 1] Accumulator after  = 6
  [PE 2] Weight = 0 Accumulator before = -11
  [PE 2] Accumulator after  = -11
  [PE 3] Weight = -21 Accumulator before = -29.2812
  [PE 3] Accumulator after  = 13.7188
  [PE 4] Weight = -81 Accumulator before = 2
  [PE 4] Accumulator after  = -15
[DEBUG] Tile = 2, Mask = 0b11111111
  [PE 0] Weight = 0 Accumulator before = -10
  [PE 0] Accumulator after  = -10
  [PE 1] Weight = -8 Accumulator before = 6
  [PE 1] Accumulator after  = -2
  [PE 2] Weight = -109 Accumulator before = -11
  [PE 2] Accumulator after  = 8
  [PE 3] Weight = -67 Accumulator before = 13.7188
  [PE 3] Accumulator after  = 10.7188
  [PE 4] Weight = -8 Accumulator before = -15
  [PE 4] Accumulator after  = -23
[DEBUG] Tile = 3, Mask = 0b11111111
  [PE 0] Weight = -38 Accumulator before = -10
  [PE 0] Accumulator after  = 16
  [PE 1] Weight = 2 Accumulator before = -2
  [PE 1] Accumulator after  = 0
  [PE 2] Weight = 1 Accumulator before = 8
  [PE 2] Accumulator after  = 9
  [PE 3] Weight = 8 Accumulator before = 10.7188
  [PE 3] Accumulator after  = 18.7188
  [PE 4] Weight = 1 Accumulator before = -23
  [PE 4] Accumulator after  = -22
WARNING: Hls::stream 'input' is read while empty, which may result in RTL simulation hanging.
[DEBUG] Tile = 4, Mask = 0b10100000
  [PE 0] Weight = 0 Accumulator before = 16
  [PE 0] Accumulator after  = 16
  [PE 1] Weight = 0 Accumulator before = 0
  [PE 1] Accumulator after  = 0
  [PE 2] Weight = 0 Accumulator before = 9
  [PE 2] Accumulator after  = 9
  [PE 3] Weight = -2 Accumulator before = 18.7188
  [PE 3] Accumulator after  = 16.7188
  [PE 4] Weight = -2 Accumulator before = -22
  [PE 4] Accumulator after  = -24
WARNING: Hls::stream 'input' is read while empty, which may result in RTL simulation hanging.
[DEBUG] Tile = 5, Mask = 0b10100000
  [PE 0] Weight = 0 Accumulator before = 16
  [PE 0] Accumulator after  = 16
  [PE 1] Weight = 0 Accumulator before = 0
  [PE 1] Accumulator after  = 0
  [PE 2] Weight = -2 Accumulator before = 9
  [PE 2] Accumulator after  = 7
  [PE 3] Weight = -2 Accumulator before = 16.7188
  [PE 3] Accumulator after  = 14.7188
  [PE 4] Weight = 0 Accumulator before = -24
  [PE 4] Accumulator after  = -24
WARNING: Hls::stream 'input' is read while empty, which may result in RTL simulation hanging.
[DEBUG] Tile = 6, Mask = 0b10100000
  [PE 0] Weight = -2 Accumulator before = 16
  [PE 0] Accumulator after  = 14
  [PE 1] Weight = -2 Accumulator before = 0
  [PE 1] Accumulator after  = -2
  [PE 2] Weight = 0 Accumulator before = 7
  [PE 2] Accumulator after  = 7
  [PE 3] Weight = 0 Accumulator before = 14.7188
  [PE 3] Accumulator after  = 14.7188
  [PE 4] Weight = 0 Accumulator before = -24
  [PE 4] Accumulator after  = -24
WARNING: Hls::stream 'input' is read while empty, which may result in RTL simulation hanging.
[DEBUG] Tile = 7, Mask = 0b10100000
  [PE 0] Weight = 0 Accumulator before = 14
  [PE 0] Accumulator after  = 14
  [PE 1] Weight = -2 Accumulator before = -2
  [PE 1] Accumulator after  = -4
  [PE 2] Weight = 0 Accumulator before = 7
  [PE 2] Accumulator after  = 7
  [PE 3] Weight = 0 Accumulator before = 14.7188
  [PE 3] Accumulator after  = 14.7188
  [PE 4] Weight = 0 Accumulator before = -24
  [PE 4] Accumulator after  = -24
[THRESHOLD DEBUG] acc=14 > threshold=0 => YES: SPIKE
[THRESHOLD DEBUG] acc=-4 > threshold=0 => NO: no spike
[THRESHOLD DEBUG] acc=7 > threshold=0 => YES: SPIKE
[THRESHOLD DEBUG] acc=14.7188 > threshold=0 => YES: SPIKE
[THRESHOLD DEBUG] acc=-24 > threshold=0 => NO: no spike
WARNING: Hls::stream 'input' is read while empty, which may result in RTL simulation hanging.
[DEBUG] Tile = 0, Mask = 0b10100000
  [PE 0] Weight = 0 Accumulator before = 0
  [PE 0] Accumulator after  = 0
  [PE 1] Weight = 0 Accumulator before = -3.5
  [PE 1] Accumulator after  = -3.5
  [PE 2] Weight = -2 Accumulator before = 0
  [PE 2] Accumulator after  = -2
  [PE 3] Weight = -2 Accumulator before = 0
  [PE 3] Accumulator after  = -2
  [PE 4] Weight = 0 Accumulator before = -25
  [PE 4] Accumulator after  = -25
WARNING: Hls::stream 'input' is read while empty, which may result in RTL simulation hanging.
[DEBUG] Tile = 1, Mask = 0b10100000
  [PE 0] Weight = -2 Accumulator before = 0
  [PE 0] Accumulator after  = -2
  [PE 1] Weight = -2 Accumulator before = -3.5
  [PE 1] Accumulator after  = -5.5
  [PE 2] Weight = 0 Accumulator before = -2
  [PE 2] Accumulator after  = -2
  [PE 3] Weight = -2 Accumulator before = -2
  [PE 3] Accumulator after  = -4
  [PE 4] Weight = -2 Accumulator before = -25
  [PE 4] Accumulator after  = -27
WARNING: Hls::stream 'input' is read while empty, which may result in RTL simulation hanging.
[DEBUG] Tile = 2, Mask = 0b10100000
  [PE 0] Weight = 0 Accumulator before = -2
  [PE 0] Accumulator after  = -2
  [PE 1] Weight = -2 Accumulator before = -5.5
  [PE 1] Accumulator after  = -7.5
  [PE 2] Weight = -2 Accumulator before = -2
  [PE 2] Accumulator after  = -4
  [PE 3] Weight = -2 Accumulator before = -4
  [PE 3] Accumulator after  = -6
  [PE 4] Weight = -2 Accumulator before = -27
  [PE 4] Accumulator after  = -29
WARNING: Hls::stream 'input' is read while empty, which may result in RTL simulation hanging.
[DEBUG] Tile = 3, Mask = 0b10100000
  [PE 0] Weight = -2 Accumulator before = -2
  [PE 0] Accumulator after  = -4
  [PE 1] Weight = 0 Accumulator before = -7.5
  [PE 1] Accumulator after  = -7.5
  [PE 2] Weight = 0 Accumulator before = -4
  [PE 2] Accumulator after  = -4
  [PE 3] Weight = 0 Accumulator before = -6
  [PE 3] Accumulator after  = -6
  [PE 4] Weight = 0 Accumulator before = -29
  [PE 4] Accumulator after  = -29
WARNING: Hls::stream 'input' is read while empty, which may result in RTL simulation hanging.
[DEBUG] Tile = 4, Mask = 0b10100000
  [PE 0] Weight = 0 Accumulator before = -4
  [PE 0] Accumulator after  = -4
  [PE 1] Weight = 0 Accumulator before = -7.5
  [PE 1] Accumulator after  = -7.5
  [PE 2] Weight = 0 Accumulator before = -4
  [PE 2] Accumulator after  = -4
  [PE 3] Weight = -2 Accumulator before = -6
  [PE 3] Accumulator after  = -8
  [PE 4] Weight = -2 Accumulator before = -29
  [PE 4] Accumulator after  = -31
WARNING: Hls::stream 'input' is read while empty, which may result in RTL simulation hanging.
[DEBUG] Tile = 5, Mask = 0b10100000
  [PE 0] Weight = 0 Accumulator before = -4
  [PE 0] Accumulator after  = -4
  [PE 1] Weight = 0 Accumulator before = -7.5
  [PE 1] Accumulator after  = -7.5
  [PE 2] Weight = -2 Accumulator before = -4
  [PE 2] Accumulator after  = -6
  [PE 3] Weight = -2 Accumulator before = -8
  [PE 3] Accumulator after  = -10
  [PE 4] Weight = 0 Accumulator before = -31
  [PE 4] Accumulator after  = -31
WARNING: Hls::stream 'input' is read while empty, which may result in RTL simulation hanging.
[DEBUG] Tile = 6, Mask = 0b10100000
  [PE 0] Weight = -2 Accumulator before = -4
  [PE 0] Accumulator after  = -6
  [PE 1] Weight = -2 Accumulator before = -7.5
  [PE 1] Accumulator after  = -9.5
  [PE 2] Weight = 0 Accumulator before = -6
  [PE 2] Accumulator after  = -6
  [PE 3] Weight = 0 Accumulator before = -10
  [PE 3] Accumulator after  = -10
  [PE 4] Weight = 0 Accumulator before = -31
  [PE 4] Accumulator after  = -31
WARNING: Hls::stream 'input' is read while empty, which may result in RTL simulation hanging.
[DEBUG] Tile = 7, Mask = 0b10100000
  [PE 0] Weight = 0 Accumulator before = -6
  [PE 0] Accumulator after  = -6
  [PE 1] Weight = -2 Accumulator before = -9.5
  [PE 1] Accumulator after  = -11.5
  [PE 2] Weight = 0 Accumulator before = -6
  [PE 2] Accumulator after  = -6
  [PE 3] Weight = 0 Accumulator before = -10
  [PE 3] Accumulator after  = -10
  [PE 4] Weight = 0 Accumulator before = -31
  [PE 4] Accumulator after  = -31
[THRESHOLD DEBUG] acc=-6 > threshold=0 => NO: no spike
[THRESHOLD DEBUG] acc=-11.5 > threshold=0 => NO: no spike
[THRESHOLD DEBUG] acc=-6 > threshold=0 => NO: no spike
[THRESHOLD DEBUG] acc=-10 > threshold=0 => NO: no spike
[THRESHOLD DEBUG] acc=-31 > threshold=0 => NO: no spike
WARNING: Hls::stream 'input' is read while empty, which may result in RTL simulation hanging.
[DEBUG] Tile = 0, Mask = 0b10100000
  [PE 0] Weight = 0 Accumulator before = -5.25
  [PE 0] Accumulator after  = -5.25
  [PE 1] Weight = 0 Accumulator before = -10.0625
  [PE 1] Accumulator after  = -10.0625
  [PE 2] Weight = -2 Accumulator before = -5.25
  [PE 2] Accumulator after  = -7.25
  [PE 3] Weight = -2 Accumulator before = -8.75
  [PE 3] Accumulator after  = -10.75
  [PE 4] Weight = 0 Accumulator before = -31.125
  [PE 4] Accumulator after  = -31.125
WARNING: Hls::stream 'input' is read while empty, which may result in RTL simulation hanging.
[DEBUG] Tile = 1, Mask = 0b10100000
  [PE 0] Weight = -2 Accumulator before = -5.25
  [PE 0] Accumulator after  = -7.25
  [PE 1] Weight = -2 Accumulator before = -10.0625
  [PE 1] Accumulator after  = -12.0625
  [PE 2] Weight = 0 Accumulator before = -7.25
  [PE 2] Accumulator after  = -7.25
  [PE 3] Weight = -2 Accumulator before = -10.75
  [PE 3] Accumulator after  = -12.75
  [PE 4] Weight = -2 Accumulator before = -31.125
  [PE 4] Accumulator after  = 30.875
WARNING: Hls::stream 'input' is read while empty, which may result in RTL simulation hanging.
[DEBUG] Tile = 2, Mask = 0b10100000
  [PE 0] Weight = 0 Accumulator before = -7.25
  [PE 0] Accumulator after  = -7.25
  [PE 1] Weight = -2 Accumulator before = -12.0625
  [PE 1] Accumulator after  = -14.0625
  [PE 2] Weight = -2 Accumulator before = -7.25
  [PE 2] Accumulator after  = -9.25
  [PE 3] Weight = -2 Accumulator before = -12.75
  [PE 3] Accumulator after  = -14.75
  [PE 4] Weight = -2 Accumulator before = 30.875
  [PE 4] Accumulator after  = 28.875
WARNING: Hls::stream 'input' is read while empty, which may result in RTL simulation hanging.
[DEBUG] Tile = 3, Mask = 0b10100000
  [PE 0] Weight = -2 Accumulator before = -7.25
  [PE 0] Accumulator after  = -9.25
  [PE 1] Weight = 0 Accumulator before = -14.0625
  [PE 1] Accumulator after  = -14.0625
  [PE 2] Weight = 0 Accumulator before = -9.25
  [PE 2] Accumulator after  = -9.25
  [PE 3] Weight = 0 Accumulator before = -14.75
  [PE 3] Accumulator after  = -14.75
  [PE 4] Weight = 0 Accumulator before = 28.875
  [PE 4] Accumulator after  = 28.875
WARNING: Hls::stream 'input' is read while empty, which may result in RTL simulation hanging.
[DEBUG] Tile = 4, Mask = 0b10100000
  [PE 0] Weight = 0 Accumulator before = -9.25
  [PE 0] Accumulator after  = -9.25
  [PE 1] Weight = 0 Accumulator before = -14.0625
  [PE 1] Accumulator after  = -14.0625
  [PE 2] Weight = 0 Accumulator before = -9.25
  [PE 2] Accumulator after  = -9.25
  [PE 3] Weight = -2 Accumulator before = -14.75
  [PE 3] Accumulator after  = -16.75
  [PE 4] Weight = -2 Accumulator before = 28.875
  [PE 4] Accumulator after  = 26.875
WARNING: Hls::stream 'input' is read while empty, which may result in RTL simulation hanging.
[DEBUG] Tile = 5, Mask = 0b10100000
  [PE 0] Weight = 0 Accumulator before = -9.25
  [PE 0] Accumulator after  = -9.25
  [PE 1] Weight = 0 Accumulator before = -14.0625
  [PE 1] Accumulator after  = -14.0625
  [PE 2] Weight = -2 Accumulator before = -9.25
  [PE 2] Accumulator after  = -11.25
  [PE 3] Weight = -2 Accumulator before = -16.75
  [PE 3] Accumulator after  = -18.75
  [PE 4] Weight = 0 Accumulator before = 26.875
  [PE 4] Accumulator after  = 26.875
WARNING: Hls::stream 'input' is read while empty, which may result in RTL simulation hanging.
[DEBUG] Tile = 6, Mask = 0b10100000
  [PE 0] Weight = -2 Accumulator before = -9.25
  [PE 0] Accumulator after  = -11.25
  [PE 1] Weight = -2 Accumulator before = -14.0625
  [PE 1] Accumulator after  = -16.0625
  [PE 2] Weight = 0 Accumulator before = -11.25
  [PE 2] Accumulator after  = -11.25
  [PE 3] Weight = 0 Accumulator before = -18.75
  [PE 3] Accumulator after  = -18.75
  [PE 4] Weight = 0 Accumulator before = 26.875
  [PE 4] Accumulator after  = 26.875
WARNING: Hls::stream 'input' is read while empty, which may result in RTL simulation hanging.
[DEBUG] Tile = 7, Mask = 0b10100000
  [PE 0] Weight = 0 Accumulator before = -11.25
  [PE 0] Accumulator after  = -11.25
  [PE 1] Weight = -2 Accumulator before = -16.0625
  [PE 1] Accumulator after  = -18.0625
  [PE 2] Weight = 0 Accumulator before = -11.25
  [PE 2] Accumulator after  = -11.25
  [PE 3] Weight = 0 Accumulator before = -18.75
  [PE 3] Accumulator after  = -18.75
  [PE 4] Weight = 0 Accumulator before = 26.875
  [PE 4] Accumulator after  = 26.875
[THRESHOLD DEBUG] acc=-11.25 > threshold=0 => NO: no spike
[THRESHOLD DEBUG] acc=-18.0625 > threshold=0 => NO: no spike
[THRESHOLD DEBUG] acc=-11.25 > threshold=0 => NO: no spike
[THRESHOLD DEBUG] acc=-18.75 > threshold=0 => NO: no spike
[THRESHOLD DEBUG] acc=26.875 > threshold=0 => YES: SPIKE
WARNING: Hls::stream 'input' is read while empty, which may result in RTL simulation hanging.
[DEBUG] Tile = 0, Mask = 0b10100000
  [PE 0] Weight = 0 Accumulator before = -9.84375
  [PE 0] Accumulator after  = -9.84375
  [PE 1] Weight = 0 Accumulator before = -19.8047
  [PE 1] Accumulator after  = -19.8047
  [PE 2] Weight = -2 Accumulator before = -9.84375
  [PE 2] Accumulator after  = -11.8438
  [PE 3] Weight = -2 Accumulator before = -20.4062
  [PE 3] Accumulator after  = -22.4062
  [PE 4] Weight = 0 Accumulator before = 0
  [PE 4] Accumulator after  = 0
WARNING: Hls::stream 'input' is read while empty, which may result in RTL simulation hanging.
[DEBUG] Tile = 1, Mask = 0b10100000
  [PE 0] Weight = -2 Accumulator before = -9.84375
  [PE 0] Accumulator after  = -11.8438
  [PE 1] Weight = -2 Accumulator before = -19.8047
  [PE 1] Accumulator after  = -21.8047
  [PE 2] Weight = 0 Accumulator before = -11.8438
  [PE 2] Accumulator after  = -11.8438
  [PE 3] Weight = -2 Accumulator before = -22.4062
  [PE 3] Accumulator after  = -24.4062
  [PE 4] Weight = -2 Accumulator before = 0
  [PE 4] Accumulator after  = -2
WARNING: Hls::stream 'input' is read while empty, which may result in RTL simulation hanging.
[DEBUG] Tile = 2, Mask = 0b10100000
  [PE 0] Weight = 0 Accumulator before = -11.8438
  [PE 0] Accumulator after  = -11.8438
  [PE 1] Weight = -2 Accumulator before = -21.8047
  [PE 1] Accumulator after  = -23.8047
  [PE 2] Weight = -2 Accumulator before = -11.8438
  [PE 2] Accumulator after  = -13.8438
  [PE 3] Weight = -2 Accumulator before = -24.4062
  [PE 3] Accumulator after  = -26.4062
  [PE 4] Weight = -2 Accumulator before = -2
  [PE 4] Accumulator after  = -4
WARNING: Hls::stream 'input' is read while empty, which may result in RTL simulation hanging.
[DEBUG] Tile = 3, Mask = 0b10100000
  [PE 0] Weight = -2 Accumulator before = -11.8438
  [PE 0] Accumulator after  = -13.8438
  [PE 1] Weight = 0 Accumulator before = -23.8047
  [PE 1] Accumulator after  = -23.8047
  [PE 2] Weight = 0 Accumulator before = -13.8438
  [PE 2] Accumulator after  = -13.8438
  [PE 3] Weight = 0 Accumulator before = -26.4062
  [PE 3] Accumulator after  = -26.4062
  [PE 4] Weight = 0 Accumulator before = -4
  [PE 4] Accumulator after  = -4
WARNING: Hls::stream 'input' is read while empty, which may result in RTL simulation hanging.
[DEBUG] Tile = 4, Mask = 0b10100000
  [PE 0] Weight = 0 Accumulator before = -13.8438
  [PE 0] Accumulator after  = -13.8438
  [PE 1] Weight = 0 Accumulator before = -23.8047
  [PE 1] Accumulator after  = -23.8047
  [PE 2] Weight = 0 Accumulator before = -13.8438
  [PE 2] Accumulator after  = -13.8438
  [PE 3] Weight = -2 Accumulator before = -26.4062
  [PE 3] Accumulator after  = -28.4062
  [PE 4] Weight = -2 Accumulator before = -4
  [PE 4] Accumulator after  = -6
WARNING: Hls::stream 'input' is read while empty, which may result in RTL simulation hanging.
[DEBUG] Tile = 5, Mask = 0b10100000
  [PE 0] Weight = 0 Accumulator before = -13.8438
  [PE 0] Accumulator after  = -13.8438
  [PE 1] Weight = 0 Accumulator before = -23.8047
  [PE 1] Accumulator after  = -23.8047
  [PE 2] Weight = -2 Accumulator before = -13.8438
  [PE 2] Accumulator after  = -15.8438
  [PE 3] Weight = -2 Accumulator before = -28.4062
  [PE 3] Accumulator after  = -30.4062
  [PE 4] Weight = 0 Accumulator before = -6
  [PE 4] Accumulator after  = -6
WARNING: Hls::stream 'input' is read while empty, which may result in RTL simulation hanging.
[DEBUG] Tile = 6, Mask = 0b10100000
  [PE 0] Weight = -2 Accumulator before = -13.8438
  [PE 0] Accumulator after  = -15.8438
  [PE 1] Weight = -2 Accumulator before = -23.8047
  [PE 1] Accumulator after  = -25.8047
  [PE 2] Weight = 0 Accumulator before = -15.8438
  [PE 2] Accumulator after  = -15.8438
  [PE 3] Weight = 0 Accumulator before = -30.4062
  [PE 3] Accumulator after  = -30.4062
  [PE 4] Weight = 0 Accumulator before = -6
  [PE 4] Accumulator after  = -6
WARNING: Hls::stream 'input' is read while empty, which may result in RTL simulation hanging.
[DEBUG] Tile = 7, Mask = 0b10100000
  [PE 0] Weight = 0 Accumulator before = -15.8438
  [PE 0] Accumulator after  = -15.8438
  [PE 1] Weight = -2 Accumulator before = -25.8047
  [PE 1] Accumulator after  = -27.8047
  [PE 2] Weight = 0 Accumulator before = -15.8438
  [PE 2] Accumulator after  = -15.8438
  [PE 3] Weight = 0 Accumulator before = -30.4062
  [PE 3] Accumulator after  = -30.4062
  [PE 4] Weight = 0 Accumulator before = -6
  [PE 4] Accumulator after  = -6
[THRESHOLD DEBUG] acc=-15.8438 > threshold=0 => NO: no spike
[THRESHOLD DEBUG] acc=-27.8047 > threshold=0 => NO: no spike
[THRESHOLD DEBUG] acc=-15.8438 > threshold=0 => NO: no spike
[THRESHOLD DEBUG] acc=-30.4062 > threshold=0 => NO: no spike
[THRESHOLD DEBUG] acc=-6 > threshold=0 => NO: no spike
WARNING: Hls::stream 'input' is read while empty, which may result in RTL simulation hanging.
[DEBUG] Tile = 0, Mask = 0b10100000
  [PE 0] Weight = 0 Accumulator before = -13.8633
  [PE 0] Accumulator after  = -13.8633
  [PE 1] Weight = 0 Accumulator before = -28.3291
  [PE 1] Accumulator after  = -28.3291
  [PE 2] Weight = -2 Accumulator before = -13.8633
  [PE 2] Accumulator after  = -15.8633
  [PE 3] Weight = -2 Accumulator before = -30.6055
  [PE 3] Accumulator after  = 31.3945
  [PE 4] Weight = 0 Accumulator before = -5.25
  [PE 4] Accumulator after  = -5.25
WARNING: Hls::stream 'input' is read while empty, which may result in RTL simulation hanging.
[DEBUG] Tile = 1, Mask = 0b10100000
  [PE 0] Weight = -2 Accumulator before = -13.8633
  [PE 0] Accumulator after  = -15.8633
  [PE 1] Weight = -2 Accumulator before = -28.3291
  [PE 1] Accumulator after  = -30.3291
  [PE 2] Weight = 0 Accumulator before = -15.8633
  [PE 2] Accumulator after  = -15.8633
  [PE 3] Weight = -2 Accumulator before = 31.3945
  [PE 3] Accumulator after  = 29.3945
  [PE 4] Weight = -2 Accumulator before = -5.25
  [PE 4] Accumulator after  = -7.25
WARNING: Hls::stream 'input' is read while empty, which may result in RTL simulation hanging.
[DEBUG] Tile = 2, Mask = 0b10100000
  [PE 0] Weight = 0 Accumulator before = -15.8633
  [PE 0] Accumulator after  = -15.8633
  [PE 1] Weight = -2 Accumulator before = -30.3291
  [PE 1] Accumulator after  = 31.6709
  [PE 2] Weight = -2 Accumulator before = -15.8633
  [PE 2] Accumulator after  = -17.8633
  [PE 3] Weight = -2 Accumulator before = 29.3945
  [PE 3] Accumulator after  = 27.3945
  [PE 4] Weight = -2 Accumulator before = -7.25
  [PE 4] Accumulator after  = -9.25
WARNING: Hls::stream 'input' is read while empty, which may result in RTL simulation hanging.
[DEBUG] Tile = 3, Mask = 0b10100000
  [PE 0] Weight = -2 Accumulator before = -15.8633
  [PE 0] Accumulator after  = -17.8633
  [PE 1] Weight = 0 Accumulator before = 31.6709
  [PE 1] Accumulator after  = 31.6709
  [PE 2] Weight = 0 Accumulator before = -17.8633
  [PE 2] Accumulator after  = -17.8633
  [PE 3] Weight = 0 Accumulator before = 27.3945
  [PE 3] Accumulator after  = 27.3945
  [PE 4] Weight = 0 Accumulator before = -9.25
  [PE 4] Accumulator after  = -9.25
WARNING: Hls::stream 'input' is read while empty, which may result in RTL simulation hanging.
[DEBUG] Tile = 4, Mask = 0b10100000
  [PE 0] Weight = 0 Accumulator before = -17.8633
  [PE 0] Accumulator after  = -17.8633
  [PE 1] Weight = 0 Accumulator before = 31.6709
  [PE 1] Accumulator after  = 31.6709
  [PE 2] Weight = 0 Accumulator before = -17.8633
  [PE 2] Accumulator after  = -17.8633
  [PE 3] Weight = -2 Accumulator before = 27.3945
  [PE 3] Accumulator after  = 25.3945
  [PE 4] Weight = -2 Accumulator before = -9.25
  [PE 4] Accumulator after  = -11.25
WARNING: Hls::stream 'input' is read while empty, which may result in RTL simulation hanging.
[DEBUG] Tile = 5, Mask = 0b10100000
  [PE 0] Weight = 0 Accumulator before = -17.8633
  [PE 0] Accumulator after  = -17.8633
  [PE 1] Weight = 0 Accumulator before = 31.6709
  [PE 1] Accumulator after  = 31.6709
  [PE 2] Weight = -2 Accumulator before = -17.8633
  [PE 2] Accumulator after  = -19.8633
  [PE 3] Weight = -2 Accumulator before = 25.3945
  [PE 3] Accumulator after  = 23.3945
  [PE 4] Weight = 0 Accumulator before = -11.25
  [PE 4] Accumulator after  = -11.25
WARNING: Hls::stream 'input' is read while empty, which may result in RTL simulation hanging.
[DEBUG] Tile = 6, Mask = 0b10100000
  [PE 0] Weight = -2 Accumulator before = -17.8633
  [PE 0] Accumulator after  = -19.8633
  [PE 1] Weight = -2 Accumulator before = 31.6709
  [PE 1] Accumulator after  = 29.6709
  [PE 2] Weight = 0 Accumulator before = -19.8633
  [PE 2] Accumulator after  = -19.8633
  [PE 3] Weight = 0 Accumulator before = 23.3945
  [PE 3] Accumulator after  = 23.3945
  [PE 4] Weight = 0 Accumulator before = -11.25
  [PE 4] Accumulator after  = -11.25
WARNING: Hls::stream 'input' is read while empty, which may result in RTL simulation hanging.
[DEBUG] Tile = 7, Mask = 0b10100000
  [PE 0] Weight = 0 Accumulator before = -19.8633
  [PE 0] Accumulator after  = -19.8633
  [PE 1] Weight = -2 Accumulator before = 29.6709
  [PE 1] Accumulator after  = 27.6709
  [PE 2] Weight = 0 Accumulator before = -19.8633
  [PE 2] Accumulator after  = -19.8633
  [PE 3] Weight = 0 Accumulator before = 23.3945
  [PE 3] Accumulator after  = 23.3945
  [PE 4] Weight = 0 Accumulator before = -11.25
  [PE 4] Accumulator after  = -11.25
[THRESHOLD DEBUG] acc=-19.8633 > threshold=0 => NO: no spike
[THRESHOLD DEBUG] acc=27.6709 > threshold=0 => YES: SPIKE
[THRESHOLD DEBUG] acc=-19.8633 > threshold=0 => NO: no spike
[THRESHOLD DEBUG] acc=23.3945 > threshold=0 => YES: SPIKE
[THRESHOLD DEBUG] acc=-11.25 > threshold=0 => NO: no spike
WARNING: Hls::stream 'input' is read while empty, which may result in RTL simulation hanging.
[DEBUG] Tile = 0, Mask = 0b10100000
  [PE 0] Weight = 0 Accumulator before = -21.3799
  [PE 0] Accumulator after  = -21.3799
  [PE 1] Weight = 0 Accumulator before = 0
  [PE 1] Accumulator after  = 0
  [PE 2] Weight = -2 Accumulator before = -21.3799
  [PE 2] Accumulator after  = -23.3799
  [PE 3] Weight = -2 Accumulator before = 0
  [PE 3] Accumulator after  = -2
  [PE 4] Weight = 0 Accumulator before = -9.84375
  [PE 4] Accumulator after  = -9.84375
WARNING: Hls::stream 'input' is read while empty, which may result in RTL simulation hanging.
[DEBUG] Tile = 1, Mask = 0b10100000
  [PE 0] Weight = -2 Accumulator before = -21.3799
  [PE 0] Accumulator after  = -23.3799
  [PE 1] Weight = -2 Accumulator before = 0
  [PE 1] Accumulator after  = -2
  [PE 2] Weight = 0 Accumulator before = -23.3799
  [PE 2] Accumulator after  = -23.3799
  [PE 3] Weight = -2 Accumulator before = -2
  [PE 3] Accumulator after  = -4
  [PE 4] Weight = -2 Accumulator before = -9.84375
  [PE 4] Accumulator after  = -11.8438
WARNING: Hls::stream 'input' is read while empty, which may result in RTL simulation hanging.
[DEBUG] Tile = 2, Mask = 0b10100000
  [PE 0] Weight = 0 Accumulator before = -23.3799
  [PE 0] Accumulator after  = -23.3799
  [PE 1] Weight = -2 Accumulator before = -2
  [PE 1] Accumulator after  = -4
  [PE 2] Weight = -2 Accumulator before = -23.3799
  [PE 2] Accumulator after  = -25.3799
  [PE 3] Weight = -2 Accumulator before = -4
  [PE 3] Accumulator after  = -6
  [PE 4] Weight = -2 Accumulator before = -11.8438
  [PE 4] Accumulator after  = -13.8438
WARNING: Hls::stream 'input' is read while empty, which may result in RTL simulation hanging.
[DEBUG] Tile = 3, Mask = 0b10100000
  [PE 0] Weight = -2 Accumulator before = -23.3799
  [PE 0] Accumulator after  = -25.3799
  [PE 1] Weight = 0 Accumulator before = -4
  [PE 1] Accumulator after  = -4
  [PE 2] Weight = 0 Accumulator before = -25.3799
  [PE 2] Accumulator after  = -25.3799
  [PE 3] Weight = 0 Accumulator before = -6
  [PE 3] Accumulator after  = -6
  [PE 4] Weight = 0 Accumulator before = -13.8438
  [PE 4] Accumulator after  = -13.8438
WARNING: Hls::stream 'input' is read while empty, which may result in RTL simulation hanging.
[DEBUG] Tile = 4, Mask = 0b10100000
  [PE 0] Weight = 0 Accumulator before = -25.3799
  [PE 0] Accumulator after  = -25.3799
  [PE 1] Weight = 0 Accumulator before = -4
  [PE 1] Accumulator after  = -4
  [PE 2] Weight = 0 Accumulator before = -25.3799
  [PE 2] Accumulator after  = -25.3799
  [PE 3] Weight = -2 Accumulator before = -6
  [PE 3] Accumulator after  = -8
  [PE 4] Weight = -2 Accumulator before = -13.8438
  [PE 4] Accumulator after  = -15.8438
WARNING: Hls::stream 'input' is read while empty, which may result in RTL simulation hanging.
[DEBUG] Tile = 5, Mask = 0b10100000
  [PE 0] Weight = 0 Accumulator before = -25.3799
  [PE 0] Accumulator after  = -25.3799
  [PE 1] Weight = 0 Accumulator before = -4
  [PE 1] Accumulator after  = -4
  [PE 2] Weight = -2 Accumulator before = -25.3799
  [PE 2] Accumulator after  = -27.3799
  [PE 3] Weight = -2 Accumulator before = -8
  [PE 3] Accumulator after  = -10
  [PE 4] Weight = 0 Accumulator before = -15.8438
  [PE 4] Accumulator after  = -15.8438
WARNING: Hls::stream 'input' is read while empty, which may result in RTL simulation hanging.
[DEBUG] Tile = 6, Mask = 0b10100000
  [PE 0] Weight = -2 Accumulator before = -25.3799
  [PE 0] Accumulator after  = -27.3799
  [PE 1] Weight = -2 Accumulator before = -4
  [PE 1] Accumulator after  = -6
  [PE 2] Weight = 0 Accumulator before = -27.3799
  [PE 2] Accumulator after  = -27.3799
  [PE 3] Weight = 0 Accumulator before = -10
  [PE 3] Accumulator after  = -10
  [PE 4] Weight = 0 Accumulator before = -15.8438
  [PE 4] Accumulator after  = -15.8438
WARNING: Hls::stream 'input' is read while empty, which may result in RTL simulation hanging.
[DEBUG] Tile = 7, Mask = 0b10100000
  [PE 0] Weight = 0 Accumulator before = -27.3799
  [PE 0] Accumulator after  = -27.3799
  [PE 1] Weight = -2 Accumulator before = -6
  [PE 1] Accumulator after  = -8
  [PE 2] Weight = 0 Accumulator before = -27.3799
  [PE 2] Accumulator after  = -27.3799
  [PE 3] Weight = 0 Accumulator before = -10
  [PE 3] Accumulator after  = -10
  [PE 4] Weight = 0 Accumulator before = -15.8438
  [PE 4] Accumulator after  = -15.8438
[THRESHOLD DEBUG] acc=-27.3799 > threshold=0 => NO: no spike
[THRESHOLD DEBUG] acc=-8 > threshold=0 => NO: no spike
[THRESHOLD DEBUG] acc=-27.3799 > threshold=0 => NO: no spike
[THRESHOLD DEBUG] acc=-10 > threshold=0 => NO: no spike
[THRESHOLD DEBUG] acc=-15.8438 > threshold=0 => NO: no spike
WARNING: Hls::stream 'input' is read while empty, which may result in RTL simulation hanging.
[DEBUG] Tile = 0, Mask = 0b10100000
  [PE 0] Weight = 0 Accumulator before = -27.957
  [PE 0] Accumulator after  = -27.957
  [PE 1] Weight = 0 Accumulator before = -7
  [PE 1] Accumulator after  = -7
  [PE 2] Weight = -2 Accumulator before = -27.957
  [PE 2] Accumulator after  = -29.957
  [PE 3] Weight = -2 Accumulator before = -8.75
  [PE 3] Accumulator after  = -10.75
  [PE 4] Weight = 0 Accumulator before = -13.8633
  [PE 4] Accumulator after  = -13.8633
WARNING: Hls::stream 'input' is read while empty, which may result in RTL simulation hanging.
[DEBUG] Tile = 1, Mask = 0b10100000
  [PE 0] Weight = -2 Accumulator before = -27.957
  [PE 0] Accumulator after  = -29.957
  [PE 1] Weight = -2 Accumulator before = -7
  [PE 1] Accumulator after  = -9
  [PE 2] Weight = 0 Accumulator before = -29.957
  [PE 2] Accumulator after  = -29.957
  [PE 3] Weight = -2 Accumulator before = -10.75
  [PE 3] Accumulator after  = -12.75
  [PE 4] Weight = -2 Accumulator before = -13.8633
  [PE 4] Accumulator after  = -15.8633
WARNING: Hls::stream 'input' is read while empty, which may result in RTL simulation hanging.
[DEBUG] Tile = 2, Mask = 0b10100000
  [PE 0] Weight = 0 Accumulator before = -29.957
  [PE 0] Accumulator after  = -29.957
  [PE 1] Weight = -2 Accumulator before = -9
  [PE 1] Accumulator after  = -11
  [PE 2] Weight = -2 Accumulator before = -29.957
  [PE 2] Accumulator after  = -31.957
  [PE 3] Weight = -2 Accumulator before = -12.75
  [PE 3] Accumulator after  = -14.75
  [PE 4] Weight = -2 Accumulator before = -15.8633
  [PE 4] Accumulator after  = -17.8633
WARNING: Hls::stream 'input' is read while empty, which may result in RTL simulation hanging.
[DEBUG] Tile = 3, Mask = 0b10100000
  [PE 0] Weight = -2 Accumulator before = -29.957
  [PE 0] Accumulator after  = -31.957
  [PE 1] Weight = 0 Accumulator before = -11
  [PE 1] Accumulator after  = -11
  [PE 2] Weight = 0 Accumulator before = -31.957
  [PE 2] Accumulator after  = -31.957
  [PE 3] Weight = 0 Accumulator before = -14.75
  [PE 3] Accumulator after  = -14.75
  [PE 4] Weight = 0 Accumulator before = -17.8633
  [PE 4] Accumulator after  = -17.8633
WARNING: Hls::stream 'input' is read while empty, which may result in RTL simulation hanging.
[DEBUG] Tile = 4, Mask = 0b10100000
  [PE 0] Weight = 0 Accumulator before = -31.957
  [PE 0] Accumulator after  = -31.957
  [PE 1] Weight = 0 Accumulator before = -11
  [PE 1] Accumulator after  = -11
  [PE 2] Weight = 0 Accumulator before = -31.957
  [PE 2] Accumulator after  = -31.957
  [PE 3] Weight = -2 Accumulator before = -14.75
  [PE 3] Accumulator after  = -16.75
  [PE 4] Weight = -2 Accumulator before = -17.8633
  [PE 4] Accumulator after  = -19.8633
WARNING: Hls::stream 'input' is read while empty, which may result in RTL simulation hanging.
[DEBUG] Tile = 5, Mask = 0b10100000
  [PE 0] Weight = 0 Accumulator before = -31.957
  [PE 0] Accumulator after  = -31.957
  [PE 1] Weight = 0 Accumulator before = -11
  [PE 1] Accumulator after  = -11
  [PE 2] Weight = -2 Accumulator before = -31.957
  [PE 2] Accumulator after  = 30.043
  [PE 3] Weight = -2 Accumulator before = -16.75
  [PE 3] Accumulator after  = -18.75
  [PE 4] Weight = 0 Accumulator before = -19.8633
  [PE 4] Accumulator after  = -19.8633
WARNING: Hls::stream 'input' is read while empty, which may result in RTL simulation hanging.
[DEBUG] Tile = 6, Mask = 0b10100000
  [PE 0] Weight = -2 Accumulator before = -31.957
  [PE 0] Accumulator after  = 30.043
  [PE 1] Weight = -2 Accumulator before = -11
  [PE 1] Accumulator after  = -13
  [PE 2] Weight = 0 Accumulator before = 30.043
  [PE 2] Accumulator after  = 30.043
  [PE 3] Weight = 0 Accumulator before = -18.75
  [PE 3] Accumulator after  = -18.75
  [PE 4] Weight = 0 Accumulator before = -19.8633
  [PE 4] Accumulator after  = -19.8633
WARNING: Hls::stream 'input' is read while empty, which may result in RTL simulation hanging.
[DEBUG] Tile = 7, Mask = 0b10100000
  [PE 0] Weight = 0 Accumulator before = 30.043
  [PE 0] Accumulator after  = 30.043
  [PE 1] Weight = -2 Accumulator before = -13
  [PE 1] Accumulator after  = -15
  [PE 2] Weight = 0 Accumulator before = 30.043
  [PE 2] Accumulator after  = 30.043
  [PE 3] Weight = 0 Accumulator before = -18.75
  [PE 3] Accumulator after  = -18.75
  [PE 4] Weight = 0 Accumulator before = -19.8633
  [PE 4] Accumulator after  = -19.8633
[THRESHOLD DEBUG] acc=30.043 > threshold=0 => YES: SPIKE
[THRESHOLD DEBUG] acc=-15 > threshold=0 => NO: no spike
[THRESHOLD DEBUG] acc=30.043 > threshold=0 => YES: SPIKE
[THRESHOLD DEBUG] acc=-18.75 > threshold=0 => NO: no spike
[THRESHOLD DEBUG] acc=-19.8633 > threshold=0 => NO: no spike
WARNING: Hls::stream 'input' is read while empty, which may result in RTL simulation hanging.
[DEBUG] Tile = 0, Mask = 0b10100000
  [PE 0] Weight = 0 Accumulator before = 0
  [PE 0] Accumulator after  = 0
  [PE 1] Weight = 0 Accumulator before = -13.125
  [PE 1] Accumulator after  = -13.125
  [PE 2] Weight = -2 Accumulator before = 0
  [PE 2] Accumulator after  = -2
  [PE 3] Weight = -2 Accumulator before = -20.4062
  [PE 3] Accumulator after  = -22.4062
  [PE 4] Weight = 0 Accumulator before = -21.3799
  [PE 4] Accumulator after  = -21.3799
WARNING: Hls::stream 'input' is read while empty, which may result in RTL simulation hanging.
[DEBUG] Tile = 1, Mask = 0b10100000
  [PE 0] Weight = -2 Accumulator before = 0
  [PE 0] Accumulator after  = -2
  [PE 1] Weight = -2 Accumulator before = -13.125
  [PE 1] Accumulator after  = -15.125
  [PE 2] Weight = 0 Accumulator before = -2
  [PE 2] Accumulator after  = -2
  [PE 3] Weight = -2 Accumulator before = -22.4062
  [PE 3] Accumulator after  = -24.4062
  [PE 4] Weight = -2 Accumulator before = -21.3799
  [PE 4] Accumulator after  = -23.3799
WARNING: Hls::stream 'input' is read while empty, which may result in RTL simulation hanging.
[DEBUG] Tile = 2, Mask = 0b10100000
  [PE 0] Weight = 0 Accumulator before = -2
  [PE 0] Accumulator after  = -2
  [PE 1] Weight = -2 Accumulator before = -15.125
  [PE 1] Accumulator after  = -17.125
  [PE 2] Weight = -2 Accumulator before = -2
  [PE 2] Accumulator after  = -4
  [PE 3] Weight = -2 Accumulator before = -24.4062
  [PE 3] Accumulator after  = -26.4062
  [PE 4] Weight = -2 Accumulator before = -23.3799
  [PE 4] Accumulator after  = -25.3799
WARNING: Hls::stream 'input' is read while empty, which may result in RTL simulation hanging.
[DEBUG] Tile = 3, Mask = 0b10100000
  [PE 0] Weight = -2 Accumulator before = -2
  [PE 0] Accumulator after  = -4
  [PE 1] Weight = 0 Accumulator before = -17.125
  [PE 1] Accumulator after  = -17.125
  [PE 2] Weight = 0 Accumulator before = -4
  [PE 2] Accumulator after  = -4
  [PE 3] Weight = 0 Accumulator before = -26.4062
  [PE 3] Accumulator after  = -26.4062
  [PE 4] Weight = 0 Accumulator before = -25.3799
  [PE 4] Accumulator after  = -25.3799
WARNING: Hls::stream 'input' is read while empty, which may result in RTL simulation hanging.
[DEBUG] Tile = 4, Mask = 0b10100000
  [PE 0] Weight = 0 Accumulator before = -4
  [PE 0] Accumulator after  = -4
  [PE 1] Weight = 0 Accumulator before = -17.125
  [PE 1] Accumulator after  = -17.125
  [PE 2] Weight = 0 Accumulator before = -4
  [PE 2] Accumulator after  = -4
  [PE 3] Weight = -2 Accumulator before = -26.4062
  [PE 3] Accumulator after  = -28.4062
  [PE 4] Weight = -2 Accumulator before = -25.3799
  [PE 4] Accumulator after  = -27.3799
WARNING: Hls::stream 'input' is read while empty, which may result in RTL simulation hanging.
[DEBUG] Tile = 5, Mask = 0b10100000
  [PE 0] Weight = 0 Accumulator before = -4
  [PE 0] Accumulator after  = -4
  [PE 1] Weight = 0 Accumulator before = -17.125
  [PE 1] Accumulator after  = -17.125
  [PE 2] Weight = -2 Accumulator before = -4
  [PE 2] Accumulator after  = -6
  [PE 3] Weight = -2 Accumulator before = -28.4062
  [PE 3] Accumulator after  = -30.4062
  [PE 4] Weight = 0 Accumulator before = -27.3799
  [PE 4] Accumulator after  = -27.3799
WARNING: Hls::stream 'input' is read while empty, which may result in RTL simulation hanging.
[DEBUG] Tile = 6, Mask = 0b10100000
  [PE 0] Weight = -2 Accumulator before = -4
  [PE 0] Accumulator after  = -6
  [PE 1] Weight = -2 Accumulator before = -17.125
  [PE 1] Accumulator after  = -19.125
  [PE 2] Weight = 0 Accumulator before = -6
  [PE 2] Accumulator after  = -6
  [PE 3] Weight = 0 Accumulator before = -30.4062
  [PE 3] Accumulator after  = -30.4062
  [PE 4] Weight = 0 Accumulator before = -27.3799
  [PE 4] Accumulator after  = -27.3799
WARNING: Hls::stream 'input' is read while empty, which may result in RTL simulation hanging.
[DEBUG] Tile = 7, Mask = 0b10100000
  [PE 0] Weight = 0 Accumulator before = -6
  [PE 0] Accumulator after  = -6
  [PE 1] Weight = -2 Accumulator before = -19.125
  [PE 1] Accumulator after  = -21.125
  [PE 2] Weight = 0 Accumulator before = -6
  [PE 2] Accumulator after  = -6
  [PE 3] Weight = 0 Accumulator before = -30.4062
  [PE 3] Accumulator after  = -30.4062
  [PE 4] Weight = 0 Accumulator before = -27.3799
  [PE 4] Accumulator after  = -27.3799
[THRESHOLD DEBUG] acc=-6 > threshold=0 => NO: no spike
[THRESHOLD DEBUG] acc=-21.125 > threshold=0 => NO: no spike
[THRESHOLD DEBUG] acc=-6 > threshold=0 => NO: no spike
[THRESHOLD DEBUG] acc=-30.4062 > threshold=0 => NO: no spike
[THRESHOLD DEBUG] acc=-27.3799 > threshold=0 => NO: no spike
WARNING: Hls::stream 'input' is read while empty, which may result in RTL simulation hanging.
[DEBUG] Tile = 0, Mask = 0b10100000
  [PE 0] Weight = 0 Accumulator before = -5.25
  [PE 0] Accumulator after  = -5.25
  [PE 1] Weight = 0 Accumulator before = -22.4844
  [PE 1] Accumulator after  = -22.4844
  [PE 2] Weight = -2 Accumulator before = -5.25
  [PE 2] Accumulator after  = -7.25
  [PE 3] Weight = -2 Accumulator before = -30.6055
  [PE 3] Accumulator after  = 31.3945
  [PE 4] Weight = 0 Accumulator before = -27.957
  [PE 4] Accumulator after  = -27.957
WARNING: Hls::stream 'input' is read while empty, which may result in RTL simulation hanging.
[DEBUG] Tile = 1, Mask = 0b10100000
  [PE 0] Weight = -2 Accumulator before = -5.25
  [PE 0] Accumulator after  = -7.25
  [PE 1] Weight = -2 Accumulator before = -22.4844
  [PE 1] Accumulator after  = -24.4844
  [PE 2] Weight = 0 Accumulator before = -7.25
  [PE 2] Accumulator after  = -7.25
  [PE 3] Weight = -2 Accumulator before = 31.3945
  [PE 3] Accumulator after  = 29.3945
  [PE 4] Weight = -2 Accumulator before = -27.957
  [PE 4] Accumulator after  = -29.957
WARNING: Hls::stream 'input' is read while empty, which may result in RTL simulation hanging.
[DEBUG] Tile = 2, Mask = 0b10100000
  [PE 0] Weight = 0 Accumulator before = -7.25
  [PE 0] Accumulator after  = -7.25
  [PE 1] Weight = -2 Accumulator before = -24.4844
  [PE 1] Accumulator after  = -26.4844
  [PE 2] Weight = -2 Accumulator before = -7.25
  [PE 2] Accumulator after  = -9.25
  [PE 3] Weight = -2 Accumulator before = 29.3945
  [PE 3] Accumulator after  = 27.3945
  [PE 4] Weight = -2 Accumulator before = -29.957
  [PE 4] Accumulator after  = -31.957
WARNING: Hls::stream 'input' is read while empty, which may result in RTL simulation hanging.
[DEBUG] Tile = 3, Mask = 0b10100000
  [PE 0] Weight = -2 Accumulator before = -7.25
  [PE 0] Accumulator after  = -9.25
  [PE 1] Weight = 0 Accumulator before = -26.4844
  [PE 1] Accumulator after  = -26.4844
  [PE 2] Weight = 0 Accumulator before = -9.25
  [PE 2] Accumulator after  = -9.25
  [PE 3] Weight = 0 Accumulator before = 27.3945
  [PE 3] Accumulator after  = 27.3945
  [PE 4] Weight = 0 Accumulator before = -31.957
  [PE 4] Accumulator after  = -31.957
WARNING: Hls::stream 'input' is read while empty, which may result in RTL simulation hanging.
[DEBUG] Tile = 4, Mask = 0b10100000
  [PE 0] Weight = 0 Accumulator before = -9.25
  [PE 0] Accumulator after  = -9.25
  [PE 1] Weight = 0 Accumulator before = -26.4844
  [PE 1] Accumulator after  = -26.4844
  [PE 2] Weight = 0 Accumulator before = -9.25
  [PE 2] Accumulator after  = -9.25
  [PE 3] Weight = -2 Accumulator before = 27.3945
  [PE 3] Accumulator after  = 25.3945
  [PE 4] Weight = -2 Accumulator before = -31.957
  [PE 4] Accumulator after  = 30.043
WARNING: Hls::stream 'input' is read while empty, which may result in RTL simulation hanging.
[DEBUG] Tile = 5, Mask = 0b10100000
  [PE 0] Weight = 0 Accumulator before = -9.25
  [PE 0] Accumulator after  = -9.25
  [PE 1] Weight = 0 Accumulator before = -26.4844
  [PE 1] Accumulator after  = -26.4844
  [PE 2] Weight = -2 Accumulator before = -9.25
  [PE 2] Accumulator after  = -11.25
  [PE 3] Weight = -2 Accumulator before = 25.3945
  [PE 3] Accumulator after  = 23.3945
  [PE 4] Weight = 0 Accumulator before = 30.043
  [PE 4] Accumulator after  = 30.043
WARNING: Hls::stream 'input' is read while empty, which may result in RTL simulation hanging.
[DEBUG] Tile = 6, Mask = 0b10100000
  [PE 0] Weight = -2 Accumulator before = -9.25
  [PE 0] Accumulator after  = -11.25
  [PE 1] Weight = -2 Accumulator before = -26.4844
  [PE 1] Accumulator after  = -28.4844
  [PE 2] Weight = 0 Accumulator before = -11.25
  [PE 2] Accumulator after  = -11.25
  [PE 3] Weight = 0 Accumulator before = 23.3945
  [PE 3] Accumulator after  = 23.3945
  [PE 4] Weight = 0 Accumulator before = 30.043
  [PE 4] Accumulator after  = 30.043
WARNING: Hls::stream 'input' is read while empty, which may result in RTL simulation hanging.
[DEBUG] Tile = 7, Mask = 0b10100000
  [PE 0] Weight = 0 Accumulator before = -11.25
  [PE 0] Accumulator after  = -11.25
  [PE 1] Weight = -2 Accumulator before = -28.4844
  [PE 1] Accumulator after  = -30.4844
  [PE 2] Weight = 0 Accumulator before = -11.25
  [PE 2] Accumulator after  = -11.25
  [PE 3] Weight = 0 Accumulator before = 23.3945
  [PE 3] Accumulator after  = 23.3945
  [PE 4] Weight = 0 Accumulator before = 30.043
  [PE 4] Accumulator after  = 30.043
[THRESHOLD DEBUG] acc=-11.25 > threshold=0 => NO: no spike
[THRESHOLD DEBUG] acc=-30.4844 > threshold=0 => NO: no spike
[THRESHOLD DEBUG] acc=-11.25 > threshold=0 => NO: no spike
[THRESHOLD DEBUG] acc=23.3945 > threshold=0 => YES: SPIKE
[THRESHOLD DEBUG] acc=30.043 > threshold=0 => YES: SPIKE
WARNING: Hls::stream 'input' is read while empty, which may result in RTL simulation hanging.
[DEBUG] Tile = 0, Mask = 0b10100000
  [PE 0] Weight = 0 Accumulator before = -9.84375
  [PE 0] Accumulator after  = -9.84375
  [PE 1] Weight = 0 Accumulator before = -30.6738
  [PE 1] Accumulator after  = -30.6738
  [PE 2] Weight = -2 Accumulator before = -9.84375
  [PE 2] Accumulator after  = -11.8438
  [PE 3] Weight = -2 Accumulator before = 0
  [PE 3] Accumulator after  = -2
  [PE 4] Weight = 0 Accumulator before = 0
  [PE 4] Accumulator after  = 0
WARNING: Hls::stream 'input' is read while empty, which may result in RTL simulation hanging.
[DEBUG] Tile = 1, Mask = 0b10100000
  [PE 0] Weight = -2 Accumulator before = -9.84375
  [PE 0] Accumulator after  = -11.8438
  [PE 1] Weight = -2 Accumulator before = -30.6738
  [PE 1] Accumulator after  = 31.3262
  [PE 2] Weight = 0 Accumulator before = -11.8438
  [PE 2] Accumulator after  = -11.8438
  [PE 3] Weight = -2 Accumulator before = -2
  [PE 3] Accumulator after  = -4
  [PE 4] Weight = -2 Accumulator before = 0
  [PE 4] Accumulator after  = -2
WARNING: Hls::stream 'input' is read while empty, which may result in RTL simulation hanging.
[DEBUG] Tile = 2, Mask = 0b10100000
  [PE 0] Weight = 0 Accumulator before = -11.8438
  [PE 0] Accumulator after  = -11.8438
  [PE 1] Weight = -2 Accumulator before = 31.3262
  [PE 1] Accumulator after  = 29.3262
  [PE 2] Weight = -2 Accumulator before = -11.8438
  [PE 2] Accumulator after  = -13.8438
  [PE 3] Weight = -2 Accumulator before = -4
  [PE 3] Accumulator after  = -6
  [PE 4] Weight = -2 Accumulator before = -2
  [PE 4] Accumulator after  = -4
WARNING: Hls::stream 'input' is read while empty, which may result in RTL simulation hanging.
[DEBUG] Tile = 3, Mask = 0b10100000
  [PE 0] Weight = -2 Accumulator before = -11.8438
  [PE 0] Accumulator after  = -13.8438
  [PE 1] Weight = 0 Accumulator before = 29.3262
  [PE 1] Accumulator after  = 29.3262
  [PE 2] Weight = 0 Accumulator before = -13.8438
  [PE 2] Accumulator after  = -13.8438
  [PE 3] Weight = 0 Accumulator before = -6
  [PE 3] Accumulator after  = -6
  [PE 4] Weight = 0 Accumulator before = -4
  [PE 4] Accumulator after  = -4
WARNING: Hls::stream 'input' is read while empty, which may result in RTL simulation hanging.
[DEBUG] Tile = 4, Mask = 0b10100000
  [PE 0] Weight = 0 Accumulator before = -13.8438
  [PE 0] Accumulator after  = -13.8438
  [PE 1] Weight = 0 Accumulator before = 29.3262
  [PE 1] Accumulator after  = 29.3262
  [PE 2] Weight = 0 Accumulator before = -13.8438
  [PE 2] Accumulator after  = -13.8438
  [PE 3] Weight = -2 Accumulator before = -6
  [PE 3] Accumulator after  = -8
  [PE 4] Weight = -2 Accumulator before = -4
  [PE 4] Accumulator after  = -6
WARNING: Hls::stream 'input' is read while empty, which may result in RTL simulation hanging.
[DEBUG] Tile = 5, Mask = 0b10100000
  [PE 0] Weight = 0 Accumulator before = -13.8438
  [PE 0] Accumulator after  = -13.8438
  [PE 1] Weight = 0 Accumulator before = 29.3262
  [PE 1] Accumulator after  = 29.3262
  [PE 2] Weight = -2 Accumulator before = -13.8438
  [PE 2] Accumulator after  = -15.8438
  [PE 3] Weight = -2 Accumulator before = -8
  [PE 3] Accumulator after  = -10
  [PE 4] Weight = 0 Accumulator before = -6
  [PE 4] Accumulator after  = -6
WARNING: Hls::stream 'input' is read while empty, which may result in RTL simulation hanging.
[DEBUG] Tile = 6, Mask = 0b10100000
  [PE 0] Weight = -2 Accumulator before = -13.8438
  [PE 0] Accumulator after  = -15.8438
  [PE 1] Weight = -2 Accumulator before = 29.3262
  [PE 1] Accumulator after  = 27.3262
  [PE 2] Weight = 0 Accumulator before = -15.8438
  [PE 2] Accumulator after  = -15.8438
  [PE 3] Weight = 0 Accumulator before = -10
  [PE 3] Accumulator after  = -10
  [PE 4] Weight = 0 Accumulator before = -6
  [PE 4] Accumulator after  = -6
WARNING: Hls::stream 'input' is read while empty, which may result in RTL simulation hanging.
[DEBUG] Tile = 7, Mask = 0b10100000
  [PE 0] Weight = 0 Accumulator before = -15.8438
  [PE 0] Accumulator after  = -15.8438
  [PE 1] Weight = -2 Accumulator before = 27.3262
  [PE 1] Accumulator after  = 25.3262
  [PE 2] Weight = 0 Accumulator before = -15.8438
  [PE 2] Accumulator after  = -15.8438
  [PE 3] Weight = 0 Accumulator before = -10
  [PE 3] Accumulator after  = -10
  [PE 4] Weight = 0 Accumulator before = -6
  [PE 4] Accumulator after  = -6
[THRESHOLD DEBUG] acc=-15.8438 > threshold=0 => NO: no spike
[THRESHOLD DEBUG] acc=25.3262 > threshold=0 => YES: SPIKE
[THRESHOLD DEBUG] acc=-15.8438 > threshold=0 => NO: no spike
[THRESHOLD DEBUG] acc=-10 > threshold=0 => NO: no spike
[THRESHOLD DEBUG] acc=-6 > threshold=0 => NO: no spike
WARNING: Hls::stream 'input' is read while empty, which may result in RTL simulation hanging.
[DEBUG] Tile = 0, Mask = 0b10100000
  [PE 0] Weight = 0 Accumulator before = -13.8633
  [PE 0] Accumulator after  = -13.8633
  [PE 1] Weight = 0 Accumulator before = 0
  [PE 1] Accumulator after  = 0
  [PE 2] Weight = -2 Accumulator before = -13.8633
  [PE 2] Accumulator after  = -15.8633
  [PE 3] Weight = -2 Accumulator before = -8.75
  [PE 3] Accumulator after  = -10.75
  [PE 4] Weight = 0 Accumulator before = -5.25
  [PE 4] Accumulator after  = -5.25
WARNING: Hls::stream 'input' is read while empty, which may result in RTL simulation hanging.
[DEBUG] Tile = 1, Mask = 0b10100000
  [PE 0] Weight = -2 Accumulator before = -13.8633
  [PE 0] Accumulator after  = -15.8633
  [PE 1] Weight = -2 Accumulator before = 0
  [PE 1] Accumulator after  = -2
  [PE 2] Weight = 0 Accumulator before = -15.8633
  [PE 2] Accumulator after  = -15.8633
  [PE 3] Weight = -2 Accumulator before = -10.75
  [PE 3] Accumulator after  = -12.75
  [PE 4] Weight = -2 Accumulator before = -5.25
  [PE 4] Accumulator after  = -7.25
WARNING: Hls::stream 'input' is read while empty, which may result in RTL simulation hanging.
[DEBUG] Tile = 2, Mask = 0b10100000
  [PE 0] Weight = 0 Accumulator before = -15.8633
  [PE 0] Accumulator after  = -15.8633
  [PE 1] Weight = -2 Accumulator before = -2
  [PE 1] Accumulator after  = -4
  [PE 2] Weight = -2 Accumulator before = -15.8633
  [PE 2] Accumulator after  = -17.8633
  [PE 3] Weight = -2 Accumulator before = -12.75
  [PE 3] Accumulator after  = -14.75
  [PE 4] Weight = -2 Accumulator before = -7.25
  [PE 4] Accumulator after  = -9.25
WARNING: Hls::stream 'input' is read while empty, which may result in RTL simulation hanging.
[DEBUG] Tile = 3, Mask = 0b10100000
  [PE 0] Weight = -2 Accumulator before = -15.8633
  [PE 0] Accumulator after  = -17.8633
  [PE 1] Weight = 0 Accumulator before = -4
  [PE 1] Accumulator after  = -4
  [PE 2] Weight = 0 Accumulator before = -17.8633
  [PE 2] Accumulator after  = -17.8633
  [PE 3] Weight = 0 Accumulator before = -14.75
  [PE 3] Accumulator after  = -14.75
  [PE 4] Weight = 0 Accumulator before = -9.25
  [PE 4] Accumulator after  = -9.25
WARNING: Hls::stream 'input' is read while empty, which may result in RTL simulation hanging.
[DEBUG] Tile = 4, Mask = 0b10100000
  [PE 0] Weight = 0 Accumulator before = -17.8633
  [PE 0] Accumulator after  = -17.8633
  [PE 1] Weight = 0 Accumulator before = -4
  [PE 1] Accumulator after  = -4
  [PE 2] Weight = 0 Accumulator before = -17.8633
  [PE 2] Accumulator after  = -17.8633
  [PE 3] Weight = -2 Accumulator before = -14.75
  [PE 3] Accumulator after  = -16.75
  [PE 4] Weight = -2 Accumulator before = -9.25
  [PE 4] Accumulator after  = -11.25
WARNING: Hls::stream 'input' is read while empty, which may result in RTL simulation hanging.
[DEBUG] Tile = 5, Mask = 0b10100000
  [PE 0] Weight = 0 Accumulator before = -17.8633
  [PE 0] Accumulator after  = -17.8633
  [PE 1] Weight = 0 Accumulator before = -4
  [PE 1] Accumulator after  = -4
  [PE 2] Weight = -2 Accumulator before = -17.8633
  [PE 2] Accumulator after  = -19.8633
  [PE 3] Weight = -2 Accumulator before = -16.75
  [PE 3] Accumulator after  = -18.75
  [PE 4] Weight = 0 Accumulator before = -11.25
  [PE 4] Accumulator after  = -11.25
WARNING: Hls::stream 'input' is read while empty, which may result in RTL simulation hanging.
[DEBUG] Tile = 6, Mask = 0b10100000
  [PE 0] Weight = -2 Accumulator before = -17.8633
  [PE 0] Accumulator after  = -19.8633
  [PE 1] Weight = -2 Accumulator before = -4
  [PE 1] Accumulator after  = -6
  [PE 2] Weight = 0 Accumulator before = -19.8633
  [PE 2] Accumulator after  = -19.8633
  [PE 3] Weight = 0 Accumulator before = -18.75
  [PE 3] Accumulator after  = -18.75
  [PE 4] Weight = 0 Accumulator before = -11.25
  [PE 4] Accumulator after  = -11.25
WARNING: Hls::stream 'input' is read while empty, which may result in RTL simulation hanging.
[DEBUG] Tile = 7, Mask = 0b10100000
  [PE 0] Weight = 0 Accumulator before = -19.8633
  [PE 0] Accumulator after  = -19.8633
  [PE 1] Weight = -2 Accumulator before = -6
  [PE 1] Accumulator after  = -8
  [PE 2] Weight = 0 Accumulator before = -19.8633
  [PE 2] Accumulator after  = -19.8633
  [PE 3] Weight = 0 Accumulator before = -18.75
  [PE 3] Accumulator after  = -18.75
  [PE 4] Weight = 0 Accumulator before = -11.25
  [PE 4] Accumulator after  = -11.25
[THRESHOLD DEBUG] acc=-19.8633 > threshold=0 => NO: no spike
[THRESHOLD DEBUG] acc=-8 > threshold=0 => NO: no spike
[THRESHOLD DEBUG] acc=-19.8633 > threshold=0 => NO: no spike
[THRESHOLD DEBUG] acc=-18.75 > threshold=0 => NO: no spike
[THRESHOLD DEBUG] acc=-11.25 > threshold=0 => NO: no spike
WARNING: Hls::stream 'input' is read while empty, which may result in RTL simulation hanging.
[DEBUG] Tile = 0, Mask = 0b10100000
  [PE 0] Weight = 0 Accumulator before = -21.3799
  [PE 0] Accumulator after  = -21.3799
  [PE 1] Weight = 0 Accumulator before = -7
  [PE 1] Accumulator after  = -7
  [PE 2] Weight = -2 Accumulator before = -21.3799
  [PE 2] Accumulator after  = -23.3799
  [PE 3] Weight = -2 Accumulator before = -20.4062
  [PE 3] Accumulator after  = -22.4062
  [PE 4] Weight = 0 Accumulator before = -9.84375
  [PE 4] Accumulator after  = -9.84375
WARNING: Hls::stream 'input' is read while empty, which may result in RTL simulation hanging.
[DEBUG] Tile = 1, Mask = 0b10100000
  [PE 0] Weight = -2 Accumulator before = -21.3799
  [PE 0] Accumulator after  = -23.3799
  [PE 1] Weight = -2 Accumulator before = -7
  [PE 1] Accumulator after  = -9
  [PE 2] Weight = 0 Accumulator before = -23.3799
  [PE 2] Accumulator after  = -23.3799
  [PE 3] Weight = -2 Accumulator before = -22.4062
  [PE 3] Accumulator after  = -24.4062
  [PE 4] Weight = -2 Accumulator before = -9.84375
  [PE 4] Accumulator after  = -11.8438
WARNING: Hls::stream 'input' is read while empty, which may result in RTL simulation hanging.
[DEBUG] Tile = 2, Mask = 0b10100000
  [PE 0] Weight = 0 Accumulator before = -23.3799
  [PE 0] Accumulator after  = -23.3799
  [PE 1] Weight = -2 Accumulator before = -9
  [PE 1] Accumulator after  = -11
  [PE 2] Weight = -2 Accumulator before = -23.3799
  [PE 2] Accumulator after  = -25.3799
  [PE 3] Weight = -2 Accumulator before = -24.4062
  [PE 3] Accumulator after  = -26.4062
  [PE 4] Weight = -2 Accumulator before = -11.8438
  [PE 4] Accumulator after  = -13.8438
WARNING: Hls::stream 'input' is read while empty, which may result in RTL simulation hanging.
[DEBUG] Tile = 3, Mask = 0b10100000
  [PE 0] Weight = -2 Accumulator before = -23.3799
  [PE 0] Accumulator after  = -25.3799
  [PE 1] Weight = 0 Accumulator before = -11
  [PE 1] Accumulator after  = -11
  [PE 2] Weight = 0 Accumulator before = -25.3799
  [PE 2] Accumulator after  = -25.3799
  [PE 3] Weight = 0 Accumulator before = -26.4062
  [PE 3] Accumulator after  = -26.4062
  [PE 4] Weight = 0 Accumulator before = -13.8438
  [PE 4] Accumulator after  = -13.8438
WARNING: Hls::stream 'input' is read while empty, which may result in RTL simulation hanging.
[DEBUG] Tile = 4, Mask = 0b10100000
  [PE 0] Weight = 0 Accumulator before = -25.3799
  [PE 0] Accumulator after  = -25.3799
  [PE 1] Weight = 0 Accumulator before = -11
  [PE 1] Accumulator after  = -11
  [PE 2] Weight = 0 Accumulator before = -25.3799
  [PE 2] Accumulator after  = -25.3799
  [PE 3] Weight = -2 Accumulator before = -26.4062
  [PE 3] Accumulator after  = -28.4062
  [PE 4] Weight = -2 Accumulator before = -13.8438
  [PE 4] Accumulator after  = -15.8438
WARNING: Hls::stream 'input' is read while empty, which may result in RTL simulation hanging.
[DEBUG] Tile = 5, Mask = 0b10100000
  [PE 0] Weight = 0 Accumulator before = -25.3799
  [PE 0] Accumulator after  = -25.3799
  [PE 1] Weight = 0 Accumulator before = -11
  [PE 1] Accumulator after  = -11
  [PE 2] Weight = -2 Accumulator before = -25.3799
  [PE 2] Accumulator after  = -27.3799
  [PE 3] Weight = -2 Accumulator before = -28.4062
  [PE 3] Accumulator after  = -30.4062
  [PE 4] Weight = 0 Accumulator before = -15.8438
  [PE 4] Accumulator after  = -15.8438
WARNING: Hls::stream 'input' is read while empty, which may result in RTL simulation hanging.
[DEBUG] Tile = 6, Mask = 0b10100000
  [PE 0] Weight = -2 Accumulator before = -25.3799
  [PE 0] Accumulator after  = -27.3799
  [PE 1] Weight = -2 Accumulator before = -11
  [PE 1] Accumulator after  = -13
  [PE 2] Weight = 0 Accumulator before = -27.3799
  [PE 2] Accumulator after  = -27.3799
  [PE 3] Weight = 0 Accumulator before = -30.4062
  [PE 3] Accumulator after  = -30.4062
  [PE 4] Weight = 0 Accumulator before = -15.8438
  [PE 4] Accumulator after  = -15.8438
WARNING: Hls::stream 'input' is read while empty, which may result in RTL simulation hanging.
[DEBUG] Tile = 7, Mask = 0b10100000
  [PE 0] Weight = 0 Accumulator before = -27.3799
  [PE 0] Accumulator after  = -27.3799
  [PE 1] Weight = -2 Accumulator before = -13
  [PE 1] Accumulator after  = -15
  [PE 2] Weight = 0 Accumulator before = -27.3799
  [PE 2] Accumulator after  = -27.3799
  [PE 3] Weight = 0 Accumulator before = -30.4062
  [PE 3] Accumulator after  = -30.4062
  [PE 4] Weight = 0 Accumulator before = -15.8438
  [PE 4] Accumulator after  = -15.8438
[THRESHOLD DEBUG] acc=-27.3799 > threshold=0 => NO: no spike
[THRESHOLD DEBUG] acc=-15 > threshold=0 => NO: no spike
[THRESHOLD DEBUG] acc=-27.3799 > threshold=0 => NO: no spike
[THRESHOLD DEBUG] acc=-30.4062 > threshold=0 => NO: no spike
[THRESHOLD DEBUG] acc=-15.8438 > threshold=0 => NO: no spike
WARNING: Hls::stream 'input' is read while empty, which may result in RTL simulation hanging.
[DEBUG] Tile = 0, Mask = 0b10100000
  [PE 0] Weight = 0 Accumulator before = -27.957
  [PE 0] Accumulator after  = -27.957
  [PE 1] Weight = 0 Accumulator before = -13.125
  [PE 1] Accumulator after  = -13.125
  [PE 2] Weight = -2 Accumulator before = -27.957
  [PE 2] Accumulator after  = -29.957
  [PE 3] Weight = -2 Accumulator before = -30.6055
  [PE 3] Accumulator after  = 31.3945
  [PE 4] Weight = 0 Accumulator before = -13.8633
  [PE 4] Accumulator after  = -13.8633
WARNING: Hls::stream 'input' is read while empty, which may result in RTL simulation hanging.
[DEBUG] Tile = 1, Mask = 0b10100000
  [PE 0] Weight = -2 Accumulator before = -27.957
  [PE 0] Accumulator after  = -29.957
  [PE 1] Weight = -2 Accumulator before = -13.125
  [PE 1] Accumulator after  = -15.125
  [PE 2] Weight = 0 Accumulator before = -29.957
  [PE 2] Accumulator after  = -29.957
  [PE 3] Weight = -2 Accumulator before = 31.3945
  [PE 3] Accumulator after  = 29.3945
  [PE 4] Weight = -2 Accumulator before = -13.8633
  [PE 4] Accumulator after  = -15.8633
WARNING: Hls::stream 'input' is read while empty, which may result in RTL simulation hanging.
[DEBUG] Tile = 2, Mask = 0b10100000
  [PE 0] Weight = 0 Accumulator before = -29.957
  [PE 0] Accumulator after  = -29.957
  [PE 1] Weight = -2 Accumulator before = -15.125
  [PE 1] Accumulator after  = -17.125
  [PE 2] Weight = -2 Accumulator before = -29.957
  [PE 2] Accumulator after  = -31.957
  [PE 3] Weight = -2 Accumulator before = 29.3945
  [PE 3] Accumulator after  = 27.3945
  [PE 4] Weight = -2 Accumulator before = -15.8633
  [PE 4] Accumulator after  = -17.8633
WARNING: Hls::stream 'input' is read while empty, which may result in RTL simulation hanging.
[DEBUG] Tile = 3, Mask = 0b10100000
  [PE 0] Weight = -2 Accumulator before = -29.957
  [PE 0] Accumulator after  = -31.957
  [PE 1] Weight = 0 Accumulator before = -17.125
  [PE 1] Accumulator after  = -17.125
  [PE 2] Weight = 0 Accumulator before = -31.957
  [PE 2] Accumulator after  = -31.957
  [PE 3] Weight = 0 Accumulator before = 27.3945
  [PE 3] Accumulator after  = 27.3945
  [PE 4] Weight = 0 Accumulator before = -17.8633
  [PE 4] Accumulator after  = -17.8633
WARNING: Hls::stream 'input' is read while empty, which may result in RTL simulation hanging.
[DEBUG] Tile = 4, Mask = 0b10100000
  [PE 0] Weight = 0 Accumulator before = -31.957
  [PE 0] Accumulator after  = -31.957
  [PE 1] Weight = 0 Accumulator before = -17.125
  [PE 1] Accumulator after  = -17.125
  [PE 2] Weight = 0 Accumulator before = -31.957
  [PE 2] Accumulator after  = -31.957
  [PE 3] Weight = -2 Accumulator before = 27.3945
  [PE 3] Accumulator after  = 25.3945
  [PE 4] Weight = -2 Accumulator before = -17.8633
  [PE 4] Accumulator after  = -19.8633
WARNING: Hls::stream 'input' is read while empty, which may result in RTL simulation hanging.
[DEBUG] Tile = 5, Mask = 0b10100000
  [PE 0] Weight = 0 Accumulator before = -31.957
  [PE 0] Accumulator after  = -31.957
  [PE 1] Weight = 0 Accumulator before = -17.125
  [PE 1] Accumulator after  = -17.125
  [PE 2] Weight = -2 Accumulator before = -31.957
  [PE 2] Accumulator after  = 30.043
  [PE 3] Weight = -2 Accumulator before = 25.3945
  [PE 3] Accumulator after  = 23.3945
  [PE 4] Weight = 0 Accumulator before = -19.8633
  [PE 4] Accumulator after  = -19.8633
WARNING: Hls::stream 'input' is read while empty, which may result in RTL simulation hanging.
[DEBUG] Tile = 6, Mask = 0b10100000
  [PE 0] Weight = -2 Accumulator before = -31.957
  [PE 0] Accumulator after  = 30.043
  [PE 1] Weight = -2 Accumulator before = -17.125
  [PE 1] Accumulator after  = -19.125
  [PE 2] Weight = 0 Accumulator before = 30.043
  [PE 2] Accumulator after  = 30.043
  [PE 3] Weight = 0 Accumulator before = 23.3945
  [PE 3] Accumulator after  = 23.3945
  [PE 4] Weight = 0 Accumulator before = -19.8633
  [PE 4] Accumulator after  = -19.8633
WARNING: Hls::stream 'input' is read while empty, which may result in RTL simulation hanging.
[DEBUG] Tile = 7, Mask = 0b10100000
  [PE 0] Weight = 0 Accumulator before = 30.043
  [PE 0] Accumulator after  = 30.043
  [PE 1] Weight = -2 Accumulator before = -19.125
  [PE 1] Accumulator after  = -21.125
  [PE 2] Weight = 0 Accumulator before = 30.043
  [PE 2] Accumulator after  = 30.043
  [PE 3] Weight = 0 Accumulator before = 23.3945
  [PE 3] Accumulator after  = 23.3945
  [PE 4] Weight = 0 Accumulator before = -19.8633
  [PE 4] Accumulator after  = -19.8633
[THRESHOLD DEBUG] acc=30.043 > threshold=0 => YES: SPIKE
[THRESHOLD DEBUG] acc=-21.125 > threshold=0 => NO: no spike
[THRESHOLD DEBUG] acc=30.043 > threshold=0 => YES: SPIKE
[THRESHOLD DEBUG] acc=23.3945 > threshold=0 => YES: SPIKE
[THRESHOLD DEBUG] acc=-19.8633 > threshold=0 => NO: no spike
WARNING: Hls::stream 'input' is read while empty, which may result in RTL simulation hanging.
[DEBUG] Tile = 0, Mask = 0b10100000
  [PE 0] Weight = 0 Accumulator before = 0
  [PE 0] Accumulator after  = 0
  [PE 1] Weight = 0 Accumulator before = -22.4844
  [PE 1] Accumulator after  = -22.4844
  [PE 2] Weight = -2 Accumulator before = 0
  [PE 2] Accumulator after  = -2
  [PE 3] Weight = -2 Accumulator before = 0
  [PE 3] Accumulator after  = -2
  [PE 4] Weight = 0 Accumulator before = -21.3799
  [PE 4] Accumulator after  = -21.3799
WARNING: Hls::stream 'input' is read while empty, which may result in RTL simulation hanging.
[DEBUG] Tile = 1, Mask = 0b10100000
  [PE 0] Weight = -2 Accumulator before = 0
  [PE 0] Accumulator after  = -2
  [PE 1] Weight = -2 Accumulator before = -22.4844
  [PE 1] Accumulator after  = -24.4844
  [PE 2] Weight = 0 Accumulator before = -2
  [PE 2] Accumulator after  = -2
  [PE 3] Weight = -2 Accumulator before = -2
  [PE 3] Accumulator after  = -4
  [PE 4] Weight = -2 Accumulator before = -21.3799
  [PE 4] Accumulator after  = -23.3799
WARNING: Hls::stream 'input' is read while empty, which may result in RTL simulation hanging.
[DEBUG] Tile = 2, Mask = 0b10100000
  [PE 0] Weight = 0 Accumulator before = -2
  [PE 0] Accumulator after  = -2
  [PE 1] Weight = -2 Accumulator before = -24.4844
  [PE 1] Accumulator after  = -26.4844
  [PE 2] Weight = -2 Accumulator before = -2
  [PE 2] Accumulator after  = -4
  [PE 3] Weight = -2 Accumulator before = -4
  [PE 3] Accumulator after  = -6
  [PE 4] Weight = -2 Accumulator before = -23.3799
  [PE 4] Accumulator after  = -25.3799
WARNING: Hls::stream 'input' is read while empty, which may result in RTL simulation hanging.
[DEBUG] Tile = 3, Mask = 0b10100000
  [PE 0] Weight = -2 Accumulator before = -2
  [PE 0] Accumulator after  = -4
  [PE 1] Weight = 0 Accumulator before = -26.4844
  [PE 1] Accumulator after  = -26.4844
  [PE 2] Weight = 0 Accumulator before = -4
  [PE 2] Accumulator after  = -4
  [PE 3] Weight = 0 Accumulator before = -6
  [PE 3] Accumulator after  = -6
  [PE 4] Weight = 0 Accumulator before = -25.3799
  [PE 4] Accumulator after  = -25.3799
WARNING: Hls::stream 'input' is read while empty, which may result in RTL simulation hanging.
[DEBUG] Tile = 4, Mask = 0b10100000
  [PE 0] Weight = 0 Accumulator before = -4
  [PE 0] Accumulator after  = -4
  [PE 1] Weight = 0 Accumulator before = -26.4844
  [PE 1] Accumulator after  = -26.4844
  [PE 2] Weight = 0 Accumulator before = -4
  [PE 2] Accumulator after  = -4
  [PE 3] Weight = -2 Accumulator before = -6
  [PE 3] Accumulator after  = -8
  [PE 4] Weight = -2 Accumulator before = -25.3799
  [PE 4] Accumulator after  = -27.3799
WARNING: Hls::stream 'input' is read while empty, which may result in RTL simulation hanging.
[DEBUG] Tile = 5, Mask = 0b10100000
  [PE 0] Weight = 0 Accumulator before = -4
  [PE 0] Accumulator after  = -4
  [PE 1] Weight = 0 Accumulator before = -26.4844
  [PE 1] Accumulator after  = -26.4844
  [PE 2] Weight = -2 Accumulator before = -4
  [PE 2] Accumulator after  = -6
  [PE 3] Weight = -2 Accumulator before = -8
  [PE 3] Accumulator after  = -10
  [PE 4] Weight = 0 Accumulator before = -27.3799
  [PE 4] Accumulator after  = -27.3799
WARNING: Hls::stream 'input' is read while empty, which may result in RTL simulation hanging.
[DEBUG] Tile = 6, Mask = 0b10100000
  [PE 0] Weight = -2 Accumulator before = -4
  [PE 0] Accumulator after  = -6
  [PE 1] Weight = -2 Accumulator before = -26.4844
  [PE 1] Accumulator after  = -28.4844
  [PE 2] Weight = 0 Accumulator before = -6
  [PE 2] Accumulator after  = -6
  [PE 3] Weight = 0 Accumulator before = -10
  [PE 3] Accumulator after  = -10
  [PE 4] Weight = 0 Accumulator before = -27.3799
  [PE 4] Accumulator after  = -27.3799
WARNING: Hls::stream 'input' is read while empty, which may result in RTL simulation hanging.
[DEBUG] Tile = 7, Mask = 0b10100000
  [PE 0] Weight = 0 Accumulator before = -6
  [PE 0] Accumulator after  = -6
  [PE 1] Weight = -2 Accumulator before = -28.4844
  [PE 1] Accumulator after  = -30.4844
  [PE 2] Weight = 0 Accumulator before = -6
  [PE 2] Accumulator after  = -6
  [PE 3] Weight = 0 Accumulator before = -10
  [PE 3] Accumulator after  = -10
  [PE 4] Weight = 0 Accumulator before = -27.3799
  [PE 4] Accumulator after  = -27.3799
[THRESHOLD DEBUG] acc=-6 > threshold=0 => NO: no spike
[THRESHOLD DEBUG] acc=-30.4844 > threshold=0 => NO: no spike
[THRESHOLD DEBUG] acc=-6 > threshold=0 => NO: no spike
[THRESHOLD DEBUG] acc=-10 > threshold=0 => NO: no spike
[THRESHOLD DEBUG] acc=-27.3799 > threshold=0 => NO: no spike
WARNING: Hls::stream 'input' is read while empty, which may result in RTL simulation hanging.
[DEBUG] Tile = 0, Mask = 0b10100000
  [PE 0] Weight = 0 Accumulator before = -5.25
  [PE 0] Accumulator after  = -5.25
  [PE 1] Weight = 0 Accumulator before = -30.6738
  [PE 1] Accumulator after  = -30.6738
  [PE 2] Weight = -2 Accumulator before = -5.25
  [PE 2] Accumulator after  = -7.25
  [PE 3] Weight = -2 Accumulator before = -8.75
  [PE 3] Accumulator after  = -10.75
  [PE 4] Weight = 0 Accumulator before = -27.957
  [PE 4] Accumulator after  = -27.957
WARNING: Hls::stream 'input' is read while empty, which may result in RTL simulation hanging.
[DEBUG] Tile = 1, Mask = 0b10100000
  [PE 0] Weight = -2 Accumulator before = -5.25
  [PE 0] Accumulator after  = -7.25
  [PE 1] Weight = -2 Accumulator before = -30.6738
  [PE 1] Accumulator after  = 31.3262
  [PE 2] Weight = 0 Accumulator before = -7.25
  [PE 2] Accumulator after  = -7.25
  [PE 3] Weight = -2 Accumulator before = -10.75
  [PE 3] Accumulator after  = -12.75
  [PE 4] Weight = -2 Accumulator before = -27.957
  [PE 4] Accumulator after  = -29.957
WARNING: Hls::stream 'input' is read while empty, which may result in RTL simulation hanging.
[DEBUG] Tile = 2, Mask = 0b10100000
  [PE 0] Weight = 0 Accumulator before = -7.25
  [PE 0] Accumulator after  = -7.25
  [PE 1] Weight = -2 Accumulator before = 31.3262
  [PE 1] Accumulator after  = 29.3262
  [PE 2] Weight = -2 Accumulator before = -7.25
  [PE 2] Accumulator after  = -9.25
  [PE 3] Weight = -2 Accumulator before = -12.75
  [PE 3] Accumulator after  = -14.75
  [PE 4] Weight = -2 Accumulator before = -29.957
  [PE 4] Accumulator after  = -31.957
WARNING: Hls::stream 'input' is read while empty, which may result in RTL simulation hanging.
[DEBUG] Tile = 3, Mask = 0b10100000
  [PE 0] Weight = -2 Accumulator before = -7.25
  [PE 0] Accumulator after  = -9.25
  [PE 1] Weight = 0 Accumulator before = 29.3262
  [PE 1] Accumulator after  = 29.3262
  [PE 2] Weight = 0 Accumulator before = -9.25
  [PE 2] Accumulator after  = -9.25
  [PE 3] Weight = 0 Accumulator before = -14.75
  [PE 3] Accumulator after  = -14.75
  [PE 4] Weight = 0 Accumulator before = -31.957
  [PE 4] Accumulator after  = -31.957
WARNING: Hls::stream 'input' is read while empty, which may result in RTL simulation hanging.
[DEBUG] Tile = 4, Mask = 0b10100000
  [PE 0] Weight = 0 Accumulator before = -9.25
  [PE 0] Accumulator after  = -9.25
  [PE 1] Weight = 0 Accumulator before = 29.3262
  [PE 1] Accumulator after  = 29.3262
  [PE 2] Weight = 0 Accumulator before = -9.25
  [PE 2] Accumulator after  = -9.25
  [PE 3] Weight = -2 Accumulator before = -14.75
  [PE 3] Accumulator after  = -16.75
  [PE 4] Weight = -2 Accumulator before = -31.957
  [PE 4] Accumulator after  = 30.043
WARNING: Hls::stream 'input' is read while empty, which may result in RTL simulation hanging.
[DEBUG] Tile = 5, Mask = 0b10100000
  [PE 0] Weight = 0 Accumulator before = -9.25
  [PE 0] Accumulator after  = -9.25
  [PE 1] Weight = 0 Accumulator before = 29.3262
  [PE 1] Accumulator after  = 29.3262
  [PE 2] Weight = -2 Accumulator before = -9.25
  [PE 2] Accumulator after  = -11.25
  [PE 3] Weight = -2 Accumulator before = -16.75
  [PE 3] Accumulator after  = -18.75
  [PE 4] Weight = 0 Accumulator before = 30.043
  [PE 4] Accumulator after  = 30.043
WARNING: Hls::stream 'input' is read while empty, which may result in RTL simulation hanging.
[DEBUG] Tile = 6, Mask = 0b10100000
  [PE 0] Weight = -2 Accumulator before = -9.25
  [PE 0] Accumulator after  = -11.25
  [PE 1] Weight = -2 Accumulator before = 29.3262
  [PE 1] Accumulator after  = 27.3262
  [PE 2] Weight = 0 Accumulator before = -11.25
  [PE 2] Accumulator after  = -11.25
  [PE 3] Weight = 0 Accumulator before = -18.75
  [PE 3] Accumulator after  = -18.75
  [PE 4] Weight = 0 Accumulator before = 30.043
  [PE 4] Accumulator after  = 30.043
WARNING: Hls::stream 'input' is read while empty, which may result in RTL simulation hanging.
[DEBUG] Tile = 7, Mask = 0b10100000
  [PE 0] Weight = 0 Accumulator before = -11.25
  [PE 0] Accumulator after  = -11.25
  [PE 1] Weight = -2 Accumulator before = 27.3262
  [PE 1] Accumulator after  = 25.3262
  [PE 2] Weight = 0 Accumulator before = -11.25
  [PE 2] Accumulator after  = -11.25
  [PE 3] Weight = 0 Accumulator before = -18.75
  [PE 3] Accumulator after  = -18.75
  [PE 4] Weight = 0 Accumulator before = 30.043
  [PE 4] Accumulator after  = 30.043
[THRESHOLD DEBUG] acc=-11.25 > threshold=0 => NO: no spike
[THRESHOLD DEBUG] acc=25.3262 > threshold=0 => YES: SPIKE
[THRESHOLD DEBUG] acc=-11.25 > threshold=0 => NO: no spike
[THRESHOLD DEBUG] acc=-18.75 > threshold=0 => NO: no spike
[THRESHOLD DEBUG] acc=30.043 > threshold=0 => YES: SPIKE
WARNING: Hls::stream 'input' is read while empty, which may result in RTL simulation hanging.
[DEBUG] Tile = 0, Mask = 0b10100000
  [PE 0] Weight = 0 Accumulator before = -9.84375
  [PE 0] Accumulator after  = -9.84375
  [PE 1] Weight = 0 Accumulator before = 0
  [PE 1] Accumulator after  = 0
  [PE 2] Weight = -2 Accumulator before = -9.84375
  [PE 2] Accumulator after  = -11.8438
  [PE 3] Weight = -2 Accumulator before = -20.4062
  [PE 3] Accumulator after  = -22.4062
  [PE 4] Weight = 0 Accumulator before = 0
  [PE 4] Accumulator after  = 0
WARNING: Hls::stream 'input' is read while empty, which may result in RTL simulation hanging.
[DEBUG] Tile = 1, Mask = 0b10100000
  [PE 0] Weight = -2 Accumulator before = -9.84375
  [PE 0] Accumulator after  = -11.8438
  [PE 1] Weight = -2 Accumulator before = 0
  [PE 1] Accumulator after  = -2
  [PE 2] Weight = 0 Accumulator before = -11.8438
  [PE 2] Accumulator after  = -11.8438
  [PE 3] Weight = -2 Accumulator before = -22.4062
  [PE 3] Accumulator after  = -24.4062
  [PE 4] Weight = -2 Accumulator before = 0
  [PE 4] Accumulator after  = -2
WARNING: Hls::stream 'input' is read while empty, which may result in RTL simulation hanging.
[DEBUG] Tile = 2, Mask = 0b10100000
  [PE 0] Weight = 0 Accumulator before = -11.8438
  [PE 0] Accumulator after  = -11.8438
  [PE 1] Weight = -2 Accumulator before = -2
  [PE 1] Accumulator after  = -4
  [PE 2] Weight = -2 Accumulator before = -11.8438
  [PE 2] Accumulator after  = -13.8438
  [PE 3] Weight = -2 Accumulator before = -24.4062
  [PE 3] Accumulator after  = -26.4062
  [PE 4] Weight = -2 Accumulator before = -2
  [PE 4] Accumulator after  = -4
WARNING: Hls::stream 'input' is read while empty, which may result in RTL simulation hanging.
[DEBUG] Tile = 3, Mask = 0b10100000
  [PE 0] Weight = -2 Accumulator before = -11.8438
  [PE 0] Accumulator after  = -13.8438
  [PE 1] Weight = 0 Accumulator before = -4
  [PE 1] Accumulator after  = -4
  [PE 2] Weight = 0 Accumulator before = -13.8438
  [PE 2] Accumulator after  = -13.8438
  [PE 3] Weight = 0 Accumulator before = -26.4062
  [PE 3] Accumulator after  = -26.4062
  [PE 4] Weight = 0 Accumulator before = -4
  [PE 4] Accumulator after  = -4
WARNING: Hls::stream 'input' is read while empty, which may result in RTL simulation hanging.
[DEBUG] Tile = 4, Mask = 0b10100000
  [PE 0] Weight = 0 Accumulator before = -13.8438
  [PE 0] Accumulator after  = -13.8438
  [PE 1] Weight = 0 Accumulator before = -4
  [PE 1] Accumulator after  = -4
  [PE 2] Weight = 0 Accumulator before = -13.8438
  [PE 2] Accumulator after  = -13.8438
  [PE 3] Weight = -2 Accumulator before = -26.4062
  [PE 3] Accumulator after  = -28.4062
  [PE 4] Weight = -2 Accumulator before = -4
  [PE 4] Accumulator after  = -6
WARNING: Hls::stream 'input' is read while empty, which may result in RTL simulation hanging.
[DEBUG] Tile = 5, Mask = 0b10100000
  [PE 0] Weight = 0 Accumulator before = -13.8438
  [PE 0] Accumulator after  = -13.8438
  [PE 1] Weight = 0 Accumulator before = -4
  [PE 1] Accumulator after  = -4
  [PE 2] Weight = -2 Accumulator before = -13.8438
  [PE 2] Accumulator after  = -15.8438
  [PE 3] Weight = -2 Accumulator before = -28.4062
  [PE 3] Accumulator after  = -30.4062
  [PE 4] Weight = 0 Accumulator before = -6
  [PE 4] Accumulator after  = -6
WARNING: Hls::stream 'input' is read while empty, which may result in RTL simulation hanging.
[DEBUG] Tile = 6, Mask = 0b10100000
  [PE 0] Weight = -2 Accumulator before = -13.8438
  [PE 0] Accumulator after  = -15.8438
  [PE 1] Weight = -2 Accumulator before = -4
  [PE 1] Accumulator after  = -6
  [PE 2] Weight = 0 Accumulator before = -15.8438
  [PE 2] Accumulator after  = -15.8438
  [PE 3] Weight = 0 Accumulator before = -30.4062
  [PE 3] Accumulator after  = -30.4062
  [PE 4] Weight = 0 Accumulator before = -6
  [PE 4] Accumulator after  = -6
WARNING: Hls::stream 'input' is read while empty, which may result in RTL simulation hanging.
[DEBUG] Tile = 7, Mask = 0b10100000
  [PE 0] Weight = 0 Accumulator before = -15.8438
  [PE 0] Accumulator after  = -15.8438
  [PE 1] Weight = -2 Accumulator before = -6
  [PE 1] Accumulator after  = -8
  [PE 2] Weight = 0 Accumulator before = -15.8438
  [PE 2] Accumulator after  = -15.8438
  [PE 3] Weight = 0 Accumulator before = -30.4062
  [PE 3] Accumulator after  = -30.4062
  [PE 4] Weight = 0 Accumulator before = -6
  [PE 4] Accumulator after  = -6
[THRESHOLD DEBUG] acc=-15.8438 > threshold=0 => NO: no spike
[THRESHOLD DEBUG] acc=-8 > threshold=0 => NO: no spike
[THRESHOLD DEBUG] acc=-15.8438 > threshold=0 => NO: no spike
[THRESHOLD DEBUG] acc=-30.4062 > threshold=0 => NO: no spike
[THRESHOLD DEBUG] acc=-6 > threshold=0 => NO: no spike
WARNING: Hls::stream 'input' is read while empty, which may result in RTL simulation hanging.
[DEBUG] Tile = 0, Mask = 0b10100000
  [PE 0] Weight = 0 Accumulator before = -13.8633
  [PE 0] Accumulator after  = -13.8633
  [PE 1] Weight = 0 Accumulator before = -7
  [PE 1] Accumulator after  = -7
  [PE 2] Weight = -2 Accumulator before = -13.8633
  [PE 2] Accumulator after  = -15.8633
  [PE 3] Weight = -2 Accumulator before = -30.6055
  [PE 3] Accumulator after  = 31.3945
  [PE 4] Weight = 0 Accumulator before = -5.25
  [PE 4] Accumulator after  = -5.25
WARNING: Hls::stream 'input' is read while empty, which may result in RTL simulation hanging.
[DEBUG] Tile = 1, Mask = 0b10100000
  [PE 0] Weight = -2 Accumulator before = -13.8633
  [PE 0] Accumulator after  = -15.8633
  [PE 1] Weight = -2 Accumulator before = -7
  [PE 1] Accumulator after  = -9
  [PE 2] Weight = 0 Accumulator before = -15.8633
  [PE 2] Accumulator after  = -15.8633
  [PE 3] Weight = -2 Accumulator before = 31.3945
  [PE 3] Accumulator after  = 29.3945
  [PE 4] Weight = -2 Accumulator before = -5.25
  [PE 4] Accumulator after  = -7.25
WARNING: Hls::stream 'input' is read while empty, which may result in RTL simulation hanging.
[DEBUG] Tile = 2, Mask = 0b10100000
  [PE 0] Weight = 0 Accumulator before = -15.8633
  [PE 0] Accumulator after  = -15.8633
  [PE 1] Weight = -2 Accumulator before = -9
  [PE 1] Accumulator after  = -11
  [PE 2] Weight = -2 Accumulator before = -15.8633
  [PE 2] Accumulator after  = -17.8633
  [PE 3] Weight = -2 Accumulator before = 29.3945
  [PE 3] Accumulator after  = 27.3945
  [PE 4] Weight = -2 Accumulator before = -7.25
  [PE 4] Accumulator after  = -9.25
WARNING: Hls::stream 'input' is read while empty, which may result in RTL simulation hanging.
[DEBUG] Tile = 3, Mask = 0b10100000
  [PE 0] Weight = -2 Accumulator before = -15.8633
  [PE 0] Accumulator after  = -17.8633
  [PE 1] Weight = 0 Accumulator before = -11
  [PE 1] Accumulator after  = -11
  [PE 2] Weight = 0 Accumulator before = -17.8633
  [PE 2] Accumulator after  = -17.8633
  [PE 3] Weight = 0 Accumulator before = 27.3945
  [PE 3] Accumulator after  = 27.3945
  [PE 4] Weight = 0 Accumulator before = -9.25
  [PE 4] Accumulator after  = -9.25
WARNING: Hls::stream 'input' is read while empty, which may result in RTL simulation hanging.
[DEBUG] Tile = 4, Mask = 0b10100000
  [PE 0] Weight = 0 Accumulator before = -17.8633
  [PE 0] Accumulator after  = -17.8633
  [PE 1] Weight = 0 Accumulator before = -11
  [PE 1] Accumulator after  = -11
  [PE 2] Weight = 0 Accumulator before = -17.8633
  [PE 2] Accumulator after  = -17.8633
  [PE 3] Weight = -2 Accumulator before = 27.3945
  [PE 3] Accumulator after  = 25.3945
  [PE 4] Weight = -2 Accumulator before = -9.25
  [PE 4] Accumulator after  = -11.25
WARNING: Hls::stream 'input' is read while empty, which may result in RTL simulation hanging.
[DEBUG] Tile = 5, Mask = 0b10100000
  [PE 0] Weight = 0 Accumulator before = -17.8633
  [PE 0] Accumulator after  = -17.8633
  [PE 1] Weight = 0 Accumulator before = -11
  [PE 1] Accumulator after  = -11
  [PE 2] Weight = -2 Accumulator before = -17.8633
  [PE 2] Accumulator after  = -19.8633
  [PE 3] Weight = -2 Accumulator before = 25.3945
  [PE 3] Accumulator after  = 23.3945
  [PE 4] Weight = 0 Accumulator before = -11.25
  [PE 4] Accumulator after  = -11.25
WARNING: Hls::stream 'input' is read while empty, which may result in RTL simulation hanging.
[DEBUG] Tile = 6, Mask = 0b10100000
  [PE 0] Weight = -2 Accumulator before = -17.8633
  [PE 0] Accumulator after  = -19.8633
  [PE 1] Weight = -2 Accumulator before = -11
  [PE 1] Accumulator after  = -13
  [PE 2] Weight = 0 Accumulator before = -19.8633
  [PE 2] Accumulator after  = -19.8633
  [PE 3] Weight = 0 Accumulator before = 23.3945
  [PE 3] Accumulator after  = 23.3945
  [PE 4] Weight = 0 Accumulator before = -11.25
  [PE 4] Accumulator after  = -11.25
WARNING: Hls::stream 'input' is read while empty, which may result in RTL simulation hanging.
[DEBUG] Tile = 7, Mask = 0b10100000
  [PE 0] Weight = 0 Accumulator before = -19.8633
  [PE 0] Accumulator after  = -19.8633
  [PE 1] Weight = -2 Accumulator before = -13
  [PE 1] Accumulator after  = -15
  [PE 2] Weight = 0 Accumulator before = -19.8633
  [PE 2] Accumulator after  = -19.8633
  [PE 3] Weight = 0 Accumulator before = 23.3945
  [PE 3] Accumulator after  = 23.3945
  [PE 4] Weight = 0 Accumulator before = -11.25
  [PE 4] Accumulator after  = -11.25
[THRESHOLD DEBUG] acc=-19.8633 > threshold=0 => NO: no spike
[THRESHOLD DEBUG] acc=-15 > threshold=0 => NO: no spike
[THRESHOLD DEBUG] acc=-19.8633 > threshold=0 => NO: no spike
[THRESHOLD DEBUG] acc=23.3945 > threshold=0 => YES: SPIKE
[THRESHOLD DEBUG] acc=-11.25 > threshold=0 => NO: no spike
WARNING: Hls::stream 'input' is read while empty, which may result in RTL simulation hanging.
[DEBUG] Tile = 0, Mask = 0b10100000
  [PE 0] Weight = 0 Accumulator before = -21.3799
  [PE 0] Accumulator after  = -21.3799
  [PE 1] Weight = 0 Accumulator before = -13.125
  [PE 1] Accumulator after  = -13.125
  [PE 2] Weight = -2 Accumulator before = -21.3799
  [PE 2] Accumulator after  = -23.3799
  [PE 3] Weight = -2 Accumulator before = 0
  [PE 3] Accumulator after  = -2
  [PE 4] Weight = 0 Accumulator before = -9.84375
  [PE 4] Accumulator after  = -9.84375
WARNING: Hls::stream 'input' is read while empty, which may result in RTL simulation hanging.
[DEBUG] Tile = 1, Mask = 0b10100000
  [PE 0] Weight = -2 Accumulator before = -21.3799
  [PE 0] Accumulator after  = -23.3799
  [PE 1] Weight = -2 Accumulator before = -13.125
  [PE 1] Accumulator after  = -15.125
  [PE 2] Weight = 0 Accumulator before = -23.3799
  [PE 2] Accumulator after  = -23.3799
  [PE 3] Weight = -2 Accumulator before = -2
  [PE 3] Accumulator after  = -4
  [PE 4] Weight = -2 Accumulator before = -9.84375
  [PE 4] Accumulator after  = -11.8438
WARNING: Hls::stream 'input' is read while empty, which may result in RTL simulation hanging.
[DEBUG] Tile = 2, Mask = 0b10100000
  [PE 0] Weight = 0 Accumulator before = -23.3799
  [PE 0] Accumulator after  = -23.3799
  [PE 1] Weight = -2 Accumulator before = -15.125
  [PE 1] Accumulator after  = -17.125
  [PE 2] Weight = -2 Accumulator before = -23.3799
  [PE 2] Accumulator after  = -25.3799
  [PE 3] Weight = -2 Accumulator before = -4
  [PE 3] Accumulator after  = -6
  [PE 4] Weight = -2 Accumulator before = -11.8438
  [PE 4] Accumulator after  = -13.8438
WARNING: Hls::stream 'input' is read while empty, which may result in RTL simulation hanging.
[DEBUG] Tile = 3, Mask = 0b10100000
  [PE 0] Weight = -2 Accumulator before = -23.3799
  [PE 0] Accumulator after  = -25.3799
  [PE 1] Weight = 0 Accumulator before = -17.125
  [PE 1] Accumulator after  = -17.125
  [PE 2] Weight = 0 Accumulator before = -25.3799
  [PE 2] Accumulator after  = -25.3799
  [PE 3] Weight = 0 Accumulator before = -6
  [PE 3] Accumulator after  = -6
  [PE 4] Weight = 0 Accumulator before = -13.8438
  [PE 4] Accumulator after  = -13.8438
WARNING: Hls::stream 'input' is read while empty, which may result in RTL simulation hanging.
[DEBUG] Tile = 4, Mask = 0b10100000
  [PE 0] Weight = 0 Accumulator before = -25.3799
  [PE 0] Accumulator after  = -25.3799
  [PE 1] Weight = 0 Accumulator before = -17.125
  [PE 1] Accumulator after  = -17.125
  [PE 2] Weight = 0 Accumulator before = -25.3799
  [PE 2] Accumulator after  = -25.3799
  [PE 3] Weight = -2 Accumulator before = -6
  [PE 3] Accumulator after  = -8
  [PE 4] Weight = -2 Accumulator before = -13.8438
  [PE 4] Accumulator after  = -15.8438
WARNING: Hls::stream 'input' is read while empty, which may result in RTL simulation hanging.
[DEBUG] Tile = 5, Mask = 0b10100000
  [PE 0] Weight = 0 Accumulator before = -25.3799
  [PE 0] Accumulator after  = -25.3799
  [PE 1] Weight = 0 Accumulator before = -17.125
  [PE 1] Accumulator after  = -17.125
  [PE 2] Weight = -2 Accumulator before = -25.3799
  [PE 2] Accumulator after  = -27.3799
  [PE 3] Weight = -2 Accumulator before = -8
  [PE 3] Accumulator after  = -10
  [PE 4] Weight = 0 Accumulator before = -15.8438
  [PE 4] Accumulator after  = -15.8438
WARNING: Hls::stream 'input' is read while empty, which may result in RTL simulation hanging.
[DEBUG] Tile = 6, Mask = 0b10100000
  [PE 0] Weight = -2 Accumulator before = -25.3799
  [PE 0] Accumulator after  = -27.3799
  [PE 1] Weight = -2 Accumulator before = -17.125
  [PE 1] Accumulator after  = -19.125
  [PE 2] Weight = 0 Accumulator before = -27.3799
  [PE 2] Accumulator after  = -27.3799
  [PE 3] Weight = 0 Accumulator before = -10
  [PE 3] Accumulator after  = -10
  [PE 4] Weight = 0 Accumulator before = -15.8438
  [PE 4] Accumulator after  = -15.8438
WARNING: Hls::stream 'input' is read while empty, which may result in RTL simulation hanging.
[DEBUG] Tile = 7, Mask = 0b10100000
  [PE 0] Weight = 0 Accumulator before = -27.3799
  [PE 0] Accumulator after  = -27.3799
  [PE 1] Weight = -2 Accumulator before = -19.125
  [PE 1] Accumulator after  = -21.125
  [PE 2] Weight = 0 Accumulator before = -27.3799
  [PE 2] Accumulator after  = -27.3799
  [PE 3] Weight = 0 Accumulator before = -10
  [PE 3] Accumulator after  = -10
  [PE 4] Weight = 0 Accumulator before = -15.8438
  [PE 4] Accumulator after  = -15.8438
[THRESHOLD DEBUG] acc=-27.3799 > threshold=0 => NO: no spike
[THRESHOLD DEBUG] acc=-21.125 > threshold=0 => NO: no spike
[THRESHOLD DEBUG] acc=-27.3799 > threshold=0 => NO: no spike
[THRESHOLD DEBUG] acc=-10 > threshold=0 => NO: no spike
[THRESHOLD DEBUG] acc=-15.8438 > threshold=0 => NO: no spike

Run complete. Output stream size: 20
Output word: 0b0
Output word: 0b0
Output word: 0b0
Output word: 0b0
Output word: 0b0
Output word: 0b0
Output word: 0b0
Output word: 0b0
Output word: 0b0
Output word: 0b0
Output word: 0b0
Output word: 0b0
Output word: 0b0
Output word: 0b0
Output word: 0b0
Output word: 0b0
Output word: 0b0
Output word: 0b0
Output word: 0b0
Output word: 0b0
INFO: [XSIM 43-3496] Using init file passed via -initfile option "/tools/Xilinx2/Vivado/2020.1/data/xsim/ip/xsim_ip.ini".
Vivado Simulator 2020.1
Copyright 1986-1999, 2001-2020 Xilinx, Inc. All Rights Reserved.
Running: /tools/Xilinx2/Vivado/2020.1/bin/unwrapped/lnx64.o/xelab xil_defaultlib.apatb_fc2_top_top glbl -prj fc2_top.prj -L smartconnect_v1_0 -L axi_protocol_checker_v1_1_12 -L axi_protocol_checker_v1_1_13 -L axis_protocol_checker_v1_1_11 -L axis_protocol_checker_v1_1_12 -L xil_defaultlib -L unisims_ver -L xpm --initfile /tools/Xilinx2/Vivado/2020.1/data/xsim/ip/xsim_ip.ini --lib ieee_proposed=./ieee_proposed -s fc2_top 
Multi-threading is on. Using 126 slave threads.
INFO: [VRFC 10-2263] Analyzing SystemVerilog file "/home/coder/Desktop/s2n2/convSNN/convSNN_hls/convSNN_fc2/solution_fc2/sim/verilog/glbl.v" into library work
INFO: [VRFC 10-311] analyzing module glbl
INFO: [VRFC 10-2263] Analyzing SystemVerilog file "/home/coder/Desktop/s2n2/convSNN/convSNN_hls/convSNN_fc2/solution_fc2/sim/verilog/fc2_top.autotb.v" into library xil_defaultlib
INFO: [VRFC 10-311] analyzing module apatb_fc2_top_top
INFO: [VRFC 10-2263] Analyzing SystemVerilog file "/home/coder/Desktop/s2n2/convSNN/convSNN_hls/convSNN_fc2/solution_fc2/sim/verilog/AESL_autofifo_in_V_V.v" into library xil_defaultlib
INFO: [VRFC 10-311] analyzing module AESL_autofifo_in_V_V
INFO: [VRFC 10-2263] Analyzing SystemVerilog file "/home/coder/Desktop/s2n2/convSNN/convSNN_hls/convSNN_fc2/solution_fc2/sim/verilog/AESL_autofifo_out_V_V.v" into library xil_defaultlib
INFO: [VRFC 10-311] analyzing module AESL_autofifo_out_V_V
INFO: [VRFC 10-2263] Analyzing SystemVerilog file "/home/coder/Desktop/s2n2/convSNN/convSNN_hls/convSNN_fc2/solution_fc2/sim/verilog/Matrix_Vector_Activa.v" into library xil_defaultlib
INFO: [VRFC 10-311] analyzing module Matrix_Vector_Activa
INFO: [VRFC 10-2263] Analyzing SystemVerilog file "/home/coder/Desktop/s2n2/convSNN/convSNN_hls/convSNN_fc2/solution_fc2/sim/verilog/fc2_top.v" into library xil_defaultlib
INFO: [VRFC 10-311] analyzing module fc2_top
Starting static elaboration
Pass Through NonSizing Optimizer
Completed static elaboration
Starting simulation data flow analysis
Completed simulation data flow analysis
Time Resolution for simulation is 1ps
Compiling module xil_defaultlib.Matrix_Vector_Activa
Compiling module xil_defaultlib.fc2_top
Compiling module xil_defaultlib.AESL_autofifo_in_V_V
Compiling module xil_defaultlib.AESL_autofifo_out_V_V
Compiling module xil_defaultlib.apatb_fc2_top_top
Compiling module work.glbl
Built simulation snapshot fc2_top

****** Webtalk v2020.1 (64-bit)
  **** SW Build 2902540 on Wed May 27 19:54:35 MDT 2020
  **** IP Build 2902112 on Wed May 27 22:43:36 MDT 2020
    ** Copyright 1986-2020 Xilinx, Inc. All Rights Reserved.

source /home/coder/Desktop/s2n2/convSNN/convSNN_hls/convSNN_fc2/solution_fc2/sim/verilog/xsim.dir/fc2_top/webtalk/xsim_webtalk.tcl -notrace
INFO: [Common 17-206] Exiting Webtalk at Thu Sep  4 02:18:57 2025...

****** xsim v2020.1 (64-bit)
  **** SW Build 2902540 on Wed May 27 19:54:35 MDT 2020
  **** IP Build 2902112 on Wed May 27 22:43:36 MDT 2020
    ** Copyright 1986-2020 Xilinx, Inc. All Rights Reserved.

source xsim.dir/fc2_top/xsim_script.tcl
# xsim {fc2_top} -autoloadwcfg -tclbatch {fc2_top.tcl}
Vivado Simulator 2020.1
Time resolution is 1 ps
source fc2_top.tcl
## run all
////////////////////////////////////////////////////////////////////////////////////
// Inter-Transaction Progress: Completed Transaction / Total Transaction
// Intra-Transaction Progress: Measured Latency / Latency Estimation * 100%
//
// RTL Simulation : "Inter-Transaction Progress" ["Intra-Transaction Progress"] @ "Simulation Time"
////////////////////////////////////////////////////////////////////////////////////
// RTL Simulation : 0 / 1 [n/a] @ "125000"
// RTL Simulation : 1 / 1 [n/a] @ "1775000"
////////////////////////////////////////////////////////////////////////////////////
$finish called at time : 1815 ns : File "/home/coder/Desktop/s2n2/convSNN/convSNN_hls/convSNN_fc2/solution_fc2/sim/verilog/fc2_top.autotb.v" Line 331
## quit
INFO: [Common 17-206] Exiting xsim at Thu Sep  4 02:20:01 2025...

Initializing FC2 weights...

Run complete. Output stream size: 20
Output word: 0b0
Output word: 0b0
Output word: 0b0
Output word: 0b0
Output word: 0b0
Output word: 0b0
Output word: 0b0
Output word: 0b0
Output word: 0b0
Output word: 0b0
Output word: 0b0
Output word: 0b0
Output word: 0b0
Output word: 0b0
Output word: 0b0
Output word: 0b0
Output word: 0b0
Output word: 0b0
Output word: 0b0
Output word: 0b0
