

================================================================
== Vitis HLS Report for 'conv1_lif_top_Pipeline_VITIS_LOOP_46_4_VITIS_LOOP_47_5'
================================================================
* Date:           Thu Mar 12 03:47:09 2026

* Version:        2023.1 (Build 3854077 on May  4 2023)
* Project:        convSNN_conv1
* Solution:       solution1 (Vivado IP Flow Target)
* Product family: virtexuplus
* Target device:  xcvu9p-flga2577-2-e


================================================================
== Performance Estimates
================================================================
+ Timing: 
    * Summary: 
    +--------+----------+----------+------------+
    |  Clock |  Target  | Estimated| Uncertainty|
    +--------+----------+----------+------------+
    |ap_clk  |  10.00 ns|  2.154 ns|     2.70 ns|
    +--------+----------+----------+------------+

+ Latency: 
    * Summary: 
    +---------+---------+----------+----------+-----+-----+---------+
    |  Latency (cycles) |  Latency (absolute) |  Interval | Pipeline|
    |   min   |   max   |    min   |    max   | min | max |   Type  |
    +---------+---------+----------+----------+-----+-----+---------+
    |      322|      322|  3.220 us|  3.220 us|  322|  322|       no|
    +---------+---------+----------+----------+-----+-----+---------+

    + Detail: 
        * Instance: 
        N/A

        * Loop: 
        +-----------------------------------+---------+---------+----------+-----------+-----------+------+----------+
        |                                   |  Latency (cycles) | Iteration|  Initiation Interval  | Trip |          |
        |             Loop Name             |   min   |   max   |  Latency |  achieved |   target  | Count| Pipelined|
        +-----------------------------------+---------+---------+----------+-----------+-----------+------+----------+
        |- VITIS_LOOP_46_4_VITIS_LOOP_47_5  |      320|      320|         1|          1|          1|   320|       yes|
        +-----------------------------------+---------+---------+----------+-----------+-----------+------+----------+

============================================================
+ Verbose Summary: Synthesis Manager
============================================================
InlineROM: 1
ExposeGlobal: 0
============================================================
+ Verbose Summary: CDFG Model
============================================================
IsTopModel: 0
ResetActiveHigh: 1
IsCombinational: 0
IsDatapathOnly: 0
HasWiredReturn: 1
HasMFsm: 2
HasVarLatency: 1
IsPipeline: 0
IsRtlPipelined: 0
IsInstanceOverlapped: 0
IsDontTouch: 0
HasImplIP: 0
IsGatedGlobalClock: 0

+ Individual pipeline summary: 
  * Pipeline-0: initiation interval (II) = 1, depth = 1


============================================================
+ Verbose Summary: Schedule
============================================================
* Number of FSM states : 1
* Pipeline : 1
  Pipeline-0 : II = 1, D = 1, States = { 1 }
* Dataflow Pipeline: 0

* FSM state transitions: 
1 --> 

* FSM state operations: 

State 1 <SV = 0> <Delay = 2.15>
ST_1 : Operation 4 [1/1] (0.00ns)   --->   "%p = alloca i32 1"   --->   Operation 4 'alloca' 'p' <Predicate = true> <Delay = 0.00>
ST_1 : Operation 5 [1/1] (0.00ns)   --->   "%oc = alloca i32 1"   --->   Operation 5 'alloca' 'oc' <Predicate = true> <Delay = 0.00>
ST_1 : Operation 6 [1/1] (0.00ns)   --->   "%indvar_flatten9 = alloca i32 1"   --->   Operation 6 'alloca' 'indvar_flatten9' <Predicate = true> <Delay = 0.00>
ST_1 : Operation 7 [1/1] (0.38ns)   --->   "%store_ln0 = store i9 0, i9 %indvar_flatten9"   --->   Operation 7 'store' 'store_ln0' <Predicate = true> <Delay = 0.38>
ST_1 : Operation 8 [1/1] (0.38ns)   --->   "%store_ln0 = store i6 0, i6 %oc"   --->   Operation 8 'store' 'store_ln0' <Predicate = true> <Delay = 0.38>
ST_1 : Operation 9 [1/1] (0.38ns)   --->   "%store_ln0 = store i4 0, i4 %p"   --->   Operation 9 'store' 'store_ln0' <Predicate = true> <Delay = 0.38>
ST_1 : Operation 10 [1/1] (0.00ns)   --->   "%br_ln0 = br void %for.inc39"   --->   Operation 10 'br' 'br_ln0' <Predicate = true> <Delay = 0.00>
ST_1 : Operation 11 [1/1] (0.00ns)   --->   "%indvar_flatten9_load = load i9 %indvar_flatten9" [/home/coder/Desktop/s2n2/convSNN/conv1_top.cpp:46]   --->   Operation 11 'load' 'indvar_flatten9_load' <Predicate = true> <Delay = 0.00>
ST_1 : Operation 12 [1/1] (0.71ns)   --->   "%icmp_ln46 = icmp_eq  i9 %indvar_flatten9_load, i9 320" [/home/coder/Desktop/s2n2/convSNN/conv1_top.cpp:46]   --->   Operation 12 'icmp' 'icmp_ln46' <Predicate = true> <Delay = 0.71> <CoreInst = "Cmp">   --->   Core 9 'Cmp' <Latency = 0> <II = 1> <Delay = 0.71> <FuncUnit> <Opcode : 'icmp'> <InPorts = 2> <OutPorts = 1>
ST_1 : Operation 13 [1/1] (0.71ns)   --->   "%add_ln46 = add i9 %indvar_flatten9_load, i9 1" [/home/coder/Desktop/s2n2/convSNN/conv1_top.cpp:46]   --->   Operation 13 'add' 'add_ln46' <Predicate = true> <Delay = 0.71> <CoreInst = "Adder">   --->   Core 1 'Adder' <Latency = 0> <II = 1> <Delay = 0.71> <FuncUnit> <Opcode : 'add' 'sub'> <InPorts = 2> <OutPorts = 1>
ST_1 : Operation 14 [1/1] (0.00ns)   --->   "%br_ln46 = br i1 %icmp_ln46, void %for.inc42, void %for.inc74.preheader.exitStub" [/home/coder/Desktop/s2n2/convSNN/conv1_top.cpp:46]   --->   Operation 14 'br' 'br_ln46' <Predicate = true> <Delay = 0.00>
ST_1 : Operation 15 [1/1] (0.00ns)   --->   "%p_load = load i4 %p" [/home/coder/Desktop/s2n2/convSNN/conv1_top.cpp:47]   --->   Operation 15 'load' 'p_load' <Predicate = (!icmp_ln46)> <Delay = 0.00>
ST_1 : Operation 16 [1/1] (0.00ns)   --->   "%oc_load = load i6 %oc" [/home/coder/Desktop/s2n2/convSNN/conv1_top.cpp:46]   --->   Operation 16 'load' 'oc_load' <Predicate = (!icmp_ln46)> <Delay = 0.00>
ST_1 : Operation 17 [1/1] (0.00ns)   --->   "%specloopname_ln0 = specloopname void @_ssdm_op_SpecLoopName, void @VITIS_LOOP_46_4_VITIS_LOOP_47_5_str"   --->   Operation 17 'specloopname' 'specloopname_ln0' <Predicate = (!icmp_ln46)> <Delay = 0.00>
ST_1 : Operation 18 [1/1] (0.00ns)   --->   "%speclooptripcount_ln0 = speclooptripcount void @_ssdm_op_SpecLoopTripCount, i64 320, i64 320, i64 320"   --->   Operation 18 'speclooptripcount' 'speclooptripcount_ln0' <Predicate = (!icmp_ln46)> <Delay = 0.00>
ST_1 : Operation 19 [1/1] (0.70ns)   --->   "%icmp_ln47 = icmp_eq  i4 %p_load, i4 10" [/home/coder/Desktop/s2n2/convSNN/conv1_top.cpp:47]   --->   Operation 19 'icmp' 'icmp_ln47' <Predicate = (!icmp_ln46)> <Delay = 0.70> <CoreInst = "Cmp">   --->   Core 9 'Cmp' <Latency = 0> <II = 1> <Delay = 0.70> <FuncUnit> <Opcode : 'icmp'> <InPorts = 2> <OutPorts = 1>
ST_1 : Operation 20 [1/1] (0.35ns)   --->   "%select_ln46 = select i1 %icmp_ln47, i4 0, i4 %p_load" [/home/coder/Desktop/s2n2/convSNN/conv1_top.cpp:46]   --->   Operation 20 'select' 'select_ln46' <Predicate = (!icmp_ln46)> <Delay = 0.35> <CoreInst = "Sel">   --->   Core 73 'Sel' <Latency = 0> <II = 1> <Delay = 0.35> <FuncUnit> <Opcode : 'select'> <InPorts = 3> <OutPorts = 1>
ST_1 : Operation 21 [1/1] (0.70ns)   --->   "%add_ln46_1 = add i6 %oc_load, i6 1" [/home/coder/Desktop/s2n2/convSNN/conv1_top.cpp:46]   --->   Operation 21 'add' 'add_ln46_1' <Predicate = (!icmp_ln46)> <Delay = 0.70> <CoreInst = "Adder">   --->   Core 1 'Adder' <Latency = 0> <II = 1> <Delay = 0.70> <FuncUnit> <Opcode : 'add' 'sub'> <InPorts = 2> <OutPorts = 1>
ST_1 : Operation 22 [1/1] (0.29ns)   --->   "%select_ln46_1 = select i1 %icmp_ln47, i6 %add_ln46_1, i6 %oc_load" [/home/coder/Desktop/s2n2/convSNN/conv1_top.cpp:46]   --->   Operation 22 'select' 'select_ln46_1' <Predicate = (!icmp_ln46)> <Delay = 0.29> <CoreInst = "Sel">   --->   Core 73 'Sel' <Latency = 0> <II = 1> <Delay = 0.29> <FuncUnit> <Opcode : 'select'> <InPorts = 3> <OutPorts = 1>
ST_1 : Operation 23 [1/1] (0.00ns)   --->   "%trunc_ln46 = trunc i6 %select_ln46_1" [/home/coder/Desktop/s2n2/convSNN/conv1_top.cpp:46]   --->   Operation 23 'trunc' 'trunc_ln46' <Predicate = (!icmp_ln46)> <Delay = 0.00>
ST_1 : Operation 24 [1/1] (0.00ns)   --->   "%zext_ln47 = zext i4 %select_ln46" [/home/coder/Desktop/s2n2/convSNN/conv1_top.cpp:47]   --->   Operation 24 'zext' 'zext_ln47' <Predicate = (!icmp_ln46)> <Delay = 0.00>
ST_1 : Operation 25 [1/1] (0.00ns)   --->   "%specpipeline_ln48 = specpipeline void @_ssdm_op_SpecPipeline, i32 1, i32 0, i32 0, i32 0, void @empty" [/home/coder/Desktop/s2n2/convSNN/conv1_top.cpp:48]   --->   Operation 25 'specpipeline' 'specpipeline_ln48' <Predicate = (!icmp_ln46)> <Delay = 0.00>
ST_1 : Operation 26 [1/1] (0.00ns)   --->   "%specloopname_ln47 = specloopname void @_ssdm_op_SpecLoopName, void @empty_5" [/home/coder/Desktop/s2n2/convSNN/conv1_top.cpp:47]   --->   Operation 26 'specloopname' 'specloopname_ln47' <Predicate = (!icmp_ln46)> <Delay = 0.00>
ST_1 : Operation 27 [1/1] (0.00ns)   --->   "%mem_addr = getelementptr i32 %mem, i64 0, i64 %zext_ln47" [/home/coder/Desktop/s2n2/convSNN/conv1_top.cpp:49]   --->   Operation 27 'getelementptr' 'mem_addr' <Predicate = (!icmp_ln46)> <Delay = 0.00>
ST_1 : Operation 28 [1/1] (0.00ns)   --->   "%mem_1_addr = getelementptr i32 %mem_1, i64 0, i64 %zext_ln47" [/home/coder/Desktop/s2n2/convSNN/conv1_top.cpp:49]   --->   Operation 28 'getelementptr' 'mem_1_addr' <Predicate = (!icmp_ln46)> <Delay = 0.00>
ST_1 : Operation 29 [1/1] (0.00ns)   --->   "%mem_2_addr = getelementptr i32 %mem_2, i64 0, i64 %zext_ln47" [/home/coder/Desktop/s2n2/convSNN/conv1_top.cpp:49]   --->   Operation 29 'getelementptr' 'mem_2_addr' <Predicate = (!icmp_ln46)> <Delay = 0.00>
ST_1 : Operation 30 [1/1] (0.00ns)   --->   "%mem_3_addr = getelementptr i32 %mem_3, i64 0, i64 %zext_ln47" [/home/coder/Desktop/s2n2/convSNN/conv1_top.cpp:49]   --->   Operation 30 'getelementptr' 'mem_3_addr' <Predicate = (!icmp_ln46)> <Delay = 0.00>
ST_1 : Operation 31 [1/1] (0.00ns)   --->   "%mem_4_addr = getelementptr i32 %mem_4, i64 0, i64 %zext_ln47" [/home/coder/Desktop/s2n2/convSNN/conv1_top.cpp:49]   --->   Operation 31 'getelementptr' 'mem_4_addr' <Predicate = (!icmp_ln46)> <Delay = 0.00>
ST_1 : Operation 32 [1/1] (0.00ns)   --->   "%mem_5_addr = getelementptr i32 %mem_5, i64 0, i64 %zext_ln47" [/home/coder/Desktop/s2n2/convSNN/conv1_top.cpp:49]   --->   Operation 32 'getelementptr' 'mem_5_addr' <Predicate = (!icmp_ln46)> <Delay = 0.00>
ST_1 : Operation 33 [1/1] (0.00ns)   --->   "%mem_6_addr = getelementptr i32 %mem_6, i64 0, i64 %zext_ln47" [/home/coder/Desktop/s2n2/convSNN/conv1_top.cpp:49]   --->   Operation 33 'getelementptr' 'mem_6_addr' <Predicate = (!icmp_ln46)> <Delay = 0.00>
ST_1 : Operation 34 [1/1] (0.00ns)   --->   "%mem_7_addr = getelementptr i32 %mem_7, i64 0, i64 %zext_ln47" [/home/coder/Desktop/s2n2/convSNN/conv1_top.cpp:49]   --->   Operation 34 'getelementptr' 'mem_7_addr' <Predicate = (!icmp_ln46)> <Delay = 0.00>
ST_1 : Operation 35 [1/1] (0.00ns)   --->   "%mem_8_addr = getelementptr i32 %mem_8, i64 0, i64 %zext_ln47" [/home/coder/Desktop/s2n2/convSNN/conv1_top.cpp:49]   --->   Operation 35 'getelementptr' 'mem_8_addr' <Predicate = (!icmp_ln46)> <Delay = 0.00>
ST_1 : Operation 36 [1/1] (0.00ns)   --->   "%mem_9_addr = getelementptr i32 %mem_9, i64 0, i64 %zext_ln47" [/home/coder/Desktop/s2n2/convSNN/conv1_top.cpp:49]   --->   Operation 36 'getelementptr' 'mem_9_addr' <Predicate = (!icmp_ln46)> <Delay = 0.00>
ST_1 : Operation 37 [1/1] (0.00ns)   --->   "%mem_10_addr = getelementptr i32 %mem_10, i64 0, i64 %zext_ln47" [/home/coder/Desktop/s2n2/convSNN/conv1_top.cpp:49]   --->   Operation 37 'getelementptr' 'mem_10_addr' <Predicate = (!icmp_ln46)> <Delay = 0.00>
ST_1 : Operation 38 [1/1] (0.00ns)   --->   "%mem_11_addr = getelementptr i32 %mem_11, i64 0, i64 %zext_ln47" [/home/coder/Desktop/s2n2/convSNN/conv1_top.cpp:49]   --->   Operation 38 'getelementptr' 'mem_11_addr' <Predicate = (!icmp_ln46)> <Delay = 0.00>
ST_1 : Operation 39 [1/1] (0.00ns)   --->   "%mem_12_addr = getelementptr i32 %mem_12, i64 0, i64 %zext_ln47" [/home/coder/Desktop/s2n2/convSNN/conv1_top.cpp:49]   --->   Operation 39 'getelementptr' 'mem_12_addr' <Predicate = (!icmp_ln46)> <Delay = 0.00>
ST_1 : Operation 40 [1/1] (0.00ns)   --->   "%mem_13_addr = getelementptr i32 %mem_13, i64 0, i64 %zext_ln47" [/home/coder/Desktop/s2n2/convSNN/conv1_top.cpp:49]   --->   Operation 40 'getelementptr' 'mem_13_addr' <Predicate = (!icmp_ln46)> <Delay = 0.00>
ST_1 : Operation 41 [1/1] (0.00ns)   --->   "%mem_14_addr = getelementptr i32 %mem_14, i64 0, i64 %zext_ln47" [/home/coder/Desktop/s2n2/convSNN/conv1_top.cpp:49]   --->   Operation 41 'getelementptr' 'mem_14_addr' <Predicate = (!icmp_ln46)> <Delay = 0.00>
ST_1 : Operation 42 [1/1] (0.00ns)   --->   "%mem_15_addr = getelementptr i32 %mem_15, i64 0, i64 %zext_ln47" [/home/coder/Desktop/s2n2/convSNN/conv1_top.cpp:49]   --->   Operation 42 'getelementptr' 'mem_15_addr' <Predicate = (!icmp_ln46)> <Delay = 0.00>
ST_1 : Operation 43 [1/1] (0.00ns)   --->   "%mem_16_addr = getelementptr i32 %mem_16, i64 0, i64 %zext_ln47" [/home/coder/Desktop/s2n2/convSNN/conv1_top.cpp:49]   --->   Operation 43 'getelementptr' 'mem_16_addr' <Predicate = (!icmp_ln46)> <Delay = 0.00>
ST_1 : Operation 44 [1/1] (0.00ns)   --->   "%mem_17_addr = getelementptr i32 %mem_17, i64 0, i64 %zext_ln47" [/home/coder/Desktop/s2n2/convSNN/conv1_top.cpp:49]   --->   Operation 44 'getelementptr' 'mem_17_addr' <Predicate = (!icmp_ln46)> <Delay = 0.00>
ST_1 : Operation 45 [1/1] (0.00ns)   --->   "%mem_18_addr = getelementptr i32 %mem_18, i64 0, i64 %zext_ln47" [/home/coder/Desktop/s2n2/convSNN/conv1_top.cpp:49]   --->   Operation 45 'getelementptr' 'mem_18_addr' <Predicate = (!icmp_ln46)> <Delay = 0.00>
ST_1 : Operation 46 [1/1] (0.00ns)   --->   "%mem_19_addr = getelementptr i32 %mem_19, i64 0, i64 %zext_ln47" [/home/coder/Desktop/s2n2/convSNN/conv1_top.cpp:49]   --->   Operation 46 'getelementptr' 'mem_19_addr' <Predicate = (!icmp_ln46)> <Delay = 0.00>
ST_1 : Operation 47 [1/1] (0.00ns)   --->   "%mem_20_addr = getelementptr i32 %mem_20, i64 0, i64 %zext_ln47" [/home/coder/Desktop/s2n2/convSNN/conv1_top.cpp:49]   --->   Operation 47 'getelementptr' 'mem_20_addr' <Predicate = (!icmp_ln46)> <Delay = 0.00>
ST_1 : Operation 48 [1/1] (0.00ns)   --->   "%mem_21_addr = getelementptr i32 %mem_21, i64 0, i64 %zext_ln47" [/home/coder/Desktop/s2n2/convSNN/conv1_top.cpp:49]   --->   Operation 48 'getelementptr' 'mem_21_addr' <Predicate = (!icmp_ln46)> <Delay = 0.00>
ST_1 : Operation 49 [1/1] (0.00ns)   --->   "%mem_22_addr = getelementptr i32 %mem_22, i64 0, i64 %zext_ln47" [/home/coder/Desktop/s2n2/convSNN/conv1_top.cpp:49]   --->   Operation 49 'getelementptr' 'mem_22_addr' <Predicate = (!icmp_ln46)> <Delay = 0.00>
ST_1 : Operation 50 [1/1] (0.00ns)   --->   "%mem_23_addr = getelementptr i32 %mem_23, i64 0, i64 %zext_ln47" [/home/coder/Desktop/s2n2/convSNN/conv1_top.cpp:49]   --->   Operation 50 'getelementptr' 'mem_23_addr' <Predicate = (!icmp_ln46)> <Delay = 0.00>
ST_1 : Operation 51 [1/1] (0.00ns)   --->   "%mem_24_addr = getelementptr i32 %mem_24, i64 0, i64 %zext_ln47" [/home/coder/Desktop/s2n2/convSNN/conv1_top.cpp:49]   --->   Operation 51 'getelementptr' 'mem_24_addr' <Predicate = (!icmp_ln46)> <Delay = 0.00>
ST_1 : Operation 52 [1/1] (0.00ns)   --->   "%mem_25_addr = getelementptr i32 %mem_25, i64 0, i64 %zext_ln47" [/home/coder/Desktop/s2n2/convSNN/conv1_top.cpp:49]   --->   Operation 52 'getelementptr' 'mem_25_addr' <Predicate = (!icmp_ln46)> <Delay = 0.00>
ST_1 : Operation 53 [1/1] (0.00ns)   --->   "%mem_26_addr = getelementptr i32 %mem_26, i64 0, i64 %zext_ln47" [/home/coder/Desktop/s2n2/convSNN/conv1_top.cpp:49]   --->   Operation 53 'getelementptr' 'mem_26_addr' <Predicate = (!icmp_ln46)> <Delay = 0.00>
ST_1 : Operation 54 [1/1] (0.00ns)   --->   "%mem_27_addr = getelementptr i32 %mem_27, i64 0, i64 %zext_ln47" [/home/coder/Desktop/s2n2/convSNN/conv1_top.cpp:49]   --->   Operation 54 'getelementptr' 'mem_27_addr' <Predicate = (!icmp_ln46)> <Delay = 0.00>
ST_1 : Operation 55 [1/1] (0.00ns)   --->   "%mem_28_addr = getelementptr i32 %mem_28, i64 0, i64 %zext_ln47" [/home/coder/Desktop/s2n2/convSNN/conv1_top.cpp:49]   --->   Operation 55 'getelementptr' 'mem_28_addr' <Predicate = (!icmp_ln46)> <Delay = 0.00>
ST_1 : Operation 56 [1/1] (0.00ns)   --->   "%mem_29_addr = getelementptr i32 %mem_29, i64 0, i64 %zext_ln47" [/home/coder/Desktop/s2n2/convSNN/conv1_top.cpp:49]   --->   Operation 56 'getelementptr' 'mem_29_addr' <Predicate = (!icmp_ln46)> <Delay = 0.00>
ST_1 : Operation 57 [1/1] (0.00ns)   --->   "%mem_30_addr = getelementptr i32 %mem_30, i64 0, i64 %zext_ln47" [/home/coder/Desktop/s2n2/convSNN/conv1_top.cpp:49]   --->   Operation 57 'getelementptr' 'mem_30_addr' <Predicate = (!icmp_ln46)> <Delay = 0.00>
ST_1 : Operation 58 [1/1] (0.00ns)   --->   "%mem_31_addr = getelementptr i32 %mem_31, i64 0, i64 %zext_ln47" [/home/coder/Desktop/s2n2/convSNN/conv1_top.cpp:49]   --->   Operation 58 'getelementptr' 'mem_31_addr' <Predicate = (!icmp_ln46)> <Delay = 0.00>
ST_1 : Operation 59 [1/1] (0.00ns)   --->   "%prev_spk_addr = getelementptr i1 %prev_spk, i64 0, i64 %zext_ln47" [/home/coder/Desktop/s2n2/convSNN/conv1_top.cpp:50]   --->   Operation 59 'getelementptr' 'prev_spk_addr' <Predicate = (!icmp_ln46)> <Delay = 0.00>
ST_1 : Operation 60 [1/1] (0.00ns)   --->   "%prev_spk_1_addr = getelementptr i1 %prev_spk_1, i64 0, i64 %zext_ln47" [/home/coder/Desktop/s2n2/convSNN/conv1_top.cpp:50]   --->   Operation 60 'getelementptr' 'prev_spk_1_addr' <Predicate = (!icmp_ln46)> <Delay = 0.00>
ST_1 : Operation 61 [1/1] (0.00ns)   --->   "%prev_spk_2_addr = getelementptr i1 %prev_spk_2, i64 0, i64 %zext_ln47" [/home/coder/Desktop/s2n2/convSNN/conv1_top.cpp:50]   --->   Operation 61 'getelementptr' 'prev_spk_2_addr' <Predicate = (!icmp_ln46)> <Delay = 0.00>
ST_1 : Operation 62 [1/1] (0.00ns)   --->   "%prev_spk_3_addr = getelementptr i1 %prev_spk_3, i64 0, i64 %zext_ln47" [/home/coder/Desktop/s2n2/convSNN/conv1_top.cpp:50]   --->   Operation 62 'getelementptr' 'prev_spk_3_addr' <Predicate = (!icmp_ln46)> <Delay = 0.00>
ST_1 : Operation 63 [1/1] (0.00ns)   --->   "%prev_spk_4_addr = getelementptr i1 %prev_spk_4, i64 0, i64 %zext_ln47" [/home/coder/Desktop/s2n2/convSNN/conv1_top.cpp:50]   --->   Operation 63 'getelementptr' 'prev_spk_4_addr' <Predicate = (!icmp_ln46)> <Delay = 0.00>
ST_1 : Operation 64 [1/1] (0.00ns)   --->   "%prev_spk_5_addr = getelementptr i1 %prev_spk_5, i64 0, i64 %zext_ln47" [/home/coder/Desktop/s2n2/convSNN/conv1_top.cpp:50]   --->   Operation 64 'getelementptr' 'prev_spk_5_addr' <Predicate = (!icmp_ln46)> <Delay = 0.00>
ST_1 : Operation 65 [1/1] (0.00ns)   --->   "%prev_spk_6_addr = getelementptr i1 %prev_spk_6, i64 0, i64 %zext_ln47" [/home/coder/Desktop/s2n2/convSNN/conv1_top.cpp:50]   --->   Operation 65 'getelementptr' 'prev_spk_6_addr' <Predicate = (!icmp_ln46)> <Delay = 0.00>
ST_1 : Operation 66 [1/1] (0.00ns)   --->   "%prev_spk_7_addr = getelementptr i1 %prev_spk_7, i64 0, i64 %zext_ln47" [/home/coder/Desktop/s2n2/convSNN/conv1_top.cpp:50]   --->   Operation 66 'getelementptr' 'prev_spk_7_addr' <Predicate = (!icmp_ln46)> <Delay = 0.00>
ST_1 : Operation 67 [1/1] (0.00ns)   --->   "%prev_spk_8_addr = getelementptr i1 %prev_spk_8, i64 0, i64 %zext_ln47" [/home/coder/Desktop/s2n2/convSNN/conv1_top.cpp:50]   --->   Operation 67 'getelementptr' 'prev_spk_8_addr' <Predicate = (!icmp_ln46)> <Delay = 0.00>
ST_1 : Operation 68 [1/1] (0.00ns)   --->   "%prev_spk_9_addr = getelementptr i1 %prev_spk_9, i64 0, i64 %zext_ln47" [/home/coder/Desktop/s2n2/convSNN/conv1_top.cpp:50]   --->   Operation 68 'getelementptr' 'prev_spk_9_addr' <Predicate = (!icmp_ln46)> <Delay = 0.00>
ST_1 : Operation 69 [1/1] (0.00ns)   --->   "%prev_spk_10_addr = getelementptr i1 %prev_spk_10, i64 0, i64 %zext_ln47" [/home/coder/Desktop/s2n2/convSNN/conv1_top.cpp:50]   --->   Operation 69 'getelementptr' 'prev_spk_10_addr' <Predicate = (!icmp_ln46)> <Delay = 0.00>
ST_1 : Operation 70 [1/1] (0.00ns)   --->   "%prev_spk_11_addr = getelementptr i1 %prev_spk_11, i64 0, i64 %zext_ln47" [/home/coder/Desktop/s2n2/convSNN/conv1_top.cpp:50]   --->   Operation 70 'getelementptr' 'prev_spk_11_addr' <Predicate = (!icmp_ln46)> <Delay = 0.00>
ST_1 : Operation 71 [1/1] (0.00ns)   --->   "%prev_spk_12_addr = getelementptr i1 %prev_spk_12, i64 0, i64 %zext_ln47" [/home/coder/Desktop/s2n2/convSNN/conv1_top.cpp:50]   --->   Operation 71 'getelementptr' 'prev_spk_12_addr' <Predicate = (!icmp_ln46)> <Delay = 0.00>
ST_1 : Operation 72 [1/1] (0.00ns)   --->   "%prev_spk_13_addr = getelementptr i1 %prev_spk_13, i64 0, i64 %zext_ln47" [/home/coder/Desktop/s2n2/convSNN/conv1_top.cpp:50]   --->   Operation 72 'getelementptr' 'prev_spk_13_addr' <Predicate = (!icmp_ln46)> <Delay = 0.00>
ST_1 : Operation 73 [1/1] (0.00ns)   --->   "%prev_spk_14_addr = getelementptr i1 %prev_spk_14, i64 0, i64 %zext_ln47" [/home/coder/Desktop/s2n2/convSNN/conv1_top.cpp:50]   --->   Operation 73 'getelementptr' 'prev_spk_14_addr' <Predicate = (!icmp_ln46)> <Delay = 0.00>
ST_1 : Operation 74 [1/1] (0.00ns)   --->   "%prev_spk_15_addr = getelementptr i1 %prev_spk_15, i64 0, i64 %zext_ln47" [/home/coder/Desktop/s2n2/convSNN/conv1_top.cpp:50]   --->   Operation 74 'getelementptr' 'prev_spk_15_addr' <Predicate = (!icmp_ln46)> <Delay = 0.00>
ST_1 : Operation 75 [1/1] (0.00ns)   --->   "%prev_spk_16_addr = getelementptr i1 %prev_spk_16, i64 0, i64 %zext_ln47" [/home/coder/Desktop/s2n2/convSNN/conv1_top.cpp:50]   --->   Operation 75 'getelementptr' 'prev_spk_16_addr' <Predicate = (!icmp_ln46)> <Delay = 0.00>
ST_1 : Operation 76 [1/1] (0.00ns)   --->   "%prev_spk_17_addr = getelementptr i1 %prev_spk_17, i64 0, i64 %zext_ln47" [/home/coder/Desktop/s2n2/convSNN/conv1_top.cpp:50]   --->   Operation 76 'getelementptr' 'prev_spk_17_addr' <Predicate = (!icmp_ln46)> <Delay = 0.00>
ST_1 : Operation 77 [1/1] (0.00ns)   --->   "%prev_spk_18_addr = getelementptr i1 %prev_spk_18, i64 0, i64 %zext_ln47" [/home/coder/Desktop/s2n2/convSNN/conv1_top.cpp:50]   --->   Operation 77 'getelementptr' 'prev_spk_18_addr' <Predicate = (!icmp_ln46)> <Delay = 0.00>
ST_1 : Operation 78 [1/1] (0.00ns)   --->   "%prev_spk_19_addr = getelementptr i1 %prev_spk_19, i64 0, i64 %zext_ln47" [/home/coder/Desktop/s2n2/convSNN/conv1_top.cpp:50]   --->   Operation 78 'getelementptr' 'prev_spk_19_addr' <Predicate = (!icmp_ln46)> <Delay = 0.00>
ST_1 : Operation 79 [1/1] (0.00ns)   --->   "%prev_spk_20_addr = getelementptr i1 %prev_spk_20, i64 0, i64 %zext_ln47" [/home/coder/Desktop/s2n2/convSNN/conv1_top.cpp:50]   --->   Operation 79 'getelementptr' 'prev_spk_20_addr' <Predicate = (!icmp_ln46)> <Delay = 0.00>
ST_1 : Operation 80 [1/1] (0.00ns)   --->   "%prev_spk_21_addr = getelementptr i1 %prev_spk_21, i64 0, i64 %zext_ln47" [/home/coder/Desktop/s2n2/convSNN/conv1_top.cpp:50]   --->   Operation 80 'getelementptr' 'prev_spk_21_addr' <Predicate = (!icmp_ln46)> <Delay = 0.00>
ST_1 : Operation 81 [1/1] (0.00ns)   --->   "%prev_spk_22_addr = getelementptr i1 %prev_spk_22, i64 0, i64 %zext_ln47" [/home/coder/Desktop/s2n2/convSNN/conv1_top.cpp:50]   --->   Operation 81 'getelementptr' 'prev_spk_22_addr' <Predicate = (!icmp_ln46)> <Delay = 0.00>
ST_1 : Operation 82 [1/1] (0.00ns)   --->   "%prev_spk_23_addr = getelementptr i1 %prev_spk_23, i64 0, i64 %zext_ln47" [/home/coder/Desktop/s2n2/convSNN/conv1_top.cpp:50]   --->   Operation 82 'getelementptr' 'prev_spk_23_addr' <Predicate = (!icmp_ln46)> <Delay = 0.00>
ST_1 : Operation 83 [1/1] (0.00ns)   --->   "%prev_spk_24_addr = getelementptr i1 %prev_spk_24, i64 0, i64 %zext_ln47" [/home/coder/Desktop/s2n2/convSNN/conv1_top.cpp:50]   --->   Operation 83 'getelementptr' 'prev_spk_24_addr' <Predicate = (!icmp_ln46)> <Delay = 0.00>
ST_1 : Operation 84 [1/1] (0.00ns)   --->   "%prev_spk_25_addr = getelementptr i1 %prev_spk_25, i64 0, i64 %zext_ln47" [/home/coder/Desktop/s2n2/convSNN/conv1_top.cpp:50]   --->   Operation 84 'getelementptr' 'prev_spk_25_addr' <Predicate = (!icmp_ln46)> <Delay = 0.00>
ST_1 : Operation 85 [1/1] (0.00ns)   --->   "%prev_spk_26_addr = getelementptr i1 %prev_spk_26, i64 0, i64 %zext_ln47" [/home/coder/Desktop/s2n2/convSNN/conv1_top.cpp:50]   --->   Operation 85 'getelementptr' 'prev_spk_26_addr' <Predicate = (!icmp_ln46)> <Delay = 0.00>
ST_1 : Operation 86 [1/1] (0.00ns)   --->   "%prev_spk_27_addr = getelementptr i1 %prev_spk_27, i64 0, i64 %zext_ln47" [/home/coder/Desktop/s2n2/convSNN/conv1_top.cpp:50]   --->   Operation 86 'getelementptr' 'prev_spk_27_addr' <Predicate = (!icmp_ln46)> <Delay = 0.00>
ST_1 : Operation 87 [1/1] (0.00ns)   --->   "%prev_spk_28_addr = getelementptr i1 %prev_spk_28, i64 0, i64 %zext_ln47" [/home/coder/Desktop/s2n2/convSNN/conv1_top.cpp:50]   --->   Operation 87 'getelementptr' 'prev_spk_28_addr' <Predicate = (!icmp_ln46)> <Delay = 0.00>
ST_1 : Operation 88 [1/1] (0.00ns)   --->   "%prev_spk_29_addr = getelementptr i1 %prev_spk_29, i64 0, i64 %zext_ln47" [/home/coder/Desktop/s2n2/convSNN/conv1_top.cpp:50]   --->   Operation 88 'getelementptr' 'prev_spk_29_addr' <Predicate = (!icmp_ln46)> <Delay = 0.00>
ST_1 : Operation 89 [1/1] (0.00ns)   --->   "%prev_spk_30_addr = getelementptr i1 %prev_spk_30, i64 0, i64 %zext_ln47" [/home/coder/Desktop/s2n2/convSNN/conv1_top.cpp:50]   --->   Operation 89 'getelementptr' 'prev_spk_30_addr' <Predicate = (!icmp_ln46)> <Delay = 0.00>
ST_1 : Operation 90 [1/1] (0.00ns)   --->   "%prev_spk_31_addr = getelementptr i1 %prev_spk_31, i64 0, i64 %zext_ln47" [/home/coder/Desktop/s2n2/convSNN/conv1_top.cpp:50]   --->   Operation 90 'getelementptr' 'prev_spk_31_addr' <Predicate = (!icmp_ln46)> <Delay = 0.00>
ST_1 : Operation 91 [1/1] (0.67ns)   --->   "%switch_ln49 = switch i5 %trunc_ln46, void %arrayidx388.case.31, i5 0, void %arrayidx388.case.0, i5 1, void %arrayidx388.case.1, i5 2, void %arrayidx388.case.2, i5 3, void %arrayidx388.case.3, i5 4, void %arrayidx388.case.4, i5 5, void %arrayidx388.case.5, i5 6, void %arrayidx388.case.6, i5 7, void %arrayidx388.case.7, i5 8, void %arrayidx388.case.8, i5 9, void %arrayidx388.case.9, i5 10, void %arrayidx388.case.10, i5 11, void %arrayidx388.case.11, i5 12, void %arrayidx388.case.12, i5 13, void %arrayidx388.case.13, i5 14, void %arrayidx388.case.14, i5 15, void %arrayidx388.case.15, i5 16, void %arrayidx388.case.16, i5 17, void %arrayidx388.case.17, i5 18, void %arrayidx388.case.18, i5 19, void %arrayidx388.case.19, i5 20, void %arrayidx388.case.20, i5 21, void %arrayidx388.case.21, i5 22, void %arrayidx388.case.22, i5 23, void %arrayidx388.case.23, i5 24, void %arrayidx388.case.24, i5 25, void %arrayidx388.case.25, i5 26, void %arrayidx388.case.26, i5 27, void %arrayidx388.case.27, i5 28, void %arrayidx388.case.28, i5 29, void %arrayidx388.case.29, i5 30, void %arrayidx388.case.30" [/home/coder/Desktop/s2n2/convSNN/conv1_top.cpp:49]   --->   Operation 91 'switch' 'switch_ln49' <Predicate = (!icmp_ln46)> <Delay = 0.67>
ST_1 : Operation 92 [1/1] (0.69ns)   --->   "%store_ln49 = store i32 0, i4 %mem_30_addr" [/home/coder/Desktop/s2n2/convSNN/conv1_top.cpp:49]   --->   Operation 92 'store' 'store_ln49' <Predicate = (!icmp_ln46 & trunc_ln46 == 30)> <Delay = 0.69> <CoreInst = "RAM">   --->   Core 83 'RAM' <Latency = 1> <II = 1> <Delay = 0.69> <Storage> <Opcode : 'load' 'store'> <Ports = 2> <Width = 32> <Depth = 10> <RAM>
ST_1 : Operation 93 [1/1] (0.63ns)   --->   "%store_ln50 = store i1 0, i4 %prev_spk_30_addr" [/home/coder/Desktop/s2n2/convSNN/conv1_top.cpp:50]   --->   Operation 93 'store' 'store_ln50' <Predicate = (!icmp_ln46 & trunc_ln46 == 30)> <Delay = 0.63> <CoreInst = "RAM">   --->   Core 83 'RAM' <Latency = 1> <II = 1> <Delay = 0.63> <Storage> <Opcode : 'load' 'store'> <Ports = 2> <Width = 1> <Depth = 10> <RAM>
ST_1 : Operation 94 [1/1] (0.00ns)   --->   "%br_ln50 = br void %arrayidx388.exit" [/home/coder/Desktop/s2n2/convSNN/conv1_top.cpp:50]   --->   Operation 94 'br' 'br_ln50' <Predicate = (!icmp_ln46 & trunc_ln46 == 30)> <Delay = 0.00>
ST_1 : Operation 95 [1/1] (0.69ns)   --->   "%store_ln49 = store i32 0, i4 %mem_29_addr" [/home/coder/Desktop/s2n2/convSNN/conv1_top.cpp:49]   --->   Operation 95 'store' 'store_ln49' <Predicate = (!icmp_ln46 & trunc_ln46 == 29)> <Delay = 0.69> <CoreInst = "RAM">   --->   Core 83 'RAM' <Latency = 1> <II = 1> <Delay = 0.69> <Storage> <Opcode : 'load' 'store'> <Ports = 2> <Width = 32> <Depth = 10> <RAM>
ST_1 : Operation 96 [1/1] (0.63ns)   --->   "%store_ln50 = store i1 0, i4 %prev_spk_29_addr" [/home/coder/Desktop/s2n2/convSNN/conv1_top.cpp:50]   --->   Operation 96 'store' 'store_ln50' <Predicate = (!icmp_ln46 & trunc_ln46 == 29)> <Delay = 0.63> <CoreInst = "RAM">   --->   Core 83 'RAM' <Latency = 1> <II = 1> <Delay = 0.63> <Storage> <Opcode : 'load' 'store'> <Ports = 2> <Width = 1> <Depth = 10> <RAM>
ST_1 : Operation 97 [1/1] (0.00ns)   --->   "%br_ln50 = br void %arrayidx388.exit" [/home/coder/Desktop/s2n2/convSNN/conv1_top.cpp:50]   --->   Operation 97 'br' 'br_ln50' <Predicate = (!icmp_ln46 & trunc_ln46 == 29)> <Delay = 0.00>
ST_1 : Operation 98 [1/1] (0.69ns)   --->   "%store_ln49 = store i32 0, i4 %mem_28_addr" [/home/coder/Desktop/s2n2/convSNN/conv1_top.cpp:49]   --->   Operation 98 'store' 'store_ln49' <Predicate = (!icmp_ln46 & trunc_ln46 == 28)> <Delay = 0.69> <CoreInst = "RAM">   --->   Core 83 'RAM' <Latency = 1> <II = 1> <Delay = 0.69> <Storage> <Opcode : 'load' 'store'> <Ports = 2> <Width = 32> <Depth = 10> <RAM>
ST_1 : Operation 99 [1/1] (0.63ns)   --->   "%store_ln50 = store i1 0, i4 %prev_spk_28_addr" [/home/coder/Desktop/s2n2/convSNN/conv1_top.cpp:50]   --->   Operation 99 'store' 'store_ln50' <Predicate = (!icmp_ln46 & trunc_ln46 == 28)> <Delay = 0.63> <CoreInst = "RAM">   --->   Core 83 'RAM' <Latency = 1> <II = 1> <Delay = 0.63> <Storage> <Opcode : 'load' 'store'> <Ports = 2> <Width = 1> <Depth = 10> <RAM>
ST_1 : Operation 100 [1/1] (0.00ns)   --->   "%br_ln50 = br void %arrayidx388.exit" [/home/coder/Desktop/s2n2/convSNN/conv1_top.cpp:50]   --->   Operation 100 'br' 'br_ln50' <Predicate = (!icmp_ln46 & trunc_ln46 == 28)> <Delay = 0.00>
ST_1 : Operation 101 [1/1] (0.69ns)   --->   "%store_ln49 = store i32 0, i4 %mem_27_addr" [/home/coder/Desktop/s2n2/convSNN/conv1_top.cpp:49]   --->   Operation 101 'store' 'store_ln49' <Predicate = (!icmp_ln46 & trunc_ln46 == 27)> <Delay = 0.69> <CoreInst = "RAM">   --->   Core 83 'RAM' <Latency = 1> <II = 1> <Delay = 0.69> <Storage> <Opcode : 'load' 'store'> <Ports = 2> <Width = 32> <Depth = 10> <RAM>
ST_1 : Operation 102 [1/1] (0.63ns)   --->   "%store_ln50 = store i1 0, i4 %prev_spk_27_addr" [/home/coder/Desktop/s2n2/convSNN/conv1_top.cpp:50]   --->   Operation 102 'store' 'store_ln50' <Predicate = (!icmp_ln46 & trunc_ln46 == 27)> <Delay = 0.63> <CoreInst = "RAM">   --->   Core 83 'RAM' <Latency = 1> <II = 1> <Delay = 0.63> <Storage> <Opcode : 'load' 'store'> <Ports = 2> <Width = 1> <Depth = 10> <RAM>
ST_1 : Operation 103 [1/1] (0.00ns)   --->   "%br_ln50 = br void %arrayidx388.exit" [/home/coder/Desktop/s2n2/convSNN/conv1_top.cpp:50]   --->   Operation 103 'br' 'br_ln50' <Predicate = (!icmp_ln46 & trunc_ln46 == 27)> <Delay = 0.00>
ST_1 : Operation 104 [1/1] (0.69ns)   --->   "%store_ln49 = store i32 0, i4 %mem_26_addr" [/home/coder/Desktop/s2n2/convSNN/conv1_top.cpp:49]   --->   Operation 104 'store' 'store_ln49' <Predicate = (!icmp_ln46 & trunc_ln46 == 26)> <Delay = 0.69> <CoreInst = "RAM">   --->   Core 83 'RAM' <Latency = 1> <II = 1> <Delay = 0.69> <Storage> <Opcode : 'load' 'store'> <Ports = 2> <Width = 32> <Depth = 10> <RAM>
ST_1 : Operation 105 [1/1] (0.63ns)   --->   "%store_ln50 = store i1 0, i4 %prev_spk_26_addr" [/home/coder/Desktop/s2n2/convSNN/conv1_top.cpp:50]   --->   Operation 105 'store' 'store_ln50' <Predicate = (!icmp_ln46 & trunc_ln46 == 26)> <Delay = 0.63> <CoreInst = "RAM">   --->   Core 83 'RAM' <Latency = 1> <II = 1> <Delay = 0.63> <Storage> <Opcode : 'load' 'store'> <Ports = 2> <Width = 1> <Depth = 10> <RAM>
ST_1 : Operation 106 [1/1] (0.00ns)   --->   "%br_ln50 = br void %arrayidx388.exit" [/home/coder/Desktop/s2n2/convSNN/conv1_top.cpp:50]   --->   Operation 106 'br' 'br_ln50' <Predicate = (!icmp_ln46 & trunc_ln46 == 26)> <Delay = 0.00>
ST_1 : Operation 107 [1/1] (0.69ns)   --->   "%store_ln49 = store i32 0, i4 %mem_25_addr" [/home/coder/Desktop/s2n2/convSNN/conv1_top.cpp:49]   --->   Operation 107 'store' 'store_ln49' <Predicate = (!icmp_ln46 & trunc_ln46 == 25)> <Delay = 0.69> <CoreInst = "RAM">   --->   Core 83 'RAM' <Latency = 1> <II = 1> <Delay = 0.69> <Storage> <Opcode : 'load' 'store'> <Ports = 2> <Width = 32> <Depth = 10> <RAM>
ST_1 : Operation 108 [1/1] (0.63ns)   --->   "%store_ln50 = store i1 0, i4 %prev_spk_25_addr" [/home/coder/Desktop/s2n2/convSNN/conv1_top.cpp:50]   --->   Operation 108 'store' 'store_ln50' <Predicate = (!icmp_ln46 & trunc_ln46 == 25)> <Delay = 0.63> <CoreInst = "RAM">   --->   Core 83 'RAM' <Latency = 1> <II = 1> <Delay = 0.63> <Storage> <Opcode : 'load' 'store'> <Ports = 2> <Width = 1> <Depth = 10> <RAM>
ST_1 : Operation 109 [1/1] (0.00ns)   --->   "%br_ln50 = br void %arrayidx388.exit" [/home/coder/Desktop/s2n2/convSNN/conv1_top.cpp:50]   --->   Operation 109 'br' 'br_ln50' <Predicate = (!icmp_ln46 & trunc_ln46 == 25)> <Delay = 0.00>
ST_1 : Operation 110 [1/1] (0.69ns)   --->   "%store_ln49 = store i32 0, i4 %mem_24_addr" [/home/coder/Desktop/s2n2/convSNN/conv1_top.cpp:49]   --->   Operation 110 'store' 'store_ln49' <Predicate = (!icmp_ln46 & trunc_ln46 == 24)> <Delay = 0.69> <CoreInst = "RAM">   --->   Core 83 'RAM' <Latency = 1> <II = 1> <Delay = 0.69> <Storage> <Opcode : 'load' 'store'> <Ports = 2> <Width = 32> <Depth = 10> <RAM>
ST_1 : Operation 111 [1/1] (0.63ns)   --->   "%store_ln50 = store i1 0, i4 %prev_spk_24_addr" [/home/coder/Desktop/s2n2/convSNN/conv1_top.cpp:50]   --->   Operation 111 'store' 'store_ln50' <Predicate = (!icmp_ln46 & trunc_ln46 == 24)> <Delay = 0.63> <CoreInst = "RAM">   --->   Core 83 'RAM' <Latency = 1> <II = 1> <Delay = 0.63> <Storage> <Opcode : 'load' 'store'> <Ports = 2> <Width = 1> <Depth = 10> <RAM>
ST_1 : Operation 112 [1/1] (0.00ns)   --->   "%br_ln50 = br void %arrayidx388.exit" [/home/coder/Desktop/s2n2/convSNN/conv1_top.cpp:50]   --->   Operation 112 'br' 'br_ln50' <Predicate = (!icmp_ln46 & trunc_ln46 == 24)> <Delay = 0.00>
ST_1 : Operation 113 [1/1] (0.69ns)   --->   "%store_ln49 = store i32 0, i4 %mem_23_addr" [/home/coder/Desktop/s2n2/convSNN/conv1_top.cpp:49]   --->   Operation 113 'store' 'store_ln49' <Predicate = (!icmp_ln46 & trunc_ln46 == 23)> <Delay = 0.69> <CoreInst = "RAM">   --->   Core 83 'RAM' <Latency = 1> <II = 1> <Delay = 0.69> <Storage> <Opcode : 'load' 'store'> <Ports = 2> <Width = 32> <Depth = 10> <RAM>
ST_1 : Operation 114 [1/1] (0.63ns)   --->   "%store_ln50 = store i1 0, i4 %prev_spk_23_addr" [/home/coder/Desktop/s2n2/convSNN/conv1_top.cpp:50]   --->   Operation 114 'store' 'store_ln50' <Predicate = (!icmp_ln46 & trunc_ln46 == 23)> <Delay = 0.63> <CoreInst = "RAM">   --->   Core 83 'RAM' <Latency = 1> <II = 1> <Delay = 0.63> <Storage> <Opcode : 'load' 'store'> <Ports = 2> <Width = 1> <Depth = 10> <RAM>
ST_1 : Operation 115 [1/1] (0.00ns)   --->   "%br_ln50 = br void %arrayidx388.exit" [/home/coder/Desktop/s2n2/convSNN/conv1_top.cpp:50]   --->   Operation 115 'br' 'br_ln50' <Predicate = (!icmp_ln46 & trunc_ln46 == 23)> <Delay = 0.00>
ST_1 : Operation 116 [1/1] (0.69ns)   --->   "%store_ln49 = store i32 0, i4 %mem_22_addr" [/home/coder/Desktop/s2n2/convSNN/conv1_top.cpp:49]   --->   Operation 116 'store' 'store_ln49' <Predicate = (!icmp_ln46 & trunc_ln46 == 22)> <Delay = 0.69> <CoreInst = "RAM">   --->   Core 83 'RAM' <Latency = 1> <II = 1> <Delay = 0.69> <Storage> <Opcode : 'load' 'store'> <Ports = 2> <Width = 32> <Depth = 10> <RAM>
ST_1 : Operation 117 [1/1] (0.63ns)   --->   "%store_ln50 = store i1 0, i4 %prev_spk_22_addr" [/home/coder/Desktop/s2n2/convSNN/conv1_top.cpp:50]   --->   Operation 117 'store' 'store_ln50' <Predicate = (!icmp_ln46 & trunc_ln46 == 22)> <Delay = 0.63> <CoreInst = "RAM">   --->   Core 83 'RAM' <Latency = 1> <II = 1> <Delay = 0.63> <Storage> <Opcode : 'load' 'store'> <Ports = 2> <Width = 1> <Depth = 10> <RAM>
ST_1 : Operation 118 [1/1] (0.00ns)   --->   "%br_ln50 = br void %arrayidx388.exit" [/home/coder/Desktop/s2n2/convSNN/conv1_top.cpp:50]   --->   Operation 118 'br' 'br_ln50' <Predicate = (!icmp_ln46 & trunc_ln46 == 22)> <Delay = 0.00>
ST_1 : Operation 119 [1/1] (0.69ns)   --->   "%store_ln49 = store i32 0, i4 %mem_21_addr" [/home/coder/Desktop/s2n2/convSNN/conv1_top.cpp:49]   --->   Operation 119 'store' 'store_ln49' <Predicate = (!icmp_ln46 & trunc_ln46 == 21)> <Delay = 0.69> <CoreInst = "RAM">   --->   Core 83 'RAM' <Latency = 1> <II = 1> <Delay = 0.69> <Storage> <Opcode : 'load' 'store'> <Ports = 2> <Width = 32> <Depth = 10> <RAM>
ST_1 : Operation 120 [1/1] (0.63ns)   --->   "%store_ln50 = store i1 0, i4 %prev_spk_21_addr" [/home/coder/Desktop/s2n2/convSNN/conv1_top.cpp:50]   --->   Operation 120 'store' 'store_ln50' <Predicate = (!icmp_ln46 & trunc_ln46 == 21)> <Delay = 0.63> <CoreInst = "RAM">   --->   Core 83 'RAM' <Latency = 1> <II = 1> <Delay = 0.63> <Storage> <Opcode : 'load' 'store'> <Ports = 2> <Width = 1> <Depth = 10> <RAM>
ST_1 : Operation 121 [1/1] (0.00ns)   --->   "%br_ln50 = br void %arrayidx388.exit" [/home/coder/Desktop/s2n2/convSNN/conv1_top.cpp:50]   --->   Operation 121 'br' 'br_ln50' <Predicate = (!icmp_ln46 & trunc_ln46 == 21)> <Delay = 0.00>
ST_1 : Operation 122 [1/1] (0.69ns)   --->   "%store_ln49 = store i32 0, i4 %mem_20_addr" [/home/coder/Desktop/s2n2/convSNN/conv1_top.cpp:49]   --->   Operation 122 'store' 'store_ln49' <Predicate = (!icmp_ln46 & trunc_ln46 == 20)> <Delay = 0.69> <CoreInst = "RAM">   --->   Core 83 'RAM' <Latency = 1> <II = 1> <Delay = 0.69> <Storage> <Opcode : 'load' 'store'> <Ports = 2> <Width = 32> <Depth = 10> <RAM>
ST_1 : Operation 123 [1/1] (0.63ns)   --->   "%store_ln50 = store i1 0, i4 %prev_spk_20_addr" [/home/coder/Desktop/s2n2/convSNN/conv1_top.cpp:50]   --->   Operation 123 'store' 'store_ln50' <Predicate = (!icmp_ln46 & trunc_ln46 == 20)> <Delay = 0.63> <CoreInst = "RAM">   --->   Core 83 'RAM' <Latency = 1> <II = 1> <Delay = 0.63> <Storage> <Opcode : 'load' 'store'> <Ports = 2> <Width = 1> <Depth = 10> <RAM>
ST_1 : Operation 124 [1/1] (0.00ns)   --->   "%br_ln50 = br void %arrayidx388.exit" [/home/coder/Desktop/s2n2/convSNN/conv1_top.cpp:50]   --->   Operation 124 'br' 'br_ln50' <Predicate = (!icmp_ln46 & trunc_ln46 == 20)> <Delay = 0.00>
ST_1 : Operation 125 [1/1] (0.69ns)   --->   "%store_ln49 = store i32 0, i4 %mem_19_addr" [/home/coder/Desktop/s2n2/convSNN/conv1_top.cpp:49]   --->   Operation 125 'store' 'store_ln49' <Predicate = (!icmp_ln46 & trunc_ln46 == 19)> <Delay = 0.69> <CoreInst = "RAM">   --->   Core 83 'RAM' <Latency = 1> <II = 1> <Delay = 0.69> <Storage> <Opcode : 'load' 'store'> <Ports = 2> <Width = 32> <Depth = 10> <RAM>
ST_1 : Operation 126 [1/1] (0.63ns)   --->   "%store_ln50 = store i1 0, i4 %prev_spk_19_addr" [/home/coder/Desktop/s2n2/convSNN/conv1_top.cpp:50]   --->   Operation 126 'store' 'store_ln50' <Predicate = (!icmp_ln46 & trunc_ln46 == 19)> <Delay = 0.63> <CoreInst = "RAM">   --->   Core 83 'RAM' <Latency = 1> <II = 1> <Delay = 0.63> <Storage> <Opcode : 'load' 'store'> <Ports = 2> <Width = 1> <Depth = 10> <RAM>
ST_1 : Operation 127 [1/1] (0.00ns)   --->   "%br_ln50 = br void %arrayidx388.exit" [/home/coder/Desktop/s2n2/convSNN/conv1_top.cpp:50]   --->   Operation 127 'br' 'br_ln50' <Predicate = (!icmp_ln46 & trunc_ln46 == 19)> <Delay = 0.00>
ST_1 : Operation 128 [1/1] (0.69ns)   --->   "%store_ln49 = store i32 0, i4 %mem_18_addr" [/home/coder/Desktop/s2n2/convSNN/conv1_top.cpp:49]   --->   Operation 128 'store' 'store_ln49' <Predicate = (!icmp_ln46 & trunc_ln46 == 18)> <Delay = 0.69> <CoreInst = "RAM">   --->   Core 83 'RAM' <Latency = 1> <II = 1> <Delay = 0.69> <Storage> <Opcode : 'load' 'store'> <Ports = 2> <Width = 32> <Depth = 10> <RAM>
ST_1 : Operation 129 [1/1] (0.63ns)   --->   "%store_ln50 = store i1 0, i4 %prev_spk_18_addr" [/home/coder/Desktop/s2n2/convSNN/conv1_top.cpp:50]   --->   Operation 129 'store' 'store_ln50' <Predicate = (!icmp_ln46 & trunc_ln46 == 18)> <Delay = 0.63> <CoreInst = "RAM">   --->   Core 83 'RAM' <Latency = 1> <II = 1> <Delay = 0.63> <Storage> <Opcode : 'load' 'store'> <Ports = 2> <Width = 1> <Depth = 10> <RAM>
ST_1 : Operation 130 [1/1] (0.00ns)   --->   "%br_ln50 = br void %arrayidx388.exit" [/home/coder/Desktop/s2n2/convSNN/conv1_top.cpp:50]   --->   Operation 130 'br' 'br_ln50' <Predicate = (!icmp_ln46 & trunc_ln46 == 18)> <Delay = 0.00>
ST_1 : Operation 131 [1/1] (0.69ns)   --->   "%store_ln49 = store i32 0, i4 %mem_17_addr" [/home/coder/Desktop/s2n2/convSNN/conv1_top.cpp:49]   --->   Operation 131 'store' 'store_ln49' <Predicate = (!icmp_ln46 & trunc_ln46 == 17)> <Delay = 0.69> <CoreInst = "RAM">   --->   Core 83 'RAM' <Latency = 1> <II = 1> <Delay = 0.69> <Storage> <Opcode : 'load' 'store'> <Ports = 2> <Width = 32> <Depth = 10> <RAM>
ST_1 : Operation 132 [1/1] (0.63ns)   --->   "%store_ln50 = store i1 0, i4 %prev_spk_17_addr" [/home/coder/Desktop/s2n2/convSNN/conv1_top.cpp:50]   --->   Operation 132 'store' 'store_ln50' <Predicate = (!icmp_ln46 & trunc_ln46 == 17)> <Delay = 0.63> <CoreInst = "RAM">   --->   Core 83 'RAM' <Latency = 1> <II = 1> <Delay = 0.63> <Storage> <Opcode : 'load' 'store'> <Ports = 2> <Width = 1> <Depth = 10> <RAM>
ST_1 : Operation 133 [1/1] (0.00ns)   --->   "%br_ln50 = br void %arrayidx388.exit" [/home/coder/Desktop/s2n2/convSNN/conv1_top.cpp:50]   --->   Operation 133 'br' 'br_ln50' <Predicate = (!icmp_ln46 & trunc_ln46 == 17)> <Delay = 0.00>
ST_1 : Operation 134 [1/1] (0.69ns)   --->   "%store_ln49 = store i32 0, i4 %mem_16_addr" [/home/coder/Desktop/s2n2/convSNN/conv1_top.cpp:49]   --->   Operation 134 'store' 'store_ln49' <Predicate = (!icmp_ln46 & trunc_ln46 == 16)> <Delay = 0.69> <CoreInst = "RAM">   --->   Core 83 'RAM' <Latency = 1> <II = 1> <Delay = 0.69> <Storage> <Opcode : 'load' 'store'> <Ports = 2> <Width = 32> <Depth = 10> <RAM>
ST_1 : Operation 135 [1/1] (0.63ns)   --->   "%store_ln50 = store i1 0, i4 %prev_spk_16_addr" [/home/coder/Desktop/s2n2/convSNN/conv1_top.cpp:50]   --->   Operation 135 'store' 'store_ln50' <Predicate = (!icmp_ln46 & trunc_ln46 == 16)> <Delay = 0.63> <CoreInst = "RAM">   --->   Core 83 'RAM' <Latency = 1> <II = 1> <Delay = 0.63> <Storage> <Opcode : 'load' 'store'> <Ports = 2> <Width = 1> <Depth = 10> <RAM>
ST_1 : Operation 136 [1/1] (0.00ns)   --->   "%br_ln50 = br void %arrayidx388.exit" [/home/coder/Desktop/s2n2/convSNN/conv1_top.cpp:50]   --->   Operation 136 'br' 'br_ln50' <Predicate = (!icmp_ln46 & trunc_ln46 == 16)> <Delay = 0.00>
ST_1 : Operation 137 [1/1] (0.69ns)   --->   "%store_ln49 = store i32 0, i4 %mem_15_addr" [/home/coder/Desktop/s2n2/convSNN/conv1_top.cpp:49]   --->   Operation 137 'store' 'store_ln49' <Predicate = (!icmp_ln46 & trunc_ln46 == 15)> <Delay = 0.69> <CoreInst = "RAM">   --->   Core 83 'RAM' <Latency = 1> <II = 1> <Delay = 0.69> <Storage> <Opcode : 'load' 'store'> <Ports = 2> <Width = 32> <Depth = 10> <RAM>
ST_1 : Operation 138 [1/1] (0.63ns)   --->   "%store_ln50 = store i1 0, i4 %prev_spk_15_addr" [/home/coder/Desktop/s2n2/convSNN/conv1_top.cpp:50]   --->   Operation 138 'store' 'store_ln50' <Predicate = (!icmp_ln46 & trunc_ln46 == 15)> <Delay = 0.63> <CoreInst = "RAM">   --->   Core 83 'RAM' <Latency = 1> <II = 1> <Delay = 0.63> <Storage> <Opcode : 'load' 'store'> <Ports = 2> <Width = 1> <Depth = 10> <RAM>
ST_1 : Operation 139 [1/1] (0.00ns)   --->   "%br_ln50 = br void %arrayidx388.exit" [/home/coder/Desktop/s2n2/convSNN/conv1_top.cpp:50]   --->   Operation 139 'br' 'br_ln50' <Predicate = (!icmp_ln46 & trunc_ln46 == 15)> <Delay = 0.00>
ST_1 : Operation 140 [1/1] (0.69ns)   --->   "%store_ln49 = store i32 0, i4 %mem_14_addr" [/home/coder/Desktop/s2n2/convSNN/conv1_top.cpp:49]   --->   Operation 140 'store' 'store_ln49' <Predicate = (!icmp_ln46 & trunc_ln46 == 14)> <Delay = 0.69> <CoreInst = "RAM">   --->   Core 83 'RAM' <Latency = 1> <II = 1> <Delay = 0.69> <Storage> <Opcode : 'load' 'store'> <Ports = 2> <Width = 32> <Depth = 10> <RAM>
ST_1 : Operation 141 [1/1] (0.63ns)   --->   "%store_ln50 = store i1 0, i4 %prev_spk_14_addr" [/home/coder/Desktop/s2n2/convSNN/conv1_top.cpp:50]   --->   Operation 141 'store' 'store_ln50' <Predicate = (!icmp_ln46 & trunc_ln46 == 14)> <Delay = 0.63> <CoreInst = "RAM">   --->   Core 83 'RAM' <Latency = 1> <II = 1> <Delay = 0.63> <Storage> <Opcode : 'load' 'store'> <Ports = 2> <Width = 1> <Depth = 10> <RAM>
ST_1 : Operation 142 [1/1] (0.00ns)   --->   "%br_ln50 = br void %arrayidx388.exit" [/home/coder/Desktop/s2n2/convSNN/conv1_top.cpp:50]   --->   Operation 142 'br' 'br_ln50' <Predicate = (!icmp_ln46 & trunc_ln46 == 14)> <Delay = 0.00>
ST_1 : Operation 143 [1/1] (0.69ns)   --->   "%store_ln49 = store i32 0, i4 %mem_13_addr" [/home/coder/Desktop/s2n2/convSNN/conv1_top.cpp:49]   --->   Operation 143 'store' 'store_ln49' <Predicate = (!icmp_ln46 & trunc_ln46 == 13)> <Delay = 0.69> <CoreInst = "RAM">   --->   Core 83 'RAM' <Latency = 1> <II = 1> <Delay = 0.69> <Storage> <Opcode : 'load' 'store'> <Ports = 2> <Width = 32> <Depth = 10> <RAM>
ST_1 : Operation 144 [1/1] (0.63ns)   --->   "%store_ln50 = store i1 0, i4 %prev_spk_13_addr" [/home/coder/Desktop/s2n2/convSNN/conv1_top.cpp:50]   --->   Operation 144 'store' 'store_ln50' <Predicate = (!icmp_ln46 & trunc_ln46 == 13)> <Delay = 0.63> <CoreInst = "RAM">   --->   Core 83 'RAM' <Latency = 1> <II = 1> <Delay = 0.63> <Storage> <Opcode : 'load' 'store'> <Ports = 2> <Width = 1> <Depth = 10> <RAM>
ST_1 : Operation 145 [1/1] (0.00ns)   --->   "%br_ln50 = br void %arrayidx388.exit" [/home/coder/Desktop/s2n2/convSNN/conv1_top.cpp:50]   --->   Operation 145 'br' 'br_ln50' <Predicate = (!icmp_ln46 & trunc_ln46 == 13)> <Delay = 0.00>
ST_1 : Operation 146 [1/1] (0.69ns)   --->   "%store_ln49 = store i32 0, i4 %mem_12_addr" [/home/coder/Desktop/s2n2/convSNN/conv1_top.cpp:49]   --->   Operation 146 'store' 'store_ln49' <Predicate = (!icmp_ln46 & trunc_ln46 == 12)> <Delay = 0.69> <CoreInst = "RAM">   --->   Core 83 'RAM' <Latency = 1> <II = 1> <Delay = 0.69> <Storage> <Opcode : 'load' 'store'> <Ports = 2> <Width = 32> <Depth = 10> <RAM>
ST_1 : Operation 147 [1/1] (0.63ns)   --->   "%store_ln50 = store i1 0, i4 %prev_spk_12_addr" [/home/coder/Desktop/s2n2/convSNN/conv1_top.cpp:50]   --->   Operation 147 'store' 'store_ln50' <Predicate = (!icmp_ln46 & trunc_ln46 == 12)> <Delay = 0.63> <CoreInst = "RAM">   --->   Core 83 'RAM' <Latency = 1> <II = 1> <Delay = 0.63> <Storage> <Opcode : 'load' 'store'> <Ports = 2> <Width = 1> <Depth = 10> <RAM>
ST_1 : Operation 148 [1/1] (0.00ns)   --->   "%br_ln50 = br void %arrayidx388.exit" [/home/coder/Desktop/s2n2/convSNN/conv1_top.cpp:50]   --->   Operation 148 'br' 'br_ln50' <Predicate = (!icmp_ln46 & trunc_ln46 == 12)> <Delay = 0.00>
ST_1 : Operation 149 [1/1] (0.69ns)   --->   "%store_ln49 = store i32 0, i4 %mem_11_addr" [/home/coder/Desktop/s2n2/convSNN/conv1_top.cpp:49]   --->   Operation 149 'store' 'store_ln49' <Predicate = (!icmp_ln46 & trunc_ln46 == 11)> <Delay = 0.69> <CoreInst = "RAM">   --->   Core 83 'RAM' <Latency = 1> <II = 1> <Delay = 0.69> <Storage> <Opcode : 'load' 'store'> <Ports = 2> <Width = 32> <Depth = 10> <RAM>
ST_1 : Operation 150 [1/1] (0.63ns)   --->   "%store_ln50 = store i1 0, i4 %prev_spk_11_addr" [/home/coder/Desktop/s2n2/convSNN/conv1_top.cpp:50]   --->   Operation 150 'store' 'store_ln50' <Predicate = (!icmp_ln46 & trunc_ln46 == 11)> <Delay = 0.63> <CoreInst = "RAM">   --->   Core 83 'RAM' <Latency = 1> <II = 1> <Delay = 0.63> <Storage> <Opcode : 'load' 'store'> <Ports = 2> <Width = 1> <Depth = 10> <RAM>
ST_1 : Operation 151 [1/1] (0.00ns)   --->   "%br_ln50 = br void %arrayidx388.exit" [/home/coder/Desktop/s2n2/convSNN/conv1_top.cpp:50]   --->   Operation 151 'br' 'br_ln50' <Predicate = (!icmp_ln46 & trunc_ln46 == 11)> <Delay = 0.00>
ST_1 : Operation 152 [1/1] (0.69ns)   --->   "%store_ln49 = store i32 0, i4 %mem_10_addr" [/home/coder/Desktop/s2n2/convSNN/conv1_top.cpp:49]   --->   Operation 152 'store' 'store_ln49' <Predicate = (!icmp_ln46 & trunc_ln46 == 10)> <Delay = 0.69> <CoreInst = "RAM">   --->   Core 83 'RAM' <Latency = 1> <II = 1> <Delay = 0.69> <Storage> <Opcode : 'load' 'store'> <Ports = 2> <Width = 32> <Depth = 10> <RAM>
ST_1 : Operation 153 [1/1] (0.63ns)   --->   "%store_ln50 = store i1 0, i4 %prev_spk_10_addr" [/home/coder/Desktop/s2n2/convSNN/conv1_top.cpp:50]   --->   Operation 153 'store' 'store_ln50' <Predicate = (!icmp_ln46 & trunc_ln46 == 10)> <Delay = 0.63> <CoreInst = "RAM">   --->   Core 83 'RAM' <Latency = 1> <II = 1> <Delay = 0.63> <Storage> <Opcode : 'load' 'store'> <Ports = 2> <Width = 1> <Depth = 10> <RAM>
ST_1 : Operation 154 [1/1] (0.00ns)   --->   "%br_ln50 = br void %arrayidx388.exit" [/home/coder/Desktop/s2n2/convSNN/conv1_top.cpp:50]   --->   Operation 154 'br' 'br_ln50' <Predicate = (!icmp_ln46 & trunc_ln46 == 10)> <Delay = 0.00>
ST_1 : Operation 155 [1/1] (0.69ns)   --->   "%store_ln49 = store i32 0, i4 %mem_9_addr" [/home/coder/Desktop/s2n2/convSNN/conv1_top.cpp:49]   --->   Operation 155 'store' 'store_ln49' <Predicate = (!icmp_ln46 & trunc_ln46 == 9)> <Delay = 0.69> <CoreInst = "RAM">   --->   Core 83 'RAM' <Latency = 1> <II = 1> <Delay = 0.69> <Storage> <Opcode : 'load' 'store'> <Ports = 2> <Width = 32> <Depth = 10> <RAM>
ST_1 : Operation 156 [1/1] (0.63ns)   --->   "%store_ln50 = store i1 0, i4 %prev_spk_9_addr" [/home/coder/Desktop/s2n2/convSNN/conv1_top.cpp:50]   --->   Operation 156 'store' 'store_ln50' <Predicate = (!icmp_ln46 & trunc_ln46 == 9)> <Delay = 0.63> <CoreInst = "RAM">   --->   Core 83 'RAM' <Latency = 1> <II = 1> <Delay = 0.63> <Storage> <Opcode : 'load' 'store'> <Ports = 2> <Width = 1> <Depth = 10> <RAM>
ST_1 : Operation 157 [1/1] (0.00ns)   --->   "%br_ln50 = br void %arrayidx388.exit" [/home/coder/Desktop/s2n2/convSNN/conv1_top.cpp:50]   --->   Operation 157 'br' 'br_ln50' <Predicate = (!icmp_ln46 & trunc_ln46 == 9)> <Delay = 0.00>
ST_1 : Operation 158 [1/1] (0.69ns)   --->   "%store_ln49 = store i32 0, i4 %mem_8_addr" [/home/coder/Desktop/s2n2/convSNN/conv1_top.cpp:49]   --->   Operation 158 'store' 'store_ln49' <Predicate = (!icmp_ln46 & trunc_ln46 == 8)> <Delay = 0.69> <CoreInst = "RAM">   --->   Core 83 'RAM' <Latency = 1> <II = 1> <Delay = 0.69> <Storage> <Opcode : 'load' 'store'> <Ports = 2> <Width = 32> <Depth = 10> <RAM>
ST_1 : Operation 159 [1/1] (0.63ns)   --->   "%store_ln50 = store i1 0, i4 %prev_spk_8_addr" [/home/coder/Desktop/s2n2/convSNN/conv1_top.cpp:50]   --->   Operation 159 'store' 'store_ln50' <Predicate = (!icmp_ln46 & trunc_ln46 == 8)> <Delay = 0.63> <CoreInst = "RAM">   --->   Core 83 'RAM' <Latency = 1> <II = 1> <Delay = 0.63> <Storage> <Opcode : 'load' 'store'> <Ports = 2> <Width = 1> <Depth = 10> <RAM>
ST_1 : Operation 160 [1/1] (0.00ns)   --->   "%br_ln50 = br void %arrayidx388.exit" [/home/coder/Desktop/s2n2/convSNN/conv1_top.cpp:50]   --->   Operation 160 'br' 'br_ln50' <Predicate = (!icmp_ln46 & trunc_ln46 == 8)> <Delay = 0.00>
ST_1 : Operation 161 [1/1] (0.69ns)   --->   "%store_ln49 = store i32 0, i4 %mem_7_addr" [/home/coder/Desktop/s2n2/convSNN/conv1_top.cpp:49]   --->   Operation 161 'store' 'store_ln49' <Predicate = (!icmp_ln46 & trunc_ln46 == 7)> <Delay = 0.69> <CoreInst = "RAM">   --->   Core 83 'RAM' <Latency = 1> <II = 1> <Delay = 0.69> <Storage> <Opcode : 'load' 'store'> <Ports = 2> <Width = 32> <Depth = 10> <RAM>
ST_1 : Operation 162 [1/1] (0.63ns)   --->   "%store_ln50 = store i1 0, i4 %prev_spk_7_addr" [/home/coder/Desktop/s2n2/convSNN/conv1_top.cpp:50]   --->   Operation 162 'store' 'store_ln50' <Predicate = (!icmp_ln46 & trunc_ln46 == 7)> <Delay = 0.63> <CoreInst = "RAM">   --->   Core 83 'RAM' <Latency = 1> <II = 1> <Delay = 0.63> <Storage> <Opcode : 'load' 'store'> <Ports = 2> <Width = 1> <Depth = 10> <RAM>
ST_1 : Operation 163 [1/1] (0.00ns)   --->   "%br_ln50 = br void %arrayidx388.exit" [/home/coder/Desktop/s2n2/convSNN/conv1_top.cpp:50]   --->   Operation 163 'br' 'br_ln50' <Predicate = (!icmp_ln46 & trunc_ln46 == 7)> <Delay = 0.00>
ST_1 : Operation 164 [1/1] (0.69ns)   --->   "%store_ln49 = store i32 0, i4 %mem_6_addr" [/home/coder/Desktop/s2n2/convSNN/conv1_top.cpp:49]   --->   Operation 164 'store' 'store_ln49' <Predicate = (!icmp_ln46 & trunc_ln46 == 6)> <Delay = 0.69> <CoreInst = "RAM">   --->   Core 83 'RAM' <Latency = 1> <II = 1> <Delay = 0.69> <Storage> <Opcode : 'load' 'store'> <Ports = 2> <Width = 32> <Depth = 10> <RAM>
ST_1 : Operation 165 [1/1] (0.63ns)   --->   "%store_ln50 = store i1 0, i4 %prev_spk_6_addr" [/home/coder/Desktop/s2n2/convSNN/conv1_top.cpp:50]   --->   Operation 165 'store' 'store_ln50' <Predicate = (!icmp_ln46 & trunc_ln46 == 6)> <Delay = 0.63> <CoreInst = "RAM">   --->   Core 83 'RAM' <Latency = 1> <II = 1> <Delay = 0.63> <Storage> <Opcode : 'load' 'store'> <Ports = 2> <Width = 1> <Depth = 10> <RAM>
ST_1 : Operation 166 [1/1] (0.00ns)   --->   "%br_ln50 = br void %arrayidx388.exit" [/home/coder/Desktop/s2n2/convSNN/conv1_top.cpp:50]   --->   Operation 166 'br' 'br_ln50' <Predicate = (!icmp_ln46 & trunc_ln46 == 6)> <Delay = 0.00>
ST_1 : Operation 167 [1/1] (0.69ns)   --->   "%store_ln49 = store i32 0, i4 %mem_5_addr" [/home/coder/Desktop/s2n2/convSNN/conv1_top.cpp:49]   --->   Operation 167 'store' 'store_ln49' <Predicate = (!icmp_ln46 & trunc_ln46 == 5)> <Delay = 0.69> <CoreInst = "RAM">   --->   Core 83 'RAM' <Latency = 1> <II = 1> <Delay = 0.69> <Storage> <Opcode : 'load' 'store'> <Ports = 2> <Width = 32> <Depth = 10> <RAM>
ST_1 : Operation 168 [1/1] (0.63ns)   --->   "%store_ln50 = store i1 0, i4 %prev_spk_5_addr" [/home/coder/Desktop/s2n2/convSNN/conv1_top.cpp:50]   --->   Operation 168 'store' 'store_ln50' <Predicate = (!icmp_ln46 & trunc_ln46 == 5)> <Delay = 0.63> <CoreInst = "RAM">   --->   Core 83 'RAM' <Latency = 1> <II = 1> <Delay = 0.63> <Storage> <Opcode : 'load' 'store'> <Ports = 2> <Width = 1> <Depth = 10> <RAM>
ST_1 : Operation 169 [1/1] (0.00ns)   --->   "%br_ln50 = br void %arrayidx388.exit" [/home/coder/Desktop/s2n2/convSNN/conv1_top.cpp:50]   --->   Operation 169 'br' 'br_ln50' <Predicate = (!icmp_ln46 & trunc_ln46 == 5)> <Delay = 0.00>
ST_1 : Operation 170 [1/1] (0.69ns)   --->   "%store_ln49 = store i32 0, i4 %mem_4_addr" [/home/coder/Desktop/s2n2/convSNN/conv1_top.cpp:49]   --->   Operation 170 'store' 'store_ln49' <Predicate = (!icmp_ln46 & trunc_ln46 == 4)> <Delay = 0.69> <CoreInst = "RAM">   --->   Core 83 'RAM' <Latency = 1> <II = 1> <Delay = 0.69> <Storage> <Opcode : 'load' 'store'> <Ports = 2> <Width = 32> <Depth = 10> <RAM>
ST_1 : Operation 171 [1/1] (0.63ns)   --->   "%store_ln50 = store i1 0, i4 %prev_spk_4_addr" [/home/coder/Desktop/s2n2/convSNN/conv1_top.cpp:50]   --->   Operation 171 'store' 'store_ln50' <Predicate = (!icmp_ln46 & trunc_ln46 == 4)> <Delay = 0.63> <CoreInst = "RAM">   --->   Core 83 'RAM' <Latency = 1> <II = 1> <Delay = 0.63> <Storage> <Opcode : 'load' 'store'> <Ports = 2> <Width = 1> <Depth = 10> <RAM>
ST_1 : Operation 172 [1/1] (0.00ns)   --->   "%br_ln50 = br void %arrayidx388.exit" [/home/coder/Desktop/s2n2/convSNN/conv1_top.cpp:50]   --->   Operation 172 'br' 'br_ln50' <Predicate = (!icmp_ln46 & trunc_ln46 == 4)> <Delay = 0.00>
ST_1 : Operation 173 [1/1] (0.69ns)   --->   "%store_ln49 = store i32 0, i4 %mem_3_addr" [/home/coder/Desktop/s2n2/convSNN/conv1_top.cpp:49]   --->   Operation 173 'store' 'store_ln49' <Predicate = (!icmp_ln46 & trunc_ln46 == 3)> <Delay = 0.69> <CoreInst = "RAM">   --->   Core 83 'RAM' <Latency = 1> <II = 1> <Delay = 0.69> <Storage> <Opcode : 'load' 'store'> <Ports = 2> <Width = 32> <Depth = 10> <RAM>
ST_1 : Operation 174 [1/1] (0.63ns)   --->   "%store_ln50 = store i1 0, i4 %prev_spk_3_addr" [/home/coder/Desktop/s2n2/convSNN/conv1_top.cpp:50]   --->   Operation 174 'store' 'store_ln50' <Predicate = (!icmp_ln46 & trunc_ln46 == 3)> <Delay = 0.63> <CoreInst = "RAM">   --->   Core 83 'RAM' <Latency = 1> <II = 1> <Delay = 0.63> <Storage> <Opcode : 'load' 'store'> <Ports = 2> <Width = 1> <Depth = 10> <RAM>
ST_1 : Operation 175 [1/1] (0.00ns)   --->   "%br_ln50 = br void %arrayidx388.exit" [/home/coder/Desktop/s2n2/convSNN/conv1_top.cpp:50]   --->   Operation 175 'br' 'br_ln50' <Predicate = (!icmp_ln46 & trunc_ln46 == 3)> <Delay = 0.00>
ST_1 : Operation 176 [1/1] (0.69ns)   --->   "%store_ln49 = store i32 0, i4 %mem_2_addr" [/home/coder/Desktop/s2n2/convSNN/conv1_top.cpp:49]   --->   Operation 176 'store' 'store_ln49' <Predicate = (!icmp_ln46 & trunc_ln46 == 2)> <Delay = 0.69> <CoreInst = "RAM">   --->   Core 83 'RAM' <Latency = 1> <II = 1> <Delay = 0.69> <Storage> <Opcode : 'load' 'store'> <Ports = 2> <Width = 32> <Depth = 10> <RAM>
ST_1 : Operation 177 [1/1] (0.63ns)   --->   "%store_ln50 = store i1 0, i4 %prev_spk_2_addr" [/home/coder/Desktop/s2n2/convSNN/conv1_top.cpp:50]   --->   Operation 177 'store' 'store_ln50' <Predicate = (!icmp_ln46 & trunc_ln46 == 2)> <Delay = 0.63> <CoreInst = "RAM">   --->   Core 83 'RAM' <Latency = 1> <II = 1> <Delay = 0.63> <Storage> <Opcode : 'load' 'store'> <Ports = 2> <Width = 1> <Depth = 10> <RAM>
ST_1 : Operation 178 [1/1] (0.00ns)   --->   "%br_ln50 = br void %arrayidx388.exit" [/home/coder/Desktop/s2n2/convSNN/conv1_top.cpp:50]   --->   Operation 178 'br' 'br_ln50' <Predicate = (!icmp_ln46 & trunc_ln46 == 2)> <Delay = 0.00>
ST_1 : Operation 179 [1/1] (0.69ns)   --->   "%store_ln49 = store i32 0, i4 %mem_1_addr" [/home/coder/Desktop/s2n2/convSNN/conv1_top.cpp:49]   --->   Operation 179 'store' 'store_ln49' <Predicate = (!icmp_ln46 & trunc_ln46 == 1)> <Delay = 0.69> <CoreInst = "RAM">   --->   Core 83 'RAM' <Latency = 1> <II = 1> <Delay = 0.69> <Storage> <Opcode : 'load' 'store'> <Ports = 2> <Width = 32> <Depth = 10> <RAM>
ST_1 : Operation 180 [1/1] (0.63ns)   --->   "%store_ln50 = store i1 0, i4 %prev_spk_1_addr" [/home/coder/Desktop/s2n2/convSNN/conv1_top.cpp:50]   --->   Operation 180 'store' 'store_ln50' <Predicate = (!icmp_ln46 & trunc_ln46 == 1)> <Delay = 0.63> <CoreInst = "RAM">   --->   Core 83 'RAM' <Latency = 1> <II = 1> <Delay = 0.63> <Storage> <Opcode : 'load' 'store'> <Ports = 2> <Width = 1> <Depth = 10> <RAM>
ST_1 : Operation 181 [1/1] (0.00ns)   --->   "%br_ln50 = br void %arrayidx388.exit" [/home/coder/Desktop/s2n2/convSNN/conv1_top.cpp:50]   --->   Operation 181 'br' 'br_ln50' <Predicate = (!icmp_ln46 & trunc_ln46 == 1)> <Delay = 0.00>
ST_1 : Operation 182 [1/1] (0.69ns)   --->   "%store_ln49 = store i32 0, i4 %mem_addr" [/home/coder/Desktop/s2n2/convSNN/conv1_top.cpp:49]   --->   Operation 182 'store' 'store_ln49' <Predicate = (!icmp_ln46 & trunc_ln46 == 0)> <Delay = 0.69> <CoreInst = "RAM">   --->   Core 83 'RAM' <Latency = 1> <II = 1> <Delay = 0.69> <Storage> <Opcode : 'load' 'store'> <Ports = 2> <Width = 32> <Depth = 10> <RAM>
ST_1 : Operation 183 [1/1] (0.63ns)   --->   "%store_ln50 = store i1 0, i4 %prev_spk_addr" [/home/coder/Desktop/s2n2/convSNN/conv1_top.cpp:50]   --->   Operation 183 'store' 'store_ln50' <Predicate = (!icmp_ln46 & trunc_ln46 == 0)> <Delay = 0.63> <CoreInst = "RAM">   --->   Core 83 'RAM' <Latency = 1> <II = 1> <Delay = 0.63> <Storage> <Opcode : 'load' 'store'> <Ports = 2> <Width = 1> <Depth = 10> <RAM>
ST_1 : Operation 184 [1/1] (0.00ns)   --->   "%br_ln50 = br void %arrayidx388.exit" [/home/coder/Desktop/s2n2/convSNN/conv1_top.cpp:50]   --->   Operation 184 'br' 'br_ln50' <Predicate = (!icmp_ln46 & trunc_ln46 == 0)> <Delay = 0.00>
ST_1 : Operation 185 [1/1] (0.69ns)   --->   "%store_ln49 = store i32 0, i4 %mem_31_addr" [/home/coder/Desktop/s2n2/convSNN/conv1_top.cpp:49]   --->   Operation 185 'store' 'store_ln49' <Predicate = (!icmp_ln46 & trunc_ln46 == 31)> <Delay = 0.69> <CoreInst = "RAM">   --->   Core 83 'RAM' <Latency = 1> <II = 1> <Delay = 0.69> <Storage> <Opcode : 'load' 'store'> <Ports = 2> <Width = 32> <Depth = 10> <RAM>
ST_1 : Operation 186 [1/1] (0.63ns)   --->   "%store_ln50 = store i1 0, i4 %prev_spk_31_addr" [/home/coder/Desktop/s2n2/convSNN/conv1_top.cpp:50]   --->   Operation 186 'store' 'store_ln50' <Predicate = (!icmp_ln46 & trunc_ln46 == 31)> <Delay = 0.63> <CoreInst = "RAM">   --->   Core 83 'RAM' <Latency = 1> <II = 1> <Delay = 0.63> <Storage> <Opcode : 'load' 'store'> <Ports = 2> <Width = 1> <Depth = 10> <RAM>
ST_1 : Operation 187 [1/1] (0.00ns)   --->   "%br_ln50 = br void %arrayidx388.exit" [/home/coder/Desktop/s2n2/convSNN/conv1_top.cpp:50]   --->   Operation 187 'br' 'br_ln50' <Predicate = (!icmp_ln46 & trunc_ln46 == 31)> <Delay = 0.00>
ST_1 : Operation 188 [1/1] (0.70ns)   --->   "%add_ln47 = add i4 %select_ln46, i4 1" [/home/coder/Desktop/s2n2/convSNN/conv1_top.cpp:47]   --->   Operation 188 'add' 'add_ln47' <Predicate = (!icmp_ln46)> <Delay = 0.70> <CoreInst = "Adder">   --->   Core 1 'Adder' <Latency = 0> <II = 1> <Delay = 0.70> <FuncUnit> <Opcode : 'add' 'sub'> <InPorts = 2> <OutPorts = 1>
ST_1 : Operation 189 [1/1] (0.38ns)   --->   "%store_ln47 = store i9 %add_ln46, i9 %indvar_flatten9" [/home/coder/Desktop/s2n2/convSNN/conv1_top.cpp:47]   --->   Operation 189 'store' 'store_ln47' <Predicate = (!icmp_ln46)> <Delay = 0.38>
ST_1 : Operation 190 [1/1] (0.38ns)   --->   "%store_ln47 = store i6 %select_ln46_1, i6 %oc" [/home/coder/Desktop/s2n2/convSNN/conv1_top.cpp:47]   --->   Operation 190 'store' 'store_ln47' <Predicate = (!icmp_ln46)> <Delay = 0.38>
ST_1 : Operation 191 [1/1] (0.38ns)   --->   "%store_ln47 = store i4 %add_ln47, i4 %p" [/home/coder/Desktop/s2n2/convSNN/conv1_top.cpp:47]   --->   Operation 191 'store' 'store_ln47' <Predicate = (!icmp_ln46)> <Delay = 0.38>
ST_1 : Operation 192 [1/1] (0.00ns)   --->   "%br_ln47 = br void %for.inc39" [/home/coder/Desktop/s2n2/convSNN/conv1_top.cpp:47]   --->   Operation 192 'br' 'br_ln47' <Predicate = (!icmp_ln46)> <Delay = 0.00>
ST_1 : Operation 193 [1/1] (0.00ns)   --->   "%ret_ln0 = ret"   --->   Operation 193 'ret' 'ret_ln0' <Predicate = (icmp_ln46)> <Delay = 0.00>


============================================================
+ Verbose Summary: Timing violations
============================================================
Target clock period: 10.000ns, clock uncertainty: 2.700ns.

 <State 1>: 2.154ns
The critical path consists of the following:
	'alloca' operation ('p') [65]  (0.000 ns)
	'load' operation ('p_load', /home/coder/Desktop/s2n2/convSNN/conv1_top.cpp:47) on local variable 'p' [78]  (0.000 ns)
	'icmp' operation ('icmp_ln47', /home/coder/Desktop/s2n2/convSNN/conv1_top.cpp:47) [82]  (0.708 ns)
	'select' operation ('select_ln46', /home/coder/Desktop/s2n2/convSNN/conv1_top.cpp:46) [83]  (0.351 ns)
	'add' operation ('add_ln47', /home/coder/Desktop/s2n2/convSNN/conv1_top.cpp:47) [284]  (0.708 ns)
	'store' operation ('store_ln47', /home/coder/Desktop/s2n2/convSNN/conv1_top.cpp:47) of variable 'add_ln47', /home/coder/Desktop/s2n2/convSNN/conv1_top.cpp:47 on local variable 'p' [287]  (0.387 ns)


============================================================
+ Verbose Summary: Binding
============================================================
N/A
* FSMD analyzer results:
  - Output states:
 - Input state : 
  - Chain level:
	State 1


============================================================
+ Verbose Summary: Datapath Resource usage 
============================================================
N/A
