

================================================================
== Vitis HLS Report for 'conv1_lif_top_Pipeline_VITIS_LOOP_29_2_VITIS_LOOP_30_3'
================================================================
* Date:           Wed Mar 18 18:51:16 2026

* Version:        2023.1 (Build 3854077 on May  4 2023)
* Project:        convSNN_conv1
* Solution:       solution1 (Vivado IP Flow Target)
* Product family: virtexuplus
* Target device:  xcvu9p-flga2577-2-e


================================================================
== Performance Estimates
================================================================
+ Timing: 
    * Summary: 
    +--------+----------+----------+------------+
    |  Clock |  Target  | Estimated| Uncertainty|
    +--------+----------+----------+------------+
    |ap_clk  |  10.00 ns|  2.127 ns|     2.70 ns|
    +--------+----------+----------+------------+

+ Latency: 
    * Summary: 
    +---------+---------+----------+----------+-----+-----+---------+
    |  Latency (cycles) |  Latency (absolute) |  Interval | Pipeline|
    |   min   |   max   |    min   |    max   | min | max |   Type  |
    +---------+---------+----------+----------+-----+-----+---------+
    |       32|       32|  0.320 us|  0.320 us|   32|   32|       no|
    +---------+---------+----------+----------+-----+-----+---------+

    + Detail: 
        * Instance: 
        N/A

        * Loop: 
        +-----------------------------------+---------+---------+----------+-----------+-----------+------+----------+
        |                                   |  Latency (cycles) | Iteration|  Initiation Interval  | Trip |          |
        |             Loop Name             |   min   |   max   |  Latency |  achieved |   target  | Count| Pipelined|
        +-----------------------------------+---------+---------+----------+-----------+-----------+------+----------+
        |- VITIS_LOOP_29_2_VITIS_LOOP_30_3  |       30|       30|         2|          1|          1|    30|       yes|
        +-----------------------------------+---------+---------+----------+-----------+-----------+------+----------+

============================================================
+ Verbose Summary: Synthesis Manager
============================================================
InlineROM: 1
ExposeGlobal: 0
============================================================
+ Verbose Summary: CDFG Model
============================================================
IsTopModel: 0
ResetActiveHigh: 1
IsCombinational: 0
IsDatapathOnly: 0
HasWiredReturn: 1
HasMFsm: 2
HasVarLatency: 1
IsPipeline: 0
IsRtlPipelined: 0
IsInstanceOverlapped: 0
IsDontTouch: 0
HasImplIP: 0
IsGatedGlobalClock: 0

+ Individual pipeline summary: 
  * Pipeline-0: initiation interval (II) = 1, depth = 2


============================================================
+ Verbose Summary: Schedule
============================================================
* Number of FSM states : 2
* Pipeline : 1
  Pipeline-0 : II = 1, D = 2, States = { 1 2 }
* Dataflow Pipeline: 0

* FSM state transitions: 
1 --> 2 
2 --> 

* FSM state operations: 

State 1 <SV = 0> <Delay = 1.09>
ST_1 : Operation 5 [1/1] (0.00ns)   --->   "%ic = alloca i32 1"   --->   Operation 5 'alloca' 'ic' <Predicate = true> <Delay = 0.00>
ST_1 : Operation 6 [1/1] (0.00ns)   --->   "%p = alloca i32 1"   --->   Operation 6 'alloca' 'p' <Predicate = true> <Delay = 0.00>
ST_1 : Operation 7 [1/1] (0.00ns)   --->   "%indvar_flatten = alloca i32 1"   --->   Operation 7 'alloca' 'indvar_flatten' <Predicate = true> <Delay = 0.00>
ST_1 : Operation 8 [1/1] (0.00ns)   --->   "%specinterface_ln0 = specinterface void @_ssdm_op_SpecInterface, i32 %in_r, void @empty_0, i32 0, i32 0, void @empty, i32 0, i32 64, void @empty, void @empty, void @empty, i32 0, i32 0, i32 0, i32 0, void @empty, void @empty, i32 4294967295, i32 0"   --->   Operation 8 'specinterface' 'specinterface_ln0' <Predicate = true> <Delay = 0.00>
ST_1 : Operation 9 [1/1] (0.38ns)   --->   "%store_ln0 = store i5 0, i5 %indvar_flatten"   --->   Operation 9 'store' 'store_ln0' <Predicate = true> <Delay = 0.38>
ST_1 : Operation 10 [1/1] (0.38ns)   --->   "%store_ln0 = store i4 0, i4 %p"   --->   Operation 10 'store' 'store_ln0' <Predicate = true> <Delay = 0.38>
ST_1 : Operation 11 [1/1] (0.38ns)   --->   "%store_ln0 = store i2 0, i2 %ic"   --->   Operation 11 'store' 'store_ln0' <Predicate = true> <Delay = 0.38>
ST_1 : Operation 12 [1/1] (0.00ns)   --->   "%br_ln0 = br void %for.inc"   --->   Operation 12 'br' 'br_ln0' <Predicate = true> <Delay = 0.00>
ST_1 : Operation 13 [1/1] (0.00ns)   --->   "%indvar_flatten_load = load i5 %indvar_flatten" [/home/coder/Desktop/s2n2/convSNN/conv1_top.cpp:29]   --->   Operation 13 'load' 'indvar_flatten_load' <Predicate = true> <Delay = 0.00>
ST_1 : Operation 14 [1/1] (0.70ns)   --->   "%icmp_ln29 = icmp_eq  i5 %indvar_flatten_load, i5 30" [/home/coder/Desktop/s2n2/convSNN/conv1_top.cpp:29]   --->   Operation 14 'icmp' 'icmp_ln29' <Predicate = true> <Delay = 0.70> <CoreInst = "Cmp">   --->   Core 9 'Cmp' <Latency = 0> <II = 1> <Delay = 0.70> <FuncUnit> <Opcode : 'icmp'> <InPorts = 2> <OutPorts = 1>
ST_1 : Operation 15 [1/1] (0.70ns)   --->   "%add_ln29 = add i5 %indvar_flatten_load, i5 1" [/home/coder/Desktop/s2n2/convSNN/conv1_top.cpp:29]   --->   Operation 15 'add' 'add_ln29' <Predicate = true> <Delay = 0.70> <CoreInst = "Adder">   --->   Core 1 'Adder' <Latency = 0> <II = 1> <Delay = 0.70> <FuncUnit> <Opcode : 'add' 'sub'> <InPorts = 2> <OutPorts = 1>
ST_1 : Operation 16 [1/1] (0.00ns)   --->   "%br_ln29 = br i1 %icmp_ln29, void %for.inc11, void %for.inc39.preheader.exitStub" [/home/coder/Desktop/s2n2/convSNN/conv1_top.cpp:29]   --->   Operation 16 'br' 'br_ln29' <Predicate = true> <Delay = 0.00>
ST_1 : Operation 17 [1/1] (0.38ns)   --->   "%store_ln30 = store i5 %add_ln29, i5 %indvar_flatten" [/home/coder/Desktop/s2n2/convSNN/conv1_top.cpp:30]   --->   Operation 17 'store' 'store_ln30' <Predicate = (!icmp_ln29)> <Delay = 0.38>
ST_1 : Operation 45 [1/1] (0.00ns)   --->   "%ret_ln0 = ret"   --->   Operation 45 'ret' 'ret_ln0' <Predicate = (icmp_ln29)> <Delay = 0.00>

State 2 <SV = 1> <Delay = 2.12>
ST_2 : Operation 18 [1/1] (0.00ns)   --->   "%ic_load = load i2 %ic" [/home/coder/Desktop/s2n2/convSNN/conv1_top.cpp:30]   --->   Operation 18 'load' 'ic_load' <Predicate = true> <Delay = 0.00>
ST_2 : Operation 19 [1/1] (0.00ns)   --->   "%p_load = load i4 %p" [/home/coder/Desktop/s2n2/convSNN/conv1_top.cpp:29]   --->   Operation 19 'load' 'p_load' <Predicate = true> <Delay = 0.00>
ST_2 : Operation 20 [1/1] (0.00ns)   --->   "%specloopname_ln0 = specloopname void @_ssdm_op_SpecLoopName, void @VITIS_LOOP_29_2_VITIS_LOOP_30_3_str"   --->   Operation 20 'specloopname' 'specloopname_ln0' <Predicate = true> <Delay = 0.00>
ST_2 : Operation 21 [1/1] (0.00ns)   --->   "%speclooptripcount_ln0 = speclooptripcount void @_ssdm_op_SpecLoopTripCount, i64 30, i64 30, i64 30"   --->   Operation 21 'speclooptripcount' 'speclooptripcount_ln0' <Predicate = true> <Delay = 0.00>
ST_2 : Operation 22 [1/1] (0.43ns)   --->   "%icmp_ln30 = icmp_eq  i2 %ic_load, i2 3" [/home/coder/Desktop/s2n2/convSNN/conv1_top.cpp:30]   --->   Operation 22 'icmp' 'icmp_ln30' <Predicate = true> <Delay = 0.43> <CoreInst = "Cmp">   --->   Core 9 'Cmp' <Latency = 0> <II = 1> <Delay = 0.43> <FuncUnit> <Opcode : 'icmp'> <InPorts = 2> <OutPorts = 1>
ST_2 : Operation 23 [1/1] (0.27ns)   --->   "%select_ln29 = select i1 %icmp_ln30, i2 0, i2 %ic_load" [/home/coder/Desktop/s2n2/convSNN/conv1_top.cpp:29]   --->   Operation 23 'select' 'select_ln29' <Predicate = true> <Delay = 0.27> <CoreInst = "Sel">   --->   Core 73 'Sel' <Latency = 0> <II = 1> <Delay = 0.27> <FuncUnit> <Opcode : 'select'> <InPorts = 3> <OutPorts = 1>
ST_2 : Operation 24 [1/1] (0.70ns)   --->   "%add_ln29_1 = add i4 %p_load, i4 1" [/home/coder/Desktop/s2n2/convSNN/conv1_top.cpp:29]   --->   Operation 24 'add' 'add_ln29_1' <Predicate = true> <Delay = 0.70> <CoreInst = "Adder">   --->   Core 1 'Adder' <Latency = 0> <II = 1> <Delay = 0.70> <FuncUnit> <Opcode : 'add' 'sub'> <InPorts = 2> <OutPorts = 1>
ST_2 : Operation 25 [1/1] (0.35ns)   --->   "%select_ln29_1 = select i1 %icmp_ln30, i4 %add_ln29_1, i4 %p_load" [/home/coder/Desktop/s2n2/convSNN/conv1_top.cpp:29]   --->   Operation 25 'select' 'select_ln29_1' <Predicate = true> <Delay = 0.35> <CoreInst = "Sel">   --->   Core 73 'Sel' <Latency = 0> <II = 1> <Delay = 0.35> <FuncUnit> <Opcode : 'select'> <InPorts = 3> <OutPorts = 1>
ST_2 : Operation 26 [1/1] (0.00ns)   --->   "%zext_ln29 = zext i4 %select_ln29_1" [/home/coder/Desktop/s2n2/convSNN/conv1_top.cpp:29]   --->   Operation 26 'zext' 'zext_ln29' <Predicate = true> <Delay = 0.00>
ST_2 : Operation 27 [1/1] (0.00ns)   --->   "%specpipeline_ln31 = specpipeline void @_ssdm_op_SpecPipeline, i32 1, i32 0, i32 0, i32 0, void @empty" [/home/coder/Desktop/s2n2/convSNN/conv1_top.cpp:31]   --->   Operation 27 'specpipeline' 'specpipeline_ln31' <Predicate = true> <Delay = 0.00>
ST_2 : Operation 28 [1/1] (0.00ns)   --->   "%specloopname_ln30 = specloopname void @_ssdm_op_SpecLoopName, void @empty_4" [/home/coder/Desktop/s2n2/convSNN/conv1_top.cpp:30]   --->   Operation 28 'specloopname' 'specloopname_ln30' <Predicate = true> <Delay = 0.00>
ST_2 : Operation 29 [1/1] (1.42ns)   --->   "%in_r_read = read i32 @_ssdm_op_Read.ap_fifo.volatile.i32P0A, i32 %in_r" [/home/coder/Desktop/s2n2/convSNN/conv1_top.cpp:32]   --->   Operation 29 'read' 'in_r_read' <Predicate = true> <Delay = 1.42> <CoreInst = "FIFO">   --->   Core 78 'FIFO' <Latency = 0> <II = 1> <Delay = 1.42> <Storage> <Opcode : 'read' 'write' 'nbread' 'nbwrite'> <Ports = 0> <Width = -1> <Depth = -1> <FIFO>
ST_2 : Operation 30 [1/1] (0.00ns)   --->   "%bitcast_ln32 = bitcast i32 %in_r_read" [/home/coder/Desktop/s2n2/convSNN/conv1_top.cpp:32]   --->   Operation 30 'bitcast' 'bitcast_ln32' <Predicate = true> <Delay = 0.00>
ST_2 : Operation 31 [1/1] (0.66ns)   --->   "%switch_ln32 = switch i2 %select_ln29, void %arrayidx109.case.2, i2 0, void %arrayidx109.case.0, i2 1, void %arrayidx109.case.1" [/home/coder/Desktop/s2n2/convSNN/conv1_top.cpp:32]   --->   Operation 31 'switch' 'switch_ln32' <Predicate = true> <Delay = 0.66>
ST_2 : Operation 32 [1/1] (0.00ns)   --->   "%x_1_addr = getelementptr i32 %x_1, i64 0, i64 %zext_ln29" [/home/coder/Desktop/s2n2/convSNN/conv1_top.cpp:32]   --->   Operation 32 'getelementptr' 'x_1_addr' <Predicate = (select_ln29 == 1)> <Delay = 0.00>
ST_2 : Operation 33 [1/1] (0.69ns)   --->   "%store_ln32 = store i32 %bitcast_ln32, i4 %x_1_addr" [/home/coder/Desktop/s2n2/convSNN/conv1_top.cpp:32]   --->   Operation 33 'store' 'store_ln32' <Predicate = (select_ln29 == 1)> <Delay = 0.69> <CoreInst = "RAM">   --->   Core 83 'RAM' <Latency = 1> <II = 1> <Delay = 0.69> <Storage> <Opcode : 'load' 'store'> <Ports = 2> <Width = 32> <Depth = 10> <RAM>
ST_2 : Operation 34 [1/1] (0.00ns)   --->   "%br_ln32 = br void %arrayidx109.exit" [/home/coder/Desktop/s2n2/convSNN/conv1_top.cpp:32]   --->   Operation 34 'br' 'br_ln32' <Predicate = (select_ln29 == 1)> <Delay = 0.00>
ST_2 : Operation 35 [1/1] (0.00ns)   --->   "%x_addr = getelementptr i32 %x, i64 0, i64 %zext_ln29" [/home/coder/Desktop/s2n2/convSNN/conv1_top.cpp:32]   --->   Operation 35 'getelementptr' 'x_addr' <Predicate = (select_ln29 == 0)> <Delay = 0.00>
ST_2 : Operation 36 [1/1] (0.69ns)   --->   "%store_ln32 = store i32 %bitcast_ln32, i4 %x_addr" [/home/coder/Desktop/s2n2/convSNN/conv1_top.cpp:32]   --->   Operation 36 'store' 'store_ln32' <Predicate = (select_ln29 == 0)> <Delay = 0.69> <CoreInst = "RAM">   --->   Core 83 'RAM' <Latency = 1> <II = 1> <Delay = 0.69> <Storage> <Opcode : 'load' 'store'> <Ports = 2> <Width = 32> <Depth = 10> <RAM>
ST_2 : Operation 37 [1/1] (0.00ns)   --->   "%br_ln32 = br void %arrayidx109.exit" [/home/coder/Desktop/s2n2/convSNN/conv1_top.cpp:32]   --->   Operation 37 'br' 'br_ln32' <Predicate = (select_ln29 == 0)> <Delay = 0.00>
ST_2 : Operation 38 [1/1] (0.00ns)   --->   "%x_2_addr = getelementptr i32 %x_2, i64 0, i64 %zext_ln29" [/home/coder/Desktop/s2n2/convSNN/conv1_top.cpp:32]   --->   Operation 38 'getelementptr' 'x_2_addr' <Predicate = (select_ln29 != 0 & select_ln29 != 1)> <Delay = 0.00>
ST_2 : Operation 39 [1/1] (0.69ns)   --->   "%store_ln32 = store i32 %bitcast_ln32, i4 %x_2_addr" [/home/coder/Desktop/s2n2/convSNN/conv1_top.cpp:32]   --->   Operation 39 'store' 'store_ln32' <Predicate = (select_ln29 != 0 & select_ln29 != 1)> <Delay = 0.69> <CoreInst = "RAM">   --->   Core 83 'RAM' <Latency = 1> <II = 1> <Delay = 0.69> <Storage> <Opcode : 'load' 'store'> <Ports = 2> <Width = 32> <Depth = 10> <RAM>
ST_2 : Operation 40 [1/1] (0.00ns)   --->   "%br_ln32 = br void %arrayidx109.exit" [/home/coder/Desktop/s2n2/convSNN/conv1_top.cpp:32]   --->   Operation 40 'br' 'br_ln32' <Predicate = (select_ln29 != 0 & select_ln29 != 1)> <Delay = 0.00>
ST_2 : Operation 41 [1/1] (0.43ns)   --->   "%add_ln30 = add i2 %select_ln29, i2 1" [/home/coder/Desktop/s2n2/convSNN/conv1_top.cpp:30]   --->   Operation 41 'add' 'add_ln30' <Predicate = true> <Delay = 0.43> <CoreInst = "Adder">   --->   Core 1 'Adder' <Latency = 0> <II = 1> <Delay = 0.43> <FuncUnit> <Opcode : 'add' 'sub'> <InPorts = 2> <OutPorts = 1>
ST_2 : Operation 42 [1/1] (0.38ns)   --->   "%store_ln30 = store i4 %select_ln29_1, i4 %p" [/home/coder/Desktop/s2n2/convSNN/conv1_top.cpp:30]   --->   Operation 42 'store' 'store_ln30' <Predicate = true> <Delay = 0.38>
ST_2 : Operation 43 [1/1] (0.38ns)   --->   "%store_ln30 = store i2 %add_ln30, i2 %ic" [/home/coder/Desktop/s2n2/convSNN/conv1_top.cpp:30]   --->   Operation 43 'store' 'store_ln30' <Predicate = true> <Delay = 0.38>
ST_2 : Operation 44 [1/1] (0.00ns)   --->   "%br_ln30 = br void %for.inc" [/home/coder/Desktop/s2n2/convSNN/conv1_top.cpp:30]   --->   Operation 44 'br' 'br_ln30' <Predicate = true> <Delay = 0.00>


============================================================
+ Verbose Summary: Binding
============================================================
STG Binding: 
---------------- STG Properties BEGIN ----------------
- Is combinational: 0
- Is one-state seq: 0
- Is datapath-only: 0
- Is pipelined: 0
- Is top level: 0
Port [ Return ] is wired: 1; IO mode=ap_ctrl_hs:ce=0
Port [ x]:  wired=1; compound=1; hidden=0; nouse=0; global=0; static=0; extern=0; dir=1; type=1; pingpong=0; private_global=0; MemPort=[03]; IO mode=ap_memory:ce=0
Port [ x_2]:  wired=1; compound=1; hidden=0; nouse=0; global=0; static=0; extern=0; dir=1; type=1; pingpong=0; private_global=0; MemPort=[03]; IO mode=ap_memory:ce=0
Port [ x_1]:  wired=1; compound=1; hidden=0; nouse=0; global=0; static=0; extern=0; dir=1; type=1; pingpong=0; private_global=0; MemPort=[03]; IO mode=ap_memory:ce=0
Port [ in_r]:  wired=1; compound=1; hidden=0; nouse=0; global=0; static=0; extern=0; dir=0; type=3; pingpong=0; private_global=0; IO mode=ap_fifo:ce=0
---------------- STG Properties END ------------------

---------------- Datapath Model BEGIN ----------------

<LifeTime>
<method=bitvector/>
ic                    (alloca           ) [ 011]
p                     (alloca           ) [ 011]
indvar_flatten        (alloca           ) [ 010]
specinterface_ln0     (specinterface    ) [ 000]
store_ln0             (store            ) [ 000]
store_ln0             (store            ) [ 000]
store_ln0             (store            ) [ 000]
br_ln0                (br               ) [ 000]
indvar_flatten_load   (load             ) [ 000]
icmp_ln29             (icmp             ) [ 010]
add_ln29              (add              ) [ 000]
br_ln29               (br               ) [ 000]
store_ln30            (store            ) [ 000]
ic_load               (load             ) [ 000]
p_load                (load             ) [ 000]
specloopname_ln0      (specloopname     ) [ 000]
speclooptripcount_ln0 (speclooptripcount) [ 000]
icmp_ln30             (icmp             ) [ 000]
select_ln29           (select           ) [ 011]
add_ln29_1            (add              ) [ 000]
select_ln29_1         (select           ) [ 000]
zext_ln29             (zext             ) [ 000]
specpipeline_ln31     (specpipeline     ) [ 000]
specloopname_ln30     (specloopname     ) [ 000]
in_r_read             (read             ) [ 000]
bitcast_ln32          (bitcast          ) [ 000]
switch_ln32           (switch           ) [ 000]
x_1_addr              (getelementptr    ) [ 000]
store_ln32            (store            ) [ 000]
br_ln32               (br               ) [ 000]
x_addr                (getelementptr    ) [ 000]
store_ln32            (store            ) [ 000]
br_ln32               (br               ) [ 000]
x_2_addr              (getelementptr    ) [ 000]
store_ln32            (store            ) [ 000]
br_ln32               (br               ) [ 000]
add_ln30              (add              ) [ 000]
store_ln30            (store            ) [ 000]
store_ln30            (store            ) [ 000]
br_ln30               (br               ) [ 000]
ret_ln0               (ret              ) [ 000]
</LifeTime>

<model>

<comp_list>
<comp id="0" class="1000" name="x">
<pin_list>
<pin id="1" dir="1" index="0" bw="1" slack="0"/>
</pin_list>
<bind>
<StgValue><ssdm name="x"/><MemPortTyVec>0 3 </MemPortTyVec>
</StgValue>
</bind>
</comp>

<comp id="2" class="1000" name="x_2">
<pin_list>
<pin id="3" dir="1" index="0" bw="1" slack="0"/>
</pin_list>
<bind>
<StgValue><ssdm name="x_2"/><MemPortTyVec>0 3 </MemPortTyVec>
</StgValue>
</bind>
</comp>

<comp id="4" class="1000" name="x_1">
<pin_list>
<pin id="5" dir="1" index="0" bw="1" slack="0"/>
</pin_list>
<bind>
<StgValue><ssdm name="x_1"/><MemPortTyVec>0 3 </MemPortTyVec>
</StgValue>
</bind>
</comp>

<comp id="6" class="1000" name="in_r">
<pin_list>
<pin id="7" dir="1" index="0" bw="1" slack="0"/>
</pin_list>
<bind>
<StgValue><ssdm name="in_r"/></StgValue>
</bind>
</comp>

<comp id="8" class="1001" name="const_8">
<pin_list>
<pin id="9" dir="1" index="0" bw="1" slack="0"/>
</pin_list>
<bind>
<StgValue><ssdm name=""/></StgValue>
</bind>
</comp>

<comp id="10" class="1001" name="const_10">
<pin_list>
<pin id="11" dir="1" index="0" bw="1" slack="2147483647"/>
</pin_list>
<bind>
<StgValue><ssdm name="_ssdm_op_SpecInterface"/></StgValue>
</bind>
</comp>

<comp id="12" class="1001" name="const_12">
<pin_list>
<pin id="13" dir="1" index="0" bw="1" slack="2147483647"/>
</pin_list>
<bind>
<StgValue><ssdm name="empty_0"/></StgValue>
</bind>
</comp>

<comp id="14" class="1001" name="const_14">
<pin_list>
<pin id="15" dir="1" index="0" bw="1" slack="2147483647"/>
</pin_list>
<bind>
<StgValue><ssdm name=""/></StgValue>
</bind>
</comp>

<comp id="16" class="1001" name="const_16">
<pin_list>
<pin id="17" dir="1" index="0" bw="1" slack="2147483647"/>
</pin_list>
<bind>
<StgValue><ssdm name="empty"/></StgValue>
</bind>
</comp>

<comp id="18" class="1001" name="const_18">
<pin_list>
<pin id="19" dir="1" index="0" bw="1" slack="2147483647"/>
</pin_list>
<bind>
<StgValue><ssdm name=""/></StgValue>
</bind>
</comp>

<comp id="20" class="1001" name="const_20">
<pin_list>
<pin id="21" dir="1" index="0" bw="1" slack="2147483647"/>
</pin_list>
<bind>
<StgValue><ssdm name=""/></StgValue>
</bind>
</comp>

<comp id="22" class="1001" name="const_22">
<pin_list>
<pin id="23" dir="1" index="0" bw="1" slack="0"/>
</pin_list>
<bind>
<StgValue><ssdm name=""/></StgValue>
</bind>
</comp>

<comp id="24" class="1001" name="const_24">
<pin_list>
<pin id="25" dir="1" index="0" bw="1" slack="0"/>
</pin_list>
<bind>
<StgValue><ssdm name=""/></StgValue>
</bind>
</comp>

<comp id="26" class="1001" name="const_26">
<pin_list>
<pin id="27" dir="1" index="0" bw="1" slack="0"/>
</pin_list>
<bind>
<StgValue><ssdm name=""/></StgValue>
</bind>
</comp>

<comp id="28" class="1001" name="const_28">
<pin_list>
<pin id="29" dir="1" index="0" bw="1" slack="0"/>
</pin_list>
<bind>
<StgValue><ssdm name=""/></StgValue>
</bind>
</comp>

<comp id="30" class="1001" name="const_30">
<pin_list>
<pin id="31" dir="1" index="0" bw="1" slack="0"/>
</pin_list>
<bind>
<StgValue><ssdm name=""/></StgValue>
</bind>
</comp>

<comp id="32" class="1001" name="const_32">
<pin_list>
<pin id="33" dir="1" index="0" bw="1" slack="2147483647"/>
</pin_list>
<bind>
<StgValue><ssdm name="_ssdm_op_SpecLoopName"/></StgValue>
</bind>
</comp>

<comp id="34" class="1001" name="const_34">
<pin_list>
<pin id="35" dir="1" index="0" bw="1" slack="2147483647"/>
</pin_list>
<bind>
<StgValue><ssdm name="VITIS_LOOP_29_2_VITIS_LOOP_30_3_str"/></StgValue>
</bind>
</comp>

<comp id="36" class="1001" name="const_36">
<pin_list>
<pin id="37" dir="1" index="0" bw="1" slack="2147483647"/>
</pin_list>
<bind>
<StgValue><ssdm name="_ssdm_op_SpecLoopTripCount"/></StgValue>
</bind>
</comp>

<comp id="38" class="1001" name="const_38">
<pin_list>
<pin id="39" dir="1" index="0" bw="1" slack="2147483647"/>
</pin_list>
<bind>
<StgValue><ssdm name=""/></StgValue>
</bind>
</comp>

<comp id="40" class="1001" name="const_40">
<pin_list>
<pin id="41" dir="1" index="0" bw="1" slack="0"/>
</pin_list>
<bind>
<StgValue><ssdm name=""/></StgValue>
</bind>
</comp>

<comp id="42" class="1001" name="const_42">
<pin_list>
<pin id="43" dir="1" index="0" bw="1" slack="0"/>
</pin_list>
<bind>
<StgValue><ssdm name=""/></StgValue>
</bind>
</comp>

<comp id="44" class="1001" name="const_44">
<pin_list>
<pin id="45" dir="1" index="0" bw="1" slack="2147483647"/>
</pin_list>
<bind>
<StgValue><ssdm name="_ssdm_op_SpecPipeline"/></StgValue>
</bind>
</comp>

<comp id="46" class="1001" name="const_46">
<pin_list>
<pin id="47" dir="1" index="0" bw="1" slack="2147483647"/>
</pin_list>
<bind>
<StgValue><ssdm name="empty_4"/></StgValue>
</bind>
</comp>

<comp id="48" class="1001" name="const_48">
<pin_list>
<pin id="49" dir="1" index="0" bw="1" slack="0"/>
</pin_list>
<bind>
<StgValue><ssdm name="_ssdm_op_Read.ap_fifo.volatile.i32P0A"/></StgValue>
</bind>
</comp>

<comp id="50" class="1001" name="const_50">
<pin_list>
<pin id="51" dir="1" index="0" bw="1" slack="0"/>
</pin_list>
<bind>
<StgValue><ssdm name=""/></StgValue>
</bind>
</comp>

<comp id="52" class="1001" name="const_52">
<pin_list>
<pin id="53" dir="1" index="0" bw="1" slack="0"/>
</pin_list>
<bind>
<StgValue><ssdm name=""/></StgValue>
</bind>
</comp>

<comp id="54" class="1004" name="ic_fu_54">
<pin_list>
<pin id="55" dir="0" index="0" bw="1" slack="0"/>
<pin id="56" dir="1" index="1" bw="2" slack="0"/>
</pin_list>
<bind>
<opcode="alloca(26) " fcode="alloca"/>
<opset="ic/1 "/>
</bind>
</comp>

<comp id="58" class="1004" name="p_fu_58">
<pin_list>
<pin id="59" dir="0" index="0" bw="1" slack="0"/>
<pin id="60" dir="1" index="1" bw="4" slack="0"/>
</pin_list>
<bind>
<opcode="alloca(26) " fcode="alloca"/>
<opset="p/1 "/>
</bind>
</comp>

<comp id="62" class="1004" name="indvar_flatten_fu_62">
<pin_list>
<pin id="63" dir="0" index="0" bw="1" slack="0"/>
<pin id="64" dir="1" index="1" bw="5" slack="0"/>
</pin_list>
<bind>
<opcode="alloca(26) " fcode="alloca"/>
<opset="indvar_flatten/1 "/>
</bind>
</comp>

<comp id="66" class="1004" name="in_r_read_read_fu_66">
<pin_list>
<pin id="67" dir="0" index="0" bw="32" slack="0"/>
<pin id="68" dir="0" index="1" bw="32" slack="0"/>
<pin id="69" dir="1" index="2" bw="32" slack="0"/>
</pin_list>
<bind>
<opcode="read(1150) " fcode="read"/>
<opset="in_r_read/2 "/>
</bind>
</comp>

<comp id="72" class="1004" name="x_1_addr_gep_fu_72">
<pin_list>
<pin id="73" dir="0" index="0" bw="32" slack="0"/>
<pin id="74" dir="0" index="1" bw="1" slack="0"/>
<pin id="75" dir="0" index="2" bw="4" slack="0"/>
<pin id="76" dir="1" index="3" bw="4" slack="0"/>
</pin_list>
<bind>
<opcode="getelementptr(29) " fcode="getelementptr"/>
<opset="x_1_addr/2 "/>
</bind>
</comp>

<comp id="79" class="1004" name="store_ln32_access_fu_79">
<pin_list>
<pin id="80" dir="0" index="0" bw="4" slack="0"/>
<pin id="81" dir="0" index="1" bw="32" slack="0"/>
<pin id="82" dir="0" index="2" bw="0" slack="2147483647"/>
<pin id="83" dir="1" index="3" bw="32" slack="2147483647"/>
</pin_list>
<bind>
<opcode="store(28) " fcode="store"/>
<opset="store_ln32/2 "/>
</bind>
</comp>

<comp id="85" class="1004" name="x_addr_gep_fu_85">
<pin_list>
<pin id="86" dir="0" index="0" bw="32" slack="0"/>
<pin id="87" dir="0" index="1" bw="1" slack="0"/>
<pin id="88" dir="0" index="2" bw="4" slack="0"/>
<pin id="89" dir="1" index="3" bw="4" slack="0"/>
</pin_list>
<bind>
<opcode="getelementptr(29) " fcode="getelementptr"/>
<opset="x_addr/2 "/>
</bind>
</comp>

<comp id="92" class="1004" name="store_ln32_access_fu_92">
<pin_list>
<pin id="93" dir="0" index="0" bw="4" slack="0"/>
<pin id="94" dir="0" index="1" bw="32" slack="0"/>
<pin id="95" dir="0" index="2" bw="0" slack="2147483647"/>
<pin id="96" dir="1" index="3" bw="32" slack="2147483647"/>
</pin_list>
<bind>
<opcode="store(28) " fcode="store"/>
<opset="store_ln32/2 "/>
</bind>
</comp>

<comp id="98" class="1004" name="x_2_addr_gep_fu_98">
<pin_list>
<pin id="99" dir="0" index="0" bw="32" slack="0"/>
<pin id="100" dir="0" index="1" bw="1" slack="0"/>
<pin id="101" dir="0" index="2" bw="4" slack="0"/>
<pin id="102" dir="1" index="3" bw="4" slack="0"/>
</pin_list>
<bind>
<opcode="getelementptr(29) " fcode="getelementptr"/>
<opset="x_2_addr/2 "/>
</bind>
</comp>

<comp id="105" class="1004" name="store_ln32_access_fu_105">
<pin_list>
<pin id="106" dir="0" index="0" bw="4" slack="0"/>
<pin id="107" dir="0" index="1" bw="32" slack="0"/>
<pin id="108" dir="0" index="2" bw="0" slack="2147483647"/>
<pin id="109" dir="1" index="3" bw="32" slack="2147483647"/>
</pin_list>
<bind>
<opcode="store(28) " fcode="store"/>
<opset="store_ln32/2 "/>
</bind>
</comp>

<comp id="111" class="1004" name="store_ln0_store_fu_111">
<pin_list>
<pin id="112" dir="0" index="0" bw="1" slack="0"/>
<pin id="113" dir="0" index="1" bw="5" slack="0"/>
<pin id="114" dir="1" index="2" bw="0" slack="2147483647"/>
</pin_list>
<bind>
<opcode="store(28) " fcode="store"/>
<opset="store_ln0/1 "/>
</bind>
</comp>

<comp id="116" class="1004" name="store_ln0_store_fu_116">
<pin_list>
<pin id="117" dir="0" index="0" bw="1" slack="0"/>
<pin id="118" dir="0" index="1" bw="4" slack="0"/>
<pin id="119" dir="1" index="2" bw="0" slack="2147483647"/>
</pin_list>
<bind>
<opcode="store(28) " fcode="store"/>
<opset="store_ln0/1 "/>
</bind>
</comp>

<comp id="121" class="1004" name="store_ln0_store_fu_121">
<pin_list>
<pin id="122" dir="0" index="0" bw="1" slack="0"/>
<pin id="123" dir="0" index="1" bw="2" slack="0"/>
<pin id="124" dir="1" index="2" bw="0" slack="2147483647"/>
</pin_list>
<bind>
<opcode="store(28) " fcode="store"/>
<opset="store_ln0/1 "/>
</bind>
</comp>

<comp id="126" class="1004" name="indvar_flatten_load_load_fu_126">
<pin_list>
<pin id="127" dir="0" index="0" bw="5" slack="0"/>
<pin id="128" dir="1" index="1" bw="5" slack="0"/>
</pin_list>
<bind>
<opcode="load(27) " fcode="load"/>
<opset="indvar_flatten_load/1 "/>
</bind>
</comp>

<comp id="129" class="1004" name="icmp_ln29_fu_129">
<pin_list>
<pin id="130" dir="0" index="0" bw="5" slack="0"/>
<pin id="131" dir="0" index="1" bw="2" slack="0"/>
<pin id="132" dir="1" index="2" bw="1" slack="2147483647"/>
</pin_list>
<bind>
<opcode="icmp(45) " fcode="icmp"/>
<opset="icmp_ln29/1 "/>
</bind>
</comp>

<comp id="135" class="1004" name="add_ln29_fu_135">
<pin_list>
<pin id="136" dir="0" index="0" bw="5" slack="0"/>
<pin id="137" dir="0" index="1" bw="1" slack="0"/>
<pin id="138" dir="1" index="2" bw="5" slack="0"/>
</pin_list>
<bind>
<opcode="add(8) " fcode="add"/>
<opset="add_ln29/1 "/>
</bind>
</comp>

<comp id="141" class="1004" name="store_ln30_store_fu_141">
<pin_list>
<pin id="142" dir="0" index="0" bw="5" slack="0"/>
<pin id="143" dir="0" index="1" bw="5" slack="0"/>
<pin id="144" dir="1" index="2" bw="0" slack="2147483647"/>
</pin_list>
<bind>
<opcode="store(28) " fcode="store"/>
<opset="store_ln30/1 "/>
</bind>
</comp>

<comp id="146" class="1004" name="ic_load_load_fu_146">
<pin_list>
<pin id="147" dir="0" index="0" bw="2" slack="1"/>
<pin id="148" dir="1" index="1" bw="2" slack="0"/>
</pin_list>
<bind>
<opcode="load(27) " fcode="load"/>
<opset="ic_load/2 "/>
</bind>
</comp>

<comp id="149" class="1004" name="p_load_load_fu_149">
<pin_list>
<pin id="150" dir="0" index="0" bw="4" slack="1"/>
<pin id="151" dir="1" index="1" bw="4" slack="0"/>
</pin_list>
<bind>
<opcode="load(27) " fcode="load"/>
<opset="p_load/2 "/>
</bind>
</comp>

<comp id="152" class="1004" name="icmp_ln30_fu_152">
<pin_list>
<pin id="153" dir="0" index="0" bw="2" slack="0"/>
<pin id="154" dir="0" index="1" bw="1" slack="0"/>
<pin id="155" dir="1" index="2" bw="1" slack="0"/>
</pin_list>
<bind>
<opcode="icmp(45) " fcode="icmp"/>
<opset="icmp_ln30/2 "/>
</bind>
</comp>

<comp id="158" class="1004" name="select_ln29_fu_158">
<pin_list>
<pin id="159" dir="0" index="0" bw="1" slack="0"/>
<pin id="160" dir="0" index="1" bw="1" slack="0"/>
<pin id="161" dir="0" index="2" bw="2" slack="0"/>
<pin id="162" dir="1" index="3" bw="2" slack="0"/>
</pin_list>
<bind>
<opcode="select(49) " fcode="select"/>
<opset="select_ln29/2 "/>
</bind>
</comp>

<comp id="166" class="1004" name="add_ln29_1_fu_166">
<pin_list>
<pin id="167" dir="0" index="0" bw="4" slack="0"/>
<pin id="168" dir="0" index="1" bw="1" slack="0"/>
<pin id="169" dir="1" index="2" bw="4" slack="0"/>
</pin_list>
<bind>
<opcode="add(8) " fcode="add"/>
<opset="add_ln29_1/2 "/>
</bind>
</comp>

<comp id="172" class="1004" name="select_ln29_1_fu_172">
<pin_list>
<pin id="173" dir="0" index="0" bw="1" slack="0"/>
<pin id="174" dir="0" index="1" bw="4" slack="0"/>
<pin id="175" dir="0" index="2" bw="4" slack="0"/>
<pin id="176" dir="1" index="3" bw="4" slack="0"/>
</pin_list>
<bind>
<opcode="select(49) " fcode="select"/>
<opset="select_ln29_1/2 "/>
</bind>
</comp>

<comp id="180" class="1004" name="zext_ln29_fu_180">
<pin_list>
<pin id="181" dir="0" index="0" bw="4" slack="0"/>
<pin id="182" dir="1" index="1" bw="64" slack="0"/>
</pin_list>
<bind>
<opcode="zext(34) " fcode="zext"/>
<opset="zext_ln29/2 "/>
</bind>
</comp>

<comp id="187" class="1004" name="bitcast_ln32_fu_187">
<pin_list>
<pin id="188" dir="0" index="0" bw="32" slack="0"/>
<pin id="189" dir="1" index="1" bw="32" slack="0"/>
</pin_list>
<bind>
<opcode="bitcast(44) " fcode="bitcast"/>
<opset="bitcast_ln32/2 "/>
</bind>
</comp>

<comp id="194" class="1004" name="add_ln30_fu_194">
<pin_list>
<pin id="195" dir="0" index="0" bw="2" slack="0"/>
<pin id="196" dir="0" index="1" bw="1" slack="0"/>
<pin id="197" dir="1" index="2" bw="2" slack="0"/>
</pin_list>
<bind>
<opcode="add(8) " fcode="add"/>
<opset="add_ln30/2 "/>
</bind>
</comp>

<comp id="200" class="1004" name="store_ln30_store_fu_200">
<pin_list>
<pin id="201" dir="0" index="0" bw="4" slack="0"/>
<pin id="202" dir="0" index="1" bw="4" slack="1"/>
<pin id="203" dir="1" index="2" bw="0" slack="2147483647"/>
</pin_list>
<bind>
<opcode="store(28) " fcode="store"/>
<opset="store_ln30/2 "/>
</bind>
</comp>

<comp id="205" class="1004" name="store_ln30_store_fu_205">
<pin_list>
<pin id="206" dir="0" index="0" bw="2" slack="0"/>
<pin id="207" dir="0" index="1" bw="2" slack="1"/>
<pin id="208" dir="1" index="2" bw="0" slack="2147483647"/>
</pin_list>
<bind>
<opcode="store(28) " fcode="store"/>
<opset="store_ln30/2 "/>
</bind>
</comp>

<comp id="210" class="1005" name="ic_reg_210">
<pin_list>
<pin id="211" dir="0" index="0" bw="2" slack="0"/>
<pin id="212" dir="1" index="1" bw="2" slack="0"/>
</pin_list>
<bind>
<opset="ic "/>
</bind>
</comp>

<comp id="217" class="1005" name="p_reg_217">
<pin_list>
<pin id="218" dir="0" index="0" bw="4" slack="0"/>
<pin id="219" dir="1" index="1" bw="4" slack="0"/>
</pin_list>
<bind>
<opset="p "/>
</bind>
</comp>

<comp id="224" class="1005" name="indvar_flatten_reg_224">
<pin_list>
<pin id="225" dir="0" index="0" bw="5" slack="0"/>
<pin id="226" dir="1" index="1" bw="5" slack="0"/>
</pin_list>
<bind>
<opset="indvar_flatten "/>
</bind>
</comp>

</comp_list>

<net_list>
<net id="57"><net_src comp="8" pin="0"/><net_sink comp="54" pin=0"/></net>

<net id="61"><net_src comp="8" pin="0"/><net_sink comp="58" pin=0"/></net>

<net id="65"><net_src comp="8" pin="0"/><net_sink comp="62" pin=0"/></net>

<net id="70"><net_src comp="48" pin="0"/><net_sink comp="66" pin=0"/></net>

<net id="71"><net_src comp="6" pin="0"/><net_sink comp="66" pin=1"/></net>

<net id="77"><net_src comp="4" pin="0"/><net_sink comp="72" pin=0"/></net>

<net id="78"><net_src comp="52" pin="0"/><net_sink comp="72" pin=1"/></net>

<net id="84"><net_src comp="72" pin="3"/><net_sink comp="79" pin=0"/></net>

<net id="90"><net_src comp="0" pin="0"/><net_sink comp="85" pin=0"/></net>

<net id="91"><net_src comp="52" pin="0"/><net_sink comp="85" pin=1"/></net>

<net id="97"><net_src comp="85" pin="3"/><net_sink comp="92" pin=0"/></net>

<net id="103"><net_src comp="2" pin="0"/><net_sink comp="98" pin=0"/></net>

<net id="104"><net_src comp="52" pin="0"/><net_sink comp="98" pin=1"/></net>

<net id="110"><net_src comp="98" pin="3"/><net_sink comp="105" pin=0"/></net>

<net id="115"><net_src comp="22" pin="0"/><net_sink comp="111" pin=0"/></net>

<net id="120"><net_src comp="24" pin="0"/><net_sink comp="116" pin=0"/></net>

<net id="125"><net_src comp="26" pin="0"/><net_sink comp="121" pin=0"/></net>

<net id="133"><net_src comp="126" pin="1"/><net_sink comp="129" pin=0"/></net>

<net id="134"><net_src comp="28" pin="0"/><net_sink comp="129" pin=1"/></net>

<net id="139"><net_src comp="126" pin="1"/><net_sink comp="135" pin=0"/></net>

<net id="140"><net_src comp="30" pin="0"/><net_sink comp="135" pin=1"/></net>

<net id="145"><net_src comp="135" pin="2"/><net_sink comp="141" pin=0"/></net>

<net id="156"><net_src comp="146" pin="1"/><net_sink comp="152" pin=0"/></net>

<net id="157"><net_src comp="40" pin="0"/><net_sink comp="152" pin=1"/></net>

<net id="163"><net_src comp="152" pin="2"/><net_sink comp="158" pin=0"/></net>

<net id="164"><net_src comp="26" pin="0"/><net_sink comp="158" pin=1"/></net>

<net id="165"><net_src comp="146" pin="1"/><net_sink comp="158" pin=2"/></net>

<net id="170"><net_src comp="149" pin="1"/><net_sink comp="166" pin=0"/></net>

<net id="171"><net_src comp="42" pin="0"/><net_sink comp="166" pin=1"/></net>

<net id="177"><net_src comp="152" pin="2"/><net_sink comp="172" pin=0"/></net>

<net id="178"><net_src comp="166" pin="2"/><net_sink comp="172" pin=1"/></net>

<net id="179"><net_src comp="149" pin="1"/><net_sink comp="172" pin=2"/></net>

<net id="183"><net_src comp="172" pin="3"/><net_sink comp="180" pin=0"/></net>

<net id="184"><net_src comp="180" pin="1"/><net_sink comp="72" pin=2"/></net>

<net id="185"><net_src comp="180" pin="1"/><net_sink comp="85" pin=2"/></net>

<net id="186"><net_src comp="180" pin="1"/><net_sink comp="98" pin=2"/></net>

<net id="190"><net_src comp="66" pin="2"/><net_sink comp="187" pin=0"/></net>

<net id="191"><net_src comp="187" pin="1"/><net_sink comp="79" pin=1"/></net>

<net id="192"><net_src comp="187" pin="1"/><net_sink comp="92" pin=1"/></net>

<net id="193"><net_src comp="187" pin="1"/><net_sink comp="105" pin=1"/></net>

<net id="198"><net_src comp="158" pin="3"/><net_sink comp="194" pin=0"/></net>

<net id="199"><net_src comp="50" pin="0"/><net_sink comp="194" pin=1"/></net>

<net id="204"><net_src comp="172" pin="3"/><net_sink comp="200" pin=0"/></net>

<net id="209"><net_src comp="194" pin="2"/><net_sink comp="205" pin=0"/></net>

<net id="213"><net_src comp="54" pin="1"/><net_sink comp="210" pin=0"/></net>

<net id="214"><net_src comp="210" pin="1"/><net_sink comp="121" pin=1"/></net>

<net id="215"><net_src comp="210" pin="1"/><net_sink comp="146" pin=0"/></net>

<net id="216"><net_src comp="210" pin="1"/><net_sink comp="205" pin=1"/></net>

<net id="220"><net_src comp="58" pin="1"/><net_sink comp="217" pin=0"/></net>

<net id="221"><net_src comp="217" pin="1"/><net_sink comp="116" pin=1"/></net>

<net id="222"><net_src comp="217" pin="1"/><net_sink comp="149" pin=0"/></net>

<net id="223"><net_src comp="217" pin="1"/><net_sink comp="200" pin=1"/></net>

<net id="227"><net_src comp="62" pin="1"/><net_sink comp="224" pin=0"/></net>

<net id="228"><net_src comp="224" pin="1"/><net_sink comp="111" pin=1"/></net>

<net id="229"><net_src comp="224" pin="1"/><net_sink comp="126" pin=0"/></net>

<net id="230"><net_src comp="224" pin="1"/><net_sink comp="141" pin=1"/></net>

</net_list>

</model> 
---------------- Datapath Model END ------------------

* FSMD analyzer results:
  - Output states:
	Port: x | {2 }
	Port: x_2 | {2 }
	Port: x_1 | {2 }
 - Input state : 
	Port: conv1_lif_top_Pipeline_VITIS_LOOP_29_2_VITIS_LOOP_30_3 : in_r | {2 }
  - Chain level:
	State 1
		store_ln0 : 1
		store_ln0 : 1
		store_ln0 : 1
		indvar_flatten_load : 1
		icmp_ln29 : 2
		add_ln29 : 2
		br_ln29 : 3
		store_ln30 : 3
	State 2
		icmp_ln30 : 1
		select_ln29 : 2
		add_ln29_1 : 1
		select_ln29_1 : 2
		zext_ln29 : 3
		switch_ln32 : 3
		x_1_addr : 4
		store_ln32 : 5
		x_addr : 4
		store_ln32 : 5
		x_2_addr : 4
		store_ln32 : 5
		add_ln30 : 3
		store_ln30 : 3
		store_ln30 : 4


============================================================
+ Verbose Summary: Datapath Resource usage 
============================================================

* Functional unit list:
|----------|----------------------|---------|---------|
| Operation|    Functional Unit   |    FF   |   LUT   |
|----------|----------------------|---------|---------|
|          |    add_ln29_fu_135   |    0    |    12   |
|    add   |   add_ln29_1_fu_166  |    0    |    12   |
|          |    add_ln30_fu_194   |    0    |    9    |
|----------|----------------------|---------|---------|
|   icmp   |   icmp_ln29_fu_129   |    0    |    12   |
|          |   icmp_ln30_fu_152   |    0    |    9    |
|----------|----------------------|---------|---------|
|  select  |  select_ln29_fu_158  |    0    |    2    |
|          | select_ln29_1_fu_172 |    0    |    4    |
|----------|----------------------|---------|---------|
|   read   | in_r_read_read_fu_66 |    0    |    0    |
|----------|----------------------|---------|---------|
|   zext   |   zext_ln29_fu_180   |    0    |    0    |
|----------|----------------------|---------|---------|
|   Total  |                      |    0    |    60   |
|----------|----------------------|---------|---------|

Memories:
N/A

* Register list:
+----------------------+--------+
|                      |   FF   |
+----------------------+--------+
|      ic_reg_210      |    2   |
|indvar_flatten_reg_224|    5   |
|       p_reg_217      |    4   |
+----------------------+--------+
|         Total        |   11   |
+----------------------+--------+

* Multiplexer (MUX) list: 
|--------|------|------|------|--------|
|  Comp  |  Pin | Size |  BW  | S x BW |
|--------|------|------|------|--------|
|  Total |      |      |      |    0   |
|--------|------|------|------|--------|



* Summary:
+-----------+--------+--------+
|           |   FF   |   LUT  |
+-----------+--------+--------+
|  Function |    0   |   60   |
|   Memory  |    -   |    -   |
|Multiplexer|    -   |    -   |
|  Register |   11   |    -   |
+-----------+--------+--------+
|   Total   |   11   |   60   |
+-----------+--------+--------+
