

================================================================
== Vitis HLS Report for 'conv1_lif_top'
================================================================
* Date:           Thu Mar 12 03:47:17 2026

* Version:        2023.1 (Build 3854077 on May  4 2023)
* Project:        convSNN_conv1
* Solution:       solution1 (Vivado IP Flow Target)
* Product family: virtexuplus
* Target device:  xcvu9p-flga2577-2-e


================================================================
== Performance Estimates
================================================================
+ Timing: 
    * Summary: 
    +--------+----------+----------+------------+
    |  Clock |  Target  | Estimated| Uncertainty|
    +--------+----------+----------+------------+
    |ap_clk  |  10.00 ns|  7.015 ns|     2.70 ns|
    +--------+----------+----------+------------+

+ Latency: 
    * Summary: 
    +---------+---------+----------+----------+-----+-----+---------+
    |  Latency (cycles) |  Latency (absolute) |  Interval | Pipeline|
    |   min   |   max   |    min   |    max   | min | max |   Type  |
    +---------+---------+----------+----------+-----+-----+---------+
    |        ?|        ?|         ?|         ?|    ?|    ?|       no|
    +---------+---------+----------+----------+-----+-----+---------+

    + Detail: 
        * Instance: 
        N/A

        * Loop: 
        +-------------------+---------+---------+----------+-----------+-----------+------+----------+
        |                   |  Latency (cycles) | Iteration|  Initiation Interval  | Trip |          |
        |     Loop Name     |   min   |   max   |  Latency |  achieved |   target  | Count| Pipelined|
        +-------------------+---------+---------+----------+-----------+-----------+------+----------+
        |- VITIS_LOOP_21_1  |        ?|        ?|       580|          -|          -|     ?|        no|
        +-------------------+---------+---------+----------+-----------+-----------+------+----------+

============================================================
+ Verbose Summary: Synthesis Manager
============================================================
InlineROM: 1
ExposeGlobal: 0
============================================================
+ Verbose Summary: CDFG Model
============================================================
IsTopModel: 1
ResetActiveHigh: 1
IsCombinational: 0
IsDatapathOnly: 0
HasWiredReturn: 1
HasMFsm: 0
HasVarLatency: 1
IsPipeline: 0
IsRtlPipelined: 0
IsInstanceOverlapped: 0
IsDontTouch: 0
HasImplIP: 0
IsGatedGlobalClock: 0


============================================================
+ Verbose Summary: Schedule
============================================================
* Number of FSM states : 7
* Pipeline : 0
* Dataflow Pipeline: 0

* FSM state transitions: 
1 --> 2 
2 --> 3 
3 --> 4 
4 --> 5 
5 --> 6 
6 --> 7 
7 --> 2 

* FSM state operations: 

State 1 <SV = 0> <Delay = 0.38>
ST_1 : Operation 8 [1/1] (0.00ns)   --->   "%evt = alloca i32 1"   --->   Operation 8 'alloca' 'evt' <Predicate = true> <Delay = 0.00>
ST_1 : Operation 9 [1/1] (0.00ns)   --->   "%spectopmodule_ln8 = spectopmodule void @_ssdm_op_SpecTopModule, void @empty_2" [/home/coder/Desktop/s2n2/convSNN/conv1_top.cpp:8]   --->   Operation 9 'spectopmodule' 'spectopmodule_ln8' <Predicate = true> <Delay = 0.00>
ST_1 : Operation 10 [1/1] (0.00ns)   --->   "%specinterface_ln8 = specinterface void @_ssdm_op_SpecInterface, i32 0, void @empty_3, i32 0, i32 0, void @empty, i32 0, i32 0, void @empty, void @empty, void @empty, i32 0, i32 0, i32 0, i32 0, void @empty, void @empty, i32 4294967295, i32 0" [/home/coder/Desktop/s2n2/convSNN/conv1_top.cpp:8]   --->   Operation 10 'specinterface' 'specinterface_ln8' <Predicate = true> <Delay = 0.00>
ST_1 : Operation 11 [1/1] (0.00ns)   --->   "%specinterface_ln0 = specinterface void @_ssdm_op_SpecInterface, i32 %in_r, void @empty_0, i32 0, i32 0, void @empty, i32 0, i32 64, void @empty, void @empty, void @empty, i32 0, i32 0, i32 0, i32 0, void @empty, void @empty, i32 4294967295, i32 0"   --->   Operation 11 'specinterface' 'specinterface_ln0' <Predicate = true> <Delay = 0.00>
ST_1 : Operation 12 [1/1] (0.00ns)   --->   "%specbitsmap_ln0 = specbitsmap void @_ssdm_op_SpecBitsMap, i32 %in_r"   --->   Operation 12 'specbitsmap' 'specbitsmap_ln0' <Predicate = true> <Delay = 0.00>
ST_1 : Operation 13 [1/1] (0.00ns)   --->   "%specinterface_ln0 = specinterface void @_ssdm_op_SpecInterface, i32 %out_r, void @empty_0, i32 0, i32 0, void @empty, i32 0, i32 64, void @empty, void @empty, void @empty, i32 0, i32 0, i32 0, i32 0, void @empty, void @empty, i32 4294967295, i32 0"   --->   Operation 13 'specinterface' 'specinterface_ln0' <Predicate = true> <Delay = 0.00>
ST_1 : Operation 14 [1/1] (0.00ns)   --->   "%specbitsmap_ln0 = specbitsmap void @_ssdm_op_SpecBitsMap, i32 %out_r"   --->   Operation 14 'specbitsmap' 'specbitsmap_ln0' <Predicate = true> <Delay = 0.00>
ST_1 : Operation 15 [1/1] (0.00ns)   --->   "%specbitsmap_ln0 = specbitsmap void @_ssdm_op_SpecBitsMap, i32 %numEvents"   --->   Operation 15 'specbitsmap' 'specbitsmap_ln0' <Predicate = true> <Delay = 0.00>
ST_1 : Operation 16 [1/1] (0.00ns)   --->   "%specinterface_ln0 = specinterface void @_ssdm_op_SpecInterface, i32 %numEvents, void @empty_1, i32 0, i32 0, void @empty, i32 0, i32 0, void @empty, void @empty, void @empty, i32 0, i32 0, i32 0, i32 0, void @empty, void @empty, i32 4294967295, i32 0"   --->   Operation 16 'specinterface' 'specinterface_ln0' <Predicate = true> <Delay = 0.00>
ST_1 : Operation 17 [1/1] (0.00ns)   --->   "%numEvents_read = read i32 @_ssdm_op_Read.ap_auto.i32, i32 %numEvents"   --->   Operation 17 'read' 'numEvents_read' <Predicate = true> <Delay = 0.00>
ST_1 : Operation 18 [1/1] (0.00ns)   --->   "%x = alloca i64 1" [/home/coder/Desktop/s2n2/convSNN/conv1_top.cpp:27]   --->   Operation 18 'alloca' 'x' <Predicate = true> <Delay = 0.00>
ST_1 : Operation 19 [1/1] (0.00ns)   --->   "%x_1 = alloca i64 1" [/home/coder/Desktop/s2n2/convSNN/conv1_top.cpp:27]   --->   Operation 19 'alloca' 'x_1' <Predicate = true> <Delay = 0.00>
ST_1 : Operation 20 [1/1] (0.00ns)   --->   "%x_2 = alloca i64 1" [/home/coder/Desktop/s2n2/convSNN/conv1_top.cpp:27]   --->   Operation 20 'alloca' 'x_2' <Predicate = true> <Delay = 0.00>
ST_1 : Operation 21 [1/1] (0.00ns)   --->   "%mem = alloca i64 1" [/home/coder/Desktop/s2n2/convSNN/conv1_top.cpp:43]   --->   Operation 21 'alloca' 'mem' <Predicate = true> <Delay = 0.00>
ST_1 : Operation 22 [1/1] (0.00ns)   --->   "%mem_1 = alloca i64 1" [/home/coder/Desktop/s2n2/convSNN/conv1_top.cpp:43]   --->   Operation 22 'alloca' 'mem_1' <Predicate = true> <Delay = 0.00>
ST_1 : Operation 23 [1/1] (0.00ns)   --->   "%mem_2 = alloca i64 1" [/home/coder/Desktop/s2n2/convSNN/conv1_top.cpp:43]   --->   Operation 23 'alloca' 'mem_2' <Predicate = true> <Delay = 0.00>
ST_1 : Operation 24 [1/1] (0.00ns)   --->   "%mem_3 = alloca i64 1" [/home/coder/Desktop/s2n2/convSNN/conv1_top.cpp:43]   --->   Operation 24 'alloca' 'mem_3' <Predicate = true> <Delay = 0.00>
ST_1 : Operation 25 [1/1] (0.00ns)   --->   "%mem_4 = alloca i64 1" [/home/coder/Desktop/s2n2/convSNN/conv1_top.cpp:43]   --->   Operation 25 'alloca' 'mem_4' <Predicate = true> <Delay = 0.00>
ST_1 : Operation 26 [1/1] (0.00ns)   --->   "%mem_5 = alloca i64 1" [/home/coder/Desktop/s2n2/convSNN/conv1_top.cpp:43]   --->   Operation 26 'alloca' 'mem_5' <Predicate = true> <Delay = 0.00>
ST_1 : Operation 27 [1/1] (0.00ns)   --->   "%mem_6 = alloca i64 1" [/home/coder/Desktop/s2n2/convSNN/conv1_top.cpp:43]   --->   Operation 27 'alloca' 'mem_6' <Predicate = true> <Delay = 0.00>
ST_1 : Operation 28 [1/1] (0.00ns)   --->   "%mem_7 = alloca i64 1" [/home/coder/Desktop/s2n2/convSNN/conv1_top.cpp:43]   --->   Operation 28 'alloca' 'mem_7' <Predicate = true> <Delay = 0.00>
ST_1 : Operation 29 [1/1] (0.00ns)   --->   "%mem_8 = alloca i64 1" [/home/coder/Desktop/s2n2/convSNN/conv1_top.cpp:43]   --->   Operation 29 'alloca' 'mem_8' <Predicate = true> <Delay = 0.00>
ST_1 : Operation 30 [1/1] (0.00ns)   --->   "%mem_9 = alloca i64 1" [/home/coder/Desktop/s2n2/convSNN/conv1_top.cpp:43]   --->   Operation 30 'alloca' 'mem_9' <Predicate = true> <Delay = 0.00>
ST_1 : Operation 31 [1/1] (0.00ns)   --->   "%mem_10 = alloca i64 1" [/home/coder/Desktop/s2n2/convSNN/conv1_top.cpp:43]   --->   Operation 31 'alloca' 'mem_10' <Predicate = true> <Delay = 0.00>
ST_1 : Operation 32 [1/1] (0.00ns)   --->   "%mem_11 = alloca i64 1" [/home/coder/Desktop/s2n2/convSNN/conv1_top.cpp:43]   --->   Operation 32 'alloca' 'mem_11' <Predicate = true> <Delay = 0.00>
ST_1 : Operation 33 [1/1] (0.00ns)   --->   "%mem_12 = alloca i64 1" [/home/coder/Desktop/s2n2/convSNN/conv1_top.cpp:43]   --->   Operation 33 'alloca' 'mem_12' <Predicate = true> <Delay = 0.00>
ST_1 : Operation 34 [1/1] (0.00ns)   --->   "%mem_13 = alloca i64 1" [/home/coder/Desktop/s2n2/convSNN/conv1_top.cpp:43]   --->   Operation 34 'alloca' 'mem_13' <Predicate = true> <Delay = 0.00>
ST_1 : Operation 35 [1/1] (0.00ns)   --->   "%mem_14 = alloca i64 1" [/home/coder/Desktop/s2n2/convSNN/conv1_top.cpp:43]   --->   Operation 35 'alloca' 'mem_14' <Predicate = true> <Delay = 0.00>
ST_1 : Operation 36 [1/1] (0.00ns)   --->   "%mem_15 = alloca i64 1" [/home/coder/Desktop/s2n2/convSNN/conv1_top.cpp:43]   --->   Operation 36 'alloca' 'mem_15' <Predicate = true> <Delay = 0.00>
ST_1 : Operation 37 [1/1] (0.00ns)   --->   "%mem_16 = alloca i64 1" [/home/coder/Desktop/s2n2/convSNN/conv1_top.cpp:43]   --->   Operation 37 'alloca' 'mem_16' <Predicate = true> <Delay = 0.00>
ST_1 : Operation 38 [1/1] (0.00ns)   --->   "%mem_17 = alloca i64 1" [/home/coder/Desktop/s2n2/convSNN/conv1_top.cpp:43]   --->   Operation 38 'alloca' 'mem_17' <Predicate = true> <Delay = 0.00>
ST_1 : Operation 39 [1/1] (0.00ns)   --->   "%mem_18 = alloca i64 1" [/home/coder/Desktop/s2n2/convSNN/conv1_top.cpp:43]   --->   Operation 39 'alloca' 'mem_18' <Predicate = true> <Delay = 0.00>
ST_1 : Operation 40 [1/1] (0.00ns)   --->   "%mem_19 = alloca i64 1" [/home/coder/Desktop/s2n2/convSNN/conv1_top.cpp:43]   --->   Operation 40 'alloca' 'mem_19' <Predicate = true> <Delay = 0.00>
ST_1 : Operation 41 [1/1] (0.00ns)   --->   "%mem_20 = alloca i64 1" [/home/coder/Desktop/s2n2/convSNN/conv1_top.cpp:43]   --->   Operation 41 'alloca' 'mem_20' <Predicate = true> <Delay = 0.00>
ST_1 : Operation 42 [1/1] (0.00ns)   --->   "%mem_21 = alloca i64 1" [/home/coder/Desktop/s2n2/convSNN/conv1_top.cpp:43]   --->   Operation 42 'alloca' 'mem_21' <Predicate = true> <Delay = 0.00>
ST_1 : Operation 43 [1/1] (0.00ns)   --->   "%mem_22 = alloca i64 1" [/home/coder/Desktop/s2n2/convSNN/conv1_top.cpp:43]   --->   Operation 43 'alloca' 'mem_22' <Predicate = true> <Delay = 0.00>
ST_1 : Operation 44 [1/1] (0.00ns)   --->   "%mem_23 = alloca i64 1" [/home/coder/Desktop/s2n2/convSNN/conv1_top.cpp:43]   --->   Operation 44 'alloca' 'mem_23' <Predicate = true> <Delay = 0.00>
ST_1 : Operation 45 [1/1] (0.00ns)   --->   "%mem_24 = alloca i64 1" [/home/coder/Desktop/s2n2/convSNN/conv1_top.cpp:43]   --->   Operation 45 'alloca' 'mem_24' <Predicate = true> <Delay = 0.00>
ST_1 : Operation 46 [1/1] (0.00ns)   --->   "%mem_25 = alloca i64 1" [/home/coder/Desktop/s2n2/convSNN/conv1_top.cpp:43]   --->   Operation 46 'alloca' 'mem_25' <Predicate = true> <Delay = 0.00>
ST_1 : Operation 47 [1/1] (0.00ns)   --->   "%mem_26 = alloca i64 1" [/home/coder/Desktop/s2n2/convSNN/conv1_top.cpp:43]   --->   Operation 47 'alloca' 'mem_26' <Predicate = true> <Delay = 0.00>
ST_1 : Operation 48 [1/1] (0.00ns)   --->   "%mem_27 = alloca i64 1" [/home/coder/Desktop/s2n2/convSNN/conv1_top.cpp:43]   --->   Operation 48 'alloca' 'mem_27' <Predicate = true> <Delay = 0.00>
ST_1 : Operation 49 [1/1] (0.00ns)   --->   "%mem_28 = alloca i64 1" [/home/coder/Desktop/s2n2/convSNN/conv1_top.cpp:43]   --->   Operation 49 'alloca' 'mem_28' <Predicate = true> <Delay = 0.00>
ST_1 : Operation 50 [1/1] (0.00ns)   --->   "%mem_29 = alloca i64 1" [/home/coder/Desktop/s2n2/convSNN/conv1_top.cpp:43]   --->   Operation 50 'alloca' 'mem_29' <Predicate = true> <Delay = 0.00>
ST_1 : Operation 51 [1/1] (0.00ns)   --->   "%mem_30 = alloca i64 1" [/home/coder/Desktop/s2n2/convSNN/conv1_top.cpp:43]   --->   Operation 51 'alloca' 'mem_30' <Predicate = true> <Delay = 0.00>
ST_1 : Operation 52 [1/1] (0.00ns)   --->   "%mem_31 = alloca i64 1" [/home/coder/Desktop/s2n2/convSNN/conv1_top.cpp:43]   --->   Operation 52 'alloca' 'mem_31' <Predicate = true> <Delay = 0.00>
ST_1 : Operation 53 [1/1] (0.00ns)   --->   "%prev_spk = alloca i64 1" [/home/coder/Desktop/s2n2/convSNN/conv1_top.cpp:44]   --->   Operation 53 'alloca' 'prev_spk' <Predicate = true> <Delay = 0.00>
ST_1 : Operation 54 [1/1] (0.00ns)   --->   "%prev_spk_1 = alloca i64 1" [/home/coder/Desktop/s2n2/convSNN/conv1_top.cpp:44]   --->   Operation 54 'alloca' 'prev_spk_1' <Predicate = true> <Delay = 0.00>
ST_1 : Operation 55 [1/1] (0.00ns)   --->   "%prev_spk_2 = alloca i64 1" [/home/coder/Desktop/s2n2/convSNN/conv1_top.cpp:44]   --->   Operation 55 'alloca' 'prev_spk_2' <Predicate = true> <Delay = 0.00>
ST_1 : Operation 56 [1/1] (0.00ns)   --->   "%prev_spk_3 = alloca i64 1" [/home/coder/Desktop/s2n2/convSNN/conv1_top.cpp:44]   --->   Operation 56 'alloca' 'prev_spk_3' <Predicate = true> <Delay = 0.00>
ST_1 : Operation 57 [1/1] (0.00ns)   --->   "%prev_spk_4 = alloca i64 1" [/home/coder/Desktop/s2n2/convSNN/conv1_top.cpp:44]   --->   Operation 57 'alloca' 'prev_spk_4' <Predicate = true> <Delay = 0.00>
ST_1 : Operation 58 [1/1] (0.00ns)   --->   "%prev_spk_5 = alloca i64 1" [/home/coder/Desktop/s2n2/convSNN/conv1_top.cpp:44]   --->   Operation 58 'alloca' 'prev_spk_5' <Predicate = true> <Delay = 0.00>
ST_1 : Operation 59 [1/1] (0.00ns)   --->   "%prev_spk_6 = alloca i64 1" [/home/coder/Desktop/s2n2/convSNN/conv1_top.cpp:44]   --->   Operation 59 'alloca' 'prev_spk_6' <Predicate = true> <Delay = 0.00>
ST_1 : Operation 60 [1/1] (0.00ns)   --->   "%prev_spk_7 = alloca i64 1" [/home/coder/Desktop/s2n2/convSNN/conv1_top.cpp:44]   --->   Operation 60 'alloca' 'prev_spk_7' <Predicate = true> <Delay = 0.00>
ST_1 : Operation 61 [1/1] (0.00ns)   --->   "%prev_spk_8 = alloca i64 1" [/home/coder/Desktop/s2n2/convSNN/conv1_top.cpp:44]   --->   Operation 61 'alloca' 'prev_spk_8' <Predicate = true> <Delay = 0.00>
ST_1 : Operation 62 [1/1] (0.00ns)   --->   "%prev_spk_9 = alloca i64 1" [/home/coder/Desktop/s2n2/convSNN/conv1_top.cpp:44]   --->   Operation 62 'alloca' 'prev_spk_9' <Predicate = true> <Delay = 0.00>
ST_1 : Operation 63 [1/1] (0.00ns)   --->   "%prev_spk_10 = alloca i64 1" [/home/coder/Desktop/s2n2/convSNN/conv1_top.cpp:44]   --->   Operation 63 'alloca' 'prev_spk_10' <Predicate = true> <Delay = 0.00>
ST_1 : Operation 64 [1/1] (0.00ns)   --->   "%prev_spk_11 = alloca i64 1" [/home/coder/Desktop/s2n2/convSNN/conv1_top.cpp:44]   --->   Operation 64 'alloca' 'prev_spk_11' <Predicate = true> <Delay = 0.00>
ST_1 : Operation 65 [1/1] (0.00ns)   --->   "%prev_spk_12 = alloca i64 1" [/home/coder/Desktop/s2n2/convSNN/conv1_top.cpp:44]   --->   Operation 65 'alloca' 'prev_spk_12' <Predicate = true> <Delay = 0.00>
ST_1 : Operation 66 [1/1] (0.00ns)   --->   "%prev_spk_13 = alloca i64 1" [/home/coder/Desktop/s2n2/convSNN/conv1_top.cpp:44]   --->   Operation 66 'alloca' 'prev_spk_13' <Predicate = true> <Delay = 0.00>
ST_1 : Operation 67 [1/1] (0.00ns)   --->   "%prev_spk_14 = alloca i64 1" [/home/coder/Desktop/s2n2/convSNN/conv1_top.cpp:44]   --->   Operation 67 'alloca' 'prev_spk_14' <Predicate = true> <Delay = 0.00>
ST_1 : Operation 68 [1/1] (0.00ns)   --->   "%prev_spk_15 = alloca i64 1" [/home/coder/Desktop/s2n2/convSNN/conv1_top.cpp:44]   --->   Operation 68 'alloca' 'prev_spk_15' <Predicate = true> <Delay = 0.00>
ST_1 : Operation 69 [1/1] (0.00ns)   --->   "%prev_spk_16 = alloca i64 1" [/home/coder/Desktop/s2n2/convSNN/conv1_top.cpp:44]   --->   Operation 69 'alloca' 'prev_spk_16' <Predicate = true> <Delay = 0.00>
ST_1 : Operation 70 [1/1] (0.00ns)   --->   "%prev_spk_17 = alloca i64 1" [/home/coder/Desktop/s2n2/convSNN/conv1_top.cpp:44]   --->   Operation 70 'alloca' 'prev_spk_17' <Predicate = true> <Delay = 0.00>
ST_1 : Operation 71 [1/1] (0.00ns)   --->   "%prev_spk_18 = alloca i64 1" [/home/coder/Desktop/s2n2/convSNN/conv1_top.cpp:44]   --->   Operation 71 'alloca' 'prev_spk_18' <Predicate = true> <Delay = 0.00>
ST_1 : Operation 72 [1/1] (0.00ns)   --->   "%prev_spk_19 = alloca i64 1" [/home/coder/Desktop/s2n2/convSNN/conv1_top.cpp:44]   --->   Operation 72 'alloca' 'prev_spk_19' <Predicate = true> <Delay = 0.00>
ST_1 : Operation 73 [1/1] (0.00ns)   --->   "%prev_spk_20 = alloca i64 1" [/home/coder/Desktop/s2n2/convSNN/conv1_top.cpp:44]   --->   Operation 73 'alloca' 'prev_spk_20' <Predicate = true> <Delay = 0.00>
ST_1 : Operation 74 [1/1] (0.00ns)   --->   "%prev_spk_21 = alloca i64 1" [/home/coder/Desktop/s2n2/convSNN/conv1_top.cpp:44]   --->   Operation 74 'alloca' 'prev_spk_21' <Predicate = true> <Delay = 0.00>
ST_1 : Operation 75 [1/1] (0.00ns)   --->   "%prev_spk_22 = alloca i64 1" [/home/coder/Desktop/s2n2/convSNN/conv1_top.cpp:44]   --->   Operation 75 'alloca' 'prev_spk_22' <Predicate = true> <Delay = 0.00>
ST_1 : Operation 76 [1/1] (0.00ns)   --->   "%prev_spk_23 = alloca i64 1" [/home/coder/Desktop/s2n2/convSNN/conv1_top.cpp:44]   --->   Operation 76 'alloca' 'prev_spk_23' <Predicate = true> <Delay = 0.00>
ST_1 : Operation 77 [1/1] (0.00ns)   --->   "%prev_spk_24 = alloca i64 1" [/home/coder/Desktop/s2n2/convSNN/conv1_top.cpp:44]   --->   Operation 77 'alloca' 'prev_spk_24' <Predicate = true> <Delay = 0.00>
ST_1 : Operation 78 [1/1] (0.00ns)   --->   "%prev_spk_25 = alloca i64 1" [/home/coder/Desktop/s2n2/convSNN/conv1_top.cpp:44]   --->   Operation 78 'alloca' 'prev_spk_25' <Predicate = true> <Delay = 0.00>
ST_1 : Operation 79 [1/1] (0.00ns)   --->   "%prev_spk_26 = alloca i64 1" [/home/coder/Desktop/s2n2/convSNN/conv1_top.cpp:44]   --->   Operation 79 'alloca' 'prev_spk_26' <Predicate = true> <Delay = 0.00>
ST_1 : Operation 80 [1/1] (0.00ns)   --->   "%prev_spk_27 = alloca i64 1" [/home/coder/Desktop/s2n2/convSNN/conv1_top.cpp:44]   --->   Operation 80 'alloca' 'prev_spk_27' <Predicate = true> <Delay = 0.00>
ST_1 : Operation 81 [1/1] (0.00ns)   --->   "%prev_spk_28 = alloca i64 1" [/home/coder/Desktop/s2n2/convSNN/conv1_top.cpp:44]   --->   Operation 81 'alloca' 'prev_spk_28' <Predicate = true> <Delay = 0.00>
ST_1 : Operation 82 [1/1] (0.00ns)   --->   "%prev_spk_29 = alloca i64 1" [/home/coder/Desktop/s2n2/convSNN/conv1_top.cpp:44]   --->   Operation 82 'alloca' 'prev_spk_29' <Predicate = true> <Delay = 0.00>
ST_1 : Operation 83 [1/1] (0.00ns)   --->   "%prev_spk_30 = alloca i64 1" [/home/coder/Desktop/s2n2/convSNN/conv1_top.cpp:44]   --->   Operation 83 'alloca' 'prev_spk_30' <Predicate = true> <Delay = 0.00>
ST_1 : Operation 84 [1/1] (0.00ns)   --->   "%prev_spk_31 = alloca i64 1" [/home/coder/Desktop/s2n2/convSNN/conv1_top.cpp:44]   --->   Operation 84 'alloca' 'prev_spk_31' <Predicate = true> <Delay = 0.00>
ST_1 : Operation 85 [1/1] (0.38ns)   --->   "%store_ln21 = store i32 0, i32 %evt" [/home/coder/Desktop/s2n2/convSNN/conv1_top.cpp:21]   --->   Operation 85 'store' 'store_ln21' <Predicate = true> <Delay = 0.38>
ST_1 : Operation 86 [1/1] (0.00ns)   --->   "%br_ln21 = br void %VITIS_LOOP_29_2" [/home/coder/Desktop/s2n2/convSNN/conv1_top.cpp:21]   --->   Operation 86 'br' 'br_ln21' <Predicate = true> <Delay = 0.00>

State 2 <SV = 1> <Delay = 1.26>
ST_2 : Operation 87 [1/1] (0.00ns)   --->   "%evt_1 = load i32 %evt" [/home/coder/Desktop/s2n2/convSNN/conv1_top.cpp:21]   --->   Operation 87 'load' 'evt_1' <Predicate = true> <Delay = 0.00>
ST_2 : Operation 88 [1/1] (0.88ns)   --->   "%icmp_ln21 = icmp_eq  i32 %evt_1, i32 %numEvents_read" [/home/coder/Desktop/s2n2/convSNN/conv1_top.cpp:21]   --->   Operation 88 'icmp' 'icmp_ln21' <Predicate = true> <Delay = 0.88> <CoreInst = "Cmp">   --->   Core 9 'Cmp' <Latency = 0> <II = 1> <Delay = 0.88> <FuncUnit> <Opcode : 'icmp'> <InPorts = 2> <OutPorts = 1>
ST_2 : Operation 89 [1/1] (0.88ns)   --->   "%evt_2 = add i32 %evt_1, i32 1" [/home/coder/Desktop/s2n2/convSNN/conv1_top.cpp:21]   --->   Operation 89 'add' 'evt_2' <Predicate = true> <Delay = 0.88> <CoreInst = "Adder">   --->   Core 1 'Adder' <Latency = 0> <II = 1> <Delay = 0.88> <FuncUnit> <Opcode : 'add' 'sub'> <InPorts = 2> <OutPorts = 1>
ST_2 : Operation 90 [1/1] (0.00ns)   --->   "%br_ln21 = br i1 %icmp_ln21, void %VITIS_LOOP_29_2.split, void %for.end114.loopexit" [/home/coder/Desktop/s2n2/convSNN/conv1_top.cpp:21]   --->   Operation 90 'br' 'br_ln21' <Predicate = true> <Delay = 0.00>
ST_2 : Operation 91 [1/1] (0.00ns)   --->   "%empty = wait i32 @_ssdm_op_Wait"   --->   Operation 91 'wait' 'empty' <Predicate = (!icmp_ln21)> <Delay = 0.00>
ST_2 : Operation 92 [2/2] (0.00ns)   --->   "%call_ln0 = call void @conv1_lif_top_Pipeline_VITIS_LOOP_29_2_VITIS_LOOP_30_3, i32 %x, i32 %x_2, i32 %x_1, i32 %in_r"   --->   Operation 92 'call' 'call_ln0' <Predicate = (!icmp_ln21)> <Delay = 0.00> <CoreType = "Generic">   --->   Core 0 '' <Latency = 0> <II = 1> <Delay = 1.00> <Generic> <Opcode : >
ST_2 : Operation 93 [1/1] (0.38ns)   --->   "%store_ln21 = store i32 %evt_2, i32 %evt" [/home/coder/Desktop/s2n2/convSNN/conv1_top.cpp:21]   --->   Operation 93 'store' 'store_ln21' <Predicate = (!icmp_ln21)> <Delay = 0.38>
ST_2 : Operation 94 [1/1] (0.00ns)   --->   "%ret_ln117 = ret" [/home/coder/Desktop/s2n2/convSNN/conv1_top.cpp:117]   --->   Operation 94 'ret' 'ret_ln117' <Predicate = (icmp_ln21)> <Delay = 0.00>

State 3 <SV = 2> <Delay = 0.00>
ST_3 : Operation 95 [1/2] (0.00ns)   --->   "%call_ln0 = call void @conv1_lif_top_Pipeline_VITIS_LOOP_29_2_VITIS_LOOP_30_3, i32 %x, i32 %x_2, i32 %x_1, i32 %in_r"   --->   Operation 95 'call' 'call_ln0' <Predicate = true> <Delay = 0.00> <CoreType = "Generic">   --->   Core 0 '' <Latency = 0> <II = 1> <Delay = 1.00> <Generic> <Opcode : >

State 4 <SV = 3> <Delay = 0.00>
ST_4 : Operation 96 [1/1] (0.00ns)   --->   "%empty_14 = wait i32 @_ssdm_op_Wait"   --->   Operation 96 'wait' 'empty_14' <Predicate = true> <Delay = 0.00>
ST_4 : Operation 97 [2/2] (0.00ns)   --->   "%call_ln0 = call void @conv1_lif_top_Pipeline_VITIS_LOOP_46_4_VITIS_LOOP_47_5, i1 %prev_spk_31, i1 %prev_spk_30, i1 %prev_spk_29, i1 %prev_spk_28, i1 %prev_spk_27, i1 %prev_spk_26, i1 %prev_spk_25, i1 %prev_spk_24, i1 %prev_spk_23, i1 %prev_spk_22, i1 %prev_spk_21, i1 %prev_spk_20, i1 %prev_spk_19, i1 %prev_spk_18, i1 %prev_spk_17, i1 %prev_spk_16, i1 %prev_spk_15, i1 %prev_spk_14, i1 %prev_spk_13, i1 %prev_spk_12, i1 %prev_spk_11, i1 %prev_spk_10, i1 %prev_spk_9, i1 %prev_spk_8, i1 %prev_spk_7, i1 %prev_spk_6, i1 %prev_spk_5, i1 %prev_spk_4, i1 %prev_spk_3, i1 %prev_spk_2, i1 %prev_spk_1, i1 %prev_spk, i32 %mem_31, i32 %mem_30, i32 %mem_29, i32 %mem_28, i32 %mem_27, i32 %mem_26, i32 %mem_25, i32 %mem_24, i32 %mem_23, i32 %mem_22, i32 %mem_21, i32 %mem_20, i32 %mem_19, i32 %mem_18, i32 %mem_17, i32 %mem_16, i32 %mem_15, i32 %mem_14, i32 %mem_13, i32 %mem_12, i32 %mem_11, i32 %mem_10, i32 %mem_9, i32 %mem_8, i32 %mem_7, i32 %mem_6, i32 %mem_5, i32 %mem_4, i32 %mem_3, i32 %mem_2, i32 %mem_1, i32 %mem"   --->   Operation 97 'call' 'call_ln0' <Predicate = true> <Delay = 0.00> <CoreType = "Generic">   --->   Core 0 '' <Latency = 0> <II = 1> <Delay = 1.00> <Generic> <Opcode : >

State 5 <SV = 4> <Delay = 0.00>
ST_5 : Operation 98 [1/2] (0.00ns)   --->   "%call_ln0 = call void @conv1_lif_top_Pipeline_VITIS_LOOP_46_4_VITIS_LOOP_47_5, i1 %prev_spk_31, i1 %prev_spk_30, i1 %prev_spk_29, i1 %prev_spk_28, i1 %prev_spk_27, i1 %prev_spk_26, i1 %prev_spk_25, i1 %prev_spk_24, i1 %prev_spk_23, i1 %prev_spk_22, i1 %prev_spk_21, i1 %prev_spk_20, i1 %prev_spk_19, i1 %prev_spk_18, i1 %prev_spk_17, i1 %prev_spk_16, i1 %prev_spk_15, i1 %prev_spk_14, i1 %prev_spk_13, i1 %prev_spk_12, i1 %prev_spk_11, i1 %prev_spk_10, i1 %prev_spk_9, i1 %prev_spk_8, i1 %prev_spk_7, i1 %prev_spk_6, i1 %prev_spk_5, i1 %prev_spk_4, i1 %prev_spk_3, i1 %prev_spk_2, i1 %prev_spk_1, i1 %prev_spk, i32 %mem_31, i32 %mem_30, i32 %mem_29, i32 %mem_28, i32 %mem_27, i32 %mem_26, i32 %mem_25, i32 %mem_24, i32 %mem_23, i32 %mem_22, i32 %mem_21, i32 %mem_20, i32 %mem_19, i32 %mem_18, i32 %mem_17, i32 %mem_16, i32 %mem_15, i32 %mem_14, i32 %mem_13, i32 %mem_12, i32 %mem_11, i32 %mem_10, i32 %mem_9, i32 %mem_8, i32 %mem_7, i32 %mem_6, i32 %mem_5, i32 %mem_4, i32 %mem_3, i32 %mem_2, i32 %mem_1, i32 %mem"   --->   Operation 98 'call' 'call_ln0' <Predicate = true> <Delay = 0.00> <CoreType = "Generic">   --->   Core 0 '' <Latency = 0> <II = 1> <Delay = 1.00> <Generic> <Opcode : >

State 6 <SV = 5> <Delay = 0.00>
ST_6 : Operation 99 [1/1] (0.00ns)   --->   "%empty_15 = wait i32 @_ssdm_op_Wait"   --->   Operation 99 'wait' 'empty_15' <Predicate = true> <Delay = 0.00>
ST_6 : Operation 100 [2/2] (0.00ns)   --->   "%call_ln0 = call void @conv1_lif_top_Pipeline_VITIS_LOOP_58_6_VITIS_LOOP_59_7, i32 %x, i32 %x_1, i32 %x_2, i32 %mem, i1 %prev_spk, i32 %mem_1, i1 %prev_spk_1, i32 %mem_2, i1 %prev_spk_2, i32 %mem_3, i1 %prev_spk_3, i32 %mem_4, i1 %prev_spk_4, i32 %mem_5, i1 %prev_spk_5, i32 %mem_6, i1 %prev_spk_6, i32 %mem_7, i1 %prev_spk_7, i32 %mem_8, i1 %prev_spk_8, i32 %mem_9, i1 %prev_spk_9, i32 %mem_10, i1 %prev_spk_10, i32 %mem_11, i1 %prev_spk_11, i32 %mem_12, i1 %prev_spk_12, i32 %mem_13, i1 %prev_spk_13, i32 %mem_14, i1 %prev_spk_14, i32 %mem_15, i1 %prev_spk_15, i32 %mem_16, i1 %prev_spk_16, i32 %mem_17, i1 %prev_spk_17, i32 %mem_18, i1 %prev_spk_18, i32 %mem_19, i1 %prev_spk_19, i32 %mem_20, i1 %prev_spk_20, i32 %mem_21, i1 %prev_spk_21, i32 %mem_22, i1 %prev_spk_22, i32 %mem_23, i1 %prev_spk_23, i32 %mem_24, i1 %prev_spk_24, i32 %mem_25, i1 %prev_spk_25, i32 %mem_26, i1 %prev_spk_26, i32 %mem_27, i1 %prev_spk_27, i32 %mem_28, i1 %prev_spk_28, i32 %mem_29, i1 %prev_spk_29, i32 %mem_30, i1 %prev_spk_30, i32 %mem_31, i1 %prev_spk_31, i32 %out_r"   --->   Operation 100 'call' 'call_ln0' <Predicate = true> <Delay = 0.00> <CoreType = "Generic">   --->   Core 0 '' <Latency = 0> <II = 1> <Delay = 1.00> <Generic> <Opcode : >

State 7 <SV = 6> <Delay = 0.00>
ST_7 : Operation 101 [1/1] (0.00ns)   --->   "%specloopname_ln21 = specloopname void @_ssdm_op_SpecLoopName, void @empty_7" [/home/coder/Desktop/s2n2/convSNN/conv1_top.cpp:21]   --->   Operation 101 'specloopname' 'specloopname_ln21' <Predicate = true> <Delay = 0.00>
ST_7 : Operation 102 [1/2] (0.00ns)   --->   "%call_ln0 = call void @conv1_lif_top_Pipeline_VITIS_LOOP_58_6_VITIS_LOOP_59_7, i32 %x, i32 %x_1, i32 %x_2, i32 %mem, i1 %prev_spk, i32 %mem_1, i1 %prev_spk_1, i32 %mem_2, i1 %prev_spk_2, i32 %mem_3, i1 %prev_spk_3, i32 %mem_4, i1 %prev_spk_4, i32 %mem_5, i1 %prev_spk_5, i32 %mem_6, i1 %prev_spk_6, i32 %mem_7, i1 %prev_spk_7, i32 %mem_8, i1 %prev_spk_8, i32 %mem_9, i1 %prev_spk_9, i32 %mem_10, i1 %prev_spk_10, i32 %mem_11, i1 %prev_spk_11, i32 %mem_12, i1 %prev_spk_12, i32 %mem_13, i1 %prev_spk_13, i32 %mem_14, i1 %prev_spk_14, i32 %mem_15, i1 %prev_spk_15, i32 %mem_16, i1 %prev_spk_16, i32 %mem_17, i1 %prev_spk_17, i32 %mem_18, i1 %prev_spk_18, i32 %mem_19, i1 %prev_spk_19, i32 %mem_20, i1 %prev_spk_20, i32 %mem_21, i1 %prev_spk_21, i32 %mem_22, i1 %prev_spk_22, i32 %mem_23, i1 %prev_spk_23, i32 %mem_24, i1 %prev_spk_24, i32 %mem_25, i1 %prev_spk_25, i32 %mem_26, i1 %prev_spk_26, i32 %mem_27, i1 %prev_spk_27, i32 %mem_28, i1 %prev_spk_28, i32 %mem_29, i1 %prev_spk_29, i32 %mem_30, i1 %prev_spk_30, i32 %mem_31, i1 %prev_spk_31, i32 %out_r"   --->   Operation 102 'call' 'call_ln0' <Predicate = true> <Delay = 0.00> <CoreType = "Generic">   --->   Core 0 '' <Latency = 0> <II = 1> <Delay = 1.00> <Generic> <Opcode : >
ST_7 : Operation 103 [1/1] (0.00ns)   --->   "%br_ln21 = br void %VITIS_LOOP_29_2" [/home/coder/Desktop/s2n2/convSNN/conv1_top.cpp:21]   --->   Operation 103 'br' 'br_ln21' <Predicate = true> <Delay = 0.00>


============================================================
+ Verbose Summary: Timing violations
============================================================
Target clock period: 10.000ns, clock uncertainty: 2.700ns.

 <State 1>: 0.387ns
The critical path consists of the following:
	'alloca' operation ('evt') [4]  (0.000 ns)
	'store' operation ('store_ln21', /home/coder/Desktop/s2n2/convSNN/conv1_top.cpp:21) of constant 0 on local variable 'evt' [81]  (0.387 ns)

 <State 2>: 1.267ns
The critical path consists of the following:
	'load' operation ('evt', /home/coder/Desktop/s2n2/convSNN/conv1_top.cpp:21) on local variable 'evt' [84]  (0.000 ns)
	'add' operation ('evt', /home/coder/Desktop/s2n2/convSNN/conv1_top.cpp:21) [86]  (0.880 ns)
	'store' operation ('store_ln21', /home/coder/Desktop/s2n2/convSNN/conv1_top.cpp:21) of variable 'evt', /home/coder/Desktop/s2n2/convSNN/conv1_top.cpp:21 on local variable 'evt' [96]  (0.387 ns)

 <State 3>: 0.000ns
The critical path consists of the following:

 <State 4>: 0.000ns
The critical path consists of the following:

 <State 5>: 0.000ns
The critical path consists of the following:

 <State 6>: 0.000ns
The critical path consists of the following:

 <State 7>: 0.000ns
The critical path consists of the following:


============================================================
+ Verbose Summary: Binding
============================================================
N/A
* FSMD analyzer results:
  - Output states:
 - Input state : 
  - Chain level:
	State 1
	State 2
	State 3
	State 4
	State 5
	State 6
	State 7


============================================================
+ Verbose Summary: Datapath Resource usage 
============================================================
N/A
