

================================================================
== Vitis HLS Report for 'conv1_lif_top_Pipeline_VITIS_LOOP_29_2_VITIS_LOOP_30_3'
================================================================
* Date:           Thu Mar 12 04:19:16 2026

* Version:        2023.1 (Build 3854077 on May  4 2023)
* Project:        convSNN_conv1
* Solution:       solution1 (Vivado IP Flow Target)
* Product family: virtexuplus
* Target device:  xcvu9p-flga2577-2-e


================================================================
== Performance Estimates
================================================================
+ Timing: 
    * Summary: 
    +--------+----------+----------+------------+
    |  Clock |  Target  | Estimated| Uncertainty|
    +--------+----------+----------+------------+
    |ap_clk  |  10.00 ns|  2.127 ns|     2.70 ns|
    +--------+----------+----------+------------+

+ Latency: 
    * Summary: 
    +---------+---------+----------+----------+-----+-----+---------+
    |  Latency (cycles) |  Latency (absolute) |  Interval | Pipeline|
    |   min   |   max   |    min   |    max   | min | max |   Type  |
    +---------+---------+----------+----------+-----+-----+---------+
    |       32|       32|  0.320 us|  0.320 us|   32|   32|       no|
    +---------+---------+----------+----------+-----+-----+---------+

    + Detail: 
        * Instance: 
        N/A

        * Loop: 
        +-----------------------------------+---------+---------+----------+-----------+-----------+------+----------+
        |                                   |  Latency (cycles) | Iteration|  Initiation Interval  | Trip |          |
        |             Loop Name             |   min   |   max   |  Latency |  achieved |   target  | Count| Pipelined|
        +-----------------------------------+---------+---------+----------+-----------+-----------+------+----------+
        |- VITIS_LOOP_29_2_VITIS_LOOP_30_3  |       30|       30|         2|          1|          1|    30|       yes|
        +-----------------------------------+---------+---------+----------+-----------+-----------+------+----------+

============================================================
+ Verbose Summary: Synthesis Manager
============================================================
InlineROM: 1
ExposeGlobal: 0
============================================================
+ Verbose Summary: CDFG Model
============================================================
IsTopModel: 0
ResetActiveHigh: 1
IsCombinational: 0
IsDatapathOnly: 0
HasWiredReturn: 1
HasMFsm: 2
HasVarLatency: 1
IsPipeline: 0
IsRtlPipelined: 0
IsInstanceOverlapped: 0
IsDontTouch: 0
HasImplIP: 0
IsGatedGlobalClock: 0

+ Individual pipeline summary: 
  * Pipeline-0: initiation interval (II) = 1, depth = 2


============================================================
+ Verbose Summary: Schedule
============================================================
* Number of FSM states : 2
* Pipeline : 1
  Pipeline-0 : II = 1, D = 2, States = { 1 2 }
* Dataflow Pipeline: 0

* FSM state transitions: 
1 --> 2 
2 --> 

* FSM state operations: 

State 1 <SV = 0> <Delay = 1.09>
ST_1 : Operation 5 [1/1] (0.00ns)   --->   "%ic = alloca i32 1"   --->   Operation 5 'alloca' 'ic' <Predicate = true> <Delay = 0.00>
ST_1 : Operation 6 [1/1] (0.00ns)   --->   "%p = alloca i32 1"   --->   Operation 6 'alloca' 'p' <Predicate = true> <Delay = 0.00>
ST_1 : Operation 7 [1/1] (0.00ns)   --->   "%indvar_flatten = alloca i32 1"   --->   Operation 7 'alloca' 'indvar_flatten' <Predicate = true> <Delay = 0.00>
ST_1 : Operation 8 [1/1] (0.00ns)   --->   "%specinterface_ln0 = specinterface void @_ssdm_op_SpecInterface, i32 %in_r, void @empty_0, i32 0, i32 0, void @empty, i32 0, i32 64, void @empty, void @empty, void @empty, i32 0, i32 0, i32 0, i32 0, void @empty, void @empty, i32 4294967295, i32 0"   --->   Operation 8 'specinterface' 'specinterface_ln0' <Predicate = true> <Delay = 0.00>
ST_1 : Operation 9 [1/1] (0.38ns)   --->   "%store_ln0 = store i5 0, i5 %indvar_flatten"   --->   Operation 9 'store' 'store_ln0' <Predicate = true> <Delay = 0.38>
ST_1 : Operation 10 [1/1] (0.38ns)   --->   "%store_ln0 = store i4 0, i4 %p"   --->   Operation 10 'store' 'store_ln0' <Predicate = true> <Delay = 0.38>
ST_1 : Operation 11 [1/1] (0.38ns)   --->   "%store_ln0 = store i2 0, i2 %ic"   --->   Operation 11 'store' 'store_ln0' <Predicate = true> <Delay = 0.38>
ST_1 : Operation 12 [1/1] (0.00ns)   --->   "%br_ln0 = br void %for.inc"   --->   Operation 12 'br' 'br_ln0' <Predicate = true> <Delay = 0.00>
ST_1 : Operation 13 [1/1] (0.00ns)   --->   "%indvar_flatten_load = load i5 %indvar_flatten" [/home/coder/Desktop/s2n2/convSNN/conv1_top.cpp:29]   --->   Operation 13 'load' 'indvar_flatten_load' <Predicate = true> <Delay = 0.00>
ST_1 : Operation 14 [1/1] (0.70ns)   --->   "%icmp_ln29 = icmp_eq  i5 %indvar_flatten_load, i5 30" [/home/coder/Desktop/s2n2/convSNN/conv1_top.cpp:29]   --->   Operation 14 'icmp' 'icmp_ln29' <Predicate = true> <Delay = 0.70> <CoreInst = "Cmp">   --->   Core 9 'Cmp' <Latency = 0> <II = 1> <Delay = 0.70> <FuncUnit> <Opcode : 'icmp'> <InPorts = 2> <OutPorts = 1>
ST_1 : Operation 15 [1/1] (0.70ns)   --->   "%add_ln29 = add i5 %indvar_flatten_load, i5 1" [/home/coder/Desktop/s2n2/convSNN/conv1_top.cpp:29]   --->   Operation 15 'add' 'add_ln29' <Predicate = true> <Delay = 0.70> <CoreInst = "Adder">   --->   Core 1 'Adder' <Latency = 0> <II = 1> <Delay = 0.70> <FuncUnit> <Opcode : 'add' 'sub'> <InPorts = 2> <OutPorts = 1>
ST_1 : Operation 16 [1/1] (0.00ns)   --->   "%br_ln29 = br i1 %icmp_ln29, void %for.inc11, void %for.inc39.preheader.exitStub" [/home/coder/Desktop/s2n2/convSNN/conv1_top.cpp:29]   --->   Operation 16 'br' 'br_ln29' <Predicate = true> <Delay = 0.00>
ST_1 : Operation 17 [1/1] (0.38ns)   --->   "%store_ln30 = store i5 %add_ln29, i5 %indvar_flatten" [/home/coder/Desktop/s2n2/convSNN/conv1_top.cpp:30]   --->   Operation 17 'store' 'store_ln30' <Predicate = (!icmp_ln29)> <Delay = 0.38>
ST_1 : Operation 45 [1/1] (0.00ns)   --->   "%ret_ln0 = ret"   --->   Operation 45 'ret' 'ret_ln0' <Predicate = (icmp_ln29)> <Delay = 0.00>

State 2 <SV = 1> <Delay = 2.12>
ST_2 : Operation 18 [1/1] (0.00ns)   --->   "%ic_load = load i2 %ic" [/home/coder/Desktop/s2n2/convSNN/conv1_top.cpp:30]   --->   Operation 18 'load' 'ic_load' <Predicate = true> <Delay = 0.00>
ST_2 : Operation 19 [1/1] (0.00ns)   --->   "%p_load = load i4 %p" [/home/coder/Desktop/s2n2/convSNN/conv1_top.cpp:29]   --->   Operation 19 'load' 'p_load' <Predicate = true> <Delay = 0.00>
ST_2 : Operation 20 [1/1] (0.00ns)   --->   "%specloopname_ln0 = specloopname void @_ssdm_op_SpecLoopName, void @VITIS_LOOP_29_2_VITIS_LOOP_30_3_str"   --->   Operation 20 'specloopname' 'specloopname_ln0' <Predicate = true> <Delay = 0.00>
ST_2 : Operation 21 [1/1] (0.00ns)   --->   "%speclooptripcount_ln0 = speclooptripcount void @_ssdm_op_SpecLoopTripCount, i64 30, i64 30, i64 30"   --->   Operation 21 'speclooptripcount' 'speclooptripcount_ln0' <Predicate = true> <Delay = 0.00>
ST_2 : Operation 22 [1/1] (0.43ns)   --->   "%icmp_ln30 = icmp_eq  i2 %ic_load, i2 3" [/home/coder/Desktop/s2n2/convSNN/conv1_top.cpp:30]   --->   Operation 22 'icmp' 'icmp_ln30' <Predicate = true> <Delay = 0.43> <CoreInst = "Cmp">   --->   Core 9 'Cmp' <Latency = 0> <II = 1> <Delay = 0.43> <FuncUnit> <Opcode : 'icmp'> <InPorts = 2> <OutPorts = 1>
ST_2 : Operation 23 [1/1] (0.27ns)   --->   "%select_ln29 = select i1 %icmp_ln30, i2 0, i2 %ic_load" [/home/coder/Desktop/s2n2/convSNN/conv1_top.cpp:29]   --->   Operation 23 'select' 'select_ln29' <Predicate = true> <Delay = 0.27> <CoreInst = "Sel">   --->   Core 73 'Sel' <Latency = 0> <II = 1> <Delay = 0.27> <FuncUnit> <Opcode : 'select'> <InPorts = 3> <OutPorts = 1>
ST_2 : Operation 24 [1/1] (0.70ns)   --->   "%add_ln29_1 = add i4 %p_load, i4 1" [/home/coder/Desktop/s2n2/convSNN/conv1_top.cpp:29]   --->   Operation 24 'add' 'add_ln29_1' <Predicate = true> <Delay = 0.70> <CoreInst = "Adder">   --->   Core 1 'Adder' <Latency = 0> <II = 1> <Delay = 0.70> <FuncUnit> <Opcode : 'add' 'sub'> <InPorts = 2> <OutPorts = 1>
ST_2 : Operation 25 [1/1] (0.35ns)   --->   "%select_ln29_1 = select i1 %icmp_ln30, i4 %add_ln29_1, i4 %p_load" [/home/coder/Desktop/s2n2/convSNN/conv1_top.cpp:29]   --->   Operation 25 'select' 'select_ln29_1' <Predicate = true> <Delay = 0.35> <CoreInst = "Sel">   --->   Core 73 'Sel' <Latency = 0> <II = 1> <Delay = 0.35> <FuncUnit> <Opcode : 'select'> <InPorts = 3> <OutPorts = 1>
ST_2 : Operation 26 [1/1] (0.00ns)   --->   "%zext_ln29 = zext i4 %select_ln29_1" [/home/coder/Desktop/s2n2/convSNN/conv1_top.cpp:29]   --->   Operation 26 'zext' 'zext_ln29' <Predicate = true> <Delay = 0.00>
ST_2 : Operation 27 [1/1] (0.00ns)   --->   "%specpipeline_ln31 = specpipeline void @_ssdm_op_SpecPipeline, i32 1, i32 0, i32 0, i32 0, void @empty" [/home/coder/Desktop/s2n2/convSNN/conv1_top.cpp:31]   --->   Operation 27 'specpipeline' 'specpipeline_ln31' <Predicate = true> <Delay = 0.00>
ST_2 : Operation 28 [1/1] (0.00ns)   --->   "%specloopname_ln30 = specloopname void @_ssdm_op_SpecLoopName, void @empty_4" [/home/coder/Desktop/s2n2/convSNN/conv1_top.cpp:30]   --->   Operation 28 'specloopname' 'specloopname_ln30' <Predicate = true> <Delay = 0.00>
ST_2 : Operation 29 [1/1] (1.42ns)   --->   "%in_r_read = read i32 @_ssdm_op_Read.ap_fifo.volatile.i32P0A, i32 %in_r" [/home/coder/Desktop/s2n2/convSNN/conv1_top.cpp:32]   --->   Operation 29 'read' 'in_r_read' <Predicate = true> <Delay = 1.42> <CoreInst = "FIFO">   --->   Core 78 'FIFO' <Latency = 0> <II = 1> <Delay = 1.42> <Storage> <Opcode : 'read' 'write' 'nbread' 'nbwrite'> <Ports = 0> <Width = -1> <Depth = -1> <FIFO>
ST_2 : Operation 30 [1/1] (0.00ns)   --->   "%bitcast_ln32 = bitcast i32 %in_r_read" [/home/coder/Desktop/s2n2/convSNN/conv1_top.cpp:32]   --->   Operation 30 'bitcast' 'bitcast_ln32' <Predicate = true> <Delay = 0.00>
ST_2 : Operation 31 [1/1] (0.66ns)   --->   "%switch_ln32 = switch i2 %select_ln29, void %arrayidx109.case.2, i2 0, void %arrayidx109.case.0, i2 1, void %arrayidx109.case.1" [/home/coder/Desktop/s2n2/convSNN/conv1_top.cpp:32]   --->   Operation 31 'switch' 'switch_ln32' <Predicate = true> <Delay = 0.66>
ST_2 : Operation 32 [1/1] (0.00ns)   --->   "%x_1_addr = getelementptr i32 %x_1, i64 0, i64 %zext_ln29" [/home/coder/Desktop/s2n2/convSNN/conv1_top.cpp:32]   --->   Operation 32 'getelementptr' 'x_1_addr' <Predicate = (select_ln29 == 1)> <Delay = 0.00>
ST_2 : Operation 33 [1/1] (0.69ns)   --->   "%store_ln32 = store i32 %bitcast_ln32, i4 %x_1_addr" [/home/coder/Desktop/s2n2/convSNN/conv1_top.cpp:32]   --->   Operation 33 'store' 'store_ln32' <Predicate = (select_ln29 == 1)> <Delay = 0.69> <CoreInst = "RAM">   --->   Core 83 'RAM' <Latency = 1> <II = 1> <Delay = 0.69> <Storage> <Opcode : 'load' 'store'> <Ports = 2> <Width = 32> <Depth = 10> <RAM>
ST_2 : Operation 34 [1/1] (0.00ns)   --->   "%br_ln32 = br void %arrayidx109.exit" [/home/coder/Desktop/s2n2/convSNN/conv1_top.cpp:32]   --->   Operation 34 'br' 'br_ln32' <Predicate = (select_ln29 == 1)> <Delay = 0.00>
ST_2 : Operation 35 [1/1] (0.00ns)   --->   "%x_addr = getelementptr i32 %x, i64 0, i64 %zext_ln29" [/home/coder/Desktop/s2n2/convSNN/conv1_top.cpp:32]   --->   Operation 35 'getelementptr' 'x_addr' <Predicate = (select_ln29 == 0)> <Delay = 0.00>
ST_2 : Operation 36 [1/1] (0.69ns)   --->   "%store_ln32 = store i32 %bitcast_ln32, i4 %x_addr" [/home/coder/Desktop/s2n2/convSNN/conv1_top.cpp:32]   --->   Operation 36 'store' 'store_ln32' <Predicate = (select_ln29 == 0)> <Delay = 0.69> <CoreInst = "RAM">   --->   Core 83 'RAM' <Latency = 1> <II = 1> <Delay = 0.69> <Storage> <Opcode : 'load' 'store'> <Ports = 2> <Width = 32> <Depth = 10> <RAM>
ST_2 : Operation 37 [1/1] (0.00ns)   --->   "%br_ln32 = br void %arrayidx109.exit" [/home/coder/Desktop/s2n2/convSNN/conv1_top.cpp:32]   --->   Operation 37 'br' 'br_ln32' <Predicate = (select_ln29 == 0)> <Delay = 0.00>
ST_2 : Operation 38 [1/1] (0.00ns)   --->   "%x_2_addr = getelementptr i32 %x_2, i64 0, i64 %zext_ln29" [/home/coder/Desktop/s2n2/convSNN/conv1_top.cpp:32]   --->   Operation 38 'getelementptr' 'x_2_addr' <Predicate = (select_ln29 != 0 & select_ln29 != 1)> <Delay = 0.00>
ST_2 : Operation 39 [1/1] (0.69ns)   --->   "%store_ln32 = store i32 %bitcast_ln32, i4 %x_2_addr" [/home/coder/Desktop/s2n2/convSNN/conv1_top.cpp:32]   --->   Operation 39 'store' 'store_ln32' <Predicate = (select_ln29 != 0 & select_ln29 != 1)> <Delay = 0.69> <CoreInst = "RAM">   --->   Core 83 'RAM' <Latency = 1> <II = 1> <Delay = 0.69> <Storage> <Opcode : 'load' 'store'> <Ports = 2> <Width = 32> <Depth = 10> <RAM>
ST_2 : Operation 40 [1/1] (0.00ns)   --->   "%br_ln32 = br void %arrayidx109.exit" [/home/coder/Desktop/s2n2/convSNN/conv1_top.cpp:32]   --->   Operation 40 'br' 'br_ln32' <Predicate = (select_ln29 != 0 & select_ln29 != 1)> <Delay = 0.00>
ST_2 : Operation 41 [1/1] (0.43ns)   --->   "%add_ln30 = add i2 %select_ln29, i2 1" [/home/coder/Desktop/s2n2/convSNN/conv1_top.cpp:30]   --->   Operation 41 'add' 'add_ln30' <Predicate = true> <Delay = 0.43> <CoreInst = "Adder">   --->   Core 1 'Adder' <Latency = 0> <II = 1> <Delay = 0.43> <FuncUnit> <Opcode : 'add' 'sub'> <InPorts = 2> <OutPorts = 1>
ST_2 : Operation 42 [1/1] (0.38ns)   --->   "%store_ln30 = store i4 %select_ln29_1, i4 %p" [/home/coder/Desktop/s2n2/convSNN/conv1_top.cpp:30]   --->   Operation 42 'store' 'store_ln30' <Predicate = true> <Delay = 0.38>
ST_2 : Operation 43 [1/1] (0.38ns)   --->   "%store_ln30 = store i2 %add_ln30, i2 %ic" [/home/coder/Desktop/s2n2/convSNN/conv1_top.cpp:30]   --->   Operation 43 'store' 'store_ln30' <Predicate = true> <Delay = 0.38>
ST_2 : Operation 44 [1/1] (0.00ns)   --->   "%br_ln30 = br void %for.inc" [/home/coder/Desktop/s2n2/convSNN/conv1_top.cpp:30]   --->   Operation 44 'br' 'br_ln30' <Predicate = true> <Delay = 0.00>


============================================================
+ Verbose Summary: Timing violations
============================================================
Target clock period: 10.000ns, clock uncertainty: 2.700ns.

 <State 1>: 1.094ns
The critical path consists of the following:
	'alloca' operation ('indvar_flatten') [7]  (0.000 ns)
	'load' operation ('indvar_flatten_load', /home/coder/Desktop/s2n2/convSNN/conv1_top.cpp:29) on local variable 'indvar_flatten' [14]  (0.000 ns)
	'add' operation ('add_ln29', /home/coder/Desktop/s2n2/convSNN/conv1_top.cpp:29) [16]  (0.707 ns)
	'store' operation ('store_ln30', /home/coder/Desktop/s2n2/convSNN/conv1_top.cpp:30) of variable 'add_ln29', /home/coder/Desktop/s2n2/convSNN/conv1_top.cpp:29 on local variable 'indvar_flatten' [47]  (0.387 ns)

 <State 2>: 2.127ns
The critical path consists of the following:
	fifo read operation ('in_r_read', /home/coder/Desktop/s2n2/convSNN/conv1_top.cpp:32) on port 'in_r' (/home/coder/Desktop/s2n2/convSNN/conv1_top.cpp:32) [30]  (1.428 ns)
	'store' operation ('store_ln32', /home/coder/Desktop/s2n2/convSNN/conv1_top.cpp:32) of variable 'bitcast_ln32', /home/coder/Desktop/s2n2/convSNN/conv1_top.cpp:32 on array 'x_2' [43]  (0.699 ns)


============================================================
+ Verbose Summary: Binding
============================================================
N/A
* FSMD analyzer results:
  - Output states:
 - Input state : 
  - Chain level:
	State 1
	State 2


============================================================
+ Verbose Summary: Datapath Resource usage 
============================================================
N/A
