

================================================================
== Vitis HLS Report for 'ConvolutionInputGenerator_Pipeline_VITIS_LOOP_196_1_VITIS_LOOP_197_2'
================================================================
* Date:           Mon Feb 23 22:36:58 2026

* Version:        2023.1 (Build 3854077 on May  4 2023)
* Project:        convSNN_conv1
* Solution:       solution1 (Vivado IP Flow Target)
* Product family: virtexuplus
* Target device:  xcvu9p-flga2577-2-e


================================================================
== Performance Estimates
================================================================
+ Timing: 
    * Summary: 
    +--------+----------+----------+------------+
    |  Clock |  Target  | Estimated| Uncertainty|
    +--------+----------+----------+------------+
    |ap_clk  |  10.00 ns|  2.509 ns|     2.70 ns|
    +--------+----------+----------+------------+

+ Latency: 
    * Summary: 
    +---------+---------+----------+----------+-----+-----+---------+
    |  Latency (cycles) |  Latency (absolute) |  Interval | Pipeline|
    |   min   |   max   |    min   |    max   | min | max |   Type  |
    +---------+---------+----------+----------+-----+-----+---------+
    |        ?|        ?|         ?|         ?|    ?|    ?|       no|
    +---------+---------+----------+----------+-----+-----+---------+

    + Detail: 
        * Instance: 
        N/A

        * Loop: 
        +-------------------------------------+---------+---------+----------+-----------+-----------+------+----------+
        |                                     |  Latency (cycles) | Iteration|  Initiation Interval  | Trip |          |
        |              Loop Name              |   min   |   max   |  Latency |  achieved |   target  | Count| Pipelined|
        +-------------------------------------+---------+---------+----------+-----------+-----------+------+----------+
        |- VITIS_LOOP_196_1_VITIS_LOOP_197_2  |        ?|        ?|         2|          1|          1|     ?|       yes|
        +-------------------------------------+---------+---------+----------+-----------+-----------+------+----------+

============================================================
+ Verbose Summary: Synthesis Manager
============================================================
InlineROM: 1
ExposeGlobal: 0
============================================================
+ Verbose Summary: CDFG Model
============================================================
IsTopModel: 0
ResetActiveHigh: 1
IsCombinational: 0
IsDatapathOnly: 0
HasWiredReturn: 1
HasMFsm: 2
HasVarLatency: 1
IsPipeline: 0
IsRtlPipelined: 0
IsInstanceOverlapped: 0
IsDontTouch: 0
HasImplIP: 0
IsGatedGlobalClock: 0

+ Individual pipeline summary: 
  * Pipeline-0: initiation interval (II) = 1, depth = 3


============================================================
+ Verbose Summary: Schedule
============================================================
* Number of FSM states : 3
* Pipeline : 1
  Pipeline-0 : II = 1, D = 3, States = { 1 2 3 }
* Dataflow Pipeline: 0

* FSM state transitions: 
1 --> 2 
2 --> 3 
3 --> 

* FSM state operations: 

State 1 <SV = 0> <Delay = 0.45>
ST_1 : Operation 5 [1/1] (0.00ns)   --->   "%read_block = alloca i32 1"   --->   Operation 5 'alloca' 'read_block' <Predicate = true> <Delay = 0.00>
ST_1 : Operation 6 [1/1] (0.00ns)   --->   "%i = alloca i32 1"   --->   Operation 6 'alloca' 'i' <Predicate = true> <Delay = 0.00>
ST_1 : Operation 7 [1/1] (0.00ns)   --->   "%indvar_flatten = alloca i32 1"   --->   Operation 7 'alloca' 'indvar_flatten' <Predicate = true> <Delay = 0.00>
ST_1 : Operation 8 [1/1] (0.00ns)   --->   "%ofm_y = alloca i32 1"   --->   Operation 8 'alloca' 'ofm_y' <Predicate = true> <Delay = 0.00>
ST_1 : Operation 9 [1/1] (0.00ns)   --->   "%current_block_write = alloca i32 1"   --->   Operation 9 'alloca' 'current_block_write' <Predicate = true> <Delay = 0.00>
ST_1 : Operation 10 [1/1] (0.00ns)   --->   "%current_line_in_block = alloca i32 1"   --->   Operation 10 'alloca' 'current_line_in_block' <Predicate = true> <Delay = 0.00>
ST_1 : Operation 11 [1/1] (0.00ns)   --->   "%inp = alloca i32 1"   --->   Operation 11 'alloca' 'inp' <Predicate = true> <Delay = 0.00>
ST_1 : Operation 12 [1/1] (0.00ns)   --->   "%current_line = alloca i32 1"   --->   Operation 12 'alloca' 'current_line' <Predicate = true> <Delay = 0.00>
ST_1 : Operation 13 [1/1] (0.00ns)   --->   "%counter_internal_block = alloca i32 1"   --->   Operation 13 'alloca' 'counter_internal_block' <Predicate = true> <Delay = 0.00>
ST_1 : Operation 14 [1/1] (0.00ns)   --->   "%specmemcore_ln0 = specmemcore void @_ssdm_op_SpecMemCore, i3 %inputBuf, i64 666, i64 21, i64 18446744073709551615"   --->   Operation 14 'specmemcore' 'specmemcore_ln0' <Predicate = true> <Delay = 0.00>
ST_1 : Operation 15 [1/1] (0.00ns)   --->   "%specmemcore_ln0 = specmemcore void @_ssdm_op_SpecMemCore, i3 %inputBuf_1, i64 666, i64 21, i64 18446744073709551615"   --->   Operation 15 'specmemcore' 'specmemcore_ln0' <Predicate = true> <Delay = 0.00>
ST_1 : Operation 16 [1/1] (0.00ns)   --->   "%specinterface_ln0 = specinterface void @_ssdm_op_SpecInterface, i3 %in_r, void @empty_0, i32 0, i32 0, void @empty, i32 0, i32 0, void @empty, void @empty, void @empty, i32 0, i32 0, i32 0, i32 0, void @empty, void @empty, i32 4294967295, i32 0"   --->   Operation 16 'specinterface' 'specinterface_ln0' <Predicate = true> <Delay = 0.00>
ST_1 : Operation 17 [1/1] (0.00ns)   --->   "%specinterface_ln0 = specinterface void @_ssdm_op_SpecInterface, i3 %convInp_i, void @empty_0, i32 0, i32 0, void @empty, i32 0, i32 0, void @empty, void @empty, void @empty, i32 0, i32 0, i32 0, i32 0, void @empty, void @empty, i32 4294967295, i32 0"   --->   Operation 17 'specinterface' 'specinterface_ln0' <Predicate = true> <Delay = 0.00>
ST_1 : Operation 18 [1/1] (0.00ns)   --->   "%bound_read = read i39 @_ssdm_op_Read.ap_auto.i39, i39 %bound"   --->   Operation 18 'read' 'bound_read' <Predicate = true> <Delay = 0.00>
ST_1 : Operation 19 [1/1] (0.38ns)   --->   "%store_ln0 = store i32 0, i32 %counter_internal_block"   --->   Operation 19 'store' 'store_ln0' <Predicate = true> <Delay = 0.38>
ST_1 : Operation 20 [1/1] (0.41ns)   --->   "%store_ln0 = store i32 0, i32 %current_line"   --->   Operation 20 'store' 'store_ln0' <Predicate = true> <Delay = 0.41>
ST_1 : Operation 21 [1/1] (0.41ns)   --->   "%store_ln0 = store i32 0, i32 %inp"   --->   Operation 21 'store' 'store_ln0' <Predicate = true> <Delay = 0.41>
ST_1 : Operation 22 [1/1] (0.38ns)   --->   "%store_ln0 = store i32 0, i32 %current_line_in_block"   --->   Operation 22 'store' 'store_ln0' <Predicate = true> <Delay = 0.38>
ST_1 : Operation 23 [1/1] (0.41ns)   --->   "%store_ln0 = store i32 0, i32 %current_block_write"   --->   Operation 23 'store' 'store_ln0' <Predicate = true> <Delay = 0.41>
ST_1 : Operation 24 [1/1] (0.38ns)   --->   "%store_ln0 = store i32 0, i32 %ofm_y"   --->   Operation 24 'store' 'store_ln0' <Predicate = true> <Delay = 0.38>
ST_1 : Operation 25 [1/1] (0.38ns)   --->   "%store_ln0 = store i39 0, i39 %indvar_flatten"   --->   Operation 25 'store' 'store_ln0' <Predicate = true> <Delay = 0.38>
ST_1 : Operation 26 [1/1] (0.38ns)   --->   "%store_ln0 = store i7 0, i7 %i"   --->   Operation 26 'store' 'store_ln0' <Predicate = true> <Delay = 0.38>
ST_1 : Operation 27 [1/1] (0.45ns)   --->   "%store_ln0 = store i32 0, i32 %read_block"   --->   Operation 27 'store' 'store_ln0' <Predicate = true> <Delay = 0.45>
ST_1 : Operation 28 [1/1] (0.00ns)   --->   "%br_ln0 = br void %for.body12"   --->   Operation 28 'br' 'br_ln0' <Predicate = true> <Delay = 0.00>

State 2 <SV = 1> <Delay = 2.50>
ST_2 : Operation 29 [1/1] (0.00ns)   --->   "%i_3 = load i7 %i" [/home/coder/Desktop/s2n2/finn-hlslib-lif/slidingwindow.h:197]   --->   Operation 29 'load' 'i_3' <Predicate = true> <Delay = 0.00>
ST_2 : Operation 30 [1/1] (0.00ns)   --->   "%indvar_flatten_load = load i39 %indvar_flatten" [/home/coder/Desktop/s2n2/finn-hlslib-lif/slidingwindow.h:196]   --->   Operation 30 'load' 'indvar_flatten_load' <Predicate = true> <Delay = 0.00>
ST_2 : Operation 31 [1/1] (0.00ns)   --->   "%current_block_write_1 = load i32 %current_block_write" [/home/coder/Desktop/s2n2/finn-hlslib-lif/slidingwindow.h:190]   --->   Operation 31 'load' 'current_block_write_1' <Predicate = true> <Delay = 0.00>
ST_2 : Operation 32 [1/1] (0.00ns)   --->   "%inp_1 = load i32 %inp" [/home/coder/Desktop/s2n2/finn-hlslib-lif/slidingwindow.h:204]   --->   Operation 32 'load' 'inp_1' <Predicate = true> <Delay = 0.00>
ST_2 : Operation 33 [1/1] (0.00ns)   --->   "%counter_internal_block_1 = load i32 %counter_internal_block" [/home/coder/Desktop/s2n2/finn-hlslib-lif/slidingwindow.h:263]   --->   Operation 33 'load' 'counter_internal_block_1' <Predicate = true> <Delay = 0.00>
ST_2 : Operation 34 [1/1] (0.95ns)   --->   "%icmp_ln196 = icmp_eq  i39 %indvar_flatten_load, i39 %bound_read" [/home/coder/Desktop/s2n2/finn-hlslib-lif/slidingwindow.h:196]   --->   Operation 34 'icmp' 'icmp_ln196' <Predicate = true> <Delay = 0.95> <CoreInst = "Cmp">   --->   Core 9 'Cmp' <Latency = 0> <II = 1> <Delay = 0.95> <FuncUnit> <Opcode : 'icmp'> <InPorts = 2> <OutPorts = 1>
ST_2 : Operation 35 [1/1] (0.95ns)   --->   "%add_ln196 = add i39 %indvar_flatten_load, i39 1" [/home/coder/Desktop/s2n2/finn-hlslib-lif/slidingwindow.h:196]   --->   Operation 35 'add' 'add_ln196' <Predicate = true> <Delay = 0.95> <CoreInst = "Adder">   --->   Core 1 'Adder' <Latency = 0> <II = 1> <Delay = 0.95> <FuncUnit> <Opcode : 'add' 'sub'> <InPorts = 2> <OutPorts = 1>
ST_2 : Operation 36 [1/1] (0.00ns)   --->   "%br_ln196 = br i1 %icmp_ln196, void %for.inc85, void %for.end87.loopexit.exitStub" [/home/coder/Desktop/s2n2/finn-hlslib-lif/slidingwindow.h:196]   --->   Operation 36 'br' 'br_ln196' <Predicate = true> <Delay = 0.00>
ST_2 : Operation 37 [1/1] (0.00ns)   --->   "%read_block_load = load i32 %read_block" [/home/coder/Desktop/s2n2/finn-hlslib-lif/slidingwindow.h:190]   --->   Operation 37 'load' 'read_block_load' <Predicate = (!icmp_ln196)> <Delay = 0.00>
ST_2 : Operation 38 [1/1] (0.00ns)   --->   "%specloopname_ln0 = specloopname void @_ssdm_op_SpecLoopName, void @VITIS_LOOP_196_1_VITIS_LOOP_197_2_str"   --->   Operation 38 'specloopname' 'specloopname_ln0' <Predicate = (!icmp_ln196)> <Delay = 0.00>
ST_2 : Operation 39 [1/1] (0.70ns)   --->   "%icmp_ln197 = icmp_eq  i7 %i_3, i7 110" [/home/coder/Desktop/s2n2/finn-hlslib-lif/slidingwindow.h:197]   --->   Operation 39 'icmp' 'icmp_ln197' <Predicate = (!icmp_ln196)> <Delay = 0.70> <CoreInst = "Cmp">   --->   Core 9 'Cmp' <Latency = 0> <II = 1> <Delay = 0.70> <FuncUnit> <Opcode : 'icmp'> <InPorts = 2> <OutPorts = 1>
ST_2 : Operation 40 [1/1] (0.22ns)   --->   "%select_ln190 = select i1 %icmp_ln197, i32 0, i32 %read_block_load" [/home/coder/Desktop/s2n2/finn-hlslib-lif/slidingwindow.h:190]   --->   Operation 40 'select' 'select_ln190' <Predicate = (!icmp_ln196)> <Delay = 0.22> <CoreInst = "Sel">   --->   Core 73 'Sel' <Latency = 0> <II = 1> <Delay = 0.22> <FuncUnit> <Opcode : 'select'> <InPorts = 3> <OutPorts = 1>
ST_2 : Operation 41 [1/1] (0.00ns)   --->   "%specpipeline_ln198 = specpipeline void @_ssdm_op_SpecPipeline, i32 1, i32 0, i32 0, i32 0, void @empty" [/home/coder/Desktop/s2n2/finn-hlslib-lif/slidingwindow.h:198]   --->   Operation 41 'specpipeline' 'specpipeline_ln198' <Predicate = (!icmp_ln196)> <Delay = 0.00>
ST_2 : Operation 42 [1/1] (0.00ns)   --->   "%specloopname_ln197 = specloopname void @_ssdm_op_SpecLoopName, void @empty_3" [/home/coder/Desktop/s2n2/finn-hlslib-lif/slidingwindow.h:197]   --->   Operation 42 'specloopname' 'specloopname_ln197' <Predicate = (!icmp_ln196)> <Delay = 0.00>
ST_2 : Operation 43 [1/1] (0.00ns)   --->   "%trunc_ln190 = trunc i32 %current_block_write_1" [/home/coder/Desktop/s2n2/finn-hlslib-lif/slidingwindow.h:190]   --->   Operation 43 'trunc' 'trunc_ln190' <Predicate = (!icmp_ln196)> <Delay = 0.00>
ST_2 : Operation 44 [1/1] (0.88ns)   --->   "%icmp_ln199 = icmp_ult  i32 %inp_1, i32 10" [/home/coder/Desktop/s2n2/finn-hlslib-lif/slidingwindow.h:199]   --->   Operation 44 'icmp' 'icmp_ln199' <Predicate = (!icmp_ln196)> <Delay = 0.88> <CoreInst = "Cmp">   --->   Core 9 'Cmp' <Latency = 0> <II = 1> <Delay = 0.88> <FuncUnit> <Opcode : 'icmp'> <InPorts = 2> <OutPorts = 1>
ST_2 : Operation 45 [1/1] (0.00ns)   --->   "%br_ln199 = br i1 %icmp_ln199, void %if.else, void %if.then" [/home/coder/Desktop/s2n2/finn-hlslib-lif/slidingwindow.h:199]   --->   Operation 45 'br' 'br_ln199' <Predicate = (!icmp_ln196)> <Delay = 0.00>
ST_2 : Operation 46 [1/1] (0.88ns)   --->   "%icmp_ln215 = icmp_ult  i32 %counter_internal_block_1, i32 9" [/home/coder/Desktop/s2n2/finn-hlslib-lif/slidingwindow.h:215]   --->   Operation 46 'icmp' 'icmp_ln215' <Predicate = (!icmp_ln196 & !icmp_ln199)> <Delay = 0.88> <CoreInst = "Cmp">   --->   Core 9 'Cmp' <Latency = 0> <II = 1> <Delay = 0.88> <FuncUnit> <Opcode : 'icmp'> <InPorts = 2> <OutPorts = 1>
ST_2 : Operation 47 [1/1] (0.00ns)   --->   "%br_ln215 = br i1 %icmp_ln215, void %if.end59, void %if.then25" [/home/coder/Desktop/s2n2/finn-hlslib-lif/slidingwindow.h:215]   --->   Operation 47 'br' 'br_ln215' <Predicate = (!icmp_ln196 & !icmp_ln199)> <Delay = 0.00>
ST_2 : Operation 48 [1/1] (0.00ns)   --->   "%current_line_in_block_load = load i32 %current_line_in_block" [/home/coder/Desktop/s2n2/finn-hlslib-lif/slidingwindow.h:232]   --->   Operation 48 'load' 'current_line_in_block_load' <Predicate = (!icmp_ln196 & !icmp_ln199 & icmp_ln215)> <Delay = 0.00>
ST_2 : Operation 49 [1/1] (0.00ns)   --->   "%zext_ln221 = zext i32 %current_line_in_block_load" [/home/coder/Desktop/s2n2/finn-hlslib-lif/slidingwindow.h:221]   --->   Operation 49 'zext' 'zext_ln221' <Predicate = (!icmp_ln196 & !icmp_ln199 & icmp_ln215)> <Delay = 0.00>
ST_2 : Operation 50 [1/1] (0.00ns)   --->   "%inputBuf_addr_1 = getelementptr i3 %inputBuf, i64 0, i64 %zext_ln221" [/home/coder/Desktop/s2n2/finn-hlslib-lif/slidingwindow.h:221]   --->   Operation 50 'getelementptr' 'inputBuf_addr_1' <Predicate = (!icmp_ln196 & !icmp_ln199 & icmp_ln215)> <Delay = 0.00>
ST_2 : Operation 51 [1/1] (0.00ns)   --->   "%inputBuf_1_addr_1 = getelementptr i3 %inputBuf_1, i64 0, i64 %zext_ln221" [/home/coder/Desktop/s2n2/finn-hlslib-lif/slidingwindow.h:221]   --->   Operation 51 'getelementptr' 'inputBuf_1_addr_1' <Predicate = (!icmp_ln196 & !icmp_ln199 & icmp_ln215)> <Delay = 0.00>
ST_2 : Operation 52 [2/2] (0.65ns)   --->   "%inputBuf_load = load i4 %inputBuf_addr_1" [/home/coder/Desktop/s2n2/finn-hlslib-lif/slidingwindow.h:221]   --->   Operation 52 'load' 'inputBuf_load' <Predicate = (!icmp_ln196 & !icmp_ln199 & icmp_ln215)> <Delay = 0.65> <CoreInst = "RAM_2P">   --->   Core 92 'RAM_2P' <Latency = 1> <II = 1> <Delay = 0.65> <Storage> <Opcode : 'load' 'store'> <Ports = 2> <Width = 3> <Depth = 10> <RAM>
ST_2 : Operation 53 [2/2] (0.65ns)   --->   "%inputBuf_1_load = load i4 %inputBuf_1_addr_1" [/home/coder/Desktop/s2n2/finn-hlslib-lif/slidingwindow.h:221]   --->   Operation 53 'load' 'inputBuf_1_load' <Predicate = (!icmp_ln196 & !icmp_ln199 & icmp_ln215)> <Delay = 0.65> <CoreInst = "RAM_2P">   --->   Core 92 'RAM_2P' <Latency = 1> <II = 1> <Delay = 0.65> <Storage> <Opcode : 'load' 'store'> <Ports = 2> <Width = 3> <Depth = 10> <RAM>
ST_2 : Operation 54 [1/1] (0.88ns)   --->   "%ofm_x = add i32 %current_line_in_block_load, i32 1" [/home/coder/Desktop/s2n2/finn-hlslib-lif/slidingwindow.h:232]   --->   Operation 54 'add' 'ofm_x' <Predicate = (!icmp_ln196 & !icmp_ln199 & icmp_ln215)> <Delay = 0.88> <CoreInst = "Adder">   --->   Core 1 'Adder' <Latency = 0> <II = 1> <Delay = 0.88> <FuncUnit> <Opcode : 'add' 'sub'> <InPorts = 2> <OutPorts = 1>
ST_2 : Operation 55 [1/1] (0.88ns)   --->   "%icmp_ln233 = icmp_eq  i32 %ofm_x, i32 10" [/home/coder/Desktop/s2n2/finn-hlslib-lif/slidingwindow.h:233]   --->   Operation 55 'icmp' 'icmp_ln233' <Predicate = (!icmp_ln196 & !icmp_ln199 & icmp_ln215)> <Delay = 0.88> <CoreInst = "Cmp">   --->   Core 9 'Cmp' <Latency = 0> <II = 1> <Delay = 0.88> <FuncUnit> <Opcode : 'icmp'> <InPorts = 2> <OutPorts = 1>
ST_2 : Operation 56 [1/1] (0.00ns)   --->   "%br_ln233 = br i1 %icmp_ln233, void %if.then25.if.end59_crit_edge, void %if.then50" [/home/coder/Desktop/s2n2/finn-hlslib-lif/slidingwindow.h:233]   --->   Operation 56 'br' 'br_ln233' <Predicate = (!icmp_ln196 & !icmp_ln199 & icmp_ln215)> <Delay = 0.00>
ST_2 : Operation 57 [1/1] (0.38ns)   --->   "%store_ln233 = store i32 %ofm_x, i32 %current_line_in_block" [/home/coder/Desktop/s2n2/finn-hlslib-lif/slidingwindow.h:233]   --->   Operation 57 'store' 'store_ln233' <Predicate = (!icmp_ln196 & !icmp_ln199 & icmp_ln215 & !icmp_ln233)> <Delay = 0.38>
ST_2 : Operation 58 [1/1] (0.00ns)   --->   "%br_ln233 = br void %if.end59" [/home/coder/Desktop/s2n2/finn-hlslib-lif/slidingwindow.h:233]   --->   Operation 58 'br' 'br_ln233' <Predicate = (!icmp_ln196 & !icmp_ln199 & icmp_ln215 & !icmp_ln233)> <Delay = 0.00>
ST_2 : Operation 59 [1/1] (0.00ns)   --->   "%ofm_y_load = load i32 %ofm_y" [/home/coder/Desktop/s2n2/finn-hlslib-lif/slidingwindow.h:235]   --->   Operation 59 'load' 'ofm_y_load' <Predicate = (!icmp_ln196 & !icmp_ln199 & icmp_ln215 & icmp_ln233)> <Delay = 0.00>
ST_2 : Operation 60 [1/1] (0.88ns)   --->   "%ofm_y_1 = add i32 %ofm_y_load, i32 1" [/home/coder/Desktop/s2n2/finn-hlslib-lif/slidingwindow.h:235]   --->   Operation 60 'add' 'ofm_y_1' <Predicate = (!icmp_ln196 & !icmp_ln199 & icmp_ln215 & icmp_ln233)> <Delay = 0.88> <CoreInst = "Adder">   --->   Core 1 'Adder' <Latency = 0> <II = 1> <Delay = 0.88> <FuncUnit> <Opcode : 'add' 'sub'> <InPorts = 2> <OutPorts = 1>
ST_2 : Operation 61 [1/1] (0.88ns)   --->   "%icmp_ln236 = icmp_eq  i32 %ofm_y_1, i32 10" [/home/coder/Desktop/s2n2/finn-hlslib-lif/slidingwindow.h:236]   --->   Operation 61 'icmp' 'icmp_ln236' <Predicate = (!icmp_ln196 & !icmp_ln199 & icmp_ln215 & icmp_ln233)> <Delay = 0.88> <CoreInst = "Cmp">   --->   Core 9 'Cmp' <Latency = 0> <II = 1> <Delay = 0.88> <FuncUnit> <Opcode : 'icmp'> <InPorts = 2> <OutPorts = 1>
ST_2 : Operation 62 [1/1] (0.22ns)   --->   "%inp_3 = select i1 %icmp_ln236, i32 0, i32 %inp_1" [/home/coder/Desktop/s2n2/finn-hlslib-lif/slidingwindow.h:236]   --->   Operation 62 'select' 'inp_3' <Predicate = (!icmp_ln196 & !icmp_ln199 & icmp_ln215 & icmp_ln233)> <Delay = 0.22> <CoreInst = "Sel">   --->   Core 73 'Sel' <Latency = 0> <II = 1> <Delay = 0.22> <FuncUnit> <Opcode : 'select'> <InPorts = 3> <OutPorts = 1>
ST_2 : Operation 63 [1/1] (0.22ns)   --->   "%ofm_y_2 = select i1 %icmp_ln236, i32 0, i32 %ofm_y_1" [/home/coder/Desktop/s2n2/finn-hlslib-lif/slidingwindow.h:236]   --->   Operation 63 'select' 'ofm_y_2' <Predicate = (!icmp_ln196 & !icmp_ln199 & icmp_ln215 & icmp_ln233)> <Delay = 0.22> <CoreInst = "Sel">   --->   Core 73 'Sel' <Latency = 0> <II = 1> <Delay = 0.22> <FuncUnit> <Opcode : 'select'> <InPorts = 3> <OutPorts = 1>
ST_2 : Operation 64 [1/1] (0.41ns)   --->   "%store_ln240 = store i32 %inp_3, i32 %inp" [/home/coder/Desktop/s2n2/finn-hlslib-lif/slidingwindow.h:240]   --->   Operation 64 'store' 'store_ln240' <Predicate = (!icmp_ln196 & !icmp_ln199 & icmp_ln215 & icmp_ln233)> <Delay = 0.41>
ST_2 : Operation 65 [1/1] (0.38ns)   --->   "%store_ln240 = store i32 0, i32 %current_line_in_block" [/home/coder/Desktop/s2n2/finn-hlslib-lif/slidingwindow.h:240]   --->   Operation 65 'store' 'store_ln240' <Predicate = (!icmp_ln196 & !icmp_ln199 & icmp_ln215 & icmp_ln233)> <Delay = 0.38>
ST_2 : Operation 66 [1/1] (0.38ns)   --->   "%store_ln240 = store i32 %ofm_y_2, i32 %ofm_y" [/home/coder/Desktop/s2n2/finn-hlslib-lif/slidingwindow.h:240]   --->   Operation 66 'store' 'store_ln240' <Predicate = (!icmp_ln196 & !icmp_ln199 & icmp_ln215 & icmp_ln233)> <Delay = 0.38>
ST_2 : Operation 67 [1/1] (0.00ns)   --->   "%br_ln240 = br void %if.end59" [/home/coder/Desktop/s2n2/finn-hlslib-lif/slidingwindow.h:240]   --->   Operation 67 'br' 'br_ln240' <Predicate = (!icmp_ln196 & !icmp_ln199 & icmp_ln215 & icmp_ln233)> <Delay = 0.00>
ST_2 : Operation 68 [1/1] (0.88ns)   --->   "%icmp_ln245 = icmp_ult  i32 %select_ln190, i32 10" [/home/coder/Desktop/s2n2/finn-hlslib-lif/slidingwindow.h:245]   --->   Operation 68 'icmp' 'icmp_ln245' <Predicate = (!icmp_ln196 & !icmp_ln199)> <Delay = 0.88> <CoreInst = "Cmp">   --->   Core 9 'Cmp' <Latency = 0> <II = 1> <Delay = 0.88> <FuncUnit> <Opcode : 'icmp'> <InPorts = 2> <OutPorts = 1>
ST_2 : Operation 69 [1/1] (0.12ns)   --->   "%and_ln245 = and i1 %icmp_ln215, i1 %icmp_ln245" [/home/coder/Desktop/s2n2/finn-hlslib-lif/slidingwindow.h:245]   --->   Operation 69 'and' 'and_ln245' <Predicate = (!icmp_ln196 & !icmp_ln199)> <Delay = 0.12> <CoreInst = "LogicGate">   --->   Core 74 'LogicGate' <Latency = 0> <II = 1> <Delay = 0.12> <FuncUnit> <Opcode : 'and' 'or' 'xor'> <InPorts = 2> <OutPorts = 1>
ST_2 : Operation 70 [1/1] (0.00ns)   --->   "%br_ln245 = br i1 %and_ln245, void %if.end59.if.end78_crit_edge, void %if.then62" [/home/coder/Desktop/s2n2/finn-hlslib-lif/slidingwindow.h:245]   --->   Operation 70 'br' 'br_ln245' <Predicate = (!icmp_ln196 & !icmp_ln199)> <Delay = 0.00>
ST_2 : Operation 71 [1/1] (0.45ns)   --->   "%store_ln245 = store i32 %select_ln190, i32 %read_block" [/home/coder/Desktop/s2n2/finn-hlslib-lif/slidingwindow.h:245]   --->   Operation 71 'store' 'store_ln245' <Predicate = (!icmp_ln196 & !icmp_ln199 & !and_ln245)> <Delay = 0.45>
ST_2 : Operation 72 [1/1] (0.00ns)   --->   "%br_ln245 = br void %if.end78" [/home/coder/Desktop/s2n2/finn-hlslib-lif/slidingwindow.h:245]   --->   Operation 72 'br' 'br_ln245' <Predicate = (!icmp_ln196 & !icmp_ln199 & !and_ln245)> <Delay = 0.00>
ST_2 : Operation 73 [1/1] (0.00ns)   --->   "%current_line_load_2 = load i32 %current_line" [/home/coder/Desktop/s2n2/finn-hlslib-lif/slidingwindow.h:248]   --->   Operation 73 'load' 'current_line_load_2' <Predicate = (!icmp_ln196 & !icmp_ln199 & and_ln245)> <Delay = 0.00>
ST_2 : Operation 74 [1/1] (0.00ns)   --->   "%br_ln248 = br i1 %trunc_ln190, void %arrayidx681.case.0, void %arrayidx681.case.1" [/home/coder/Desktop/s2n2/finn-hlslib-lif/slidingwindow.h:248]   --->   Operation 74 'br' 'br_ln248' <Predicate = (!icmp_ln196 & !icmp_ln199 & and_ln245)> <Delay = 0.00>
ST_2 : Operation 75 [1/1] (0.00ns)   --->   "%current_line_load_3 = load i32 %current_line" [/home/coder/Desktop/s2n2/finn-hlslib-lif/slidingwindow.h:251]   --->   Operation 75 'load' 'current_line_load_3' <Predicate = (!icmp_ln196 & !icmp_ln199 & and_ln245)> <Delay = 0.00>
ST_2 : Operation 76 [1/1] (0.88ns)   --->   "%current_line_2 = add i32 %current_line_load_3, i32 1" [/home/coder/Desktop/s2n2/finn-hlslib-lif/slidingwindow.h:251]   --->   Operation 76 'add' 'current_line_2' <Predicate = (!icmp_ln196 & !icmp_ln199 & and_ln245)> <Delay = 0.88> <CoreInst = "Adder">   --->   Core 1 'Adder' <Latency = 0> <II = 1> <Delay = 0.88> <FuncUnit> <Opcode : 'add' 'sub'> <InPorts = 2> <OutPorts = 1>
ST_2 : Operation 77 [1/1] (0.88ns)   --->   "%icmp_ln252 = icmp_eq  i32 %current_line_2, i32 10" [/home/coder/Desktop/s2n2/finn-hlslib-lif/slidingwindow.h:252]   --->   Operation 77 'icmp' 'icmp_ln252' <Predicate = (!icmp_ln196 & !icmp_ln199 & and_ln245)> <Delay = 0.88> <CoreInst = "Cmp">   --->   Core 9 'Cmp' <Latency = 0> <II = 1> <Delay = 0.88> <FuncUnit> <Opcode : 'icmp'> <InPorts = 2> <OutPorts = 1>
ST_2 : Operation 78 [1/1] (0.00ns)   --->   "%br_ln252 = br i1 %icmp_ln252, void %arrayidx681.exit.if.end78_crit_edge, void %if.then71" [/home/coder/Desktop/s2n2/finn-hlslib-lif/slidingwindow.h:252]   --->   Operation 78 'br' 'br_ln252' <Predicate = (!icmp_ln196 & !icmp_ln199 & and_ln245)> <Delay = 0.00>
ST_2 : Operation 79 [1/1] (0.41ns)   --->   "%store_ln252 = store i32 %current_line_2, i32 %current_line" [/home/coder/Desktop/s2n2/finn-hlslib-lif/slidingwindow.h:252]   --->   Operation 79 'store' 'store_ln252' <Predicate = (!icmp_ln196 & !icmp_ln199 & and_ln245 & !icmp_ln252)> <Delay = 0.41>
ST_2 : Operation 80 [1/1] (0.45ns)   --->   "%store_ln252 = store i32 %select_ln190, i32 %read_block" [/home/coder/Desktop/s2n2/finn-hlslib-lif/slidingwindow.h:252]   --->   Operation 80 'store' 'store_ln252' <Predicate = (!icmp_ln196 & !icmp_ln199 & and_ln245 & !icmp_ln252)> <Delay = 0.45>
ST_2 : Operation 81 [1/1] (0.00ns)   --->   "%br_ln252 = br void %if.end78" [/home/coder/Desktop/s2n2/finn-hlslib-lif/slidingwindow.h:252]   --->   Operation 81 'br' 'br_ln252' <Predicate = (!icmp_ln196 & !icmp_ln199 & and_ln245 & !icmp_ln252)> <Delay = 0.00>
ST_2 : Operation 82 [1/1] (0.88ns)   --->   "%read_block_2 = add i32 %select_ln190, i32 1" [/home/coder/Desktop/s2n2/finn-hlslib-lif/slidingwindow.h:255]   --->   Operation 82 'add' 'read_block_2' <Predicate = (!icmp_ln196 & !icmp_ln199 & and_ln245 & icmp_ln252)> <Delay = 0.88> <CoreInst = "Adder">   --->   Core 1 'Adder' <Latency = 0> <II = 1> <Delay = 0.88> <FuncUnit> <Opcode : 'add' 'sub'> <InPorts = 2> <OutPorts = 1>
ST_2 : Operation 83 [1/1] (0.88ns)   --->   "%current_block_write_4 = add i32 %current_block_write_1, i32 1" [/home/coder/Desktop/s2n2/finn-hlslib-lif/slidingwindow.h:256]   --->   Operation 83 'add' 'current_block_write_4' <Predicate = (!icmp_ln196 & !icmp_ln199 & and_ln245 & icmp_ln252)> <Delay = 0.88> <CoreInst = "Adder">   --->   Core 1 'Adder' <Latency = 0> <II = 1> <Delay = 0.88> <FuncUnit> <Opcode : 'add' 'sub'> <InPorts = 2> <OutPorts = 1>
ST_2 : Operation 84 [1/1] (0.88ns)   --->   "%icmp_ln257 = icmp_eq  i32 %current_block_write_4, i32 2" [/home/coder/Desktop/s2n2/finn-hlslib-lif/slidingwindow.h:257]   --->   Operation 84 'icmp' 'icmp_ln257' <Predicate = (!icmp_ln196 & !icmp_ln199 & and_ln245 & icmp_ln252)> <Delay = 0.88> <CoreInst = "Cmp">   --->   Core 9 'Cmp' <Latency = 0> <II = 1> <Delay = 0.88> <FuncUnit> <Opcode : 'icmp'> <InPorts = 2> <OutPorts = 1>
ST_2 : Operation 85 [1/1] (0.22ns)   --->   "%current_block_write_5 = select i1 %icmp_ln257, i32 0, i32 %current_block_write_4" [/home/coder/Desktop/s2n2/finn-hlslib-lif/slidingwindow.h:257]   --->   Operation 85 'select' 'current_block_write_5' <Predicate = (!icmp_ln196 & !icmp_ln199 & and_ln245 & icmp_ln252)> <Delay = 0.22> <CoreInst = "Sel">   --->   Core 73 'Sel' <Latency = 0> <II = 1> <Delay = 0.22> <FuncUnit> <Opcode : 'select'> <InPorts = 3> <OutPorts = 1>
ST_2 : Operation 86 [1/1] (0.41ns)   --->   "%store_ln261 = store i32 0, i32 %current_line" [/home/coder/Desktop/s2n2/finn-hlslib-lif/slidingwindow.h:261]   --->   Operation 86 'store' 'store_ln261' <Predicate = (!icmp_ln196 & !icmp_ln199 & and_ln245 & icmp_ln252)> <Delay = 0.41>
ST_2 : Operation 87 [1/1] (0.41ns)   --->   "%store_ln261 = store i32 %current_block_write_5, i32 %current_block_write" [/home/coder/Desktop/s2n2/finn-hlslib-lif/slidingwindow.h:261]   --->   Operation 87 'store' 'store_ln261' <Predicate = (!icmp_ln196 & !icmp_ln199 & and_ln245 & icmp_ln252)> <Delay = 0.41>
ST_2 : Operation 88 [1/1] (0.45ns)   --->   "%store_ln261 = store i32 %read_block_2, i32 %read_block" [/home/coder/Desktop/s2n2/finn-hlslib-lif/slidingwindow.h:261]   --->   Operation 88 'store' 'store_ln261' <Predicate = (!icmp_ln196 & !icmp_ln199 & and_ln245 & icmp_ln252)> <Delay = 0.45>
ST_2 : Operation 89 [1/1] (0.00ns)   --->   "%br_ln261 = br void %if.end78" [/home/coder/Desktop/s2n2/finn-hlslib-lif/slidingwindow.h:261]   --->   Operation 89 'br' 'br_ln261' <Predicate = (!icmp_ln196 & !icmp_ln199 & and_ln245 & icmp_ln252)> <Delay = 0.00>
ST_2 : Operation 90 [1/1] (0.88ns)   --->   "%counter_internal_block_2 = add i32 %counter_internal_block_1, i32 1" [/home/coder/Desktop/s2n2/finn-hlslib-lif/slidingwindow.h:263]   --->   Operation 90 'add' 'counter_internal_block_2' <Predicate = (!icmp_ln196 & !icmp_ln199)> <Delay = 0.88> <CoreInst = "Adder">   --->   Core 1 'Adder' <Latency = 0> <II = 1> <Delay = 0.88> <FuncUnit> <Opcode : 'add' 'sub'> <InPorts = 2> <OutPorts = 1>
ST_2 : Operation 91 [1/1] (0.88ns)   --->   "%icmp_ln264 = icmp_eq  i32 %counter_internal_block_2, i32 9" [/home/coder/Desktop/s2n2/finn-hlslib-lif/slidingwindow.h:264]   --->   Operation 91 'icmp' 'icmp_ln264' <Predicate = (!icmp_ln196 & !icmp_ln199)> <Delay = 0.88> <CoreInst = "Cmp">   --->   Core 9 'Cmp' <Latency = 0> <II = 1> <Delay = 0.88> <FuncUnit> <Opcode : 'icmp'> <InPorts = 2> <OutPorts = 1>
ST_2 : Operation 92 [1/1] (0.22ns)   --->   "%counter_internal_block_3 = select i1 %icmp_ln264, i32 0, i32 %counter_internal_block_2" [/home/coder/Desktop/s2n2/finn-hlslib-lif/slidingwindow.h:264]   --->   Operation 92 'select' 'counter_internal_block_3' <Predicate = (!icmp_ln196 & !icmp_ln199)> <Delay = 0.22> <CoreInst = "Sel">   --->   Core 73 'Sel' <Latency = 0> <II = 1> <Delay = 0.22> <FuncUnit> <Opcode : 'select'> <InPorts = 3> <OutPorts = 1>
ST_2 : Operation 93 [1/1] (0.38ns)   --->   "%store_ln264 = store i32 %counter_internal_block_3, i32 %counter_internal_block" [/home/coder/Desktop/s2n2/finn-hlslib-lif/slidingwindow.h:264]   --->   Operation 93 'store' 'store_ln264' <Predicate = (!icmp_ln196 & !icmp_ln199)> <Delay = 0.38>
ST_2 : Operation 94 [1/1] (0.00ns)   --->   "%br_ln0 = br void %for.inc"   --->   Operation 94 'br' 'br_ln0' <Predicate = (!icmp_ln196 & !icmp_ln199)> <Delay = 0.00>
ST_2 : Operation 95 [1/1] (0.00ns)   --->   "%current_line_load = load i32 %current_line" [/home/coder/Desktop/s2n2/finn-hlslib-lif/slidingwindow.h:202]   --->   Operation 95 'load' 'current_line_load' <Predicate = (!icmp_ln196 & icmp_ln199)> <Delay = 0.00>
ST_2 : Operation 96 [1/1] (0.00ns)   --->   "%br_ln202 = br i1 %trunc_ln190, void %arrayidx153.case.0, void %arrayidx153.case.1" [/home/coder/Desktop/s2n2/finn-hlslib-lif/slidingwindow.h:202]   --->   Operation 96 'br' 'br_ln202' <Predicate = (!icmp_ln196 & icmp_ln199)> <Delay = 0.00>
ST_2 : Operation 97 [1/1] (0.00ns)   --->   "%current_line_load_1 = load i32 %current_line" [/home/coder/Desktop/s2n2/finn-hlslib-lif/slidingwindow.h:203]   --->   Operation 97 'load' 'current_line_load_1' <Predicate = (!icmp_ln196 & icmp_ln199)> <Delay = 0.00>
ST_2 : Operation 98 [1/1] (0.88ns)   --->   "%current_line_1 = add i32 %current_line_load_1, i32 1" [/home/coder/Desktop/s2n2/finn-hlslib-lif/slidingwindow.h:203]   --->   Operation 98 'add' 'current_line_1' <Predicate = (!icmp_ln196 & icmp_ln199)> <Delay = 0.88> <CoreInst = "Adder">   --->   Core 1 'Adder' <Latency = 0> <II = 1> <Delay = 0.88> <FuncUnit> <Opcode : 'add' 'sub'> <InPorts = 2> <OutPorts = 1>
ST_2 : Operation 99 [1/1] (0.88ns)   --->   "%inp_2 = add i32 %inp_1, i32 1" [/home/coder/Desktop/s2n2/finn-hlslib-lif/slidingwindow.h:204]   --->   Operation 99 'add' 'inp_2' <Predicate = (!icmp_ln196 & icmp_ln199)> <Delay = 0.88> <CoreInst = "Adder">   --->   Core 1 'Adder' <Latency = 0> <II = 1> <Delay = 0.88> <FuncUnit> <Opcode : 'add' 'sub'> <InPorts = 2> <OutPorts = 1>
ST_2 : Operation 100 [1/1] (0.88ns)   --->   "%icmp_ln205 = icmp_eq  i32 %current_line_1, i32 10" [/home/coder/Desktop/s2n2/finn-hlslib-lif/slidingwindow.h:205]   --->   Operation 100 'icmp' 'icmp_ln205' <Predicate = (!icmp_ln196 & icmp_ln199)> <Delay = 0.88> <CoreInst = "Cmp">   --->   Core 9 'Cmp' <Latency = 0> <II = 1> <Delay = 0.88> <FuncUnit> <Opcode : 'icmp'> <InPorts = 2> <OutPorts = 1>
ST_2 : Operation 101 [1/1] (0.41ns)   --->   "%store_ln205 = store i32 %inp_2, i32 %inp" [/home/coder/Desktop/s2n2/finn-hlslib-lif/slidingwindow.h:205]   --->   Operation 101 'store' 'store_ln205' <Predicate = (!icmp_ln196 & icmp_ln199)> <Delay = 0.41>
ST_2 : Operation 102 [1/1] (0.00ns)   --->   "%br_ln205 = br i1 %icmp_ln205, void %arrayidx153.exit.for.inc_crit_edge, void %if.then18" [/home/coder/Desktop/s2n2/finn-hlslib-lif/slidingwindow.h:205]   --->   Operation 102 'br' 'br_ln205' <Predicate = (!icmp_ln196 & icmp_ln199)> <Delay = 0.00>
ST_2 : Operation 103 [1/1] (0.41ns)   --->   "%store_ln205 = store i32 %current_line_1, i32 %current_line" [/home/coder/Desktop/s2n2/finn-hlslib-lif/slidingwindow.h:205]   --->   Operation 103 'store' 'store_ln205' <Predicate = (!icmp_ln196 & icmp_ln199 & !icmp_ln205)> <Delay = 0.41>
ST_2 : Operation 104 [1/1] (0.45ns)   --->   "%store_ln205 = store i32 %select_ln190, i32 %read_block" [/home/coder/Desktop/s2n2/finn-hlslib-lif/slidingwindow.h:205]   --->   Operation 104 'store' 'store_ln205' <Predicate = (!icmp_ln196 & icmp_ln199 & !icmp_ln205)> <Delay = 0.45>
ST_2 : Operation 105 [1/1] (0.00ns)   --->   "%br_ln205 = br void %for.inc" [/home/coder/Desktop/s2n2/finn-hlslib-lif/slidingwindow.h:205]   --->   Operation 105 'br' 'br_ln205' <Predicate = (!icmp_ln196 & icmp_ln199 & !icmp_ln205)> <Delay = 0.00>
ST_2 : Operation 106 [1/1] (0.88ns)   --->   "%current_block_write_2 = add i32 %current_block_write_1, i32 1" [/home/coder/Desktop/s2n2/finn-hlslib-lif/slidingwindow.h:207]   --->   Operation 106 'add' 'current_block_write_2' <Predicate = (!icmp_ln196 & icmp_ln199 & icmp_ln205)> <Delay = 0.88> <CoreInst = "Adder">   --->   Core 1 'Adder' <Latency = 0> <II = 1> <Delay = 0.88> <FuncUnit> <Opcode : 'add' 'sub'> <InPorts = 2> <OutPorts = 1>
ST_2 : Operation 107 [1/1] (0.88ns)   --->   "%icmp_ln208 = icmp_eq  i32 %current_block_write_2, i32 2" [/home/coder/Desktop/s2n2/finn-hlslib-lif/slidingwindow.h:208]   --->   Operation 107 'icmp' 'icmp_ln208' <Predicate = (!icmp_ln196 & icmp_ln199 & icmp_ln205)> <Delay = 0.88> <CoreInst = "Cmp">   --->   Core 9 'Cmp' <Latency = 0> <II = 1> <Delay = 0.88> <FuncUnit> <Opcode : 'icmp'> <InPorts = 2> <OutPorts = 1>
ST_2 : Operation 108 [1/1] (0.22ns)   --->   "%current_block_write_3 = select i1 %icmp_ln208, i32 0, i32 %current_block_write_2" [/home/coder/Desktop/s2n2/finn-hlslib-lif/slidingwindow.h:208]   --->   Operation 108 'select' 'current_block_write_3' <Predicate = (!icmp_ln196 & icmp_ln199 & icmp_ln205)> <Delay = 0.22> <CoreInst = "Sel">   --->   Core 73 'Sel' <Latency = 0> <II = 1> <Delay = 0.22> <FuncUnit> <Opcode : 'select'> <InPorts = 3> <OutPorts = 1>
ST_2 : Operation 109 [1/1] (0.88ns)   --->   "%read_block_1 = add i32 %select_ln190, i32 1" [/home/coder/Desktop/s2n2/finn-hlslib-lif/slidingwindow.h:211]   --->   Operation 109 'add' 'read_block_1' <Predicate = (!icmp_ln196 & icmp_ln199 & icmp_ln205)> <Delay = 0.88> <CoreInst = "Adder">   --->   Core 1 'Adder' <Latency = 0> <II = 1> <Delay = 0.88> <FuncUnit> <Opcode : 'add' 'sub'> <InPorts = 2> <OutPorts = 1>
ST_2 : Operation 110 [1/1] (0.38ns)   --->   "%store_ln213 = store i32 0, i32 %counter_internal_block" [/home/coder/Desktop/s2n2/finn-hlslib-lif/slidingwindow.h:213]   --->   Operation 110 'store' 'store_ln213' <Predicate = (!icmp_ln196 & icmp_ln199 & icmp_ln205)> <Delay = 0.38>
ST_2 : Operation 111 [1/1] (0.41ns)   --->   "%store_ln213 = store i32 0, i32 %current_line" [/home/coder/Desktop/s2n2/finn-hlslib-lif/slidingwindow.h:213]   --->   Operation 111 'store' 'store_ln213' <Predicate = (!icmp_ln196 & icmp_ln199 & icmp_ln205)> <Delay = 0.41>
ST_2 : Operation 112 [1/1] (0.41ns)   --->   "%store_ln213 = store i32 %current_block_write_3, i32 %current_block_write" [/home/coder/Desktop/s2n2/finn-hlslib-lif/slidingwindow.h:213]   --->   Operation 112 'store' 'store_ln213' <Predicate = (!icmp_ln196 & icmp_ln199 & icmp_ln205)> <Delay = 0.41>
ST_2 : Operation 113 [1/1] (0.45ns)   --->   "%store_ln213 = store i32 %read_block_1, i32 %read_block" [/home/coder/Desktop/s2n2/finn-hlslib-lif/slidingwindow.h:213]   --->   Operation 113 'store' 'store_ln213' <Predicate = (!icmp_ln196 & icmp_ln199 & icmp_ln205)> <Delay = 0.45>
ST_2 : Operation 114 [1/1] (0.00ns)   --->   "%br_ln213 = br void %for.inc" [/home/coder/Desktop/s2n2/finn-hlslib-lif/slidingwindow.h:213]   --->   Operation 114 'br' 'br_ln213' <Predicate = (!icmp_ln196 & icmp_ln199 & icmp_ln205)> <Delay = 0.00>
ST_2 : Operation 115 [1/1] (0.70ns)   --->   "%add_ln197 = add i7 %i_3, i7 1" [/home/coder/Desktop/s2n2/finn-hlslib-lif/slidingwindow.h:197]   --->   Operation 115 'add' 'add_ln197' <Predicate = (!icmp_ln196)> <Delay = 0.70> <CoreInst = "Adder">   --->   Core 1 'Adder' <Latency = 0> <II = 1> <Delay = 0.70> <FuncUnit> <Opcode : 'add' 'sub'> <InPorts = 2> <OutPorts = 1>
ST_2 : Operation 116 [1/1] (0.30ns)   --->   "%i_4 = select i1 %icmp_ln197, i7 1, i7 %add_ln197" [/home/coder/Desktop/s2n2/finn-hlslib-lif/slidingwindow.h:197]   --->   Operation 116 'select' 'i_4' <Predicate = (!icmp_ln196)> <Delay = 0.30> <CoreInst = "Sel">   --->   Core 73 'Sel' <Latency = 0> <II = 1> <Delay = 0.30> <FuncUnit> <Opcode : 'select'> <InPorts = 3> <OutPorts = 1>
ST_2 : Operation 117 [1/1] (0.38ns)   --->   "%store_ln197 = store i39 %add_ln196, i39 %indvar_flatten" [/home/coder/Desktop/s2n2/finn-hlslib-lif/slidingwindow.h:197]   --->   Operation 117 'store' 'store_ln197' <Predicate = (!icmp_ln196)> <Delay = 0.38>
ST_2 : Operation 118 [1/1] (0.38ns)   --->   "%store_ln197 = store i7 %i_4, i7 %i" [/home/coder/Desktop/s2n2/finn-hlslib-lif/slidingwindow.h:197]   --->   Operation 118 'store' 'store_ln197' <Predicate = (!icmp_ln196)> <Delay = 0.38>
ST_2 : Operation 119 [1/1] (0.00ns)   --->   "%br_ln197 = br void %for.body12" [/home/coder/Desktop/s2n2/finn-hlslib-lif/slidingwindow.h:197]   --->   Operation 119 'br' 'br_ln197' <Predicate = (!icmp_ln196)> <Delay = 0.00>
ST_2 : Operation 141 [1/1] (0.00ns)   --->   "%ret_ln0 = ret"   --->   Operation 141 'ret' 'ret_ln0' <Predicate = (icmp_ln196)> <Delay = 0.00>

State 3 <SV = 2> <Delay = 2.44>
ST_3 : Operation 120 [1/1] (0.12ns)   --->   "%xor_ln216 = xor i1 %trunc_ln190, i1 1" [/home/coder/Desktop/s2n2/finn-hlslib-lif/slidingwindow.h:216]   --->   Operation 120 'xor' 'xor_ln216' <Predicate = (!icmp_ln199 & icmp_ln215)> <Delay = 0.12> <CoreInst = "LogicGate">   --->   Core 74 'LogicGate' <Latency = 0> <II = 1> <Delay = 0.12> <FuncUnit> <Opcode : 'and' 'or' 'xor'> <InPorts = 2> <OutPorts = 1>
ST_3 : Operation 121 [1/2] (0.65ns)   --->   "%inputBuf_load = load i4 %inputBuf_addr_1" [/home/coder/Desktop/s2n2/finn-hlslib-lif/slidingwindow.h:221]   --->   Operation 121 'load' 'inputBuf_load' <Predicate = (!icmp_ln199 & icmp_ln215)> <Delay = 0.65> <CoreInst = "RAM_2P">   --->   Core 92 'RAM_2P' <Latency = 1> <II = 1> <Delay = 0.65> <Storage> <Opcode : 'load' 'store'> <Ports = 2> <Width = 3> <Depth = 10> <RAM>
ST_3 : Operation 122 [1/2] (0.65ns)   --->   "%inputBuf_1_load = load i4 %inputBuf_1_addr_1" [/home/coder/Desktop/s2n2/finn-hlslib-lif/slidingwindow.h:221]   --->   Operation 122 'load' 'inputBuf_1_load' <Predicate = (!icmp_ln199 & icmp_ln215)> <Delay = 0.65> <CoreInst = "RAM_2P">   --->   Core 92 'RAM_2P' <Latency = 1> <II = 1> <Delay = 0.65> <Storage> <Opcode : 'load' 'store'> <Ports = 2> <Width = 3> <Depth = 10> <RAM>
ST_3 : Operation 123 [1/1] (0.38ns)   --->   "%p_0 = mux i3 @_ssdm_op_Mux.ap_auto.2i3.i1, i3 %inputBuf_load, i3 %inputBuf_1_load, i1 %xor_ln216" [/home/coder/Desktop/s2n2/finn-hlslib-lif/slidingwindow.h:221]   --->   Operation 123 'mux' 'p_0' <Predicate = (!icmp_ln199 & icmp_ln215)> <Delay = 0.38> <CoreInst = "Multiplexer">   --->   Core 76 'Multiplexer' <Latency = 0> <II = 1> <Delay = 0.38> <FuncUnit> <Opcode : 'mux'> <InPorts = 2> <OutPorts = 1>
ST_3 : Operation 124 [1/1] (1.40ns)   --->   "%write_ln222 = write void @_ssdm_op_Write.ap_fifo.volatile.i3P0A, i3 %convInp_i, i3 %p_0" [/home/coder/Desktop/s2n2/finn-hlslib-lif/slidingwindow.h:222]   --->   Operation 124 'write' 'write_ln222' <Predicate = (!icmp_ln199 & icmp_ln215)> <Delay = 1.40> <CoreInst = "FIFO_SRL">   --->   Core 81 'FIFO_SRL' <Latency = 0> <II = 1> <Delay = 1.40> <Storage> <Opcode : 'read' 'write' 'nbread' 'nbwrite'> <Ports = 0> <Width = 3> <Depth = 2> <FIFO>
ST_3 : Operation 125 [1/1] (1.42ns)   --->   "%in_r_read_1 = read i3 @_ssdm_op_Read.ap_fifo.volatile.i3P0A, i3 %in_r" [/home/coder/Desktop/s2n2/finn-hlslib-lif/slidingwindow.h:247]   --->   Operation 125 'read' 'in_r_read_1' <Predicate = (!icmp_ln199 & and_ln245)> <Delay = 1.42> <CoreInst = "FIFO">   --->   Core 78 'FIFO' <Latency = 0> <II = 1> <Delay = 1.42> <Storage> <Opcode : 'read' 'write' 'nbread' 'nbwrite'> <Ports = 0> <Width = -1> <Depth = -1> <FIFO>
ST_3 : Operation 126 [1/1] (0.00ns)   --->   "%zext_ln248 = zext i32 %current_line_load_2" [/home/coder/Desktop/s2n2/finn-hlslib-lif/slidingwindow.h:248]   --->   Operation 126 'zext' 'zext_ln248' <Predicate = (!icmp_ln199 & and_ln245)> <Delay = 0.00>
ST_3 : Operation 127 [1/1] (0.00ns)   --->   "%inputBuf_addr_2 = getelementptr i3 %inputBuf, i64 0, i64 %zext_ln248" [/home/coder/Desktop/s2n2/finn-hlslib-lif/slidingwindow.h:248]   --->   Operation 127 'getelementptr' 'inputBuf_addr_2' <Predicate = (!icmp_ln199 & and_ln245)> <Delay = 0.00>
ST_3 : Operation 128 [1/1] (0.00ns)   --->   "%inputBuf_1_addr_2 = getelementptr i3 %inputBuf_1, i64 0, i64 %zext_ln248" [/home/coder/Desktop/s2n2/finn-hlslib-lif/slidingwindow.h:248]   --->   Operation 128 'getelementptr' 'inputBuf_1_addr_2' <Predicate = (!icmp_ln199 & and_ln245)> <Delay = 0.00>
ST_3 : Operation 129 [1/1] (0.65ns)   --->   "%store_ln248 = store i3 %in_r_read_1, i4 %inputBuf_addr_2" [/home/coder/Desktop/s2n2/finn-hlslib-lif/slidingwindow.h:248]   --->   Operation 129 'store' 'store_ln248' <Predicate = (!icmp_ln199 & and_ln245 & !trunc_ln190)> <Delay = 0.65> <CoreInst = "RAM_2P">   --->   Core 92 'RAM_2P' <Latency = 1> <II = 1> <Delay = 0.65> <Storage> <Opcode : 'load' 'store'> <Ports = 2> <Width = 3> <Depth = 10> <RAM>
ST_3 : Operation 130 [1/1] (0.00ns)   --->   "%br_ln248 = br void %arrayidx681.exit" [/home/coder/Desktop/s2n2/finn-hlslib-lif/slidingwindow.h:248]   --->   Operation 130 'br' 'br_ln248' <Predicate = (!icmp_ln199 & and_ln245 & !trunc_ln190)> <Delay = 0.00>
ST_3 : Operation 131 [1/1] (0.65ns)   --->   "%store_ln248 = store i3 %in_r_read_1, i4 %inputBuf_1_addr_2" [/home/coder/Desktop/s2n2/finn-hlslib-lif/slidingwindow.h:248]   --->   Operation 131 'store' 'store_ln248' <Predicate = (!icmp_ln199 & and_ln245 & trunc_ln190)> <Delay = 0.65> <CoreInst = "RAM_2P">   --->   Core 92 'RAM_2P' <Latency = 1> <II = 1> <Delay = 0.65> <Storage> <Opcode : 'load' 'store'> <Ports = 2> <Width = 3> <Depth = 10> <RAM>
ST_3 : Operation 132 [1/1] (0.00ns)   --->   "%br_ln248 = br void %arrayidx681.exit" [/home/coder/Desktop/s2n2/finn-hlslib-lif/slidingwindow.h:248]   --->   Operation 132 'br' 'br_ln248' <Predicate = (!icmp_ln199 & and_ln245 & trunc_ln190)> <Delay = 0.00>
ST_3 : Operation 133 [1/1] (1.42ns)   --->   "%in_r_read = read i3 @_ssdm_op_Read.ap_fifo.volatile.i3P0A, i3 %in_r" [/home/coder/Desktop/s2n2/finn-hlslib-lif/slidingwindow.h:201]   --->   Operation 133 'read' 'in_r_read' <Predicate = (icmp_ln199)> <Delay = 1.42> <CoreInst = "FIFO">   --->   Core 78 'FIFO' <Latency = 0> <II = 1> <Delay = 1.42> <Storage> <Opcode : 'read' 'write' 'nbread' 'nbwrite'> <Ports = 0> <Width = -1> <Depth = -1> <FIFO>
ST_3 : Operation 134 [1/1] (0.00ns)   --->   "%zext_ln202 = zext i32 %current_line_load" [/home/coder/Desktop/s2n2/finn-hlslib-lif/slidingwindow.h:202]   --->   Operation 134 'zext' 'zext_ln202' <Predicate = (icmp_ln199)> <Delay = 0.00>
ST_3 : Operation 135 [1/1] (0.00ns)   --->   "%inputBuf_addr = getelementptr i3 %inputBuf, i64 0, i64 %zext_ln202" [/home/coder/Desktop/s2n2/finn-hlslib-lif/slidingwindow.h:202]   --->   Operation 135 'getelementptr' 'inputBuf_addr' <Predicate = (icmp_ln199)> <Delay = 0.00>
ST_3 : Operation 136 [1/1] (0.00ns)   --->   "%inputBuf_1_addr = getelementptr i3 %inputBuf_1, i64 0, i64 %zext_ln202" [/home/coder/Desktop/s2n2/finn-hlslib-lif/slidingwindow.h:202]   --->   Operation 136 'getelementptr' 'inputBuf_1_addr' <Predicate = (icmp_ln199)> <Delay = 0.00>
ST_3 : Operation 137 [1/1] (0.65ns)   --->   "%store_ln202 = store i3 %in_r_read, i4 %inputBuf_addr" [/home/coder/Desktop/s2n2/finn-hlslib-lif/slidingwindow.h:202]   --->   Operation 137 'store' 'store_ln202' <Predicate = (icmp_ln199 & !trunc_ln190)> <Delay = 0.65> <CoreInst = "RAM_2P">   --->   Core 92 'RAM_2P' <Latency = 1> <II = 1> <Delay = 0.65> <Storage> <Opcode : 'load' 'store'> <Ports = 2> <Width = 3> <Depth = 10> <RAM>
ST_3 : Operation 138 [1/1] (0.00ns)   --->   "%br_ln202 = br void %arrayidx153.exit" [/home/coder/Desktop/s2n2/finn-hlslib-lif/slidingwindow.h:202]   --->   Operation 138 'br' 'br_ln202' <Predicate = (icmp_ln199 & !trunc_ln190)> <Delay = 0.00>
ST_3 : Operation 139 [1/1] (0.65ns)   --->   "%store_ln202 = store i3 %in_r_read, i4 %inputBuf_1_addr" [/home/coder/Desktop/s2n2/finn-hlslib-lif/slidingwindow.h:202]   --->   Operation 139 'store' 'store_ln202' <Predicate = (icmp_ln199 & trunc_ln190)> <Delay = 0.65> <CoreInst = "RAM_2P">   --->   Core 92 'RAM_2P' <Latency = 1> <II = 1> <Delay = 0.65> <Storage> <Opcode : 'load' 'store'> <Ports = 2> <Width = 3> <Depth = 10> <RAM>
ST_3 : Operation 140 [1/1] (0.00ns)   --->   "%br_ln202 = br void %arrayidx153.exit" [/home/coder/Desktop/s2n2/finn-hlslib-lif/slidingwindow.h:202]   --->   Operation 140 'br' 'br_ln202' <Predicate = (icmp_ln199 & trunc_ln190)> <Delay = 0.00>


============================================================
+ Verbose Summary: Timing violations
============================================================
Target clock period: 10.000ns, clock uncertainty: 2.700ns.

 <State 1>: 0.453ns
The critical path consists of the following:
	'alloca' operation ('read_block') [6]  (0.000 ns)
	'store' operation ('store_ln0') of constant 0 on local variable 'read_block' [28]  (0.453 ns)

 <State 2>: 2.509ns
The critical path consists of the following:
	'load' operation ('current_block_write', /home/coder/Desktop/s2n2/finn-hlslib-lif/slidingwindow.h:190) on local variable 'current_block_write' [33]  (0.000 ns)
	'add' operation ('current_block_write', /home/coder/Desktop/s2n2/finn-hlslib-lif/slidingwindow.h:256) [109]  (0.880 ns)
	'icmp' operation ('icmp_ln257', /home/coder/Desktop/s2n2/finn-hlslib-lif/slidingwindow.h:257) [110]  (0.880 ns)
	'select' operation ('current_block_write', /home/coder/Desktop/s2n2/finn-hlslib-lif/slidingwindow.h:257) [111]  (0.227 ns)
	'store' operation ('store_ln261', /home/coder/Desktop/s2n2/finn-hlslib-lif/slidingwindow.h:261) of variable 'current_block_write', /home/coder/Desktop/s2n2/finn-hlslib-lif/slidingwindow.h:257 on local variable 'current_block_write' [113]  (0.420 ns)
	blocking operation 0.102607 ns on control path)

 <State 3>: 2.440ns
The critical path consists of the following:
	'load' operation ('inputBuf_load', /home/coder/Desktop/s2n2/finn-hlslib-lif/slidingwindow.h:221) on array 'inputBuf' [58]  (0.651 ns)
	'mux' operation ('p_0', /home/coder/Desktop/s2n2/finn-hlslib-lif/slidingwindow.h:221) [60]  (0.387 ns)
	fifo write operation ('write_ln222', /home/coder/Desktop/s2n2/finn-hlslib-lif/slidingwindow.h:222) on port 'convInp_i' (/home/coder/Desktop/s2n2/finn-hlslib-lif/slidingwindow.h:222) [61]  (1.402 ns)


============================================================
+ Verbose Summary: Binding
============================================================
N/A
* FSMD analyzer results:
  - Output states:
 - Input state : 
  - Chain level:
	State 1
	State 2
	State 3


============================================================
+ Verbose Summary: Datapath Resource usage 
============================================================
N/A
