

================================================================
== Vivado HLS Report for 'Block_ZN8ap_fixedIL'
================================================================
* Date:           Thu Oct  2 04:41:50 2025

* Version:        2020.1 (Build 2897737 on Wed May 27 20:21:37 MDT 2020)
* Project:        convSNN_conv1
* Solution:       new
* Product family: zynquplus
* Target device:  xczu9eg-ffvb1156-2-e


================================================================
== Performance Estimates
================================================================
+ Timing: 
    * Summary: 
    +--------+----------+----------+------------+
    |  Clock |  Target  | Estimated| Uncertainty|
    +--------+----------+----------+------------+
    |ap_clk  | 10.00 ns | 5.258 ns |   1.25 ns  |
    +--------+----------+----------+------------+

+ Latency: 
    * Summary: 
    +---------+---------+----------+----------+-----+-----+---------+
    |  Latency (cycles) |  Latency (absolute) |  Interval | Pipeline|
    |   min   |   max   |    min   |    max   | min | max |   Type  |
    +---------+---------+----------+----------+-----+-----+---------+
    |        0|        0|   0 ns   |   0 ns   |    0|    0|   none  |
    +---------+---------+----------+----------+-----+-----+---------+

    + Detail: 
        * Instance: 
        N/A

        * Loop: 
        N/A

============================================================
+ Verbose Summary: Synthesis Manager
============================================================
InlineROM: 1
ExposeGlobal: 0
============================================================
+ Verbose Summary: CDFG Model
============================================================
IsTopModel: 0
ResetActiveHigh: 1
IsCombinational: 2
IsDatapathOnly: 0
HasWiredReturn: 1
HasMFsm: 0
HasVarLatency: 0
IsPipeline: 0
IsRtlPipelined: 0
IsInstanceOverlapped: 0
IsDontTouch: 0
HasImplIP: 0
IsGatedGlobalClock: 0


============================================================
+ Verbose Summary: Schedule
============================================================
* Number of FSM states : 1
* Pipeline : 0
* Dataflow Pipeline: 0

* FSM state transitions: 
1 --> 

* FSM state operations: 

State 1 <SV = 0> <Delay = 5.25>
ST_1 : Operation 2 [1/1] (0.00ns)   --->   "%empty = call i32 (...)* @_ssdm_op_SpecInterface(i32* %numReps, [8 x i8]* @ap_fifo_str, i32 0, i32 0, [1 x i8]* @p_str, i32 0, i32 0, [1 x i8]* @p_str, [1 x i8]* @p_str, [1 x i8]* @p_str, i32 2, i32 2, i32 16, i32 16, [1 x i8]* @p_str, [11 x i8]* @ScalarProp_str)"   --->   Operation 2 'specinterface' 'empty' <Predicate = true> <Delay = 0.00>
ST_1 : Operation 3 [1/1] (1.83ns)   --->   "%numReps_read = call i32 @_ssdm_op_Read.ap_fifo.i32P(i32* %numReps)" [/home/coder/Desktop/s2n2/finn-hlslib-lif/convlayer.h:124->/home/coder/Desktop/s2n2/convSNN/conv1_top.cpp:26]   --->   Operation 3 'read' 'numReps_read' <Predicate = true> <Delay = 1.83> <Core = "FIFO">   --->   Core 32 'FIFO' <Latency = 0> <II = 1> <Delay = 1.83> <Storage> <Opcode : 'read' 'write' 'nbread' 'nbwrite'> <Ports = 0> <Width = 32> <Depth = 2> <FIFO>
ST_1 : Operation 4 [1/1] (3.42ns)   --->   "%mul_ln124 = mul i32 %numReps_read, 100" [/home/coder/Desktop/s2n2/finn-hlslib-lif/convlayer.h:124->/home/coder/Desktop/s2n2/convSNN/conv1_top.cpp:26->/home/coder/Desktop/s2n2/finn-hlslib-lif/convlayer.h:110->/home/coder/Desktop/s2n2/convSNN/conv1_top.cpp:26]   --->   Operation 4 'mul' 'mul_ln124' <Predicate = true> <Delay = 3.42> <Core = "Mul">   --->   Core 16 'Mul' <Latency = 0> <II = 1> <Delay = 3.42> <FuncUnit> <Opcode : 'mul'> <InPorts = 2> <OutPorts = 1>
ST_1 : Operation 5 [1/1] (0.00ns)   --->   "ret i32 %mul_ln124" [/home/coder/Desktop/s2n2/finn-hlslib-lif/convlayer.h:110->/home/coder/Desktop/s2n2/convSNN/conv1_top.cpp:26]   --->   Operation 5 'ret' <Predicate = true> <Delay = 0.00>


============================================================
+ Verbose Summary: Timing violations
============================================================
Target clock period: 10ns, clock uncertainty: 1.25ns.

 <State 1>: 5.26ns
The critical path consists of the following:
	fifo read on port 'numReps' (/home/coder/Desktop/s2n2/finn-hlslib-lif/convlayer.h:124->/home/coder/Desktop/s2n2/convSNN/conv1_top.cpp:26) [3]  (1.84 ns)
	'mul' operation ('mul_ln124', /home/coder/Desktop/s2n2/finn-hlslib-lif/convlayer.h:124->/home/coder/Desktop/s2n2/convSNN/conv1_top.cpp:26->/home/coder/Desktop/s2n2/finn-hlslib-lif/convlayer.h:110->/home/coder/Desktop/s2n2/convSNN/conv1_top.cpp:26) [4]  (3.42 ns)


============================================================
+ Verbose Summary: Binding
============================================================
N/A
* FSMD analyzer results:
  - Output states:
 - Input state : 
  - Chain level:
	State 1


============================================================
+ Verbose Summary: Datapath Resource usage 
============================================================
N/A
