==============================================================
Vitis HLS - High-Level Synthesis from C, C++ and OpenCL v2023.1 (64-bit)
Tool Version Limit: 2023.05
Copyright 1986-2022 Xilinx, Inc. All Rights Reserved.
Copyright 2022-2023 Advanced Micro Devices, Inc. All Rights Reserved.

==============================================================
INFO: [HLS 200-1505] Using default flow_target 'vivado'
INFO: [HLS 200-1510] Running: set_part xcvu9p-flga2577-2-e 
INFO: [HLS 200-1611] Setting target device to 'xcvu9p-flga2577-2-e'
INFO: [HLS 200-1510] Running: create_clock -period 10 -name default 
INFO: [SYN 201-201] Setting up clock 'default' with a period of 10ns.
INFO: [HLS 200-1510] Running: csim_design -clean 
INFO: [SIM 211-2] *************** CSIM start ***************
INFO: [SIM 211-4] CSIM will launch GCC as the compiler.
INFO: [HLS 200-2036] Building debug C Simulation binaries
INFO: [SIM 211-1] CSim done with 0 errors.
INFO: [SIM 211-3] *************** CSIM finish ***************
INFO: [HLS 200-111] Finished Command csim_design CPU user time: 2.77 seconds. CPU system time: 0.76 seconds. Elapsed time: 3.82 seconds; current allocated memory: 4.000 MB.
INFO: [HLS 200-1510] Running: csynth_design 
INFO: [HLS 200-111] Finished File checks and directory preparation: CPU user time: 0.06 seconds. CPU system time: 0.02 seconds. Elapsed time: 0.07 seconds; current allocated memory: 1.456 GB.
INFO: [HLS 200-10] Analyzing design file '/home/coder/Desktop/s2n2/convSNN/conv1_top.cpp' ... 
INFO: [HLS 200-111] Finished Source Code Analysis and Preprocessing: CPU user time: 3.74 seconds. CPU system time: 0.86 seconds. Elapsed time: 4.99 seconds; current allocated memory: 1.456 GB.
INFO: [HLS 200-777] Using interface defaults for 'Vivado' flow target.
INFO: [HLS 200-1995] There were 381 instructions in the design after the 'Compile/Link' phase of compilation. See the Design Size Report for more details: /home/coder/Desktop/s2n2/convSNN/convSNN_hls/convSNN_conv1/solution1/syn/report/csynth_design_size.rpt
INFO: [HLS 200-1995] There were 1,233 instructions in the design after the 'Unroll/Inline' phase of compilation. See the Design Size Report for more details: /home/coder/Desktop/s2n2/convSNN/convSNN_hls/convSNN_conv1/solution1/syn/report/csynth_design_size.rpt
INFO: [HLS 200-1995] There were 1,338 instructions in the design after the 'Performance/Pipeline' phase of compilation. See the Design Size Report for more details: /home/coder/Desktop/s2n2/convSNN/convSNN_hls/convSNN_conv1/solution1/syn/report/csynth_design_size.rpt
INFO: [HLS 200-1995] There were 1,171 instructions in the design after the 'Optimizations' phase of compilation. See the Design Size Report for more details: /home/coder/Desktop/s2n2/convSNN/convSNN_hls/convSNN_conv1/solution1/syn/report/csynth_design_size.rpt
INFO: [HLS 214-291] Loop 'VITIS_LOOP_64_8' is marked as complete unroll implied by the pipeline pragma (/home/coder/Desktop/s2n2/convSNN/conv1_top.cpp:64:34)
INFO: [HLS 214-291] Loop 'VITIS_LOOP_68_9' is marked as complete unroll implied by the pipeline pragma (/home/coder/Desktop/s2n2/convSNN/conv1_top.cpp:68:38)
INFO: [HLS 214-186] Unrolling loop 'VITIS_LOOP_64_8' (/home/coder/Desktop/s2n2/convSNN/conv1_top.cpp:64:34) in function 'conv1_lif_top' completely with a factor of 32 (/home/coder/Desktop/s2n2/convSNN/conv1_top.cpp:12:0)
INFO: [HLS 214-186] Unrolling loop 'VITIS_LOOP_68_9' (/home/coder/Desktop/s2n2/convSNN/conv1_top.cpp:68:38) in function 'conv1_lif_top' completely with a factor of 3 (/home/coder/Desktop/s2n2/convSNN/conv1_top.cpp:12:0)
INFO: [HLS 214-270] Inferring pragma 'array_partition type=complete dim=2' for array 'x' due to pipeline pragma (/home/coder/Desktop/s2n2/convSNN/conv1_top.cpp:60:9)
INFO: [HLS 214-270] Inferring pragma 'array_partition type=complete dim=1' for array 'mem' due to pipeline pragma (/home/coder/Desktop/s2n2/convSNN/conv1_top.cpp:60:9)
INFO: [HLS 214-270] Inferring pragma 'array_partition type=complete dim=1' for array 'prev_spk' due to pipeline pragma (/home/coder/Desktop/s2n2/convSNN/conv1_top.cpp:60:9)
INFO: [HLS 214-248] Applying array_partition to 'x': Complete partitioning on dimension 2. (/home/coder/Desktop/s2n2/convSNN/conv1_top.cpp:27:15)
INFO: [HLS 214-248] Applying array_partition to 'mem': Complete partitioning on dimension 1. (/home/coder/Desktop/s2n2/convSNN/conv1_top.cpp:43:15)
INFO: [HLS 214-248] Applying array_partition to 'prev_spk': Complete partitioning on dimension 1. (/home/coder/Desktop/s2n2/convSNN/conv1_top.cpp:44:20)
INFO: [HLS 200-111] Finished Compiling Optimization and Transform: CPU user time: 2.61 seconds. CPU system time: 0.65 seconds. Elapsed time: 8.56 seconds; current allocated memory: 1.456 GB.
INFO: [HLS 200-111] Finished Checking Pragmas: CPU user time: 0 seconds. CPU system time: 0 seconds. Elapsed time: 0 seconds; current allocated memory: 1.456 GB.
INFO: [HLS 200-10] Starting code transformations ...
INFO: [HLS 200-111] Finished Standard Transforms: CPU user time: 0.06 seconds. CPU system time: 0 seconds. Elapsed time: 0.11 seconds; current allocated memory: 1.458 GB.
INFO: [HLS 200-10] Checking synthesizability ...
INFO: [HLS 200-111] Finished Checking Synthesizability: CPU user time: 0.05 seconds. CPU system time: 0 seconds. Elapsed time: 0.1 seconds; current allocated memory: 1.459 GB.
INFO: [HLS 200-111] Finished Loop, function and other optimizations: CPU user time: 0.22 seconds. CPU system time: 0.02 seconds. Elapsed time: 0.24 seconds; current allocated memory: 1.485 GB.
INFO: [XFORM 203-541] Flattening a loop nest 'VITIS_LOOP_29_2' (/home/coder/Desktop/s2n2/convSNN/conv1_top.cpp:29:26) in function 'conv1_lif_top'.
INFO: [XFORM 203-541] Flattening a loop nest 'VITIS_LOOP_46_4' (/home/coder/Desktop/s2n2/convSNN/conv1_top.cpp:46:26) in function 'conv1_lif_top'.
INFO: [XFORM 203-541] Flattening a loop nest 'VITIS_LOOP_58_6' (/home/coder/Desktop/s2n2/convSNN/conv1_top.cpp:58:26) in function 'conv1_lif_top'.
WARNING: [HLS 200-960] Cannot flatten loop 'VITIS_LOOP_21_1' (/home/coder/Desktop/s2n2/convSNN/conv1_top.cpp:21:19) in function 'conv1_lif_top' more than one sub loop.
INFO: [HLS 200-111] Finished Architecture Synthesis: CPU user time: 0.15 seconds. CPU system time: 0.01 seconds. Elapsed time: 0.32 seconds; current allocated memory: 1.508 GB.
INFO: [HLS 200-10] Starting hardware synthesis ...
INFO: [HLS 200-10] Synthesizing 'conv1_lif_top' ...
INFO: [HLS 200-10] ----------------------------------------------------------------
INFO: [HLS 200-42] -- Implementing module 'conv1_lif_top_Pipeline_VITIS_LOOP_29_2_VITIS_LOOP_30_3' 
INFO: [HLS 200-10] ----------------------------------------------------------------
INFO: [SCHED 204-11] Starting scheduling ...
INFO: [SCHED 204-61] Pipelining loop 'VITIS_LOOP_29_2_VITIS_LOOP_30_3'.
INFO: [HLS 200-1470] Pipelining result : Target II = 1, Final II = 1, Depth = 2, loop 'VITIS_LOOP_29_2_VITIS_LOOP_30_3'
INFO: [SCHED 204-11] Finished scheduling.
INFO: [HLS 200-111] Finished Scheduling: CPU user time: 0.12 seconds. CPU system time: 0.06 seconds. Elapsed time: 0.84 seconds; current allocated memory: 1.510 GB.
INFO: [BIND 205-100] Starting micro-architecture generation ...
INFO: [BIND 205-101] Performing variable lifetime analysis.
INFO: [BIND 205-101] Exploring resource sharing.
INFO: [BIND 205-101] Binding ...
INFO: [BIND 205-100] Finished micro-architecture generation.
INFO: [HLS 200-111] Finished Binding: CPU user time: 0.04 seconds. CPU system time: 0 seconds. Elapsed time: 0.33 seconds; current allocated memory: 1.510 GB.
INFO: [HLS 200-10] ----------------------------------------------------------------
INFO: [HLS 200-42] -- Implementing module 'conv1_lif_top_Pipeline_VITIS_LOOP_46_4_VITIS_LOOP_47_5' 
INFO: [HLS 200-10] ----------------------------------------------------------------
INFO: [SCHED 204-11] Starting scheduling ...
INFO: [SCHED 204-61] Pipelining loop 'VITIS_LOOP_46_4_VITIS_LOOP_47_5'.
INFO: [HLS 200-1470] Pipelining result : Target II = 1, Final II = 1, Depth = 1, loop 'VITIS_LOOP_46_4_VITIS_LOOP_47_5'
INFO: [SCHED 204-11] Finished scheduling.
INFO: [HLS 200-111] Finished Scheduling: CPU user time: 0.78 seconds. CPU system time: 0.01 seconds. Elapsed time: 1.33 seconds; current allocated memory: 1.512 GB.
INFO: [BIND 205-100] Starting micro-architecture generation ...
INFO: [BIND 205-101] Performing variable lifetime analysis.
INFO: [BIND 205-101] Exploring resource sharing.
INFO: [BIND 205-101] Binding ...
INFO: [BIND 205-100] Finished micro-architecture generation.
INFO: [HLS 200-111] Finished Binding: CPU user time: 0.04 seconds. CPU system time: 0 seconds. Elapsed time: 0.34 seconds; current allocated memory: 1.512 GB.
INFO: [HLS 200-10] ----------------------------------------------------------------
INFO: [HLS 200-42] -- Implementing module 'conv1_lif_top_Pipeline_VITIS_LOOP_58_6_VITIS_LOOP_59_7' 
INFO: [HLS 200-10] ----------------------------------------------------------------
INFO: [SCHED 204-11] Starting scheduling ...
INFO: [SCHED 204-61] Pipelining loop 'VITIS_LOOP_58_6_VITIS_LOOP_59_7'.
INFO: [HLS 200-1470] Pipelining result : Target II = 1, Final II = 1, Depth = 20, loop 'VITIS_LOOP_58_6_VITIS_LOOP_59_7'
INFO: [SCHED 204-11] Finished scheduling.
INFO: [HLS 200-111] Finished Scheduling: CPU user time: 5.51 seconds. CPU system time: 0.03 seconds. Elapsed time: 5.82 seconds; current allocated memory: 1.519 GB.
INFO: [BIND 205-100] Starting micro-architecture generation ...
INFO: [BIND 205-101] Performing variable lifetime analysis.
INFO: [BIND 205-101] Exploring resource sharing.
INFO: [BIND 205-101] Binding ...
INFO: [BIND 205-100] Finished micro-architecture generation.
INFO: [HLS 200-111] Finished Binding: CPU user time: 0.34 seconds. CPU system time: 0 seconds. Elapsed time: 0.6 seconds; current allocated memory: 1.519 GB.
INFO: [HLS 200-10] ----------------------------------------------------------------
INFO: [HLS 200-42] -- Implementing module 'conv1_lif_top' 
INFO: [HLS 200-10] ----------------------------------------------------------------
INFO: [SCHED 204-11] Starting scheduling ...
INFO: [SCHED 204-11] Finished scheduling.
INFO: [HLS 200-111] Finished Scheduling: CPU user time: 0.19 seconds. CPU system time: 0.01 seconds. Elapsed time: 0.55 seconds; current allocated memory: 1.519 GB.
INFO: [BIND 205-100] Starting micro-architecture generation ...
INFO: [BIND 205-101] Performing variable lifetime analysis.
INFO: [BIND 205-101] Exploring resource sharing.
INFO: [BIND 205-101] Binding ...
INFO: [BIND 205-100] Finished micro-architecture generation.
INFO: [HLS 200-111] Finished Binding: CPU user time: 0.46 seconds. CPU system time: 0 seconds. Elapsed time: 0.75 seconds; current allocated memory: 1.519 GB.
INFO: [HLS 200-10] ----------------------------------------------------------------
INFO: [HLS 200-10] -- Generating RTL for module 'conv1_lif_top_Pipeline_VITIS_LOOP_29_2_VITIS_LOOP_30_3' 
INFO: [HLS 200-10] ----------------------------------------------------------------
INFO: [HLS 200-1030] Apply Unified Pipeline Control on module 'conv1_lif_top_Pipeline_VITIS_LOOP_29_2_VITIS_LOOP_30_3' pipeline 'VITIS_LOOP_29_2_VITIS_LOOP_30_3' pipeline type 'loop pipeline'
INFO: [RTGEN 206-100] Finished creating RTL model for 'conv1_lif_top_Pipeline_VITIS_LOOP_29_2_VITIS_LOOP_30_3'.
INFO: [HLS 200-111] Finished Creating RTL model: CPU user time: 0.07 seconds. CPU system time: 0 seconds. Elapsed time: 0.52 seconds; current allocated memory: 1.519 GB.
INFO: [HLS 200-10] ----------------------------------------------------------------
INFO: [HLS 200-10] -- Generating RTL for module 'conv1_lif_top_Pipeline_VITIS_LOOP_46_4_VITIS_LOOP_47_5' 
INFO: [HLS 200-10] ----------------------------------------------------------------
INFO: [RTGEN 206-100] Finished creating RTL model for 'conv1_lif_top_Pipeline_VITIS_LOOP_46_4_VITIS_LOOP_47_5'.
INFO: [HLS 200-111] Finished Creating RTL model: CPU user time: 0.11 seconds. CPU system time: 0 seconds. Elapsed time: 0.4 seconds; current allocated memory: 1.521 GB.
INFO: [HLS 200-10] ----------------------------------------------------------------
INFO: [HLS 200-10] -- Generating RTL for module 'conv1_lif_top_Pipeline_VITIS_LOOP_58_6_VITIS_LOOP_59_7' 
INFO: [HLS 200-10] ----------------------------------------------------------------
WARNING: [HLS 200-2049] Adding the rewind optimization to the pipelined process 'VITIS_LOOP_58_6_VITIS_LOOP_59_7' with inout ports inside a dataflow region can result in the creation of loop-carried dependencies and errors. Use caution when adding the rewind optimization to such loops.
INFO: [HLS 200-1030] Apply Unified Pipeline Control on module 'conv1_lif_top_Pipeline_VITIS_LOOP_58_6_VITIS_LOOP_59_7' pipeline 'VITIS_LOOP_58_6_VITIS_LOOP_59_7' pipeline type 'loop pipeline'
INFO: [HLS 200-1552] Enabling free running pipeline (frp) architecture on pipeline 'VITIS_LOOP_58_6_VITIS_LOOP_59_7' in module 'conv1_lif_top_Pipeline_VITIS_LOOP_58_6_VITIS_LOOP_59_7'. Estimated max control fanout for pipeline is 32046.
INFO: [RTGEN 206-104] Estimated max fanout for 'conv1_lif_top_Pipeline_VITIS_LOOP_58_6_VITIS_LOOP_59_7' is 11760 from HDL expression: (1'b0 == ap_block_pp0_stage0_11001)
INFO: [RTGEN 206-100] Generating core module 'fadd_32ns_32ns_32_3_full_dsp_1': 128 instance(s).
INFO: [RTGEN 206-100] Generating core module 'fcmp_32ns_32ns_1_1_no_dsp_1': 32 instance(s).
INFO: [RTGEN 206-100] Generating core module 'fmul_32ns_32ns_32_2_max_dsp_1': 128 instance(s).
INFO: [RTGEN 206-100] Generating core module 'fsub_32ns_32ns_32_3_full_dsp_1': 32 instance(s).
INFO: [RTGEN 206-100] Finished creating RTL model for 'conv1_lif_top_Pipeline_VITIS_LOOP_58_6_VITIS_LOOP_59_7'.
INFO: [HLS 200-111] Finished Creating RTL model: CPU user time: 0.33 seconds. CPU system time: 0.03 seconds. Elapsed time: 1.23 seconds; current allocated memory: 1.539 GB.
INFO: [HLS 200-10] ----------------------------------------------------------------
INFO: [HLS 200-10] -- Generating RTL for module 'conv1_lif_top' 
INFO: [HLS 200-10] ----------------------------------------------------------------
INFO: [RTGEN 206-500] Setting interface mode on port 'conv1_lif_top/in_r' to 'ap_fifo'.
INFO: [RTGEN 206-500] Setting interface mode on port 'conv1_lif_top/out_r' to 'ap_fifo'.
INFO: [RTGEN 206-500] Setting interface mode on port 'conv1_lif_top/numEvents' to 'ap_none'.
INFO: [RTGEN 206-500] Setting interface mode on function 'conv1_lif_top' to 'ap_ctrl_hs'.
INFO: [RTGEN 206-100] Finished creating RTL model for 'conv1_lif_top'.
INFO: [RTMG 210-278] Implementing memory 'conv1_lif_top_x_RAM_AUTO_1R1W' using auto RAMs.
INFO: [RTMG 210-278] Implementing memory 'conv1_lif_top_mem_RAM_AUTO_1R1W' using auto RAMs.
INFO: [RTMG 210-278] Implementing memory 'conv1_lif_top_prev_spk_RAM_AUTO_1R1W' using auto RAMs.
INFO: [HLS 200-111] Finished Creating RTL model: CPU user time: 1.75 seconds. CPU system time: 0.04 seconds. Elapsed time: 3.01 seconds; current allocated memory: 1.558 GB.
INFO: [HLS 200-111] Finished Generating all RTL models: CPU user time: 1.51 seconds. CPU system time: 0.02 seconds. Elapsed time: 1.79 seconds; current allocated memory: 1.564 GB.
INFO: [HLS 200-111] Finished Updating report files: CPU user time: 0.35 seconds. CPU system time: 0.03 seconds. Elapsed time: 0.61 seconds; current allocated memory: 1.575 GB.
INFO: [VHDL 208-304] Generating VHDL RTL for conv1_lif_top.
INFO: [VLOG 209-307] Generating Verilog RTL for conv1_lif_top.
INFO: [HLS 200-790] **** Loop Constraint Status: All loop constraints were satisfied.
INFO: [HLS 200-789] **** Estimated Fmax: 142.55 MHz
INFO: [HLS 200-111] Finished Command csynth_design CPU user time: 18.5 seconds. CPU system time: 1.81 seconds. Elapsed time: 33.83 seconds; current allocated memory: 121.914 MB.
INFO: [HLS 200-1510] Running: cosim_design 
INFO: [COSIM 212-47] Using XSIM for RTL simulation.
INFO: [COSIM 212-14] Instrumenting C test bench ...
INFO: [COSIM 212-302] Starting C TB testing ... 
INFO: [COSIM 212-333] Generating C post check test bench ...
INFO: [COSIM 212-12] Generating RTL test bench ...
INFO: [COSIM 212-1] *** C/RTL co-simulation file generation completed. ***
INFO: [COSIM 212-323] Starting verilog simulation. 
INFO: [COSIM 212-15] Starting XSIM ...
INFO: [COSIM 212-316] Starting C post checking ...
INFO: [COSIM 212-1000] *** C/RTL co-simulation finished: PASS ***
INFO: [COSIM 212-211] II is measurable only when transaction number is greater than 1 in RTL simulation. Otherwise, they will be marked as all NA. If user wants to calculate them, please make sure there are at least 2 transactions in RTL simulation.
INFO: [HLS 200-111] Finished Command cosim_design CPU user time: 182.38 seconds. CPU system time: 8.51 seconds. Elapsed time: 119.16 seconds; current allocated memory: 9.336 MB.
