

================================================================
== Vivado HLS Report for 'Matrix_Vector_Activa'
================================================================
* Date:           Sat Aug 23 02:43:49 2025

* Version:        2020.1 (Build 2897737 on Wed May 27 20:21:37 MDT 2020)
* Project:        convSNN_hls
* Solution:       solution2
* Product family: zynquplus
* Target device:  xczu28dr-ffvg1517-2-e


================================================================
== Performance Estimates
================================================================
+ Timing: 
    * Summary: 
    +--------+----------+----------+------------+
    |  Clock |  Target  | Estimated| Uncertainty|
    +--------+----------+----------+------------+
    |ap_clk  | 10.00 ns | 3.112 ns |   1.25 ns  |
    +--------+----------+----------+------------+

+ Latency: 
    * Summary: 
    +---------+---------+----------+----------+-----+-----+---------+
    |  Latency (cycles) |  Latency (absolute) |  Interval | Pipeline|
    |   min   |   max   |    min   |    max   | min | max |   Type  |
    +---------+---------+----------+----------+-----+-----+---------+
    |        ?|        ?|         ?|         ?|    ?|    ?|   none  |
    +---------+---------+----------+----------+-----+-----+---------+

    + Detail: 
        * Instance: 
        N/A

        * Loop: 
        +----------+---------+---------+----------+-----------+-----------+------+----------+
        |          |  Latency (cycles) | Iteration|  Initiation Interval  | Trip |          |
        | Loop Name|   min   |   max   |  Latency |  achieved |   target  | Count| Pipelined|
        +----------+---------+---------+----------+-----------+-----------+------+----------+
        |- Loop 1  |        ?|        ?|         2|          1|          1|     ?|    yes   |
        +----------+---------+---------+----------+-----------+-----------+------+----------+



================================================================
== Utilization Estimates
================================================================
* Summary: 
+-----------------+---------+-------+--------+--------+-----+
|       Name      | BRAM_18K| DSP48E|   FF   |   LUT  | URAM|
+-----------------+---------+-------+--------+--------+-----+
|DSP              |        -|      -|       -|       -|    -|
|Expression       |        -|      -|       0|     683|    -|
|FIFO             |        -|      -|       -|       -|    -|
|Instance         |        -|      -|       0|    2079|    -|
|Memory           |        -|      -|       -|       -|    -|
|Multiplexer      |        -|      -|       -|      90|    -|
|Register         |        -|      -|    1139|       -|    -|
+-----------------+---------+-------+--------+--------+-----+
|Total            |        0|      0|    1139|    2852|    0|
+-----------------+---------+-------+--------+--------+-----+
|Available        |     2160|   4272|  850560|  425280|   80|
+-----------------+---------+-------+--------+--------+-----+
|Utilization (%)  |        0|      0|   ~0   |   ~0   |    0|
+-----------------+---------+-------+--------+--------+-----+

+ Detail: 
    * Instance: 
    +--------------------------+----------------------+---------+-------+---+----+-----+
    |         Instance         |        Module        | BRAM_18K| DSP48E| FF| LUT| URAM|
    +--------------------------+----------------------+---------+-------+---+----+-----+
    |fc1_top_mux_83_16bkb_U1   |fc1_top_mux_83_16bkb  |        0|      0|  0|  33|    0|
    |fc1_top_mux_83_16bkb_U2   |fc1_top_mux_83_16bkb  |        0|      0|  0|  33|    0|
    |fc1_top_mux_83_16bkb_U3   |fc1_top_mux_83_16bkb  |        0|      0|  0|  33|    0|
    |fc1_top_mux_83_16bkb_U4   |fc1_top_mux_83_16bkb  |        0|      0|  0|  33|    0|
    |fc1_top_mux_83_16bkb_U5   |fc1_top_mux_83_16bkb  |        0|      0|  0|  33|    0|
    |fc1_top_mux_83_16bkb_U6   |fc1_top_mux_83_16bkb  |        0|      0|  0|  33|    0|
    |fc1_top_mux_83_16bkb_U7   |fc1_top_mux_83_16bkb  |        0|      0|  0|  33|    0|
    |fc1_top_mux_83_16bkb_U8   |fc1_top_mux_83_16bkb  |        0|      0|  0|  33|    0|
    |fc1_top_mux_83_16bkb_U9   |fc1_top_mux_83_16bkb  |        0|      0|  0|  33|    0|
    |fc1_top_mux_83_16bkb_U10  |fc1_top_mux_83_16bkb  |        0|      0|  0|  33|    0|
    |fc1_top_mux_83_16bkb_U11  |fc1_top_mux_83_16bkb  |        0|      0|  0|  33|    0|
    |fc1_top_mux_83_16bkb_U12  |fc1_top_mux_83_16bkb  |        0|      0|  0|  33|    0|
    |fc1_top_mux_83_16bkb_U13  |fc1_top_mux_83_16bkb  |        0|      0|  0|  33|    0|
    |fc1_top_mux_83_16bkb_U14  |fc1_top_mux_83_16bkb  |        0|      0|  0|  33|    0|
    |fc1_top_mux_83_16bkb_U15  |fc1_top_mux_83_16bkb  |        0|      0|  0|  33|    0|
    |fc1_top_mux_83_16bkb_U16  |fc1_top_mux_83_16bkb  |        0|      0|  0|  33|    0|
    |fc1_top_mux_83_16bkb_U17  |fc1_top_mux_83_16bkb  |        0|      0|  0|  33|    0|
    |fc1_top_mux_83_16bkb_U18  |fc1_top_mux_83_16bkb  |        0|      0|  0|  33|    0|
    |fc1_top_mux_83_16bkb_U19  |fc1_top_mux_83_16bkb  |        0|      0|  0|  33|    0|
    |fc1_top_mux_83_16bkb_U20  |fc1_top_mux_83_16bkb  |        0|      0|  0|  33|    0|
    |fc1_top_mux_83_16bkb_U21  |fc1_top_mux_83_16bkb  |        0|      0|  0|  33|    0|
    |fc1_top_mux_83_16bkb_U22  |fc1_top_mux_83_16bkb  |        0|      0|  0|  33|    0|
    |fc1_top_mux_83_16bkb_U23  |fc1_top_mux_83_16bkb  |        0|      0|  0|  33|    0|
    |fc1_top_mux_83_16bkb_U24  |fc1_top_mux_83_16bkb  |        0|      0|  0|  33|    0|
    |fc1_top_mux_83_16bkb_U25  |fc1_top_mux_83_16bkb  |        0|      0|  0|  33|    0|
    |fc1_top_mux_83_16bkb_U26  |fc1_top_mux_83_16bkb  |        0|      0|  0|  33|    0|
    |fc1_top_mux_83_16bkb_U27  |fc1_top_mux_83_16bkb  |        0|      0|  0|  33|    0|
    |fc1_top_mux_83_16bkb_U28  |fc1_top_mux_83_16bkb  |        0|      0|  0|  33|    0|
    |fc1_top_mux_83_16bkb_U29  |fc1_top_mux_83_16bkb  |        0|      0|  0|  33|    0|
    |fc1_top_mux_83_16bkb_U30  |fc1_top_mux_83_16bkb  |        0|      0|  0|  33|    0|
    |fc1_top_mux_83_16bkb_U31  |fc1_top_mux_83_16bkb  |        0|      0|  0|  33|    0|
    |fc1_top_mux_83_16bkb_U32  |fc1_top_mux_83_16bkb  |        0|      0|  0|  33|    0|
    |fc1_top_mux_83_16bkb_U33  |fc1_top_mux_83_16bkb  |        0|      0|  0|  33|    0|
    |fc1_top_mux_83_16bkb_U34  |fc1_top_mux_83_16bkb  |        0|      0|  0|  33|    0|
    |fc1_top_mux_83_16bkb_U35  |fc1_top_mux_83_16bkb  |        0|      0|  0|  33|    0|
    |fc1_top_mux_83_16bkb_U36  |fc1_top_mux_83_16bkb  |        0|      0|  0|  33|    0|
    |fc1_top_mux_83_16bkb_U37  |fc1_top_mux_83_16bkb  |        0|      0|  0|  33|    0|
    |fc1_top_mux_83_16bkb_U38  |fc1_top_mux_83_16bkb  |        0|      0|  0|  33|    0|
    |fc1_top_mux_83_16bkb_U39  |fc1_top_mux_83_16bkb  |        0|      0|  0|  33|    0|
    |fc1_top_mux_83_16bkb_U40  |fc1_top_mux_83_16bkb  |        0|      0|  0|  33|    0|
    |fc1_top_mux_83_16bkb_U41  |fc1_top_mux_83_16bkb  |        0|      0|  0|  33|    0|
    |fc1_top_mux_83_16bkb_U42  |fc1_top_mux_83_16bkb  |        0|      0|  0|  33|    0|
    |fc1_top_mux_83_16bkb_U43  |fc1_top_mux_83_16bkb  |        0|      0|  0|  33|    0|
    |fc1_top_mux_83_16bkb_U44  |fc1_top_mux_83_16bkb  |        0|      0|  0|  33|    0|
    |fc1_top_mux_83_16bkb_U45  |fc1_top_mux_83_16bkb  |        0|      0|  0|  33|    0|
    |fc1_top_mux_83_16bkb_U46  |fc1_top_mux_83_16bkb  |        0|      0|  0|  33|    0|
    |fc1_top_mux_83_16bkb_U47  |fc1_top_mux_83_16bkb  |        0|      0|  0|  33|    0|
    |fc1_top_mux_83_16bkb_U48  |fc1_top_mux_83_16bkb  |        0|      0|  0|  33|    0|
    |fc1_top_mux_83_16bkb_U49  |fc1_top_mux_83_16bkb  |        0|      0|  0|  33|    0|
    |fc1_top_mux_83_16bkb_U50  |fc1_top_mux_83_16bkb  |        0|      0|  0|  33|    0|
    |fc1_top_mux_83_16bkb_U51  |fc1_top_mux_83_16bkb  |        0|      0|  0|  33|    0|
    |fc1_top_mux_83_16bkb_U52  |fc1_top_mux_83_16bkb  |        0|      0|  0|  33|    0|
    |fc1_top_mux_83_16bkb_U53  |fc1_top_mux_83_16bkb  |        0|      0|  0|  33|    0|
    |fc1_top_mux_83_16bkb_U54  |fc1_top_mux_83_16bkb  |        0|      0|  0|  33|    0|
    |fc1_top_mux_83_16bkb_U55  |fc1_top_mux_83_16bkb  |        0|      0|  0|  33|    0|
    |fc1_top_mux_83_16bkb_U56  |fc1_top_mux_83_16bkb  |        0|      0|  0|  33|    0|
    |fc1_top_mux_83_16bkb_U57  |fc1_top_mux_83_16bkb  |        0|      0|  0|  33|    0|
    |fc1_top_mux_83_16bkb_U58  |fc1_top_mux_83_16bkb  |        0|      0|  0|  33|    0|
    |fc1_top_mux_83_16bkb_U59  |fc1_top_mux_83_16bkb  |        0|      0|  0|  33|    0|
    |fc1_top_mux_83_16bkb_U60  |fc1_top_mux_83_16bkb  |        0|      0|  0|  33|    0|
    |fc1_top_mux_83_16bkb_U61  |fc1_top_mux_83_16bkb  |        0|      0|  0|  33|    0|
    |fc1_top_mux_83_16bkb_U62  |fc1_top_mux_83_16bkb  |        0|      0|  0|  33|    0|
    |fc1_top_mux_83_16bkb_U63  |fc1_top_mux_83_16bkb  |        0|      0|  0|  33|    0|
    +--------------------------+----------------------+---------+-------+---+----+-----+
    |Total                     |                      |        0|      0|  0|2079|    0|
    +--------------------------+----------------------+---------+-------+---+----+-----+

    * DSP48E: 
    N/A

    * Memory: 
    N/A

    * FIFO: 
    N/A

    * Expression: 
    +----------------------------------+----------+-------+---+----+------------+------------+
    |           Variable Name          | Operation| DSP48E| FF| LUT| Bitwidth P0| Bitwidth P1|
    +----------------------------------+----------+-------+---+----+------------+------------+
    |add_ln147_fu_368_p2               |     +    |      0|  0|  39|          32|          32|
    |i_fu_384_p2                       |     +    |      0|  0|  39|          32|           1|
    |nf_fu_2350_p2                     |     +    |      0|  0|  39|          32|           1|
    |sf_fu_954_p2                      |     +    |      0|  0|  39|           1|          32|
    |accu_1_V_fu_640_p2                |     -    |      0|  0|  23|          16|          16|
    |accu_2_V_fu_682_p2                |     -    |      0|  0|  23|          16|          16|
    |accu_3_V_fu_724_p2                |     -    |      0|  0|  23|          16|          16|
    |accu_4_V_fu_766_p2                |     -    |      0|  0|  23|          16|          16|
    |accu_5_V_fu_808_p2                |     -    |      0|  0|  23|          16|          16|
    |accu_6_V_fu_850_p2                |     -    |      0|  0|  23|          16|          16|
    |accu_7_V_fu_892_p2                |     -    |      0|  0|  23|          16|          16|
    |ap_block_pp0_stage0_01001         |    and   |      0|  0|   2|           1|           1|
    |icmp_ln147_fu_379_p2              |   icmp   |      0|  0|  20|          32|          32|
    |icmp_ln150_fu_393_p2              |   icmp   |      0|  0|  20|          32|           1|
    |icmp_ln165_fu_594_p2              |   icmp   |      0|  0|  20|          32|           1|
    |icmp_ln197_fu_960_p2              |   icmp   |      0|  0|  20|          32|           5|
    |icmp_ln212_fu_2356_p2             |   icmp   |      0|  0|  20|          32|           4|
    |ap_block_state1                   |    or    |      0|  0|   2|           1|           1|
    |ap_block_state3_pp0_stage0_iter1  |    or    |      0|  0|   2|           1|           1|
    |accu_1_V_3_fu_946_p3              |  select  |      0|  0|  16|           1|          16|
    |accu_2_V_3_fu_938_p3              |  select  |      0|  0|  16|           1|          16|
    |accu_3_V_3_fu_930_p3              |  select  |      0|  0|  16|           1|          16|
    |accu_4_V_3_fu_922_p3              |  select  |      0|  0|  16|           1|          16|
    |accu_5_V_3_fu_914_p3              |  select  |      0|  0|  16|           1|          16|
    |accu_6_V_3_fu_906_p3              |  select  |      0|  0|  16|           1|          16|
    |accu_7_V_3_fu_898_p3              |  select  |      0|  0|  16|           1|          16|
    |select_ln204_1_fu_1206_p3         |  select  |      0|  0|  16|           1|          16|
    |select_ln204_2_fu_1398_p3         |  select  |      0|  0|  16|           1|          16|
    |select_ln204_3_fu_1590_p3         |  select  |      0|  0|  16|           1|          16|
    |select_ln204_4_fu_1782_p3         |  select  |      0|  0|  16|           1|          16|
    |select_ln204_5_fu_1974_p3         |  select  |      0|  0|  16|           1|          16|
    |select_ln204_6_fu_2166_p3         |  select  |      0|  0|  16|           1|          16|
    |select_ln204_fu_1014_p3           |  select  |      0|  0|  16|           1|          16|
    |select_ln212_fu_2362_p3           |  select  |      0|  0|  32|           1|           1|
    |ap_enable_pp0                     |    xor   |      0|  0|   2|           1|           2|
    |ap_enable_reg_pp0_iter1           |    xor   |      0|  0|   2|           2|           1|
    +----------------------------------+----------+-------+---+----+------------+------------+
    |Total                             |          |      0|  0| 683|         390|         452|
    +----------------------------------+----------+-------+---+----+------------+------------+

    * Multiplexer: 
    +-------------------------+----+-----------+-----+-----------+
    |           Name          | LUT| Input Size| Bits| Total Bits|
    +-------------------------+----+-----------+-----+-----------+
    |ap_NS_fsm                |  21|          4|    1|          4|
    |ap_done                  |   9|          2|    1|          2|
    |ap_enable_reg_pp0_iter1  |  15|          3|    1|          3|
    |i_0_reg_340              |   9|          2|   32|         64|
    |in_V_V_blk_n             |   9|          2|    1|          2|
    |nf_0_fu_92               |   9|          2|   32|         64|
    |out_V_V_blk_n            |   9|          2|    1|          2|
    |sf_1_fu_88               |   9|          2|   32|         64|
    +-------------------------+----+-----------+-----+-----------+
    |Total                    |  90|         19|  101|        205|
    +-------------------------+----+-----------+-----+-----------+

    * Register: 
    +--------------------------+----+----+-----+-----------+
    |           Name           | FF | LUT| Bits| Const Bits|
    +--------------------------+----+----+-----+-----------+
    |accu_1_V_2_fu_60          |  16|   0|   16|          0|
    |accu_2_V_2_fu_64          |  16|   0|   16|          0|
    |accu_3_V_2_fu_68          |  16|   0|   16|          0|
    |accu_4_V_2_fu_72          |  16|   0|   16|          0|
    |accu_5_V_2_fu_76          |  16|   0|   16|          0|
    |accu_6_V_2_fu_80          |  16|   0|   16|          0|
    |accu_7_V_2_fu_84          |  16|   0|   16|          0|
    |add_ln147_reg_3048        |  27|   0|   32|          5|
    |ap_CS_fsm                 |   3|   0|    3|          0|
    |ap_done_reg               |   1|   0|    1|          0|
    |ap_enable_reg_pp0_iter0   |   1|   0|    1|          0|
    |ap_enable_reg_pp0_iter1   |   1|   0|    1|          0|
    |i_0_reg_340               |  32|   0|   32|          0|
    |icmp_ln150_reg_3062       |   1|   0|    1|          0|
    |icmp_ln197_reg_3066       |   1|   0|    1|          0|
    |neust_V_10_0_0186_fu_128  |  16|   0|   16|          0|
    |neust_V_11_0_0187_fu_132  |  16|   0|   16|          0|
    |neust_V_12_0_0188_fu_136  |  16|   0|   16|          0|
    |neust_V_13_0_0189_fu_140  |  16|   0|   16|          0|
    |neust_V_14_0_0190_fu_144  |  16|   0|   16|          0|
    |neust_V_15_0_0191_fu_148  |  16|   0|   16|          0|
    |neust_V_17_0_0193_fu_152  |  16|   0|   16|          0|
    |neust_V_18_0_0194_fu_156  |  16|   0|   16|          0|
    |neust_V_19_0_0195_fu_160  |  16|   0|   16|          0|
    |neust_V_1_0_0177_fu_96    |  16|   0|   16|          0|
    |neust_V_20_0_0196_fu_164  |  16|   0|   16|          0|
    |neust_V_21_0_0197_fu_168  |  16|   0|   16|          0|
    |neust_V_22_0_0198_fu_172  |  16|   0|   16|          0|
    |neust_V_23_0_0199_fu_176  |  16|   0|   16|          0|
    |neust_V_25_0_0201_fu_180  |  16|   0|   16|          0|
    |neust_V_26_0_0202_fu_184  |  16|   0|   16|          0|
    |neust_V_27_0_0203_fu_188  |  16|   0|   16|          0|
    |neust_V_28_0_0204_fu_192  |  16|   0|   16|          0|
    |neust_V_29_0_0205_fu_196  |  16|   0|   16|          0|
    |neust_V_2_0_0178_fu_100   |  16|   0|   16|          0|
    |neust_V_30_0_0206_fu_200  |  16|   0|   16|          0|
    |neust_V_31_0_0207_fu_204  |  16|   0|   16|          0|
    |neust_V_33_0_0209_fu_208  |  16|   0|   16|          0|
    |neust_V_34_0_0210_fu_212  |  16|   0|   16|          0|
    |neust_V_35_0_0211_fu_216  |  16|   0|   16|          0|
    |neust_V_36_0_0212_fu_220  |  16|   0|   16|          0|
    |neust_V_37_0_0213_fu_224  |  16|   0|   16|          0|
    |neust_V_38_0_0214_fu_228  |  16|   0|   16|          0|
    |neust_V_39_0_0215_fu_232  |  16|   0|   16|          0|
    |neust_V_3_0_0179_fu_104   |  16|   0|   16|          0|
    |neust_V_41_0_0217_fu_236  |  16|   0|   16|          0|
    |neust_V_42_0_0218_fu_240  |  16|   0|   16|          0|
    |neust_V_43_0_0219_fu_244  |  16|   0|   16|          0|
    |neust_V_44_0_0220_fu_248  |  16|   0|   16|          0|
    |neust_V_45_0_0221_fu_252  |  16|   0|   16|          0|
    |neust_V_46_0_0222_fu_256  |  16|   0|   16|          0|
    |neust_V_47_0_0223_fu_260  |  16|   0|   16|          0|
    |neust_V_49_0_0225_fu_264  |  16|   0|   16|          0|
    |neust_V_4_0_0180_fu_108   |  16|   0|   16|          0|
    |neust_V_50_0_0226_fu_268  |  16|   0|   16|          0|
    |neust_V_51_0_0227_fu_272  |  16|   0|   16|          0|
    |neust_V_52_0_0228_fu_276  |  16|   0|   16|          0|
    |neust_V_53_0_0229_fu_280  |  16|   0|   16|          0|
    |neust_V_54_0_0230_fu_284  |  16|   0|   16|          0|
    |neust_V_55_0_0231_fu_288  |  16|   0|   16|          0|
    |neust_V_57_0_0233_fu_292  |  16|   0|   16|          0|
    |neust_V_58_0_0234_fu_296  |  16|   0|   16|          0|
    |neust_V_59_0_0235_fu_300  |  16|   0|   16|          0|
    |neust_V_5_0_0181_fu_112   |  16|   0|   16|          0|
    |neust_V_60_0_0236_fu_304  |  16|   0|   16|          0|
    |neust_V_61_0_0237_fu_308  |  16|   0|   16|          0|
    |neust_V_62_0_0238_fu_312  |  16|   0|   16|          0|
    |neust_V_63_0_0239_fu_316  |  16|   0|   16|          0|
    |neust_V_6_0_0182_fu_116   |  16|   0|   16|          0|
    |neust_V_7_0_0183_fu_120   |  16|   0|   16|          0|
    |neust_V_9_0_0185_fu_124   |  16|   0|   16|          0|
    |nf_0_fu_92                |  32|   0|   32|          0|
    |sf_1_fu_88                |  32|   0|   32|          0|
    +--------------------------+----+----+-----+-----------+
    |Total                     |1139|   0| 1144|          5|
    +--------------------------+----+----+-----+-----------+



================================================================
== Interface
================================================================
* Summary: 
+----------------+-----+-----+------------+----------------------+--------------+
|    RTL Ports   | Dir | Bits|  Protocol  |     Source Object    |    C Type    |
+----------------+-----+-----+------------+----------------------+--------------+
|ap_clk          |  in |    1| ap_ctrl_hs | Matrix_Vector_Activa | return value |
|ap_rst          |  in |    1| ap_ctrl_hs | Matrix_Vector_Activa | return value |
|ap_start        |  in |    1| ap_ctrl_hs | Matrix_Vector_Activa | return value |
|ap_done         | out |    1| ap_ctrl_hs | Matrix_Vector_Activa | return value |
|ap_continue     |  in |    1| ap_ctrl_hs | Matrix_Vector_Activa | return value |
|ap_idle         | out |    1| ap_ctrl_hs | Matrix_Vector_Activa | return value |
|ap_ready        | out |    1| ap_ctrl_hs | Matrix_Vector_Activa | return value |
|in_V_V_dout     |  in |  320|   ap_fifo  |        in_V_V        |    pointer   |
|in_V_V_empty_n  |  in |    1|   ap_fifo  |        in_V_V        |    pointer   |
|in_V_V_read     | out |    1|   ap_fifo  |        in_V_V        |    pointer   |
|out_V_V_din     | out |   64|   ap_fifo  |        out_V_V       |    pointer   |
|out_V_V_full_n  |  in |    1|   ap_fifo  |        out_V_V       |    pointer   |
|out_V_V_write   | out |    1|   ap_fifo  |        out_V_V       |    pointer   |
|reps            |  in |   32|   ap_none  |         reps         |    scalar    |
+----------------+-----+-----+------------+----------------------+--------------+

