INFO: [SIM 2] *************** CSIM start ***************
INFO: [SIM 4] CSIM will launch GCC as the compiler.
   Compiling ../../../../../fc2_tb.cpp in release mode
   Compiling ../../../../../fc2_top.cpp in release mode
   Generating csim.exe

Initializing FC2 weights...
[DEBUG] Tile = 0, Mask = 0b11111111
  [PE 0] Weight = 5 Accumulator before = -25.793
  [PE 0] Accumulator after  = -20.793
  [PE 1] Weight = 18 Accumulator before = 31.5303
  [PE 1] Accumulator after  = -14.4697
  [PE 2] Weight = -11 Accumulator before = -32
  [PE 2] Accumulator after  = 21
  [PE 3] Weight = -26 Accumulator before = 0
  [PE 3] Accumulator after  = -26
  [PE 4] Weight = 2 Accumulator before = -25.7109
  [PE 4] Accumulator after  = -23.7109
[DEBUG] Tile = 1, Mask = 0b11111111
  [PE 0] Weight = -15 Accumulator before = -20.793
  [PE 0] Accumulator after  = 28.207
  [PE 1] Weight = -12 Accumulator before = -14.4697
  [PE 1] Accumulator after  = -26.4697
  [PE 2] Weight = 0 Accumulator before = 21
  [PE 2] Accumulator after  = 21
  [PE 3] Weight = -21 Accumulator before = -26
  [PE 3] Accumulator after  = 17
  [PE 4] Weight = -81 Accumulator before = -23.7109
  [PE 4] Accumulator after  = 23.2891
[DEBUG] Tile = 2, Mask = 0b11111111
  [PE 0] Weight = 0 Accumulator before = 28.207
  [PE 0] Accumulator after  = 28.207
  [PE 1] Weight = -8 Accumulator before = -26.4697
  [PE 1] Accumulator after  = 29.5303
  [PE 2] Weight = -109 Accumulator before = 21
  [PE 2] Accumulator after  = -24
  [PE 3] Weight = -67 Accumulator before = 17
  [PE 3] Accumulator after  = 14
  [PE 4] Weight = -8 Accumulator before = 23.2891
  [PE 4] Accumulator after  = 15.2891
[DEBUG] Tile = 3, Mask = 0b11111111
  [PE 0] Weight = -38 Accumulator before = 28.207
  [PE 0] Accumulator after  = -9.79297
  [PE 1] Weight = 2 Accumulator before = 29.5303
  [PE 1] Accumulator after  = 31.5303
  [PE 2] Weight = 1 Accumulator before = -24
  [PE 2] Accumulator after  = -23
  [PE 3] Weight = 8 Accumulator before = 14
  [PE 3] Accumulator after  = 22
  [PE 4] Weight = 1 Accumulator before = 15.2891
  [PE 4] Accumulator after  = 16.2891
[DEBUG] Tile = 4, Mask = 0b11111111
  [PE 0] Weight = 14 Accumulator before = -9.79297
  [PE 0] Accumulator after  = 4.20703
  [PE 1] Weight = 3 Accumulator before = 31.5303
  [PE 1] Accumulator after  = -29.4697
  [PE 2] Weight = 10 Accumulator before = -23
  [PE 2] Accumulator after  = -13
  [PE 3] Weight = -8 Accumulator before = 22
  [PE 3] Accumulator after  = 14
  [PE 4] Weight = -15 Accumulator before = 16.2891
  [PE 4] Accumulator after  = 1.28906
[DEBUG] Tile = 5, Mask = 0b11111111
  [PE 0] Weight = 29 Accumulator before = 4.20703
  [PE 0] Accumulator after  = -30.793
  [PE 1] Weight = 32 Accumulator before = -29.4697
  [PE 1] Accumulator after  = 2.53027
  [PE 2] Weight = -82 Accumulator before = -13
  [PE 2] Accumulator after  = -31
  [PE 3] Weight = -25 Accumulator before = 14
  [PE 3] Accumulator after  = -11
  [PE 4] Weight = 5 Accumulator before = 1.28906
  [PE 4] Accumulator after  = 6.28906
[DEBUG] Tile = 6, Mask = 0b11111111
  [PE 0] Weight = -36 Accumulator before = -30.793
  [PE 0] Accumulator after  = -2.79297
  [PE 1] Weight = -51 Accumulator before = 2.53027
  [PE 1] Accumulator after  = 15.5303
  [PE 2] Weight = 9 Accumulator before = -31
  [PE 2] Accumulator after  = -22
  [PE 3] Weight = 3 Accumulator before = -11
  [PE 3] Accumulator after  = -8
  [PE 4] Weight = 4 Accumulator before = 6.28906
  [PE 4] Accumulator after  = 10.2891
[DEBUG] Tile = 7, Mask = 0b11111111
  [PE 0] Weight = 26 Accumulator before = -2.79297
  [PE 0] Accumulator after  = 23.207
  [PE 1] Weight = -8 Accumulator before = 15.5303
  [PE 1] Accumulator after  = 7.53027
  [PE 2] Weight = 10 Accumulator before = -22
  [PE 2] Accumulator after  = -12
  [PE 3] Weight = 6 Accumulator before = -8
  [PE 3] Accumulator after  = -2
  [PE 4] Weight = 2 Accumulator before = 10.2891
  [PE 4] Accumulator after  = 12.2891
[THRESHOLD DEBUG] acc=23.207 > threshold=1 => YES: SPIKE
[THRESHOLD DEBUG] acc=7.53027 > threshold=1 => YES: SPIKE
[THRESHOLD DEBUG] acc=-12 > threshold=1 => NO: no spike
[THRESHOLD DEBUG] acc=-2 > threshold=1 => NO: no spike
[THRESHOLD DEBUG] acc=12.2891 > threshold=1 => YES: SPIKE
[DEBUG] Tile = 0, Mask = 0b11111111
  [PE 0] Weight = 5 Accumulator before = 0
  [PE 0] Accumulator after  = 5
  [PE 1] Weight = 18 Accumulator before = 0
  [PE 1] Accumulator after  = 18
  [PE 2] Weight = -11 Accumulator before = -10.5
  [PE 2] Accumulator after  = -21.5
  [PE 3] Weight = -26 Accumulator before = -1.75
  [PE 3] Accumulator after  = -27.75
  [PE 4] Weight = 2 Accumulator before = 0
  [PE 4] Accumulator after  = 2
[DEBUG] Tile = 1, Mask = 0b11111111
  [PE 0] Weight = -15 Accumulator before = 5
  [PE 0] Accumulator after  = -10
  [PE 1] Weight = -12 Accumulator before = 18
  [PE 1] Accumulator after  = 6
  [PE 2] Weight = 0 Accumulator before = -21.5
  [PE 2] Accumulator after  = -21.5
  [PE 3] Weight = -21 Accumulator before = -27.75
  [PE 3] Accumulator after  = 15.25
  [PE 4] Weight = -81 Accumulator before = 2
  [PE 4] Accumulator after  = -15
[DEBUG] Tile = 2, Mask = 0b11111111
  [PE 0] Weight = 0 Accumulator before = -10
  [PE 0] Accumulator after  = -10
  [PE 1] Weight = -8 Accumulator before = 6
  [PE 1] Accumulator after  = -2
  [PE 2] Weight = -109 Accumulator before = -21.5
  [PE 2] Accumulator after  = -2.5
  [PE 3] Weight = -67 Accumulator before = 15.25
  [PE 3] Accumulator after  = 12.25
  [PE 4] Weight = -8 Accumulator before = -15
  [PE 4] Accumulator after  = -23
[DEBUG] Tile = 3, Mask = 0b11111111
  [PE 0] Weight = -38 Accumulator before = -10
  [PE 0] Accumulator after  = 16
  [PE 1] Weight = 2 Accumulator before = -2
  [PE 1] Accumulator after  = 0
  [PE 2] Weight = 1 Accumulator before = -2.5
  [PE 2] Accumulator after  = -1.5
  [PE 3] Weight = 8 Accumulator before = 12.25
  [PE 3] Accumulator after  = 20.25
  [PE 4] Weight = 1 Accumulator before = -23
  [PE 4] Accumulator after  = -22
[DEBUG] Tile = 4, Mask = 0b11111111
  [PE 0] Weight = 14 Accumulator before = 16
  [PE 0] Accumulator after  = 30
  [PE 1] Weight = 3 Accumulator before = 0
  [PE 1] Accumulator after  = 3
  [PE 2] Weight = 10 Accumulator before = -1.5
  [PE 2] Accumulator after  = 8.5
  [PE 3] Weight = -8 Accumulator before = 20.25
  [PE 3] Accumulator after  = 12.25
  [PE 4] Weight = -15 Accumulator before = -22
  [PE 4] Accumulator after  = 27
[DEBUG] Tile = 5, Mask = 0b11111111
  [PE 0] Weight = 29 Accumulator before = 30
  [PE 0] Accumulator after  = -5
  [PE 1] Weight = 32 Accumulator before = 3
  [PE 1] Accumulator after  = -29
  [PE 2] Weight = -82 Accumulator before = 8.5
  [PE 2] Accumulator after  = -9.5
  [PE 3] Weight = -25 Accumulator before = 12.25
  [PE 3] Accumulator after  = -12.75
  [PE 4] Weight = 5 Accumulator before = 27
  [PE 4] Accumulator after  = -32
[DEBUG] Tile = 6, Mask = 0b11111111
  [PE 0] Weight = -36 Accumulator before = -5
  [PE 0] Accumulator after  = 23
  [PE 1] Weight = -51 Accumulator before = -29
  [PE 1] Accumulator after  = -16
  [PE 2] Weight = 9 Accumulator before = -9.5
  [PE 2] Accumulator after  = -0.5
  [PE 3] Weight = 3 Accumulator before = -12.75
  [PE 3] Accumulator after  = -9.75
  [PE 4] Weight = 4 Accumulator before = -32
  [PE 4] Accumulator after  = -28
[DEBUG] Tile = 7, Mask = 0b11111111
  [PE 0] Weight = 26 Accumulator before = 23
  [PE 0] Accumulator after  = -15
  [PE 1] Weight = -8 Accumulator before = -16
  [PE 1] Accumulator after  = -24
  [PE 2] Weight = 10 Accumulator before = -0.5
  [PE 2] Accumulator after  = 9.5
  [PE 3] Weight = 6 Accumulator before = -9.75
  [PE 3] Accumulator after  = -3.75
  [PE 4] Weight = 2 Accumulator before = -28
  [PE 4] Accumulator after  = -26
[THRESHOLD DEBUG] acc=-15 > threshold=1 => NO: no spike
[THRESHOLD DEBUG] acc=-24 > threshold=1 => NO: no spike
[THRESHOLD DEBUG] acc=9.5 > threshold=1 => YES: SPIKE
[THRESHOLD DEBUG] acc=-3.75 > threshold=1 => NO: no spike
[THRESHOLD DEBUG] acc=-26 > threshold=1 => NO: no spike
[DEBUG] Tile = 0, Mask = 0b11111111
  [PE 0] Weight = 5 Accumulator before = -13.125
  [PE 0] Accumulator after  = -8.125
  [PE 1] Weight = 18 Accumulator before = -25
  [PE 1] Accumulator after  = -7
  [PE 2] Weight = -11 Accumulator before = 0
  [PE 2] Accumulator after  = -11
  [PE 3] Weight = -26 Accumulator before = -3.28125
  [PE 3] Accumulator after  = -29.2812
  [PE 4] Weight = 2 Accumulator before = -26.75
  [PE 4] Accumulator after  = -24.75
[DEBUG] Tile = 1, Mask = 0b11111111
  [PE 0] Weight = -15 Accumulator before = -8.125
  [PE 0] Accumulator after  = -23.125
  [PE 1] Weight = -12 Accumulator before = -7
  [PE 1] Accumulator after  = -19
  [PE 2] Weight = 0 Accumulator before = -11
  [PE 2] Accumulator after  = -11
  [PE 3] Weight = -21 Accumulator before = -29.2812
  [PE 3] Accumulator after  = 13.7188
  [PE 4] Weight = -81 Accumulator before = -24.75
  [PE 4] Accumulator after  = 22.25
[DEBUG] Tile = 2, Mask = 0b11111111
  [PE 0] Weight = 0 Accumulator before = -23.125
  [PE 0] Accumulator after  = -23.125
  [PE 1] Weight = -8 Accumulator before = -19
  [PE 1] Accumulator after  = -27
  [PE 2] Weight = -109 Accumulator before = -11
  [PE 2] Accumulator after  = 8
  [PE 3] Weight = -67 Accumulator before = 13.7188
  [PE 3] Accumulator after  = 10.7188
  [PE 4] Weight = -8 Accumulator before = 22.25
  [PE 4] Accumulator after  = 14.25
[DEBUG] Tile = 3, Mask = 0b11111111
  [PE 0] Weight = -38 Accumulator before = -23.125
  [PE 0] Accumulator after  = 2.875
  [PE 1] Weight = 2 Accumulator before = -27
  [PE 1] Accumulator after  = -25
  [PE 2] Weight = 1 Accumulator before = 8
  [PE 2] Accumulator after  = 9
  [PE 3] Weight = 8 Accumulator before = 10.7188
  [PE 3] Accumulator after  = 18.7188
  [PE 4] Weight = 1 Accumulator before = 14.25
  [PE 4] Accumulator after  = 15.25
WARNING: Hls::stream 'input' is read while empty, which may result in RTL simulation hanging.
[DEBUG] Tile = 4, Mask = 0b10100000
  [PE 0] Weight = 0 Accumulator before = 2.875
  [PE 0] Accumulator after  = 2.875
  [PE 1] Weight = 0 Accumulator before = -25
  [PE 1] Accumulator after  = -25
  [PE 2] Weight = 0 Accumulator before = 9
  [PE 2] Accumulator after  = 9
  [PE 3] Weight = -2 Accumulator before = 18.7188
  [PE 3] Accumulator after  = 16.7188
  [PE 4] Weight = -2 Accumulator before = 15.25
  [PE 4] Accumulator after  = 13.25
WARNING: Hls::stream 'input' is read while empty, which may result in RTL simulation hanging.
[DEBUG] Tile = 5, Mask = 0b10100000
  [PE 0] Weight = 0 Accumulator before = 2.875
  [PE 0] Accumulator after  = 2.875
  [PE 1] Weight = 0 Accumulator before = -25
  [PE 1] Accumulator after  = -25
  [PE 2] Weight = -2 Accumulator before = 9
  [PE 2] Accumulator after  = 7
  [PE 3] Weight = -2 Accumulator before = 16.7188
  [PE 3] Accumulator after  = 14.7188
  [PE 4] Weight = 0 Accumulator before = 13.25
  [PE 4] Accumulator after  = 13.25
WARNING: Hls::stream 'input' is read while empty, which may result in RTL simulation hanging.
[DEBUG] Tile = 6, Mask = 0b10100000
  [PE 0] Weight = -2 Accumulator before = 2.875
  [PE 0] Accumulator after  = 0.875
  [PE 1] Weight = -2 Accumulator before = -25
  [PE 1] Accumulator after  = -27
  [PE 2] Weight = 0 Accumulator before = 7
  [PE 2] Accumulator after  = 7
  [PE 3] Weight = 0 Accumulator before = 14.7188
  [PE 3] Accumulator after  = 14.7188
  [PE 4] Weight = 0 Accumulator before = 13.25
  [PE 4] Accumulator after  = 13.25
WARNING: Hls::stream 'input' is read while empty, which may result in RTL simulation hanging.
[DEBUG] Tile = 7, Mask = 0b10100000
  [PE 0] Weight = 0 Accumulator before = 0.875
  [PE 0] Accumulator after  = 0.875
  [PE 1] Weight = -2 Accumulator before = -27
  [PE 1] Accumulator after  = -29
  [PE 2] Weight = 0 Accumulator before = 7
  [PE 2] Accumulator after  = 7
  [PE 3] Weight = 0 Accumulator before = 14.7188
  [PE 3] Accumulator after  = 14.7188
  [PE 4] Weight = 0 Accumulator before = 13.25
  [PE 4] Accumulator after  = 13.25
[THRESHOLD DEBUG] acc=0.875 > threshold=1 => NO: no spike
[THRESHOLD DEBUG] acc=-29 > threshold=1 => NO: no spike
[THRESHOLD DEBUG] acc=7 > threshold=1 => YES: SPIKE
[THRESHOLD DEBUG] acc=14.7188 > threshold=1 => YES: SPIKE
[THRESHOLD DEBUG] acc=13.25 > threshold=1 => YES: SPIKE
WARNING: Hls::stream 'input' is read while empty, which may result in RTL simulation hanging.
[DEBUG] Tile = 0, Mask = 0b10100000
  [PE 0] Weight = 0 Accumulator before = 0.765625
  [PE 0] Accumulator after  = 0.765625
  [PE 1] Weight = 0 Accumulator before = -29.375
  [PE 1] Accumulator after  = -29.375
  [PE 2] Weight = -2 Accumulator before = 0
  [PE 2] Accumulator after  = -2
  [PE 3] Weight = -2 Accumulator before = 0
  [PE 3] Accumulator after  = -2
  [PE 4] Weight = 0 Accumulator before = 0
  [PE 4] Accumulator after  = 0
WARNING: Hls::stream 'input' is read while empty, which may result in RTL simulation hanging.
[DEBUG] Tile = 1, Mask = 0b10100000
  [PE 0] Weight = -2 Accumulator before = 0.765625
  [PE 0] Accumulator after  = -1.23438
  [PE 1] Weight = -2 Accumulator before = -29.375
  [PE 1] Accumulator after  = -31.375
  [PE 2] Weight = 0 Accumulator before = -2
  [PE 2] Accumulator after  = -2
  [PE 3] Weight = -2 Accumulator before = -2
  [PE 3] Accumulator after  = -4
  [PE 4] Weight = -2 Accumulator before = 0
  [PE 4] Accumulator after  = -2
WARNING: Hls::stream 'input' is read while empty, which may result in RTL simulation hanging.
[DEBUG] Tile = 2, Mask = 0b10100000
  [PE 0] Weight = 0 Accumulator before = -1.23438
  [PE 0] Accumulator after  = -1.23438
  [PE 1] Weight = -2 Accumulator before = -31.375
  [PE 1] Accumulator after  = 30.625
  [PE 2] Weight = -2 Accumulator before = -2
  [PE 2] Accumulator after  = -4
  [PE 3] Weight = -2 Accumulator before = -4
  [PE 3] Accumulator after  = -6
  [PE 4] Weight = -2 Accumulator before = -2
  [PE 4] Accumulator after  = -4
WARNING: Hls::stream 'input' is read while empty, which may result in RTL simulation hanging.
[DEBUG] Tile = 3, Mask = 0b10100000
  [PE 0] Weight = -2 Accumulator before = -1.23438
  [PE 0] Accumulator after  = -3.23438
  [PE 1] Weight = 0 Accumulator before = 30.625
  [PE 1] Accumulator after  = 30.625
  [PE 2] Weight = 0 Accumulator before = -4
  [PE 2] Accumulator after  = -4
  [PE 3] Weight = 0 Accumulator before = -6
  [PE 3] Accumulator after  = -6
  [PE 4] Weight = 0 Accumulator before = -4
  [PE 4] Accumulator after  = -4
WARNING: Hls::stream 'input' is read while empty, which may result in RTL simulation hanging.
[DEBUG] Tile = 4, Mask = 0b10100000
  [PE 0] Weight = 0 Accumulator before = -3.23438
  [PE 0] Accumulator after  = -3.23438
  [PE 1] Weight = 0 Accumulator before = 30.625
  [PE 1] Accumulator after  = 30.625
  [PE 2] Weight = 0 Accumulator before = -4
  [PE 2] Accumulator after  = -4
  [PE 3] Weight = -2 Accumulator before = -6
  [PE 3] Accumulator after  = -8
  [PE 4] Weight = -2 Accumulator before = -4
  [PE 4] Accumulator after  = -6
WARNING: Hls::stream 'input' is read while empty, which may result in RTL simulation hanging.
[DEBUG] Tile = 5, Mask = 0b10100000
  [PE 0] Weight = 0 Accumulator before = -3.23438
  [PE 0] Accumulator after  = -3.23438
  [PE 1] Weight = 0 Accumulator before = 30.625
  [PE 1] Accumulator after  = 30.625
  [PE 2] Weight = -2 Accumulator before = -4
  [PE 2] Accumulator after  = -6
  [PE 3] Weight = -2 Accumulator before = -8
  [PE 3] Accumulator after  = -10
  [PE 4] Weight = 0 Accumulator before = -6
  [PE 4] Accumulator after  = -6
WARNING: Hls::stream 'input' is read while empty, which may result in RTL simulation hanging.
[DEBUG] Tile = 6, Mask = 0b10100000
  [PE 0] Weight = -2 Accumulator before = -3.23438
  [PE 0] Accumulator after  = -5.23438
  [PE 1] Weight = -2 Accumulator before = 30.625
  [PE 1] Accumulator after  = 28.625
  [PE 2] Weight = 0 Accumulator before = -6
  [PE 2] Accumulator after  = -6
  [PE 3] Weight = 0 Accumulator before = -10
  [PE 3] Accumulator after  = -10
  [PE 4] Weight = 0 Accumulator before = -6
  [PE 4] Accumulator after  = -6
WARNING: Hls::stream 'input' is read while empty, which may result in RTL simulation hanging.
[DEBUG] Tile = 7, Mask = 0b10100000
  [PE 0] Weight = 0 Accumulator before = -5.23438
  [PE 0] Accumulator after  = -5.23438
  [PE 1] Weight = -2 Accumulator before = 28.625
  [PE 1] Accumulator after  = 26.625
  [PE 2] Weight = 0 Accumulator before = -6
  [PE 2] Accumulator after  = -6
  [PE 3] Weight = 0 Accumulator before = -10
  [PE 3] Accumulator after  = -10
  [PE 4] Weight = 0 Accumulator before = -6
  [PE 4] Accumulator after  = -6
[THRESHOLD DEBUG] acc=-5.23438 > threshold=1 => NO: no spike
[THRESHOLD DEBUG] acc=26.625 > threshold=1 => YES: SPIKE
[THRESHOLD DEBUG] acc=-6 > threshold=1 => NO: no spike
[THRESHOLD DEBUG] acc=-10 > threshold=1 => NO: no spike
[THRESHOLD DEBUG] acc=-6 > threshold=1 => NO: no spike
WARNING: Hls::stream 'input' is read while empty, which may result in RTL simulation hanging.
[DEBUG] Tile = 0, Mask = 0b10100000
  [PE 0] Weight = 0 Accumulator before = -4.58008
  [PE 0] Accumulator after  = -4.58008
  [PE 1] Weight = 0 Accumulator before = 0
  [PE 1] Accumulator after  = 0
  [PE 2] Weight = -2 Accumulator before = -5.25
  [PE 2] Accumulator after  = -7.25
  [PE 3] Weight = -2 Accumulator before = -8.75
  [PE 3] Accumulator after  = -10.75
  [PE 4] Weight = 0 Accumulator before = -5.25
  [PE 4] Accumulator after  = -5.25
WARNING: Hls::stream 'input' is read while empty, which may result in RTL simulation hanging.
[DEBUG] Tile = 1, Mask = 0b10100000
  [PE 0] Weight = -2 Accumulator before = -4.58008
  [PE 0] Accumulator after  = -6.58008
  [PE 1] Weight = -2 Accumulator before = 0
  [PE 1] Accumulator after  = -2
  [PE 2] Weight = 0 Accumulator before = -7.25
  [PE 2] Accumulator after  = -7.25
  [PE 3] Weight = -2 Accumulator before = -10.75
  [PE 3] Accumulator after  = -12.75
  [PE 4] Weight = -2 Accumulator before = -5.25
  [PE 4] Accumulator after  = -7.25
WARNING: Hls::stream 'input' is read while empty, which may result in RTL simulation hanging.
[DEBUG] Tile = 2, Mask = 0b10100000
  [PE 0] Weight = 0 Accumulator before = -6.58008
  [PE 0] Accumulator after  = -6.58008
  [PE 1] Weight = -2 Accumulator before = -2
  [PE 1] Accumulator after  = -4
  [PE 2] Weight = -2 Accumulator before = -7.25
  [PE 2] Accumulator after  = -9.25
  [PE 3] Weight = -2 Accumulator before = -12.75
  [PE 3] Accumulator after  = -14.75
  [PE 4] Weight = -2 Accumulator before = -7.25
  [PE 4] Accumulator after  = -9.25
WARNING: Hls::stream 'input' is read while empty, which may result in RTL simulation hanging.
[DEBUG] Tile = 3, Mask = 0b10100000
  [PE 0] Weight = -2 Accumulator before = -6.58008
  [PE 0] Accumulator after  = -8.58008
  [PE 1] Weight = 0 Accumulator before = -4
  [PE 1] Accumulator after  = -4
  [PE 2] Weight = 0 Accumulator before = -9.25
  [PE 2] Accumulator after  = -9.25
  [PE 3] Weight = 0 Accumulator before = -14.75
  [PE 3] Accumulator after  = -14.75
  [PE 4] Weight = 0 Accumulator before = -9.25
  [PE 4] Accumulator after  = -9.25
WARNING: Hls::stream 'input' is read while empty, which may result in RTL simulation hanging.
[DEBUG] Tile = 4, Mask = 0b10100000
  [PE 0] Weight = 0 Accumulator before = -8.58008
  [PE 0] Accumulator after  = -8.58008
  [PE 1] Weight = 0 Accumulator before = -4
  [PE 1] Accumulator after  = -4
  [PE 2] Weight = 0 Accumulator before = -9.25
  [PE 2] Accumulator after  = -9.25
  [PE 3] Weight = -2 Accumulator before = -14.75
  [PE 3] Accumulator after  = -16.75
  [PE 4] Weight = -2 Accumulator before = -9.25
  [PE 4] Accumulator after  = -11.25
WARNING: Hls::stream 'input' is read while empty, which may result in RTL simulation hanging.
[DEBUG] Tile = 5, Mask = 0b10100000
  [PE 0] Weight = 0 Accumulator before = -8.58008
  [PE 0] Accumulator after  = -8.58008
  [PE 1] Weight = 0 Accumulator before = -4
  [PE 1] Accumulator after  = -4
  [PE 2] Weight = -2 Accumulator before = -9.25
  [PE 2] Accumulator after  = -11.25
  [PE 3] Weight = -2 Accumulator before = -16.75
  [PE 3] Accumulator after  = -18.75
  [PE 4] Weight = 0 Accumulator before = -11.25
  [PE 4] Accumulator after  = -11.25
WARNING: Hls::stream 'input' is read while empty, which may result in RTL simulation hanging.
[DEBUG] Tile = 6, Mask = 0b10100000
  [PE 0] Weight = -2 Accumulator before = -8.58008
  [PE 0] Accumulator after  = -10.5801
  [PE 1] Weight = -2 Accumulator before = -4
  [PE 1] Accumulator after  = -6
  [PE 2] Weight = 0 Accumulator before = -11.25
  [PE 2] Accumulator after  = -11.25
  [PE 3] Weight = 0 Accumulator before = -18.75
  [PE 3] Accumulator after  = -18.75
  [PE 4] Weight = 0 Accumulator before = -11.25
  [PE 4] Accumulator after  = -11.25
WARNING: Hls::stream 'input' is read while empty, which may result in RTL simulation hanging.
[DEBUG] Tile = 7, Mask = 0b10100000
  [PE 0] Weight = 0 Accumulator before = -10.5801
  [PE 0] Accumulator after  = -10.5801
  [PE 1] Weight = -2 Accumulator before = -6
  [PE 1] Accumulator after  = -8
  [PE 2] Weight = 0 Accumulator before = -11.25
  [PE 2] Accumulator after  = -11.25
  [PE 3] Weight = 0 Accumulator before = -18.75
  [PE 3] Accumulator after  = -18.75
  [PE 4] Weight = 0 Accumulator before = -11.25
  [PE 4] Accumulator after  = -11.25
[THRESHOLD DEBUG] acc=-10.5801 > threshold=1 => NO: no spike
[THRESHOLD DEBUG] acc=-8 > threshold=1 => NO: no spike
[THRESHOLD DEBUG] acc=-11.25 > threshold=1 => NO: no spike
[THRESHOLD DEBUG] acc=-18.75 > threshold=1 => NO: no spike
[THRESHOLD DEBUG] acc=-11.25 > threshold=1 => NO: no spike
WARNING: Hls::stream 'input' is read while empty, which may result in RTL simulation hanging.
[DEBUG] Tile = 0, Mask = 0b10100000
  [PE 0] Weight = 0 Accumulator before = -9.25684
  [PE 0] Accumulator after  = -9.25684
  [PE 1] Weight = 0 Accumulator before = -7
  [PE 1] Accumulator after  = -7
  [PE 2] Weight = -2 Accumulator before = -9.84375
  [PE 2] Accumulator after  = -11.8438
  [PE 3] Weight = -2 Accumulator before = -20.4062
  [PE 3] Accumulator after  = -22.4062
  [PE 4] Weight = 0 Accumulator before = -9.84375
  [PE 4] Accumulator after  = -9.84375
WARNING: Hls::stream 'input' is read while empty, which may result in RTL simulation hanging.
[DEBUG] Tile = 1, Mask = 0b10100000
  [PE 0] Weight = -2 Accumulator before = -9.25684
  [PE 0] Accumulator after  = -11.2568
  [PE 1] Weight = -2 Accumulator before = -7
  [PE 1] Accumulator after  = -9
  [PE 2] Weight = 0 Accumulator before = -11.8438
  [PE 2] Accumulator after  = -11.8438
  [PE 3] Weight = -2 Accumulator before = -22.4062
  [PE 3] Accumulator after  = -24.4062
  [PE 4] Weight = -2 Accumulator before = -9.84375
  [PE 4] Accumulator after  = -11.8438
WARNING: Hls::stream 'input' is read while empty, which may result in RTL simulation hanging.
[DEBUG] Tile = 2, Mask = 0b10100000
  [PE 0] Weight = 0 Accumulator before = -11.2568
  [PE 0] Accumulator after  = -11.2568
  [PE 1] Weight = -2 Accumulator before = -9
  [PE 1] Accumulator after  = -11
  [PE 2] Weight = -2 Accumulator before = -11.8438
  [PE 2] Accumulator after  = -13.8438
  [PE 3] Weight = -2 Accumulator before = -24.4062
  [PE 3] Accumulator after  = -26.4062
  [PE 4] Weight = -2 Accumulator before = -11.8438
  [PE 4] Accumulator after  = -13.8438
WARNING: Hls::stream 'input' is read while empty, which may result in RTL simulation hanging.
[DEBUG] Tile = 3, Mask = 0b10100000
  [PE 0] Weight = -2 Accumulator before = -11.2568
  [PE 0] Accumulator after  = -13.2568
  [PE 1] Weight = 0 Accumulator before = -11
  [PE 1] Accumulator after  = -11
  [PE 2] Weight = 0 Accumulator before = -13.8438
  [PE 2] Accumulator after  = -13.8438
  [PE 3] Weight = 0 Accumulator before = -26.4062
  [PE 3] Accumulator after  = -26.4062
  [PE 4] Weight = 0 Accumulator before = -13.8438
  [PE 4] Accumulator after  = -13.8438
WARNING: Hls::stream 'input' is read while empty, which may result in RTL simulation hanging.
[DEBUG] Tile = 4, Mask = 0b10100000
  [PE 0] Weight = 0 Accumulator before = -13.2568
  [PE 0] Accumulator after  = -13.2568
  [PE 1] Weight = 0 Accumulator before = -11
  [PE 1] Accumulator after  = -11
  [PE 2] Weight = 0 Accumulator before = -13.8438
  [PE 2] Accumulator after  = -13.8438
  [PE 3] Weight = -2 Accumulator before = -26.4062
  [PE 3] Accumulator after  = -28.4062
  [PE 4] Weight = -2 Accumulator before = -13.8438
  [PE 4] Accumulator after  = -15.8438
WARNING: Hls::stream 'input' is read while empty, which may result in RTL simulation hanging.
[DEBUG] Tile = 5, Mask = 0b10100000
  [PE 0] Weight = 0 Accumulator before = -13.2568
  [PE 0] Accumulator after  = -13.2568
  [PE 1] Weight = 0 Accumulator before = -11
  [PE 1] Accumulator after  = -11
  [PE 2] Weight = -2 Accumulator before = -13.8438
  [PE 2] Accumulator after  = -15.8438
  [PE 3] Weight = -2 Accumulator before = -28.4062
  [PE 3] Accumulator after  = -30.4062
  [PE 4] Weight = 0 Accumulator before = -15.8438
  [PE 4] Accumulator after  = -15.8438
WARNING: Hls::stream 'input' is read while empty, which may result in RTL simulation hanging.
[DEBUG] Tile = 6, Mask = 0b10100000
  [PE 0] Weight = -2 Accumulator before = -13.2568
  [PE 0] Accumulator after  = -15.2568
  [PE 1] Weight = -2 Accumulator before = -11
  [PE 1] Accumulator after  = -13
  [PE 2] Weight = 0 Accumulator before = -15.8438
  [PE 2] Accumulator after  = -15.8438
  [PE 3] Weight = 0 Accumulator before = -30.4062
  [PE 3] Accumulator after  = -30.4062
  [PE 4] Weight = 0 Accumulator before = -15.8438
  [PE 4] Accumulator after  = -15.8438
WARNING: Hls::stream 'input' is read while empty, which may result in RTL simulation hanging.
[DEBUG] Tile = 7, Mask = 0b10100000
  [PE 0] Weight = 0 Accumulator before = -15.2568
  [PE 0] Accumulator after  = -15.2568
  [PE 1] Weight = -2 Accumulator before = -13
  [PE 1] Accumulator after  = -15
  [PE 2] Weight = 0 Accumulator before = -15.8438
  [PE 2] Accumulator after  = -15.8438
  [PE 3] Weight = 0 Accumulator before = -30.4062
  [PE 3] Accumulator after  = -30.4062
  [PE 4] Weight = 0 Accumulator before = -15.8438
  [PE 4] Accumulator after  = -15.8438
[THRESHOLD DEBUG] acc=-15.2568 > threshold=1 => NO: no spike
[THRESHOLD DEBUG] acc=-15 > threshold=1 => NO: no spike
[THRESHOLD DEBUG] acc=-15.8438 > threshold=1 => NO: no spike
[THRESHOLD DEBUG] acc=-30.4062 > threshold=1 => NO: no spike
[THRESHOLD DEBUG] acc=-15.8438 > threshold=1 => NO: no spike
WARNING: Hls::stream 'input' is read while empty, which may result in RTL simulation hanging.
[DEBUG] Tile = 0, Mask = 0b10100000
  [PE 0] Weight = 0 Accumulator before = -13.3496
  [PE 0] Accumulator after  = -13.3496
  [PE 1] Weight = 0 Accumulator before = -13.125
  [PE 1] Accumulator after  = -13.125
  [PE 2] Weight = -2 Accumulator before = -13.8633
  [PE 2] Accumulator after  = -15.8633
  [PE 3] Weight = -2 Accumulator before = -30.6055
  [PE 3] Accumulator after  = 31.3945
  [PE 4] Weight = 0 Accumulator before = -13.8633
  [PE 4] Accumulator after  = -13.8633
WARNING: Hls::stream 'input' is read while empty, which may result in RTL simulation hanging.
[DEBUG] Tile = 1, Mask = 0b10100000
  [PE 0] Weight = -2 Accumulator before = -13.3496
  [PE 0] Accumulator after  = -15.3496
  [PE 1] Weight = -2 Accumulator before = -13.125
  [PE 1] Accumulator after  = -15.125
  [PE 2] Weight = 0 Accumulator before = -15.8633
  [PE 2] Accumulator after  = -15.8633
  [PE 3] Weight = -2 Accumulator before = 31.3945
  [PE 3] Accumulator after  = 29.3945
  [PE 4] Weight = -2 Accumulator before = -13.8633
  [PE 4] Accumulator after  = -15.8633
WARNING: Hls::stream 'input' is read while empty, which may result in RTL simulation hanging.
[DEBUG] Tile = 2, Mask = 0b10100000
  [PE 0] Weight = 0 Accumulator before = -15.3496
  [PE 0] Accumulator after  = -15.3496
  [PE 1] Weight = -2 Accumulator before = -15.125
  [PE 1] Accumulator after  = -17.125
  [PE 2] Weight = -2 Accumulator before = -15.8633
  [PE 2] Accumulator after  = -17.8633
  [PE 3] Weight = -2 Accumulator before = 29.3945
  [PE 3] Accumulator after  = 27.3945
  [PE 4] Weight = -2 Accumulator before = -15.8633
  [PE 4] Accumulator after  = -17.8633
WARNING: Hls::stream 'input' is read while empty, which may result in RTL simulation hanging.
[DEBUG] Tile = 3, Mask = 0b10100000
  [PE 0] Weight = -2 Accumulator before = -15.3496
  [PE 0] Accumulator after  = -17.3496
  [PE 1] Weight = 0 Accumulator before = -17.125
  [PE 1] Accumulator after  = -17.125
  [PE 2] Weight = 0 Accumulator before = -17.8633
  [PE 2] Accumulator after  = -17.8633
  [PE 3] Weight = 0 Accumulator before = 27.3945
  [PE 3] Accumulator after  = 27.3945
  [PE 4] Weight = 0 Accumulator before = -17.8633
  [PE 4] Accumulator after  = -17.8633
WARNING: Hls::stream 'input' is read while empty, which may result in RTL simulation hanging.
[DEBUG] Tile = 4, Mask = 0b10100000
  [PE 0] Weight = 0 Accumulator before = -17.3496
  [PE 0] Accumulator after  = -17.3496
  [PE 1] Weight = 0 Accumulator before = -17.125
  [PE 1] Accumulator after  = -17.125
  [PE 2] Weight = 0 Accumulator before = -17.8633
  [PE 2] Accumulator after  = -17.8633
  [PE 3] Weight = -2 Accumulator before = 27.3945
  [PE 3] Accumulator after  = 25.3945
  [PE 4] Weight = -2 Accumulator before = -17.8633
  [PE 4] Accumulator after  = -19.8633
WARNING: Hls::stream 'input' is read while empty, which may result in RTL simulation hanging.
[DEBUG] Tile = 5, Mask = 0b10100000
  [PE 0] Weight = 0 Accumulator before = -17.3496
  [PE 0] Accumulator after  = -17.3496
  [PE 1] Weight = 0 Accumulator before = -17.125
  [PE 1] Accumulator after  = -17.125
  [PE 2] Weight = -2 Accumulator before = -17.8633
  [PE 2] Accumulator after  = -19.8633
  [PE 3] Weight = -2 Accumulator before = 25.3945
  [PE 3] Accumulator after  = 23.3945
  [PE 4] Weight = 0 Accumulator before = -19.8633
  [PE 4] Accumulator after  = -19.8633
WARNING: Hls::stream 'input' is read while empty, which may result in RTL simulation hanging.
[DEBUG] Tile = 6, Mask = 0b10100000
  [PE 0] Weight = -2 Accumulator before = -17.3496
  [PE 0] Accumulator after  = -19.3496
  [PE 1] Weight = -2 Accumulator before = -17.125
  [PE 1] Accumulator after  = -19.125
  [PE 2] Weight = 0 Accumulator before = -19.8633
  [PE 2] Accumulator after  = -19.8633
  [PE 3] Weight = 0 Accumulator before = 23.3945
  [PE 3] Accumulator after  = 23.3945
  [PE 4] Weight = 0 Accumulator before = -19.8633
  [PE 4] Accumulator after  = -19.8633
WARNING: Hls::stream 'input' is read while empty, which may result in RTL simulation hanging.
[DEBUG] Tile = 7, Mask = 0b10100000
  [PE 0] Weight = 0 Accumulator before = -19.3496
  [PE 0] Accumulator after  = -19.3496
  [PE 1] Weight = -2 Accumulator before = -19.125
  [PE 1] Accumulator after  = -21.125
  [PE 2] Weight = 0 Accumulator before = -19.8633
  [PE 2] Accumulator after  = -19.8633
  [PE 3] Weight = 0 Accumulator before = 23.3945
  [PE 3] Accumulator after  = 23.3945
  [PE 4] Weight = 0 Accumulator before = -19.8633
  [PE 4] Accumulator after  = -19.8633
[THRESHOLD DEBUG] acc=-19.3496 > threshold=1 => NO: no spike
[THRESHOLD DEBUG] acc=-21.125 > threshold=1 => NO: no spike
[THRESHOLD DEBUG] acc=-19.8633 > threshold=1 => NO: no spike
[THRESHOLD DEBUG] acc=23.3945 > threshold=1 => YES: SPIKE
[THRESHOLD DEBUG] acc=-19.8633 > threshold=1 => NO: no spike
WARNING: Hls::stream 'input' is read while empty, which may result in RTL simulation hanging.
[DEBUG] Tile = 0, Mask = 0b10100000
  [PE 0] Weight = 0 Accumulator before = -20.9307
  [PE 0] Accumulator after  = -20.9307
  [PE 1] Weight = 0 Accumulator before = -22.4844
  [PE 1] Accumulator after  = -22.4844
  [PE 2] Weight = -2 Accumulator before = -21.3799
  [PE 2] Accumulator after  = -23.3799
  [PE 3] Weight = -2 Accumulator before = 0
  [PE 3] Accumulator after  = -2
  [PE 4] Weight = 0 Accumulator before = -21.3799
  [PE 4] Accumulator after  = -21.3799
WARNING: Hls::stream 'input' is read while empty, which may result in RTL simulation hanging.
[DEBUG] Tile = 1, Mask = 0b10100000
  [PE 0] Weight = -2 Accumulator before = -20.9307
  [PE 0] Accumulator after  = -22.9307
  [PE 1] Weight = -2 Accumulator before = -22.4844
  [PE 1] Accumulator after  = -24.4844
  [PE 2] Weight = 0 Accumulator before = -23.3799
  [PE 2] Accumulator after  = -23.3799
  [PE 3] Weight = -2 Accumulator before = -2
  [PE 3] Accumulator after  = -4
  [PE 4] Weight = -2 Accumulator before = -21.3799
  [PE 4] Accumulator after  = -23.3799
WARNING: Hls::stream 'input' is read while empty, which may result in RTL simulation hanging.
[DEBUG] Tile = 2, Mask = 0b10100000
  [PE 0] Weight = 0 Accumulator before = -22.9307
  [PE 0] Accumulator after  = -22.9307
  [PE 1] Weight = -2 Accumulator before = -24.4844
  [PE 1] Accumulator after  = -26.4844
  [PE 2] Weight = -2 Accumulator before = -23.3799
  [PE 2] Accumulator after  = -25.3799
  [PE 3] Weight = -2 Accumulator before = -4
  [PE 3] Accumulator after  = -6
  [PE 4] Weight = -2 Accumulator before = -23.3799
  [PE 4] Accumulator after  = -25.3799
WARNING: Hls::stream 'input' is read while empty, which may result in RTL simulation hanging.
[DEBUG] Tile = 3, Mask = 0b10100000
  [PE 0] Weight = -2 Accumulator before = -22.9307
  [PE 0] Accumulator after  = -24.9307
  [PE 1] Weight = 0 Accumulator before = -26.4844
  [PE 1] Accumulator after  = -26.4844
  [PE 2] Weight = 0 Accumulator before = -25.3799
  [PE 2] Accumulator after  = -25.3799
  [PE 3] Weight = 0 Accumulator before = -6
  [PE 3] Accumulator after  = -6
  [PE 4] Weight = 0 Accumulator before = -25.3799
  [PE 4] Accumulator after  = -25.3799
WARNING: Hls::stream 'input' is read while empty, which may result in RTL simulation hanging.
[DEBUG] Tile = 4, Mask = 0b10100000
  [PE 0] Weight = 0 Accumulator before = -24.9307
  [PE 0] Accumulator after  = -24.9307
  [PE 1] Weight = 0 Accumulator before = -26.4844
  [PE 1] Accumulator after  = -26.4844
  [PE 2] Weight = 0 Accumulator before = -25.3799
  [PE 2] Accumulator after  = -25.3799
  [PE 3] Weight = -2 Accumulator before = -6
  [PE 3] Accumulator after  = -8
  [PE 4] Weight = -2 Accumulator before = -25.3799
  [PE 4] Accumulator after  = -27.3799
WARNING: Hls::stream 'input' is read while empty, which may result in RTL simulation hanging.
[DEBUG] Tile = 5, Mask = 0b10100000
  [PE 0] Weight = 0 Accumulator before = -24.9307
  [PE 0] Accumulator after  = -24.9307
  [PE 1] Weight = 0 Accumulator before = -26.4844
  [PE 1] Accumulator after  = -26.4844
  [PE 2] Weight = -2 Accumulator before = -25.3799
  [PE 2] Accumulator after  = -27.3799
  [PE 3] Weight = -2 Accumulator before = -8
  [PE 3] Accumulator after  = -10
  [PE 4] Weight = 0 Accumulator before = -27.3799
  [PE 4] Accumulator after  = -27.3799
WARNING: Hls::stream 'input' is read while empty, which may result in RTL simulation hanging.
[DEBUG] Tile = 6, Mask = 0b10100000
  [PE 0] Weight = -2 Accumulator before = -24.9307
  [PE 0] Accumulator after  = -26.9307
  [PE 1] Weight = -2 Accumulator before = -26.4844
  [PE 1] Accumulator after  = -28.4844
  [PE 2] Weight = 0 Accumulator before = -27.3799
  [PE 2] Accumulator after  = -27.3799
  [PE 3] Weight = 0 Accumulator before = -10
  [PE 3] Accumulator after  = -10
  [PE 4] Weight = 0 Accumulator before = -27.3799
  [PE 4] Accumulator after  = -27.3799
WARNING: Hls::stream 'input' is read while empty, which may result in RTL simulation hanging.
[DEBUG] Tile = 7, Mask = 0b10100000
  [PE 0] Weight = 0 Accumulator before = -26.9307
  [PE 0] Accumulator after  = -26.9307
  [PE 1] Weight = -2 Accumulator before = -28.4844
  [PE 1] Accumulator after  = -30.4844
  [PE 2] Weight = 0 Accumulator before = -27.3799
  [PE 2] Accumulator after  = -27.3799
  [PE 3] Weight = 0 Accumulator before = -10
  [PE 3] Accumulator after  = -10
  [PE 4] Weight = 0 Accumulator before = -27.3799
  [PE 4] Accumulator after  = -27.3799
[THRESHOLD DEBUG] acc=-26.9307 > threshold=1 => NO: no spike
[THRESHOLD DEBUG] acc=-30.4844 > threshold=1 => NO: no spike
[THRESHOLD DEBUG] acc=-27.3799 > threshold=1 => NO: no spike
[THRESHOLD DEBUG] acc=-10 > threshold=1 => NO: no spike
[THRESHOLD DEBUG] acc=-27.3799 > threshold=1 => NO: no spike
WARNING: Hls::stream 'input' is read while empty, which may result in RTL simulation hanging.
[DEBUG] Tile = 0, Mask = 0b10100000
  [PE 0] Weight = 0 Accumulator before = -27.5635
  [PE 0] Accumulator after  = -27.5635
  [PE 1] Weight = 0 Accumulator before = -30.6738
  [PE 1] Accumulator after  = -30.6738
  [PE 2] Weight = -2 Accumulator before = -27.957
  [PE 2] Accumulator after  = -29.957
  [PE 3] Weight = -2 Accumulator before = -8.75
  [PE 3] Accumulator after  = -10.75
  [PE 4] Weight = 0 Accumulator before = -27.957
  [PE 4] Accumulator after  = -27.957
WARNING: Hls::stream 'input' is read while empty, which may result in RTL simulation hanging.
[DEBUG] Tile = 1, Mask = 0b10100000
  [PE 0] Weight = -2 Accumulator before = -27.5635
  [PE 0] Accumulator after  = -29.5635
  [PE 1] Weight = -2 Accumulator before = -30.6738
  [PE 1] Accumulator after  = 31.3262
  [PE 2] Weight = 0 Accumulator before = -29.957
  [PE 2] Accumulator after  = -29.957
  [PE 3] Weight = -2 Accumulator before = -10.75
  [PE 3] Accumulator after  = -12.75
  [PE 4] Weight = -2 Accumulator before = -27.957
  [PE 4] Accumulator after  = -29.957
WARNING: Hls::stream 'input' is read while empty, which may result in RTL simulation hanging.
[DEBUG] Tile = 2, Mask = 0b10100000
  [PE 0] Weight = 0 Accumulator before = -29.5635
  [PE 0] Accumulator after  = -29.5635
  [PE 1] Weight = -2 Accumulator before = 31.3262
  [PE 1] Accumulator after  = 29.3262
  [PE 2] Weight = -2 Accumulator before = -29.957
  [PE 2] Accumulator after  = -31.957
  [PE 3] Weight = -2 Accumulator before = -12.75
  [PE 3] Accumulator after  = -14.75
  [PE 4] Weight = -2 Accumulator before = -29.957
  [PE 4] Accumulator after  = -31.957
WARNING: Hls::stream 'input' is read while empty, which may result in RTL simulation hanging.
[DEBUG] Tile = 3, Mask = 0b10100000
  [PE 0] Weight = -2 Accumulator before = -29.5635
  [PE 0] Accumulator after  = -31.5635
  [PE 1] Weight = 0 Accumulator before = 29.3262
  [PE 1] Accumulator after  = 29.3262
  [PE 2] Weight = 0 Accumulator before = -31.957
  [PE 2] Accumulator after  = -31.957
  [PE 3] Weight = 0 Accumulator before = -14.75
  [PE 3] Accumulator after  = -14.75
  [PE 4] Weight = 0 Accumulator before = -31.957
  [PE 4] Accumulator after  = -31.957
WARNING: Hls::stream 'input' is read while empty, which may result in RTL simulation hanging.
[DEBUG] Tile = 4, Mask = 0b10100000
  [PE 0] Weight = 0 Accumulator before = -31.5635
  [PE 0] Accumulator after  = -31.5635
  [PE 1] Weight = 0 Accumulator before = 29.3262
  [PE 1] Accumulator after  = 29.3262
  [PE 2] Weight = 0 Accumulator before = -31.957
  [PE 2] Accumulator after  = -31.957
  [PE 3] Weight = -2 Accumulator before = -14.75
  [PE 3] Accumulator after  = -16.75
  [PE 4] Weight = -2 Accumulator before = -31.957
  [PE 4] Accumulator after  = 30.043
WARNING: Hls::stream 'input' is read while empty, which may result in RTL simulation hanging.
[DEBUG] Tile = 5, Mask = 0b10100000
  [PE 0] Weight = 0 Accumulator before = -31.5635
  [PE 0] Accumulator after  = -31.5635
  [PE 1] Weight = 0 Accumulator before = 29.3262
  [PE 1] Accumulator after  = 29.3262
  [PE 2] Weight = -2 Accumulator before = -31.957
  [PE 2] Accumulator after  = 30.043
  [PE 3] Weight = -2 Accumulator before = -16.75
  [PE 3] Accumulator after  = -18.75
  [PE 4] Weight = 0 Accumulator before = 30.043
  [PE 4] Accumulator after  = 30.043
WARNING: Hls::stream 'input' is read while empty, which may result in RTL simulation hanging.
[DEBUG] Tile = 6, Mask = 0b10100000
  [PE 0] Weight = -2 Accumulator before = -31.5635
  [PE 0] Accumulator after  = 30.4365
  [PE 1] Weight = -2 Accumulator before = 29.3262
  [PE 1] Accumulator after  = 27.3262
  [PE 2] Weight = 0 Accumulator before = 30.043
  [PE 2] Accumulator after  = 30.043
  [PE 3] Weight = 0 Accumulator before = -18.75
  [PE 3] Accumulator after  = -18.75
  [PE 4] Weight = 0 Accumulator before = 30.043
  [PE 4] Accumulator after  = 30.043
WARNING: Hls::stream 'input' is read while empty, which may result in RTL simulation hanging.
[DEBUG] Tile = 7, Mask = 0b10100000
  [PE 0] Weight = 0 Accumulator before = 30.4365
  [PE 0] Accumulator after  = 30.4365
  [PE 1] Weight = -2 Accumulator before = 27.3262
  [PE 1] Accumulator after  = 25.3262
  [PE 2] Weight = 0 Accumulator before = 30.043
  [PE 2] Accumulator after  = 30.043
  [PE 3] Weight = 0 Accumulator before = -18.75
  [PE 3] Accumulator after  = -18.75
  [PE 4] Weight = 0 Accumulator before = 30.043
  [PE 4] Accumulator after  = 30.043
[THRESHOLD DEBUG] acc=30.4365 > threshold=1 => YES: SPIKE
[THRESHOLD DEBUG] acc=25.3262 > threshold=1 => YES: SPIKE
[THRESHOLD DEBUG] acc=30.043 > threshold=1 => YES: SPIKE
[THRESHOLD DEBUG] acc=-18.75 > threshold=1 => NO: no spike
[THRESHOLD DEBUG] acc=30.043 > threshold=1 => YES: SPIKE
WARNING: Hls::stream 'input' is read while empty, which may result in RTL simulation hanging.
[DEBUG] Tile = 0, Mask = 0b10100000
  [PE 0] Weight = 0 Accumulator before = 0
  [PE 0] Accumulator after  = 0
  [PE 1] Weight = 0 Accumulator before = 0
  [PE 1] Accumulator after  = 0
  [PE 2] Weight = -2 Accumulator before = 0
  [PE 2] Accumulator after  = -2
  [PE 3] Weight = -2 Accumulator before = -20.4062
  [PE 3] Accumulator after  = -22.4062
  [PE 4] Weight = 0 Accumulator before = 0
  [PE 4] Accumulator after  = 0
WARNING: Hls::stream 'input' is read while empty, which may result in RTL simulation hanging.
[DEBUG] Tile = 1, Mask = 0b10100000
  [PE 0] Weight = -2 Accumulator before = 0
  [PE 0] Accumulator after  = -2
  [PE 1] Weight = -2 Accumulator before = 0
  [PE 1] Accumulator after  = -2
  [PE 2] Weight = 0 Accumulator before = -2
  [PE 2] Accumulator after  = -2
  [PE 3] Weight = -2 Accumulator before = -22.4062
  [PE 3] Accumulator after  = -24.4062
  [PE 4] Weight = -2 Accumulator before = 0
  [PE 4] Accumulator after  = -2
WARNING: Hls::stream 'input' is read while empty, which may result in RTL simulation hanging.
[DEBUG] Tile = 2, Mask = 0b10100000
  [PE 0] Weight = 0 Accumulator before = -2
  [PE 0] Accumulator after  = -2
  [PE 1] Weight = -2 Accumulator before = -2
  [PE 1] Accumulator after  = -4
  [PE 2] Weight = -2 Accumulator before = -2
  [PE 2] Accumulator after  = -4
  [PE 3] Weight = -2 Accumulator before = -24.4062
  [PE 3] Accumulator after  = -26.4062
  [PE 4] Weight = -2 Accumulator before = -2
  [PE 4] Accumulator after  = -4
WARNING: Hls::stream 'input' is read while empty, which may result in RTL simulation hanging.
[DEBUG] Tile = 3, Mask = 0b10100000
  [PE 0] Weight = -2 Accumulator before = -2
  [PE 0] Accumulator after  = -4
  [PE 1] Weight = 0 Accumulator before = -4
  [PE 1] Accumulator after  = -4
  [PE 2] Weight = 0 Accumulator before = -4
  [PE 2] Accumulator after  = -4
  [PE 3] Weight = 0 Accumulator before = -26.4062
  [PE 3] Accumulator after  = -26.4062
  [PE 4] Weight = 0 Accumulator before = -4
  [PE 4] Accumulator after  = -4
WARNING: Hls::stream 'input' is read while empty, which may result in RTL simulation hanging.
[DEBUG] Tile = 4, Mask = 0b10100000
  [PE 0] Weight = 0 Accumulator before = -4
  [PE 0] Accumulator after  = -4
  [PE 1] Weight = 0 Accumulator before = -4
  [PE 1] Accumulator after  = -4
  [PE 2] Weight = 0 Accumulator before = -4
  [PE 2] Accumulator after  = -4
  [PE 3] Weight = -2 Accumulator before = -26.4062
  [PE 3] Accumulator after  = -28.4062
  [PE 4] Weight = -2 Accumulator before = -4
  [PE 4] Accumulator after  = -6
WARNING: Hls::stream 'input' is read while empty, which may result in RTL simulation hanging.
[DEBUG] Tile = 5, Mask = 0b10100000
  [PE 0] Weight = 0 Accumulator before = -4
  [PE 0] Accumulator after  = -4
  [PE 1] Weight = 0 Accumulator before = -4
  [PE 1] Accumulator after  = -4
  [PE 2] Weight = -2 Accumulator before = -4
  [PE 2] Accumulator after  = -6
  [PE 3] Weight = -2 Accumulator before = -28.4062
  [PE 3] Accumulator after  = -30.4062
  [PE 4] Weight = 0 Accumulator before = -6
  [PE 4] Accumulator after  = -6
WARNING: Hls::stream 'input' is read while empty, which may result in RTL simulation hanging.
[DEBUG] Tile = 6, Mask = 0b10100000
  [PE 0] Weight = -2 Accumulator before = -4
  [PE 0] Accumulator after  = -6
  [PE 1] Weight = -2 Accumulator before = -4
  [PE 1] Accumulator after  = -6
  [PE 2] Weight = 0 Accumulator before = -6
  [PE 2] Accumulator after  = -6
  [PE 3] Weight = 0 Accumulator before = -30.4062
  [PE 3] Accumulator after  = -30.4062
  [PE 4] Weight = 0 Accumulator before = -6
  [PE 4] Accumulator after  = -6
WARNING: Hls::stream 'input' is read while empty, which may result in RTL simulation hanging.
[DEBUG] Tile = 7, Mask = 0b10100000
  [PE 0] Weight = 0 Accumulator before = -6
  [PE 0] Accumulator after  = -6
  [PE 1] Weight = -2 Accumulator before = -6
  [PE 1] Accumulator after  = -8
  [PE 2] Weight = 0 Accumulator before = -6
  [PE 2] Accumulator after  = -6
  [PE 3] Weight = 0 Accumulator before = -30.4062
  [PE 3] Accumulator after  = -30.4062
  [PE 4] Weight = 0 Accumulator before = -6
  [PE 4] Accumulator after  = -6
[THRESHOLD DEBUG] acc=-6 > threshold=1 => NO: no spike
[THRESHOLD DEBUG] acc=-8 > threshold=1 => NO: no spike
[THRESHOLD DEBUG] acc=-6 > threshold=1 => NO: no spike
[THRESHOLD DEBUG] acc=-30.4062 > threshold=1 => NO: no spike
[THRESHOLD DEBUG] acc=-6 > threshold=1 => NO: no spike
WARNING: Hls::stream 'input' is read while empty, which may result in RTL simulation hanging.
[DEBUG] Tile = 0, Mask = 0b10100000
  [PE 0] Weight = 0 Accumulator before = -5.25
  [PE 0] Accumulator after  = -5.25
  [PE 1] Weight = 0 Accumulator before = -7
  [PE 1] Accumulator after  = -7
  [PE 2] Weight = -2 Accumulator before = -5.25
  [PE 2] Accumulator after  = -7.25
  [PE 3] Weight = -2 Accumulator before = -30.6055
  [PE 3] Accumulator after  = 31.3945
  [PE 4] Weight = 0 Accumulator before = -5.25
  [PE 4] Accumulator after  = -5.25
WARNING: Hls::stream 'input' is read while empty, which may result in RTL simulation hanging.
[DEBUG] Tile = 1, Mask = 0b10100000
  [PE 0] Weight = -2 Accumulator before = -5.25
  [PE 0] Accumulator after  = -7.25
  [PE 1] Weight = -2 Accumulator before = -7
  [PE 1] Accumulator after  = -9
  [PE 2] Weight = 0 Accumulator before = -7.25
  [PE 2] Accumulator after  = -7.25
  [PE 3] Weight = -2 Accumulator before = 31.3945
  [PE 3] Accumulator after  = 29.3945
  [PE 4] Weight = -2 Accumulator before = -5.25
  [PE 4] Accumulator after  = -7.25
WARNING: Hls::stream 'input' is read while empty, which may result in RTL simulation hanging.
[DEBUG] Tile = 2, Mask = 0b10100000
  [PE 0] Weight = 0 Accumulator before = -7.25
  [PE 0] Accumulator after  = -7.25
  [PE 1] Weight = -2 Accumulator before = -9
  [PE 1] Accumulator after  = -11
  [PE 2] Weight = -2 Accumulator before = -7.25
  [PE 2] Accumulator after  = -9.25
  [PE 3] Weight = -2 Accumulator before = 29.3945
  [PE 3] Accumulator after  = 27.3945
  [PE 4] Weight = -2 Accumulator before = -7.25
  [PE 4] Accumulator after  = -9.25
WARNING: Hls::stream 'input' is read while empty, which may result in RTL simulation hanging.
[DEBUG] Tile = 3, Mask = 0b10100000
  [PE 0] Weight = -2 Accumulator before = -7.25
  [PE 0] Accumulator after  = -9.25
  [PE 1] Weight = 0 Accumulator before = -11
  [PE 1] Accumulator after  = -11
  [PE 2] Weight = 0 Accumulator before = -9.25
  [PE 2] Accumulator after  = -9.25
  [PE 3] Weight = 0 Accumulator before = 27.3945
  [PE 3] Accumulator after  = 27.3945
  [PE 4] Weight = 0 Accumulator before = -9.25
  [PE 4] Accumulator after  = -9.25
WARNING: Hls::stream 'input' is read while empty, which may result in RTL simulation hanging.
[DEBUG] Tile = 4, Mask = 0b10100000
  [PE 0] Weight = 0 Accumulator before = -9.25
  [PE 0] Accumulator after  = -9.25
  [PE 1] Weight = 0 Accumulator before = -11
  [PE 1] Accumulator after  = -11
  [PE 2] Weight = 0 Accumulator before = -9.25
  [PE 2] Accumulator after  = -9.25
  [PE 3] Weight = -2 Accumulator before = 27.3945
  [PE 3] Accumulator after  = 25.3945
  [PE 4] Weight = -2 Accumulator before = -9.25
  [PE 4] Accumulator after  = -11.25
WARNING: Hls::stream 'input' is read while empty, which may result in RTL simulation hanging.
[DEBUG] Tile = 5, Mask = 0b10100000
  [PE 0] Weight = 0 Accumulator before = -9.25
  [PE 0] Accumulator after  = -9.25
  [PE 1] Weight = 0 Accumulator before = -11
  [PE 1] Accumulator after  = -11
  [PE 2] Weight = -2 Accumulator before = -9.25
  [PE 2] Accumulator after  = -11.25
  [PE 3] Weight = -2 Accumulator before = 25.3945
  [PE 3] Accumulator after  = 23.3945
  [PE 4] Weight = 0 Accumulator before = -11.25
  [PE 4] Accumulator after  = -11.25
WARNING: Hls::stream 'input' is read while empty, which may result in RTL simulation hanging.
[DEBUG] Tile = 6, Mask = 0b10100000
  [PE 0] Weight = -2 Accumulator before = -9.25
  [PE 0] Accumulator after  = -11.25
  [PE 1] Weight = -2 Accumulator before = -11
  [PE 1] Accumulator after  = -13
  [PE 2] Weight = 0 Accumulator before = -11.25
  [PE 2] Accumulator after  = -11.25
  [PE 3] Weight = 0 Accumulator before = 23.3945
  [PE 3] Accumulator after  = 23.3945
  [PE 4] Weight = 0 Accumulator before = -11.25
  [PE 4] Accumulator after  = -11.25
WARNING: Hls::stream 'input' is read while empty, which may result in RTL simulation hanging.
[DEBUG] Tile = 7, Mask = 0b10100000
  [PE 0] Weight = 0 Accumulator before = -11.25
  [PE 0] Accumulator after  = -11.25
  [PE 1] Weight = -2 Accumulator before = -13
  [PE 1] Accumulator after  = -15
  [PE 2] Weight = 0 Accumulator before = -11.25
  [PE 2] Accumulator after  = -11.25
  [PE 3] Weight = 0 Accumulator before = 23.3945
  [PE 3] Accumulator after  = 23.3945
  [PE 4] Weight = 0 Accumulator before = -11.25
  [PE 4] Accumulator after  = -11.25
[THRESHOLD DEBUG] acc=-11.25 > threshold=1 => NO: no spike
[THRESHOLD DEBUG] acc=-15 > threshold=1 => NO: no spike
[THRESHOLD DEBUG] acc=-11.25 > threshold=1 => NO: no spike
[THRESHOLD DEBUG] acc=23.3945 > threshold=1 => YES: SPIKE
[THRESHOLD DEBUG] acc=-11.25 > threshold=1 => NO: no spike
WARNING: Hls::stream 'input' is read while empty, which may result in RTL simulation hanging.
[DEBUG] Tile = 0, Mask = 0b10100000
  [PE 0] Weight = 0 Accumulator before = -9.84375
  [PE 0] Accumulator after  = -9.84375
  [PE 1] Weight = 0 Accumulator before = -13.125
  [PE 1] Accumulator after  = -13.125
  [PE 2] Weight = -2 Accumulator before = -9.84375
  [PE 2] Accumulator after  = -11.8438
  [PE 3] Weight = -2 Accumulator before = 0
  [PE 3] Accumulator after  = -2
  [PE 4] Weight = 0 Accumulator before = -9.84375
  [PE 4] Accumulator after  = -9.84375
WARNING: Hls::stream 'input' is read while empty, which may result in RTL simulation hanging.
[DEBUG] Tile = 1, Mask = 0b10100000
  [PE 0] Weight = -2 Accumulator before = -9.84375
  [PE 0] Accumulator after  = -11.8438
  [PE 1] Weight = -2 Accumulator before = -13.125
  [PE 1] Accumulator after  = -15.125
  [PE 2] Weight = 0 Accumulator before = -11.8438
  [PE 2] Accumulator after  = -11.8438
  [PE 3] Weight = -2 Accumulator before = -2
  [PE 3] Accumulator after  = -4
  [PE 4] Weight = -2 Accumulator before = -9.84375
  [PE 4] Accumulator after  = -11.8438
WARNING: Hls::stream 'input' is read while empty, which may result in RTL simulation hanging.
[DEBUG] Tile = 2, Mask = 0b10100000
  [PE 0] Weight = 0 Accumulator before = -11.8438
  [PE 0] Accumulator after  = -11.8438
  [PE 1] Weight = -2 Accumulator before = -15.125
  [PE 1] Accumulator after  = -17.125
  [PE 2] Weight = -2 Accumulator before = -11.8438
  [PE 2] Accumulator after  = -13.8438
  [PE 3] Weight = -2 Accumulator before = -4
  [PE 3] Accumulator after  = -6
  [PE 4] Weight = -2 Accumulator before = -11.8438
  [PE 4] Accumulator after  = -13.8438
WARNING: Hls::stream 'input' is read while empty, which may result in RTL simulation hanging.
[DEBUG] Tile = 3, Mask = 0b10100000
  [PE 0] Weight = -2 Accumulator before = -11.8438
  [PE 0] Accumulator after  = -13.8438
  [PE 1] Weight = 0 Accumulator before = -17.125
  [PE 1] Accumulator after  = -17.125
  [PE 2] Weight = 0 Accumulator before = -13.8438
  [PE 2] Accumulator after  = -13.8438
  [PE 3] Weight = 0 Accumulator before = -6
  [PE 3] Accumulator after  = -6
  [PE 4] Weight = 0 Accumulator before = -13.8438
  [PE 4] Accumulator after  = -13.8438
WARNING: Hls::stream 'input' is read while empty, which may result in RTL simulation hanging.
[DEBUG] Tile = 4, Mask = 0b10100000
  [PE 0] Weight = 0 Accumulator before = -13.8438
  [PE 0] Accumulator after  = -13.8438
  [PE 1] Weight = 0 Accumulator before = -17.125
  [PE 1] Accumulator after  = -17.125
  [PE 2] Weight = 0 Accumulator before = -13.8438
  [PE 2] Accumulator after  = -13.8438
  [PE 3] Weight = -2 Accumulator before = -6
  [PE 3] Accumulator after  = -8
  [PE 4] Weight = -2 Accumulator before = -13.8438
  [PE 4] Accumulator after  = -15.8438
WARNING: Hls::stream 'input' is read while empty, which may result in RTL simulation hanging.
[DEBUG] Tile = 5, Mask = 0b10100000
  [PE 0] Weight = 0 Accumulator before = -13.8438
  [PE 0] Accumulator after  = -13.8438
  [PE 1] Weight = 0 Accumulator before = -17.125
  [PE 1] Accumulator after  = -17.125
  [PE 2] Weight = -2 Accumulator before = -13.8438
  [PE 2] Accumulator after  = -15.8438
  [PE 3] Weight = -2 Accumulator before = -8
  [PE 3] Accumulator after  = -10
  [PE 4] Weight = 0 Accumulator before = -15.8438
  [PE 4] Accumulator after  = -15.8438
WARNING: Hls::stream 'input' is read while empty, which may result in RTL simulation hanging.
[DEBUG] Tile = 6, Mask = 0b10100000
  [PE 0] Weight = -2 Accumulator before = -13.8438
  [PE 0] Accumulator after  = -15.8438
  [PE 1] Weight = -2 Accumulator before = -17.125
  [PE 1] Accumulator after  = -19.125
  [PE 2] Weight = 0 Accumulator before = -15.8438
  [PE 2] Accumulator after  = -15.8438
  [PE 3] Weight = 0 Accumulator before = -10
  [PE 3] Accumulator after  = -10
  [PE 4] Weight = 0 Accumulator before = -15.8438
  [PE 4] Accumulator after  = -15.8438
WARNING: Hls::stream 'input' is read while empty, which may result in RTL simulation hanging.
[DEBUG] Tile = 7, Mask = 0b10100000
  [PE 0] Weight = 0 Accumulator before = -15.8438
  [PE 0] Accumulator after  = -15.8438
  [PE 1] Weight = -2 Accumulator before = -19.125
  [PE 1] Accumulator after  = -21.125
  [PE 2] Weight = 0 Accumulator before = -15.8438
  [PE 2] Accumulator after  = -15.8438
  [PE 3] Weight = 0 Accumulator before = -10
  [PE 3] Accumulator after  = -10
  [PE 4] Weight = 0 Accumulator before = -15.8438
  [PE 4] Accumulator after  = -15.8438
[THRESHOLD DEBUG] acc=-15.8438 > threshold=1 => NO: no spike
[THRESHOLD DEBUG] acc=-21.125 > threshold=1 => NO: no spike
[THRESHOLD DEBUG] acc=-15.8438 > threshold=1 => NO: no spike
[THRESHOLD DEBUG] acc=-10 > threshold=1 => NO: no spike
[THRESHOLD DEBUG] acc=-15.8438 > threshold=1 => NO: no spike
WARNING: Hls::stream 'input' is read while empty, which may result in RTL simulation hanging.
[DEBUG] Tile = 0, Mask = 0b10100000
  [PE 0] Weight = 0 Accumulator before = -13.8633
  [PE 0] Accumulator after  = -13.8633
  [PE 1] Weight = 0 Accumulator before = -22.4844
  [PE 1] Accumulator after  = -22.4844
  [PE 2] Weight = -2 Accumulator before = -13.8633
  [PE 2] Accumulator after  = -15.8633
  [PE 3] Weight = -2 Accumulator before = -8.75
  [PE 3] Accumulator after  = -10.75
  [PE 4] Weight = 0 Accumulator before = -13.8633
  [PE 4] Accumulator after  = -13.8633
WARNING: Hls::stream 'input' is read while empty, which may result in RTL simulation hanging.
[DEBUG] Tile = 1, Mask = 0b10100000
  [PE 0] Weight = -2 Accumulator before = -13.8633
  [PE 0] Accumulator after  = -15.8633
  [PE 1] Weight = -2 Accumulator before = -22.4844
  [PE 1] Accumulator after  = -24.4844
  [PE 2] Weight = 0 Accumulator before = -15.8633
  [PE 2] Accumulator after  = -15.8633
  [PE 3] Weight = -2 Accumulator before = -10.75
  [PE 3] Accumulator after  = -12.75
  [PE 4] Weight = -2 Accumulator before = -13.8633
  [PE 4] Accumulator after  = -15.8633
WARNING: Hls::stream 'input' is read while empty, which may result in RTL simulation hanging.
[DEBUG] Tile = 2, Mask = 0b10100000
  [PE 0] Weight = 0 Accumulator before = -15.8633
  [PE 0] Accumulator after  = -15.8633
  [PE 1] Weight = -2 Accumulator before = -24.4844
  [PE 1] Accumulator after  = -26.4844
  [PE 2] Weight = -2 Accumulator before = -15.8633
  [PE 2] Accumulator after  = -17.8633
  [PE 3] Weight = -2 Accumulator before = -12.75
  [PE 3] Accumulator after  = -14.75
  [PE 4] Weight = -2 Accumulator before = -15.8633
  [PE 4] Accumulator after  = -17.8633
WARNING: Hls::stream 'input' is read while empty, which may result in RTL simulation hanging.
[DEBUG] Tile = 3, Mask = 0b10100000
  [PE 0] Weight = -2 Accumulator before = -15.8633
  [PE 0] Accumulator after  = -17.8633
  [PE 1] Weight = 0 Accumulator before = -26.4844
  [PE 1] Accumulator after  = -26.4844
  [PE 2] Weight = 0 Accumulator before = -17.8633
  [PE 2] Accumulator after  = -17.8633
  [PE 3] Weight = 0 Accumulator before = -14.75
  [PE 3] Accumulator after  = -14.75
  [PE 4] Weight = 0 Accumulator before = -17.8633
  [PE 4] Accumulator after  = -17.8633
WARNING: Hls::stream 'input' is read while empty, which may result in RTL simulation hanging.
[DEBUG] Tile = 4, Mask = 0b10100000
  [PE 0] Weight = 0 Accumulator before = -17.8633
  [PE 0] Accumulator after  = -17.8633
  [PE 1] Weight = 0 Accumulator before = -26.4844
  [PE 1] Accumulator after  = -26.4844
  [PE 2] Weight = 0 Accumulator before = -17.8633
  [PE 2] Accumulator after  = -17.8633
  [PE 3] Weight = -2 Accumulator before = -14.75
  [PE 3] Accumulator after  = -16.75
  [PE 4] Weight = -2 Accumulator before = -17.8633
  [PE 4] Accumulator after  = -19.8633
WARNING: Hls::stream 'input' is read while empty, which may result in RTL simulation hanging.
[DEBUG] Tile = 5, Mask = 0b10100000
  [PE 0] Weight = 0 Accumulator before = -17.8633
  [PE 0] Accumulator after  = -17.8633
  [PE 1] Weight = 0 Accumulator before = -26.4844
  [PE 1] Accumulator after  = -26.4844
  [PE 2] Weight = -2 Accumulator before = -17.8633
  [PE 2] Accumulator after  = -19.8633
  [PE 3] Weight = -2 Accumulator before = -16.75
  [PE 3] Accumulator after  = -18.75
  [PE 4] Weight = 0 Accumulator before = -19.8633
  [PE 4] Accumulator after  = -19.8633
WARNING: Hls::stream 'input' is read while empty, which may result in RTL simulation hanging.
[DEBUG] Tile = 6, Mask = 0b10100000
  [PE 0] Weight = -2 Accumulator before = -17.8633
  [PE 0] Accumulator after  = -19.8633
  [PE 1] Weight = -2 Accumulator before = -26.4844
  [PE 1] Accumulator after  = -28.4844
  [PE 2] Weight = 0 Accumulator before = -19.8633
  [PE 2] Accumulator after  = -19.8633
  [PE 3] Weight = 0 Accumulator before = -18.75
  [PE 3] Accumulator after  = -18.75
  [PE 4] Weight = 0 Accumulator before = -19.8633
  [PE 4] Accumulator after  = -19.8633
WARNING: Hls::stream 'input' is read while empty, which may result in RTL simulation hanging.
[DEBUG] Tile = 7, Mask = 0b10100000
  [PE 0] Weight = 0 Accumulator before = -19.8633
  [PE 0] Accumulator after  = -19.8633
  [PE 1] Weight = -2 Accumulator before = -28.4844
  [PE 1] Accumulator after  = -30.4844
  [PE 2] Weight = 0 Accumulator before = -19.8633
  [PE 2] Accumulator after  = -19.8633
  [PE 3] Weight = 0 Accumulator before = -18.75
  [PE 3] Accumulator after  = -18.75
  [PE 4] Weight = 0 Accumulator before = -19.8633
  [PE 4] Accumulator after  = -19.8633
[THRESHOLD DEBUG] acc=-19.8633 > threshold=1 => NO: no spike
[THRESHOLD DEBUG] acc=-30.4844 > threshold=1 => NO: no spike
[THRESHOLD DEBUG] acc=-19.8633 > threshold=1 => NO: no spike
[THRESHOLD DEBUG] acc=-18.75 > threshold=1 => NO: no spike
[THRESHOLD DEBUG] acc=-19.8633 > threshold=1 => NO: no spike
WARNING: Hls::stream 'input' is read while empty, which may result in RTL simulation hanging.
[DEBUG] Tile = 0, Mask = 0b10100000
  [PE 0] Weight = 0 Accumulator before = -21.3799
  [PE 0] Accumulator after  = -21.3799
  [PE 1] Weight = 0 Accumulator before = -30.6738
  [PE 1] Accumulator after  = -30.6738
  [PE 2] Weight = -2 Accumulator before = -21.3799
  [PE 2] Accumulator after  = -23.3799
  [PE 3] Weight = -2 Accumulator before = -20.4062
  [PE 3] Accumulator after  = -22.4062
  [PE 4] Weight = 0 Accumulator before = -21.3799
  [PE 4] Accumulator after  = -21.3799
WARNING: Hls::stream 'input' is read while empty, which may result in RTL simulation hanging.
[DEBUG] Tile = 1, Mask = 0b10100000
  [PE 0] Weight = -2 Accumulator before = -21.3799
  [PE 0] Accumulator after  = -23.3799
  [PE 1] Weight = -2 Accumulator before = -30.6738
  [PE 1] Accumulator after  = 31.3262
  [PE 2] Weight = 0 Accumulator before = -23.3799
  [PE 2] Accumulator after  = -23.3799
  [PE 3] Weight = -2 Accumulator before = -22.4062
  [PE 3] Accumulator after  = -24.4062
  [PE 4] Weight = -2 Accumulator before = -21.3799
  [PE 4] Accumulator after  = -23.3799
WARNING: Hls::stream 'input' is read while empty, which may result in RTL simulation hanging.
[DEBUG] Tile = 2, Mask = 0b10100000
  [PE 0] Weight = 0 Accumulator before = -23.3799
  [PE 0] Accumulator after  = -23.3799
  [PE 1] Weight = -2 Accumulator before = 31.3262
  [PE 1] Accumulator after  = 29.3262
  [PE 2] Weight = -2 Accumulator before = -23.3799
  [PE 2] Accumulator after  = -25.3799
  [PE 3] Weight = -2 Accumulator before = -24.4062
  [PE 3] Accumulator after  = -26.4062
  [PE 4] Weight = -2 Accumulator before = -23.3799
  [PE 4] Accumulator after  = -25.3799
WARNING: Hls::stream 'input' is read while empty, which may result in RTL simulation hanging.
[DEBUG] Tile = 3, Mask = 0b10100000
  [PE 0] Weight = -2 Accumulator before = -23.3799
  [PE 0] Accumulator after  = -25.3799
  [PE 1] Weight = 0 Accumulator before = 29.3262
  [PE 1] Accumulator after  = 29.3262
  [PE 2] Weight = 0 Accumulator before = -25.3799
  [PE 2] Accumulator after  = -25.3799
  [PE 3] Weight = 0 Accumulator before = -26.4062
  [PE 3] Accumulator after  = -26.4062
  [PE 4] Weight = 0 Accumulator before = -25.3799
  [PE 4] Accumulator after  = -25.3799
WARNING: Hls::stream 'input' is read while empty, which may result in RTL simulation hanging.
[DEBUG] Tile = 4, Mask = 0b10100000
  [PE 0] Weight = 0 Accumulator before = -25.3799
  [PE 0] Accumulator after  = -25.3799
  [PE 1] Weight = 0 Accumulator before = 29.3262
  [PE 1] Accumulator after  = 29.3262
  [PE 2] Weight = 0 Accumulator before = -25.3799
  [PE 2] Accumulator after  = -25.3799
  [PE 3] Weight = -2 Accumulator before = -26.4062
  [PE 3] Accumulator after  = -28.4062
  [PE 4] Weight = -2 Accumulator before = -25.3799
  [PE 4] Accumulator after  = -27.3799
WARNING: Hls::stream 'input' is read while empty, which may result in RTL simulation hanging.
[DEBUG] Tile = 5, Mask = 0b10100000
  [PE 0] Weight = 0 Accumulator before = -25.3799
  [PE 0] Accumulator after  = -25.3799
  [PE 1] Weight = 0 Accumulator before = 29.3262
  [PE 1] Accumulator after  = 29.3262
  [PE 2] Weight = -2 Accumulator before = -25.3799
  [PE 2] Accumulator after  = -27.3799
  [PE 3] Weight = -2 Accumulator before = -28.4062
  [PE 3] Accumulator after  = -30.4062
  [PE 4] Weight = 0 Accumulator before = -27.3799
  [PE 4] Accumulator after  = -27.3799
WARNING: Hls::stream 'input' is read while empty, which may result in RTL simulation hanging.
[DEBUG] Tile = 6, Mask = 0b10100000
  [PE 0] Weight = -2 Accumulator before = -25.3799
  [PE 0] Accumulator after  = -27.3799
  [PE 1] Weight = -2 Accumulator before = 29.3262
  [PE 1] Accumulator after  = 27.3262
  [PE 2] Weight = 0 Accumulator before = -27.3799
  [PE 2] Accumulator after  = -27.3799
  [PE 3] Weight = 0 Accumulator before = -30.4062
  [PE 3] Accumulator after  = -30.4062
  [PE 4] Weight = 0 Accumulator before = -27.3799
  [PE 4] Accumulator after  = -27.3799
WARNING: Hls::stream 'input' is read while empty, which may result in RTL simulation hanging.
[DEBUG] Tile = 7, Mask = 0b10100000
  [PE 0] Weight = 0 Accumulator before = -27.3799
  [PE 0] Accumulator after  = -27.3799
  [PE 1] Weight = -2 Accumulator before = 27.3262
  [PE 1] Accumulator after  = 25.3262
  [PE 2] Weight = 0 Accumulator before = -27.3799
  [PE 2] Accumulator after  = -27.3799
  [PE 3] Weight = 0 Accumulator before = -30.4062
  [PE 3] Accumulator after  = -30.4062
  [PE 4] Weight = 0 Accumulator before = -27.3799
  [PE 4] Accumulator after  = -27.3799
[THRESHOLD DEBUG] acc=-27.3799 > threshold=1 => NO: no spike
[THRESHOLD DEBUG] acc=25.3262 > threshold=1 => YES: SPIKE
[THRESHOLD DEBUG] acc=-27.3799 > threshold=1 => NO: no spike
[THRESHOLD DEBUG] acc=-30.4062 > threshold=1 => NO: no spike
[THRESHOLD DEBUG] acc=-27.3799 > threshold=1 => NO: no spike
WARNING: Hls::stream 'input' is read while empty, which may result in RTL simulation hanging.
[DEBUG] Tile = 0, Mask = 0b10100000
  [PE 0] Weight = 0 Accumulator before = -27.957
  [PE 0] Accumulator after  = -27.957
  [PE 1] Weight = 0 Accumulator before = 0
  [PE 1] Accumulator after  = 0
  [PE 2] Weight = -2 Accumulator before = -27.957
  [PE 2] Accumulator after  = -29.957
  [PE 3] Weight = -2 Accumulator before = -30.6055
  [PE 3] Accumulator after  = 31.3945
  [PE 4] Weight = 0 Accumulator before = -27.957
  [PE 4] Accumulator after  = -27.957
WARNING: Hls::stream 'input' is read while empty, which may result in RTL simulation hanging.
[DEBUG] Tile = 1, Mask = 0b10100000
  [PE 0] Weight = -2 Accumulator before = -27.957
  [PE 0] Accumulator after  = -29.957
  [PE 1] Weight = -2 Accumulator before = 0
  [PE 1] Accumulator after  = -2
  [PE 2] Weight = 0 Accumulator before = -29.957
  [PE 2] Accumulator after  = -29.957
  [PE 3] Weight = -2 Accumulator before = 31.3945
  [PE 3] Accumulator after  = 29.3945
  [PE 4] Weight = -2 Accumulator before = -27.957
  [PE 4] Accumulator after  = -29.957
WARNING: Hls::stream 'input' is read while empty, which may result in RTL simulation hanging.
[DEBUG] Tile = 2, Mask = 0b10100000
  [PE 0] Weight = 0 Accumulator before = -29.957
  [PE 0] Accumulator after  = -29.957
  [PE 1] Weight = -2 Accumulator before = -2
  [PE 1] Accumulator after  = -4
  [PE 2] Weight = -2 Accumulator before = -29.957
  [PE 2] Accumulator after  = -31.957
  [PE 3] Weight = -2 Accumulator before = 29.3945
  [PE 3] Accumulator after  = 27.3945
  [PE 4] Weight = -2 Accumulator before = -29.957
  [PE 4] Accumulator after  = -31.957
WARNING: Hls::stream 'input' is read while empty, which may result in RTL simulation hanging.
[DEBUG] Tile = 3, Mask = 0b10100000
  [PE 0] Weight = -2 Accumulator before = -29.957
  [PE 0] Accumulator after  = -31.957
  [PE 1] Weight = 0 Accumulator before = -4
  [PE 1] Accumulator after  = -4
  [PE 2] Weight = 0 Accumulator before = -31.957
  [PE 2] Accumulator after  = -31.957
  [PE 3] Weight = 0 Accumulator before = 27.3945
  [PE 3] Accumulator after  = 27.3945
  [PE 4] Weight = 0 Accumulator before = -31.957
  [PE 4] Accumulator after  = -31.957
WARNING: Hls::stream 'input' is read while empty, which may result in RTL simulation hanging.
[DEBUG] Tile = 4, Mask = 0b10100000
  [PE 0] Weight = 0 Accumulator before = -31.957
  [PE 0] Accumulator after  = -31.957
  [PE 1] Weight = 0 Accumulator before = -4
  [PE 1] Accumulator after  = -4
  [PE 2] Weight = 0 Accumulator before = -31.957
  [PE 2] Accumulator after  = -31.957
  [PE 3] Weight = -2 Accumulator before = 27.3945
  [PE 3] Accumulator after  = 25.3945
  [PE 4] Weight = -2 Accumulator before = -31.957
  [PE 4] Accumulator after  = 30.043
WARNING: Hls::stream 'input' is read while empty, which may result in RTL simulation hanging.
[DEBUG] Tile = 5, Mask = 0b10100000
  [PE 0] Weight = 0 Accumulator before = -31.957
  [PE 0] Accumulator after  = -31.957
  [PE 1] Weight = 0 Accumulator before = -4
  [PE 1] Accumulator after  = -4
  [PE 2] Weight = -2 Accumulator before = -31.957
  [PE 2] Accumulator after  = 30.043
  [PE 3] Weight = -2 Accumulator before = 25.3945
  [PE 3] Accumulator after  = 23.3945
  [PE 4] Weight = 0 Accumulator before = 30.043
  [PE 4] Accumulator after  = 30.043
WARNING: Hls::stream 'input' is read while empty, which may result in RTL simulation hanging.
[DEBUG] Tile = 6, Mask = 0b10100000
  [PE 0] Weight = -2 Accumulator before = -31.957
  [PE 0] Accumulator after  = 30.043
  [PE 1] Weight = -2 Accumulator before = -4
  [PE 1] Accumulator after  = -6
  [PE 2] Weight = 0 Accumulator before = 30.043
  [PE 2] Accumulator after  = 30.043
  [PE 3] Weight = 0 Accumulator before = 23.3945
  [PE 3] Accumulator after  = 23.3945
  [PE 4] Weight = 0 Accumulator before = 30.043
  [PE 4] Accumulator after  = 30.043
WARNING: Hls::stream 'input' is read while empty, which may result in RTL simulation hanging.
[DEBUG] Tile = 7, Mask = 0b10100000
  [PE 0] Weight = 0 Accumulator before = 30.043
  [PE 0] Accumulator after  = 30.043
  [PE 1] Weight = -2 Accumulator before = -6
  [PE 1] Accumulator after  = -8
  [PE 2] Weight = 0 Accumulator before = 30.043
  [PE 2] Accumulator after  = 30.043
  [PE 3] Weight = 0 Accumulator before = 23.3945
  [PE 3] Accumulator after  = 23.3945
  [PE 4] Weight = 0 Accumulator before = 30.043
  [PE 4] Accumulator after  = 30.043
[THRESHOLD DEBUG] acc=30.043 > threshold=1 => YES: SPIKE
[THRESHOLD DEBUG] acc=-8 > threshold=1 => NO: no spike
[THRESHOLD DEBUG] acc=30.043 > threshold=1 => YES: SPIKE
[THRESHOLD DEBUG] acc=23.3945 > threshold=1 => YES: SPIKE
[THRESHOLD DEBUG] acc=30.043 > threshold=1 => YES: SPIKE
WARNING: Hls::stream 'input' is read while empty, which may result in RTL simulation hanging.
[DEBUG] Tile = 0, Mask = 0b10100000
  [PE 0] Weight = 0 Accumulator before = 0
  [PE 0] Accumulator after  = 0
  [PE 1] Weight = 0 Accumulator before = -7
  [PE 1] Accumulator after  = -7
  [PE 2] Weight = -2 Accumulator before = 0
  [PE 2] Accumulator after  = -2
  [PE 3] Weight = -2 Accumulator before = 0
  [PE 3] Accumulator after  = -2
  [PE 4] Weight = 0 Accumulator before = 0
  [PE 4] Accumulator after  = 0
WARNING: Hls::stream 'input' is read while empty, which may result in RTL simulation hanging.
[DEBUG] Tile = 1, Mask = 0b10100000
  [PE 0] Weight = -2 Accumulator before = 0
  [PE 0] Accumulator after  = -2
  [PE 1] Weight = -2 Accumulator before = -7
  [PE 1] Accumulator after  = -9
  [PE 2] Weight = 0 Accumulator before = -2
  [PE 2] Accumulator after  = -2
  [PE 3] Weight = -2 Accumulator before = -2
  [PE 3] Accumulator after  = -4
  [PE 4] Weight = -2 Accumulator before = 0
  [PE 4] Accumulator after  = -2
WARNING: Hls::stream 'input' is read while empty, which may result in RTL simulation hanging.
[DEBUG] Tile = 2, Mask = 0b10100000
  [PE 0] Weight = 0 Accumulator before = -2
  [PE 0] Accumulator after  = -2
  [PE 1] Weight = -2 Accumulator before = -9
  [PE 1] Accumulator after  = -11
  [PE 2] Weight = -2 Accumulator before = -2
  [PE 2] Accumulator after  = -4
  [PE 3] Weight = -2 Accumulator before = -4
  [PE 3] Accumulator after  = -6
  [PE 4] Weight = -2 Accumulator before = -2
  [PE 4] Accumulator after  = -4
WARNING: Hls::stream 'input' is read while empty, which may result in RTL simulation hanging.
[DEBUG] Tile = 3, Mask = 0b10100000
  [PE 0] Weight = -2 Accumulator before = -2
  [PE 0] Accumulator after  = -4
  [PE 1] Weight = 0 Accumulator before = -11
  [PE 1] Accumulator after  = -11
  [PE 2] Weight = 0 Accumulator before = -4
  [PE 2] Accumulator after  = -4
  [PE 3] Weight = 0 Accumulator before = -6
  [PE 3] Accumulator after  = -6
  [PE 4] Weight = 0 Accumulator before = -4
  [PE 4] Accumulator after  = -4
WARNING: Hls::stream 'input' is read while empty, which may result in RTL simulation hanging.
[DEBUG] Tile = 4, Mask = 0b10100000
  [PE 0] Weight = 0 Accumulator before = -4
  [PE 0] Accumulator after  = -4
  [PE 1] Weight = 0 Accumulator before = -11
  [PE 1] Accumulator after  = -11
  [PE 2] Weight = 0 Accumulator before = -4
  [PE 2] Accumulator after  = -4
  [PE 3] Weight = -2 Accumulator before = -6
  [PE 3] Accumulator after  = -8
  [PE 4] Weight = -2 Accumulator before = -4
  [PE 4] Accumulator after  = -6
WARNING: Hls::stream 'input' is read while empty, which may result in RTL simulation hanging.
[DEBUG] Tile = 5, Mask = 0b10100000
  [PE 0] Weight = 0 Accumulator before = -4
  [PE 0] Accumulator after  = -4
  [PE 1] Weight = 0 Accumulator before = -11
  [PE 1] Accumulator after  = -11
  [PE 2] Weight = -2 Accumulator before = -4
  [PE 2] Accumulator after  = -6
  [PE 3] Weight = -2 Accumulator before = -8
  [PE 3] Accumulator after  = -10
  [PE 4] Weight = 0 Accumulator before = -6
  [PE 4] Accumulator after  = -6
WARNING: Hls::stream 'input' is read while empty, which may result in RTL simulation hanging.
[DEBUG] Tile = 6, Mask = 0b10100000
  [PE 0] Weight = -2 Accumulator before = -4
  [PE 0] Accumulator after  = -6
  [PE 1] Weight = -2 Accumulator before = -11
  [PE 1] Accumulator after  = -13
  [PE 2] Weight = 0 Accumulator before = -6
  [PE 2] Accumulator after  = -6
  [PE 3] Weight = 0 Accumulator before = -10
  [PE 3] Accumulator after  = -10
  [PE 4] Weight = 0 Accumulator before = -6
  [PE 4] Accumulator after  = -6
WARNING: Hls::stream 'input' is read while empty, which may result in RTL simulation hanging.
[DEBUG] Tile = 7, Mask = 0b10100000
  [PE 0] Weight = 0 Accumulator before = -6
  [PE 0] Accumulator after  = -6
  [PE 1] Weight = -2 Accumulator before = -13
  [PE 1] Accumulator after  = -15
  [PE 2] Weight = 0 Accumulator before = -6
  [PE 2] Accumulator after  = -6
  [PE 3] Weight = 0 Accumulator before = -10
  [PE 3] Accumulator after  = -10
  [PE 4] Weight = 0 Accumulator before = -6
  [PE 4] Accumulator after  = -6
[THRESHOLD DEBUG] acc=-6 > threshold=1 => NO: no spike
[THRESHOLD DEBUG] acc=-15 > threshold=1 => NO: no spike
[THRESHOLD DEBUG] acc=-6 > threshold=1 => NO: no spike
[THRESHOLD DEBUG] acc=-10 > threshold=1 => NO: no spike
[THRESHOLD DEBUG] acc=-6 > threshold=1 => NO: no spike
WARNING: Hls::stream 'input' is read while empty, which may result in RTL simulation hanging.
[DEBUG] Tile = 0, Mask = 0b10100000
  [PE 0] Weight = 0 Accumulator before = -5.25
  [PE 0] Accumulator after  = -5.25
  [PE 1] Weight = 0 Accumulator before = -13.125
  [PE 1] Accumulator after  = -13.125
  [PE 2] Weight = -2 Accumulator before = -5.25
  [PE 2] Accumulator after  = -7.25
  [PE 3] Weight = -2 Accumulator before = -8.75
  [PE 3] Accumulator after  = -10.75
  [PE 4] Weight = 0 Accumulator before = -5.25
  [PE 4] Accumulator after  = -5.25
WARNING: Hls::stream 'input' is read while empty, which may result in RTL simulation hanging.
[DEBUG] Tile = 1, Mask = 0b10100000
  [PE 0] Weight = -2 Accumulator before = -5.25
  [PE 0] Accumulator after  = -7.25
  [PE 1] Weight = -2 Accumulator before = -13.125
  [PE 1] Accumulator after  = -15.125
  [PE 2] Weight = 0 Accumulator before = -7.25
  [PE 2] Accumulator after  = -7.25
  [PE 3] Weight = -2 Accumulator before = -10.75
  [PE 3] Accumulator after  = -12.75
  [PE 4] Weight = -2 Accumulator before = -5.25
  [PE 4] Accumulator after  = -7.25
WARNING: Hls::stream 'input' is read while empty, which may result in RTL simulation hanging.
[DEBUG] Tile = 2, Mask = 0b10100000
  [PE 0] Weight = 0 Accumulator before = -7.25
  [PE 0] Accumulator after  = -7.25
  [PE 1] Weight = -2 Accumulator before = -15.125
  [PE 1] Accumulator after  = -17.125
  [PE 2] Weight = -2 Accumulator before = -7.25
  [PE 2] Accumulator after  = -9.25
  [PE 3] Weight = -2 Accumulator before = -12.75
  [PE 3] Accumulator after  = -14.75
  [PE 4] Weight = -2 Accumulator before = -7.25
  [PE 4] Accumulator after  = -9.25
WARNING: Hls::stream 'input' is read while empty, which may result in RTL simulation hanging.
[DEBUG] Tile = 3, Mask = 0b10100000
  [PE 0] Weight = -2 Accumulator before = -7.25
  [PE 0] Accumulator after  = -9.25
  [PE 1] Weight = 0 Accumulator before = -17.125
  [PE 1] Accumulator after  = -17.125
  [PE 2] Weight = 0 Accumulator before = -9.25
  [PE 2] Accumulator after  = -9.25
  [PE 3] Weight = 0 Accumulator before = -14.75
  [PE 3] Accumulator after  = -14.75
  [PE 4] Weight = 0 Accumulator before = -9.25
  [PE 4] Accumulator after  = -9.25
WARNING: Hls::stream 'input' is read while empty, which may result in RTL simulation hanging.
[DEBUG] Tile = 4, Mask = 0b10100000
  [PE 0] Weight = 0 Accumulator before = -9.25
  [PE 0] Accumulator after  = -9.25
  [PE 1] Weight = 0 Accumulator before = -17.125
  [PE 1] Accumulator after  = -17.125
  [PE 2] Weight = 0 Accumulator before = -9.25
  [PE 2] Accumulator after  = -9.25
  [PE 3] Weight = -2 Accumulator before = -14.75
  [PE 3] Accumulator after  = -16.75
  [PE 4] Weight = -2 Accumulator before = -9.25
  [PE 4] Accumulator after  = -11.25
WARNING: Hls::stream 'input' is read while empty, which may result in RTL simulation hanging.
[DEBUG] Tile = 5, Mask = 0b10100000
  [PE 0] Weight = 0 Accumulator before = -9.25
  [PE 0] Accumulator after  = -9.25
  [PE 1] Weight = 0 Accumulator before = -17.125
  [PE 1] Accumulator after  = -17.125
  [PE 2] Weight = -2 Accumulator before = -9.25
  [PE 2] Accumulator after  = -11.25
  [PE 3] Weight = -2 Accumulator before = -16.75
  [PE 3] Accumulator after  = -18.75
  [PE 4] Weight = 0 Accumulator before = -11.25
  [PE 4] Accumulator after  = -11.25
WARNING: Hls::stream 'input' is read while empty, which may result in RTL simulation hanging.
[DEBUG] Tile = 6, Mask = 0b10100000
  [PE 0] Weight = -2 Accumulator before = -9.25
  [PE 0] Accumulator after  = -11.25
  [PE 1] Weight = -2 Accumulator before = -17.125
  [PE 1] Accumulator after  = -19.125
  [PE 2] Weight = 0 Accumulator before = -11.25
  [PE 2] Accumulator after  = -11.25
  [PE 3] Weight = 0 Accumulator before = -18.75
  [PE 3] Accumulator after  = -18.75
  [PE 4] Weight = 0 Accumulator before = -11.25
  [PE 4] Accumulator after  = -11.25
WARNING: Hls::stream 'input' is read while empty, which may result in RTL simulation hanging.
[DEBUG] Tile = 7, Mask = 0b10100000
  [PE 0] Weight = 0 Accumulator before = -11.25
  [PE 0] Accumulator after  = -11.25
  [PE 1] Weight = -2 Accumulator before = -19.125
  [PE 1] Accumulator after  = -21.125
  [PE 2] Weight = 0 Accumulator before = -11.25
  [PE 2] Accumulator after  = -11.25
  [PE 3] Weight = 0 Accumulator before = -18.75
  [PE 3] Accumulator after  = -18.75
  [PE 4] Weight = 0 Accumulator before = -11.25
  [PE 4] Accumulator after  = -11.25
[THRESHOLD DEBUG] acc=-11.25 > threshold=1 => NO: no spike
[THRESHOLD DEBUG] acc=-21.125 > threshold=1 => NO: no spike
[THRESHOLD DEBUG] acc=-11.25 > threshold=1 => NO: no spike
[THRESHOLD DEBUG] acc=-18.75 > threshold=1 => NO: no spike
[THRESHOLD DEBUG] acc=-11.25 > threshold=1 => NO: no spike
WARNING: Hls::stream 'input' is read while empty, which may result in RTL simulation hanging.
[DEBUG] Tile = 0, Mask = 0b10100000
  [PE 0] Weight = 0 Accumulator before = -9.84375
  [PE 0] Accumulator after  = -9.84375
  [PE 1] Weight = 0 Accumulator before = -22.4844
  [PE 1] Accumulator after  = -22.4844
  [PE 2] Weight = -2 Accumulator before = -9.84375
  [PE 2] Accumulator after  = -11.8438
  [PE 3] Weight = -2 Accumulator before = -20.4062
  [PE 3] Accumulator after  = -22.4062
  [PE 4] Weight = 0 Accumulator before = -9.84375
  [PE 4] Accumulator after  = -9.84375
WARNING: Hls::stream 'input' is read while empty, which may result in RTL simulation hanging.
[DEBUG] Tile = 1, Mask = 0b10100000
  [PE 0] Weight = -2 Accumulator before = -9.84375
  [PE 0] Accumulator after  = -11.8438
  [PE 1] Weight = -2 Accumulator before = -22.4844
  [PE 1] Accumulator after  = -24.4844
  [PE 2] Weight = 0 Accumulator before = -11.8438
  [PE 2] Accumulator after  = -11.8438
  [PE 3] Weight = -2 Accumulator before = -22.4062
  [PE 3] Accumulator after  = -24.4062
  [PE 4] Weight = -2 Accumulator before = -9.84375
  [PE 4] Accumulator after  = -11.8438
WARNING: Hls::stream 'input' is read while empty, which may result in RTL simulation hanging.
[DEBUG] Tile = 2, Mask = 0b10100000
  [PE 0] Weight = 0 Accumulator before = -11.8438
  [PE 0] Accumulator after  = -11.8438
  [PE 1] Weight = -2 Accumulator before = -24.4844
  [PE 1] Accumulator after  = -26.4844
  [PE 2] Weight = -2 Accumulator before = -11.8438
  [PE 2] Accumulator after  = -13.8438
  [PE 3] Weight = -2 Accumulator before = -24.4062
  [PE 3] Accumulator after  = -26.4062
  [PE 4] Weight = -2 Accumulator before = -11.8438
  [PE 4] Accumulator after  = -13.8438
WARNING: Hls::stream 'input' is read while empty, which may result in RTL simulation hanging.
[DEBUG] Tile = 3, Mask = 0b10100000
  [PE 0] Weight = -2 Accumulator before = -11.8438
  [PE 0] Accumulator after  = -13.8438
  [PE 1] Weight = 0 Accumulator before = -26.4844
  [PE 1] Accumulator after  = -26.4844
  [PE 2] Weight = 0 Accumulator before = -13.8438
  [PE 2] Accumulator after  = -13.8438
  [PE 3] Weight = 0 Accumulator before = -26.4062
  [PE 3] Accumulator after  = -26.4062
  [PE 4] Weight = 0 Accumulator before = -13.8438
  [PE 4] Accumulator after  = -13.8438
WARNING: Hls::stream 'input' is read while empty, which may result in RTL simulation hanging.
[DEBUG] Tile = 4, Mask = 0b10100000
  [PE 0] Weight = 0 Accumulator before = -13.8438
  [PE 0] Accumulator after  = -13.8438
  [PE 1] Weight = 0 Accumulator before = -26.4844
  [PE 1] Accumulator after  = -26.4844
  [PE 2] Weight = 0 Accumulator before = -13.8438
  [PE 2] Accumulator after  = -13.8438
  [PE 3] Weight = -2 Accumulator before = -26.4062
  [PE 3] Accumulator after  = -28.4062
  [PE 4] Weight = -2 Accumulator before = -13.8438
  [PE 4] Accumulator after  = -15.8438
WARNING: Hls::stream 'input' is read while empty, which may result in RTL simulation hanging.
[DEBUG] Tile = 5, Mask = 0b10100000
  [PE 0] Weight = 0 Accumulator before = -13.8438
  [PE 0] Accumulator after  = -13.8438
  [PE 1] Weight = 0 Accumulator before = -26.4844
  [PE 1] Accumulator after  = -26.4844
  [PE 2] Weight = -2 Accumulator before = -13.8438
  [PE 2] Accumulator after  = -15.8438
  [PE 3] Weight = -2 Accumulator before = -28.4062
  [PE 3] Accumulator after  = -30.4062
  [PE 4] Weight = 0 Accumulator before = -15.8438
  [PE 4] Accumulator after  = -15.8438
WARNING: Hls::stream 'input' is read while empty, which may result in RTL simulation hanging.
[DEBUG] Tile = 6, Mask = 0b10100000
  [PE 0] Weight = -2 Accumulator before = -13.8438
  [PE 0] Accumulator after  = -15.8438
  [PE 1] Weight = -2 Accumulator before = -26.4844
  [PE 1] Accumulator after  = -28.4844
  [PE 2] Weight = 0 Accumulator before = -15.8438
  [PE 2] Accumulator after  = -15.8438
  [PE 3] Weight = 0 Accumulator before = -30.4062
  [PE 3] Accumulator after  = -30.4062
  [PE 4] Weight = 0 Accumulator before = -15.8438
  [PE 4] Accumulator after  = -15.8438
WARNING: Hls::stream 'input' is read while empty, which may result in RTL simulation hanging.
[DEBUG] Tile = 7, Mask = 0b10100000
  [PE 0] Weight = 0 Accumulator before = -15.8438
  [PE 0] Accumulator after  = -15.8438
  [PE 1] Weight = -2 Accumulator before = -28.4844
  [PE 1] Accumulator after  = -30.4844
  [PE 2] Weight = 0 Accumulator before = -15.8438
  [PE 2] Accumulator after  = -15.8438
  [PE 3] Weight = 0 Accumulator before = -30.4062
  [PE 3] Accumulator after  = -30.4062
  [PE 4] Weight = 0 Accumulator before = -15.8438
  [PE 4] Accumulator after  = -15.8438
[THRESHOLD DEBUG] acc=-15.8438 > threshold=1 => NO: no spike
[THRESHOLD DEBUG] acc=-30.4844 > threshold=1 => NO: no spike
[THRESHOLD DEBUG] acc=-15.8438 > threshold=1 => NO: no spike
[THRESHOLD DEBUG] acc=-30.4062 > threshold=1 => NO: no spike
[THRESHOLD DEBUG] acc=-15.8438 > threshold=1 => NO: no spike
WARNING: Hls::stream 'input' is read while empty, which may result in RTL simulation hanging.
[DEBUG] Tile = 0, Mask = 0b10100000
  [PE 0] Weight = 0 Accumulator before = -13.8633
  [PE 0] Accumulator after  = -13.8633
  [PE 1] Weight = 0 Accumulator before = -30.6738
  [PE 1] Accumulator after  = -30.6738
  [PE 2] Weight = -2 Accumulator before = -13.8633
  [PE 2] Accumulator after  = -15.8633
  [PE 3] Weight = -2 Accumulator before = -30.6055
  [PE 3] Accumulator after  = 31.3945
  [PE 4] Weight = 0 Accumulator before = -13.8633
  [PE 4] Accumulator after  = -13.8633
WARNING: Hls::stream 'input' is read while empty, which may result in RTL simulation hanging.
[DEBUG] Tile = 1, Mask = 0b10100000
  [PE 0] Weight = -2 Accumulator before = -13.8633
  [PE 0] Accumulator after  = -15.8633
  [PE 1] Weight = -2 Accumulator before = -30.6738
  [PE 1] Accumulator after  = 31.3262
  [PE 2] Weight = 0 Accumulator before = -15.8633
  [PE 2] Accumulator after  = -15.8633
  [PE 3] Weight = -2 Accumulator before = 31.3945
  [PE 3] Accumulator after  = 29.3945
  [PE 4] Weight = -2 Accumulator before = -13.8633
  [PE 4] Accumulator after  = -15.8633
WARNING: Hls::stream 'input' is read while empty, which may result in RTL simulation hanging.
[DEBUG] Tile = 2, Mask = 0b10100000
  [PE 0] Weight = 0 Accumulator before = -15.8633
  [PE 0] Accumulator after  = -15.8633
  [PE 1] Weight = -2 Accumulator before = 31.3262
  [PE 1] Accumulator after  = 29.3262
  [PE 2] Weight = -2 Accumulator before = -15.8633
  [PE 2] Accumulator after  = -17.8633
  [PE 3] Weight = -2 Accumulator before = 29.3945
  [PE 3] Accumulator after  = 27.3945
  [PE 4] Weight = -2 Accumulator before = -15.8633
  [PE 4] Accumulator after  = -17.8633
WARNING: Hls::stream 'input' is read while empty, which may result in RTL simulation hanging.
[DEBUG] Tile = 3, Mask = 0b10100000
  [PE 0] Weight = -2 Accumulator before = -15.8633
  [PE 0] Accumulator after  = -17.8633
  [PE 1] Weight = 0 Accumulator before = 29.3262
  [PE 1] Accumulator after  = 29.3262
  [PE 2] Weight = 0 Accumulator before = -17.8633
  [PE 2] Accumulator after  = -17.8633
  [PE 3] Weight = 0 Accumulator before = 27.3945
  [PE 3] Accumulator after  = 27.3945
  [PE 4] Weight = 0 Accumulator before = -17.8633
  [PE 4] Accumulator after  = -17.8633
WARNING: Hls::stream 'input' is read while empty, which may result in RTL simulation hanging.
[DEBUG] Tile = 4, Mask = 0b10100000
  [PE 0] Weight = 0 Accumulator before = -17.8633
  [PE 0] Accumulator after  = -17.8633
  [PE 1] Weight = 0 Accumulator before = 29.3262
  [PE 1] Accumulator after  = 29.3262
  [PE 2] Weight = 0 Accumulator before = -17.8633
  [PE 2] Accumulator after  = -17.8633
  [PE 3] Weight = -2 Accumulator before = 27.3945
  [PE 3] Accumulator after  = 25.3945
  [PE 4] Weight = -2 Accumulator before = -17.8633
  [PE 4] Accumulator after  = -19.8633
WARNING: Hls::stream 'input' is read while empty, which may result in RTL simulation hanging.
[DEBUG] Tile = 5, Mask = 0b10100000
  [PE 0] Weight = 0 Accumulator before = -17.8633
  [PE 0] Accumulator after  = -17.8633
  [PE 1] Weight = 0 Accumulator before = 29.3262
  [PE 1] Accumulator after  = 29.3262
  [PE 2] Weight = -2 Accumulator before = -17.8633
  [PE 2] Accumulator after  = -19.8633
  [PE 3] Weight = -2 Accumulator before = 25.3945
  [PE 3] Accumulator after  = 23.3945
  [PE 4] Weight = 0 Accumulator before = -19.8633
  [PE 4] Accumulator after  = -19.8633
WARNING: Hls::stream 'input' is read while empty, which may result in RTL simulation hanging.
[DEBUG] Tile = 6, Mask = 0b10100000
  [PE 0] Weight = -2 Accumulator before = -17.8633
  [PE 0] Accumulator after  = -19.8633
  [PE 1] Weight = -2 Accumulator before = 29.3262
  [PE 1] Accumulator after  = 27.3262
  [PE 2] Weight = 0 Accumulator before = -19.8633
  [PE 2] Accumulator after  = -19.8633
  [PE 3] Weight = 0 Accumulator before = 23.3945
  [PE 3] Accumulator after  = 23.3945
  [PE 4] Weight = 0 Accumulator before = -19.8633
  [PE 4] Accumulator after  = -19.8633
WARNING: Hls::stream 'input' is read while empty, which may result in RTL simulation hanging.
[DEBUG] Tile = 7, Mask = 0b10100000
  [PE 0] Weight = 0 Accumulator before = -19.8633
  [PE 0] Accumulator after  = -19.8633
  [PE 1] Weight = -2 Accumulator before = 27.3262
  [PE 1] Accumulator after  = 25.3262
  [PE 2] Weight = 0 Accumulator before = -19.8633
  [PE 2] Accumulator after  = -19.8633
  [PE 3] Weight = 0 Accumulator before = 23.3945
  [PE 3] Accumulator after  = 23.3945
  [PE 4] Weight = 0 Accumulator before = -19.8633
  [PE 4] Accumulator after  = -19.8633
[THRESHOLD DEBUG] acc=-19.8633 > threshold=1 => NO: no spike
[THRESHOLD DEBUG] acc=25.3262 > threshold=1 => YES: SPIKE
[THRESHOLD DEBUG] acc=-19.8633 > threshold=1 => NO: no spike
[THRESHOLD DEBUG] acc=23.3945 > threshold=1 => YES: SPIKE
[THRESHOLD DEBUG] acc=-19.8633 > threshold=1 => NO: no spike
WARNING: Hls::stream 'input' is read while empty, which may result in RTL simulation hanging.
[DEBUG] Tile = 0, Mask = 0b10100000
  [PE 0] Weight = 0 Accumulator before = -21.3799
  [PE 0] Accumulator after  = -21.3799
  [PE 1] Weight = 0 Accumulator before = 0
  [PE 1] Accumulator after  = 0
  [PE 2] Weight = -2 Accumulator before = -21.3799
  [PE 2] Accumulator after  = -23.3799
  [PE 3] Weight = -2 Accumulator before = 0
  [PE 3] Accumulator after  = -2
  [PE 4] Weight = 0 Accumulator before = -21.3799
  [PE 4] Accumulator after  = -21.3799
WARNING: Hls::stream 'input' is read while empty, which may result in RTL simulation hanging.
[DEBUG] Tile = 1, Mask = 0b10100000
  [PE 0] Weight = -2 Accumulator before = -21.3799
  [PE 0] Accumulator after  = -23.3799
  [PE 1] Weight = -2 Accumulator before = 0
  [PE 1] Accumulator after  = -2
  [PE 2] Weight = 0 Accumulator before = -23.3799
  [PE 2] Accumulator after  = -23.3799
  [PE 3] Weight = -2 Accumulator before = -2
  [PE 3] Accumulator after  = -4
  [PE 4] Weight = -2 Accumulator before = -21.3799
  [PE 4] Accumulator after  = -23.3799
WARNING: Hls::stream 'input' is read while empty, which may result in RTL simulation hanging.
[DEBUG] Tile = 2, Mask = 0b10100000
  [PE 0] Weight = 0 Accumulator before = -23.3799
  [PE 0] Accumulator after  = -23.3799
  [PE 1] Weight = -2 Accumulator before = -2
  [PE 1] Accumulator after  = -4
  [PE 2] Weight = -2 Accumulator before = -23.3799
  [PE 2] Accumulator after  = -25.3799
  [PE 3] Weight = -2 Accumulator before = -4
  [PE 3] Accumulator after  = -6
  [PE 4] Weight = -2 Accumulator before = -23.3799
  [PE 4] Accumulator after  = -25.3799
WARNING: Hls::stream 'input' is read while empty, which may result in RTL simulation hanging.
[DEBUG] Tile = 3, Mask = 0b10100000
  [PE 0] Weight = -2 Accumulator before = -23.3799
  [PE 0] Accumulator after  = -25.3799
  [PE 1] Weight = 0 Accumulator before = -4
  [PE 1] Accumulator after  = -4
  [PE 2] Weight = 0 Accumulator before = -25.3799
  [PE 2] Accumulator after  = -25.3799
  [PE 3] Weight = 0 Accumulator before = -6
  [PE 3] Accumulator after  = -6
  [PE 4] Weight = 0 Accumulator before = -25.3799
  [PE 4] Accumulator after  = -25.3799
WARNING: Hls::stream 'input' is read while empty, which may result in RTL simulation hanging.
[DEBUG] Tile = 4, Mask = 0b10100000
  [PE 0] Weight = 0 Accumulator before = -25.3799
  [PE 0] Accumulator after  = -25.3799
  [PE 1] Weight = 0 Accumulator before = -4
  [PE 1] Accumulator after  = -4
  [PE 2] Weight = 0 Accumulator before = -25.3799
  [PE 2] Accumulator after  = -25.3799
  [PE 3] Weight = -2 Accumulator before = -6
  [PE 3] Accumulator after  = -8
  [PE 4] Weight = -2 Accumulator before = -25.3799
  [PE 4] Accumulator after  = -27.3799
WARNING: Hls::stream 'input' is read while empty, which may result in RTL simulation hanging.
[DEBUG] Tile = 5, Mask = 0b10100000
  [PE 0] Weight = 0 Accumulator before = -25.3799
  [PE 0] Accumulator after  = -25.3799
  [PE 1] Weight = 0 Accumulator before = -4
  [PE 1] Accumulator after  = -4
  [PE 2] Weight = -2 Accumulator before = -25.3799
  [PE 2] Accumulator after  = -27.3799
  [PE 3] Weight = -2 Accumulator before = -8
  [PE 3] Accumulator after  = -10
  [PE 4] Weight = 0 Accumulator before = -27.3799
  [PE 4] Accumulator after  = -27.3799
WARNING: Hls::stream 'input' is read while empty, which may result in RTL simulation hanging.
[DEBUG] Tile = 6, Mask = 0b10100000
  [PE 0] Weight = -2 Accumulator before = -25.3799
  [PE 0] Accumulator after  = -27.3799
  [PE 1] Weight = -2 Accumulator before = -4
  [PE 1] Accumulator after  = -6
  [PE 2] Weight = 0 Accumulator before = -27.3799
  [PE 2] Accumulator after  = -27.3799
  [PE 3] Weight = 0 Accumulator before = -10
  [PE 3] Accumulator after  = -10
  [PE 4] Weight = 0 Accumulator before = -27.3799
  [PE 4] Accumulator after  = -27.3799
WARNING: Hls::stream 'input' is read while empty, which may result in RTL simulation hanging.
[DEBUG] Tile = 7, Mask = 0b10100000
  [PE 0] Weight = 0 Accumulator before = -27.3799
  [PE 0] Accumulator after  = -27.3799
  [PE 1] Weight = -2 Accumulator before = -6
  [PE 1] Accumulator after  = -8
  [PE 2] Weight = 0 Accumulator before = -27.3799
  [PE 2] Accumulator after  = -27.3799
  [PE 3] Weight = 0 Accumulator before = -10
  [PE 3] Accumulator after  = -10
  [PE 4] Weight = 0 Accumulator before = -27.3799
  [PE 4] Accumulator after  = -27.3799
[THRESHOLD DEBUG] acc=-27.3799 > threshold=1 => NO: no spike
[THRESHOLD DEBUG] acc=-8 > threshold=1 => NO: no spike
[THRESHOLD DEBUG] acc=-27.3799 > threshold=1 => NO: no spike
[THRESHOLD DEBUG] acc=-10 > threshold=1 => NO: no spike
[THRESHOLD DEBUG] acc=-27.3799 > threshold=1 => NO: no spike

Run complete. Output stream size: 20
WARNING: Hls::stream 'output' contains leftover data, which may result in RTL simulation hanging.
INFO: [SIM 1] CSim done with 0 errors.
INFO: [SIM 3] *************** CSIM finish ***************
