==============================================================
Vitis HLS - High-Level Synthesis from C, C++ and OpenCL v2023.1 (64-bit)
Tool Version Limit: 2023.05
Copyright 1986-2022 Xilinx, Inc. All Rights Reserved.
Copyright 2022-2023 Advanced Micro Devices, Inc. All Rights Reserved.

==============================================================
INFO: [HLS 200-1505] Using default flow_target 'vivado'
INFO: [HLS 200-1510] Running: set_part xcvu9p-flga2577-2-e 
INFO: [HLS 200-1611] Setting target device to 'xcvu9p-flga2577-2-e'
INFO: [HLS 200-1510] Running: create_clock -period 10 -name default 
INFO: [SYN 201-201] Setting up clock 'default' with a period of 10ns.
INFO: [HLS 200-1510] Running: csim_design -clean -O 
INFO: [SIM 211-2] *************** CSIM start ***************
INFO: [SIM 211-4] CSIM will launch GCC as the compiler.
INFO: [HLS 200-2036] Building optimized C Simulation binaries
ERROR: [SIM 211-100] CSim failed with errors.
INFO: [SIM 211-3] *************** CSIM finish ***************
INFO: [HLS 200-111] Finished Command csim_design CPU user time: 2.07 seconds. CPU system time: 1.1 seconds. Elapsed time: 4.44 seconds; current allocated memory: 4.000 MB.
==============================================================
Vitis HLS - High-Level Synthesis from C, C++ and OpenCL v2023.1 (64-bit)
Tool Version Limit: 2023.05
Copyright 1986-2022 Xilinx, Inc. All Rights Reserved.
Copyright 2022-2023 Advanced Micro Devices, Inc. All Rights Reserved.

==============================================================
INFO: [SYN 201-201] Setting up clock 'default' with a period of 10ns.
INFO: [HLS 200-1611] Setting target device to 'xcvu9p-flga2577-2-e'
INFO: [HLS 200-1505] Using flow_target 'vivado'
INFO: [HLS 200-1510] Running: set_part xcvu9p-flga2577-2-e 
INFO: [HLS 200-1510] Running: create_clock -period 10 -name default 
INFO: [HLS 200-1510] Running: csim_design -clean -O 
INFO: [SIM 211-2] *************** CSIM start ***************
INFO: [SIM 211-4] CSIM will launch GCC as the compiler.
INFO: [HLS 200-2036] Building optimized C Simulation binaries
INFO: [SIM 211-1] CSim done with 0 errors.
INFO: [SIM 211-3] *************** CSIM finish ***************
INFO: [HLS 200-111] Finished Command csim_design CPU user time: 1.99 seconds. CPU system time: 1.18 seconds. Elapsed time: 3.57 seconds; current allocated memory: 2.250 MB.
INFO: [HLS 200-1510] Running: csynth_design 
INFO: [HLS 200-111] Finished File checks and directory preparation: CPU user time: 0.04 seconds. CPU system time: 0.01 seconds. Elapsed time: 0.05 seconds; current allocated memory: 1.479 GB.
INFO: [HLS 200-10] Analyzing design file '/home/coder/Desktop/s2n2/convSNN/conv2x2_top.cpp' ... 
WARNING: [HLS 207-5531] 'Resource pragma' is deprecated, use 'bind_op/bind_storage pragma' instead (/home/coder/Desktop/s2n2/finn-hlslib-lif/slidingwindow.h:75:9)
WARNING: [HLS 207-5531] 'Resource pragma' is deprecated, use 'bind_op/bind_storage pragma' instead (/home/coder/Desktop/s2n2/finn-hlslib-lif/slidingwindow.h:97:9)
WARNING: [HLS 207-5531] 'Resource pragma' is deprecated, use 'bind_op/bind_storage pragma' instead (/home/coder/Desktop/s2n2/finn-hlslib-lif/slidingwindow.h:119:9)
WARNING: [HLS 207-5531] 'Resource pragma' is deprecated, use 'bind_op/bind_storage pragma' instead (/home/coder/Desktop/s2n2/finn-hlslib-lif/slidingwindow.h:141:9)
WARNING: [HLS 207-5531] 'Resource pragma' is deprecated, use 'bind_op/bind_storage pragma' instead (/home/coder/Desktop/s2n2/finn-hlslib-lif/maxpool.h:296:9)
WARNING: [HLS 207-5531] 'Resource pragma' is deprecated, use 'bind_op/bind_storage pragma' instead (/home/coder/Desktop/s2n2/finn-hlslib-lif/mac.hpp:116:9)
WARNING: [HLS 207-5531] 'Resource pragma' is deprecated, use 'bind_op/bind_storage pragma' instead (/home/coder/Desktop/s2n2/finn-hlslib-lif/mac.hpp:142:9)
WARNING: [HLS 207-5292] unused parameter 'reps' (/home/coder/Desktop/s2n2/finn-hlslib-lif/streamtools.h:837:77)
WARNING: [HLS 207-5292] unused parameter 'reps' (/home/coder/Desktop/s2n2/finn-hlslib-lif/streamtools.h:869:78)
WARNING: [HLS 207-5292] unused parameter 'mmv' (/home/coder/Desktop/s2n2/finn-hlslib-lif/interpret.hpp:149:53)
WARNING: [HLS 207-5292] unused parameter 'mmv' (/home/coder/Desktop/s2n2/finn-hlslib-lif/interpret.hpp:166:58)
WARNING: [HLS 207-5292] unused parameter 'mmv' (/home/coder/Desktop/s2n2/finn-hlslib-lif/interpret.hpp:209:56)
WARNING: [HLS 207-5292] unused parameter 'flag' (/home/coder/Desktop/s2n2/finn-hlslib-lif/interpret.hpp:209:72)
WARNING: [HLS 207-5292] unused parameter 'mmv' (/home/coder/Desktop/s2n2/finn-hlslib-lif/interpret.hpp:213:53)
WARNING: [HLS 207-5292] unused parameter 'mmv' (/home/coder/Desktop/s2n2/finn-hlslib-lif/interpret.hpp:218:30)
WARNING: [HLS 207-5292] unused parameter 'mmv' (/home/coder/Desktop/s2n2/finn-hlslib-lif/interpret.hpp:240:53)
WARNING: [HLS 207-5292] unused parameter 'mmv' (/home/coder/Desktop/s2n2/finn-hlslib-lif/interpret.hpp:262:39)
WARNING: [HLS 207-5292] unused parameter 'flag' (/home/coder/Desktop/s2n2/finn-hlslib-lif/interpret.hpp:273:72)
WARNING: [HLS 207-5292] unused parameter 'mmv' (/home/coder/Desktop/s2n2/finn-hlslib-lif/interpret.hpp:300:52)
WARNING: [HLS 207-5292] unused parameter 'r' (/home/coder/Desktop/s2n2/finn-hlslib-lif/mvau.hpp:33:14)
WARNING: [HLS 207-5547] Invalid variable in '#pragma HLS reset': expect variable to be static or global (/home/coder/Desktop/s2n2/finn-hlslib-lif/slidingwindow.h:195:28)
INFO: [HLS 200-111] Finished Source Code Analysis and Preprocessing: CPU user time: 4.33 seconds. CPU system time: 1.43 seconds. Elapsed time: 9.54 seconds; current allocated memory: 1.482 GB.
INFO: [HLS 200-777] Using interface defaults for 'Vivado' flow target.
INFO: [HLS 200-1995] There were 2,334 instructions in the design after the 'Compile/Link' phase of compilation. See the Design Size Report for more details: /home/coder/Desktop/s2n2/convSNN/convSNN_hls/conv2x2_prj/xcvu9p-flga2577-2-e/syn/report/csynth_design_size.rpt
INFO: [HLS 200-1995] There were 413 instructions in the design after the 'Unroll/Inline' phase of compilation. See the Design Size Report for more details: /home/coder/Desktop/s2n2/convSNN/convSNN_hls/conv2x2_prj/xcvu9p-flga2577-2-e/syn/report/csynth_design_size.rpt
INFO: [HLS 200-1995] There were 173 instructions in the design after the 'Performance/Pipeline' phase of compilation. See the Design Size Report for more details: /home/coder/Desktop/s2n2/convSNN/convSNN_hls/conv2x2_prj/xcvu9p-flga2577-2-e/syn/report/csynth_design_size.rpt
INFO: [HLS 200-1995] There were 208 instructions in the design after the 'Optimizations' phase of compilation. See the Design Size Report for more details: /home/coder/Desktop/s2n2/convSNN/convSNN_hls/conv2x2_prj/xcvu9p-flga2577-2-e/syn/report/csynth_design_size.rpt
INFO: [HLS 214-131] Inlining function 'void memory_resource<ap_uint<1> (*) [2]>(ap_uint<1> (*) [2], ap_resource_dflt const&)' into 'void ConvolutionInputGenerator<1u, 1u, 1u, 2u, 2u, 1u, 1u, ap_resource_dflt>(hls::stream<ap_uint<(1u) * (1u)>, 0>&, hls::stream<ap_uint<(1u) * (1u)>, 0>&, unsigned int, ap_resource_dflt const&)' (/home/coder/Desktop/s2n2/finn-hlslib-lif/slidingwindow.h:183:2)
INFO: [HLS 214-131] Inlining function 'FixedPointWeightsSp<1u, ap_int<8>, 1u, 1u>::TileIndex::TileIndex(FixedPointWeightsSp<1u, ap_int<8>, 1u, 1u> const&, unsigned int, ap_uint<1>)' into 'FixedPointWeightsSp<1u, ap_int<8>, 1u, 1u>::weights(unsigned int, ap_uint<1>) const' (/home/coder/Desktop/s2n2/finn-hlslib-lif/weights.hpp:216:9)
INFO: [HLS 214-131] Inlining function 'Slice<ap_uint<1>, 1u>::Container<ap_uint<1> >::operator ap_uint<1> const&() const' into 'void Matrix_Vector_Activate_Batch<1u, 1u, 1u, 1u, 1u, 1u, Identity, Slice<ap_uint<1>, 1u>, Identity, ap_fixed<16, 8, (ap_q_mode)5, (ap_o_mode)3, 0>, 16u, 8u, 2u, ap_uint<1>, ap_uint<1>, FixedPointWeightsSp<1u, ap_int<8>, 1u, 1u>, DummyActivation, ap_resource_dflt>(hls::stream<ap_uint<1>, 0>&, hls::stream<ap_uint<1>, 0>&, FixedPointWeightsSp<1u, ap_int<8>, 1u, 1u> const&, DummyActivation const&, ap_fixed<16, 8, (ap_q_mode)5, (ap_o_mode)3, 0>, int, ap_resource_dflt const&)' (/home/coder/Desktop/s2n2/finn-hlslib-lif/mvau.hpp:122:17)
INFO: [HLS 214-131] Inlining function 'Slice<ap_uint<1>, 1u>::Container<ap_uint<1> >::operator[](unsigned int) const' into 'void Matrix_Vector_Activate_Batch<1u, 1u, 1u, 1u, 1u, 1u, Identity, Slice<ap_uint<1>, 1u>, Identity, ap_fixed<16, 8, (ap_q_mode)5, (ap_o_mode)3, 0>, 16u, 8u, 2u, ap_uint<1>, ap_uint<1>, FixedPointWeightsSp<1u, ap_int<8>, 1u, 1u>, DummyActivation, ap_resource_dflt>(hls::stream<ap_uint<1>, 0>&, hls::stream<ap_uint<1>, 0>&, FixedPointWeightsSp<1u, ap_int<8>, 1u, 1u> const&, DummyActivation const&, ap_fixed<16, 8, (ap_q_mode)5, (ap_o_mode)3, 0>, int, ap_resource_dflt const&)' (/home/coder/Desktop/s2n2/finn-hlslib-lif/mvau.hpp:116:9)
INFO: [HLS 214-131] Inlining function 'DummyActivation::operator()(ap_fixed<16, 8, (ap_q_mode)5, (ap_o_mode)3, 0> const&) const' into 'void Matrix_Vector_Activate_Batch<1u, 1u, 1u, 1u, 1u, 1u, Identity, Slice<ap_uint<1>, 1u>, Identity, ap_fixed<16, 8, (ap_q_mode)5, (ap_o_mode)3, 0>, 16u, 8u, 2u, ap_uint<1>, ap_uint<1>, FixedPointWeightsSp<1u, ap_int<8>, 1u, 1u>, DummyActivation, ap_resource_dflt>(hls::stream<ap_uint<1>, 0>&, hls::stream<ap_uint<1>, 0>&, FixedPointWeightsSp<1u, ap_int<8>, 1u, 1u> const&, DummyActivation const&, ap_fixed<16, 8, (ap_q_mode)5, (ap_o_mode)3, 0>, int, ap_resource_dflt const&)' (/home/coder/Desktop/s2n2/finn-hlslib-lif/mvau.hpp:115:15)
INFO: [HLS 214-131] Inlining function 'FixedPointWeightsSp<1u, ap_int<8>, 1u, 1u>::TileIndex::operator[](unsigned int) const' into 'void Matrix_Vector_Activate_Batch<1u, 1u, 1u, 1u, 1u, 1u, Identity, Slice<ap_uint<1>, 1u>, Identity, ap_fixed<16, 8, (ap_q_mode)5, (ap_o_mode)3, 0>, 16u, 8u, 2u, ap_uint<1>, ap_uint<1>, FixedPointWeightsSp<1u, ap_int<8>, 1u, 1u>, DummyActivation, ap_resource_dflt>(hls::stream<ap_uint<1>, 0>&, hls::stream<ap_uint<1>, 0>&, FixedPointWeightsSp<1u, ap_int<8>, 1u, 1u> const&, DummyActivation const&, ap_fixed<16, 8, (ap_q_mode)5, (ap_o_mode)3, 0>, int, ap_resource_dflt const&)' (/home/coder/Desktop/s2n2/finn-hlslib-lif/mvau.hpp:104:14)
INFO: [HLS 214-131] Inlining function 'FixedPointWeightsSp<1u, ap_int<8>, 1u, 1u>::weights(unsigned int, ap_uint<1>) const' into 'void Matrix_Vector_Activate_Batch<1u, 1u, 1u, 1u, 1u, 1u, Identity, Slice<ap_uint<1>, 1u>, Identity, ap_fixed<16, 8, (ap_q_mode)5, (ap_o_mode)3, 0>, 16u, 8u, 2u, ap_uint<1>, ap_uint<1>, FixedPointWeightsSp<1u, ap_int<8>, 1u, 1u>, DummyActivation, ap_resource_dflt>(hls::stream<ap_uint<1>, 0>&, hls::stream<ap_uint<1>, 0>&, FixedPointWeightsSp<1u, ap_int<8>, 1u, 1u> const&, DummyActivation const&, ap_fixed<16, 8, (ap_q_mode)5, (ap_o_mode)3, 0>, int, ap_resource_dflt const&)' (/home/coder/Desktop/s2n2/finn-hlslib-lif/mvau.hpp:100:29)
INFO: [HLS 214-131] Inlining function 'void ConvLayer_Batch<1u, 1u, 2u, 1u, 2u, 1u, 1u, 1u, Identity, Slice<ap_uint<1>, 1u>, Identity, ap_fixed<16, 8, (ap_q_mode)5, (ap_o_mode)3, 0>, 16u, 8u, 1, 1, FixedPointWeightsSp<1u, ap_int<8>, 1u, 1u>, DummyActivation, ap_resource_dflt>(hls::stream<ap_uint<1>, 0>&, hls::stream<ap_uint<1>, 0>&, FixedPointWeightsSp<1u, ap_int<8>, 1u, 1u> const&, DummyActivation const&, unsigned int, ap_fixed<16, 8, (ap_q_mode)5, (ap_o_mode)3, 0>, ap_resource_dflt const&)' into 'conv2x2_top(ap_uint<1> const*, ap_uint<1>*)' (/home/coder/Desktop/s2n2/convSNN/conv2x2_top.cpp:55:3)
WARNING: [HLS 214-199] Ignoring dependence pragma on local scalar variable 'current_block_write'. (/home/coder/Desktop/s2n2/finn-hlslib-lif/slidingwindow.h:260:9)
INFO: [HLS 214-291] Loop 'VITIS_LOOP_90_4' is marked as complete unroll implied by the pipeline pragma (/home/coder/Desktop/s2n2/finn-hlslib-lif/mvau.hpp:90:24)
INFO: [HLS 214-291] Loop 'VITIS_LOOP_102_5' is marked as complete unroll implied by the pipeline pragma (/home/coder/Desktop/s2n2/finn-hlslib-lif/mvau.hpp:102:23)
INFO: [HLS 214-291] Loop 'VITIS_LOOP_200_1' is marked as complete unroll implied by the pipeline pragma (/home/coder/Desktop/s2n2/finn-hlslib-lif/weights.hpp:200:25)
INFO: [HLS 214-291] Loop 'VITIS_LOOP_113_6' is marked as complete unroll implied by the pipeline pragma (/home/coder/Desktop/s2n2/finn-hlslib-lif/mvau.hpp:113:25)
INFO: [HLS 214-186] Unrolling loop 'VITIS_LOOP_90_4' (/home/coder/Desktop/s2n2/finn-hlslib-lif/mvau.hpp:90:24) in function 'Matrix_Vector_Activate_Batch<1u, 1u, 1u, 1u, 1u, 1u, Identity, Slice<ap_uint<1>, 1u>, Identity, ap_fixed<16, 8, (ap_q_mode)5, (ap_o_mode)3, 0>, 16u, 8u, 2u, ap_uint<1>, ap_uint<1>, FixedPointWeightsSp<1u, ap_int<8>, 1u, 1u>, DummyActivation, ap_resource_dflt>' completely with a factor of 1 (/home/coder/Desktop/s2n2/finn-hlslib-lif/mvau.hpp:33:0)
INFO: [HLS 214-186] Unrolling loop 'VITIS_LOOP_102_5' (/home/coder/Desktop/s2n2/finn-hlslib-lif/mvau.hpp:102:23) in function 'Matrix_Vector_Activate_Batch<1u, 1u, 1u, 1u, 1u, 1u, Identity, Slice<ap_uint<1>, 1u>, Identity, ap_fixed<16, 8, (ap_q_mode)5, (ap_o_mode)3, 0>, 16u, 8u, 2u, ap_uint<1>, ap_uint<1>, FixedPointWeightsSp<1u, ap_int<8>, 1u, 1u>, DummyActivation, ap_resource_dflt>' completely with a factor of 1 (/home/coder/Desktop/s2n2/finn-hlslib-lif/mvau.hpp:33:0)
INFO: [HLS 214-186] Unrolling loop 'VITIS_LOOP_200_1' (/home/coder/Desktop/s2n2/finn-hlslib-lif/weights.hpp:200:25) in function 'Matrix_Vector_Activate_Batch<1u, 1u, 1u, 1u, 1u, 1u, Identity, Slice<ap_uint<1>, 1u>, Identity, ap_fixed<16, 8, (ap_q_mode)5, (ap_o_mode)3, 0>, 16u, 8u, 2u, ap_uint<1>, ap_uint<1>, FixedPointWeightsSp<1u, ap_int<8>, 1u, 1u>, DummyActivation, ap_resource_dflt>' completely with a factor of 1 (/home/coder/Desktop/s2n2/finn-hlslib-lif/mvau.hpp:33:0)
INFO: [HLS 214-186] Unrolling loop 'VITIS_LOOP_113_6' (/home/coder/Desktop/s2n2/finn-hlslib-lif/mvau.hpp:113:25) in function 'Matrix_Vector_Activate_Batch<1u, 1u, 1u, 1u, 1u, 1u, Identity, Slice<ap_uint<1>, 1u>, Identity, ap_fixed<16, 8, (ap_q_mode)5, (ap_o_mode)3, 0>, 16u, 8u, 2u, ap_uint<1>, ap_uint<1>, FixedPointWeightsSp<1u, ap_int<8>, 1u, 1u>, DummyActivation, ap_resource_dflt>' completely with a factor of 1 (/home/coder/Desktop/s2n2/finn-hlslib-lif/mvau.hpp:33:0)
INFO: [HLS 214-178] Inlining function 'WidthAdjustedInputStream<1u, 1u, 4u>::WidthAdjustedInputStream(hls::stream<ap_uint<1>, 0>&, unsigned int)' into 'conv2x2_top(ap_uint<1> const*, ap_uint<1>*)' (/home/coder/Desktop/s2n2/convSNN/conv2x2_top.cpp:36:0)
INFO: [HLS 214-178] Inlining function 'WidthAdjustedOutputStream<1u, 1u, 4u>::WidthAdjustedOutputStream(hls::stream<ap_uint<1>, 0>&, unsigned int)' into 'conv2x2_top(ap_uint<1> const*, ap_uint<1>*)' (/home/coder/Desktop/s2n2/convSNN/conv2x2_top.cpp:36:0)
INFO: [HLS 214-178] Inlining function 'WidthAdjustedInputStream<1u, 1u, 4u>::operator hls::stream<ap_uint<1>, 0>&()' into 'conv2x2_top(ap_uint<1> const*, ap_uint<1>*)' (/home/coder/Desktop/s2n2/convSNN/conv2x2_top.cpp:36:0)
INFO: [HLS 214-178] Inlining function 'void ConvolutionInputGenerator<1u, 1u, 1u, 2u, 2u, 1u, 1u, ap_resource_dflt>(hls::stream<ap_uint<(1u) * (1u)>, 0>&, hls::stream<ap_uint<(1u) * (1u)>, 0>&, unsigned int, ap_resource_dflt const&)' into 'conv2x2_top(ap_uint<1> const*, ap_uint<1>*)' (/home/coder/Desktop/s2n2/convSNN/conv2x2_top.cpp:36:0)
INFO: [HLS 214-178] Inlining function 'WidthAdjustedOutputStream<1u, 1u, 4u>::operator hls::stream<ap_uint<1>, 0>&()' into 'conv2x2_top(ap_uint<1> const*, ap_uint<1>*)' (/home/coder/Desktop/s2n2/convSNN/conv2x2_top.cpp:36:0)
INFO: [HLS 214-178] Inlining function 'void Matrix_Vector_Activate_Batch<1u, 1u, 1u, 1u, 1u, 1u, Identity, Slice<ap_uint<1>, 1u>, Identity, ap_fixed<16, 8, (ap_q_mode)5, (ap_o_mode)3, 0>, 16u, 8u, 2u, ap_uint<1>, ap_uint<1>, FixedPointWeightsSp<1u, ap_int<8>, 1u, 1u>, DummyActivation, ap_resource_dflt>(hls::stream<ap_uint<1>, 0>&, hls::stream<ap_uint<1>, 0>&, FixedPointWeightsSp<1u, ap_int<8>, 1u, 1u> const&, DummyActivation const&, ap_fixed<16, 8, (ap_q_mode)5, (ap_o_mode)3, 0>, int, ap_resource_dflt const&)' into 'conv2x2_top(ap_uint<1> const*, ap_uint<1>*)' (/home/coder/Desktop/s2n2/convSNN/conv2x2_top.cpp:36:0)
INFO: [HLS 214-248] Applying array_partition to 'inputBuf.i': Complete partitioning on dimension 1. (/home/coder/Desktop/s2n2/finn-hlslib-lif/slidingwindow.h:180:33)
INFO: [HLS 214-248] Applying array_partition to 'in': Complete partitioning on dimension 1. (/home/coder/Desktop/s2n2/convSNN/conv2x2_top.cpp:36:0)
INFO: [HLS 214-248] Applying array_partition to 'out': Complete partitioning on dimension 1. (/home/coder/Desktop/s2n2/convSNN/conv2x2_top.cpp:36:0)
INFO: [HLS 200-111] Finished Compiling Optimization and Transform: CPU user time: 1.76 seconds. CPU system time: 1.13 seconds. Elapsed time: 10.65 seconds; current allocated memory: 1.482 GB.
INFO: [HLS 200-111] Finished Checking Pragmas: CPU user time: 0 seconds. CPU system time: 0.01 seconds. Elapsed time: 0 seconds; current allocated memory: 1.482 GB.
INFO: [HLS 200-10] Starting code transformations ...
INFO: [HLS 200-111] Finished Standard Transforms: CPU user time: 0.01 seconds. CPU system time: 0 seconds. Elapsed time: 0.09 seconds; current allocated memory: 1.484 GB.
INFO: [HLS 200-10] Checking synthesizability ...
INFO: [HLS 200-111] Finished Checking Synthesizability: CPU user time: 0.02 seconds. CPU system time: 0 seconds. Elapsed time: 0.07 seconds; current allocated memory: 1.485 GB.
INFO: [XFORM 203-401] Performing if-conversion on hyperblock from (/home/coder/Desktop/s2n2/finn-hlslib-lif/slidingwindow.h:216:66) to (/home/coder/Desktop/s2n2/finn-hlslib-lif/slidingwindow.h:245:13) in function 'conv2x2_top'... converting 3 basic blocks.
INFO: [HLS 200-111] Finished Loop, function and other optimizations: CPU user time: 0.05 seconds. CPU system time: 0.01 seconds. Elapsed time: 0.06 seconds; current allocated memory: 1.508 GB.
WARNING: [ANALYSIS 214-52] Found false intra dependency for variable 'inputBuf.1' (/home/coder/Desktop/s2n2/finn-hlslib-lif/slidingwindow.h:180).
WARNING: [ANALYSIS 214-52] Found false intra dependency for variable 'inputBuf' (/home/coder/Desktop/s2n2/finn-hlslib-lif/slidingwindow.h:180).
WARNING: [ANALYSIS 214-52] Found false inter dependency for variable 'inputBuf.1' (/home/coder/Desktop/s2n2/finn-hlslib-lif/slidingwindow.h:180).
WARNING: [ANALYSIS 214-52] Found false inter dependency for variable 'inputBuf' (/home/coder/Desktop/s2n2/finn-hlslib-lif/slidingwindow.h:180).
INFO: [HLS 200-111] Finished Architecture Synthesis: CPU user time: 0.05 seconds. CPU system time: 0.02 seconds. Elapsed time: 0.49 seconds; current allocated memory: 1.546 GB.
INFO: [HLS 200-10] Starting hardware synthesis ...
INFO: [HLS 200-10] Synthesizing 'conv2x2_top' ...
INFO: [HLS 200-10] ----------------------------------------------------------------
INFO: [HLS 200-42] -- Implementing module 'load_weights_once' 
INFO: [HLS 200-10] ----------------------------------------------------------------
INFO: [SCHED 204-11] Starting scheduling ...
INFO: [SCHED 204-11] Finished scheduling.
INFO: [HLS 200-111] Finished Scheduling: CPU user time: 0.02 seconds. CPU system time: 0.09 seconds. Elapsed time: 1.03 seconds; current allocated memory: 1.546 GB.
INFO: [BIND 205-100] Starting micro-architecture generation ...
INFO: [BIND 205-101] Performing variable lifetime analysis.
INFO: [BIND 205-101] Exploring resource sharing.
INFO: [BIND 205-101] Binding ...
INFO: [BIND 205-100] Finished micro-architecture generation.
INFO: [HLS 200-111] Finished Binding: CPU user time: 0.03 seconds. CPU system time: 0 seconds. Elapsed time: 0.4 seconds; current allocated memory: 1.546 GB.
INFO: [HLS 200-10] ----------------------------------------------------------------
INFO: [HLS 200-42] -- Implementing module 'conv2x2_top_Pipeline_VITIS_LOOP_47_1' 
INFO: [HLS 200-10] ----------------------------------------------------------------
INFO: [SCHED 204-11] Starting scheduling ...
INFO: [SCHED 204-61] Pipelining loop 'VITIS_LOOP_47_1'.
INFO: [HLS 200-1470] Pipelining result : Target II = 1, Final II = 1, Depth = 2, loop 'VITIS_LOOP_47_1'
INFO: [SCHED 204-11] Finished scheduling.
INFO: [HLS 200-111] Finished Scheduling: CPU user time: 0.03 seconds. CPU system time: 0.01 seconds. Elapsed time: 0.89 seconds; current allocated memory: 1.548 GB.
INFO: [BIND 205-100] Starting micro-architecture generation ...
INFO: [BIND 205-101] Performing variable lifetime analysis.
INFO: [BIND 205-101] Exploring resource sharing.
INFO: [BIND 205-101] Binding ...
INFO: [BIND 205-100] Finished micro-architecture generation.
INFO: [HLS 200-111] Finished Binding: CPU user time: 0.03 seconds. CPU system time: 0 seconds. Elapsed time: 0.61 seconds; current allocated memory: 1.548 GB.
INFO: [HLS 200-10] ----------------------------------------------------------------
INFO: [HLS 200-42] -- Implementing module 'conv2x2_top_Pipeline_VITIS_LOOP_197_2' 
INFO: [HLS 200-10] ----------------------------------------------------------------
INFO: [SCHED 204-11] Starting scheduling ...
INFO: [SCHED 204-61] Pipelining loop 'VITIS_LOOP_197_2'.
INFO: [HLS 200-1470] Pipelining result : Target II = 1, Final II = 1, Depth = 3, loop 'VITIS_LOOP_197_2'
INFO: [SCHED 204-11] Finished scheduling.
INFO: [HLS 200-111] Finished Scheduling: CPU user time: 0.15 seconds. CPU system time: 0.01 seconds. Elapsed time: 0.61 seconds; current allocated memory: 1.549 GB.
INFO: [BIND 205-100] Starting micro-architecture generation ...
INFO: [BIND 205-101] Performing variable lifetime analysis.
INFO: [BIND 205-101] Exploring resource sharing.
INFO: [BIND 205-101] Binding ...
INFO: [BIND 205-100] Finished micro-architecture generation.
INFO: [HLS 200-111] Finished Binding: CPU user time: 0.05 seconds. CPU system time: 0 seconds. Elapsed time: 0.59 seconds; current allocated memory: 1.549 GB.
INFO: [HLS 200-10] ----------------------------------------------------------------
INFO: [HLS 200-42] -- Implementing module 'conv2x2_top_Pipeline_VITIS_LOOP_74_3' 
INFO: [HLS 200-10] ----------------------------------------------------------------
INFO: [SCHED 204-11] Starting scheduling ...
INFO: [SCHED 204-61] Pipelining loop 'VITIS_LOOP_74_3'.
INFO: [HLS 200-1470] Pipelining result : Target II = 1, Final II = 1, Depth = 2, loop 'VITIS_LOOP_74_3'
INFO: [SCHED 204-11] Finished scheduling.
INFO: [HLS 200-111] Finished Scheduling: CPU user time: 0.05 seconds. CPU system time: 0 seconds. Elapsed time: 0.48 seconds; current allocated memory: 1.549 GB.
INFO: [BIND 205-100] Starting micro-architecture generation ...
INFO: [BIND 205-101] Performing variable lifetime analysis.
INFO: [BIND 205-101] Exploring resource sharing.
INFO: [BIND 205-101] Binding ...
INFO: [BIND 205-100] Finished micro-architecture generation.
INFO: [HLS 200-111] Finished Binding: CPU user time: 0.03 seconds. CPU system time: 0.01 seconds. Elapsed time: 0.53 seconds; current allocated memory: 1.549 GB.
INFO: [HLS 200-10] ----------------------------------------------------------------
INFO: [HLS 200-42] -- Implementing module 'conv2x2_top_Pipeline_VITIS_LOOP_79_2' 
INFO: [HLS 200-10] ----------------------------------------------------------------
INFO: [SCHED 204-11] Starting scheduling ...
INFO: [SCHED 204-61] Pipelining loop 'VITIS_LOOP_79_2'.
INFO: [HLS 200-1470] Pipelining result : Target II = 1, Final II = 1, Depth = 2, loop 'VITIS_LOOP_79_2'
INFO: [SCHED 204-11] Finished scheduling.
INFO: [HLS 200-111] Finished Scheduling: CPU user time: 0.04 seconds. CPU system time: 0 seconds. Elapsed time: 1.11 seconds; current allocated memory: 1.549 GB.
INFO: [BIND 205-100] Starting micro-architecture generation ...
INFO: [BIND 205-101] Performing variable lifetime analysis.
INFO: [BIND 205-101] Exploring resource sharing.
INFO: [BIND 205-101] Binding ...
INFO: [BIND 205-100] Finished micro-architecture generation.
INFO: [HLS 200-111] Finished Binding: CPU user time: 0.03 seconds. CPU system time: 0 seconds. Elapsed time: 0.4 seconds; current allocated memory: 1.549 GB.
INFO: [HLS 200-10] ----------------------------------------------------------------
INFO: [HLS 200-42] -- Implementing module 'conv2x2_top' 
INFO: [HLS 200-10] ----------------------------------------------------------------
INFO: [SCHED 204-11] Starting scheduling ...
INFO: [SCHED 204-11] Finished scheduling.
INFO: [HLS 200-111] Finished Scheduling: CPU user time: 0.08 seconds. CPU system time: 0.01 seconds. Elapsed time: 0.57 seconds; current allocated memory: 1.549 GB.
INFO: [BIND 205-100] Starting micro-architecture generation ...
INFO: [BIND 205-101] Performing variable lifetime analysis.
INFO: [BIND 205-101] Exploring resource sharing.
INFO: [BIND 205-101] Binding ...
INFO: [BIND 205-100] Finished micro-architecture generation.
INFO: [HLS 200-111] Finished Binding: CPU user time: 0.12 seconds. CPU system time: 0 seconds. Elapsed time: 0.7 seconds; current allocated memory: 1.549 GB.
INFO: [HLS 200-10] ----------------------------------------------------------------
INFO: [HLS 200-10] -- Generating RTL for module 'load_weights_once' 
INFO: [HLS 200-10] ----------------------------------------------------------------
WARNING: [RTGEN 206-101] Register 'loaded' is power-on initialization.
INFO: [RTGEN 206-100] Finished creating RTL model for 'load_weights_once'.
INFO: [HLS 200-111] Finished Creating RTL model: CPU user time: 0.03 seconds. CPU system time: 0.01 seconds. Elapsed time: 0.37 seconds; current allocated memory: 1.549 GB.
INFO: [HLS 200-10] ----------------------------------------------------------------
INFO: [HLS 200-10] -- Generating RTL for module 'conv2x2_top_Pipeline_VITIS_LOOP_47_1' 
INFO: [HLS 200-10] ----------------------------------------------------------------
INFO: [HLS 200-1030] Apply Unified Pipeline Control on module 'conv2x2_top_Pipeline_VITIS_LOOP_47_1' pipeline 'VITIS_LOOP_47_1' pipeline type 'loop pipeline'
INFO: [RTGEN 206-100] Generating core module 'mux_4_2_1_1_1': 1 instance(s).
INFO: [RTGEN 206-100] Finished creating RTL model for 'conv2x2_top_Pipeline_VITIS_LOOP_47_1'.
INFO: [HLS 200-111] Finished Creating RTL model: CPU user time: 0.03 seconds. CPU system time: 0.01 seconds. Elapsed time: 0.77 seconds; current allocated memory: 1.549 GB.
INFO: [HLS 200-10] ----------------------------------------------------------------
INFO: [HLS 200-10] -- Generating RTL for module 'conv2x2_top_Pipeline_VITIS_LOOP_197_2' 
INFO: [HLS 200-10] ----------------------------------------------------------------
WARNING: [HLS 200-2049] Adding the rewind optimization to the pipelined process 'VITIS_LOOP_197_2' with inout ports inside a dataflow region can result in the creation of loop-carried dependencies and errors. Use caution when adding the rewind optimization to such loops.
INFO: [HLS 200-1030] Apply Unified Pipeline Control on module 'conv2x2_top_Pipeline_VITIS_LOOP_197_2' pipeline 'VITIS_LOOP_197_2' pipeline type 'loop pipeline'
INFO: [RTGEN 206-100] Generating core module 'mux_2_1_1_1_1': 1 instance(s).
INFO: [RTGEN 206-100] Finished creating RTL model for 'conv2x2_top_Pipeline_VITIS_LOOP_197_2'.
INFO: [HLS 200-111] Finished Creating RTL model: CPU user time: 0.06 seconds. CPU system time: 0.01 seconds. Elapsed time: 0.97 seconds; current allocated memory: 1.551 GB.
INFO: [HLS 200-10] ----------------------------------------------------------------
INFO: [HLS 200-10] -- Generating RTL for module 'conv2x2_top_Pipeline_VITIS_LOOP_74_3' 
INFO: [HLS 200-10] ----------------------------------------------------------------
INFO: [HLS 200-1030] Apply Unified Pipeline Control on module 'conv2x2_top_Pipeline_VITIS_LOOP_74_3' pipeline 'VITIS_LOOP_74_3' pipeline type 'loop pipeline'
INFO: [RTGEN 206-100] Finished creating RTL model for 'conv2x2_top_Pipeline_VITIS_LOOP_74_3'.
INFO: [HLS 200-111] Finished Creating RTL model: CPU user time: 0.22 seconds. CPU system time: 0.01 seconds. Elapsed time: 0.92 seconds; current allocated memory: 1.553 GB.
INFO: [HLS 200-10] ----------------------------------------------------------------
INFO: [HLS 200-10] -- Generating RTL for module 'conv2x2_top_Pipeline_VITIS_LOOP_79_2' 
INFO: [HLS 200-10] ----------------------------------------------------------------
INFO: [HLS 200-1030] Apply Unified Pipeline Control on module 'conv2x2_top_Pipeline_VITIS_LOOP_79_2' pipeline 'VITIS_LOOP_79_2' pipeline type 'loop pipeline'
INFO: [RTGEN 206-100] Finished creating RTL model for 'conv2x2_top_Pipeline_VITIS_LOOP_79_2'.
INFO: [HLS 200-111] Finished Creating RTL model: CPU user time: 0.07 seconds. CPU system time: 0.01 seconds. Elapsed time: 0.46 seconds; current allocated memory: 1.553 GB.
INFO: [HLS 200-10] ----------------------------------------------------------------
INFO: [HLS 200-10] -- Generating RTL for module 'conv2x2_top' 
INFO: [HLS 200-10] ----------------------------------------------------------------
INFO: [RTGEN 206-500] Setting interface mode on port 'conv2x2_top/in_0' to 'ap_none'.
INFO: [RTGEN 206-500] Setting interface mode on port 'conv2x2_top/in_1' to 'ap_none'.
INFO: [RTGEN 206-500] Setting interface mode on port 'conv2x2_top/in_2' to 'ap_none'.
INFO: [RTGEN 206-500] Setting interface mode on port 'conv2x2_top/in_3' to 'ap_none'.
INFO: [RTGEN 206-500] Setting interface mode on port 'conv2x2_top/out_0' to 'ap_vld'.
INFO: [RTGEN 206-500] Setting interface mode on port 'conv2x2_top/out_1' to 'ap_vld'.
INFO: [RTGEN 206-500] Setting interface mode on port 'conv2x2_top/out_2' to 'ap_vld'.
INFO: [RTGEN 206-500] Setting interface mode on port 'conv2x2_top/out_3' to 'ap_vld'.
INFO: [RTGEN 206-500] Setting interface mode on function 'conv2x2_top' to 'ap_ctrl_hs'.
WARNING: [RTGEN 206-101] Register 'st_init' is power-on initialization.
INFO: [RTGEN 206-100] Finished creating RTL model for 'conv2x2_top'.
INFO: [RTMG 210-278] Implementing memory 'conv2x2_top_inputBuf_RAM_2P_AUTO_1R1W' using auto RAMs.
INFO: [RTMG 210-285] Implementing FIFO 'convInp_U(conv2x2_top_fifo_w1_d256_S)' using Shift Registers.
INFO: [RTMG 210-285] Implementing FIFO 'in_stream_U(conv2x2_top_fifo_w1_d8_S)' using Shift Registers.
INFO: [RTMG 210-285] Implementing FIFO 'out_stream_U(conv2x2_top_fifo_w1_d8_S)' using Shift Registers.
INFO: [HLS 200-111] Finished Creating RTL model: CPU user time: 0.08 seconds. CPU system time: 0.01 seconds. Elapsed time: 2.69 seconds; current allocated memory: 1.554 GB.
INFO: [HLS 200-111] Finished Generating all RTL models: CPU user time: 0.29 seconds. CPU system time: 0.05 seconds. Elapsed time: 1.39 seconds; current allocated memory: 1.558 GB.
INFO: [HLS 200-111] Finished Updating report files: CPU user time: 0.28 seconds. CPU system time: 0.05 seconds. Elapsed time: 0.41 seconds; current allocated memory: 1.564 GB.
INFO: [VHDL 208-304] Generating VHDL RTL for conv2x2_top.
INFO: [VLOG 209-307] Generating Verilog RTL for conv2x2_top.
INFO: [HLS 200-790] **** Loop Constraint Status: All loop constraints were satisfied.
INFO: [HLS 200-789] **** Estimated Fmax: 415.48 MHz
INFO: [HLS 200-111] Finished Command csynth_design CPU user time: 8.02 seconds. CPU system time: 2.91 seconds. Elapsed time: 39.34 seconds; current allocated memory: 87.164 MB.
==============================================================
Vitis HLS - High-Level Synthesis from C, C++ and OpenCL v2023.1 (64-bit)
Tool Version Limit: 2023.05
Copyright 1986-2022 Xilinx, Inc. All Rights Reserved.
Copyright 2022-2023 Advanced Micro Devices, Inc. All Rights Reserved.

==============================================================
INFO: [SYN 201-201] Setting up clock 'default' with a period of 10ns.
INFO: [HLS 200-1611] Setting target device to 'xcvu9p-flga2577-2-e'
INFO: [HLS 200-1505] Using flow_target 'vivado'
INFO: [HLS 200-1510] Running: set_part xcvu9p-flga2577-2-e 
INFO: [HLS 200-1510] Running: create_clock -period 10 -name default 
INFO: [HLS 200-1510] Running: csim_design -clean -O 
INFO: [SIM 211-2] *************** CSIM start ***************
INFO: [SIM 211-4] CSIM will launch GCC as the compiler.
INFO: [HLS 200-2036] Building optimized C Simulation binaries
INFO: [SIM 211-1] CSim done with 0 errors.
INFO: [SIM 211-3] *************** CSIM finish ***************
INFO: [HLS 200-111] Finished Command csim_design CPU user time: 1.99 seconds. CPU system time: 1.18 seconds. Elapsed time: 3.41 seconds; current allocated memory: 2.281 MB.
INFO: [HLS 200-1510] Running: csynth_design 
INFO: [HLS 200-111] Finished File checks and directory preparation: CPU user time: 0.04 seconds. CPU system time: 0.02 seconds. Elapsed time: 0.06 seconds; current allocated memory: 1.479 GB.
INFO: [HLS 200-10] Analyzing design file '/home/coder/Desktop/s2n2/convSNN/conv2x2_top.cpp' ... 
WARNING: [HLS 207-5531] 'Resource pragma' is deprecated, use 'bind_op/bind_storage pragma' instead (/home/coder/Desktop/s2n2/finn-hlslib-lif/slidingwindow.h:75:9)
WARNING: [HLS 207-5531] 'Resource pragma' is deprecated, use 'bind_op/bind_storage pragma' instead (/home/coder/Desktop/s2n2/finn-hlslib-lif/slidingwindow.h:97:9)
WARNING: [HLS 207-5531] 'Resource pragma' is deprecated, use 'bind_op/bind_storage pragma' instead (/home/coder/Desktop/s2n2/finn-hlslib-lif/slidingwindow.h:119:9)
WARNING: [HLS 207-5531] 'Resource pragma' is deprecated, use 'bind_op/bind_storage pragma' instead (/home/coder/Desktop/s2n2/finn-hlslib-lif/slidingwindow.h:141:9)
WARNING: [HLS 207-5531] 'Resource pragma' is deprecated, use 'bind_op/bind_storage pragma' instead (/home/coder/Desktop/s2n2/finn-hlslib-lif/maxpool.h:296:9)
WARNING: [HLS 207-5531] 'Resource pragma' is deprecated, use 'bind_op/bind_storage pragma' instead (/home/coder/Desktop/s2n2/finn-hlslib-lif/mac.hpp:116:9)
WARNING: [HLS 207-5531] 'Resource pragma' is deprecated, use 'bind_op/bind_storage pragma' instead (/home/coder/Desktop/s2n2/finn-hlslib-lif/mac.hpp:142:9)
WARNING: [HLS 207-5292] unused parameter 'reps' (/home/coder/Desktop/s2n2/finn-hlslib-lif/streamtools.h:837:77)
WARNING: [HLS 207-5292] unused parameter 'reps' (/home/coder/Desktop/s2n2/finn-hlslib-lif/streamtools.h:869:78)
WARNING: [HLS 207-5292] unused parameter 'mmv' (/home/coder/Desktop/s2n2/finn-hlslib-lif/interpret.hpp:149:53)
WARNING: [HLS 207-5292] unused parameter 'mmv' (/home/coder/Desktop/s2n2/finn-hlslib-lif/interpret.hpp:166:58)
WARNING: [HLS 207-5292] unused parameter 'mmv' (/home/coder/Desktop/s2n2/finn-hlslib-lif/interpret.hpp:209:56)
WARNING: [HLS 207-5292] unused parameter 'flag' (/home/coder/Desktop/s2n2/finn-hlslib-lif/interpret.hpp:209:72)
WARNING: [HLS 207-5292] unused parameter 'mmv' (/home/coder/Desktop/s2n2/finn-hlslib-lif/interpret.hpp:213:53)
WARNING: [HLS 207-5292] unused parameter 'mmv' (/home/coder/Desktop/s2n2/finn-hlslib-lif/interpret.hpp:218:30)
WARNING: [HLS 207-5292] unused parameter 'mmv' (/home/coder/Desktop/s2n2/finn-hlslib-lif/interpret.hpp:240:53)
WARNING: [HLS 207-5292] unused parameter 'mmv' (/home/coder/Desktop/s2n2/finn-hlslib-lif/interpret.hpp:262:39)
WARNING: [HLS 207-5292] unused parameter 'flag' (/home/coder/Desktop/s2n2/finn-hlslib-lif/interpret.hpp:273:72)
WARNING: [HLS 207-5292] unused parameter 'mmv' (/home/coder/Desktop/s2n2/finn-hlslib-lif/interpret.hpp:300:52)
WARNING: [HLS 207-5292] unused parameter 'r' (/home/coder/Desktop/s2n2/finn-hlslib-lif/mvau.hpp:33:14)
WARNING: [HLS 207-5547] Invalid variable in '#pragma HLS reset': expect variable to be static or global (/home/coder/Desktop/s2n2/finn-hlslib-lif/slidingwindow.h:195:28)
INFO: [HLS 200-111] Finished Source Code Analysis and Preprocessing: CPU user time: 4.28 seconds. CPU system time: 1.38 seconds. Elapsed time: 7.69 seconds; current allocated memory: 1.482 GB.
INFO: [HLS 200-777] Using interface defaults for 'Vivado' flow target.
INFO: [HLS 200-1995] There were 2,334 instructions in the design after the 'Compile/Link' phase of compilation. See the Design Size Report for more details: /home/coder/Desktop/s2n2/convSNN/convSNN_hls/conv2x2_prj/xcvu9p-flga2577-2-e/syn/report/csynth_design_size.rpt
INFO: [HLS 200-1995] There were 413 instructions in the design after the 'Unroll/Inline' phase of compilation. See the Design Size Report for more details: /home/coder/Desktop/s2n2/convSNN/convSNN_hls/conv2x2_prj/xcvu9p-flga2577-2-e/syn/report/csynth_design_size.rpt
INFO: [HLS 200-1995] There were 173 instructions in the design after the 'Performance/Pipeline' phase of compilation. See the Design Size Report for more details: /home/coder/Desktop/s2n2/convSNN/convSNN_hls/conv2x2_prj/xcvu9p-flga2577-2-e/syn/report/csynth_design_size.rpt
INFO: [HLS 200-1995] There were 208 instructions in the design after the 'Optimizations' phase of compilation. See the Design Size Report for more details: /home/coder/Desktop/s2n2/convSNN/convSNN_hls/conv2x2_prj/xcvu9p-flga2577-2-e/syn/report/csynth_design_size.rpt
INFO: [HLS 214-131] Inlining function 'void memory_resource<ap_uint<1> (*) [2]>(ap_uint<1> (*) [2], ap_resource_dflt const&)' into 'void ConvolutionInputGenerator<1u, 1u, 1u, 2u, 2u, 1u, 1u, ap_resource_dflt>(hls::stream<ap_uint<(1u) * (1u)>, 0>&, hls::stream<ap_uint<(1u) * (1u)>, 0>&, unsigned int, ap_resource_dflt const&)' (/home/coder/Desktop/s2n2/finn-hlslib-lif/slidingwindow.h:183:2)
INFO: [HLS 214-131] Inlining function 'FixedPointWeightsSp<1u, ap_int<8>, 1u, 1u>::TileIndex::TileIndex(FixedPointWeightsSp<1u, ap_int<8>, 1u, 1u> const&, unsigned int, ap_uint<1>)' into 'FixedPointWeightsSp<1u, ap_int<8>, 1u, 1u>::weights(unsigned int, ap_uint<1>) const' (/home/coder/Desktop/s2n2/finn-hlslib-lif/weights.hpp:216:9)
INFO: [HLS 214-131] Inlining function 'Slice<ap_uint<1>, 1u>::Container<ap_uint<1> >::operator ap_uint<1> const&() const' into 'void Matrix_Vector_Activate_Batch<1u, 1u, 1u, 1u, 1u, 1u, Identity, Slice<ap_uint<1>, 1u>, Identity, ap_fixed<16, 8, (ap_q_mode)5, (ap_o_mode)3, 0>, 16u, 8u, 2u, ap_uint<1>, ap_uint<1>, FixedPointWeightsSp<1u, ap_int<8>, 1u, 1u>, DummyActivation, ap_resource_dflt>(hls::stream<ap_uint<1>, 0>&, hls::stream<ap_uint<1>, 0>&, FixedPointWeightsSp<1u, ap_int<8>, 1u, 1u> const&, DummyActivation const&, ap_fixed<16, 8, (ap_q_mode)5, (ap_o_mode)3, 0>, int, ap_resource_dflt const&)' (/home/coder/Desktop/s2n2/finn-hlslib-lif/mvau.hpp:122:17)
INFO: [HLS 214-131] Inlining function 'Slice<ap_uint<1>, 1u>::Container<ap_uint<1> >::operator[](unsigned int) const' into 'void Matrix_Vector_Activate_Batch<1u, 1u, 1u, 1u, 1u, 1u, Identity, Slice<ap_uint<1>, 1u>, Identity, ap_fixed<16, 8, (ap_q_mode)5, (ap_o_mode)3, 0>, 16u, 8u, 2u, ap_uint<1>, ap_uint<1>, FixedPointWeightsSp<1u, ap_int<8>, 1u, 1u>, DummyActivation, ap_resource_dflt>(hls::stream<ap_uint<1>, 0>&, hls::stream<ap_uint<1>, 0>&, FixedPointWeightsSp<1u, ap_int<8>, 1u, 1u> const&, DummyActivation const&, ap_fixed<16, 8, (ap_q_mode)5, (ap_o_mode)3, 0>, int, ap_resource_dflt const&)' (/home/coder/Desktop/s2n2/finn-hlslib-lif/mvau.hpp:116:9)
INFO: [HLS 214-131] Inlining function 'DummyActivation::operator()(ap_fixed<16, 8, (ap_q_mode)5, (ap_o_mode)3, 0> const&) const' into 'void Matrix_Vector_Activate_Batch<1u, 1u, 1u, 1u, 1u, 1u, Identity, Slice<ap_uint<1>, 1u>, Identity, ap_fixed<16, 8, (ap_q_mode)5, (ap_o_mode)3, 0>, 16u, 8u, 2u, ap_uint<1>, ap_uint<1>, FixedPointWeightsSp<1u, ap_int<8>, 1u, 1u>, DummyActivation, ap_resource_dflt>(hls::stream<ap_uint<1>, 0>&, hls::stream<ap_uint<1>, 0>&, FixedPointWeightsSp<1u, ap_int<8>, 1u, 1u> const&, DummyActivation const&, ap_fixed<16, 8, (ap_q_mode)5, (ap_o_mode)3, 0>, int, ap_resource_dflt const&)' (/home/coder/Desktop/s2n2/finn-hlslib-lif/mvau.hpp:115:15)
INFO: [HLS 214-131] Inlining function 'FixedPointWeightsSp<1u, ap_int<8>, 1u, 1u>::TileIndex::operator[](unsigned int) const' into 'void Matrix_Vector_Activate_Batch<1u, 1u, 1u, 1u, 1u, 1u, Identity, Slice<ap_uint<1>, 1u>, Identity, ap_fixed<16, 8, (ap_q_mode)5, (ap_o_mode)3, 0>, 16u, 8u, 2u, ap_uint<1>, ap_uint<1>, FixedPointWeightsSp<1u, ap_int<8>, 1u, 1u>, DummyActivation, ap_resource_dflt>(hls::stream<ap_uint<1>, 0>&, hls::stream<ap_uint<1>, 0>&, FixedPointWeightsSp<1u, ap_int<8>, 1u, 1u> const&, DummyActivation const&, ap_fixed<16, 8, (ap_q_mode)5, (ap_o_mode)3, 0>, int, ap_resource_dflt const&)' (/home/coder/Desktop/s2n2/finn-hlslib-lif/mvau.hpp:104:14)
INFO: [HLS 214-131] Inlining function 'FixedPointWeightsSp<1u, ap_int<8>, 1u, 1u>::weights(unsigned int, ap_uint<1>) const' into 'void Matrix_Vector_Activate_Batch<1u, 1u, 1u, 1u, 1u, 1u, Identity, Slice<ap_uint<1>, 1u>, Identity, ap_fixed<16, 8, (ap_q_mode)5, (ap_o_mode)3, 0>, 16u, 8u, 2u, ap_uint<1>, ap_uint<1>, FixedPointWeightsSp<1u, ap_int<8>, 1u, 1u>, DummyActivation, ap_resource_dflt>(hls::stream<ap_uint<1>, 0>&, hls::stream<ap_uint<1>, 0>&, FixedPointWeightsSp<1u, ap_int<8>, 1u, 1u> const&, DummyActivation const&, ap_fixed<16, 8, (ap_q_mode)5, (ap_o_mode)3, 0>, int, ap_resource_dflt const&)' (/home/coder/Desktop/s2n2/finn-hlslib-lif/mvau.hpp:100:29)
INFO: [HLS 214-131] Inlining function 'void ConvLayer_Batch<1u, 1u, 2u, 1u, 2u, 1u, 1u, 1u, Identity, Slice<ap_uint<1>, 1u>, Identity, ap_fixed<16, 8, (ap_q_mode)5, (ap_o_mode)3, 0>, 16u, 8u, 1, 1, FixedPointWeightsSp<1u, ap_int<8>, 1u, 1u>, DummyActivation, ap_resource_dflt>(hls::stream<ap_uint<1>, 0>&, hls::stream<ap_uint<1>, 0>&, FixedPointWeightsSp<1u, ap_int<8>, 1u, 1u> const&, DummyActivation const&, unsigned int, ap_fixed<16, 8, (ap_q_mode)5, (ap_o_mode)3, 0>, ap_resource_dflt const&)' into 'conv2x2_top(ap_uint<1> const*, ap_uint<1>*)' (/home/coder/Desktop/s2n2/convSNN/conv2x2_top.cpp:55:3)
WARNING: [HLS 214-199] Ignoring dependence pragma on local scalar variable 'current_block_write'. (/home/coder/Desktop/s2n2/finn-hlslib-lif/slidingwindow.h:260:9)
INFO: [HLS 214-291] Loop 'VITIS_LOOP_90_4' is marked as complete unroll implied by the pipeline pragma (/home/coder/Desktop/s2n2/finn-hlslib-lif/mvau.hpp:90:24)
INFO: [HLS 214-291] Loop 'VITIS_LOOP_102_5' is marked as complete unroll implied by the pipeline pragma (/home/coder/Desktop/s2n2/finn-hlslib-lif/mvau.hpp:102:23)
INFO: [HLS 214-291] Loop 'VITIS_LOOP_200_1' is marked as complete unroll implied by the pipeline pragma (/home/coder/Desktop/s2n2/finn-hlslib-lif/weights.hpp:200:25)
INFO: [HLS 214-291] Loop 'VITIS_LOOP_113_6' is marked as complete unroll implied by the pipeline pragma (/home/coder/Desktop/s2n2/finn-hlslib-lif/mvau.hpp:113:25)
INFO: [HLS 214-186] Unrolling loop 'VITIS_LOOP_90_4' (/home/coder/Desktop/s2n2/finn-hlslib-lif/mvau.hpp:90:24) in function 'Matrix_Vector_Activate_Batch<1u, 1u, 1u, 1u, 1u, 1u, Identity, Slice<ap_uint<1>, 1u>, Identity, ap_fixed<16, 8, (ap_q_mode)5, (ap_o_mode)3, 0>, 16u, 8u, 2u, ap_uint<1>, ap_uint<1>, FixedPointWeightsSp<1u, ap_int<8>, 1u, 1u>, DummyActivation, ap_resource_dflt>' completely with a factor of 1 (/home/coder/Desktop/s2n2/finn-hlslib-lif/mvau.hpp:33:0)
INFO: [HLS 214-186] Unrolling loop 'VITIS_LOOP_102_5' (/home/coder/Desktop/s2n2/finn-hlslib-lif/mvau.hpp:102:23) in function 'Matrix_Vector_Activate_Batch<1u, 1u, 1u, 1u, 1u, 1u, Identity, Slice<ap_uint<1>, 1u>, Identity, ap_fixed<16, 8, (ap_q_mode)5, (ap_o_mode)3, 0>, 16u, 8u, 2u, ap_uint<1>, ap_uint<1>, FixedPointWeightsSp<1u, ap_int<8>, 1u, 1u>, DummyActivation, ap_resource_dflt>' completely with a factor of 1 (/home/coder/Desktop/s2n2/finn-hlslib-lif/mvau.hpp:33:0)
INFO: [HLS 214-186] Unrolling loop 'VITIS_LOOP_200_1' (/home/coder/Desktop/s2n2/finn-hlslib-lif/weights.hpp:200:25) in function 'Matrix_Vector_Activate_Batch<1u, 1u, 1u, 1u, 1u, 1u, Identity, Slice<ap_uint<1>, 1u>, Identity, ap_fixed<16, 8, (ap_q_mode)5, (ap_o_mode)3, 0>, 16u, 8u, 2u, ap_uint<1>, ap_uint<1>, FixedPointWeightsSp<1u, ap_int<8>, 1u, 1u>, DummyActivation, ap_resource_dflt>' completely with a factor of 1 (/home/coder/Desktop/s2n2/finn-hlslib-lif/mvau.hpp:33:0)
INFO: [HLS 214-186] Unrolling loop 'VITIS_LOOP_113_6' (/home/coder/Desktop/s2n2/finn-hlslib-lif/mvau.hpp:113:25) in function 'Matrix_Vector_Activate_Batch<1u, 1u, 1u, 1u, 1u, 1u, Identity, Slice<ap_uint<1>, 1u>, Identity, ap_fixed<16, 8, (ap_q_mode)5, (ap_o_mode)3, 0>, 16u, 8u, 2u, ap_uint<1>, ap_uint<1>, FixedPointWeightsSp<1u, ap_int<8>, 1u, 1u>, DummyActivation, ap_resource_dflt>' completely with a factor of 1 (/home/coder/Desktop/s2n2/finn-hlslib-lif/mvau.hpp:33:0)
INFO: [HLS 214-178] Inlining function 'WidthAdjustedInputStream<1u, 1u, 4u>::WidthAdjustedInputStream(hls::stream<ap_uint<1>, 0>&, unsigned int)' into 'conv2x2_top(ap_uint<1> const*, ap_uint<1>*)' (/home/coder/Desktop/s2n2/convSNN/conv2x2_top.cpp:36:0)
INFO: [HLS 214-178] Inlining function 'WidthAdjustedOutputStream<1u, 1u, 4u>::WidthAdjustedOutputStream(hls::stream<ap_uint<1>, 0>&, unsigned int)' into 'conv2x2_top(ap_uint<1> const*, ap_uint<1>*)' (/home/coder/Desktop/s2n2/convSNN/conv2x2_top.cpp:36:0)
INFO: [HLS 214-178] Inlining function 'WidthAdjustedInputStream<1u, 1u, 4u>::operator hls::stream<ap_uint<1>, 0>&()' into 'conv2x2_top(ap_uint<1> const*, ap_uint<1>*)' (/home/coder/Desktop/s2n2/convSNN/conv2x2_top.cpp:36:0)
INFO: [HLS 214-178] Inlining function 'void ConvolutionInputGenerator<1u, 1u, 1u, 2u, 2u, 1u, 1u, ap_resource_dflt>(hls::stream<ap_uint<(1u) * (1u)>, 0>&, hls::stream<ap_uint<(1u) * (1u)>, 0>&, unsigned int, ap_resource_dflt const&)' into 'conv2x2_top(ap_uint<1> const*, ap_uint<1>*)' (/home/coder/Desktop/s2n2/convSNN/conv2x2_top.cpp:36:0)
INFO: [HLS 214-178] Inlining function 'WidthAdjustedOutputStream<1u, 1u, 4u>::operator hls::stream<ap_uint<1>, 0>&()' into 'conv2x2_top(ap_uint<1> const*, ap_uint<1>*)' (/home/coder/Desktop/s2n2/convSNN/conv2x2_top.cpp:36:0)
INFO: [HLS 214-178] Inlining function 'void Matrix_Vector_Activate_Batch<1u, 1u, 1u, 1u, 1u, 1u, Identity, Slice<ap_uint<1>, 1u>, Identity, ap_fixed<16, 8, (ap_q_mode)5, (ap_o_mode)3, 0>, 16u, 8u, 2u, ap_uint<1>, ap_uint<1>, FixedPointWeightsSp<1u, ap_int<8>, 1u, 1u>, DummyActivation, ap_resource_dflt>(hls::stream<ap_uint<1>, 0>&, hls::stream<ap_uint<1>, 0>&, FixedPointWeightsSp<1u, ap_int<8>, 1u, 1u> const&, DummyActivation const&, ap_fixed<16, 8, (ap_q_mode)5, (ap_o_mode)3, 0>, int, ap_resource_dflt const&)' into 'conv2x2_top(ap_uint<1> const*, ap_uint<1>*)' (/home/coder/Desktop/s2n2/convSNN/conv2x2_top.cpp:36:0)
INFO: [HLS 214-248] Applying array_partition to 'inputBuf.i': Complete partitioning on dimension 1. (/home/coder/Desktop/s2n2/finn-hlslib-lif/slidingwindow.h:180:33)
INFO: [HLS 214-248] Applying array_partition to 'in': Complete partitioning on dimension 1. (/home/coder/Desktop/s2n2/convSNN/conv2x2_top.cpp:36:0)
INFO: [HLS 214-248] Applying array_partition to 'out': Complete partitioning on dimension 1. (/home/coder/Desktop/s2n2/convSNN/conv2x2_top.cpp:36:0)
INFO: [HLS 200-111] Finished Compiling Optimization and Transform: CPU user time: 1.74 seconds. CPU system time: 1.06 seconds. Elapsed time: 9.19 seconds; current allocated memory: 1.482 GB.
INFO: [HLS 200-111] Finished Checking Pragmas: CPU user time: 0 seconds. CPU system time: 0 seconds. Elapsed time: 0 seconds; current allocated memory: 1.482 GB.
INFO: [HLS 200-10] Starting code transformations ...
INFO: [HLS 200-111] Finished Standard Transforms: CPU user time: 0.02 seconds. CPU system time: 0.01 seconds. Elapsed time: 0.08 seconds; current allocated memory: 1.484 GB.
INFO: [HLS 200-10] Checking synthesizability ...
INFO: [HLS 200-111] Finished Checking Synthesizability: CPU user time: 0.01 seconds. CPU system time: 0 seconds. Elapsed time: 0.08 seconds; current allocated memory: 1.485 GB.
INFO: [XFORM 203-401] Performing if-conversion on hyperblock from (/home/coder/Desktop/s2n2/finn-hlslib-lif/slidingwindow.h:216:66) to (/home/coder/Desktop/s2n2/finn-hlslib-lif/slidingwindow.h:245:13) in function 'conv2x2_top'... converting 3 basic blocks.
INFO: [HLS 200-111] Finished Loop, function and other optimizations: CPU user time: 0.05 seconds. CPU system time: 0.01 seconds. Elapsed time: 0.13 seconds; current allocated memory: 1.508 GB.
WARNING: [ANALYSIS 214-52] Found false intra dependency for variable 'inputBuf.1' (/home/coder/Desktop/s2n2/finn-hlslib-lif/slidingwindow.h:180).
WARNING: [ANALYSIS 214-52] Found false intra dependency for variable 'inputBuf' (/home/coder/Desktop/s2n2/finn-hlslib-lif/slidingwindow.h:180).
WARNING: [ANALYSIS 214-52] Found false inter dependency for variable 'inputBuf.1' (/home/coder/Desktop/s2n2/finn-hlslib-lif/slidingwindow.h:180).
WARNING: [ANALYSIS 214-52] Found false inter dependency for variable 'inputBuf' (/home/coder/Desktop/s2n2/finn-hlslib-lif/slidingwindow.h:180).
INFO: [HLS 200-111] Finished Architecture Synthesis: CPU user time: 0.05 seconds. CPU system time: 0.02 seconds. Elapsed time: 0.24 seconds; current allocated memory: 1.546 GB.
INFO: [HLS 200-10] Starting hardware synthesis ...
INFO: [HLS 200-10] Synthesizing 'conv2x2_top' ...
INFO: [HLS 200-10] ----------------------------------------------------------------
INFO: [HLS 200-42] -- Implementing module 'load_weights_once' 
INFO: [HLS 200-10] ----------------------------------------------------------------
INFO: [SCHED 204-11] Starting scheduling ...
INFO: [SCHED 204-11] Finished scheduling.
INFO: [HLS 200-111] Finished Scheduling: CPU user time: 0.03 seconds. CPU system time: 0.09 seconds. Elapsed time: 0.8 seconds; current allocated memory: 1.547 GB.
INFO: [BIND 205-100] Starting micro-architecture generation ...
INFO: [BIND 205-101] Performing variable lifetime analysis.
INFO: [BIND 205-101] Exploring resource sharing.
INFO: [BIND 205-101] Binding ...
INFO: [BIND 205-100] Finished micro-architecture generation.
INFO: [HLS 200-111] Finished Binding: CPU user time: 0.02 seconds. CPU system time: 0 seconds. Elapsed time: 0.33 seconds; current allocated memory: 1.547 GB.
INFO: [HLS 200-10] ----------------------------------------------------------------
INFO: [HLS 200-42] -- Implementing module 'conv2x2_top_Pipeline_VITIS_LOOP_47_1' 
INFO: [HLS 200-10] ----------------------------------------------------------------
INFO: [SCHED 204-11] Starting scheduling ...
INFO: [SCHED 204-61] Pipelining loop 'VITIS_LOOP_47_1'.
INFO: [HLS 200-1470] Pipelining result : Target II = 1, Final II = 1, Depth = 2, loop 'VITIS_LOOP_47_1'
INFO: [SCHED 204-11] Finished scheduling.
INFO: [HLS 200-111] Finished Scheduling: CPU user time: 0.04 seconds. CPU system time: 0.01 seconds. Elapsed time: 0.57 seconds; current allocated memory: 1.548 GB.
INFO: [BIND 205-100] Starting micro-architecture generation ...
INFO: [BIND 205-101] Performing variable lifetime analysis.
INFO: [BIND 205-101] Exploring resource sharing.
INFO: [BIND 205-101] Binding ...
INFO: [BIND 205-100] Finished micro-architecture generation.
INFO: [HLS 200-111] Finished Binding: CPU user time: 0.03 seconds. CPU system time: 0 seconds. Elapsed time: 0.61 seconds; current allocated memory: 1.548 GB.
INFO: [HLS 200-10] ----------------------------------------------------------------
INFO: [HLS 200-42] -- Implementing module 'conv2x2_top_Pipeline_VITIS_LOOP_197_2' 
INFO: [HLS 200-10] ----------------------------------------------------------------
INFO: [SCHED 204-11] Starting scheduling ...
INFO: [SCHED 204-61] Pipelining loop 'VITIS_LOOP_197_2'.
INFO: [HLS 200-1470] Pipelining result : Target II = 1, Final II = 1, Depth = 3, loop 'VITIS_LOOP_197_2'
INFO: [SCHED 204-11] Finished scheduling.
INFO: [HLS 200-111] Finished Scheduling: CPU user time: 0.15 seconds. CPU system time: 0 seconds. Elapsed time: 1.1 seconds; current allocated memory: 1.549 GB.
INFO: [BIND 205-100] Starting micro-architecture generation ...
INFO: [BIND 205-101] Performing variable lifetime analysis.
INFO: [BIND 205-101] Exploring resource sharing.
INFO: [BIND 205-101] Binding ...
INFO: [BIND 205-100] Finished micro-architecture generation.
INFO: [HLS 200-111] Finished Binding: CPU user time: 0.05 seconds. CPU system time: 0.01 seconds. Elapsed time: 0.36 seconds; current allocated memory: 1.549 GB.
INFO: [HLS 200-10] ----------------------------------------------------------------
INFO: [HLS 200-42] -- Implementing module 'conv2x2_top_Pipeline_VITIS_LOOP_74_3' 
INFO: [HLS 200-10] ----------------------------------------------------------------
INFO: [SCHED 204-11] Starting scheduling ...
INFO: [SCHED 204-61] Pipelining loop 'VITIS_LOOP_74_3'.
INFO: [HLS 200-1470] Pipelining result : Target II = 1, Final II = 1, Depth = 2, loop 'VITIS_LOOP_74_3'
INFO: [SCHED 204-11] Finished scheduling.
INFO: [HLS 200-111] Finished Scheduling: CPU user time: 0.04 seconds. CPU system time: 0 seconds. Elapsed time: 0.46 seconds; current allocated memory: 1.549 GB.
INFO: [BIND 205-100] Starting micro-architecture generation ...
INFO: [BIND 205-101] Performing variable lifetime analysis.
INFO: [BIND 205-101] Exploring resource sharing.
INFO: [BIND 205-101] Binding ...
INFO: [BIND 205-100] Finished micro-architecture generation.
INFO: [HLS 200-111] Finished Binding: CPU user time: 0.03 seconds. CPU system time: 0 seconds. Elapsed time: 0.29 seconds; current allocated memory: 1.549 GB.
INFO: [HLS 200-10] ----------------------------------------------------------------
INFO: [HLS 200-42] -- Implementing module 'conv2x2_top_Pipeline_VITIS_LOOP_79_2' 
INFO: [HLS 200-10] ----------------------------------------------------------------
INFO: [SCHED 204-11] Starting scheduling ...
INFO: [SCHED 204-61] Pipelining loop 'VITIS_LOOP_79_2'.
INFO: [HLS 200-1470] Pipelining result : Target II = 1, Final II = 1, Depth = 2, loop 'VITIS_LOOP_79_2'
INFO: [SCHED 204-11] Finished scheduling.
INFO: [HLS 200-111] Finished Scheduling: CPU user time: 0.03 seconds. CPU system time: 0.01 seconds. Elapsed time: 0.57 seconds; current allocated memory: 1.549 GB.
INFO: [BIND 205-100] Starting micro-architecture generation ...
INFO: [BIND 205-101] Performing variable lifetime analysis.
INFO: [BIND 205-101] Exploring resource sharing.
INFO: [BIND 205-101] Binding ...
INFO: [BIND 205-100] Finished micro-architecture generation.
INFO: [HLS 200-111] Finished Binding: CPU user time: 0.03 seconds. CPU system time: 0 seconds. Elapsed time: 0.61 seconds; current allocated memory: 1.549 GB.
INFO: [HLS 200-10] ----------------------------------------------------------------
INFO: [HLS 200-42] -- Implementing module 'conv2x2_top' 
INFO: [HLS 200-10] ----------------------------------------------------------------
INFO: [SCHED 204-11] Starting scheduling ...
INFO: [SCHED 204-11] Finished scheduling.
INFO: [HLS 200-111] Finished Scheduling: CPU user time: 0.07 seconds. CPU system time: 0.01 seconds. Elapsed time: 0.4 seconds; current allocated memory: 1.549 GB.
INFO: [BIND 205-100] Starting micro-architecture generation ...
INFO: [BIND 205-101] Performing variable lifetime analysis.
INFO: [BIND 205-101] Exploring resource sharing.
INFO: [BIND 205-101] Binding ...
INFO: [BIND 205-100] Finished micro-architecture generation.
INFO: [HLS 200-111] Finished Binding: CPU user time: 0.12 seconds. CPU system time: 0.01 seconds. Elapsed time: 0.58 seconds; current allocated memory: 1.549 GB.
INFO: [HLS 200-10] ----------------------------------------------------------------
INFO: [HLS 200-10] -- Generating RTL for module 'load_weights_once' 
INFO: [HLS 200-10] ----------------------------------------------------------------
WARNING: [RTGEN 206-101] Register 'loaded' is power-on initialization.
INFO: [RTGEN 206-100] Finished creating RTL model for 'load_weights_once'.
INFO: [HLS 200-111] Finished Creating RTL model: CPU user time: 0.04 seconds. CPU system time: 0 seconds. Elapsed time: 0.43 seconds; current allocated memory: 1.549 GB.
INFO: [HLS 200-10] ----------------------------------------------------------------
INFO: [HLS 200-10] -- Generating RTL for module 'conv2x2_top_Pipeline_VITIS_LOOP_47_1' 
INFO: [HLS 200-10] ----------------------------------------------------------------
INFO: [HLS 200-1030] Apply Unified Pipeline Control on module 'conv2x2_top_Pipeline_VITIS_LOOP_47_1' pipeline 'VITIS_LOOP_47_1' pipeline type 'loop pipeline'
INFO: [RTGEN 206-100] Generating core module 'mux_4_2_1_1_1': 1 instance(s).
INFO: [RTGEN 206-100] Finished creating RTL model for 'conv2x2_top_Pipeline_VITIS_LOOP_47_1'.
INFO: [HLS 200-111] Finished Creating RTL model: CPU user time: 0.03 seconds. CPU system time: 0.01 seconds. Elapsed time: 0.74 seconds; current allocated memory: 1.549 GB.
INFO: [HLS 200-10] ----------------------------------------------------------------
INFO: [HLS 200-10] -- Generating RTL for module 'conv2x2_top_Pipeline_VITIS_LOOP_197_2' 
INFO: [HLS 200-10] ----------------------------------------------------------------
WARNING: [HLS 200-2049] Adding the rewind optimization to the pipelined process 'VITIS_LOOP_197_2' with inout ports inside a dataflow region can result in the creation of loop-carried dependencies and errors. Use caution when adding the rewind optimization to such loops.
INFO: [HLS 200-1030] Apply Unified Pipeline Control on module 'conv2x2_top_Pipeline_VITIS_LOOP_197_2' pipeline 'VITIS_LOOP_197_2' pipeline type 'loop pipeline'
INFO: [RTGEN 206-100] Generating core module 'mux_2_1_1_1_1': 1 instance(s).
INFO: [RTGEN 206-100] Finished creating RTL model for 'conv2x2_top_Pipeline_VITIS_LOOP_197_2'.
INFO: [HLS 200-111] Finished Creating RTL model: CPU user time: 0.06 seconds. CPU system time: 0.01 seconds. Elapsed time: 0.59 seconds; current allocated memory: 1.551 GB.
INFO: [HLS 200-10] ----------------------------------------------------------------
INFO: [HLS 200-10] -- Generating RTL for module 'conv2x2_top_Pipeline_VITIS_LOOP_74_3' 
INFO: [HLS 200-10] ----------------------------------------------------------------
INFO: [HLS 200-1030] Apply Unified Pipeline Control on module 'conv2x2_top_Pipeline_VITIS_LOOP_74_3' pipeline 'VITIS_LOOP_74_3' pipeline type 'loop pipeline'
INFO: [RTGEN 206-100] Finished creating RTL model for 'conv2x2_top_Pipeline_VITIS_LOOP_74_3'.
INFO: [HLS 200-111] Finished Creating RTL model: CPU user time: 0.23 seconds. CPU system time: 0.01 seconds. Elapsed time: 0.65 seconds; current allocated memory: 1.553 GB.
INFO: [HLS 200-10] ----------------------------------------------------------------
INFO: [HLS 200-10] -- Generating RTL for module 'conv2x2_top_Pipeline_VITIS_LOOP_79_2' 
INFO: [HLS 200-10] ----------------------------------------------------------------
INFO: [HLS 200-1030] Apply Unified Pipeline Control on module 'conv2x2_top_Pipeline_VITIS_LOOP_79_2' pipeline 'VITIS_LOOP_79_2' pipeline type 'loop pipeline'
INFO: [RTGEN 206-100] Finished creating RTL model for 'conv2x2_top_Pipeline_VITIS_LOOP_79_2'.
INFO: [HLS 200-111] Finished Creating RTL model: CPU user time: 0.07 seconds. CPU system time: 0.01 seconds. Elapsed time: 0.61 seconds; current allocated memory: 1.553 GB.
INFO: [HLS 200-10] ----------------------------------------------------------------
INFO: [HLS 200-10] -- Generating RTL for module 'conv2x2_top' 
INFO: [HLS 200-10] ----------------------------------------------------------------
INFO: [RTGEN 206-500] Setting interface mode on port 'conv2x2_top/in_0' to 'ap_none'.
INFO: [RTGEN 206-500] Setting interface mode on port 'conv2x2_top/in_1' to 'ap_none'.
INFO: [RTGEN 206-500] Setting interface mode on port 'conv2x2_top/in_2' to 'ap_none'.
INFO: [RTGEN 206-500] Setting interface mode on port 'conv2x2_top/in_3' to 'ap_none'.
INFO: [RTGEN 206-500] Setting interface mode on port 'conv2x2_top/out_0' to 'ap_vld'.
INFO: [RTGEN 206-500] Setting interface mode on port 'conv2x2_top/out_1' to 'ap_vld'.
INFO: [RTGEN 206-500] Setting interface mode on port 'conv2x2_top/out_2' to 'ap_vld'.
INFO: [RTGEN 206-500] Setting interface mode on port 'conv2x2_top/out_3' to 'ap_vld'.
INFO: [RTGEN 206-500] Setting interface mode on function 'conv2x2_top' to 'ap_ctrl_hs'.
WARNING: [RTGEN 206-101] Register 'st_init' is power-on initialization.
INFO: [RTGEN 206-100] Finished creating RTL model for 'conv2x2_top'.
INFO: [RTMG 210-278] Implementing memory 'conv2x2_top_inputBuf_RAM_2P_AUTO_1R1W' using auto RAMs.
INFO: [RTMG 210-285] Implementing FIFO 'convInp_U(conv2x2_top_fifo_w1_d256_S)' using Shift Registers.
INFO: [RTMG 210-285] Implementing FIFO 'in_stream_U(conv2x2_top_fifo_w1_d8_S)' using Shift Registers.
INFO: [RTMG 210-285] Implementing FIFO 'out_stream_U(conv2x2_top_fifo_w1_d8_S)' using Shift Registers.
INFO: [HLS 200-111] Finished Creating RTL model: CPU user time: 0.08 seconds. CPU system time: 0.01 seconds. Elapsed time: 1.52 seconds; current allocated memory: 1.555 GB.
INFO: [HLS 200-111] Finished Generating all RTL models: CPU user time: 0.28 seconds. CPU system time: 0.04 seconds. Elapsed time: 0.65 seconds; current allocated memory: 1.558 GB.
INFO: [HLS 200-111] Finished Updating report files: CPU user time: 0.3 seconds. CPU system time: 0.03 seconds. Elapsed time: 0.47 seconds; current allocated memory: 1.564 GB.
INFO: [VHDL 208-304] Generating VHDL RTL for conv2x2_top.
INFO: [VLOG 209-307] Generating Verilog RTL for conv2x2_top.
INFO: [HLS 200-790] **** Loop Constraint Status: All loop constraints were satisfied.
INFO: [HLS 200-789] **** Estimated Fmax: 415.48 MHz
INFO: [HLS 200-111] Finished Command csynth_design CPU user time: 7.97 seconds. CPU system time: 2.77 seconds. Elapsed time: 31.58 seconds; current allocated memory: 87.168 MB.
INFO: [HLS 200-1510] Running: cosim_design 
INFO: [COSIM 212-47] Using XSIM for RTL simulation.
INFO: [COSIM 212-14] Instrumenting C test bench ...
INFO: [COSIM 212-302] Starting C TB testing ... 
INFO: [COSIM 212-333] Generating C post check test bench ...
INFO: [COSIM 212-12] Generating RTL test bench ...
INFO: [COSIM 212-1] *** C/RTL co-simulation file generation completed. ***
INFO: [COSIM 212-323] Starting verilog simulation. 
INFO: [COSIM 212-15] Starting XSIM ...
INFO: [COSIM 212-316] Starting C post checking ...
ERROR: [COSIM 212-361] C TB post check failed, nonzero return value '1'.
ERROR: [COSIM 212-4] *** C/RTL co-simulation finished: FAIL ***
INFO: [COSIM 212-211] II is measurable only when transaction number is greater than 1 in RTL simulation. Otherwise, they will be marked as all NA. If user wants to calculate them, please make sure there are at least 2 transactions in RTL simulation.
INFO: [HLS 200-111] Finished Command cosim_design CPU user time: 13.42 seconds. CPU system time: 6.3 seconds. Elapsed time: 57.53 seconds; current allocated memory: 9.363 MB.
==============================================================
Vitis HLS - High-Level Synthesis from C, C++ and OpenCL v2023.1 (64-bit)
Tool Version Limit: 2023.05
Copyright 1986-2022 Xilinx, Inc. All Rights Reserved.
Copyright 2022-2023 Advanced Micro Devices, Inc. All Rights Reserved.

==============================================================
INFO: [SYN 201-201] Setting up clock 'default' with a period of 10ns.
INFO: [HLS 200-1611] Setting target device to 'xcvu9p-flga2577-2-e'
INFO: [HLS 200-1505] Using flow_target 'vivado'
INFO: [HLS 200-1510] Running: set_part xcvu9p-flga2577-2-e 
INFO: [HLS 200-1510] Running: create_clock -period 10 -name default 
INFO: [HLS 200-1510] Running: csim_design -clean -O 
INFO: [SIM 211-2] *************** CSIM start ***************
INFO: [SIM 211-4] CSIM will launch GCC as the compiler.
INFO: [HLS 200-2036] Building optimized C Simulation binaries
ERROR: [SIM 211-100] 'csim_design' failed: nonzero return value.
INFO: [SIM 211-3] *************** CSIM finish ***************
INFO: [HLS 200-111] Finished Command csim_design CPU user time: 1.97 seconds. CPU system time: 1.2 seconds. Elapsed time: 5.24 seconds; current allocated memory: 2.359 MB.
==============================================================
Vitis HLS - High-Level Synthesis from C, C++ and OpenCL v2023.1 (64-bit)
Tool Version Limit: 2023.05
Copyright 1986-2022 Xilinx, Inc. All Rights Reserved.
Copyright 2022-2023 Advanced Micro Devices, Inc. All Rights Reserved.

==============================================================
INFO: [SYN 201-201] Setting up clock 'default' with a period of 10ns.
INFO: [HLS 200-1611] Setting target device to 'xcvu9p-flga2577-2-e'
INFO: [HLS 200-1505] Using flow_target 'vivado'
INFO: [HLS 200-1510] Running: set_part xcvu9p-flga2577-2-e 
INFO: [HLS 200-1510] Running: create_clock -period 10 -name default 
INFO: [HLS 200-1510] Running: csim_design -clean -O 
INFO: [SIM 211-2] *************** CSIM start ***************
INFO: [SIM 211-4] CSIM will launch GCC as the compiler.
INFO: [HLS 200-2036] Building optimized C Simulation binaries
ERROR: [SIM 211-100] 'csim_design' failed: nonzero return value.
INFO: [SIM 211-3] *************** CSIM finish ***************
INFO: [HLS 200-111] Finished Command csim_design CPU user time: 1.97 seconds. CPU system time: 1.12 seconds. Elapsed time: 3.26 seconds; current allocated memory: 2.371 MB.
