INFO: [XSIM 43-3496] Using init file passed via -initfile option "/tools/Xilinx2/Vivado/2020.1/data/xsim/ip/xsim_ip.ini".
Vivado Simulator 2020.1
Copyright 1986-1999, 2001-2020 Xilinx, Inc. All Rights Reserved.
Running: /tools/Xilinx2/Vivado/2020.1/bin/unwrapped/lnx64.o/xelab xil_defaultlib.apatb_fc2_top_top glbl -prj fc2_top.prj -L smartconnect_v1_0 -L axi_protocol_checker_v1_1_12 -L axi_protocol_checker_v1_1_13 -L axis_protocol_checker_v1_1_11 -L axis_protocol_checker_v1_1_12 -L xil_defaultlib -L unisims_ver -L xpm --initfile /tools/Xilinx2/Vivado/2020.1/data/xsim/ip/xsim_ip.ini --lib ieee_proposed=./ieee_proposed -s fc2_top 
Multi-threading is on. Using 46 slave threads.
WARNING: [XSIM 43-3431] One or more environment variables have been detected which affect the operation of the C compiler. These are typically not set in standard installations and are not tested by Xilinx, however they may be appropriate for your system, so the flow will attempt to continue.  If errors occur, try running xelab with the "-mt off -v 1" switches to see more information from the C compiler. The following environment variables have been detected:
INFO: [VRFC 10-2263] Analyzing SystemVerilog file "/home/coder/Desktop/s2n2/convSNN/convSNN_hls/convSNN_fc2/new/sim/verilog/glbl.v" into library work
INFO: [VRFC 10-311] analyzing module glbl
INFO: [VRFC 10-2263] Analyzing SystemVerilog file "/home/coder/Desktop/s2n2/convSNN/convSNN_hls/convSNN_fc2/new/sim/verilog/fc2_top.autotb.v" into library xil_defaultlib
INFO: [VRFC 10-311] analyzing module apatb_fc2_top_top
INFO: [VRFC 10-2263] Analyzing SystemVerilog file "/home/coder/Desktop/s2n2/convSNN/convSNN_hls/convSNN_fc2/new/sim/verilog/AESL_autofifo_in_V_V.v" into library xil_defaultlib
INFO: [VRFC 10-311] analyzing module AESL_autofifo_in_V_V
INFO: [VRFC 10-2263] Analyzing SystemVerilog file "/home/coder/Desktop/s2n2/convSNN/convSNN_hls/convSNN_fc2/new/sim/verilog/AESL_autofifo_out_V_V.v" into library xil_defaultlib
INFO: [VRFC 10-311] analyzing module AESL_autofifo_out_V_V
INFO: [VRFC 10-2263] Analyzing SystemVerilog file "/home/coder/Desktop/s2n2/convSNN/convSNN_hls/convSNN_fc2/new/sim/verilog/Matrix_Vector_Activa.v" into library xil_defaultlib
INFO: [VRFC 10-311] analyzing module Matrix_Vector_Activa
INFO: [VRFC 10-2263] Analyzing SystemVerilog file "/home/coder/Desktop/s2n2/convSNN/convSNN_hls/convSNN_fc2/new/sim/verilog/fc2_top.v" into library xil_defaultlib
INFO: [VRFC 10-311] analyzing module fc2_top
Starting static elaboration
Pass Through NonSizing Optimizer
Completed static elaboration
Starting simulation data flow analysis
Completed simulation data flow analysis
Time Resolution for simulation is 1ps
Compiling module xil_defaultlib.Matrix_Vector_Activa
Compiling module xil_defaultlib.fc2_top
Compiling module xil_defaultlib.AESL_autofifo_in_V_V
Compiling module xil_defaultlib.AESL_autofifo_out_V_V
Compiling module xil_defaultlib.apatb_fc2_top_top
Compiling module work.glbl
Built simulation snapshot fc2_top
